<?xml version="1.0" encoding="UTF-8"?>
<!-- Generated by org.testng.reporters.JUnitXMLReporter -->
<testsuite hostname="Private-1074" ignored="26" name="Surefire test" tests="102" failures="35" timestamp="29 Jan 2019 10:18:35 GMT" time="1492.084" errors="0">
  <testcase name="linkFH" time="21.833" classname="uk.co.idealflatmate.tests.AreaPageTest"/>
  <testcase name="loginStartListing" time="45.222" classname="uk.co.idealflatmate.tests.AddListingTests">
    <failure type="com.codeborne.selenide.ex.ElementNotFound" message="Element not found {By.name: Property[area_link_id]}
Expected: visible">
      <![CDATA[Element not found {By.name: Property[area_link_id]}
Expected: visible
Screenshot: file:/C:/Users/lukhovytskyi/Documents/GitHub/idealflatmatetest/build/reports/tests/1548755758049.3.png
Page source: file:/C:/Users/lukhovytskyi/Documents/GitHub/idealflatmatetest/build/reports/tests/1548755758049.3.html
Timeout: 10 s.
Caused by: NoSuchElementException: no such element: Unable to locate element: {"method":"name","selector":"Property[area_link_id]"}
at com.codeborne.selenide.impl.WebElementSource.createElementNotFoundError(WebElementSource.java:31)
at com.codeborne.selenide.impl.ElementFinder.createElementNotFoundError(ElementFinder.java:82)
at com.codeborne.selenide.impl.WebElementSource.checkCondition(WebElementSource.java:59)
at com.codeborne.selenide.impl.WebElementSource.findAndAssertElementIsVisible(WebElementSource.java:72)
at com.codeborne.selenide.commands.Click.execute(Click.java:16)
at com.codeborne.selenide.commands.Click.execute(Click.java:12)
at com.codeborne.selenide.commands.Commands.execute(Commands.java:144)
at com.codeborne.selenide.impl.SelenideElementProxy.dispatchAndRetry(SelenideElementProxy.java:87)
at com.codeborne.selenide.impl.SelenideElementProxy.invoke(SelenideElementProxy.java:63)
at com.sun.proxy.$Proxy5.click(Unknown Source)
at uk.co.idealflatmate.appmanager.MessageHelper.click(MessageHelper.java:43)
at uk.co.idealflatmate.appmanager.AddPropertyHelper.chooseAreaforLondon(AddPropertyHelper.java:70)
at uk.co.idealflatmate.tests.AddListingTests.loginStartListing(AddListingTests.java:28)
at java.util.concurrent.ThreadPoolExecutor.runWorker(ThreadPoolExecutor.java:1149)
at java.util.concurrent.ThreadPoolExecutor$Worker.run(ThreadPoolExecutor.java:624)
at java.lang.Thread.run(Thread.java:748)
Caused by: org.openqa.selenium.NoSuchElementException: no such element: Unable to locate element: {"method":"name","selector":"Property[area_link_id]"}
  (Session info: chrome=71.0.3578.98)
  (Driver info: chromedriver=72.0.3626.69 (3c16f8a135abc0d4da2dff33804db79b849a7c38),platform=Windows NT 10.0.16299 x86_64) (WARNING: The server did not provide any stacktrace information)
Command duration or timeout: 0 milliseconds
For documentation on this error, please visit: https://www.seleniumhq.org/exceptions/no_such_element.html
Build info: version: '3.141.59', revision: 'e82be7d358', time: '2018-11-14T08:17:03'
System info: host: 'PRIVATE-1074', ip: '10.8.1.74', os.name: 'Windows 10', os.arch: 'amd64', os.version: '10.0', java.version: '1.8.0_152'
Driver info: org.openqa.selenium.chrome.ChromeDriver
Capabilities {acceptInsecureCerts: false, acceptSslCerts: false, applicationCacheEnabled: false, browserConnectionEnabled: false, browserName: chrome, chrome: {chromedriverVersion: 72.0.3626.69 (3c16f8a135abc..., userDataDir: C:\Users\LUKHOV~1\AppData\L...}, cssSelectorsEnabled: true, databaseEnabled: false, goog:chromeOptions: {debuggerAddress: localhost:55945}, handlesAlerts: true, hasTouchScreen: false, javascriptEnabled: true, locationContextEnabled: true, mobileEmulationEnabled: false, nativeEvents: true, networkConnectionEnabled: false, pageLoadStrategy: normal, platform: XP, platformName: XP, proxy: Proxy(), rotatable: false, setWindowRect: true, takesHeapSnapshot: true, takesScreenshot: true, timeouts: {implicit: 0, pageLoad: 300000, script: 30000}, unexpectedAlertBehaviour: ignore, unhandledPromptBehavior: ignore, version: 71.0.3578.98, webStorageEnabled: true}
Session ID: a6b65305f8ac375822fb5a05c98dd2e6
*** Element info: {Using=name, value=Property[area_link_id]}
at org.openqa.selenium.remote.ErrorHandler.createThrowable(ErrorHandler.java:214)
at org.openqa.selenium.remote.ErrorHandler.throwIfResponseFailed(ErrorHandler.java:166)
at org.openqa.selenium.remote.http.JsonHttpResponseCodec.reconstructValue(JsonHttpResponseCodec.java:40)
at org.openqa.selenium.remote.http.AbstractHttpResponseCodec.decode(AbstractHttpResponseCodec.java:80)
at org.openqa.selenium.remote.http.AbstractHttpResponseCodec.decode(AbstractHttpResponseCodec.java:44)
at org.openqa.selenium.remote.HttpCommandExecutor.execute(HttpCommandExecutor.java:158)
at org.openqa.selenium.remote.service.DriverCommandExecutor.execute(DriverCommandExecutor.java:83)
at org.openqa.selenium.remote.RemoteWebDriver.execute(RemoteWebDriver.java:552)
at org.openqa.selenium.remote.RemoteWebDriver.findElement(RemoteWebDriver.java:323)
at org.openqa.selenium.remote.RemoteWebDriver.findElementByName(RemoteWebDriver.java:404)
at org.openqa.selenium.By$ByName.findElement(By.java:284)
at org.openqa.selenium.remote.RemoteWebDriver.findElement(RemoteWebDriver.java:315)
at com.codeborne.selenide.impl.WebElementSelector.findElement(WebElementSelector.java:29)
at com.codeborne.selenide.impl.ElementFinder.getWebElement(ElementFinder.java:56)
at com.codeborne.selenide.impl.WebElementSource.checkCondition(WebElementSource.java:44)
... 23 more
... Removed 13 stack frames]]>
    </failure>
  </testcase> <!-- loginStartListing -->
  <testcase name="firstFeaturedHomePageHeader" time="33.183" classname="uk.co.idealflatmate.tests.AreaPageTest">
    <failure type="com.codeborne.selenide.ex.ElementNotFound" message="Element not found {By.xpath: //a[@href=&amp;apos;#rooms&amp;apos;]}
Expected: exist">
      <![CDATA[Element not found {By.xpath: //a[@href='#rooms']}
Expected: exist
Screenshot: file:/C:/Users/lukhovytskyi/Documents/GitHub/idealflatmatetest/build/reports/tests/1548755757925.2.png
Page source: file:/C:/Users/lukhovytskyi/Documents/GitHub/idealflatmatetest/build/reports/tests/1548755757925.2.html
Timeout: 10 s.
Caused by: WebDriverException: unknown error: Element <a href="#rooms" class="scrollink js-area-page">...</a> is not clickable at point (949, 34). Other element would receive the click: <div class="container-fluid">...</div>
at com.codeborne.selenide.impl.WebElementSource.createElementNotFoundError(WebElementSource.java:31)
at com.codeborne.selenide.impl.ElementFinder.createElementNotFoundError(ElementFinder.java:82)
at com.codeborne.selenide.impl.SelenideElementProxy.dispatchAndRetry(SelenideElementProxy.java:116)
at com.codeborne.selenide.impl.SelenideElementProxy.invoke(SelenideElementProxy.java:63)
at com.sun.proxy.$Proxy5.click(Unknown Source)
at uk.co.idealflatmate.appmanager.AreaPageHelper.clickHeaderItem(AreaPageHelper.java:31)
at uk.co.idealflatmate.tests.AreaPageTest.firstFeaturedHomePageHeader(AreaPageTest.java:19)
at java.util.concurrent.ThreadPoolExecutor.runWorker(ThreadPoolExecutor.java:1149)
at java.util.concurrent.ThreadPoolExecutor$Worker.run(ThreadPoolExecutor.java:624)
at java.lang.Thread.run(Thread.java:748)
Caused by: org.openqa.selenium.WebDriverException: unknown error: Element <a href="#rooms" class="scrollink js-area-page">...</a> is not clickable at point (949, 34). Other element would receive the click: <div class="container-fluid">...</div>
  (Session info: chrome=71.0.3578.98)
  (Driver info: chromedriver=72.0.3626.69 (3c16f8a135abc0d4da2dff33804db79b849a7c38),platform=Windows NT 10.0.16299 x86_64) (WARNING: The server did not provide any stacktrace information)
Command duration or timeout: 0 milliseconds
Build info: version: '3.141.59', revision: 'e82be7d358', time: '2018-11-14T08:17:03'
System info: host: 'PRIVATE-1074', ip: '10.8.1.74', os.name: 'Windows 10', os.arch: 'amd64', os.version: '10.0', java.version: '1.8.0_152'
Driver info: org.openqa.selenium.chrome.ChromeDriver
Capabilities {acceptInsecureCerts: false, acceptSslCerts: false, applicationCacheEnabled: false, browserConnectionEnabled: false, browserName: chrome, chrome: {chromedriverVersion: 72.0.3626.69 (3c16f8a135abc..., userDataDir: C:\Users\LUKHOV~1\AppData\L...}, cssSelectorsEnabled: true, databaseEnabled: false, goog:chromeOptions: {debuggerAddress: localhost:55946}, handlesAlerts: true, hasTouchScreen: false, javascriptEnabled: true, locationContextEnabled: true, mobileEmulationEnabled: false, nativeEvents: true, networkConnectionEnabled: false, pageLoadStrategy: normal, platform: XP, platformName: XP, proxy: Proxy(), rotatable: false, setWindowRect: true, takesHeapSnapshot: true, takesScreenshot: true, timeouts: {implicit: 0, pageLoad: 300000, script: 30000}, unexpectedAlertBehaviour: ignore, unhandledPromptBehavior: ignore, version: 71.0.3578.98, webStorageEnabled: true}
Session ID: af1065ad41f2514d6cbe2a545080a876
at org.openqa.selenium.remote.ErrorHandler.createThrowable(ErrorHandler.java:214)
at org.openqa.selenium.remote.ErrorHandler.throwIfResponseFailed(ErrorHandler.java:166)
at org.openqa.selenium.remote.http.JsonHttpResponseCodec.reconstructValue(JsonHttpResponseCodec.java:40)
at org.openqa.selenium.remote.http.AbstractHttpResponseCodec.decode(AbstractHttpResponseCodec.java:80)
at org.openqa.selenium.remote.http.AbstractHttpResponseCodec.decode(AbstractHttpResponseCodec.java:44)
at org.openqa.selenium.remote.HttpCommandExecutor.execute(HttpCommandExecutor.java:158)
at org.openqa.selenium.remote.service.DriverCommandExecutor.execute(DriverCommandExecutor.java:83)
at org.openqa.selenium.remote.RemoteWebDriver.execute(RemoteWebDriver.java:552)
at org.openqa.selenium.remote.RemoteWebElement.execute(RemoteWebElement.java:285)
at org.openqa.selenium.remote.RemoteWebElement.click(RemoteWebElement.java:84)
at com.codeborne.selenide.commands.Click.click(Click.java:29)
at com.codeborne.selenide.commands.Click.execute(Click.java:16)
at com.codeborne.selenide.commands.Click.execute(Click.java:12)
at com.codeborne.selenide.commands.Commands.execute(Commands.java:144)
at com.codeborne.selenide.impl.SelenideElementProxy.dispatchAndRetry(SelenideElementProxy.java:87)
... 17 more
... Removed 13 stack frames]]>
    </failure>
  </testcase> <!-- firstFeaturedHomePageHeader -->
  <testcase name="firstFeaturedLinkArea" time="36.74" classname="uk.co.idealflatmate.tests.AreaPageTest">
    <failure type="com.codeborne.selenide.ex.ListSizeMismatch" message=": expected: = 6, actual: 0, collection: By.xpath: //div[@class=&amp;apos;u_p15-top u_p15-bottom u_p0-left-xs u_p0-right-xs quick-flex-line&amp;apos;]/a
Elements: []">
      <![CDATA[ListSizeMismatch : expected: = 6, actual: 0, collection: By.xpath: //div[@class='u_p15-top u_p15-bottom u_p0-left-xs u_p0-right-xs quick-flex-line']/a
Elements: []
Screenshot: file:/C:/Users/lukhovytskyi/Documents/GitHub/idealflatmatetest/build/reports/tests/1548755768990.5.png
Page source: file:/C:/Users/lukhovytskyi/Documents/GitHub/idealflatmatetest/build/reports/tests/1548755768990.5.html
Timeout: 6 s.
at com.codeborne.selenide.collections.ListSize.fail(ListSize.java:24)
at com.codeborne.selenide.ElementsCollection.waitUntil(ElementsCollection.java:98)
at com.codeborne.selenide.ElementsCollection.should(ElementsCollection.java:57)
at com.codeborne.selenide.ElementsCollection.shouldHave(ElementsCollection.java:48)
at com.codeborne.selenide.ElementsCollection.shouldHaveSize(ElementsCollection.java:33)
at uk.co.idealflatmate.appmanager.AreaPageHelper.checklinkNearbyAreas(AreaPageHelper.java:63)
at uk.co.idealflatmate.tests.AreaPageTest.firstFeaturedLinkArea(AreaPageTest.java:29)
at java.util.concurrent.ThreadPoolExecutor.runWorker(ThreadPoolExecutor.java:1149)
at java.util.concurrent.ThreadPoolExecutor$Worker.run(ThreadPoolExecutor.java:624)
at java.lang.Thread.run(Thread.java:748)
... Removed 10 stack frames]]>
    </failure>
  </testcase> <!-- firstFeaturedLinkArea -->
  <testcase name="firstFeaturedLinkMap" time="44.546" classname="uk.co.idealflatmate.tests.AreaPageTest"/>
  <testcase name="exploreMoreArea" time="117.1" classname="uk.co.idealflatmate.tests.AreaPageTest">
    <failure type="com.codeborne.selenide.ex.ElementShould" message="Element should have value &amp;apos;Liverpool&amp;apos; {By.xpath: //div[@class=&amp;apos;search-panel hidden-xs&amp;apos;]//input}
Element: &amp;apos;&amp;lt;input aria-autocomplete=&amp;quot;list&amp;quot; aria-controls=&amp;quot;react-autowhatever-1&amp;quot; autocomplete=&amp;quot;off&amp;quot; class=&amp;quot;react-autosuggest__input&amp;quot; placeholder=&amp;quot;Search city, area, postcode&amp;quot; type=&amp;quot;text&amp;quot;&amp;gt;&amp;lt;/input&amp;gt;&amp;apos;">
      <![CDATA[Element should have value 'Liverpool' {By.xpath: //div[@class='search-panel hidden-xs']//input}
Element: '<input aria-autocomplete="list" aria-controls="react-autowhatever-1" autocomplete="off" class="react-autosuggest__input" placeholder="Search city, area, postcode" type="text"></input>'
Screenshot: file:/C:/Users/lukhovytskyi/Documents/GitHub/idealflatmatetest/build/reports/tests/1548755856402.7.png
Page source: file:/C:/Users/lukhovytskyi/Documents/GitHub/idealflatmatetest/build/reports/tests/1548755856402.7.html
Timeout: 10 s.
at com.codeborne.selenide.impl.WebElementSource.checkCondition(WebElementSource.java:66)
at com.codeborne.selenide.commands.Should.should(Should.java:35)
at com.codeborne.selenide.commands.Should.execute(Should.java:29)
at com.codeborne.selenide.commands.Should.execute(Should.java:12)
at com.codeborne.selenide.commands.Commands.execute(Commands.java:144)
at com.codeborne.selenide.impl.SelenideElementProxy.dispatchAndRetry(SelenideElementProxy.java:87)
at com.codeborne.selenide.impl.SelenideElementProxy.invoke(SelenideElementProxy.java:63)
at com.sun.proxy.$Proxy5.shouldHave(Unknown Source)
at uk.co.idealflatmate.appmanager.AreaPageHelper.checkAllAreas(AreaPageHelper.java:195)
at uk.co.idealflatmate.tests.AreaPageTest.exploreMoreArea(AreaPageTest.java:73)
at java.util.concurrent.ThreadPoolExecutor.runWorker(ThreadPoolExecutor.java:1149)
at java.util.concurrent.ThreadPoolExecutor$Worker.run(ThreadPoolExecutor.java:624)
at java.lang.Thread.run(Thread.java:748)
... Removed 10 stack frames]]>
    </failure>
  </testcase> <!-- exploreMoreArea -->
  <testcase name="titleListing" time="157.108" classname="uk.co.idealflatmate.tests.AddListingTests"/>
  <testcase name="seeMoreRooms" time="30.572" classname="uk.co.idealflatmate.tests.AreaPageTest">
    <failure type="java.lang.StringIndexOutOfBoundsException" message="String index out of range: 37">
      <![CDATA[java.lang.StringIndexOutOfBoundsException: String index out of range: 37
at java.lang.String.substring(String.java:1963)
at uk.co.idealflatmate.appmanager.AreaPageHelper.checkLinkSeeMoreRooms(AreaPageHelper.java:83)
at uk.co.idealflatmate.tests.AreaPageTest.seeMoreRooms(AreaPageTest.java:50)
at java.util.concurrent.ThreadPoolExecutor.runWorker(ThreadPoolExecutor.java:1149)
at java.util.concurrent.ThreadPoolExecutor$Worker.run(ThreadPoolExecutor.java:624)
at java.lang.Thread.run(Thread.java:748)
... Removed 10 stack frames]]>
    </failure>
  </testcase> <!-- seeMoreRooms -->
  <testcase name="classicLogInOut" time="58.993" classname="uk.co.idealflatmate.tests.AuthorizationTests"/>
  <testcase name="signUpPropertyAdding" time="138.164" classname="uk.co.idealflatmate.tests.AddListingTests"/>
  <testcase name="loginPendingListing" time="168.154" classname="uk.co.idealflatmate.tests.AddListingTests"/>
  <testcase name="emailWrongHomePage" time="17.326" classname="uk.co.idealflatmate.tests.AuthorizationTests"/>
  <testcase name="ablogInViaFacebook" time="129.187" classname="uk.co.idealflatmate.tests.AuthorizationTests"/>
  <testcase name="propertyAddWithAllFields" time="207.064" classname="uk.co.idealflatmate.tests.AddListingTests">
    <failure type="com.codeborne.selenide.ex.ElementNotFound" message="Element not found {By.xpath: //div[@class=&amp;apos;panel-heading&amp;apos;]}
Expected: visible">
      <![CDATA[Element not found {By.xpath: //div[@class='panel-heading']}
Expected: visible
Screenshot: file:/C:/Users/lukhovytskyi/Documents/GitHub/idealflatmatetest/build/reports/tests/1548755989995.9.png
Page source: file:/C:/Users/lukhovytskyi/Documents/GitHub/idealflatmatetest/build/reports/tests/1548755989995.9.html
Timeout: 4 s.
Caused by: NoSuchElementException: no such element: Unable to locate element: {"method":"xpath","selector":"//div[@class='panel-heading']"}
at com.codeborne.selenide.impl.WebElementSource.createElementNotFoundError(WebElementSource.java:31)
at com.codeborne.selenide.impl.ElementFinder.createElementNotFoundError(ElementFinder.java:82)
at com.codeborne.selenide.impl.WebElementSource.checkCondition(WebElementSource.java:59)
at com.codeborne.selenide.commands.Should.should(Should.java:35)
at com.codeborne.selenide.commands.Should.execute(Should.java:29)
at com.codeborne.selenide.commands.Should.execute(Should.java:12)
at com.codeborne.selenide.commands.Commands.execute(Commands.java:144)
at com.codeborne.selenide.impl.SelenideElementProxy.dispatchAndRetry(SelenideElementProxy.java:87)
at com.codeborne.selenide.impl.SelenideElementProxy.invoke(SelenideElementProxy.java:63)
at com.sun.proxy.$Proxy5.waitUntil(Unknown Source)
at uk.co.idealflatmate.appmanager.VerificationHelper.verifyAddedPropertyWithAllFields(VerificationHelper.java:65)
at uk.co.idealflatmate.tests.AddListingTests.propertyAddWithAllFields(AddListingTests.java:165)
at java.util.concurrent.ThreadPoolExecutor.runWorker(ThreadPoolExecutor.java:1149)
at java.util.concurrent.ThreadPoolExecutor$Worker.run(ThreadPoolExecutor.java:624)
at java.lang.Thread.run(Thread.java:748)
Caused by: org.openqa.selenium.NoSuchElementException: no such element: Unable to locate element: {"method":"xpath","selector":"//div[@class='panel-heading']"}
  (Session info: chrome=71.0.3578.98)
  (Driver info: chromedriver=72.0.3626.69 (3c16f8a135abc0d4da2dff33804db79b849a7c38),platform=Windows NT 10.0.16299 x86_64) (WARNING: The server did not provide any stacktrace information)
Command duration or timeout: 0 milliseconds
For documentation on this error, please visit: https://www.seleniumhq.org/exceptions/no_such_element.html
Build info: version: '3.141.59', revision: 'e82be7d358', time: '2018-11-14T08:17:03'
System info: host: 'PRIVATE-1074', ip: '10.8.1.74', os.name: 'Windows 10', os.arch: 'amd64', os.version: '10.0', java.version: '1.8.0_152'
Driver info: org.openqa.selenium.chrome.ChromeDriver
Capabilities {acceptInsecureCerts: false, acceptSslCerts: false, applicationCacheEnabled: false, browserConnectionEnabled: false, browserName: chrome, chrome: {chromedriverVersion: 72.0.3626.69 (3c16f8a135abc..., userDataDir: C:\Users\LUKHOV~1\AppData\L...}, cssSelectorsEnabled: true, databaseEnabled: false, goog:chromeOptions: {debuggerAddress: localhost:56035}, handlesAlerts: true, hasTouchScreen: false, javascriptEnabled: true, locationContextEnabled: true, mobileEmulationEnabled: false, nativeEvents: true, networkConnectionEnabled: false, pageLoadStrategy: normal, platform: XP, platformName: XP, proxy: Proxy(), rotatable: false, setWindowRect: true, takesHeapSnapshot: true, takesScreenshot: true, timeouts: {implicit: 0, pageLoad: 300000, script: 30000}, unexpectedAlertBehaviour: ignore, unhandledPromptBehavior: ignore, version: 71.0.3578.98, webStorageEnabled: true}
Session ID: 5df238d3d4cccb56da58de52ccc670e5
*** Element info: {Using=xpath, value=//div[@class='panel-heading']}
at org.openqa.selenium.remote.ErrorHandler.createThrowable(ErrorHandler.java:214)
at org.openqa.selenium.remote.ErrorHandler.throwIfResponseFailed(ErrorHandler.java:166)
at org.openqa.selenium.remote.http.JsonHttpResponseCodec.reconstructValue(JsonHttpResponseCodec.java:40)
at org.openqa.selenium.remote.http.AbstractHttpResponseCodec.decode(AbstractHttpResponseCodec.java:80)
at org.openqa.selenium.remote.http.AbstractHttpResponseCodec.decode(AbstractHttpResponseCodec.java:44)
at org.openqa.selenium.remote.HttpCommandExecutor.execute(HttpCommandExecutor.java:158)
at org.openqa.selenium.remote.service.DriverCommandExecutor.execute(DriverCommandExecutor.java:83)
at org.openqa.selenium.remote.RemoteWebDriver.execute(RemoteWebDriver.java:552)
at org.openqa.selenium.remote.RemoteWebDriver.findElement(RemoteWebDriver.java:323)
at org.openqa.selenium.remote.RemoteWebDriver.findElementByXPath(RemoteWebDriver.java:428)
at org.openqa.selenium.By$ByXPath.findElement(By.java:353)
at org.openqa.selenium.remote.RemoteWebDriver.findElement(RemoteWebDriver.java:315)
at com.codeborne.selenide.impl.WebElementSelector.findElement(WebElementSelector.java:29)
at com.codeborne.selenide.impl.ElementFinder.getWebElement(ElementFinder.java:56)
at com.codeborne.selenide.impl.WebElementSource.checkCondition(WebElementSource.java:44)
... 22 more
... Removed 13 stack frames]]>
    </failure>
  </testcase> <!-- propertyAddWithAllFields -->
  <testcase name="invalidLoginWithEmptyFields" time="28.568" classname="uk.co.idealflatmate.tests.AuthorizationTests"/>
  <testcase name="logInContactFM" time="40.241" classname="uk.co.idealflatmate.tests.AuthorizationTests"/>
  <testcase name="logInMessageFM" time="46.781" classname="uk.co.idealflatmate.tests.AuthorizationTests"/>
  <testcase name="logInContactProperty" time="29.433" classname="uk.co.idealflatmate.tests.AuthorizationTests"/>
  <testcase name="logInOutOnPropertyPage" time="23.078" classname="uk.co.idealflatmate.tests.AuthorizationTests"/>
  <testcase name="alogInWithMatchingFB" time="205.456" classname="uk.co.idealflatmate.tests.AuthorizationTests"/>
  <testcase name="logInOutOnFMPage" time="30.016" classname="uk.co.idealflatmate.tests.AuthorizationTests"/>
  <testcase name="logInMessageProperty" time="22.979" classname="uk.co.idealflatmate.tests.AuthorizationTests"/>
  <testcase name="logInPhoneReveal" time="27.198" classname="uk.co.idealflatmate.tests.AuthorizationTests"/>
  <testcase name="footerAboutUsLink" time="15.375" classname="uk.co.idealflatmate.tests.FooterTest"/>
  <testcase name="footerAskLandlord" time="19.348" classname="uk.co.idealflatmate.tests.FooterTest"/>
  <testcase name="footerBlogLink" time="41.32" classname="uk.co.idealflatmate.tests.FooterTest">
    <failure type="com.codeborne.selenide.ex.UIAssertionError" message="TimeoutException: Expected condition failed: waiting for window to be available by index: 1 (tried for 10 second(s) with 100 milliseconds interval)
Build info: version: &amp;apos;3.141.59&amp;apos;, revision: &amp;apos;e82be7d358&amp;apos;, time: &amp;apos;2018-11-14T08:17:03&amp;apos;
System info: host: &amp;apos;PRIVATE-1074&amp;apos;, ip: &amp;apos;10.8.1.74&amp;apos;, os.name: &amp;apos;Windows 10&amp;apos;, os.arch: &amp;apos;amd64&amp;apos;, os.version: &amp;apos;10.0&amp;apos;, java.version: &amp;apos;1.8.0_152&amp;apos;
Driver info: driver.version: unknown">
      <![CDATA[UIAssertionError TimeoutException: Expected condition failed: waiting for window to be available by index: 1 (tried for 10 second(s) with 100 milliseconds interval)
Build info: version: '3.141.59', revision: 'e82be7d358', time: '2018-11-14T08:17:03'
System info: host: 'PRIVATE-1074', ip: '10.8.1.74', os.name: 'Windows 10', os.arch: 'amd64', os.version: '10.0', java.version: '1.8.0_152'
Driver info: driver.version: unknown
Screenshot: file:/C:/Users/lukhovytskyi/Documents/GitHub/idealflatmatetest/build/reports/tests/1548756129467.10.png
Page source: file:/C:/Users/lukhovytskyi/Documents/GitHub/idealflatmatetest/build/reports/tests/1548756129467.10.html
Timeout: 10 s.
Caused by: TimeoutException: Expected condition failed: waiting for window to be available by index: 1 (tried for 10 second(s) with 100 milliseconds interval)
at com.codeborne.selenide.ex.UIAssertionError.wrapThrowable(UIAssertionError.java:63)
at com.codeborne.selenide.SelenideTargetLocator.window(SelenideTargetLocator.java:151)
at uk.co.idealflatmate.appmanager.VerificationHelper.FMBlogPage(VerificationHelper.java:729)
at uk.co.idealflatmate.tests.FooterTest.footerBlogLink(FooterTest.java:80)
at java.util.concurrent.ThreadPoolExecutor.runWorker(ThreadPoolExecutor.java:1149)
at java.util.concurrent.ThreadPoolExecutor$Worker.run(ThreadPoolExecutor.java:624)
at java.lang.Thread.run(Thread.java:748)
Caused by: org.openqa.selenium.TimeoutException: Expected condition failed: waiting for window to be available by index: 1 (tried for 10 second(s) with 100 milliseconds interval)
Build info: version: '3.141.59', revision: 'e82be7d358', time: '2018-11-14T08:17:03'
System info: host: 'PRIVATE-1074', ip: '10.8.1.74', os.name: 'Windows 10', os.arch: 'amd64', os.version: '10.0', java.version: '1.8.0_152'
Driver info: driver.version: unknown
at org.openqa.selenium.support.ui.FluentWait.timeoutException(FluentWait.java:304)
at org.openqa.selenium.support.ui.FluentWait.until(FluentWait.java:272)
at com.codeborne.selenide.SelenideTargetLocator.window(SelenideTargetLocator.java:148)
... 15 more
... Removed 10 stack frames]]>
    </failure>
  </testcase> <!-- footerBlogLink -->
  <testcase name="footerMediaLink" time="15.641" classname="uk.co.idealflatmate.tests.FooterTest"/>
  <testcase name="footerHomeLink" time="14.217" classname="uk.co.idealflatmate.tests.FooterTest"/>
  <testcase name="loginPassWronglogInHomePage" time="55.985" classname="uk.co.idealflatmate.tests.AuthorizationTests"/>
  <testcase name="footerContactLink" time="14.547" classname="uk.co.idealflatmate.tests.FooterTest"/>
  <testcase name="footerBrowseHowItWorksLink" time="23.442" classname="uk.co.idealflatmate.tests.FooterTest"/>
  <testcase name="footerModern" time="7.515" classname="uk.co.idealflatmate.tests.FooterTest"/>
  <testcase name="footerBrowseFlatsharesLink" time="50.336" classname="uk.co.idealflatmate.tests.FooterTest">
    <failure type="com.codeborne.selenide.ex.ElementShould" message="Element should have text &amp;apos;0 room matched to rent in and around Brent Park&amp;apos; {By.xpath: //h1[@class=&amp;apos;h4&amp;apos;]}
Element: &amp;apos;&amp;lt;h1 class=&amp;quot;h4&amp;quot;&amp;gt;844 rooms matched to rent&amp;lt;/h1&amp;gt;&amp;apos;">
      <![CDATA[Element should have text '0 room matched to rent in and around Brent Park' {By.xpath: //h1[@class='h4']}
Element: '<h1 class="h4">844 rooms matched to rent</h1>'
Screenshot: file:/C:/Users/lukhovytskyi/Documents/GitHub/idealflatmatetest/build/reports/tests/1548756167073.12.png
Page source: file:/C:/Users/lukhovytskyi/Documents/GitHub/idealflatmatetest/build/reports/tests/1548756167073.12.html
Timeout: 10 s.
at com.codeborne.selenide.impl.WebElementSource.checkCondition(WebElementSource.java:66)
at com.codeborne.selenide.commands.Should.should(Should.java:35)
at com.codeborne.selenide.commands.Should.execute(Should.java:29)
at com.codeborne.selenide.commands.Should.execute(Should.java:12)
at com.codeborne.selenide.commands.Commands.execute(Commands.java:144)
at com.codeborne.selenide.impl.SelenideElementProxy.dispatchAndRetry(SelenideElementProxy.java:87)
at com.codeborne.selenide.impl.SelenideElementProxy.invoke(SelenideElementProxy.java:63)
at com.sun.proxy.$Proxy5.shouldHave(Unknown Source)
at uk.co.idealflatmate.appmanager.FooterHelper.verificationBrowseFlatshares(FooterHelper.java:27)
at uk.co.idealflatmate.tests.FooterTest.footerBrowseFlatsharesLink(FooterTest.java:90)
at java.util.concurrent.ThreadPoolExecutor.runWorker(ThreadPoolExecutor.java:1149)
at java.util.concurrent.ThreadPoolExecutor$Worker.run(ThreadPoolExecutor.java:624)
at java.lang.Thread.run(Thread.java:748)
... Removed 10 stack frames]]>
    </failure>
  </testcase> <!-- footerBrowseFlatsharesLink -->
  <testcase name="footerInstagramLink" time="9.019" classname="uk.co.idealflatmate.tests.FooterTest"/>
  <testcase name="footerTwitterLink" time="10.862" classname="uk.co.idealflatmate.tests.FooterTest"/>
  <testcase name="footerPricingLink" time="18.441" classname="uk.co.idealflatmate.tests.FooterTest"/>
  <testcase name="footerBrowseTipsLink" time="23.612" classname="uk.co.idealflatmate.tests.FooterTest">
    <failure type="com.codeborne.selenide.ex.ElementNotFound" message="Element not found {By.xpath: //title[contains(text(), &amp;apos;Tips&amp;apos;)]}
Expected: exist">
      <![CDATA[Element not found {By.xpath: //title[contains(text(), 'Tips')]}
Expected: exist
Screenshot: file:/C:/Users/lukhovytskyi/Documents/GitHub/idealflatmatetest/build/reports/tests/1548756209466.14.png
Page source: file:/C:/Users/lukhovytskyi/Documents/GitHub/idealflatmatetest/build/reports/tests/1548756209466.14.html
Timeout: 10 s.
Caused by: NoSuchElementException: no such element: Unable to locate element: {"method":"xpath","selector":"//title[contains(text(), 'Tips')]"}
at com.codeborne.selenide.impl.WebElementSource.createElementNotFoundError(WebElementSource.java:31)
at com.codeborne.selenide.impl.ElementFinder.createElementNotFoundError(ElementFinder.java:82)
at com.codeborne.selenide.impl.WebElementSource.checkCondition(WebElementSource.java:59)
at com.codeborne.selenide.commands.Should.should(Should.java:35)
at com.codeborne.selenide.commands.Should.execute(Should.java:29)
at com.codeborne.selenide.commands.Should.execute(Should.java:12)
at com.codeborne.selenide.commands.Commands.execute(Commands.java:144)
at com.codeborne.selenide.impl.SelenideElementProxy.dispatchAndRetry(SelenideElementProxy.java:87)
at com.codeborne.selenide.impl.SelenideElementProxy.invoke(SelenideElementProxy.java:63)
at com.sun.proxy.$Proxy5.waitUntil(Unknown Source)
at uk.co.idealflatmate.appmanager.FooterHelper.verificationFooter(FooterHelper.java:127)
at uk.co.idealflatmate.tests.FooterTest.footerBrowseTipsLink(FooterTest.java:123)
at java.util.concurrent.ThreadPoolExecutor.runWorker(ThreadPoolExecutor.java:1149)
at java.util.concurrent.ThreadPoolExecutor$Worker.run(ThreadPoolExecutor.java:624)
at java.lang.Thread.run(Thread.java:748)
Caused by: org.openqa.selenium.NoSuchElementException: no such element: Unable to locate element: {"method":"xpath","selector":"//title[contains(text(), 'Tips')]"}
  (Session info: chrome=71.0.3578.98)
  (Driver info: chromedriver=72.0.3626.69 (3c16f8a135abc0d4da2dff33804db79b849a7c38),platform=Windows NT 10.0.16299 x86_64) (WARNING: The server did not provide any stacktrace information)
Command duration or timeout: 0 milliseconds
For documentation on this error, please visit: https://www.seleniumhq.org/exceptions/no_such_element.html
Build info: version: '3.141.59', revision: 'e82be7d358', time: '2018-11-14T08:17:03'
System info: host: 'PRIVATE-1074', ip: '10.8.1.74', os.name: 'Windows 10', os.arch: 'amd64', os.version: '10.0', java.version: '1.8.0_152'
Driver info: org.openqa.selenium.chrome.ChromeDriver
Capabilities {acceptInsecureCerts: false, acceptSslCerts: false, applicationCacheEnabled: false, browserConnectionEnabled: false, browserName: chrome, chrome: {chromedriverVersion: 72.0.3626.69 (3c16f8a135abc..., userDataDir: C:\Users\LUKHOV~1\AppData\L...}, cssSelectorsEnabled: true, databaseEnabled: false, goog:chromeOptions: {debuggerAddress: localhost:61460}, handlesAlerts: true, hasTouchScreen: false, javascriptEnabled: true, locationContextEnabled: true, mobileEmulationEnabled: false, nativeEvents: true, networkConnectionEnabled: false, pageLoadStrategy: normal, platform: XP, platformName: XP, proxy: Proxy(), rotatable: false, setWindowRect: true, takesHeapSnapshot: true, takesScreenshot: true, timeouts: {implicit: 0, pageLoad: 300000, script: 30000}, unexpectedAlertBehaviour: ignore, unhandledPromptBehavior: ignore, version: 71.0.3578.98, webStorageEnabled: true}
Session ID: 8364420752ccddf489e73235cc3c65bc
*** Element info: {Using=xpath, value=//title[contains(text(), 'Tips')]}
at org.openqa.selenium.remote.ErrorHandler.createThrowable(ErrorHandler.java:214)
at org.openqa.selenium.remote.ErrorHandler.throwIfResponseFailed(ErrorHandler.java:166)
at org.openqa.selenium.remote.http.JsonHttpResponseCodec.reconstructValue(JsonHttpResponseCodec.java:40)
at org.openqa.selenium.remote.http.AbstractHttpResponseCodec.decode(AbstractHttpResponseCodec.java:80)
at org.openqa.selenium.remote.http.AbstractHttpResponseCodec.decode(AbstractHttpResponseCodec.java:44)
at org.openqa.selenium.remote.HttpCommandExecutor.execute(HttpCommandExecutor.java:158)
at org.openqa.selenium.remote.service.DriverCommandExecutor.execute(DriverCommandExecutor.java:83)
at org.openqa.selenium.remote.RemoteWebDriver.execute(RemoteWebDriver.java:552)
at org.openqa.selenium.remote.RemoteWebDriver.findElement(RemoteWebDriver.java:323)
at org.openqa.selenium.remote.RemoteWebDriver.findElementByXPath(RemoteWebDriver.java:428)
at org.openqa.selenium.By$ByXPath.findElement(By.java:353)
at org.openqa.selenium.remote.RemoteWebDriver.findElement(RemoteWebDriver.java:315)
at com.codeborne.selenide.impl.WebElementSelector.findElement(WebElementSelector.java:29)
at com.codeborne.selenide.impl.ElementFinder.getWebElement(ElementFinder.java:56)
at com.codeborne.selenide.impl.WebElementSource.checkCondition(WebElementSource.java:44)
... 22 more
... Removed 13 stack frames]]>
    </failure>
  </testcase> <!-- footerBrowseTipsLink -->
  <testcase name="footerStaySafeLink" time="10.727" classname="uk.co.idealflatmate.tests.FooterTest"/>
  <testcase name="findStartListing" time="6.517" classname="uk.co.idealflatmate.tests.HomePageTest"/>
  <testcase name="footerYoutubeLink" time="65.636" classname="uk.co.idealflatmate.tests.FooterTest"/>
  <testcase name="blogLandlord" time="8.294" classname="uk.co.idealflatmate.tests.HomePageTest"/>
  <testcase name="footerNLALink" time="18.319" classname="uk.co.idealflatmate.tests.FooterTest"/>
  <testcase name="footerPressLink" time="13.264" classname="uk.co.idealflatmate.tests.FooterTest"/>
  <testcase name="blogFM" time="6.035" classname="uk.co.idealflatmate.tests.HomePageTest"/>
  <testcase name="amountOfBlocsAndTextOfAreas" time="2.316" classname="uk.co.idealflatmate.tests.HomePageTest"/>
  <testcase name="findStartMatchingLink" time="6.216" classname="uk.co.idealflatmate.tests.HomePageTest"/>
  <testcase name="findOutMore" time="38.596" classname="uk.co.idealflatmate.tests.HomePageTest"/>
  <testcase name="fullMenuNewUserWithVerifPerc" time="41.265" classname="uk.co.idealflatmate.tests.MatchingTests">
    <failure type="com.codeborne.selenide.ex.ElementNotFound" message="Element not found {By.xpath: //input[@id=&amp;apos;moreinfosignupform-file&amp;apos;]}
Expected: exist">
      <![CDATA[Element not found {By.xpath: //input[@id='moreinfosignupform-file']}
Expected: exist
Screenshot: file:/C:/Users/lukhovytskyi/Documents/GitHub/idealflatmatetest/build/reports/tests/1548756320324.16.png
Page source: file:/C:/Users/lukhovytskyi/Documents/GitHub/idealflatmatetest/build/reports/tests/1548756320324.16.html
Timeout: 10 s.
Caused by: NoSuchElementException: no such element: Unable to locate element: {"method":"xpath","selector":"//input[@id='moreinfosignupform-file']"}
at com.codeborne.selenide.impl.WebElementSource.createElementNotFoundError(WebElementSource.java:31)
at com.codeborne.selenide.impl.ElementFinder.createElementNotFoundError(ElementFinder.java:82)
at com.codeborne.selenide.impl.SelenideElementProxy.dispatchAndRetry(SelenideElementProxy.java:116)
at com.codeborne.selenide.impl.SelenideElementProxy.invoke(SelenideElementProxy.java:63)
at com.sun.proxy.$Proxy5.uploadFile(Unknown Source)
at uk.co.idealflatmate.appmanager.SignUpHelper.profilePhotoAddJpeg(SignUpHelper.java:107)
at uk.co.idealflatmate.tests.MatchingTests.fullMenuNewUserWithVerifPerc(MatchingTests.java:26)
at java.util.concurrent.ThreadPoolExecutor.runWorker(ThreadPoolExecutor.java:1149)
at java.util.concurrent.ThreadPoolExecutor$Worker.run(ThreadPoolExecutor.java:624)
at java.lang.Thread.run(Thread.java:748)
Caused by: org.openqa.selenium.NoSuchElementException: no such element: Unable to locate element: {"method":"xpath","selector":"//input[@id='moreinfosignupform-file']"}
  (Session info: chrome=71.0.3578.98)
  (Driver info: chromedriver=72.0.3626.69 (3c16f8a135abc0d4da2dff33804db79b849a7c38),platform=Windows NT 10.0.16299 x86_64) (WARNING: The server did not provide any stacktrace information)
Command duration or timeout: 0 milliseconds
For documentation on this error, please visit: https://www.seleniumhq.org/exceptions/no_such_element.html
Build info: version: '3.141.59', revision: 'e82be7d358', time: '2018-11-14T08:17:03'
System info: host: 'PRIVATE-1074', ip: '10.8.1.74', os.name: 'Windows 10', os.arch: 'amd64', os.version: '10.0', java.version: '1.8.0_152'
Driver info: org.openqa.selenium.chrome.ChromeDriver
Capabilities {acceptInsecureCerts: false, acceptSslCerts: false, applicationCacheEnabled: false, browserConnectionEnabled: false, browserName: chrome, chrome: {chromedriverVersion: 72.0.3626.69 (3c16f8a135abc..., userDataDir: C:\Users\LUKHOV~1\AppData\L...}, cssSelectorsEnabled: true, databaseEnabled: false, goog:chromeOptions: {debuggerAddress: localhost:56042}, handlesAlerts: true, hasTouchScreen: false, javascriptEnabled: true, locationContextEnabled: true, mobileEmulationEnabled: false, nativeEvents: true, networkConnectionEnabled: false, pageLoadStrategy: normal, platform: XP, platformName: XP, proxy: Proxy(), rotatable: false, setWindowRect: true, takesHeapSnapshot: true, takesScreenshot: true, timeouts: {implicit: 0, pageLoad: 300000, script: 30000}, unexpectedAlertBehaviour: ignore, unhandledPromptBehavior: ignore, version: 71.0.3578.98, webStorageEnabled: true}
Session ID: 092f7f5c25730538c4bf2161abeec72c
*** Element info: {Using=xpath, value=//input[@id='moreinfosignupform-file']}
at org.openqa.selenium.remote.ErrorHandler.createThrowable(ErrorHandler.java:214)
at org.openqa.selenium.remote.ErrorHandler.throwIfResponseFailed(ErrorHandler.java:166)
at org.openqa.selenium.remote.http.JsonHttpResponseCodec.reconstructValue(JsonHttpResponseCodec.java:40)
at org.openqa.selenium.remote.http.AbstractHttpResponseCodec.decode(AbstractHttpResponseCodec.java:80)
at org.openqa.selenium.remote.http.AbstractHttpResponseCodec.decode(AbstractHttpResponseCodec.java:44)
at org.openqa.selenium.remote.HttpCommandExecutor.execute(HttpCommandExecutor.java:158)
at org.openqa.selenium.remote.service.DriverCommandExecutor.execute(DriverCommandExecutor.java:83)
at org.openqa.selenium.remote.RemoteWebDriver.execute(RemoteWebDriver.java:552)
at org.openqa.selenium.remote.RemoteWebDriver.findElement(RemoteWebDriver.java:323)
at org.openqa.selenium.remote.RemoteWebDriver.findElementByXPath(RemoteWebDriver.java:428)
at org.openqa.selenium.By$ByXPath.findElement(By.java:353)
at org.openqa.selenium.remote.RemoteWebDriver.findElement(RemoteWebDriver.java:315)
at com.codeborne.selenide.impl.WebElementSelector.findElement(WebElementSelector.java:29)
at com.codeborne.selenide.impl.ElementFinder.getWebElement(ElementFinder.java:56)
at com.codeborne.selenide.commands.UploadFile.execute(UploadFile.java:28)
at com.codeborne.selenide.commands.UploadFile.execute(UploadFile.java:14)
at com.codeborne.selenide.commands.Commands.execute(Commands.java:144)
at com.codeborne.selenide.impl.SelenideElementProxy.dispatchAndRetry(SelenideElementProxy.java:87)
... 17 more
... Removed 13 stack frames]]>
    </failure>
  </testcase> <!-- fullMenuNewUserWithVerifPerc -->
  <testcase name="pressLogo" time="3.164" classname="uk.co.idealflatmate.tests.HomePageTest"/>
  <testcase name="startMatchingOnFMSearchPage" time="23.819" classname="uk.co.idealflatmate.tests.MatchingTests"/>
  <testcase name="startMatchingQuizPropertyPage" time="30.845" classname="uk.co.idealflatmate.tests.MatchingTests"/>
  <testcase name="FmWithoutSubsToLandlordWithoutSubsWithListFromList" time="73.415" classname="uk.co.idealflatmate.tests.MessagesTest">
    <failure type="com.codeborne.selenide.ex.ElementNotFound" message="Element not found {By.xpath: //div[contains(text(), &amp;apos;Newport PO30 2DN, UK&amp;apos;)]/../../../../../..//picture/img}
Expected: visible">
      <![CDATA[Element not found {By.xpath: //div[contains(text(), 'Newport PO30 2DN, UK')]/../../../../../..//picture/img}
Expected: visible
Screenshot: file:/C:/Users/lukhovytskyi/Documents/GitHub/idealflatmatetest/build/reports/tests/1548756391352.18.png
Page source: file:/C:/Users/lukhovytskyi/Documents/GitHub/idealflatmatetest/build/reports/tests/1548756391352.18.html
Timeout: 10 s.
Caused by: NoSuchElementException: no such element: Unable to locate element: {"method":"xpath","selector":"//div[contains(text(), 'Newport PO30 2DN, UK')]/../../../../../..//picture/img"}
at com.codeborne.selenide.impl.WebElementSource.createElementNotFoundError(WebElementSource.java:31)
at com.codeborne.selenide.impl.ElementFinder.createElementNotFoundError(ElementFinder.java:82)
at com.codeborne.selenide.impl.WebElementSource.checkCondition(WebElementSource.java:59)
at com.codeborne.selenide.impl.WebElementSource.findAndAssertElementIsVisible(WebElementSource.java:72)
at com.codeborne.selenide.commands.Click.execute(Click.java:16)
at com.codeborne.selenide.commands.Click.execute(Click.java:12)
at com.codeborne.selenide.commands.Commands.execute(Commands.java:144)
at com.codeborne.selenide.impl.SelenideElementProxy.dispatchAndRetry(SelenideElementProxy.java:87)
at com.codeborne.selenide.impl.SelenideElementProxy.invoke(SelenideElementProxy.java:63)
at com.sun.proxy.$Proxy5.click(Unknown Source)
at uk.co.idealflatmate.appmanager.MessageHelper.clickCardImgProperty(MessageHelper.java:115)
at uk.co.idealflatmate.tests.MessagesTest.FmWithoutSubsToLandlordWithoutSubsWithListFromList(MessagesTest.java:132)
at java.util.concurrent.ThreadPoolExecutor.runWorker(ThreadPoolExecutor.java:1149)
at java.util.concurrent.ThreadPoolExecutor$Worker.run(ThreadPoolExecutor.java:624)
at java.lang.Thread.run(Thread.java:748)
Caused by: org.openqa.selenium.NoSuchElementException: no such element: Unable to locate element: {"method":"xpath","selector":"//div[contains(text(), 'Newport PO30 2DN, UK')]/../../../../../..//picture/img"}
  (Session info: chrome=71.0.3578.98)
  (Driver info: chromedriver=72.0.3626.69 (3c16f8a135abc0d4da2dff33804db79b849a7c38),platform=Windows NT 10.0.16299 x86_64) (WARNING: The server did not provide any stacktrace information)
Command duration or timeout: 0 milliseconds
For documentation on this error, please visit: https://www.seleniumhq.org/exceptions/no_such_element.html
Build info: version: '3.141.59', revision: 'e82be7d358', time: '2018-11-14T08:17:03'
System info: host: 'PRIVATE-1074', ip: '10.8.1.74', os.name: 'Windows 10', os.arch: 'amd64', os.version: '10.0', java.version: '1.8.0_152'
Driver info: org.openqa.selenium.chrome.ChromeDriver
Capabilities {acceptInsecureCerts: false, acceptSslCerts: false, applicationCacheEnabled: false, browserConnectionEnabled: false, browserName: chrome, chrome: {chromedriverVersion: 72.0.3626.69 (3c16f8a135abc..., userDataDir: C:\Users\LUKHOV~1\AppData\L...}, cssSelectorsEnabled: true, databaseEnabled: false, goog:chromeOptions: {debuggerAddress: localhost:62531}, handlesAlerts: true, hasTouchScreen: false, javascriptEnabled: true, locationContextEnabled: true, mobileEmulationEnabled: false, nativeEvents: true, networkConnectionEnabled: false, pageLoadStrategy: normal, platform: XP, platformName: XP, proxy: Proxy(), rotatable: false, setWindowRect: true, takesHeapSnapshot: true, takesScreenshot: true, timeouts: {implicit: 0, pageLoad: 300000, script: 30000}, unexpectedAlertBehaviour: ignore, unhandledPromptBehavior: ignore, version: 71.0.3578.98, webStorageEnabled: true}
Session ID: a7c0bf9347e83a509cde0f9c497c2144
*** Element info: {Using=xpath, value=//div[contains(text(), 'Newport PO30 2DN, UK')]/../../../../../..//picture/img}
at org.openqa.selenium.remote.ErrorHandler.createThrowable(ErrorHandler.java:214)
at org.openqa.selenium.remote.ErrorHandler.throwIfResponseFailed(ErrorHandler.java:166)
at org.openqa.selenium.remote.http.JsonHttpResponseCodec.reconstructValue(JsonHttpResponseCodec.java:40)
at org.openqa.selenium.remote.http.AbstractHttpResponseCodec.decode(AbstractHttpResponseCodec.java:80)
at org.openqa.selenium.remote.http.AbstractHttpResponseCodec.decode(AbstractHttpResponseCodec.java:44)
at org.openqa.selenium.remote.HttpCommandExecutor.execute(HttpCommandExecutor.java:158)
at org.openqa.selenium.remote.service.DriverCommandExecutor.execute(DriverCommandExecutor.java:83)
at org.openqa.selenium.remote.RemoteWebDriver.execute(RemoteWebDriver.java:552)
at org.openqa.selenium.remote.RemoteWebDriver.findElement(RemoteWebDriver.java:323)
at org.openqa.selenium.remote.RemoteWebDriver.findElementByXPath(RemoteWebDriver.java:428)
at org.openqa.selenium.By$ByXPath.findElement(By.java:353)
at org.openqa.selenium.remote.RemoteWebDriver.findElement(RemoteWebDriver.java:315)
at com.codeborne.selenide.impl.WebElementSelector.findElement(WebElementSelector.java:29)
at com.codeborne.selenide.impl.ElementFinder.getWebElement(ElementFinder.java:56)
at com.codeborne.selenide.impl.WebElementSource.checkCondition(WebElementSource.java:44)
... 22 more
... Removed 13 stack frames]]>
    </failure>
  </testcase> <!-- FmWithoutSubsToLandlordWithoutSubsWithListFromList -->
  <testcase name="startMatchingOnPropertyCard" time="43.69" classname="uk.co.idealflatmate.tests.MatchingTests">
    <failure type="com.codeborne.selenide.ex.ElementNotFound" message="Element not found {By.xpath: //form[@id=&amp;apos;search-location&amp;apos;]//span}
Expected: visible">
      <![CDATA[Element not found {By.xpath: //form[@id='search-location']//span}
Expected: visible
Screenshot: file:/C:/Users/lukhovytskyi/Documents/GitHub/idealflatmatetest/build/reports/tests/1548756412874.20.png
Page source: file:/C:/Users/lukhovytskyi/Documents/GitHub/idealflatmatetest/build/reports/tests/1548756412874.20.html
Timeout: 10 s.
Caused by: NoSuchElementException: no such element: Unable to locate element: {"method":"xpath","selector":"//form[@id='search-location']//span"}
at com.codeborne.selenide.impl.WebElementSource.createElementNotFoundError(WebElementSource.java:31)
at com.codeborne.selenide.impl.ElementFinder.createElementNotFoundError(ElementFinder.java:82)
at com.codeborne.selenide.impl.WebElementSource.checkCondition(WebElementSource.java:59)
at com.codeborne.selenide.impl.WebElementSource.findAndAssertElementIsVisible(WebElementSource.java:72)
at com.codeborne.selenide.commands.Click.execute(Click.java:16)
at com.codeborne.selenide.commands.Click.execute(Click.java:12)
at com.codeborne.selenide.commands.Commands.execute(Commands.java:144)
at com.codeborne.selenide.impl.SelenideElementProxy.dispatchAndRetry(SelenideElementProxy.java:87)
at com.codeborne.selenide.impl.SelenideElementProxy.invoke(SelenideElementProxy.java:63)
at com.sun.proxy.$Proxy5.click(Unknown Source)
at uk.co.idealflatmate.appmanager.SearchHelper.clearLocation(SearchHelper.java:390)
at uk.co.idealflatmate.tests.MatchingTests.startMatchingOnPropertyCard(MatchingTests.java:103)
at java.util.concurrent.ThreadPoolExecutor.runWorker(ThreadPoolExecutor.java:1149)
at java.util.concurrent.ThreadPoolExecutor$Worker.run(ThreadPoolExecutor.java:624)
at java.lang.Thread.run(Thread.java:748)
Caused by: org.openqa.selenium.NoSuchElementException: no such element: Unable to locate element: {"method":"xpath","selector":"//form[@id='search-location']//span"}
  (Session info: chrome=71.0.3578.98)
  (Driver info: chromedriver=72.0.3626.69 (3c16f8a135abc0d4da2dff33804db79b849a7c38),platform=Windows NT 10.0.16299 x86_64) (WARNING: The server did not provide any stacktrace information)
Command duration or timeout: 0 milliseconds
For documentation on this error, please visit: https://www.seleniumhq.org/exceptions/no_such_element.html
Build info: version: '3.141.59', revision: 'e82be7d358', time: '2018-11-14T08:17:03'
System info: host: 'PRIVATE-1074', ip: '10.8.1.74', os.name: 'Windows 10', os.arch: 'amd64', os.version: '10.0', java.version: '1.8.0_152'
Driver info: org.openqa.selenium.chrome.ChromeDriver
Capabilities {acceptInsecureCerts: false, acceptSslCerts: false, applicationCacheEnabled: false, browserConnectionEnabled: false, browserName: chrome, chrome: {chromedriverVersion: 72.0.3626.69 (3c16f8a135abc..., userDataDir: C:\Users\LUKHOV~1\AppData\L...}, cssSelectorsEnabled: true, databaseEnabled: false, goog:chromeOptions: {debuggerAddress: localhost:63773}, handlesAlerts: true, hasTouchScreen: false, javascriptEnabled: true, locationContextEnabled: true, mobileEmulationEnabled: false, nativeEvents: true, networkConnectionEnabled: false, pageLoadStrategy: normal, platform: XP, platformName: XP, proxy: Proxy(), rotatable: false, setWindowRect: true, takesHeapSnapshot: true, takesScreenshot: true, timeouts: {implicit: 0, pageLoad: 300000, script: 30000}, unexpectedAlertBehaviour: ignore, unhandledPromptBehavior: ignore, version: 71.0.3578.98, webStorageEnabled: true}
Session ID: 51115abeb708fed39c68f36d4da85b77
*** Element info: {Using=xpath, value=//form[@id='search-location']//span}
at org.openqa.selenium.remote.ErrorHandler.createThrowable(ErrorHandler.java:214)
at org.openqa.selenium.remote.ErrorHandler.throwIfResponseFailed(ErrorHandler.java:166)
at org.openqa.selenium.remote.http.JsonHttpResponseCodec.reconstructValue(JsonHttpResponseCodec.java:40)
at org.openqa.selenium.remote.http.AbstractHttpResponseCodec.decode(AbstractHttpResponseCodec.java:80)
at org.openqa.selenium.remote.http.AbstractHttpResponseCodec.decode(AbstractHttpResponseCodec.java:44)
at org.openqa.selenium.remote.HttpCommandExecutor.execute(HttpCommandExecutor.java:158)
at org.openqa.selenium.remote.service.DriverCommandExecutor.execute(DriverCommandExecutor.java:83)
at org.openqa.selenium.remote.RemoteWebDriver.execute(RemoteWebDriver.java:552)
at org.openqa.selenium.remote.RemoteWebDriver.findElement(RemoteWebDriver.java:323)
at org.openqa.selenium.remote.RemoteWebDriver.findElementByXPath(RemoteWebDriver.java:428)
at org.openqa.selenium.By$ByXPath.findElement(By.java:353)
at org.openqa.selenium.remote.RemoteWebDriver.findElement(RemoteWebDriver.java:315)
at com.codeborne.selenide.impl.WebElementSelector.findElement(WebElementSelector.java:29)
at com.codeborne.selenide.impl.ElementFinder.getWebElement(ElementFinder.java:56)
at com.codeborne.selenide.impl.WebElementSource.checkCondition(WebElementSource.java:44)
... 22 more
... Removed 13 stack frames]]>
    </failure>
  </testcase> <!-- startMatchingOnPropertyCard -->
  <testcase name="landlWithSubsToFM" time="87.509" classname="uk.co.idealflatmate.tests.MessagesTest"/>
  <testcase name="answMesLandlToPremFHWithoutSubs" time="126.37" classname="uk.co.idealflatmate.tests.MessagesTest"/>
  <testcase name="fmWithoutSubsTolordWithoutSubsWithListFromFMpage" time="62.013" classname="uk.co.idealflatmate.tests.MessagesTest">
    <failure type="com.codeborne.selenide.ex.ElementNotFound" message="Element not found {By.xpath: //h1[@class=&amp;apos;h4&amp;apos;]}
Expected: text &amp;apos;6 rooms matched to rent in and around Clapham&amp;apos;">
      <![CDATA[Element not found {By.xpath: //h1[@class='h4']}
Expected: text '6 rooms matched to rent in and around Clapham'
Screenshot: file:/C:/Users/lukhovytskyi/Documents/GitHub/idealflatmatetest/build/reports/tests/1548756456801.22.png
Page source: file:/C:/Users/lukhovytskyi/Documents/GitHub/idealflatmatetest/build/reports/tests/1548756456801.22.html
Timeout: 10 s.
Caused by: NoSuchElementException: no such element: Unable to locate element: {"method":"xpath","selector":"//h1[@class='h4']"}
at com.codeborne.selenide.impl.WebElementSource.createElementNotFoundError(WebElementSource.java:31)
at com.codeborne.selenide.impl.ElementFinder.createElementNotFoundError(ElementFinder.java:82)
at com.codeborne.selenide.impl.WebElementSource.checkCondition(WebElementSource.java:59)
at com.codeborne.selenide.commands.Should.should(Should.java:35)
at com.codeborne.selenide.commands.Should.execute(Should.java:29)
at com.codeborne.selenide.commands.Should.execute(Should.java:12)
at com.codeborne.selenide.commands.Commands.execute(Commands.java:144)
at com.codeborne.selenide.impl.SelenideElementProxy.dispatchAndRetry(SelenideElementProxy.java:87)
at com.codeborne.selenide.impl.SelenideElementProxy.invoke(SelenideElementProxy.java:63)
at com.sun.proxy.$Proxy5.shouldHave(Unknown Source)
at uk.co.idealflatmate.appmanager.VerificationHelper.searchResultText(VerificationHelper.java:752)
at uk.co.idealflatmate.tests.MessagesTest.fmWithoutSubsTolordWithoutSubsWithListFromFMpage(MessagesTest.java:163)
at java.util.concurrent.ThreadPoolExecutor.runWorker(ThreadPoolExecutor.java:1149)
at java.util.concurrent.ThreadPoolExecutor$Worker.run(ThreadPoolExecutor.java:624)
at java.lang.Thread.run(Thread.java:748)
Caused by: org.openqa.selenium.NoSuchElementException: no such element: Unable to locate element: {"method":"xpath","selector":"//h1[@class='h4']"}
  (Session info: chrome=71.0.3578.98)
  (Driver info: chromedriver=72.0.3626.69 (3c16f8a135abc0d4da2dff33804db79b849a7c38),platform=Windows NT 10.0.16299 x86_64) (WARNING: The server did not provide any stacktrace information)
Command duration or timeout: 0 milliseconds
For documentation on this error, please visit: https://www.seleniumhq.org/exceptions/no_such_element.html
Build info: version: '3.141.59', revision: 'e82be7d358', time: '2018-11-14T08:17:03'
System info: host: 'PRIVATE-1074', ip: '10.8.1.74', os.name: 'Windows 10', os.arch: 'amd64', os.version: '10.0', java.version: '1.8.0_152'
Driver info: org.openqa.selenium.chrome.ChromeDriver
Capabilities {acceptInsecureCerts: false, acceptSslCerts: false, applicationCacheEnabled: false, browserConnectionEnabled: false, browserName: chrome, chrome: {chromedriverVersion: 72.0.3626.69 (3c16f8a135abc..., userDataDir: C:\Users\LUKHOV~1\AppData\L...}, cssSelectorsEnabled: true, databaseEnabled: false, goog:chromeOptions: {debuggerAddress: localhost:63097}, handlesAlerts: true, hasTouchScreen: false, javascriptEnabled: true, locationContextEnabled: true, mobileEmulationEnabled: false, nativeEvents: true, networkConnectionEnabled: false, pageLoadStrategy: normal, platform: XP, platformName: XP, proxy: Proxy(), rotatable: false, setWindowRect: true, takesHeapSnapshot: true, takesScreenshot: true, timeouts: {implicit: 0, pageLoad: 300000, script: 30000}, unexpectedAlertBehaviour: ignore, unhandledPromptBehavior: ignore, version: 71.0.3578.98, webStorageEnabled: true}
Session ID: 839dbd4324c7646457d2d57afb093bbf
*** Element info: {Using=xpath, value=//h1[@class='h4']}
at org.openqa.selenium.remote.ErrorHandler.createThrowable(ErrorHandler.java:214)
at org.openqa.selenium.remote.ErrorHandler.throwIfResponseFailed(ErrorHandler.java:166)
at org.openqa.selenium.remote.http.JsonHttpResponseCodec.reconstructValue(JsonHttpResponseCodec.java:40)
at org.openqa.selenium.remote.http.AbstractHttpResponseCodec.decode(AbstractHttpResponseCodec.java:80)
at org.openqa.selenium.remote.http.AbstractHttpResponseCodec.decode(AbstractHttpResponseCodec.java:44)
at org.openqa.selenium.remote.HttpCommandExecutor.execute(HttpCommandExecutor.java:158)
at org.openqa.selenium.remote.service.DriverCommandExecutor.execute(DriverCommandExecutor.java:83)
at org.openqa.selenium.remote.RemoteWebDriver.execute(RemoteWebDriver.java:552)
at org.openqa.selenium.remote.RemoteWebDriver.findElement(RemoteWebDriver.java:323)
at org.openqa.selenium.remote.RemoteWebDriver.findElementByXPath(RemoteWebDriver.java:428)
at org.openqa.selenium.By$ByXPath.findElement(By.java:353)
at org.openqa.selenium.remote.RemoteWebDriver.findElement(RemoteWebDriver.java:315)
at com.codeborne.selenide.impl.WebElementSelector.findElement(WebElementSelector.java:29)
at com.codeborne.selenide.impl.ElementFinder.getWebElement(ElementFinder.java:56)
at com.codeborne.selenide.impl.WebElementSource.checkCondition(WebElementSource.java:44)
... 22 more
... Removed 13 stack frames]]>
    </failure>
  </testcase> <!-- fmWithoutSubsTolordWithoutSubsWithListFromFMpage -->
  <testcase name="premFmToLandlWithoutSubsWithListFromSearch" time="75.679" classname="uk.co.idealflatmate.tests.MessagesTest">
    <failure type="com.codeborne.selenide.ex.ElementNotFound" message="Element not found {input.react-autosuggest__input}
Expected: visible">
      <![CDATA[Element not found {input.react-autosuggest__input}
Expected: visible
Screenshot: file:/C:/Users/lukhovytskyi/Documents/GitHub/idealflatmatetest/build/reports/tests/1548756483630.24.png
Page source: file:/C:/Users/lukhovytskyi/Documents/GitHub/idealflatmatetest/build/reports/tests/1548756483630.24.html
Timeout: 10 s.
Caused by: NoSuchElementException: no such element: Unable to locate element: {"method":"css selector","selector":"input.react-autosuggest__input"}
at com.codeborne.selenide.impl.WebElementSource.createElementNotFoundError(WebElementSource.java:31)
at com.codeborne.selenide.impl.ElementFinder.createElementNotFoundError(ElementFinder.java:82)
at com.codeborne.selenide.impl.WebElementSource.checkCondition(WebElementSource.java:59)
at com.codeborne.selenide.commands.Should.should(Should.java:35)
at com.codeborne.selenide.commands.Should.execute(Should.java:29)
at com.codeborne.selenide.commands.Should.execute(Should.java:12)
at com.codeborne.selenide.commands.Commands.execute(Commands.java:144)
at com.codeborne.selenide.impl.SelenideElementProxy.dispatchAndRetry(SelenideElementProxy.java:87)
at com.codeborne.selenide.impl.SelenideElementProxy.invoke(SelenideElementProxy.java:63)
at com.sun.proxy.$Proxy5.waitUntil(Unknown Source)
at uk.co.idealflatmate.appmanager.HelperBase.searchPropertyBy(HelperBase.java:188)
at uk.co.idealflatmate.appmanager.SearchHelper.searchPropertyHome(SearchHelper.java:23)
at uk.co.idealflatmate.tests.MessagesTest.premFmToLandlWithoutSubsWithListFromSearch(MessagesTest.java:110)
at java.util.concurrent.ThreadPoolExecutor.runWorker(ThreadPoolExecutor.java:1149)
at java.util.concurrent.ThreadPoolExecutor$Worker.run(ThreadPoolExecutor.java:624)
at java.lang.Thread.run(Thread.java:748)
Caused by: org.openqa.selenium.NoSuchElementException: no such element: Unable to locate element: {"method":"css selector","selector":"input.react-autosuggest__input"}
  (Session info: chrome=71.0.3578.98)
  (Driver info: chromedriver=72.0.3626.69 (3c16f8a135abc0d4da2dff33804db79b849a7c38),platform=Windows NT 10.0.16299 x86_64) (WARNING: The server did not provide any stacktrace information)
Command duration or timeout: 0 milliseconds
For documentation on this error, please visit: https://www.seleniumhq.org/exceptions/no_such_element.html
Build info: version: '3.141.59', revision: 'e82be7d358', time: '2018-11-14T08:17:03'
System info: host: 'PRIVATE-1074', ip: '10.8.1.74', os.name: 'Windows 10', os.arch: 'amd64', os.version: '10.0', java.version: '1.8.0_152'
Driver info: org.openqa.selenium.chrome.ChromeDriver
Capabilities {acceptInsecureCerts: false, acceptSslCerts: false, applicationCacheEnabled: false, browserConnectionEnabled: false, browserName: chrome, chrome: {chromedriverVersion: 72.0.3626.69 (3c16f8a135abc..., userDataDir: C:\Users\LUKHOV~1\AppData\L...}, cssSelectorsEnabled: true, databaseEnabled: false, goog:chromeOptions: {debuggerAddress: localhost:63407}, handlesAlerts: true, hasTouchScreen: false, javascriptEnabled: true, locationContextEnabled: true, mobileEmulationEnabled: false, nativeEvents: true, networkConnectionEnabled: false, pageLoadStrategy: normal, platform: XP, platformName: XP, proxy: Proxy(), rotatable: false, setWindowRect: true, takesHeapSnapshot: true, takesScreenshot: true, timeouts: {implicit: 0, pageLoad: 300000, script: 30000}, unexpectedAlertBehaviour: ignore, unhandledPromptBehavior: ignore, version: 71.0.3578.98, webStorageEnabled: true}
Session ID: 0a374d07fc8293021aa57d5d913d7b90
*** Element info: {Using=css selector, value=input.react-autosuggest__input}
at org.openqa.selenium.remote.ErrorHandler.createThrowable(ErrorHandler.java:214)
at org.openqa.selenium.remote.ErrorHandler.throwIfResponseFailed(ErrorHandler.java:166)
at org.openqa.selenium.remote.http.JsonHttpResponseCodec.reconstructValue(JsonHttpResponseCodec.java:40)
at org.openqa.selenium.remote.http.AbstractHttpResponseCodec.decode(AbstractHttpResponseCodec.java:80)
at org.openqa.selenium.remote.http.AbstractHttpResponseCodec.decode(AbstractHttpResponseCodec.java:44)
at org.openqa.selenium.remote.HttpCommandExecutor.execute(HttpCommandExecutor.java:158)
at org.openqa.selenium.remote.service.DriverCommandExecutor.execute(DriverCommandExecutor.java:83)
at org.openqa.selenium.remote.RemoteWebDriver.execute(RemoteWebDriver.java:552)
at org.openqa.selenium.remote.RemoteWebDriver.findElement(RemoteWebDriver.java:323)
at org.openqa.selenium.remote.RemoteWebDriver.findElementByCssSelector(RemoteWebDriver.java:420)
at org.openqa.selenium.By$ByCssSelector.findElement(By.java:431)
at org.openqa.selenium.remote.RemoteWebDriver.findElement(RemoteWebDriver.java:315)
at com.codeborne.selenide.impl.WebElementSelector.findElement(WebElementSelector.java:29)
at com.codeborne.selenide.impl.ElementFinder.getWebElement(ElementFinder.java:56)
at com.codeborne.selenide.impl.WebElementSource.checkCondition(WebElementSource.java:44)
... 23 more
... Removed 13 stack frames]]>
    </failure>
  </testcase> <!-- premFmToLandlWithoutSubsWithListFromSearch -->
  <testcase name="answMesFmWithoutSubsToFM" time="110.985" classname="uk.co.idealflatmate.tests.MessagesTest"/>
  <testcase name="landlordWithoutSubsToFM" time="104.473" classname="uk.co.idealflatmate.tests.MessagesTest"/>
  <testcase name="readMessageByLandlWithoutSubsn" time="44.26" classname="uk.co.idealflatmate.tests.MessagesTest"/>
  <testcase name="agentProfWorldPay" time="51.857" classname="uk.co.idealflatmate.tests.PaymentTests">
    <failure type="com.codeborne.selenide.ex.ElementNotFound" message="Element not found {By.xpath: //input[@id=&amp;apos;moreinfosignupform-file&amp;apos;]}
Expected: exist">
      <![CDATA[Element not found {By.xpath: //input[@id='moreinfosignupform-file']}
Expected: exist
Screenshot: file:/C:/Users/lukhovytskyi/Documents/GitHub/idealflatmatetest/build/reports/tests/1548756554553.26.png
Page source: file:/C:/Users/lukhovytskyi/Documents/GitHub/idealflatmatetest/build/reports/tests/1548756554553.26.html
Timeout: 10 s.
Caused by: NoSuchElementException: no such element: Unable to locate element: {"method":"xpath","selector":"//input[@id='moreinfosignupform-file']"}
at com.codeborne.selenide.impl.WebElementSource.createElementNotFoundError(WebElementSource.java:31)
at com.codeborne.selenide.impl.ElementFinder.createElementNotFoundError(ElementFinder.java:82)
at com.codeborne.selenide.impl.SelenideElementProxy.dispatchAndRetry(SelenideElementProxy.java:116)
at com.codeborne.selenide.impl.SelenideElementProxy.invoke(SelenideElementProxy.java:63)
at com.sun.proxy.$Proxy5.uploadFile(Unknown Source)
at uk.co.idealflatmate.appmanager.SignUpHelper.profilePhotoAddJpeg(SignUpHelper.java:107)
at uk.co.idealflatmate.appmanager.SignUpHelper.agentSignListing(SignUpHelper.java:461)
at uk.co.idealflatmate.tests.PaymentTests.agentProfWorldPay(PaymentTests.java:265)
at java.util.concurrent.ThreadPoolExecutor.runWorker(ThreadPoolExecutor.java:1149)
at java.util.concurrent.ThreadPoolExecutor$Worker.run(ThreadPoolExecutor.java:624)
at java.lang.Thread.run(Thread.java:748)
Caused by: org.openqa.selenium.NoSuchElementException: no such element: Unable to locate element: {"method":"xpath","selector":"//input[@id='moreinfosignupform-file']"}
  (Session info: chrome=71.0.3578.98)
  (Driver info: chromedriver=72.0.3626.69 (3c16f8a135abc0d4da2dff33804db79b849a7c38),platform=Windows NT 10.0.16299 x86_64) (WARNING: The server did not provide any stacktrace information)
Command duration or timeout: 0 milliseconds
For documentation on this error, please visit: https://www.seleniumhq.org/exceptions/no_such_element.html
Build info: version: '3.141.59', revision: 'e82be7d358', time: '2018-11-14T08:17:03'
System info: host: 'PRIVATE-1074', ip: '10.8.1.74', os.name: 'Windows 10', os.arch: 'amd64', os.version: '10.0', java.version: '1.8.0_152'
Driver info: org.openqa.selenium.chrome.ChromeDriver
Capabilities {acceptInsecureCerts: false, acceptSslCerts: false, applicationCacheEnabled: false, browserConnectionEnabled: false, browserName: chrome, chrome: {chromedriverVersion: 72.0.3626.69 (3c16f8a135abc..., userDataDir: C:\Users\LUKHOV~1\AppData\L...}, cssSelectorsEnabled: true, databaseEnabled: false, goog:chromeOptions: {debuggerAddress: localhost:62904}, handlesAlerts: true, hasTouchScreen: false, javascriptEnabled: true, locationContextEnabled: true, mobileEmulationEnabled: false, nativeEvents: true, networkConnectionEnabled: false, pageLoadStrategy: normal, platform: XP, platformName: XP, proxy: Proxy(), rotatable: false, setWindowRect: true, takesHeapSnapshot: true, takesScreenshot: true, timeouts: {implicit: 0, pageLoad: 300000, script: 30000}, unexpectedAlertBehaviour: ignore, unhandledPromptBehavior: ignore, version: 71.0.3578.98, webStorageEnabled: true}
Session ID: c7c14bd2665a7fae7b07a9616f94fd3b
*** Element info: {Using=xpath, value=//input[@id='moreinfosignupform-file']}
at org.openqa.selenium.remote.ErrorHandler.createThrowable(ErrorHandler.java:214)
at org.openqa.selenium.remote.ErrorHandler.throwIfResponseFailed(ErrorHandler.java:166)
at org.openqa.selenium.remote.http.JsonHttpResponseCodec.reconstructValue(JsonHttpResponseCodec.java:40)
at org.openqa.selenium.remote.http.AbstractHttpResponseCodec.decode(AbstractHttpResponseCodec.java:80)
at org.openqa.selenium.remote.http.AbstractHttpResponseCodec.decode(AbstractHttpResponseCodec.java:44)
at org.openqa.selenium.remote.HttpCommandExecutor.execute(HttpCommandExecutor.java:158)
at org.openqa.selenium.remote.service.DriverCommandExecutor.execute(DriverCommandExecutor.java:83)
at org.openqa.selenium.remote.RemoteWebDriver.execute(RemoteWebDriver.java:552)
at org.openqa.selenium.remote.RemoteWebDriver.findElement(RemoteWebDriver.java:323)
at org.openqa.selenium.remote.RemoteWebDriver.findElementByXPath(RemoteWebDriver.java:428)
at org.openqa.selenium.By$ByXPath.findElement(By.java:353)
at org.openqa.selenium.remote.RemoteWebDriver.findElement(RemoteWebDriver.java:315)
at com.codeborne.selenide.impl.WebElementSelector.findElement(WebElementSelector.java:29)
at com.codeborne.selenide.impl.ElementFinder.getWebElement(ElementFinder.java:56)
at com.codeborne.selenide.commands.UploadFile.execute(UploadFile.java:28)
at com.codeborne.selenide.commands.UploadFile.execute(UploadFile.java:14)
at com.codeborne.selenide.commands.Commands.execute(Commands.java:144)
at com.codeborne.selenide.impl.SelenideElementProxy.dispatchAndRetry(SelenideElementProxy.java:87)
... 18 more
... Removed 13 stack frames]]>
    </failure>
  </testcase> <!-- agentProfWorldPay -->
  <testcase name="AbilityToSeePhone" time="54.357" classname="uk.co.idealflatmate.tests.PaymentTests"/>
  <testcase name="GoPremiumFHPaymentOnPhone" time="45.391" classname="uk.co.idealflatmate.tests.PaymentTests"/>
  <testcase name="GoPremiumFHPaymentOnMessage" time="56.36" classname="uk.co.idealflatmate.tests.PaymentTests"/>
  <testcase name="lordInWorldPaidListingProf" time="45.412" classname="uk.co.idealflatmate.tests.PaymentTests">
    <failure type="com.codeborne.selenide.ex.ElementNotFound" message="Element not found {By.xpath: //input[@id=&amp;apos;moreinfosignupform-file&amp;apos;]}
Expected: exist">
      <![CDATA[Element not found {By.xpath: //input[@id='moreinfosignupform-file']}
Expected: exist
Screenshot: file:/C:/Users/lukhovytskyi/Documents/GitHub/idealflatmatetest/build/reports/tests/1548756593793.29.png
Page source: file:/C:/Users/lukhovytskyi/Documents/GitHub/idealflatmatetest/build/reports/tests/1548756593793.29.html
Timeout: 10 s.
Caused by: NoSuchElementException: no such element: Unable to locate element: {"method":"xpath","selector":"//input[@id='moreinfosignupform-file']"}
at com.codeborne.selenide.impl.WebElementSource.createElementNotFoundError(WebElementSource.java:31)
at com.codeborne.selenide.impl.ElementFinder.createElementNotFoundError(ElementFinder.java:82)
at com.codeborne.selenide.impl.SelenideElementProxy.dispatchAndRetry(SelenideElementProxy.java:116)
at com.codeborne.selenide.impl.SelenideElementProxy.invoke(SelenideElementProxy.java:63)
at com.sun.proxy.$Proxy5.uploadFile(Unknown Source)
at uk.co.idealflatmate.appmanager.SignUpHelper.profilePhotoAddJpeg(SignUpHelper.java:107)
at uk.co.idealflatmate.appmanager.SignUpHelper.signListingLiveIn(SignUpHelper.java:425)
at uk.co.idealflatmate.tests.PaymentTests.lordInWorldPaidListingProf(PaymentTests.java:213)
at java.util.concurrent.ThreadPoolExecutor.runWorker(ThreadPoolExecutor.java:1149)
at java.util.concurrent.ThreadPoolExecutor$Worker.run(ThreadPoolExecutor.java:624)
at java.lang.Thread.run(Thread.java:748)
Caused by: org.openqa.selenium.NoSuchElementException: no such element: Unable to locate element: {"method":"xpath","selector":"//input[@id='moreinfosignupform-file']"}
  (Session info: chrome=71.0.3578.98)
  (Driver info: chromedriver=72.0.3626.69 (3c16f8a135abc0d4da2dff33804db79b849a7c38),platform=Windows NT 10.0.16299 x86_64) (WARNING: The server did not provide any stacktrace information)
Command duration or timeout: 0 milliseconds
For documentation on this error, please visit: https://www.seleniumhq.org/exceptions/no_such_element.html
Build info: version: '3.141.59', revision: 'e82be7d358', time: '2018-11-14T08:17:03'
System info: host: 'PRIVATE-1074', ip: '10.8.1.74', os.name: 'Windows 10', os.arch: 'amd64', os.version: '10.0', java.version: '1.8.0_152'
Driver info: org.openqa.selenium.chrome.ChromeDriver
Capabilities {acceptInsecureCerts: false, acceptSslCerts: false, applicationCacheEnabled: false, browserConnectionEnabled: false, browserName: chrome, chrome: {chromedriverVersion: 72.0.3626.69 (3c16f8a135abc..., userDataDir: C:\Users\LUKHOV~1\AppData\L...}, cssSelectorsEnabled: true, databaseEnabled: false, goog:chromeOptions: {debuggerAddress: localhost:62655}, handlesAlerts: true, hasTouchScreen: false, javascriptEnabled: true, locationContextEnabled: true, mobileEmulationEnabled: false, nativeEvents: true, networkConnectionEnabled: false, pageLoadStrategy: normal, platform: XP, platformName: XP, proxy: Proxy(), rotatable: false, setWindowRect: true, takesHeapSnapshot: true, takesScreenshot: true, timeouts: {implicit: 0, pageLoad: 300000, script: 30000}, unexpectedAlertBehaviour: ignore, unhandledPromptBehavior: ignore, version: 71.0.3578.98, webStorageEnabled: true}
Session ID: 12cc5073a5962203c806f9eee674992e
*** Element info: {Using=xpath, value=//input[@id='moreinfosignupform-file']}
at org.openqa.selenium.remote.ErrorHandler.createThrowable(ErrorHandler.java:214)
at org.openqa.selenium.remote.ErrorHandler.throwIfResponseFailed(ErrorHandler.java:166)
at org.openqa.selenium.remote.http.JsonHttpResponseCodec.reconstructValue(JsonHttpResponseCodec.java:40)
at org.openqa.selenium.remote.http.AbstractHttpResponseCodec.decode(AbstractHttpResponseCodec.java:80)
at org.openqa.selenium.remote.http.AbstractHttpResponseCodec.decode(AbstractHttpResponseCodec.java:44)
at org.openqa.selenium.remote.HttpCommandExecutor.execute(HttpCommandExecutor.java:158)
at org.openqa.selenium.remote.service.DriverCommandExecutor.execute(DriverCommandExecutor.java:83)
at org.openqa.selenium.remote.RemoteWebDriver.execute(RemoteWebDriver.java:552)
at org.openqa.selenium.remote.RemoteWebDriver.findElement(RemoteWebDriver.java:323)
at org.openqa.selenium.remote.RemoteWebDriver.findElementByXPath(RemoteWebDriver.java:428)
at org.openqa.selenium.By$ByXPath.findElement(By.java:353)
at org.openqa.selenium.remote.RemoteWebDriver.findElement(RemoteWebDriver.java:315)
at com.codeborne.selenide.impl.WebElementSelector.findElement(WebElementSelector.java:29)
at com.codeborne.selenide.impl.ElementFinder.getWebElement(ElementFinder.java:56)
at com.codeborne.selenide.commands.UploadFile.execute(UploadFile.java:28)
at com.codeborne.selenide.commands.UploadFile.execute(UploadFile.java:14)
at com.codeborne.selenide.commands.Commands.execute(Commands.java:144)
at com.codeborne.selenide.impl.SelenideElementProxy.dispatchAndRetry(SelenideElementProxy.java:87)
... 18 more
... Removed 13 stack frames]]>
    </failure>
  </testcase> <!-- lordInWorldPaidListingProf -->
  <testcase name="lordInWorldPaylistingEssen" time="50.822" classname="uk.co.idealflatmate.tests.PaymentTests">
    <failure type="com.codeborne.selenide.ex.ElementNotFound" message="Element not found {By.xpath: //input[@id=&amp;apos;moreinfosignupform-file&amp;apos;]}
Expected: exist">
      <![CDATA[Element not found {By.xpath: //input[@id='moreinfosignupform-file']}
Expected: exist
Screenshot: file:/C:/Users/lukhovytskyi/Documents/GitHub/idealflatmatetest/build/reports/tests/1548756600343.30.png
Page source: file:/C:/Users/lukhovytskyi/Documents/GitHub/idealflatmatetest/build/reports/tests/1548756600343.30.html
Timeout: 10 s.
Caused by: NoSuchElementException: no such element: Unable to locate element: {"method":"xpath","selector":"//input[@id='moreinfosignupform-file']"}
at com.codeborne.selenide.impl.WebElementSource.createElementNotFoundError(WebElementSource.java:31)
at com.codeborne.selenide.impl.ElementFinder.createElementNotFoundError(ElementFinder.java:82)
at com.codeborne.selenide.impl.SelenideElementProxy.dispatchAndRetry(SelenideElementProxy.java:116)
at com.codeborne.selenide.impl.SelenideElementProxy.invoke(SelenideElementProxy.java:63)
at com.sun.proxy.$Proxy5.uploadFile(Unknown Source)
at uk.co.idealflatmate.appmanager.SignUpHelper.profilePhotoAddJpeg(SignUpHelper.java:107)
at uk.co.idealflatmate.appmanager.SignUpHelper.signListingLiveIn(SignUpHelper.java:425)
at uk.co.idealflatmate.tests.PaymentTests.lordInWorldPaylistingEssen(PaymentTests.java:108)
at java.util.concurrent.ThreadPoolExecutor.runWorker(ThreadPoolExecutor.java:1149)
at java.util.concurrent.ThreadPoolExecutor$Worker.run(ThreadPoolExecutor.java:624)
at java.lang.Thread.run(Thread.java:748)
Caused by: org.openqa.selenium.NoSuchElementException: no such element: Unable to locate element: {"method":"xpath","selector":"//input[@id='moreinfosignupform-file']"}
  (Session info: chrome=71.0.3578.98)
  (Driver info: chromedriver=72.0.3626.69 (3c16f8a135abc0d4da2dff33804db79b849a7c38),platform=Windows NT 10.0.16299 x86_64) (WARNING: The server did not provide any stacktrace information)
Command duration or timeout: 0 milliseconds
For documentation on this error, please visit: https://www.seleniumhq.org/exceptions/no_such_element.html
Build info: version: '3.141.59', revision: 'e82be7d358', time: '2018-11-14T08:17:03'
System info: host: 'PRIVATE-1074', ip: '10.8.1.74', os.name: 'Windows 10', os.arch: 'amd64', os.version: '10.0', java.version: '1.8.0_152'
Driver info: org.openqa.selenium.chrome.ChromeDriver
Capabilities {acceptInsecureCerts: false, acceptSslCerts: false, applicationCacheEnabled: false, browserConnectionEnabled: false, browserName: chrome, chrome: {chromedriverVersion: 72.0.3626.69 (3c16f8a135abc..., userDataDir: C:\Users\LUKHOV~1\AppData\L...}, cssSelectorsEnabled: true, databaseEnabled: false, goog:chromeOptions: {debuggerAddress: localhost:63097}, handlesAlerts: true, hasTouchScreen: false, javascriptEnabled: true, locationContextEnabled: true, mobileEmulationEnabled: false, nativeEvents: true, networkConnectionEnabled: false, pageLoadStrategy: normal, platform: XP, platformName: XP, proxy: Proxy(), rotatable: false, setWindowRect: true, takesHeapSnapshot: true, takesScreenshot: true, timeouts: {implicit: 0, pageLoad: 300000, script: 30000}, unexpectedAlertBehaviour: ignore, unhandledPromptBehavior: ignore, version: 71.0.3578.98, webStorageEnabled: true}
Session ID: 839dbd4324c7646457d2d57afb093bbf
*** Element info: {Using=xpath, value=//input[@id='moreinfosignupform-file']}
at org.openqa.selenium.remote.ErrorHandler.createThrowable(ErrorHandler.java:214)
at org.openqa.selenium.remote.ErrorHandler.throwIfResponseFailed(ErrorHandler.java:166)
at org.openqa.selenium.remote.http.JsonHttpResponseCodec.reconstructValue(JsonHttpResponseCodec.java:40)
at org.openqa.selenium.remote.http.AbstractHttpResponseCodec.decode(AbstractHttpResponseCodec.java:80)
at org.openqa.selenium.remote.http.AbstractHttpResponseCodec.decode(AbstractHttpResponseCodec.java:44)
at org.openqa.selenium.remote.HttpCommandExecutor.execute(HttpCommandExecutor.java:158)
at org.openqa.selenium.remote.service.DriverCommandExecutor.execute(DriverCommandExecutor.java:83)
at org.openqa.selenium.remote.RemoteWebDriver.execute(RemoteWebDriver.java:552)
at org.openqa.selenium.remote.RemoteWebDriver.findElement(RemoteWebDriver.java:323)
at org.openqa.selenium.remote.RemoteWebDriver.findElementByXPath(RemoteWebDriver.java:428)
at org.openqa.selenium.By$ByXPath.findElement(By.java:353)
at org.openqa.selenium.remote.RemoteWebDriver.findElement(RemoteWebDriver.java:315)
at com.codeborne.selenide.impl.WebElementSelector.findElement(WebElementSelector.java:29)
at com.codeborne.selenide.impl.ElementFinder.getWebElement(ElementFinder.java:56)
at com.codeborne.selenide.commands.UploadFile.execute(UploadFile.java:28)
at com.codeborne.selenide.commands.UploadFile.execute(UploadFile.java:14)
at com.codeborne.selenide.commands.Commands.execute(Commands.java:144)
at com.codeborne.selenide.impl.SelenideElementProxy.dispatchAndRetry(SelenideElementProxy.java:87)
... 18 more
... Removed 13 stack frames]]>
    </failure>
  </testcase> <!-- lordInWorldPaylistingEssen -->
  <testcase name="applyMoreFiltersPhotoNoList" time="36.707" classname="uk.co.idealflatmate.tests.SearchFMPageTests"/>
  <testcase name="premiumFHPaymentWorldPay" time="56.247" classname="uk.co.idealflatmate.tests.PaymentTests">
    <failure type="com.codeborne.selenide.ex.ElementNotFound" message="Element not found {By.xpath: //input[@id=&amp;apos;moreinfosignupform-file&amp;apos;]}
Expected: exist">
      <![CDATA[Element not found {By.xpath: //input[@id='moreinfosignupform-file']}
Expected: exist
Screenshot: file:/C:/Users/lukhovytskyi/Documents/GitHub/idealflatmatetest/build/reports/tests/1548756635061.32.png
Page source: file:/C:/Users/lukhovytskyi/Documents/GitHub/idealflatmatetest/build/reports/tests/1548756635061.32.html
Timeout: 10 s.
Caused by: NoSuchElementException: no such element: Unable to locate element: {"method":"xpath","selector":"//input[@id='moreinfosignupform-file']"}
at com.codeborne.selenide.impl.WebElementSource.createElementNotFoundError(WebElementSource.java:31)
at com.codeborne.selenide.impl.ElementFinder.createElementNotFoundError(ElementFinder.java:82)
at com.codeborne.selenide.impl.SelenideElementProxy.dispatchAndRetry(SelenideElementProxy.java:116)
at com.codeborne.selenide.impl.SelenideElementProxy.invoke(SelenideElementProxy.java:63)
at com.sun.proxy.$Proxy5.uploadFile(Unknown Source)
at uk.co.idealflatmate.appmanager.SignUpHelper.profilePhotoAddJpeg(SignUpHelper.java:107)
at uk.co.idealflatmate.appmanager.SignUpHelper.MoreAboutYou(SignUpHelper.java:406)
at uk.co.idealflatmate.tests.PaymentTests.premiumFHPaymentWorldPay(PaymentTests.java:68)
at java.util.concurrent.ThreadPoolExecutor.runWorker(ThreadPoolExecutor.java:1149)
at java.util.concurrent.ThreadPoolExecutor$Worker.run(ThreadPoolExecutor.java:624)
at java.lang.Thread.run(Thread.java:748)
Caused by: org.openqa.selenium.NoSuchElementException: no such element: Unable to locate element: {"method":"xpath","selector":"//input[@id='moreinfosignupform-file']"}
  (Session info: chrome=71.0.3578.98)
  (Driver info: chromedriver=72.0.3626.69 (3c16f8a135abc0d4da2dff33804db79b849a7c38),platform=Windows NT 10.0.16299 x86_64) (WARNING: The server did not provide any stacktrace information)
Command duration or timeout: 0 milliseconds
For documentation on this error, please visit: https://www.seleniumhq.org/exceptions/no_such_element.html
Build info: version: '3.141.59', revision: 'e82be7d358', time: '2018-11-14T08:17:03'
[...]
Expected: visible">
      <![CDATA[Element not found {By.xpath: //li//div[contains(text(), 'Watford')]}
Expected: visible
Screenshot: file:/C:/Users/lukhovytskyi/Documents/GitHub/idealflatmatetest/build/reports/tests/1548757038322.62.png
Page source: file:/C:/Users/lukhovytskyi/Documents/GitHub/idealflatmatetest/build/reports/tests/1548757038322.62.html
Timeout: 10 s.
Caused by: NoSuchElementException: no such element: Unable to locate element: {"method":"xpath","selector":"//li//div[contains(text(), 'Watford')]"}
at com.codeborne.selenide.impl.WebElementSource.createElementNotFoundError(WebElementSource.java:31)
at com.codeborne.selenide.impl.ElementFinder.createElementNotFoundError(ElementFinder.java:82)
at com.codeborne.selenide.impl.WebElementSource.checkCondition(WebElementSource.java:59)
at com.codeborne.selenide.impl.WebElementSource.findAndAssertElementIsVisible(WebElementSource.java:72)
at com.codeborne.selenide.commands.Click.execute(Click.java:16)
at com.codeborne.selenide.commands.Click.execute(Click.java:12)
at com.codeborne.selenide.commands.Commands.execute(Commands.java:144)
at com.codeborne.selenide.impl.SelenideElementProxy.dispatchAndRetry(SelenideElementProxy.java:87)
at com.codeborne.selenide.impl.SelenideElementProxy.invoke(SelenideElementProxy.java:63)
at com.sun.proxy.$Proxy5.click(Unknown Source)
at uk.co.idealflatmate.appmanager.HelperBase.FieldEnter(HelperBase.java:106)
at uk.co.idealflatmate.appmanager.SignUpHelper.preferredLocation(SignUpHelper.java:168)
at uk.co.idealflatmate.tests.SignUpTest.headerRoomSignUpHomePageTenant(SignUpTest.java:95)
at java.util.concurrent.ThreadPoolExecutor.runWorker(ThreadPoolExecutor.java:1149)
at java.util.concurrent.ThreadPoolExecutor$Worker.run(ThreadPoolExecutor.java:624)
at java.lang.Thread.run(Thread.java:748)
Caused by: org.openqa.selenium.NoSuchElementException: no such element: Unable to locate element: {"method":"xpath","selector":"//li//div[contains(text(), 'Watford')]"}
  (Session info: chrome=71.0.3578.98)
  (Driver info: chromedriver=72.0.3626.69 (3c16f8a135abc0d4da2dff33804db79b849a7c38),platform=Windows NT 10.0.16299 x86_64) (WARNING: The server did not provide any stacktrace information)
Command duration or timeout: 0 milliseconds
For documentation on this error, please visit: https://www.seleniumhq.org/exceptions/no_such_element.html
Build info: version: '3.141.59', revision: 'e82be7d358', time: '2018-11-14T08:17:03'
System info: host: 'PRIVATE-1074', ip: '10.8.1.74', os.name: 'Windows 10', os.arch: 'amd64', os.version: '10.0', java.version: '1.8.0_152'
Driver info: org.openqa.selenium.chrome.ChromeDriver
Capabilities {acceptInsecureCerts: false, acceptSslCerts: false, applicationCacheEnabled: false, browserConnectionEnabled: false, browserName: chrome, chrome: {chromedriverVersion: 72.0.3626.69 (3c16f8a135abc..., userDataDir: C:\Users\LUKHOV~1\AppData\L...}, cssSelectorsEnabled: true, databaseEnabled: false, goog:chromeOptions: {debuggerAddress: localhost:52246}, handlesAlerts: true, hasTouchScreen: false, javascriptEnabled: true, locationContextEnabled: true, mobileEmulationEnabled: false, nativeEvents: true, networkConnectionEnabled: false, pageLoadStrategy: normal, platform: XP, platformName: XP, proxy: Proxy(), rotatable: false, setWindowRect: true, takesHeapSnapshot: true, takesScreenshot: true, timeouts: {implicit: 0, pageLoad: 300000, script: 30000}, unexpectedAlertBehaviour: ignore, unhandledPromptBehavior: ignore, version: 71.0.3578.98, webStorageEnabled: true}
Session ID: b7732a60bd7c62abec440b3fc629e0d3
*** Element info: {Using=xpath, value=//li//div[contains(text(), 'Watford')]}
at org.openqa.selenium.remote.ErrorHandler.createThrowable(ErrorHandler.java:214)
at org.openqa.selenium.remote.ErrorHandler.throwIfResponseFailed(ErrorHandler.java:166)
at org.openqa.selenium.remote.http.JsonHttpResponseCodec.reconstructValue(JsonHttpResponseCodec.java:40)
at org.openqa.selenium.remote.http.AbstractHttpResponseCodec.decode(AbstractHttpResponseCodec.java:80)
at org.openqa.selenium.remote.http.AbstractHttpResponseCodec.decode(AbstractHttpResponseCodec.java:44)
at org.openqa.selenium.remote.HttpCommandExecutor.execute(HttpCommandExecutor.java:158)
at org.openqa.selenium.remote.service.DriverCommandExecutor.execute(DriverCommandExecutor.java:83)
at org.openqa.selenium.remote.RemoteWebDriver.execute(RemoteWebDriver.java:552)
at org.openqa.selenium.remote.RemoteWebDriver.findElement(RemoteWebDriver.java:323)
at org.openqa.selenium.remote.RemoteWebDriver.findElementByXPath(RemoteWebDriver.java:428)
at org.openqa.selenium.By$ByXPath.findElement(By.java:353)
at org.openqa.selenium.remote.RemoteWebDriver.findElement(RemoteWebDriver.java:315)
at com.codeborne.selenide.impl.WebElementSelector.findElement(WebElementSelector.java:29)
at com.codeborne.selenide.impl.ElementFinder.getWebElement(ElementFinder.java:56)
at com.codeborne.selenide.impl.WebElementSource.checkCondition(WebElementSource.java:44)
... 23 more
... Removed 13 stack frames]]>
    </failure>
  </testcase> <!-- headerRoomSignUpHomePageTenant -->
  <testcase name="signUpViaFBlistingAgent" time="48.836" classname="uk.co.idealflatmate.tests.SignUpTest">
    <failure type="com.codeborne.selenide.ex.ElementNotFound" message="Element not found {#email}
Expected: visible">
      <![CDATA[Element not found {#email}
Expected: visible
Screenshot: file:/C:/Users/lukhovytskyi/Documents/GitHub/idealflatmatetest/build/reports/tests/1548757045180.63.png
Page source: file:/C:/Users/lukhovytskyi/Documents/GitHub/idealflatmatetest/build/reports/tests/1548757045180.63.html
Timeout: 10 s.
Caused by: NoSuchElementException: no such element: Unable to locate element: {"method":"css selector","selector":"#email"}
at com.codeborne.selenide.impl.WebElementSource.createElementNotFoundError(WebElementSource.java:31)
at com.codeborne.selenide.impl.ElementFinder.createElementNotFoundError(ElementFinder.java:82)
at com.codeborne.selenide.impl.WebElementSource.checkCondition(WebElementSource.java:59)
at com.codeborne.selenide.impl.WebElementSource.findAndAssertElementIsVisible(WebElementSource.java:72)
at com.codeborne.selenide.commands.SetValue.execute(SetValue.java:21)
at com.codeborne.selenide.commands.SetValue.execute(SetValue.java:14)
at com.codeborne.selenide.commands.Commands.execute(Commands.java:144)
at com.codeborne.selenide.impl.SelenideElementProxy.dispatchAndRetry(SelenideElementProxy.java:87)
at com.codeborne.selenide.impl.SelenideElementProxy.invoke(SelenideElementProxy.java:63)
at com.sun.proxy.$Proxy5.setValue(Unknown Source)
at uk.co.idealflatmate.appmanager.AuthorizationHelper.LoginFacebookWithNewAccount(AuthorizationHelper.java:57)
at uk.co.idealflatmate.tests.SignUpTest.signUpViaFBlistingAgent(SignUpTest.java:354)
at java.util.concurrent.ThreadPoolExecutor.runWorker(ThreadPoolExecutor.java:1149)
at java.util.concurrent.ThreadPoolExecutor$Worker.run(ThreadPoolExecutor.java:624)
at java.lang.Thread.run(Thread.java:748)
Caused by: org.openqa.selenium.NoSuchElementException: no such element: Unable to locate element: {"method":"css selector","selector":"#email"}
  (Session info: chrome=71.0.3578.98)
  (Driver info: chromedriver=72.0.3626.69 (3c16f8a135abc0d4da2dff33804db79b849a7c38),platform=Windows NT 10.0.16299 x86_64) (WARNING: The server did not provide any stacktrace information)
Command duration or timeout: 0 milliseconds
For documentation on this error, please visit: https://www.seleniumhq.org/exceptions/no_such_element.html
Build info: version: '3.141.59', revision: 'e82be7d358', time: '2018-11-14T08:17:03'
System info: host: 'PRIVATE-1074', ip: '10.8.1.74', os.name: 'Windows 10', os.arch: 'amd64', os.version: '10.0', java.version: '1.8.0_152'
Driver info: org.openqa.selenium.chrome.ChromeDriver
Capabilities {acceptInsecureCerts: false, acceptSslCerts: false, applicationCacheEnabled: false, browserConnectionEnabled: false, browserName: chrome, chrome: {chromedriverVersion: 72.0.3626.69 (3c16f8a135abc..., userDataDir: C:\Users\LUKHOV~1\AppData\L...}, cssSelectorsEnabled: true, databaseEnabled: false, goog:chromeOptions: {debuggerAddress: localhost:54913}, handlesAlerts: true, hasTouchScreen: false, javascriptEnabled: true, locationContextEnabled: true, mobileEmulationEnabled: false, nativeEvents: true, networkConnectionEnabled: false, pageLoadStrategy: normal, platform: XP, platformName: XP, proxy: Proxy(), rotatable: false, setWindowRect: true, takesHeapSnapshot: true, takesScreenshot: true, timeouts: {implicit: 0, pageLoad: 300000, script: 30000}, unexpectedAlertBehaviour: ignore, unhandledPromptBehavior: ignore, version: 71.0.3578.98, webStorageEnabled: true}
Session ID: 8f977260d25a9189a906ae78d93c471d
*** Element info: {Using=css selector, value=#email}
at org.openqa.selenium.remote.ErrorHandler.createThrowable(ErrorHandler.java:214)
at org.openqa.selenium.remote.ErrorHandler.throwIfResponseFailed(ErrorHandler.java:166)
at org.openqa.selenium.remote.http.JsonHttpResponseCodec.reconstructValue(JsonHttpResponseCodec.java:40)
at org.openqa.selenium.remote.http.AbstractHttpResponseCodec.decode(AbstractHttpResponseCodec.java:80)
at org.openqa.selenium.remote.http.AbstractHttpResponseCodec.decode(AbstractHttpResponseCodec.java:44)
at org.openqa.selenium.remote.HttpCommandExecutor.execute(HttpCommandExecutor.java:158)
at org.openqa.selenium.remote.service.DriverCommandExecutor.execute(DriverCommandExecutor.java:83)
at org.openqa.selenium.remote.RemoteWebDriver.execute(RemoteWebDriver.java:552)
at org.openqa.selenium.remote.RemoteWebDriver.findElement(RemoteWebDriver.java:323)
at org.openqa.selenium.remote.RemoteWebDriver.findElementByCssSelector(RemoteWebDriver.java:420)
at org.openqa.selenium.By$ByCssSelector.findElement(By.java:431)
at org.openqa.selenium.remote.RemoteWebDriver.findElement(RemoteWebDriver.java:315)
at com.codeborne.selenide.impl.WebElementSelector.findElement(WebElementSelector.java:29)
at com.codeborne.selenide.impl.ElementFinder.getWebElement(ElementFinder.java:56)
at com.codeborne.selenide.impl.WebElementSource.checkCondition(WebElementSource.java:44)
... 22 more
... Removed 13 stack frames]]>
    </failure>
  </testcase> <!-- signUpViaFBlistingAgent -->
  <testcase name="headerSignUpWithExistingEmail" time="58.676" classname="uk.co.idealflatmate.tests.SignUpTest"/>
  <testcase name="TestSuccessfulEmailReceivingWelcomeListingMessageSubscriptionCancSub" time="98.485" classname="uk.co.idealflatmate.tests.ZEmailTests">
    <failure type="com.codeborne.selenide.ex.ElementNotFound" message="Element not found {By.xpath: //span[contains(text(), &amp;apos;AM&amp;apos;) or contains(text(), &amp;apos;PM&amp;apos;)]//ancestor::tr//div[span[contains(text(), &amp;apos;Welcome&amp;apos;)]][1]//ancestor::tr//td/div[@role=&amp;apos;checkbox&amp;apos;]}
Expected: exist">
      <![CDATA[Element not found {By.xpath: //span[contains(text(), 'AM') or contains(text(), 'PM')]//ancestor::tr//div[span[contains(text(), 'Welcome')]][1]//ancestor::tr//td/div[@role='checkbox']}
Expected: exist
Screenshot: file:/C:/Users/lukhovytskyi/Documents/GitHub/idealflatmatetest/build/reports/tests/1548757067236.64.png
Page source: file:/C:/Users/lukhovytskyi/Documents/GitHub/idealflatmatetest/build/reports/tests/1548757067236.64.html
Timeout: 10 s.
Caused by: StaleElementReferenceException: stale element reference: element is not attached to the page document
at com.codeborne.selenide.impl.WebElementSource.createElementNotFoundError(WebElementSource.java:31)
at com.codeborne.selenide.impl.ElementFinder.createElementNotFoundError(ElementFinder.java:82)
at com.codeborne.selenide.impl.SelenideElementProxy.dispatchAndRetry(SelenideElementProxy.java:116)
at com.codeborne.selenide.impl.SelenideElementProxy.invoke(SelenideElementProxy.java:63)
at com.sun.proxy.$Proxy5.click(Unknown Source)
at uk.co.idealflatmate.appmanager.EmailHelper.tipCheckboxWelcome(EmailHelper.java:59)
at uk.co.idealflatmate.tests.ZEmailTests.TestSuccessfulEmailReceivingWelcomeListingMessageSubscriptionCancSub(ZEmailTests.java:18)
at java.util.concurrent.ThreadPoolExecutor.runWorker(ThreadPoolExecutor.java:1149)
at java.util.concurrent.ThreadPoolExecutor$Worker.run(ThreadPoolExecutor.java:624)
at java.lang.Thread.run(Thread.java:748)
Caused by: org.openqa.selenium.StaleElementReferenceException: stale element reference: element is not attached to the page document
  (Session info: chrome=71.0.3578.98)
  (Driver info: chromedriver=72.0.3626.69 (3c16f8a135abc0d4da2dff33804db79b849a7c38),platform=Windows NT 10.0.16299 x86_64) (WARNING: The server did not provide any stacktrace information)
Command duration or timeout: 0 milliseconds
For documentation on this error, please visit: https://www.seleniumhq.org/exceptions/stale_element_reference.html
Build info: version: '3.141.59', revision: 'e82be7d358', time: '2018-11-14T08:17:03'
System info: host: 'PRIVATE-1074', ip: '10.8.1.74', os.name: 'Windows 10', os.arch: 'amd64', os.version: '10.0', java.version: '1.8.0_152'
Driver info: org.openqa.selenium.chrome.ChromeDriver
Capabilities {acceptInsecureCerts: false, acceptSslCerts: false, applicationCacheEnabled: false, browserConnectionEnabled: false, browserName: chrome, chrome: {chromedriverVersion: 72.0.3626.69 (3c16f8a135abc..., userDataDir: C:\Users\LUKHOV~1\AppData\L...}, cssSelectorsEnabled: true, databaseEnabled: false, goog:chromeOptions: {debuggerAddress: localhost:52092}, handlesAlerts: true, hasTouchScreen: false, javascriptEnabled: true, locationContextEnabled: true, mobileEmulationEnabled: false, nativeEvents: true, networkConnectionEnabled: false, pageLoadStrategy: normal, platform: XP, platformName: XP, proxy: Proxy(), rotatable: false, setWindowRect: true, takesHeapSnapshot: true, takesScreenshot: true, timeouts: {implicit: 0, pageLoad: 300000, script: 30000}, unexpectedAlertBehaviour: ignore, unhandledPromptBehavior: ignore, version: 71.0.3578.98, webStorageEnabled: true}
Session ID: 693cce3b17c4ea534891961b8dac4738
at org.openqa.selenium.remote.ErrorHandler.createThrowable(ErrorHandler.java:214)
at org.openqa.selenium.remote.ErrorHandler.throwIfResponseFailed(ErrorHandler.java:166)
at org.openqa.selenium.remote.http.JsonHttpResponseCodec.reconstructValue(JsonHttpResponseCodec.java:40)
at org.openqa.selenium.remote.http.AbstractHttpResponseCodec.decode(AbstractHttpResponseCodec.java:80)
at org.openqa.selenium.remote.http.AbstractHttpResponseCodec.decode(AbstractHttpResponseCodec.java:44)
at org.openqa.selenium.remote.HttpCommandExecutor.execute(HttpCommandExecutor.java:158)
at org.openqa.selenium.remote.service.DriverCommandExecutor.execute(DriverCommandExecutor.java:83)
at org.openqa.selenium.remote.RemoteWebDriver.execute(RemoteWebDriver.java:552)
at org.openqa.selenium.remote.RemoteWebElement.execute(RemoteWebElement.java:285)
at org.openqa.selenium.remote.RemoteWebElement.click(RemoteWebElement.java:84)
at com.codeborne.selenide.commands.Click.click(Click.java:29)
at com.codeborne.selenide.commands.Click.execute(Click.java:16)
at com.codeborne.selenide.commands.Click.execute(Click.java:12)
at com.codeborne.selenide.commands.Commands.execute(Commands.java:144)
at com.codeborne.selenide.impl.SelenideElementProxy.dispatchAndRetry(SelenideElementProxy.java:87)
... 17 more
... Removed 14 stack frames]]>
    </failure>
  </testcase> <!-- TestSuccessfulEmailReceivingWelcomeListingMessageSubscriptionCancSub -->
  <testcase name="headerSignUpWithBlankRequiredFieldsMoreAboutYou" time="60.344" classname="uk.co.idealflatmate.tests.SignUpTest"/>
  <testcase name="headerSignUpWithBlankRequiredFieldsYourInf" time="46.085" classname="uk.co.idealflatmate.tests.SignUpTest"/>
  <testcase name="headerSignUpWithBlankRequiredFieldsLocation" time="124.578" classname="uk.co.idealflatmate.tests.SignUpTest"/>
  <testcase name="@AfterSuite tearDown" time="0.0" classname="uk.co.idealflatmate.tests.TestBase">
    <ignored/>
  </testcase> <!-- @AfterSuite tearDown -->
  <testcase name="@AfterSuite tearDown" time="0.0" classname="uk.co.idealflatmate.tests.TestBase">
    <ignored/>
  </testcase> <!-- @AfterSuite tearDown -->
  <testcase name="@AfterSuite tearDown" time="0.0" classname="uk.co.idealflatmate.tests.TestBase">
    <ignored/>
  </testcase> <!-- @AfterSuite tearDown -->
  <testcase name="@AfterSuite tearDown" time="0.0" classname="uk.co.idealflatmate.tests.TestBase">
    <ignored/>
  </testcase> <!-- @AfterSuite tearDown -->
  <testcase name="@AfterSuite tearDown" time="0.0" classname="uk.co.idealflatmate.tests.TestBase">
    <ignored/>
  </testcase> <!-- @AfterSuite tearDown -->
  <testcase name="@AfterSuite tearDown" time="0.0" classname="uk.co.idealflatmate.tests.TestBase">
    <ignored/>
  </testcase> <!-- @AfterSuite tearDown -->
  <testcase name="@AfterSuite tearDown" time="0.0" classname="uk.co.idealflatmate.tests.TestBase">
    <ignored/>
  </testcase> <!-- @AfterSuite tearDown -->
  <testcase name="@AfterSuite tearDown" time="0.0" classname="uk.co.idealflatmate.tests.TestBase">
    <ignored/>
  </testcase> <!-- @AfterSuite tearDown -->
  <testcase name="@AfterSuite tearDown" time="0.0" classname="uk.co.idealflatmate.tests.TestBase">
    <ignored/>
  </testcase> <!-- @AfterSuite tearDown -->
  <testcase name="@AfterSuite tearDown" time="0.0" classname="uk.co.idealflatmate.tests.TestBase">
    <ignored/>
  </testcase> <!-- @AfterSuite tearDown -->
  <testcase name="@AfterSuite tearDown" time="0.0" classname="uk.co.idealflatmate.tests.TestBase">
    <ignored/>
  </testcase> <!-- @AfterSuite tearDown -->
  <testcase name="@AfterSuite tearDown" time="0.0" classname="uk.co.idealflatmate.tests.TestBase">
    <ignored/>
  </testcase> <!-- @AfterSuite tearDown -->
  <testcase name="@AfterSuite tearDown" time="0.0" classname="uk.co.idealflatmate.tests.TestBase">
    <ignored/>
  </testcase> <!-- @AfterSuite tearDown -->
  <testcase name="@BeforeSuite setupSiute" time="0.0" classname="uk.co.idealflatmate.tests.TestBase">
    <ignored/>
  </testcase> <!-- @BeforeSuite setupSiute -->
  <testcase name="@BeforeSuite setupSiute" time="0.0" classname="uk.co.idealflatmate.tests.TestBase">
    <ignored/>
  </testcase> <!-- @BeforeSuite setupSiute -->
  <testcase name="@BeforeSuite setupSiute" time="0.0" classname="uk.co.idealflatmate.tests.TestBase">
    <ignored/>
  </testcase> <!-- @BeforeSuite setupSiute -->
  <testcase name="@BeforeSuite setupSiute" time="0.0" classname="uk.co.idealflatmate.tests.TestBase">
    <ignored/>
  </testcase> <!-- @BeforeSuite setupSiute -->
  <testcase name="@BeforeSuite setupSiute" time="0.0" classname="uk.co.idealflatmate.tests.TestBase">
    <ignored/>
  </testcase> <!-- @BeforeSuite setupSiute -->
  <testcase name="@BeforeSuite setupSiute" time="0.0" classname="uk.co.idealflatmate.tests.TestBase">
    <ignored/>
  </testcase> <!-- @BeforeSuite setupSiute -->
  <testcase name="@BeforeSuite setupSiute" time="0.0" classname="uk.co.idealflatmate.tests.TestBase">
    <ignored/>
  </testcase> <!-- @BeforeSuite setupSiute -->
  <testcase name="@BeforeSuite setupSiute" time="0.0" classname="uk.co.idealflatmate.tests.TestBase">
    <ignored/>
  </testcase> <!-- @BeforeSuite setupSiute -->
  <testcase name="@BeforeSuite setupSiute" time="0.0" classname="uk.co.idealflatmate.tests.TestBase">
    <ignored/>
  </testcase> <!-- @BeforeSuite setupSiute -->
  <testcase name="@BeforeSuite setupSiute" time="0.0" classname="uk.co.idealflatmate.tests.TestBase">
    <ignored/>
  </testcase> <!-- @BeforeSuite setupSiute -->
  <testcase name="@BeforeSuite setupSiute" time="0.0" classname="uk.co.idealflatmate.tests.TestBase">
    <ignored/>
  </testcase> <!-- @BeforeSuite setupSiute -->
  <testcase name="@BeforeSuite setupSiute" time="0.0" classname="uk.co.idealflatmate.tests.TestBase">
    <ignored/>
  </testcase> <!-- @BeforeSuite setupSiute -->
  <testcase name="@BeforeSuite setupSiute" time="0.0" classname="uk.co.idealflatmate.tests.TestBase">
    <ignored/>
  </testcase> <!-- @BeforeSuite setupSiute -->
</testsuite> <!-- Surefire test -->
