<?xml version="1.0" encoding="UTF-8"?>
<!-- Generated by org.testng.reporters.JUnitXMLReporter -->
<testsuite hostname="Private-1074" ignored="28" name="Surefire test" tests="127" failures="2" timestamp="20 Feb 2019 12:05:50 GMT" time="452.688" errors="0">
  <testcase name="@BeforeMethod setupMethod" time="0.001" classname="uk.co.idealflatmate.tests.TestBase">
    <failure type="org.openqa.selenium.NoSuchWindowException" message="no such window: target window already closed
from unknown error: web view not found
  (Session info: chrome=72.0.3626.109)
  (Driver info: chromedriver=2.46.628402 (536cd7adbad73a3783fdc2cab92ab2ba7ec361e1),platform=Windows NT 10.0.16299 x86_64) (WARNING: The server did not provide any stacktrace information)
Command duration or timeout: 0 milliseconds
Build info: version: &amp;apos;3.141.59&amp;apos;, revision: &amp;apos;e82be7d358&amp;apos;, time: &amp;apos;2018-11-14T08:17:03&amp;apos;
System info: host: &amp;apos;PRIVATE-1074&amp;apos;, ip: &amp;apos;10.8.1.74&amp;apos;, os.name: &amp;apos;Windows 10&amp;apos;, os.arch: &amp;apos;amd64&amp;apos;, os.version: &amp;apos;10.0&amp;apos;, java.version: &amp;apos;1.8.0_152&amp;apos;
Driver info: org.openqa.selenium.chrome.ChromeDriver
Capabilities {acceptInsecureCerts: false, acceptSslCerts: false, applicationCacheEnabled: false, browserConnectionEnabled: false, browserName: chrome, chrome: {chromedriverVersion: 2.46.628402 (536cd7adbad73a..., userDataDir: C:\Users\LUKHOV~1\AppData\L...}, cssSelectorsEnabled: true, databaseEnabled: false, goog:chromeOptions: {debuggerAddress: localhost:59117}, handlesAlerts: true, hasTouchScreen: false, javascriptEnabled: true, locationContextEnabled: true, mobileEmulationEnabled: false, nativeEvents: true, networkConnectionEnabled: false, pageLoadStrategy: normal, platform: XP, platformName: XP, proxy: Proxy(), rotatable: false, setWindowRect: true, strictFileInteractability: false, takesHeapSnapshot: true, takesScreenshot: true, timeouts: {implicit: 0, pageLoad: 300000, script: 30000}, unexpectedAlertBehaviour: ignore, unhandledPromptBehavior: ignore, version: 72.0.3626.109, webStorageEnabled: true}
Session ID: aec5e52f9a3fdc288040394be647ba8f">
      <![CDATA[org.openqa.selenium.NoSuchWindowException: no such window: target window already closed
from unknown error: web view not found
  (Session info: chrome=72.0.3626.109)
  (Driver info: chromedriver=2.46.628402 (536cd7adbad73a3783fdc2cab92ab2ba7ec361e1),platform=Windows NT 10.0.16299 x86_64) (WARNING: The server did not provide any stacktrace information)
Command duration or timeout: 0 milliseconds
Build info: version: '3.141.59', revision: 'e82be7d358', time: '2018-11-14T08:17:03'
System info: host: 'PRIVATE-1074', ip: '10.8.1.74', os.name: 'Windows 10', os.arch: 'amd64', os.version: '10.0', java.version: '1.8.0_152'
Driver info: org.openqa.selenium.chrome.ChromeDriver
Capabilities {acceptInsecureCerts: false, acceptSslCerts: false, applicationCacheEnabled: false, browserConnectionEnabled: false, browserName: chrome, chrome: {chromedriverVersion: 2.46.628402 (536cd7adbad73a..., userDataDir: C:\Users\LUKHOV~1\AppData\L...}, cssSelectorsEnabled: true, databaseEnabled: false, goog:chromeOptions: {debuggerAddress: localhost:59117}, handlesAlerts: true, hasTouchScreen: false, javascriptEnabled: true, locationContextEnabled: true, mobileEmulationEnabled: false, nativeEvents: true, networkConnectionEnabled: false, pageLoadStrategy: normal, platform: XP, platformName: XP, proxy: Proxy(), rotatable: false, setWindowRect: true, strictFileInteractability: false, takesHeapSnapshot: true, takesScreenshot: true, timeouts: {implicit: 0, pageLoad: 300000, script: 30000}, unexpectedAlertBehaviour: ignore, unhandledPromptBehavior: ignore, version: 72.0.3626.109, webStorageEnabled: true}
Session ID: aec5e52f9a3fdc288040394be647ba8f
at org.openqa.selenium.remote.ErrorHandler.createThrowable(ErrorHandler.java:214)
at org.openqa.selenium.remote.ErrorHandler.throwIfResponseFailed(ErrorHandler.java:166)
at org.openqa.selenium.remote.http.JsonHttpResponseCodec.reconstructValue(JsonHttpResponseCodec.java:40)
at org.openqa.selenium.remote.http.AbstractHttpResponseCodec.decode(AbstractHttpResponseCodec.java:80)
at org.openqa.selenium.remote.http.AbstractHttpResponseCodec.decode(AbstractHttpResponseCodec.java:44)
at org.openqa.selenium.remote.HttpCommandExecutor.execute(HttpCommandExecutor.java:158)
at org.openqa.selenium.remote.service.DriverCommandExecutor.execute(DriverCommandExecutor.java:83)
at org.openqa.selenium.remote.RemoteWebDriver.execute(RemoteWebDriver.java:552)
at org.openqa.selenium.remote.RemoteWebDriver.execute(RemoteWebDriver.java:609)
at org.openqa.selenium.remote.RemoteWebDriver.getCurrentUrl(RemoteWebDriver.java:287)
at com.codeborne.selenide.impl.WebDriverThreadLocalContainer.getCurrentUrl(WebDriverThreadLocalContainer.java:206)
at com.codeborne.selenide.WebDriverRunner.url(WebDriverRunner.java:270)
at uk.co.idealflatmate.appmanager.HelperBase.pageUrlVerifLiveGoStage(HelperBase.java:132)
at uk.co.idealflatmate.tests.TestBase.setupMethod(TestBase.java:94)
... Removed 35 stack frames]]>
    </failure>
  </testcase> <!-- @BeforeMethod setupMethod -->
  <testcase name="@BeforeMethod setupMethod" time="0.0" classname="uk.co.idealflatmate.tests.TestBase">
    <skipped/>
  </testcase> <!-- @BeforeMethod setupMethod -->
  <testcase name="@BeforeMethod setupMethod" time="0.0" classname="uk.co.idealflatmate.tests.TestBase">
    <skipped/>
  </testcase> <!-- @BeforeMethod setupMethod -->
  <testcase name="@BeforeMethod setupMethod" time="0.0" classname="uk.co.idealflatmate.tests.TestBase">
    <skipped/>
  </testcase> <!-- @BeforeMethod setupMethod -->
  <testcase name="@BeforeMethod setupMethod" time="0.0" classname="uk.co.idealflatmate.tests.TestBase">
    <skipped/>
  </testcase> <!-- @BeforeMethod setupMethod -->
  <testcase name="@BeforeMethod setupMethod" time="0.001" classname="uk.co.idealflatmate.tests.TestBase">
    <failure type="org.openqa.selenium.NoSuchWindowException" message="no such window: target window already closed
from unknown error: web view not found
  (Session info: chrome=72.0.3626.109)
  (Driver info: chromedriver=2.46.628402 (536cd7adbad73a3783fdc2cab92ab2ba7ec361e1),platform=Windows NT 10.0.16299 x86_64) (WARNING: The server did not provide any stacktrace information)
Command duration or timeout: 0 milliseconds
Build info: version: &amp;apos;3.141.59&amp;apos;, revision: &amp;apos;e82be7d358&amp;apos;, time: &amp;apos;2018-11-14T08:17:03&amp;apos;
System info: host: &amp;apos;PRIVATE-1074&amp;apos;, ip: &amp;apos;10.8.1.74&amp;apos;, os.name: &amp;apos;Windows 10&amp;apos;, os.arch: &amp;apos;amd64&amp;apos;, os.version: &amp;apos;10.0&amp;apos;, java.version: &amp;apos;1.8.0_152&amp;apos;
Driver info: org.openqa.selenium.chrome.ChromeDriver
Capabilities {acceptInsecureCerts: false, acceptSslCerts: false, applicationCacheEnabled: false, browserConnectionEnabled: false, browserName: chrome, chrome: {chromedriverVersion: 2.46.628402 (536cd7adbad73a..., userDataDir: C:\Users\LUKHOV~1\AppData\L...}, cssSelectorsEnabled: true, databaseEnabled: false, goog:chromeOptions: {debuggerAddress: localhost:59117}, handlesAlerts: true, hasTouchScreen: false, javascriptEnabled: true, locationContextEnabled: true, mobileEmulationEnabled: false, nativeEvents: true, networkConnectionEnabled: false, pageLoadStrategy: normal, platform: XP, platformName: XP, proxy: Proxy(), rotatable: false, setWindowRect: true, strictFileInteractability: false, takesHeapSnapshot: true, takesScreenshot: true, timeouts: {implicit: 0, pageLoad: 300000, script: 30000}, unexpectedAlertBehaviour: ignore, unhandledPromptBehavior: ignore, version: 72.0.3626.109, webStorageEnabled: true}
Session ID: aec5e52f9a3fdc288040394be647ba8f">
      <![CDATA[org.openqa.selenium.NoSuchWindowException: no such window: target window already closed
from unknown error: web view not found
  (Session info: chrome=72.0.3626.109)
  (Driver info: chromedriver=2.46.628402 (536cd7adbad73a3783fdc2cab92ab2ba7ec361e1),platform=Windows NT 10.0.16299 x86_64) (WARNING: The server did not provide any stacktrace information)
Command duration or timeout: 0 milliseconds
Build info: version: '3.141.59', revision: 'e82be7d358', time: '2018-11-14T08:17:03'
System info: host: 'PRIVATE-1074', ip: '10.8.1.74', os.name: 'Windows 10', os.arch: 'amd64', os.version: '10.0', java.version: '1.8.0_152'
Driver info: org.openqa.selenium.chrome.ChromeDriver
Capabilities {acceptInsecureCerts: false, acceptSslCerts: false, applicationCacheEnabled: false, browserConnectionEnabled: false, browserName: chrome, chrome: {chromedriverVersion: 2.46.628402 (536cd7adbad73a..., userDataDir: C:\Users\LUKHOV~1\AppData\L...}, cssSelectorsEnabled: true, databaseEnabled: false, goog:chromeOptions: {debuggerAddress: localhost:59117}, handlesAlerts: true, hasTouchScreen: false, javascriptEnabled: true, locationContextEnabled: true, mobileEmulationEnabled: false, nativeEvents: true, networkConnectionEnabled: false, pageLoadStrategy: normal, platform: XP, platformName: XP, proxy: Proxy(), rotatable: false, setWindowRect: true, strictFileInteractability: false, takesHeapSnapshot: true, takesScreenshot: true, timeouts: {implicit: 0, pageLoad: 300000, script: 30000}, unexpectedAlertBehaviour: ignore, unhandledPromptBehavior: ignore, version: 72.0.3626.109, webStorageEnabled: true}
Session ID: aec5e52f9a3fdc288040394be647ba8f
at org.openqa.selenium.remote.ErrorHandler.createThrowable(ErrorHandler.java:214)
at org.openqa.selenium.remote.ErrorHandler.throwIfResponseFailed(ErrorHandler.java:166)
at org.openqa.selenium.remote.http.JsonHttpResponseCodec.reconstructValue(JsonHttpResponseCodec.java:40)
at org.openqa.selenium.remote.http.AbstractHttpResponseCodec.decode(AbstractHttpResponseCodec.java:80)
at org.openqa.selenium.remote.http.AbstractHttpResponseCodec.decode(AbstractHttpResponseCodec.java:44)
at org.openqa.selenium.remote.HttpCommandExecutor.execute(HttpCommandExecutor.java:158)
at org.openqa.selenium.remote.service.DriverCommandExecutor.execute(DriverCommandExecutor.java:83)
at org.openqa.selenium.remote.RemoteWebDriver.execute(RemoteWebDriver.java:552)
at org.openqa.selenium.remote.RemoteWebDriver.execute(RemoteWebDriver.java:609)
at org.openqa.selenium.remote.RemoteWebDriver.getCurrentUrl(RemoteWebDriver.java:287)
at com.codeborne.selenide.impl.WebDriverThreadLocalContainer.getCurrentUrl(WebDriverThreadLocalContainer.java:206)
at com.codeborne.selenide.WebDriverRunner.url(WebDriverRunner.java:270)
at uk.co.idealflatmate.appmanager.HelperBase.pageUrlVerifLiveGoStage(HelperBase.java:132)
at uk.co.idealflatmate.tests.TestBase.setupMethod(TestBase.java:94)
... Removed 35 stack frames]]>
    </failure>
  </testcase> <!-- @BeforeMethod setupMethod -->
  <testcase name="@BeforeMethod setupMethod" time="0.0" classname="uk.co.idealflatmate.tests.TestBase">
    <skipped/>
  </testcase> <!-- @BeforeMethod setupMethod -->
  <testcase name="@BeforeMethod setupMethod" time="0.0" classname="uk.co.idealflatmate.tests.TestBase">
    <skipped/>
  </testcase> <!-- @BeforeMethod setupMethod -->
  <testcase name="@BeforeMethod setupMethod" time="0.0" classname="uk.co.idealflatmate.tests.TestBase">
    <skipped/>
  </testcase> <!-- @BeforeMethod setupMethod -->
  <testcase name="@BeforeMethod setupMethod" time="0.0" classname="uk.co.idealflatmate.tests.TestBase">
    <skipped/>
  </testcase> <!-- @BeforeMethod setupMethod -->
  <testcase name="@BeforeMethod setupMethod" time="0.0" classname="uk.co.idealflatmate.tests.TestBase">
    <skipped/>
  </testcase> <!-- @BeforeMethod setupMethod -->
  <testcase name="@BeforeMethod setupMethod" time="0.001" classname="uk.co.idealflatmate.tests.TestBase">
    <failure type="org.openqa.selenium.NoSuchWindowException" message="no such window: target window already closed
from unknown error: web view not found
  (Session info: chrome=72.0.3626.109)
  (Driver info: chromedriver=2.46.628402 (536cd7adbad73a3783fdc2cab92ab2ba7ec361e1),platform=Windows NT 10.0.16299 x86_64) (WARNING: The server did not provide any stacktrace information)
Command duration or timeout: 0 milliseconds
Build info: version: &amp;apos;3.141.59&amp;apos;, revision: &amp;apos;e82be7d358&amp;apos;, time: &amp;apos;2018-11-14T08:17:03&amp;apos;
System info: host: &amp;apos;PRIVATE-1074&amp;apos;, ip: &amp;apos;10.8.1.74&amp;apos;, os.name: &amp;apos;Windows 10&amp;apos;, os.arch: &amp;apos;amd64&amp;apos;, os.version: &amp;apos;10.0&amp;apos;, java.version: &amp;apos;1.8.0_152&amp;apos;
Driver info: org.openqa.selenium.chrome.ChromeDriver
Capabilities {acceptInsecureCerts: false, acceptSslCerts: false, applicationCacheEnabled: false, browserConnectionEnabled: false, browserName: chrome, chrome: {chromedriverVersion: 2.46.628402 (536cd7adbad73a..., userDataDir: C:\Users\LUKHOV~1\AppData\L...}, cssSelectorsEnabled: true, databaseEnabled: false, goog:chromeOptions: {debuggerAddress: localhost:59117}, handlesAlerts: true, hasTouchScreen: false, javascriptEnabled: true, locationContextEnabled: true, mobileEmulationEnabled: false, nativeEvents: true, networkConnectionEnabled: false, pageLoadStrategy: normal, platform: XP, platformName: XP, proxy: Proxy(), rotatable: false, setWindowRect: true, strictFileInteractability: false, takesHeapSnapshot: true, takesScreenshot: true, timeouts: {implicit: 0, pageLoad: 300000, script: 30000}, unexpectedAlertBehaviour: ignore, unhandledPromptBehavior: ignore, version: 72.0.3626.109, webStorageEnabled: true}
Session ID: aec5e52f9a3fdc288040394be647ba8f">
      <![CDATA[org.openqa.selenium.NoSuchWindowException: no such window: target window already closed
from unknown error: web view not found
  (Session info: chrome=72.0.3626.109)
  (Driver info: chromedriver=2.46.628402 (536cd7adbad73a3783fdc2cab92ab2ba7ec361e1),platform=Windows NT 10.0.16299 x86_64) (WARNING: The server did not provide any stacktrace information)
Command duration or timeout: 0 milliseconds
Build info: version: '3.141.59', revision: 'e82be7d358', time: '2018-11-14T08:17:03'
System info: host: 'PRIVATE-1074', ip: '10.8.1.74', os.name: 'Windows 10', os.arch: 'amd64', os.version: '10.0', java.version: '1.8.0_152'
Driver info: org.openqa.selenium.chrome.ChromeDriver
Capabilities {acceptInsecureCerts: false, acceptSslCerts: false, applicationCacheEnabled: false, browserConnectionEnabled: false, browserName: chrome, chrome: {chromedriverVersion: 2.46.628402 (536cd7adbad73a..., userDataDir: C:\Users\LUKHOV~1\AppData\L...}, cssSelectorsEnabled: true, databaseEnabled: false, goog:chromeOptions: {debuggerAddress: localhost:59117}, handlesAlerts: true, hasTouchScreen: false, javascriptEnabled: true, locationContextEnabled: true, mobileEmulationEnabled: false, nativeEvents: true, networkConnectionEnabled: false, pageLoadStrategy: normal, platform: XP, platformName: XP, proxy: Proxy(), rotatable: false, setWindowRect: true, strictFileInteractability: false, takesHeapSnapshot: true, takesScreenshot: true, timeouts: {implicit: 0, pageLoad: 300000, script: 30000}, unexpectedAlertBehaviour: ignore, unhandledPromptBehavior: ignore, version: 72.0.3626.109, webStorageEnabled: true}
Session ID: aec5e52f9a3fdc288040394be647ba8f
at org.openqa.selenium.remote.ErrorHandler.createThrowable(ErrorHandler.java:214)
at org.openqa.selenium.remote.ErrorHandler.throwIfResponseFailed(ErrorHandler.java:166)
at org.openqa.selenium.remote.http.JsonHttpResponseCodec.reconstructValue(JsonHttpResponseCodec.java:40)
at org.openqa.selenium.remote.http.AbstractHttpResponseCodec.decode(AbstractHttpResponseCodec.java:80)
at org.openqa.selenium.remote.http.AbstractHttpResponseCodec.decode(AbstractHttpResponseCodec.java:44)
at org.openqa.selenium.remote.HttpCommandExecutor.execute(HttpCommandExecutor.java:158)
at org.openqa.selenium.remote.service.DriverCommandExecutor.execute(DriverCommandExecutor.java:83)
at org.openqa.selenium.remote.RemoteWebDriver.execute(RemoteWebDriver.java:552)
at org.openqa.selenium.remote.RemoteWebDriver.execute(RemoteWebDriver.java:609)
at org.openqa.selenium.remote.RemoteWebDriver.getCurrentUrl(RemoteWebDriver.java:287)
at com.codeborne.selenide.impl.WebDriverThreadLocalContainer.getCurrentUrl(WebDriverThreadLocalContainer.java:206)
at com.codeborne.selenide.WebDriverRunner.url(WebDriverRunner.java:270)
at uk.co.idealflatmate.appmanager.HelperBase.pageUrlVerifLiveGoStage(HelperBase.java:132)
at uk.co.idealflatmate.tests.TestBase.setupMethod(TestBase.java:94)
... Removed 35 stack frames]]>
    </failure>
  </testcase> <!-- @BeforeMethod setupMethod -->
  <testcase name="@BeforeMethod setupMethod" time="0.0" classname="uk.co.idealflatmate.tests.TestBase">
    <skipped/>
  </testcase> <!-- @BeforeMethod setupMethod -->
  <testcase name="@BeforeMethod setupMethod" time="0.0" classname="uk.co.idealflatmate.tests.TestBase">
    <skipped/>
  </testcase> <!-- @BeforeMethod setupMethod -->
  <testcase name="@BeforeMethod setupMethod" time="0.0" classname="uk.co.idealflatmate.tests.TestBase">
    <skipped/>
  </testcase> <!-- @BeforeMethod setupMethod -->
  <testcase name="@BeforeMethod setupMethod" time="0.0" classname="uk.co.idealflatmate.tests.TestBase">
    <skipped/>
  </testcase> <!-- @BeforeMethod setupMethod -->
  <testcase name="@BeforeMethod setupMethod" time="0.0" classname="uk.co.idealflatmate.tests.TestBase">
    <skipped/>
  </testcase> <!-- @BeforeMethod setupMethod -->
  <testcase name="@BeforeMethod setupMethod" time="0.0" classname="uk.co.idealflatmate.tests.TestBase">
    <skipped/>
  </testcase> <!-- @BeforeMethod setupMethod -->
  <testcase name="@BeforeMethod setupMethod" time="0.0" classname="uk.co.idealflatmate.tests.TestBase">
    <skipped/>
  </testcase> <!-- @BeforeMethod setupMethod -->
  <testcase name="@BeforeMethod setupMethod" time="0.0" classname="uk.co.idealflatmate.tests.TestBase">
    <skipped/>
  </testcase> <!-- @BeforeMethod setupMethod -->
  <testcase name="@BeforeMethod setupMethod" time="0.0" classname="uk.co.idealflatmate.tests.TestBase">
    <skipped/>
  </testcase> <!-- @BeforeMethod setupMethod -->
  <testcase name="@BeforeMethod setupMethod" time="0.0" classname="uk.co.idealflatmate.tests.TestBase">
    <skipped/>
  </testcase> <!-- @BeforeMethod setupMethod -->
  <testcase name="@BeforeMethod setupMethod" time="0.001" classname="uk.co.idealflatmate.tests.TestBase">
    <failure type="org.openqa.selenium.NoSuchWindowException" message="no such window: target window already closed
from unknown error: web view not found
  (Session info: chrome=72.0.3626.109)
  (Driver info: chromedriver=2.46.628402 (536cd7adbad73a3783fdc2cab92ab2ba7ec361e1),platform=Windows NT 10.0.16299 x86_64) (WARNING: The server did not provide any stacktrace information)
Command duration or timeout: 0 milliseconds
Build info: version: &amp;apos;3.141.59&amp;apos;, revision: &amp;apos;e82be7d358&amp;apos;, time: &amp;apos;2018-11-14T08:17:03&amp;apos;
System info: host: &amp;apos;PRIVATE-1074&amp;apos;, ip: &amp;apos;10.8.1.74&amp;apos;, os.name: &amp;apos;Windows 10&amp;apos;, os.arch: &amp;apos;amd64&amp;apos;, os.version: &amp;apos;10.0&amp;apos;, java.version: &amp;apos;1.8.0_152&amp;apos;
Driver info: org.openqa.selenium.chrome.ChromeDriver
Capabilities {acceptInsecureCerts: false, acceptSslCerts: false, applicationCacheEnabled: false, browserConnectionEnabled: false, browserName: chrome, chrome: {chromedriverVersion: 2.46.628402 (536cd7adbad73a..., userDataDir: C:\Users\LUKHOV~1\AppData\L...}, cssSelectorsEnabled: true, databaseEnabled: false, goog:chromeOptions: {debuggerAddress: localhost:59117}, handlesAlerts: true, hasTouchScreen: false, javascriptEnabled: true, locationContextEnabled: true, mobileEmulationEnabled: false, nativeEvents: true, networkConnectionEnabled: false, pageLoadStrategy: normal, platform: XP, platformName: XP, proxy: Proxy(), rotatable: false, setWindowRect: true, strictFileInteractability: false, takesHeapSnapshot: true, takesScreenshot: true, timeouts: {implicit: 0, pageLoad: 300000, script: 30000}, unexpectedAlertBehaviour: ignore, unhandledPromptBehavior: ignore, version: 72.0.3626.109, webStorageEnabled: true}
Session ID: aec5e52f9a3fdc288040394be647ba8f">
      <![CDATA[org.openqa.selenium.NoSuchWindowException: no such window: target window already closed
from unknown error: web view not found
  (Session info: chrome=72.0.3626.109)
  (Driver info: chromedriver=2.46.628402 (536cd7adbad73a3783fdc2cab92ab2ba7ec361e1),platform=Windows NT 10.0.16299 x86_64) (WARNING: The server did not provide any stacktrace information)
Command duration or timeout: 0 milliseconds
Build info: version: '3.141.59', revision: 'e82be7d358', time: '2018-11-14T08:17:03'
System info: host: 'PRIVATE-1074', ip: '10.8.1.74', os.name: 'Windows 10', os.arch: 'amd64', os.version: '10.0', java.version: '1.8.0_152'
Driver info: org.openqa.selenium.chrome.ChromeDriver
Capabilities {acceptInsecureCerts: false, acceptSslCerts: false, applicationCacheEnabled: false, browserConnectionEnabled: false, browserName: chrome, chrome: {chromedriverVersion: 2.46.628402 (536cd7adbad73a..., userDataDir: C:\Users\LUKHOV~1\AppData\L...}, cssSelectorsEnabled: true, databaseEnabled: false, goog:chromeOptions: {debuggerAddress: localhost:59117}, handlesAlerts: true, hasTouchScreen: false, javascriptEnabled: true, locationContextEnabled: true, mobileEmulationEnabled: false, nativeEvents: true, networkConnectionEnabled: false, pageLoadStrategy: normal, platform: XP, platformName: XP, proxy: Proxy(), rotatable: false, setWindowRect: true, strictFileInteractability: false, takesHeapSnapshot: true, takesScreenshot: true, timeouts: {implicit: 0, pageLoad: 300000, script: 30000}, unexpectedAlertBehaviour: ignore, unhandledPromptBehavior: ignore, version: 72.0.3626.109, webStorageEnabled: true}
Session ID: aec5e52f9a3fdc288040394be647ba8f
at org.openqa.selenium.remote.ErrorHandler.createThrowable(ErrorHandler.java:214)
at org.openqa.selenium.remote.ErrorHandler.throwIfResponseFailed(ErrorHandler.java:166)
at org.openqa.selenium.remote.http.JsonHttpResponseCodec.reconstructValue(JsonHttpResponseCodec.java:40)
at org.openqa.selenium.remote.http.AbstractHttpResponseCodec.decode(AbstractHttpResponseCodec.java:80)
at org.openqa.selenium.remote.http.AbstractHttpResponseCodec.decode(AbstractHttpResponseCodec.java:44)
at org.openqa.selenium.remote.HttpCommandExecutor.execute(HttpCommandExecutor.java:158)
at org.openqa.selenium.remote.service.DriverCommandExecutor.execute(DriverCommandExecutor.java:83)
at org.openqa.selenium.remote.RemoteWebDriver.execute(RemoteWebDriver.java:552)
at org.openqa.selenium.remote.RemoteWebDriver.execute(RemoteWebDriver.java:609)
at org.openqa.selenium.remote.RemoteWebDriver.getCurrentUrl(RemoteWebDriver.java:287)
at com.codeborne.selenide.impl.WebDriverThreadLocalContainer.getCurrentUrl(WebDriverThreadLocalContainer.java:206)
at com.codeborne.selenide.WebDriverRunner.url(WebDriverRunner.java:270)
at uk.co.idealflatmate.appmanager.HelperBase.pageUrlVerifLiveGoStage(HelperBase.java:132)
at uk.co.idealflatmate.tests.TestBase.setupMethod(TestBase.java:94)
... Removed 35 stack frames]]>
    </failure>
  </testcase> <!-- @BeforeMethod setupMethod -->
  <testcase name="@BeforeMethod setupMethod" time="0.0" classname="uk.co.idealflatmate.tests.TestBase">
    <skipped/>
  </testcase> <!-- @BeforeMethod setupMethod -->
  <testcase name="@BeforeMethod setupMethod" time="0.0" classname="uk.co.idealflatmate.tests.TestBase">
    <skipped/>
  </testcase> <!-- @BeforeMethod setupMethod -->
  <testcase name="@BeforeMethod setupMethod" time="0.0" classname="uk.co.idealflatmate.tests.TestBase">
    <skipped/>
  </testcase> <!-- @BeforeMethod setupMethod -->
  <testcase name="@BeforeMethod setupMethod" time="0.0" classname="uk.co.idealflatmate.tests.TestBase">
    <skipped/>
  </testcase> <!-- @BeforeMethod setupMethod -->
  <testcase name="@BeforeMethod setupMethod" time="0.0" classname="uk.co.idealflatmate.tests.TestBase">
    <skipped/>
  </testcase> <!-- @BeforeMethod setupMethod -->
  <testcase name="@BeforeMethod setupMethod" time="0.0" classname="uk.co.idealflatmate.tests.TestBase">
    <skipped/>
  </testcase> <!-- @BeforeMethod setupMethod -->
  <testcase name="@BeforeMethod setupMethod" time="0.0" classname="uk.co.idealflatmate.tests.TestBase">
    <skipped/>
  </testcase> <!-- @BeforeMethod setupMethod -->
  <testcase name="@BeforeMethod setupMethod" time="0.0" classname="uk.co.idealflatmate.tests.TestBase">
    <skipped/>
  </testcase> <!-- @BeforeMethod setupMethod -->
  <testcase name="@BeforeMethod setupMethod" time="0.0" classname="uk.co.idealflatmate.tests.TestBase">
    <skipped/>
  </testcase> <!-- @BeforeMethod setupMethod -->
  <testcase name="@BeforeMethod setupMethod" time="0.0" classname="uk.co.idealflatmate.tests.TestBase">
    <skipped/>
  </testcase> <!-- @BeforeMethod setupMethod -->
  <testcase name="@BeforeMethod setupMethod" time="0.0" classname="uk.co.idealflatmate.tests.TestBase">
    <skipped/>
  </testcase> <!-- @BeforeMethod setupMethod -->
  <testcase name="@BeforeMethod setupMethod" time="0.0" classname="uk.co.idealflatmate.tests.TestBase">
    <skipped/>
  </testcase> <!-- @BeforeMethod setupMethod -->
  <testcase name="@BeforeMethod setupMethod" time="0.0" classname="uk.co.idealflatmate.tests.TestBase">
    <skipped/>
  </testcase> <!-- @BeforeMethod setupMethod -->
  <testcase name="@BeforeMethod setupMethod" time="0.0" classname="uk.co.idealflatmate.tests.TestBase">
    <skipped/>
  </testcase> <!-- @BeforeMethod setupMethod -->
  <testcase name="@BeforeMethod setupMethod" time="0.0" classname="uk.co.idealflatmate.tests.TestBase">
    <skipped/>
  </testcase> <!-- @BeforeMethod setupMethod -->
  <testcase name="@BeforeMethod setupMethod" time="0.0" classname="uk.co.idealflatmate.tests.TestBase">
    <skipped/>
  </testcase> <!-- @BeforeMethod setupMethod -->
  <testcase name="@BeforeMethod setupMethod" time="0.001" classname="uk.co.idealflatmate.tests.TestBase">
    <failure type="org.openqa.selenium.NoSuchWindowException" message="no such window: target window already closed
from unknown error: web view not found
  (Session info: chrome=72.0.3626.109)
  (Driver info: chromedriver=2.46.628402 (536cd7adbad73a3783fdc2cab92ab2ba7ec361e1),platform=Windows NT 10.0.16299 x86_64) (WARNING: The server did not provide any stacktrace information)
Command duration or timeout: 0 milliseconds
Build info: version: &amp;apos;3.141.59&amp;apos;, revision: &amp;apos;e82be7d358&amp;apos;, time: &amp;apos;2018-11-14T08:17:03&amp;apos;
System info: host: &amp;apos;PRIVATE-1074&amp;apos;, ip: &amp;apos;10.8.1.74&amp;apos;, os.name: &amp;apos;Windows 10&amp;apos;, os.arch: &amp;apos;amd64&amp;apos;, os.version: &amp;apos;10.0&amp;apos;, java.version: &amp;apos;1.8.0_152&amp;apos;
Driver info: org.openqa.selenium.chrome.ChromeDriver
Capabilities {acceptInsecureCerts: false, acceptSslCerts: false, applicationCacheEnabled: false, browserConnectionEnabled: false, browserName: chrome, chrome: {chromedriverVersion: 2.46.628402 (536cd7adbad73a..., userDataDir: C:\Users\LUKHOV~1\AppData\L...}, cssSelectorsEnabled: true, databaseEnabled: false, goog:chromeOptions: {debuggerAddress: localhost:59117}, handlesAlerts: true, hasTouchScreen: false, javascriptEnabled: true, locationContextEnabled: true, mobileEmulationEnabled: false, nativeEvents: true, networkConnectionEnabled: false, pageLoadStrategy: normal, platform: XP, platformName: XP, proxy: Proxy(), rotatable: false, setWindowRect: true, strictFileInteractability: false, takesHeapSnapshot: true, takesScreenshot: true, timeouts: {implicit: 0, pageLoad: 300000, script: 30000}, unexpectedAlertBehaviour: ignore, unhandledPromptBehavior: ignore, version: 72.0.3626.109, webStorageEnabled: true}
Session ID: aec5e52f9a3fdc288040394be647ba8f">
      <![CDATA[org.openqa.selenium.NoSuchWindowException: no such window: target window already closed
from unknown error: web view not found
  (Session info: chrome=72.0.3626.109)
  (Driver info: chromedriver=2.46.628402 (536cd7adbad73a3783fdc2cab92ab2ba7ec361e1),platform=Windows NT 10.0.16299 x86_64) (WARNING: The server did not provide any stacktrace information)
Command duration or timeout: 0 milliseconds
Build info: version: '3.141.59', revision: 'e82be7d358', time: '2018-11-14T08:17:03'
System info: host: 'PRIVATE-1074', ip: '10.8.1.74', os.name: 'Windows 10', os.arch: 'amd64', os.version: '10.0', java.version: '1.8.0_152'
Driver info: org.openqa.selenium.chrome.ChromeDriver
Capabilities {acceptInsecureCerts: false, acceptSslCerts: false, applicationCacheEnabled: false, browserConnectionEnabled: false, browserName: chrome, chrome: {chromedriverVersion: 2.46.628402 (536cd7adbad73a..., userDataDir: C:\Users\LUKHOV~1\AppData\L...}, cssSelectorsEnabled: true, databaseEnabled: false, goog:chromeOptions: {debuggerAddress: localhost:59117}, handlesAlerts: true, hasTouchScreen: false, javascriptEnabled: true, locationContextEnabled: true, mobileEmulationEnabled: false, nativeEvents: true, networkConnectionEnabled: false, pageLoadStrategy: normal, platform: XP, platformName: XP, proxy: Proxy(), rotatable: false, setWindowRect: true, strictFileInteractability: false, takesHeapSnapshot: true, takesScreenshot: true, timeouts: {implicit: 0, pageLoad: 300000, script: 30000}, unexpectedAlertBehaviour: ignore, unhandledPromptBehavior: ignore, version: 72.0.3626.109, webStorageEnabled: true}
Session ID: aec5e52f9a3fdc288040394be647ba8f
at org.openqa.selenium.remote.ErrorHandler.createThrowable(ErrorHandler.java:214)
at org.openqa.selenium.remote.ErrorHandler.throwIfResponseFailed(ErrorHandler.java:166)
at org.openqa.selenium.remote.http.JsonHttpResponseCodec.reconstructValue(JsonHttpResponseCodec.java:40)
at org.openqa.selenium.remote.http.AbstractHttpResponseCodec.decode(AbstractHttpResponseCodec.java:80)
at org.openqa.selenium.remote.http.AbstractHttpResponseCodec.decode(AbstractHttpResponseCodec.java:44)
at org.openqa.selenium.remote.HttpCommandExecutor.execute(HttpCommandExecutor.java:158)
at org.openqa.selenium.remote.service.DriverCommandExecutor.execute(DriverCommandExecutor.java:83)
at org.openqa.selenium.remote.RemoteWebDriver.execute(RemoteWebDriver.java:552)
at org.openqa.selenium.remote.RemoteWebDriver.execute(RemoteWebDriver.java:609)
at org.openqa.selenium.remote.RemoteWebDriver.getCurrentUrl(RemoteWebDriver.java:287)
at com.codeborne.selenide.impl.WebDriverThreadLocalContainer.getCurrentUrl(WebDriverThreadLocalContainer.java:206)
at com.codeborne.selenide.WebDriverRunner.url(WebDriverRunner.java:270)
at uk.co.idealflatmate.appmanager.HelperBase.pageUrlVerifLiveGoStage(HelperBase.java:132)
at uk.co.idealflatmate.tests.TestBase.setupMethod(TestBase.java:94)
... Removed 35 stack frames]]>
    </failure>
  </testcase> <!-- @BeforeMethod setupMethod -->
  <testcase name="@BeforeMethod setupMethod" time="0.0" classname="uk.co.idealflatmate.tests.TestBase">
    <skipped/>
  </testcase> <!-- @BeforeMethod setupMethod -->
  <testcase name="@BeforeMethod setupMethod" time="0.0" classname="uk.co.idealflatmate.tests.TestBase">
    <skipped/>
  </testcase> <!-- @BeforeMethod setupMethod -->
  <testcase name="@BeforeMethod setupMethod" time="0.0" classname="uk.co.idealflatmate.tests.TestBase">
    <skipped/>
  </testcase> <!-- @BeforeMethod setupMethod -->
  <testcase name="@BeforeMethod setupMethod" time="0.0" classname="uk.co.idealflatmate.tests.TestBase">
    <skipped/>
  </testcase> <!-- @BeforeMethod setupMethod -->
  <testcase name="@BeforeMethod setupMethod" time="0.0" classname="uk.co.idealflatmate.tests.TestBase">
    <skipped/>
  </testcase> <!-- @BeforeMethod setupMethod -->
  <testcase name="@BeforeMethod setupMethod" time="0.0" classname="uk.co.idealflatmate.tests.TestBase">
    <skipped/>
  </testcase> <!-- @BeforeMethod setupMethod -->
  <testcase name="@BeforeMethod setupMethod" time="0.001" classname="uk.co.idealflatmate.tests.TestBase">
    <failure type="org.openqa.selenium.NoSuchWindowException" message="no such window: target window already closed
from unknown error: web view not found
  (Session info: chrome=72.0.3626.109)
  (Driver info: chromedriver=2.46.628402 (536cd7adbad73a3783fdc2cab92ab2ba7ec361e1),platform=Windows NT 10.0.16299 x86_64) (WARNING: The server did not provide any stacktrace information)
Command duration or timeout: 0 milliseconds
Build info: version: &amp;apos;3.141.59&amp;apos;, revision: &amp;apos;e82be7d358&amp;apos;, time: &amp;apos;2018-11-14T08:17:03&amp;apos;
System info: host: &amp;apos;PRIVATE-1074&amp;apos;, ip: &amp;apos;10.8.1.74&amp;apos;, os.name: &amp;apos;Windows 10&amp;apos;, os.arch: &amp;apos;amd64&amp;apos;, os.version: &amp;apos;10.0&amp;apos;, java.version: &amp;apos;1.8.0_152&amp;apos;
Driver info: org.openqa.selenium.chrome.ChromeDriver
Capabilities {acceptInsecureCerts: false, acceptSslCerts: false, applicationCacheEnabled: false, browserConnectionEnabled: false, browserName: chrome, chrome: {chromedriverVersion: 2.46.628402 (536cd7adbad73a..., userDataDir: C:\Users\LUKHOV~1\AppData\L...}, cssSelectorsEnabled: true, databaseEnabled: false, goog:chromeOptions: {debuggerAddress: localhost:59117}, handlesAlerts: true, hasTouchScreen: false, javascriptEnabled: true, locationContextEnabled: true, mobileEmulationEnabled: false, nativeEvents: true, networkConnectionEnabled: false, pageLoadStrategy: normal, platform: XP, platformName: XP, proxy: Proxy(), rotatable: false, setWindowRect: true, strictFileInteractability: false, takesHeapSnapshot: true, takesScreenshot: true, timeouts: {implicit: 0, pageLoad: 300000, script: 30000}, unexpectedAlertBehaviour: ignore, unhandledPromptBehavior: ignore, version: 72.0.3626.109, webStorageEnabled: true}
Session ID: aec5e52f9a3fdc288040394be647ba8f">
      <![CDATA[org.openqa.selenium.NoSuchWindowException: no such window: target window already closed
from unknown error: web view not found
  (Session info: chrome=72.0.3626.109)
  (Driver info: chromedriver=2.46.628402 (536cd7adbad73a3783fdc2cab92ab2ba7ec361e1),platform=Windows NT 10.0.16299 x86_64) (WARNING: The server did not provide any stacktrace information)
Command duration or timeout: 0 milliseconds
Build info: version: '3.141.59', revision: 'e82be7d358', time: '2018-11-14T08:17:03'
System info: host: 'PRIVATE-1074', ip: '10.8.1.74', os.name: 'Windows 10', os.arch: 'amd64', os.version: '10.0', java.version: '1.8.0_152'
Driver info: org.openqa.selenium.chrome.ChromeDriver
Capabilities {acceptInsecureCerts: false, acceptSslCerts: false, applicationCacheEnabled: false, browserConnectionEnabled: false, browserName: chrome, chrome: {chromedriverVersion: 2.46.628402 (536cd7adbad73a..., userDataDir: C:\Users\LUKHOV~1\AppData\L...}, cssSelectorsEnabled: true, databaseEnabled: false, goog:chromeOptions: {debuggerAddress: localhost:59117}, handlesAlerts: true, hasTouchScreen: false, javascriptEnabled: true, locationContextEnabled: true, mobileEmulationEnabled: false, nativeEvents: true, networkConnectionEnabled: false, pageLoadStrategy: normal, platform: XP, platformName: XP, proxy: Proxy(), rotatable: false, setWindowRect: true, strictFileInteractability: false, takesHeapSnapshot: true, takesScreenshot: true, timeouts: {implicit: 0, pageLoad: 300000, script: 30000}, unexpectedAlertBehaviour: ignore, unhandledPromptBehavior: ignore, version: 72.0.3626.109, webStorageEnabled: true}
Session ID: aec5e52f9a3fdc288040394be647ba8f
at org.openqa.selenium.remote.ErrorHandler.createThrowable(ErrorHandler.java:214)
at org.openqa.selenium.remote.ErrorHandler.throwIfResponseFailed(ErrorHandler.java:166)
at org.openqa.selenium.remote.http.JsonHttpResponseCodec.reconstructValue(JsonHttpResponseCodec.java:40)
at org.openqa.selenium.remote.http.AbstractHttpResponseCodec.decode(AbstractHttpResponseCodec.java:80)
at org.openqa.selenium.remote.http.AbstractHttpResponseCodec.decode(AbstractHttpResponseCodec.java:44)
at org.openqa.selenium.remote.HttpCommandExecutor.execute(HttpCommandExecutor.java:158)
at org.openqa.selenium.remote.service.DriverCommandExecutor.execute(DriverCommandExecutor.java:83)
at org.openqa.selenium.remote.RemoteWebDriver.execute(RemoteWebDriver.java:552)
at org.openqa.selenium.remote.RemoteWebDriver.execute(RemoteWebDriver.java:609)
at org.openqa.selenium.remote.RemoteWebDriver.getCurrentUrl(RemoteWebDriver.java:287)
at com.codeborne.selenide.impl.WebDriverThreadLocalContainer.getCurrentUrl(WebDriverThreadLocalContainer.java:206)
at com.codeborne.selenide.WebDriverRunner.url(WebDriverRunner.java:270)
at uk.co.idealflatmate.appmanager.HelperBase.pageUrlVerifLiveGoStage(HelperBase.java:132)
at uk.co.idealflatmate.tests.TestBase.setupMethod(TestBase.java:94)
... Removed 35 stack frames]]>
    </failure>
  </testcase> <!-- @BeforeMethod setupMethod -->
  <testcase name="@BeforeMethod setupMethod" time="0.0" classname="uk.co.idealflatmate.tests.TestBase">
    <skipped/>
  </testcase> <!-- @BeforeMethod setupMethod -->
  <testcase name="@BeforeMethod setupMethod" time="0.0" classname="uk.co.idealflatmate.tests.TestBase">
    <skipped/>
  </testcase> <!-- @BeforeMethod setupMethod -->
  <testcase name="@BeforeMethod setupMethod" time="0.0" classname="uk.co.idealflatmate.tests.TestBase">
    <skipped/>
  </testcase> <!-- @BeforeMethod setupMethod -->
  <testcase name="@BeforeMethod setupMethod" time="0.001" classname="uk.co.idealflatmate.tests.TestBase">
    <failure type="org.openqa.selenium.NoSuchWindowException" message="no such window: target window already closed
from unknown error: web view not found
  (Session info: chrome=72.0.3626.109)
  (Driver info: chromedriver=2.46.628402 (536cd7adbad73a3783fdc2cab92ab2ba7ec361e1),platform=Windows NT 10.0.16299 x86_64) (WARNING: The server did not provide any stacktrace information)
Command duration or timeout: 0 milliseconds
Build info: version: &amp;apos;3.141.59&amp;apos;, revision: &amp;apos;e82be7d358&amp;apos;, time: &amp;apos;2018-11-14T08:17:03&amp;apos;
System info: host: &amp;apos;PRIVATE-1074&amp;apos;, ip: &amp;apos;10.8.1.74&amp;apos;, os.name: &amp;apos;Windows 10&amp;apos;, os.arch: &amp;apos;amd64&amp;apos;, os.version: &amp;apos;10.0&amp;apos;, java.version: &amp;apos;1.8.0_152&amp;apos;
Driver info: org.openqa.selenium.chrome.ChromeDriver
Capabilities {acceptInsecureCerts: false, acceptSslCerts: false, applicationCacheEnabled: false, browserConnectionEnabled: false, browserName: chrome, chrome: {chromedriverVersion: 2.46.628402 (536cd7adbad73a..., userDataDir: C:\Users\LUKHOV~1\AppData\L...}, cssSelectorsEnabled: true, databaseEnabled: false, goog:chromeOptions: {debuggerAddress: localhost:59117}, handlesAlerts: true, hasTouchScreen: false, javascriptEnabled: true, locationContextEnabled: true, mobileEmulationEnabled: false, nativeEvents: true, networkConnectionEnabled: false, pageLoadStrategy: normal, platform: XP, platformName: XP, proxy: Proxy(), rotatable: false, setWindowRect: true, strictFileInteractability: false, takesHeapSnapshot: true, takesScreenshot: true, timeouts: {implicit: 0, pageLoad: 300000, script: 30000}, unexpectedAlertBehaviour: ignore, unhandledPromptBehavior: ignore, version: 72.0.3626.109, webStorageEnabled: true}
Session ID: aec5e52f9a3fdc288040394be647ba8f">
      <![CDATA[org.openqa.selenium.NoSuchWindowException: no such window: target window already closed
from unknown error: web view not found
  (Session info: chrome=72.0.3626.109)
  (Driver info: chromedriver=2.46.628402 (536cd7adbad73a3783fdc2cab92ab2ba7ec361e1),platform=Windows NT 10.0.16299 x86_64) (WARNING: The server did not provide any stacktrace information)
Command duration or timeout: 0 milliseconds
Build info: version: '3.141.59', revision: 'e82be7d358', time: '2018-11-14T08:17:03'
System info: host: 'PRIVATE-1074', ip: '10.8.1.74', os.name: 'Windows 10', os.arch: 'amd64', os.version: '10.0', java.version: '1.8.0_152'
Driver info: org.openqa.selenium.chrome.ChromeDriver
Capabilities {acceptInsecureCerts: false, acceptSslCerts: false, applicationCacheEnabled: false, browserConnectionEnabled: false, browserName: chrome, chrome: {chromedriverVersion: 2.46.628402 (536cd7adbad73a..., userDataDir: C:\Users\LUKHOV~1\AppData\L...}, cssSelectorsEnabled: true, databaseEnabled: false, goog:chromeOptions: {debuggerAddress: localhost:59117}, handlesAlerts: true, hasTouchScreen: false, javascriptEnabled: true, locationContextEnabled: true, mobileEmulationEnabled: false, nativeEvents: true, networkConnectionEnabled: false, pageLoadStrategy: normal, platform: XP, platformName: XP, proxy: Proxy(), rotatable: false, setWindowRect: true, strictFileInteractability: false, takesHeapSnapshot: true, takesScreenshot: true, timeouts: {implicit: 0, pageLoad: 300000, script: 30000}, unexpectedAlertBehaviour: ignore, unhandledPromptBehavior: ignore, version: 72.0.3626.109, webStorageEnabled: true}
Session ID: aec5e52f9a3fdc288040394be647ba8f
at org.openqa.selenium.remote.ErrorHandler.createThrowable(ErrorHandler.java:214)
at org.openqa.selenium.remote.ErrorHandler.throwIfResponseFailed(ErrorHandler.java:166)
at org.openqa.selenium.remote.http.JsonHttpResponseCodec.reconstructValue(JsonHttpResponseCodec.java:40)
at org.openqa.selenium.remote.http.AbstractHttpResponseCodec.decode(AbstractHttpResponseCodec.java:80)
at org.openqa.selenium.remote.http.AbstractHttpResponseCodec.decode(AbstractHttpResponseCodec.java:44)
at org.openqa.selenium.remote.HttpCommandExecutor.execute(HttpCommandExecutor.java:158)
at org.openqa.selenium.remote.service.DriverCommandExecutor.execute(DriverCommandExecutor.java:83)
at org.openqa.selenium.remote.RemoteWebDriver.execute(RemoteWebDriver.java:552)
at org.openqa.selenium.remote.RemoteWebDriver.execute(RemoteWebDriver.java:609)
at org.openqa.selenium.remote.RemoteWebDriver.getCurrentUrl(RemoteWebDriver.java:287)
at com.codeborne.selenide.impl.WebDriverThreadLocalContainer.getCurrentUrl(WebDriverThreadLocalContainer.java:206)
at com.codeborne.selenide.WebDriverRunner.url(WebDriverRunner.java:270)
at uk.co.idealflatmate.appmanager.HelperBase.pageUrlVerifLiveGoStage(HelperBase.java:132)
at uk.co.idealflatmate.tests.TestBase.setupMethod(TestBase.java:94)
... Removed 35 stack frames]]>
    </failure>
  </testcase> <!-- @BeforeMethod setupMethod -->
  <testcase name="@BeforeMethod setupMethod" time="0.0" classname="uk.co.idealflatmate.tests.TestBase">
    <skipped/>
  </testcase> <!-- @BeforeMethod setupMethod -->
  <testcase name="@BeforeMethod setupMethod" time="0.0" classname="uk.co.idealflatmate.tests.TestBase">
    <skipped/>
  </testcase> <!-- @BeforeMethod setupMethod -->
  <testcase name="@BeforeMethod setupMethod" time="0.0" classname="uk.co.idealflatmate.tests.TestBase">
    <skipped/>
  </testcase> <!-- @BeforeMethod setupMethod -->
  <testcase name="@BeforeMethod setupMethod" time="0.0" classname="uk.co.idealflatmate.tests.TestBase">
    <skipped/>
  </testcase> <!-- @BeforeMethod setupMethod -->
  <testcase name="@BeforeMethod setupMethod" time="0.0" classname="uk.co.idealflatmate.tests.TestBase">
    <skipped/>
  </testcase> <!-- @BeforeMethod setupMethod -->
  <testcase name="@BeforeMethod setupMethod" time="0.0" classname="uk.co.idealflatmate.tests.TestBase">
    <skipped/>
  </testcase> <!-- @BeforeMethod setupMethod -->
  <testcase name="@BeforeMethod setupMethod" time="0.0" classname="uk.co.idealflatmate.tests.TestBase">
    <skipped/>
  </testcase> <!-- @BeforeMethod setupMethod -->
  <testcase name="@BeforeMethod setupMethod" time="0.001" classname="uk.co.idealflatmate.tests.TestBase">
    <failure type="org.openqa.selenium.NoSuchWindowException" message="no such window: target window already closed
from unknown error: web view not found
  (Session info: chrome=72.0.3626.109)
  (Driver info: chromedriver=2.46.628402 (536cd7adbad73a3783fdc2cab92ab2ba7ec361e1),platform=Windows NT 10.0.16299 x86_64) (WARNING: The server did not provide any stacktrace information)
Command duration or timeout: 0 milliseconds
Build info: version: &amp;apos;3.141.59&amp;apos;, revision: &amp;apos;e82be7d358&amp;apos;, time: &amp;apos;2018-11-14T08:17:03&amp;apos;
System info: host: &amp;apos;PRIVATE-1074&amp;apos;, ip: &amp;apos;10.8.1.74&amp;apos;, os.name: &amp;apos;Windows 10&amp;apos;, os.arch: &amp;apos;amd64&amp;apos;, os.version: &amp;apos;10.0&amp;apos;, java.version: &amp;apos;1.8.0_152&amp;apos;
Driver info: org.openqa.selenium.chrome.ChromeDriver
Capabilities {acceptInsecureCerts: false, acceptSslCerts: false, applicationCacheEnabled: false, browserConnectionEnabled: false, browserName: chrome, chrome: {chromedriverVersion: 2.46.628402 (536cd7adbad73a..., userDataDir: C:\Users\LUKHOV~1\AppData\L...}, cssSelectorsEnabled: true, databaseEnabled: false, goog:chromeOptions: {debuggerAddress: localhost:59117}, handlesAlerts: true, hasTouchScreen: false, javascriptEnabled: true, locationContextEnabled: true, mobileEmulationEnabled: false, nativeEvents: true, networkConnectionEnabled: false, pageLoadStrategy: normal, platform: XP, platformName: XP, proxy: Proxy(), rotatable: false, setWindowRect: true, strictFileInteractability: false, takesHeapSnapshot: true, takesScreenshot: true, timeouts: {implicit: 0, pageLoad: 300000, script: 30000}, unexpectedAlertBehaviour: ignore, unhandledPromptBehavior: ignore, version: 72.0.3626.109, webStorageEnabled: true}
Session ID: aec5e52f9a3fdc288040394be647ba8f">
      <![CDATA[org.openqa.selenium.NoSuchWindowException: no such window: target window already closed
from unknown error: web view not found
  (Session info: chrome=72.0.3626.109)
  (Driver info: chromedriver=2.46.628402 (536cd7adbad73a3783fdc2cab92ab2ba7ec361e1),platform=Windows NT 10.0.16299 x86_64) (WARNING: The server did not provide any stacktrace information)
Command duration or timeout: 0 milliseconds
Build info: version: '3.141.59', revision: 'e82be7d358', time: '2018-11-14T08:17:03'
System info: host: 'PRIVATE-1074', ip: '10.8.1.74', os.name: 'Windows 10', os.arch: 'amd64', os.version: '10.0', java.version: '1.8.0_152'
Driver info: org.openqa.selenium.chrome.ChromeDriver
Capabilities {acceptInsecureCerts: false, acceptSslCerts: false, applicationCacheEnabled: false, browserConnectionEnabled: false, browserName: chrome, chrome: {chromedriverVersion: 2.46.628402 (536cd7adbad73a..., userDataDir: C:\Users\LUKHOV~1\AppData\L...}, cssSelectorsEnabled: true, databaseEnabled: false, goog:chromeOptions: {debuggerAddress: localhost:59117}, handlesAlerts: true, hasTouchScreen: false, javascriptEnabled: true, locationContextEnabled: true, mobileEmulationEnabled: false, nativeEvents: true, networkConnectionEnabled: false, pageLoadStrategy: normal, platform: XP, platformName: XP, proxy: Proxy(), rotatable: false, setWindowRect: true, strictFileInteractability: false, takesHeapSnapshot: true, takesScreenshot: true, timeouts: {implicit: 0, pageLoad: 300000, script: 30000}, unexpectedAlertBehaviour: ignore, unhandledPromptBehavior: ignore, version: 72.0.3626.109, webStorageEnabled: true}
Session ID: aec5e52f9a3fdc288040394be647ba8f
at org.openqa.selenium.remote.ErrorHandler.createThrowable(ErrorHandler.java:214)
at org.openqa.selenium.remote.ErrorHandler.throwIfResponseFailed(ErrorHandler.java:166)
at org.openqa.selenium.remote.http.JsonHttpResponseCodec.reconstructValue(JsonHttpResponseCodec.java:40)
at org.openqa.selenium.remote.http.AbstractHttpResponseCodec.decode(AbstractHttpResponseCodec.java:80)
at org.openqa.selenium.remote.http.AbstractHttpResponseCodec.decode(AbstractHttpResponseCodec.java:44)
at org.openqa.selenium.remote.HttpCommandExecutor.execute(HttpCommandExecutor.java:158)
at org.openqa.selenium.remote.service.DriverCommandExecutor.execute(DriverCommandExecutor.java:83)
at org.openqa.selenium.remote.RemoteWebDriver.execute(RemoteWebDriver.java:552)
at org.openqa.selenium.remote.RemoteWebDriver.execute(RemoteWebDriver.java:609)
at org.openqa.selenium.remote.RemoteWebDriver.getCurrentUrl(RemoteWebDriver.java:287)
at com.codeborne.selenide.impl.WebDriverThreadLocalContainer.getCurrentUrl(WebDriverThreadLocalContainer.java:206)
at com.codeborne.selenide.WebDriverRunner.url(WebDriverRunner.java:270)
at uk.co.idealflatmate.appmanager.HelperBase.pageUrlVerifLiveGoStage(HelperBase.java:132)
at uk.co.idealflatmate.tests.TestBase.setupMethod(TestBase.java:94)
... Removed 35 stack frames]]>
    </failure>
  </testcase> <!-- @BeforeMethod setupMethod -->
  <testcase name="@BeforeMethod setupMethod" time="0.0" classname="uk.co.idealflatmate.tests.TestBase">
    <skipped/>
  </testcase> <!-- @BeforeMethod setupMethod -->
  <testcase name="@BeforeMethod setupMethod" time="0.0" classname="uk.co.idealflatmate.tests.TestBase">
    <skipped/>
  </testcase> <!-- @BeforeMethod setupMethod -->
  <testcase name="@BeforeMethod setupMethod" time="0.0" classname="uk.co.idealflatmate.tests.TestBase">
    <skipped/>
  </testcase> <!-- @BeforeMethod setupMethod -->
  <testcase name="@BeforeMethod setupMethod" time="0.0" classname="uk.co.idealflatmate.tests.TestBase">
    <skipped/>
  </testcase> <!-- @BeforeMethod setupMethod -->
  <testcase name="@BeforeMethod setupMethod" time="0.0" classname="uk.co.idealflatmate.tests.TestBase">
    <skipped/>
  </testcase> <!-- @BeforeMethod setupMethod -->
  <testcase name="@BeforeMethod setupMethod" time="0.0" classname="uk.co.idealflatmate.tests.TestBase">
    <skipped/>
  </testcase> <!-- @BeforeMethod setupMethod -->
  <testcase name="@BeforeMethod setupMethod" time="0.0" classname="uk.co.idealflatmate.tests.TestBase">
    <skipped/>
  </testcase> <!-- @BeforeMethod setupMethod -->
  <testcase name="@BeforeMethod setupMethod" time="0.001" classname="uk.co.idealflatmate.tests.TestBase">
    <failure type="org.openqa.selenium.NoSuchWindowException" message="no such window: target window already closed
from unknown error: web view not found
  (Session info: chrome=72.0.3626.109)
  (Driver info: chromedriver=2.46.628402 (536cd7adbad73a3783fdc2cab92ab2ba7ec361e1),platform=Windows NT 10.0.16299 x86_64) (WARNING: The server did not provide any stacktrace information)
Command duration or timeout: 0 milliseconds
Build info: version: &amp;apos;3.141.59&amp;apos;, revision: &amp;apos;e82be7d358&amp;apos;, time: &amp;apos;2018-11-14T08:17:03&amp;apos;
System info: host: &amp;apos;PRIVATE-1074&amp;apos;, ip: &amp;apos;10.8.1.74&amp;apos;, os.name: &amp;apos;Windows 10&amp;apos;, os.arch: &amp;apos;amd64&amp;apos;, os.version: &amp;apos;10.0&amp;apos;, java.version: &amp;apos;1.8.0_152&amp;apos;
Driver info: org.openqa.selenium.chrome.ChromeDriver
Capabilities {acceptInsecureCerts: false, acceptSslCerts: false, applicationCacheEnabled: false, browserConnectionEnabled: false, browserName: chrome, chrome: {chromedriverVersion: 2.46.628402 (536cd7adbad73a..., userDataDir: C:\Users\LUKHOV~1\AppData\L...}, cssSelectorsEnabled: true, databaseEnabled: false, goog:chromeOptions: {debuggerAddress: localhost:59117}, handlesAlerts: true, hasTouchScreen: false, javascriptEnabled: true, locationContextEnabled: true, mobileEmulationEnabled: false, nativeEvents: true, networkConnectionEnabled: false, pageLoadStrategy: normal, platform: XP, platformName: XP, proxy: Proxy(), rotatable: false, setWindowRect: true, strictFileInteractability: false, takesHeapSnapshot: true, takesScreenshot: true, timeouts: {implicit: 0, pageLoad: 300000, script: 30000}, unexpectedAlertBehaviour: ignore, unhandledPromptBehavior: ignore, version: 72.0.3626.109, webStorageEnabled: true}
Session ID: aec5e52f9a3fdc288040394be647ba8f">
      <![CDATA[org.openqa.selenium.NoSuchWindowException: no such window: target window already closed
from unknown error: web view not found
  (Session info: chrome=72.0.3626.109)
  (Driver info: chromedriver=2.46.628402 (536cd7adbad73a3783fdc2cab92ab2ba7ec361e1),platform=Windows NT 10.0.16299 x86_64) (WARNING: The server did not provide any stacktrace information)
Command duration or timeout: 0 milliseconds
Build info: version: '3.141.59', revision: 'e82be7d358', time: '2018-11-14T08:17:03'
System info: host: 'PRIVATE-1074', ip: '10.8.1.74', os.name: 'Windows 10', os.arch: 'amd64', os.version: '10.0', java.version: '1.8.0_152'
Driver info: org.openqa.selenium.chrome.ChromeDriver
Capabilities {acceptInsecureCerts: false, acceptSslCerts: false, applicationCacheEnabled: false, browserConnectionEnabled: false, browserName: chrome, chrome: {chromedriverVersion: 2.46.628402 (536cd7adbad73a..., userDataDir: C:\Users\LUKHOV~1\AppData\L...}, cssSelectorsEnabled: true, databaseEnabled: false, goog:chromeOptions: {debuggerAddress: localhost:59117}, handlesAlerts: true, hasTouchScreen: false, javascriptEnabled: true, locationContextEnabled: true, mobileEmulationEnabled: false, nativeEvents: true, networkConnectionEnabled: false, pageLoadStrategy: normal, platform: XP, platformName: XP, proxy: Proxy(), rotatable: false, setWindowRect: true, strictFileInteractability: false, takesHeapSnapshot: true, takesScreenshot: true, timeouts: {implicit: 0, pageLoad: 300000, script: 30000}, unexpectedAlertBehaviour: ignore, unhandledPromptBehavior: ignore, version: 72.0.3626.109, webStorageEnabled: true}
Session ID: aec5e52f9a3fdc288040394be647ba8f
at org.openqa.selenium.remote.ErrorHandler.createThrowable(ErrorHandler.java:214)
at org.openqa.selenium.remote.ErrorHandler.throwIfResponseFailed(ErrorHandler.java:166)
at org.openqa.selenium.remote.http.JsonHttpResponseCodec.reconstructValue(JsonHttpResponseCodec.java:40)
at org.openqa.selenium.remote.http.AbstractHttpResponseCodec.decode(AbstractHttpResponseCodec.java:80)
at org.openqa.selenium.remote.http.AbstractHttpResponseCodec.decode(AbstractHttpResponseCodec.java:44)
at org.openqa.selenium.remote.HttpCommandExecutor.execute(HttpCommandExecutor.java:158)
at org.openqa.selenium.remote.service.DriverCommandExecutor.execute(DriverCommandExecutor.java:83)
at org.openqa.selenium.remote.RemoteWebDriver.execute(RemoteWebDriver.java:552)
at org.openqa.selenium.remote.RemoteWebDriver.execute(RemoteWebDriver.java:609)
at org.openqa.selenium.remote.RemoteWebDriver.getCurrentUrl(RemoteWebDriver.java:287)
at com.codeborne.selenide.impl.WebDriverThreadLocalContainer.getCurrentUrl(WebDriverThreadLocalContainer.java:206)
at com.codeborne.selenide.WebDriverRunner.url(WebDriverRunner.java:270)
at uk.co.idealflatmate.appmanager.HelperBase.pageUrlVerifLiveGoStage(HelperBase.java:132)
at uk.co.idealflatmate.tests.TestBase.setupMethod(TestBase.java:94)
... Removed 35 stack frames]]>
    </failure>
  </testcase> <!-- @BeforeMethod setupMethod -->
  <testcase name="@BeforeMethod setupMethod" time="0.0" classname="uk.co.idealflatmate.tests.TestBase">
    <skipped/>
  </testcase> <!-- @BeforeMethod setupMethod -->
  <testcase name="@BeforeMethod setupMethod" time="0.0" classname="uk.co.idealflatmate.tests.TestBase">
    <skipped/>
  </testcase> <!-- @BeforeMethod setupMethod -->
  <testcase name="@BeforeMethod setupMethod" time="0.0" classname="uk.co.idealflatmate.tests.TestBase">
    <skipped/>
  </testcase> <!-- @BeforeMethod setupMethod -->
  <testcase name="@BeforeMethod setupMethod" time="0.0" classname="uk.co.idealflatmate.tests.TestBase">
    <skipped/>
  </testcase> <!-- @BeforeMethod setupMethod -->
  <testcase name="@BeforeMethod setupMethod" time="0.0" classname="uk.co.idealflatmate.tests.TestBase">
    <skipped/>
  </testcase> <!-- @BeforeMethod setupMethod -->
  <testcase name="@BeforeMethod setupMethod" time="0.0" classname="uk.co.idealflatmate.tests.TestBase">
    <skipped/>
  </testcase> <!-- @BeforeMethod setupMethod -->
  <testcase name="@BeforeMethod setupMethod" time="0.001" classname="uk.co.idealflatmate.tests.TestBase">
    <failure type="org.openqa.selenium.NoSuchWindowException" message="no such window: target window already closed
from unknown error: web view not found
  (Session info: chrome=72.0.3626.109)
  (Driver info: chromedriver=2.46.628402 (536cd7adbad73a3783fdc2cab92ab2ba7ec361e1),platform=Windows NT 10.0.16299 x86_64) (WARNING: The server did not provide any stacktrace information)
Command duration or timeout: 0 milliseconds
Build info: version: &amp;apos;3.141.59&amp;apos;, revision: &amp;apos;e82be7d358&amp;apos;, time: &amp;apos;2018-11-14T08:17:03&amp;apos;
System info: host: &amp;apos;PRIVATE-1074&amp;apos;, ip: &amp;apos;10.8.1.74&amp;apos;, os.name: &amp;apos;Windows 10&amp;apos;, os.arch: &amp;apos;amd64&amp;apos;, os.version: &amp;apos;10.0&amp;apos;, java.version: &amp;apos;1.8.0_152&amp;apos;
Driver info: org.openqa.selenium.chrome.ChromeDriver
Capabilities {acceptInsecureCerts: false, acceptSslCerts: false, applicationCacheEnabled: false, browserConnectionEnabled: false, browserName: chrome, chrome: {chromedriverVersion: 2.46.628402 (536cd7adbad73a..., userDataDir: C:\Users\LUKHOV~1\AppData\L...}, cssSelectorsEnabled: true, databaseEnabled: false, goog:chromeOptions: {debuggerAddress: localhost:59117}, handlesAlerts: true, hasTouchScreen: false, javascriptEnabled: true, locationContextEnabled: true, mobileEmulationEnabled: false, nativeEvents: true, networkConnectionEnabled: false, pageLoadStrategy: normal, platform: XP, platformName: XP, proxy: Proxy(), rotatable: false, setWindowRect: true, strictFileInteractability: false, takesHeapSnapshot: true, takesScreenshot: true, timeouts: {implicit: 0, pageLoad: 300000, script: 30000}, unexpectedAlertBehaviour: ignore, unhandledPromptBehavior: ignore, version: 72.0.3626.109, webStorageEnabled: true}
Session ID: aec5e52f9a3fdc288040394be647ba8f">
      <![CDATA[org.openqa.selenium.NoSuchWindowException: no such window: target window already closed
from unknown error: web view not found
  (Session info: chrome=72.0.3626.109)
  (Driver info: chromedriver=2.46.628402 (536cd7adbad73a3783fdc2cab92ab2ba7ec361e1),platform=Windows NT 10.0.16299 x86_64) (WARNING: The server did not provide any stacktrace information)
Command duration or timeout: 0 milliseconds
Build info: version: '3.141.59', revision: 'e82be7d358', time: '2018-11-14T08:17:03'
System info: host: 'PRIVATE-1074', ip: '10.8.1.74', os.name: 'Windows 10', os.arch: 'amd64', os.version: '10.0', java.version: '1.8.0_152'
Driver info: org.openqa.selenium.chrome.ChromeDriver
Capabilities {acceptInsecureCerts: false, acceptSslCerts: false, applicationCacheEnabled: false, browserConnectionEnabled: false, browserName: chrome, chrome: {chromedriverVersion: 2.46.628402 (536cd7adbad73a..., userDataDir: C:\Users\LUKHOV~1\AppData\L...}, cssSelectorsEnabled: true, databaseEnabled: false, goog:chromeOptions: {debuggerAddress: localhost:59117}, handlesAlerts: true, hasTouchScreen: false, javascriptEnabled: true, locationContextEnabled: true, mobileEmulationEnabled: false, nativeEvents: true, networkConnectionEnabled: false, pageLoadStrategy: normal, platform: XP, platformName: XP, proxy: Proxy(), rotatable: false, setWindowRect: true, strictFileInteractability: false, takesHeapSnapshot: true, takesScreenshot: true, timeouts: {implicit: 0, pageLoad: 300000, script: 30000}, unexpectedAlertBehaviour: ignore, unhandledPromptBehavior: ignore, version: 72.0.3626.109, webStorageEnabled: true}
Session ID: aec5e52f9a3fdc288040394be647ba8f
at org.openqa.selenium.remote.ErrorHandler.createThrowable(ErrorHandler.java:214)
at org.openqa.selenium.remote.ErrorHandler.throwIfResponseFailed(ErrorHandler.java:166)
at org.openqa.selenium.remote.http.JsonHttpResponseCodec.reconstructValue(JsonHttpResponseCodec.java:40)
at org.openqa.selenium.remote.http.AbstractHttpResponseCodec.decode(AbstractHttpResponseCodec.java:80)
at org.openqa.selenium.remote.http.AbstractHttpResponseCodec.decode(AbstractHttpResponseCodec.java:44)
at org.openqa.selenium.remote.HttpCommandExecutor.execute(HttpCommandExecutor.java:158)
at org.openqa.selenium.remote.service.DriverCommandExecutor.execute(DriverCommandExecutor.java:83)
at org.openqa.selenium.remote.RemoteWebDriver.execute(RemoteWebDriver.java:552)
at org.openqa.selenium.remote.RemoteWebDriver.execute(RemoteWebDriver.java:609)
at org.openqa.selenium.remote.RemoteWebDriver.getCurrentUrl(RemoteWebDriver.java:287)
at com.codeborne.selenide.impl.WebDriverThreadLocalContainer.getCurrentUrl(WebDriverThreadLocalContainer.java:206)
at com.codeborne.selenide.WebDriverRunner.url(WebDriverRunner.java:270)
at uk.co.idealflatmate.appmanager.HelperBase.pageUrlVerifLiveGoStage(HelperBase.java:132)
at uk.co.idealflatmate.tests.TestBase.setupMethod(TestBase.java:94)
... Removed 35 stack frames]]>
    </failure>
  </testcase> <!-- @BeforeMethod setupMethod -->
  <testcase name="@BeforeMethod setupMethod" time="0.0" classname="uk.co.idealflatmate.tests.TestBase">
    <skipped/>
  </testcase> <!-- @BeforeMethod setupMethod -->
  <testcase name="@BeforeMethod setupMethod" time="0.0" classname="uk.co.idealflatmate.tests.TestBase">
    <skipped/>
  </testcase> <!-- @BeforeMethod setupMethod -->
  <testcase name="@BeforeMethod setupMethod" time="0.0" classname="uk.co.idealflatmate.tests.TestBase">
    <skipped/>
  </testcase> <!-- @BeforeMethod setupMethod -->
  <testcase name="@BeforeMethod setupMethod" time="0.0" classname="uk.co.idealflatmate.tests.TestBase">
    <skipped/>
  </testcase> <!-- @BeforeMethod setupMethod -->
  <testcase name="@BeforeMethod setupMethod" time="0.002" classname="uk.co.idealflatmate.tests.TestBase">
    <failure type="org.openqa.selenium.NoSuchWindowException" message="no such window: target window already closed
from unknown error: web view not found
  (Session info: chrome=72.0.3626.109)
  (Driver info: chromedriver=2.46.628402 (536cd7adbad73a3783fdc2cab92ab2ba7ec361e1),platform=Windows NT 10.0.16299 x86_64) (WARNING: The server did not provide any stacktrace information)
Command duration or timeout: 0 milliseconds
Build info: version: &amp;apos;3.141.59&amp;apos;, revision: &amp;apos;e82be7d358&amp;apos;, time: &amp;apos;2018-11-14T08:17:03&amp;apos;
System info: host: &amp;apos;PRIVATE-1074&amp;apos;, ip: &amp;apos;10.8.1.74&amp;apos;, os.name: &amp;apos;Windows 10&amp;apos;, os.arch: &amp;apos;amd64&amp;apos;, os.version: &amp;apos;10.0&amp;apos;, java.version: &amp;apos;1.8.0_152&amp;apos;
Driver info: org.openqa.selenium.chrome.ChromeDriver
Capabilities {acceptInsecureCerts: false, acceptSslCerts: false, applicationCacheEnabled: false, browserConnectionEnabled: false, browserName: chrome, chrome: {chromedriverVersion: 2.46.628402 (536cd7adbad73a..., userDataDir: C:\Users\LUKHOV~1\AppData\L...}, cssSelectorsEnabled: true, databaseEnabled: false, goog:chromeOptions: {debuggerAddress: localhost:59117}, handlesAlerts: true, hasTouchScreen: false, javascriptEnabled: true, locationContextEnabled: true, mobileEmulationEnabled: false, nativeEvents: true, networkConnectionEnabled: false, pageLoadStrategy: normal, platform: XP, platformName: XP, proxy: Proxy(), rotatable: false, setWindowRect: true, strictFileInteractability: false, takesHeapSnapshot: true, takesScreenshot: true, timeouts: {implicit: 0, pageLoad: 300000, script: 30000}, unexpectedAlertBehaviour: ignore, unhandledPromptBehavior: ignore, version: 72.0.3626.109, webStorageEnabled: true}
Session ID: aec5e52f9a3fdc288040394be647ba8f">
      <![CDATA[org.openqa.selenium.NoSuchWindowException: no such window: target window already closed
from unknown error: web view not found
  (Session info: chrome=72.0.3626.109)
  (Driver info: chromedriver=2.46.628402 (536cd7adbad73a3783fdc2cab92ab2ba7ec361e1),platform=Windows NT 10.0.16299 x86_64) (WARNING: The server did not provide any stacktrace information)
Command duration or timeout: 0 milliseconds
Build info: version: '3.141.59', revision: 'e82be7d358', time: '2018-11-14T08:17:03'
System info: host: 'PRIVATE-1074', ip: '10.8.1.74', os.name: 'Windows 10', os.arch: 'amd64', os.version: '10.0', java.version: '1.8.0_152'
Driver info: org.openqa.selenium.chrome.ChromeDriver
Capabilities {acceptInsecureCerts: false, acceptSslCerts: false, applicationCacheEnabled: false, browserConnectionEnabled: false, browserName: chrome, chrome: {chromedriverVersion: 2.46.628402 (536cd7adbad73a..., userDataDir: C:\Users\LUKHOV~1\AppData\L...}, cssSelectorsEnabled: true, databaseEnabled: false, goog:chromeOptions: {debuggerAddress: localhost:59117}, handlesAlerts: true, hasTouchScreen: false, javascriptEnabled: true, locationContextEnabled: true, mobileEmulationEnabled: false, nativeEvents: true, networkConnectionEnabled: false, pageLoadStrategy: normal, platform: XP, platformName: XP, proxy: Proxy(), rotatable: false, setWindowRect: true, strictFileInteractability: false, takesHeapSnapshot: true, takesScreenshot: true, timeouts: {implicit: 0, pageLoad: 300000, script: 30000}, unexpectedAlertBehaviour: ignore, unhandledPromptBehavior: ignore, version: 72.0.3626.109, webStorageEnabled: true}
Session ID: aec5e52f9a3fdc288040394be647ba8f
at org.openqa.selenium.remote.ErrorHandler.createThrowable(ErrorHandler.java:214)
at org.openqa.selenium.remote.ErrorHandler.throwIfResponseFailed(ErrorHandler.java:166)
at org.openqa.selenium.remote.http.JsonHttpResponseCodec.reconstructValue(JsonHttpResponseCodec.java:40)
at org.openqa.selenium.remote.http.AbstractHttpResponseCodec.decode(AbstractHttpResponseCodec.java:80)
at org.openqa.selenium.remote.http.AbstractHttpResponseCodec.decode(AbstractHttpResponseCodec.java:44)
at org.openqa.selenium.remote.HttpCommandExecutor.execute(HttpCommandExecutor.java:158)
at org.openqa.selenium.remote.service.DriverCommandExecutor.execute(DriverCommandExecutor.java:83)
at org.openqa.selenium.remote.RemoteWebDriver.execute(RemoteWebDriver.java:552)
at org.openqa.selenium.remote.RemoteWebDriver.execute(RemoteWebDriver.java:609)
at org.openqa.selenium.remote.RemoteWebDriver.getCurrentUrl(RemoteWebDriver.java:287)
at com.codeborne.selenide.impl.WebDriverThreadLocalContainer.getCurrentUrl(WebDriverThreadLocalContainer.java:206)
at com.codeborne.selenide.WebDriverRunner.url(WebDriverRunner.java:270)
at uk.co.idealflatmate.appmanager.HelperBase.pageUrlVerifLiveGoStage(HelperBase.java:132)
at uk.co.idealflatmate.tests.TestBase.setupMethod(TestBase.java:94)
... Removed 35 stack frames]]>
    </failure>
  </testcase> <!-- @BeforeMethod setupMethod -->
  <testcase name="@BeforeMethod setupMethod" time="0.0" classname="uk.co.idealflatmate.tests.TestBase">
    <skipped/>
  </testcase> <!-- @BeforeMethod setupMethod -->
  <testcase name="@BeforeMethod setupMethod" time="0.0" classname="uk.co.idealflatmate.tests.TestBase">
    <skipped/>
  </testcase> <!-- @BeforeMethod setupMethod -->
  <testcase name="@BeforeMethod setupMethod" time="0.0" classname="uk.co.idealflatmate.tests.TestBase">
    <skipped/>
  </testcase> <!-- @BeforeMethod setupMethod -->
  <testcase name="@BeforeMethod setupMethod" time="0.0" classname="uk.co.idealflatmate.tests.TestBase">
    <skipped/>
  </testcase> <!-- @BeforeMethod setupMethod -->
  <testcase name="@BeforeMethod setupMethod" time="0.0" classname="uk.co.idealflatmate.tests.TestBase">
    <skipped/>
  </testcase> <!-- @BeforeMethod setupMethod -->
  <testcase name="@BeforeMethod setupMethod" time="0.0" classname="uk.co.idealflatmate.tests.TestBase">
    <skipped/>
  </testcase> <!-- @BeforeMethod setupMethod -->
  <testcase name="@BeforeMethod setupMethod" time="0.0" classname="uk.co.idealflatmate.tests.TestBase">
    <skipped/>
  </testcase> <!-- @BeforeMethod setupMethod -->
  <testcase name="@BeforeMethod setupMethod" time="0.001" classname="uk.co.idealflatmate.tests.TestBase">
    <failure type="org.openqa.selenium.NoSuchWindowException" message="no such window: target window already closed
from unknown error: web view not found
  (Session info: chrome=72.0.3626.109)
  (Driver info: chromedriver=2.46.628402 (536cd7adbad73a3783fdc2cab92ab2ba7ec361e1),platform=Windows NT 10.0.16299 x86_64) (WARNING: The server did not provide any stacktrace information)
Command duration or timeout: 0 milliseconds
Build info: version: &amp;apos;3.141.59&amp;apos;, revision: &amp;apos;e82be7d358&amp;apos;, time: &amp;apos;2018-11-14T08:17:03&amp;apos;
System info: host: &amp;apos;PRIVATE-1074&amp;apos;, ip: &amp;apos;10.8.1.74&amp;apos;, os.name: &amp;apos;Windows 10&amp;apos;, os.arch: &amp;apos;amd64&amp;apos;, os.version: &amp;apos;10.0&amp;apos;, java.version: &amp;apos;1.8.0_152&amp;apos;
Driver info: org.openqa.selenium.chrome.ChromeDriver
Capabilities {acceptInsecureCerts: false, acceptSslCerts: false, applicationCacheEnabled: false, browserConnectionEnabled: false, browserName: chrome, chrome: {chromedriverVersion: 2.46.628402 (536cd7adbad73a..., userDataDir: C:\Users\LUKHOV~1\AppData\L...}, cssSelectorsEnabled: true, databaseEnabled: false, goog:chromeOptions: {debuggerAddress: localhost:59117}, handlesAlerts: true, hasTouchScreen: false, javascriptEnabled: true, locationContextEnabled: true, mobileEmulationEnabled: false, nativeEvents: true, networkConnectionEnabled: false, pageLoadStrategy: normal, platform: XP, platformName: XP, proxy: Proxy(), rotatable: false, setWindowRect: true, strictFileInteractability: false, takesHeapSnapshot: true, takesScreenshot: true, timeouts: {implicit: 0, pageLoad: 300000, script: 30000}, unexpectedAlertBehaviour: ignore, unhandledPromptBehavior: ignore, version: 72.0.3626.109, webStorageEnabled: true}
Session ID: aec5e52f9a3fdc288040394be647ba8f">
      <![CDATA[org.openqa.selenium.NoSuchWindowException: no such window: target window already closed
from unknown error: web view not found
  (Session info: chrome=72.0.3626.109)
  (Driver info: chromedriver=2.46.628402 (536cd7adbad73a3783fdc2cab92ab2ba7ec361e1),platform=Windows NT 10.0.16299 x86_64) (WARNING: The server did not provide any stacktrace information)
Command duration or timeout: 0 milliseconds
Build info: version: '3.141.59', revision: 'e82be7d358', time: '2018-11-14T08:17:03'
System info: host: 'PRIVATE-1074', ip: '10.8.1.74', os.name: 'Windows 10', os.arch: 'amd64', os.version: '10.0', java.version: '1.8.0_152'
Driver info: org.openqa.selenium.chrome.ChromeDriver
Capabilities {acceptInsecureCerts: false, acceptSslCerts: false, applicationCacheEnabled: false, browserConnectionEnabled: false, browserName: chrome, chrome: {chromedriverVersion: 2.46.628402 (536cd7adbad73a..., userDataDir: C:\Users\LUKHOV~1\AppData\L...}, cssSelectorsEnabled: true, databaseEnabled: false, goog:chromeOptions: {debuggerAddress: localhost:59117}, handlesAlerts: true, hasTouchScreen: false, javascriptEnabled: true, locationContextEnabled: true, mobileEmulationEnabled: false, nativeEvents: true, networkConnectionEnabled: false, pageLoadStrategy: normal, platform: XP, platformName: XP, proxy: Proxy(), rotatable: false, setWindowRect: true, strictFileInteractability: false, takesHeapSnapshot: true, takesScreenshot: true, timeouts: {implicit: 0, pageLoad: 300000, script: 30000}, unexpectedAlertBehaviour: ignore, unhandledPromptBehavior: ignore, version: 72.0.3626.109, webStorageEnabled: true}
Session ID: aec5e52f9a3fdc288040394be647ba8f
at org.openqa.selenium.remote.ErrorHandler.createThrowable(ErrorHandler.java:214)
at org.openqa.selenium.remote.ErrorHandler.throwIfResponseFailed(ErrorHandler.java:166)
at org.openqa.selenium.remote.http.JsonHttpResponseCodec.reconstructValue(JsonHttpResponseCodec.java:40)
at org.openqa.selenium.remote.http.AbstractHttpResponseCodec.decode(AbstractHttpResponseCodec.java:80)
at org.openqa.selenium.remote.http.AbstractHttpResponseCodec.decode(AbstractHttpResponseCodec.java:44)
at org.openqa.selenium.remote.HttpCommandExecutor.execute(HttpCommandExecutor.java:158)
at org.openqa.selenium.remote.service.DriverCommandExecutor.execute(DriverCommandExecutor.java:83)
at org.openqa.selenium.remote.RemoteWebDriver.execute(RemoteWebDriver.java:552)
at org.openqa.selenium.remote.RemoteWebDriver.execute(RemoteWebDriver.java:609)
at org.openqa.selenium.remote.RemoteWebDriver.getCurrentUrl(RemoteWebDriver.java:287)
at com.codeborne.selenide.impl.WebDriverThreadLocalContainer.getCurrentUrl(WebDriverThreadLocalContainer.java:206)
at com.codeborne.selenide.WebDriverRunner.url(WebDriverRunner.java:270)
at uk.co.idealflatmate.appmanager.HelperBase.pageUrlVerifLiveGoStage(HelperBase.java:132)
at uk.co.idealflatmate.tests.TestBase.setupMethod(TestBase.java:94)
... Removed 35 stack frames]]>
    </failure>
  </testcase> <!-- @BeforeMethod setupMethod -->
  <testcase name="@BeforeMethod setupMethod" time="0.0" classname="uk.co.idealflatmate.tests.TestBase">
    <skipped/>
  </testcase> <!-- @BeforeMethod setupMethod -->
  <testcase name="@BeforeMethod setupMethod" time="0.0" classname="uk.co.idealflatmate.tests.TestBase">
    <skipped/>
  </testcase> <!-- @BeforeMethod setupMethod -->
  <testcase name="@BeforeMethod setupMethod" time="0.0" classname="uk.co.idealflatmate.tests.TestBase">
    <skipped/>
  </testcase> <!-- @BeforeMethod setupMethod -->
  <testcase name="@BeforeMethod setupMethod" time="0.0" classname="uk.co.idealflatmate.tests.TestBase">
    <skipped/>
  </testcase> <!-- @BeforeMethod setupMethod -->
  <testcase name="@BeforeMethod setupMethod" time="0.0" classname="uk.co.idealflatmate.tests.TestBase">
    <skipped/>
  </testcase> <!-- @BeforeMethod setupMethod -->
  <testcase name="@BeforeMethod setupMethod" time="0.0" classname="uk.co.idealflatmate.tests.TestBase">
    <skipped/>
  </testcase> <!-- @BeforeMethod setupMethod -->
  <testcase name="@BeforeMethod setupMethod" time="0.0" classname="uk.co.idealflatmate.tests.TestBase">
    <skipped/>
  </testcase> <!-- @BeforeMethod setupMethod -->
  <testcase name="@BeforeMethod setupMethod" time="0.0" classname="uk.co.idealflatmate.tests.TestBase">
    <skipped/>
  </testcase> <!-- @BeforeMethod setupMethod -->
  <testcase name="@BeforeMethod setupMethod" time="0.0" classname="uk.co.idealflatmate.tests.TestBase">
    <skipped/>
  </testcase> <!-- @BeforeMethod setupMethod -->
  <testcase name="@BeforeMethod setupMethod" time="0.0" classname="uk.co.idealflatmate.tests.TestBase">
    <skipped/>
  </testcase> <!-- @BeforeMethod setupMethod -->
  <testcase name="@BeforeMethod setupMethod" time="0.0" classname="uk.co.idealflatmate.tests.TestBase">
    <skipped/>
  </testcase> <!-- @BeforeMethod setupMethod -->
  <testcase name="@BeforeMethod setupMethod" time="0.0" classname="uk.co.idealflatmate.tests.TestBase">
    <skipped/>
  </testcase> <!-- @BeforeMethod setupMethod -->
  <testcase name="removeAccountBeforeTest" time="10.507" classname="uk.co.idealflatmate.tests.AbclearDataTests"/>
  <testcase name="removeAccountBeforeTest" time="8.394" classname="uk.co.idealflatmate.tests.AbclearDataTests"/>
  <testcase name="removeAccountBeforeTest" time="8.564" classname="uk.co.idealflatmate.tests.AbclearDataTests"/>
  <testcase name="removeAccountBeforeTest" time="8.561" classname="uk.co.idealflatmate.tests.AbclearDataTests"/>
  <testcase name="removeAccountBeforeTest" time="8.534" classname="uk.co.idealflatmate.tests.AbclearDataTests"/>
  <testcase name="removeAccountBeforeTest" time="8.732" classname="uk.co.idealflatmate.tests.AbclearDataTests"/>
  <testcase name="removeAccountBeforeTest" time="8.475" classname="uk.co.idealflatmate.tests.AbclearDataTests"/>
  <testcase name="removeAccountBeforeTest" time="8.476" classname="uk.co.idealflatmate.tests.AbclearDataTests"/>
  <testcase name="removeAccountBeforeTest" time="8.459" classname="uk.co.idealflatmate.tests.AbclearDataTests"/>
  <testcase name="removeAccountBeforeTest" time="8.364" classname="uk.co.idealflatmate.tests.AbclearDataTests"/>
  <testcase name="removeAccountBeforeTest" time="8.596" classname="uk.co.idealflatmate.tests.AbclearDataTests"/>
  <testcase name="removeAccountBeforeTest" time="8.734" classname="uk.co.idealflatmate.tests.AbclearDataTests"/>
  <testcase name="removeAccountBeforeTest" time="9.425" classname="uk.co.idealflatmate.tests.AbclearDataTests"/>
  <testcase name="removeAccountBeforeTest" time="8.913" classname="uk.co.idealflatmate.tests.AbclearDataTests"/>
  <testcase name="removeAccountBeforeTest" time="8.468" classname="uk.co.idealflatmate.tests.AbclearDataTests"/>
  <testcase name="removeAccountBeforeTest" time="8.333" classname="uk.co.idealflatmate.tests.AbclearDataTests"/>
  <testcase name="removeAccountBeforeTest" time="8.61" classname="uk.co.idealflatmate.tests.AbclearDataTests"/>
  <testcase name="removeAccountBeforeTest" time="8.475" classname="uk.co.idealflatmate.tests.AbclearDataTests"/>
  <testcase name="removeAccountBeforeTest" time="9.125" classname="uk.co.idealflatmate.tests.AbclearDataTests"/>
  <testcase name="removeAccountBeforeTest" time="8.794" classname="uk.co.idealflatmate.tests.AbclearDataTests"/>
  <testcase name="removeAccountBeforeTest" time="8.749" classname="uk.co.idealflatmate.tests.AbclearDataTests"/>
  <testcase name="removeAccountBeforeTest" time="8.461" classname="uk.co.idealflatmate.tests.AbclearDataTests"/>
  <testcase name="removeAccountBeforeTest" time="8.511" classname="uk.co.idealflatmate.tests.AbclearDataTests"/>
  <testcase name="removeAccountBeforeTest" time="8.588" classname="uk.co.idealflatmate.tests.AbclearDataTests"/>
  <testcase name="removeAccountBeforeTest" time="8.354" classname="uk.co.idealflatmate.tests.AbclearDataTests"/>
  <testcase name="removelistingBeforeTest" time="65.642" classname="uk.co.idealflatmate.tests.AbclearDataTests"/>
  <testcase name="TestSuccessfulEmailReceivingWelcomeListingMessageSubscriptionCancSub" time="28.65" classname="uk.co.idealflatmate.tests.ZEmailTests">
    <failure type="com.codeborne.selenide.ex.ElementNotFound" message="Element not found {By.xpath: //span[contains(text(), &amp;apos;AM&amp;apos;) or contains(text(), &amp;apos;PM&amp;apos;)]//ancestor::tr//div//div//span[contains(text(), &amp;apos;You have a new enquiry!&amp;apos;)]//ancestor::tr//td/div[@role=&amp;apos;checkbox&amp;apos;]}
Expected: visible">
      <![CDATA[Element not found {By.xpath: //span[contains(text(), 'AM') or contains(text(), 'PM')]//ancestor::tr//div//div//span[contains(text(), 'You have a new enquiry!')]//ancestor::tr//td/div[@role='checkbox']}
Expected: visible
Screenshot: file:/C:/Users/lukhovytskyi/Documents/GitHub/idealflatmatetest/build/reports/tests/1550664208897.1.png
Page source: file:/C:/Users/lukhovytskyi/Documents/GitHub/idealflatmatetest/build/reports/tests/1550664208897.1.html
Timeout: 6 s.
Caused by: NoSuchElementException: no such element: Unable to locate element: {"method":"xpath","selector":"//span[contains(text(), 'AM') or contains(text(), 'PM')]//ancestor::tr//div//div//span[contains(text(), 'You have a new enquiry!')]//ancestor::tr//td/div[@role='checkbox']"}
at com.codeborne.selenide.impl.WebElementSource.createElementNotFoundError(WebElementSource.java:31)
at com.codeborne.selenide.impl.ElementFinder.createElementNotFoundError(ElementFinder.java:82)
at com.codeborne.selenide.impl.WebElementSource.checkCondition(WebElementSource.java:59)
at com.codeborne.selenide.commands.Should.should(Should.java:35)
at com.codeborne.selenide.commands.Should.execute(Should.java:29)
at com.codeborne.selenide.commands.Should.execute(Should.java:12)
at com.codeborne.selenide.commands.Commands.execute(Commands.java:144)
at com.codeborne.selenide.impl.SelenideElementProxy.dispatchAndRetry(SelenideElementProxy.java:87)
at com.codeborne.selenide.impl.SelenideElementProxy.invoke(SelenideElementProxy.java:63)
at com.sun.proxy.$Proxy7.waitUntil(Unknown Source)
at uk.co.idealflatmate.appmanager.EmailHelper.tipCheckboxEnquiry(EmailHelper.java:73)
at uk.co.idealflatmate.tests.ZEmailTests.TestSuccessfulEmailReceivingWelcomeListingMessageSubscriptionCancSub(ZEmailTests.java:21)
Caused by: org.openqa.selenium.NoSuchElementException: no such element: Unable to locate element: {"method":"xpath","selector":"//span[contains(text(), 'AM') or contains(text(), 'PM')]//ancestor::tr//div//div//span[contains(text(), 'You have a new enquiry!')]//ancestor::tr//td/div[@role='checkbox']"}
  (Session info: chrome=72.0.3626.109)
  (Driver info: chromedriver=2.46.628402 (536cd7adbad73a3783fdc2cab92ab2ba7ec361e1),platform=Windows NT 10.0.16299 x86_64) (WARNING: The server did not provide any stacktrace information)
Command duration or timeout: 0 milliseconds
[...]
    <skipped/>
  </testcase> <!-- firstFeaturedLinkMap -->
  <testcase name="linkFH" time="0.0" classname="uk.co.idealflatmate.tests.AreaPageTest">
    <skipped/>
  </testcase> <!-- linkFH -->
  <testcase name="seeMoreRooms" time="0.0" classname="uk.co.idealflatmate.tests.AreaPageTest">
    <skipped/>
  </testcase> <!-- seeMoreRooms -->
  <testcase name="addLogInViaFacebook" time="0.0" classname="uk.co.idealflatmate.tests.AuthorizationTests">
    <skipped/>
  </testcase> <!-- addLogInViaFacebook -->
  <testcase name="alogInWithMatchingFB" time="0.0" classname="uk.co.idealflatmate.tests.AuthorizationTests">
    <skipped/>
  </testcase> <!-- alogInWithMatchingFB -->
  <testcase name="classicLogInOut" time="0.0" classname="uk.co.idealflatmate.tests.AuthorizationTests">
    <skipped/>
  </testcase> <!-- classicLogInOut -->
  <testcase name="emailWrongHomePage" time="0.0" classname="uk.co.idealflatmate.tests.AuthorizationTests">
    <skipped/>
  </testcase> <!-- emailWrongHomePage -->
  <testcase name="invalidLoginWithEmptyFields" time="0.0" classname="uk.co.idealflatmate.tests.AuthorizationTests">
    <skipped/>
  </testcase> <!-- invalidLoginWithEmptyFields -->
  <testcase name="logInContactFM" time="0.0" classname="uk.co.idealflatmate.tests.AuthorizationTests">
    <skipped/>
  </testcase> <!-- logInContactFM -->
  <testcase name="logInMessageFM" time="0.0" classname="uk.co.idealflatmate.tests.AuthorizationTests">
    <skipped/>
  </testcase> <!-- logInMessageFM -->
  <testcase name="logInOutOnFMPage" time="0.0" classname="uk.co.idealflatmate.tests.AuthorizationTests">
    <skipped/>
  </testcase> <!-- logInOutOnFMPage -->
  <testcase name="logInOutOnPropertyPage" time="0.0" classname="uk.co.idealflatmate.tests.AuthorizationTests">
    <skipped/>
  </testcase> <!-- logInOutOnPropertyPage -->
  <testcase name="logInPhoneReveal" time="0.0" classname="uk.co.idealflatmate.tests.AuthorizationTests">
    <skipped/>
  </testcase> <!-- logInPhoneReveal -->
  <testcase name="loginPassWronglogInHomePage" time="0.0" classname="uk.co.idealflatmate.tests.AuthorizationTests">
    <skipped/>
  </testcase> <!-- loginPassWronglogInHomePage -->
  <testcase name="footerAboutUsLink" time="0.0" classname="uk.co.idealflatmate.tests.FooterTest">
    <skipped/>
  </testcase> <!-- footerAboutUsLink -->
  <testcase name="footerAskLandlord" time="0.0" classname="uk.co.idealflatmate.tests.FooterTest">
    <skipped/>
  </testcase> <!-- footerAskLandlord -->
  <testcase name="footerBlogLink" time="0.0" classname="uk.co.idealflatmate.tests.FooterTest">
    <skipped/>
  </testcase> <!-- footerBlogLink -->
  <testcase name="footerBrowseFlatsharesLink" time="0.0" classname="uk.co.idealflatmate.tests.FooterTest">
    <skipped/>
  </testcase> <!-- footerBrowseFlatsharesLink -->
  <testcase name="footerBrowseHowItWorksLink" time="0.0" classname="uk.co.idealflatmate.tests.FooterTest">
    <skipped/>
  </testcase> <!-- footerBrowseHowItWorksLink -->
  <testcase name="footerBrowseTipsLink" time="0.0" classname="uk.co.idealflatmate.tests.FooterTest">
    <skipped/>
  </testcase> <!-- footerBrowseTipsLink -->
  <testcase name="footerContactLink" time="0.0" classname="uk.co.idealflatmate.tests.FooterTest">
    <skipped/>
  </testcase> <!-- footerContactLink -->
  <testcase name="footerHomeLink" time="0.0" classname="uk.co.idealflatmate.tests.FooterTest">
    <skipped/>
  </testcase> <!-- footerHomeLink -->
  <testcase name="footerInstagramLink" time="0.0" classname="uk.co.idealflatmate.tests.FooterTest">
    <skipped/>
  </testcase> <!-- footerInstagramLink -->
  <testcase name="footerMediaLink" time="0.0" classname="uk.co.idealflatmate.tests.FooterTest">
    <skipped/>
  </testcase> <!-- footerMediaLink -->
  <testcase name="footerModern" time="0.0" classname="uk.co.idealflatmate.tests.FooterTest">
    <skipped/>
  </testcase> <!-- footerModern -->
  <testcase name="footerNLALink" time="0.0" classname="uk.co.idealflatmate.tests.FooterTest">
    <skipped/>
  </testcase> <!-- footerNLALink -->
  <testcase name="footerPressLink" time="0.0" classname="uk.co.idealflatmate.tests.FooterTest">
    <skipped/>
  </testcase> <!-- footerPressLink -->
  <testcase name="footerPricingLink" time="0.0" classname="uk.co.idealflatmate.tests.FooterTest">
    <skipped/>
  </testcase> <!-- footerPricingLink -->
  <testcase name="footerStaySafeLink" time="0.0" classname="uk.co.idealflatmate.tests.FooterTest">
    <skipped/>
  </testcase> <!-- footerStaySafeLink -->
  <testcase name="footerTwitterLink" time="0.0" classname="uk.co.idealflatmate.tests.FooterTest">
    <skipped/>
  </testcase> <!-- footerTwitterLink -->
  <testcase name="footerYoutubeLink" time="0.0" classname="uk.co.idealflatmate.tests.FooterTest">
    <skipped/>
  </testcase> <!-- footerYoutubeLink -->
  <testcase name="amountOfBlocsAndTextOfAreas" time="0.0" classname="uk.co.idealflatmate.tests.HomePageTest">
    <skipped/>
  </testcase> <!-- amountOfBlocsAndTextOfAreas -->
  <testcase name="blogFM" time="0.0" classname="uk.co.idealflatmate.tests.HomePageTest">
    <skipped/>
  </testcase> <!-- blogFM -->
  <testcase name="blogLandlord" time="0.0" classname="uk.co.idealflatmate.tests.HomePageTest">
    <skipped/>
  </testcase> <!-- blogLandlord -->
  <testcase name="findOutMore" time="0.0" classname="uk.co.idealflatmate.tests.HomePageTest">
    <skipped/>
  </testcase> <!-- findOutMore -->
  <testcase name="findStartListing" time="0.0" classname="uk.co.idealflatmate.tests.HomePageTest">
    <skipped/>
  </testcase> <!-- findStartListing -->
  <testcase name="findStartMatchingLink" time="0.0" classname="uk.co.idealflatmate.tests.HomePageTest">
    <skipped/>
  </testcase> <!-- findStartMatchingLink -->
  <testcase name="pressLogo" time="0.0" classname="uk.co.idealflatmate.tests.HomePageTest">
    <skipped/>
  </testcase> <!-- pressLogo -->
  <testcase name="fullMenuNewUserWithVerifPercent" time="0.0" classname="uk.co.idealflatmate.tests.MatchingTests">
    <skipped/>
  </testcase> <!-- fullMenuNewUserWithVerifPercent -->
  <testcase name="startMatchingOnFMSearchPage" time="0.0" classname="uk.co.idealflatmate.tests.MatchingTests">
    <skipped/>
  </testcase> <!-- startMatchingOnFMSearchPage -->
  <testcase name="startMatchingOnPropertyCard" time="0.0" classname="uk.co.idealflatmate.tests.MatchingTests">
    <skipped/>
  </testcase> <!-- startMatchingOnPropertyCard -->
  <testcase name="startMatchingQuizPropertyPage" time="0.0" classname="uk.co.idealflatmate.tests.MatchingTests">
    <skipped/>
  </testcase> <!-- startMatchingQuizPropertyPage -->
  <testcase name="answMesFmWithoutSubsToFM" time="0.0" classname="uk.co.idealflatmate.tests.MessagesTest">
    <skipped/>
  </testcase> <!-- answMesFmWithoutSubsToFM -->
  <testcase name="answMesLandlToPremFHWithoutSubs" time="0.0" classname="uk.co.idealflatmate.tests.MessagesTest">
    <skipped/>
  </testcase> <!-- answMesLandlToPremFHWithoutSubs -->
  <testcase name="fmWithoutSubsToLandlordWithoutSubsWithListFromList" time="0.0" classname="uk.co.idealflatmate.tests.MessagesTest">
    <skipped/>
  </testcase> <!-- fmWithoutSubsToLandlordWithoutSubsWithListFromList -->
  <testcase name="fmWithoutSubsTolordWithoutSubsWithListFromFMpage" time="0.0" classname="uk.co.idealflatmate.tests.MessagesTest">
    <skipped/>
  </testcase> <!-- fmWithoutSubsTolordWithoutSubsWithListFromFMpage -->
  <testcase name="landlordWithoutSubsToFM" time="0.0" classname="uk.co.idealflatmate.tests.MessagesTest">
    <skipped/>
  </testcase> <!-- landlordWithoutSubsToFM -->
  <testcase name="lordWithSubsToFM" time="0.0" classname="uk.co.idealflatmate.tests.MessagesTest">
    <skipped/>
  </testcase> <!-- lordWithSubsToFM -->
  <testcase name="premFmToLandlWithoutSubsWithListFromSearch" time="0.0" classname="uk.co.idealflatmate.tests.MessagesTest">
    <skipped/>
  </testcase> <!-- premFmToLandlWithoutSubsWithListFromSearch -->
  <testcase name="readMessageByLandlWithoutSubsn" time="0.0" classname="uk.co.idealflatmate.tests.MessagesTest">
    <skipped/>
  </testcase> <!-- readMessageByLandlWithoutSubsn -->
  <testcase name="AbilityToSeePhone" time="0.0" classname="uk.co.idealflatmate.tests.PaymentTests">
    <skipped/>
  </testcase> <!-- AbilityToSeePhone -->
  <testcase name="GoPremiumFHPaymentOnMessage" time="0.0" classname="uk.co.idealflatmate.tests.PaymentTests">
    <skipped/>
  </testcase> <!-- GoPremiumFHPaymentOnMessage -->
  <testcase name="GoPremiumFHPaymentOnPhone" time="0.0" classname="uk.co.idealflatmate.tests.PaymentTests">
    <skipped/>
  </testcase> <!-- GoPremiumFHPaymentOnPhone -->
  <testcase name="agentProfWorldPay" time="0.0" classname="uk.co.idealflatmate.tests.PaymentTests">
    <skipped/>
  </testcase> <!-- agentProfWorldPay -->
  <testcase name="lordInWorldPaidListingProf" time="0.0" classname="uk.co.idealflatmate.tests.PaymentTests">
    <skipped/>
  </testcase> <!-- lordInWorldPaidListingProf -->
  <testcase name="lordInWorldPaylistingEssen" time="0.0" classname="uk.co.idealflatmate.tests.PaymentTests">
    <skipped/>
  </testcase> <!-- lordInWorldPaylistingEssen -->
  <testcase name="lordOutWorldPaylistingPrem" time="0.0" classname="uk.co.idealflatmate.tests.PaymentTests">
    <skipped/>
  </testcase> <!-- lordOutWorldPaylistingPrem -->
  <testcase name="premiumFHPaymentWorldPay" time="0.0" classname="uk.co.idealflatmate.tests.PaymentTests">
    <skipped/>
  </testcase> <!-- premiumFHPaymentWorldPay -->
  <testcase name="applyAdvancedFiltersDefault" time="0.0" classname="uk.co.idealflatmate.tests.SearchFMPageTests">
    <skipped/>
  </testcase> <!-- applyAdvancedFiltersDefault -->
  <testcase name="applyMoreFilters" time="0.0" classname="uk.co.idealflatmate.tests.SearchFMPageTests">
    <skipped/>
  </testcase> <!-- applyMoreFilters -->
  <testcase name="applyMoreFiltersPhotoNoList" time="0.0" classname="uk.co.idealflatmate.tests.SearchFMPageTests">
    <skipped/>
  </testcase> <!-- applyMoreFiltersPhotoNoList -->
  <testcase name="applyMoreFiltersPhotoWithList" time="0.0" classname="uk.co.idealflatmate.tests.SearchFMPageTests">
    <skipped/>
  </testcase> <!-- applyMoreFiltersPhotoWithList -->
  <testcase name="fmSearchBy" time="0.0" classname="uk.co.idealflatmate.tests.SearchFMPageTests">
    <skipped/>
  </testcase> <!-- fmSearchBy -->
  <testcase name="searchPagination" time="0.0" classname="uk.co.idealflatmate.tests.SearchFMPageTests">
    <skipped/>
  </testcase> <!-- searchPagination -->
  <testcase name="sortListingLoggedIn" time="0.0" classname="uk.co.idealflatmate.tests.SearchFMPageTests">
    <skipped/>
  </testcase> <!-- sortListingLoggedIn -->
  <testcase name="TestSearchHomeByEnter" time="0.0" classname="uk.co.idealflatmate.tests.SearchHomePageTests">
    <skipped/>
  </testcase> <!-- TestSearchHomeByEnter -->
  <testcase name="searchHomeByButton" time="0.0" classname="uk.co.idealflatmate.tests.SearchHomePageTests">
    <skipped/>
  </testcase> <!-- searchHomeByButton -->
  <testcase name="searchHomeIDProperty" time="0.0" classname="uk.co.idealflatmate.tests.SearchHomePageTests">
    <skipped/>
  </testcase> <!-- searchHomeIDProperty -->
  <testcase name="searchHomeLocationFromList" time="0.0" classname="uk.co.idealflatmate.tests.SearchHomePageTests">
    <skipped/>
  </testcase> <!-- searchHomeLocationFromList -->
  <testcase name="searchHomePartOfLocationName" time="0.0" classname="uk.co.idealflatmate.tests.SearchHomePageTests">
    <skipped/>
  </testcase> <!-- searchHomePartOfLocationName -->
  <testcase name="applyAdvancedFiltersDefault" time="0.0" classname="uk.co.idealflatmate.tests.SearchPropertiesPageTests">
    <skipped/>
  </testcase> <!-- applyAdvancedFiltersDefault -->
  <testcase name="applyMoreFilters" time="0.0" classname="uk.co.idealflatmate.tests.SearchPropertiesPageTests">
    <skipped/>
  </testcase> <!-- applyMoreFilters -->
  <testcase name="propertySearchByDropDown" time="0.0" classname="uk.co.idealflatmate.tests.SearchPropertiesPageTests">
    <skipped/>
  </testcase> <!-- propertySearchByDropDown -->
  <testcase name="searchEastLDNPagination" time="0.0" classname="uk.co.idealflatmate.tests.SearchPropertiesPageTests">
    <skipped/>
  </testcase> <!-- searchEastLDNPagination -->
  <testcase name="searchPagination" time="0.0" classname="uk.co.idealflatmate.tests.SearchPropertiesPageTests">
    <skipped/>
  </testcase> <!-- searchPagination -->
  <testcase name="searchZone1Pagination" time="0.0" classname="uk.co.idealflatmate.tests.SearchPropertiesPageTests">
    <skipped/>
  </testcase> <!-- searchZone1Pagination -->
  <testcase name="sortListing" time="0.0" classname="uk.co.idealflatmate.tests.SearchPropertiesPageTests">
    <skipped/>
  </testcase> <!-- sortListing -->
  <testcase name="sortListingWith2Rooms" time="0.0" classname="uk.co.idealflatmate.tests.SearchPropertiesPageTests">
    <skipped/>
  </testcase> <!-- sortListingWith2Rooms -->
  <testcase name="testHeaderRoomSignUpHomePageTenant" time="0.0" classname="uk.co.idealflatmate.tests.SignUpTest">
    <skipped/>
  </testcase> <!-- testHeaderRoomSignUpHomePageTenant -->
  <testcase name="testHeaderSignUpHomePageFMSearchLiv_inWithoutAbout" time="0.0" classname="uk.co.idealflatmate.tests.SignUpTest">
    <skipped/>
  </testcase> <!-- testHeaderSignUpHomePageFMSearchLiv_inWithoutAbout -->
  <testcase name="testHeaderSignUpViaFacebook" time="0.0" classname="uk.co.idealflatmate.tests.SignUpTest">
    <skipped/>
  </testcase> <!-- testHeaderSignUpViaFacebook -->
  <testcase name="testHeaderSignUpWithBlankRequiredFieldsBudget" time="0.0" classname="uk.co.idealflatmate.tests.SignUpTest">
    <skipped/>
  </testcase> <!-- testHeaderSignUpWithBlankRequiredFieldsBudget -->
  <testcase name="testHeaderSignUpWithBlankRequiredFieldsLocation" time="0.0" classname="uk.co.idealflatmate.tests.SignUpTest">
    <skipped/>
  </testcase> <!-- testHeaderSignUpWithBlankRequiredFieldsLocation -->
  <testcase name="testHeaderSignUpWithBlankRequiredFieldsMoreAboutYou" time="0.0" classname="uk.co.idealflatmate.tests.SignUpTest">
    <skipped/>
  </testcase> <!-- testHeaderSignUpWithBlankRequiredFieldsMoreAboutYou -->
  <testcase name="testHeaderSignUpWithBlankRequiredFieldsYourInf" time="0.0" classname="uk.co.idealflatmate.tests.SignUpTest">
    <skipped/>
  </testcase> <!-- testHeaderSignUpWithBlankRequiredFieldsYourInf -->
  <testcase name="testHeaderSignUpWithExistingEmail" time="0.0" classname="uk.co.idealflatmate.tests.SignUpTest">
    <skipped/>
  </testcase> <!-- testHeaderSignUpWithExistingEmail -->
  <testcase name="testListingSignUpFromHomepage" time="0.0" classname="uk.co.idealflatmate.tests.SignUpTest">
    <skipped/>
  </testcase> <!-- testListingSignUpFromHomepage -->
  <testcase name="testListingSignUpHeader" time="0.0" classname="uk.co.idealflatmate.tests.SignUpTest">
    <skipped/>
  </testcase> <!-- testListingSignUpHeader -->
  <testcase name="testSignUpBlankFieldsPropAddRentBlock" time="0.0" classname="uk.co.idealflatmate.tests.SignUpTest">
    <skipped/>
  </testcase> <!-- testSignUpBlankFieldsPropAddRentBlock -->
  <testcase name="testSignUpBlankFieldsPropAddWorkBlock" time="0.0" classname="uk.co.idealflatmate.tests.SignUpTest">
    <skipped/>
  </testcase> <!-- testSignUpBlankFieldsPropAddWorkBlock -->
  <testcase name="testSignUpViaFBlistingAgent" time="0.0" classname="uk.co.idealflatmate.tests.SignUpTest">
    <skipped/>
  </testcase> <!-- testSignUpViaFBlistingAgent -->
  <testcase name="@AfterSuite tearDown" time="0.0" classname="uk.co.idealflatmate.tests.TestBase">
    <ignored/>
  </testcase> <!-- @AfterSuite tearDown -->
  <testcase name="@AfterSuite tearDown" time="0.0" classname="uk.co.idealflatmate.tests.TestBase">
    <ignored/>
  </testcase> <!-- @AfterSuite tearDown -->
  <testcase name="@AfterSuite tearDown" time="0.0" classname="uk.co.idealflatmate.tests.TestBase">
    <ignored/>
  </testcase> <!-- @AfterSuite tearDown -->
  <testcase name="@AfterSuite tearDown" time="0.0" classname="uk.co.idealflatmate.tests.TestBase">
    <ignored/>
  </testcase> <!-- @AfterSuite tearDown -->
  <testcase name="@AfterSuite tearDown" time="0.0" classname="uk.co.idealflatmate.tests.TestBase">
    <ignored/>
  </testcase> <!-- @AfterSuite tearDown -->
  <testcase name="@AfterSuite tearDown" time="0.0" classname="uk.co.idealflatmate.tests.TestBase">
    <ignored/>
  </testcase> <!-- @AfterSuite tearDown -->
  <testcase name="@AfterSuite tearDown" time="0.0" classname="uk.co.idealflatmate.tests.TestBase">
    <ignored/>
  </testcase> <!-- @AfterSuite tearDown -->
  <testcase name="@AfterSuite tearDown" time="0.0" classname="uk.co.idealflatmate.tests.TestBase">
    <ignored/>
  </testcase> <!-- @AfterSuite tearDown -->
  <testcase name="@AfterSuite tearDown" time="0.0" classname="uk.co.idealflatmate.tests.TestBase">
    <ignored/>
  </testcase> <!-- @AfterSuite tearDown -->
  <testcase name="@AfterSuite tearDown" time="0.0" classname="uk.co.idealflatmate.tests.TestBase">
    <ignored/>
  </testcase> <!-- @AfterSuite tearDown -->
  <testcase name="@AfterSuite tearDown" time="0.0" classname="uk.co.idealflatmate.tests.TestBase">
    <ignored/>
  </testcase> <!-- @AfterSuite tearDown -->
  <testcase name="@AfterSuite tearDown" time="0.0" classname="uk.co.idealflatmate.tests.TestBase">
    <ignored/>
  </testcase> <!-- @AfterSuite tearDown -->
  <testcase name="@AfterSuite tearDown" time="0.0" classname="uk.co.idealflatmate.tests.TestBase">
    <ignored/>
  </testcase> <!-- @AfterSuite tearDown -->
  <testcase name="@AfterSuite tearDown" time="0.0" classname="uk.co.idealflatmate.tests.TestBase">
    <ignored/>
  </testcase> <!-- @AfterSuite tearDown -->
  <testcase name="@BeforeSuite setupClass" time="0.0" classname="uk.co.idealflatmate.tests.TestBase">
    <ignored/>
  </testcase> <!-- @BeforeSuite setupClass -->
  <testcase name="@BeforeSuite setupClass" time="0.0" classname="uk.co.idealflatmate.tests.TestBase">
    <ignored/>
  </testcase> <!-- @BeforeSuite setupClass -->
  <testcase name="@BeforeSuite setupClass" time="0.0" classname="uk.co.idealflatmate.tests.TestBase">
    <ignored/>
  </testcase> <!-- @BeforeSuite setupClass -->
  <testcase name="@BeforeSuite setupClass" time="0.0" classname="uk.co.idealflatmate.tests.TestBase">
    <ignored/>
  </testcase> <!-- @BeforeSuite setupClass -->
  <testcase name="@BeforeSuite setupClass" time="0.0" classname="uk.co.idealflatmate.tests.TestBase">
    <ignored/>
  </testcase> <!-- @BeforeSuite setupClass -->
  <testcase name="@BeforeSuite setupClass" time="0.0" classname="uk.co.idealflatmate.tests.TestBase">
    <ignored/>
  </testcase> <!-- @BeforeSuite setupClass -->
  <testcase name="@BeforeSuite setupClass" time="0.0" classname="uk.co.idealflatmate.tests.TestBase">
    <ignored/>
  </testcase> <!-- @BeforeSuite setupClass -->
  <testcase name="@BeforeSuite setupClass" time="0.0" classname="uk.co.idealflatmate.tests.TestBase">
    <ignored/>
  </testcase> <!-- @BeforeSuite setupClass -->
  <testcase name="@BeforeSuite setupClass" time="0.0" classname="uk.co.idealflatmate.tests.TestBase">
    <ignored/>
  </testcase> <!-- @BeforeSuite setupClass -->
  <testcase name="@BeforeSuite setupClass" time="0.0" classname="uk.co.idealflatmate.tests.TestBase">
    <ignored/>
  </testcase> <!-- @BeforeSuite setupClass -->
  <testcase name="@BeforeSuite setupClass" time="0.0" classname="uk.co.idealflatmate.tests.TestBase">
    <ignored/>
  </testcase> <!-- @BeforeSuite setupClass -->
  <testcase name="@BeforeSuite setupClass" time="0.0" classname="uk.co.idealflatmate.tests.TestBase">
    <ignored/>
  </testcase> <!-- @BeforeSuite setupClass -->
  <testcase name="@BeforeSuite setupClass" time="0.0" classname="uk.co.idealflatmate.tests.TestBase">
    <ignored/>
  </testcase> <!-- @BeforeSuite setupClass -->
  <testcase name="@BeforeSuite setupClass" time="0.0" classname="uk.co.idealflatmate.tests.TestBase">
    <ignored/>
  </testcase> <!-- @BeforeSuite setupClass -->
</testsuite> <!-- Surefire test -->
