<?xml version="1.0" encoding="UTF-8"?>
<!-- Generated by org.testng.reporters.JUnitXMLReporter -->
<testsuite hostname="Private-1074" ignored="0" name="Surefire test" tests="61" failures="3" timestamp="13 Jul 2018 16:03:00 GMT" time="4741.778" errors="0">
  <testcase name="TestSignUpSuccessfulPropertyAddingEmailVerification" time="71.792" classname="uk.co.idealflatmate.tests.AddListingTests"/>
  <testcase name="TestSignUpWithBlankFieldsPropertyAdding" time="9.225" classname="uk.co.idealflatmate.tests.AddListingTests"/>
  <testcase name="TestSuccessfulLoginStartListing" time="25.848" classname="uk.co.idealflatmate.tests.AddListingTests"/>
  <testcase name="TestSuccessfulPropertyAddingWithAllFields" time="86.944" classname="uk.co.idealflatmate.tests.AddListingTests">
    <failure type="com.codeborne.selenide.ex.ElementShould" message="Element should have text &amp;apos;3 rooms for rent in Bankside, South, London from
ВЈ500&amp;apos; {By.xpath: //h1[@class=&amp;apos;h2 u_m0-top u_p20-bottom text-normal u_b-bottom&amp;apos;]}
Element: &amp;apos;&amp;lt;h1 class=&amp;quot;h2 u_m0-top u_p20-bottom text-normal u_b-bottom&amp;quot;&amp;gt;3 rooms for rent in Bankside, South, London from £500
Property ref# 0023407&amp;lt;/h1&amp;gt;&amp;apos;">
      <![CDATA[Element should have text '3 rooms for rent in Bankside, South, London from
ВЈ500' {By.xpath: //h1[@class='h2 u_m0-top u_p20-bottom text-normal u_b-bottom']}
Element: '<h1 class="h2 u_m0-top u_p20-bottom text-normal u_b-bottom">3 rooms for rent in Bankside, South, London from £500
Property ref# 0023407</h1>'
Screenshot: file:/C:/Users/lukhovytskyi/Documents/GitHub/idealflatmatetest/build/reports/tests/1531493329375.0.png
Page source: file:/C:/Users/lukhovytskyi/Documents/GitHub/idealflatmatetest/build/reports/tests/1531493329375.0.html
Timeout: 10 s.
	at com.codeborne.selenide.impl.WebElementSource.checkCondition(WebElementSource.java:66)
	at com.codeborne.selenide.commands.Should.should(Should.java:35)
	at com.codeborne.selenide.commands.Should.execute(Should.java:29)
	at com.codeborne.selenide.commands.Should.execute(Should.java:12)
	at com.codeborne.selenide.commands.Commands.execute(Commands.java:144)
	at com.codeborne.selenide.impl.SelenideElementProxy.dispatchAndRetry(SelenideElementProxy.java:87)
	at com.codeborne.selenide.impl.SelenideElementProxy.invoke(SelenideElementProxy.java:63)
	at com.sun.proxy.$Proxy4.shouldHave(Unknown Source)
	at uk.co.idealflatmate.appmanager.VerificationHelper.verifyAddedPropertyWithAllFields(VerificationHelper.java:57)
	at uk.co.idealflatmate.tests.AddListingTests.TestSuccessfulPropertyAddingWithAllFields(AddListingTests.java:99)
	at java.util.concurrent.ThreadPoolExecutor.runWorker(ThreadPoolExecutor.java:1149)
	at java.util.concurrent.ThreadPoolExecutor$Worker.run(ThreadPoolExecutor.java:624)
	at java.lang.Thread.run(Thread.java:748)
... Removed 10 stack frames]]>
    </failure>
  </testcase> <!-- TestSuccessfulPropertyAddingWithAllFields -->
  <testcase name="EmailWronglogInHomePage" time="8.354" classname="uk.co.idealflatmate.tests.AuthorizationTests"/>
  <testcase name="InvalidAuthorizationWithEmptyFields" time="5.84" classname="uk.co.idealflatmate.tests.AuthorizationTests"/>
  <testcase name="PasswordWronglogInHomePage" time="8.692" classname="uk.co.idealflatmate.tests.AuthorizationTests"/>
  <testcase name="SuccessClassicLogIn" time="29.25" classname="uk.co.idealflatmate.tests.AuthorizationTests"/>
  <testcase name="SuccessClassiclogInOnFMPage" time="18.566" classname="uk.co.idealflatmate.tests.AuthorizationTests"/>
  <testcase name="SuccessClassiclogInOnPropertyPage" time="39.3" classname="uk.co.idealflatmate.tests.AuthorizationTests"/>
  <testcase name="SuccessLogInContactFM" time="27.363" classname="uk.co.idealflatmate.tests.AuthorizationTests"/>
  <testcase name="SuccessLogInContactProperty" time="22.814" classname="uk.co.idealflatmate.tests.AuthorizationTests">
    <failure type="com.codeborne.selenide.ex.ElementShould" message="Element should be visible {#loginform-username}
Element: &amp;apos;&amp;lt;input class=&amp;quot;form-control&amp;quot; id=&amp;quot;loginform-username&amp;quot; name=&amp;quot;LoginForm[username]&amp;quot; type=&amp;quot;text&amp;quot; displayed:false&amp;gt;&amp;lt;/input&amp;gt;&amp;apos;">
      <![CDATA[Element should be visible {#loginform-username}
Element: '<input class="form-control" id="loginform-username" name="LoginForm[username]" type="text" displayed:false></input>'
Screenshot: file:/C:/Users/lukhovytskyi/Documents/GitHub/idealflatmatetest/build/reports/tests/1531493777609.1.png
Page source: file:/C:/Users/lukhovytskyi/Documents/GitHub/idealflatmatetest/build/reports/tests/1531493777609.1.html
Timeout: 10 s.
	at com.codeborne.selenide.impl.WebElementSource.checkCondition(WebElementSource.java:66)
	at com.codeborne.selenide.commands.Should.should(Should.java:35)
	at com.codeborne.selenide.commands.Should.execute(Should.java:29)
	at com.codeborne.selenide.commands.Should.execute(Should.java:12)
	at com.codeborne.selenide.commands.Commands.execute(Commands.java:144)
	at com.codeborne.selenide.impl.SelenideElementProxy.dispatchAndRetry(SelenideElementProxy.java:87)
	at com.codeborne.selenide.impl.SelenideElementProxy.invoke(SelenideElementProxy.java:63)
	at com.sun.proxy.$Proxy4.shouldBe(Unknown Source)
	at uk.co.idealflatmate.appmanager.HelperBase.signIn(HelperBase.java:13)
	at uk.co.idealflatmate.appmanager.AuthorizationHelper.setLoginAsUserWithoutPackage(AuthorizationHelper.java:25)
	at uk.co.idealflatmate.tests.AuthorizationTests.SuccessLogInContactProperty(AuthorizationTests.java:136)
	at java.util.concurrent.ThreadPoolExecutor.runWorker(ThreadPoolExecutor.java:1149)
	at java.util.concurrent.ThreadPoolExecutor$Worker.run(ThreadPoolExecutor.java:624)
	at java.lang.Thread.run(Thread.java:748)
... Removed 10 stack frames]]>
    </failure>
  </testcase> <!-- SuccessLogInContactProperty -->
  <testcase name="SuccessLogInMessageFM" time="24.018" classname="uk.co.idealflatmate.tests.AuthorizationTests"/>
  <testcase name="SuccessLogInMessageProperty" time="18.263" classname="uk.co.idealflatmate.tests.AuthorizationTests"/>
  <testcase name="SuccessLogInViaFacebook" time="16.651" classname="uk.co.idealflatmate.tests.AuthorizationTests"/>
  <testcase name="SuccessLogInWithMatchingFB" time="38.387" classname="uk.co.idealflatmate.tests.AuthorizationTests"/>
  <testcase name="SuccessSignInViaFacebook" time="42.768" classname="uk.co.idealflatmate.tests.AuthorizationTests"/>
  <testcase name="TestSuccessfulEmailReceivingWelcomeAndListing" time="56.248" classname="uk.co.idealflatmate.tests.EmailTests"/>
  <testcase name="footerAboutUsLink" time="3.322" classname="uk.co.idealflatmate.tests.FooterTest"/>
  <testcase name="footerBlogLink" time="3.337" classname="uk.co.idealflatmate.tests.FooterTest"/>
  <testcase name="footerBrowseFlatsharesLink" time="17.687" classname="uk.co.idealflatmate.tests.FooterTest"/>
  <testcase name="footerBrowseHowItWorksLink" time="2.181" classname="uk.co.idealflatmate.tests.FooterTest"/>
  <testcase name="footerBrowseTipsLink" time="5.727" classname="uk.co.idealflatmate.tests.FooterTest"/>
  <testcase name="footerContactLink" time="2.132" classname="uk.co.idealflatmate.tests.FooterTest"/>
  <testcase name="footerFBLink" time="13.86" classname="uk.co.idealflatmate.tests.FooterTest"/>
  <testcase name="footerHomeLink" time="5.363" classname="uk.co.idealflatmate.tests.FooterTest"/>
  <testcase name="footerInstagramLink" time="13.42" classname="uk.co.idealflatmate.tests.FooterTest"/>
  <testcase name="footerMediaLink" time="5.373" classname="uk.co.idealflatmate.tests.FooterTest"/>
  <testcase name="footerNLALink" time="23.726" classname="uk.co.idealflatmate.tests.FooterTest"/>
  <testcase name="footerPressLink" time="3.012" classname="uk.co.idealflatmate.tests.FooterTest"/>
  <testcase name="footerPricingLink" time="3.776" classname="uk.co.idealflatmate.tests.FooterTest"/>
  <testcase name="footerStaySafeLink" time="3.596" classname="uk.co.idealflatmate.tests.FooterTest"/>
  <testcase name="footerTwitterLink" time="11.012" classname="uk.co.idealflatmate.tests.FooterTest"/>
  <testcase name="footerYoutubeLink" time="21.349" classname="uk.co.idealflatmate.tests.FooterTest"/>
  <testcase name="blogFM" time="3.88" classname="uk.co.idealflatmate.tests.HomePageTest"/>
  <testcase name="blogImgLink" time="6.498" classname="uk.co.idealflatmate.tests.HomePageTest"/>
  <testcase name="blogLandlord" time="8.228" classname="uk.co.idealflatmate.tests.HomePageTest"/>
  <testcase name="blogLordImgLink" time="5.204" classname="uk.co.idealflatmate.tests.HomePageTest"/>
  <testcase name="blogTextFMLink" time="12.021" classname="uk.co.idealflatmate.tests.HomePageTest"/>
  <testcase name="blogTextLordLink" time="12.485" classname="uk.co.idealflatmate.tests.HomePageTest"/>
  <testcase name="findOutMore" time="5.979" classname="uk.co.idealflatmate.tests.HomePageTest"/>
  <testcase name="findStartListing" time="156.341" classname="uk.co.idealflatmate.tests.HomePageTest"/>
  <testcase name="findStartMatching" time="1.96" classname="uk.co.idealflatmate.tests.HomePageTest"/>
  <testcase name="findStartMatchingLink" time="2.899" classname="uk.co.idealflatmate.tests.HomePageTest"/>
  <testcase name="latestFlatmatesNonLogged" time="5.988" classname="uk.co.idealflatmate.tests.HomePageTest"/>
  <testcase name="pressLogo" time="6.589" classname="uk.co.idealflatmate.tests.HomePageTest"/>
  <testcase name="CompleteMatchingFromMenuWithNewUserWithVerifyingPercent" time="104.092" classname="uk.co.idealflatmate.tests.MatchingTests"/>
  <testcase name="StartMatchingOnFMSearchPage" time="8.471" classname="uk.co.idealflatmate.tests.MatchingTests"/>
  <testcase name="answerMessageFmWithoutSubscriptionToFM" time="36.214" classname="uk.co.idealflatmate.tests.MessagesTest"/>
  <testcase name="answerMessagePremiumFHtoLandlordWithoutSubscription" time="39.113" classname="uk.co.idealflatmate.tests.MessagesTest"/>
  <testcase name="readMessageByLandlordWithoutSubscription" time="32.356" classname="uk.co.idealflatmate.tests.MessagesTest"/>
  <testcase name="sendMessageFmWithoutSubscriptionToLandlordWithoutSubscriptionWithListingFromFMpage" time="52.172" classname="uk.co.idealflatmate.tests.MessagesTest"/>
  <testcase name="sendMessageFmWithoutSubscriptionToLandlordWithoutSubscriptionWithListingFromListing" time="55.643" classname="uk.co.idealflatmate.tests.MessagesTest"/>
  <testcase name="sendMessageFmWithoutSubscriptionToLandlordWithoutSubscriptionWithListingFromSearch" time="64.761" classname="uk.co.idealflatmate.tests.MessagesTest"/>
  <testcase name="SignUpViaFacebookAgeUnder18" time="15.0" classname="uk.co.idealflatmate.tests.SignUpTest"/>
  <testcase name="SignUpWithMatchingWithBlankRequiredFields" time="27.061" classname="uk.co.idealflatmate.tests.SignUpTest"/>
  <testcase name="SuccessfulSignUpViaFacebook" time="44.809" classname="uk.co.idealflatmate.tests.SignUpTest"/>
  <testcase name="SuccessfulSignUpWithMatchingWithRequiredFields" time="274.455" classname="uk.co.idealflatmate.tests.SignUpTest">
    <failure type="com.codeborne.selenide.ex.ElementShould" message="Element should be visible {By.xpath: //button[@id=&amp;apos;3&amp;apos; and contains(text(), &amp;apos;Continue&amp;apos;)]}
Element: &amp;apos;&amp;lt;button class=&amp;quot;btn btn-block btn-info btn-next btn-survey&amp;quot; id=&amp;quot;3&amp;quot; onclick=&amp;quot;dataLayer.push({&amp;apos;event&amp;apos;:&amp;apos;Rebelhack&amp;apos;,&amp;apos;eventCategory&amp;apos;: &amp;apos;pre user activation&amp;apos;,&amp;apos;eventAction&amp;apos;: &amp;apos;match sociability question 2 of 20 continue click&amp;apos;,&amp;apos;eventLabel&amp;apos;: &amp;apos;flathunter&amp;apos;});&amp;quot; type=&amp;quot;button&amp;quot;&amp;gt;Continue&amp;lt;/button&amp;gt;&amp;apos;">
      <![CDATA[Element should be visible {By.xpath: //button[@id='3' and contains(text(), 'Continue')]}
Element: '<button class="btn btn-block btn-info btn-next btn-survey" id="3" onclick="dataLayer.push({'event':'Rebelhack','eventCategory': 'pre user activation','eventAction': 'match sociability question 2 of 20 continue click','eventLabel': 'flathunter'});" type="button">Continue</button>'
Screenshot: file:/C:/Users/lukhovytskyi/Documents/GitHub/idealflatmatetest/build/reports/tests/1531497550525.2.png
Page source: file:/C:/Users/lukhovytskyi/Documents/GitHub/idealflatmatetest/build/reports/tests/1531497550525.2.html
Timeout: 4 s.
	at com.codeborne.selenide.impl.WebElementSource.checkCondition(WebElementSource.java:66)
	at com.codeborne.selenide.commands.Should.should(Should.java:35)
	at com.codeborne.selenide.commands.Should.execute(Should.java:29)
	at com.codeborne.selenide.commands.Should.execute(Should.java:12)
	at com.codeborne.selenide.commands.Commands.execute(Commands.java:144)
	at com.codeborne.selenide.impl.SelenideElementProxy.dispatchAndRetry(SelenideElementProxy.java:87)
	at com.codeborne.selenide.impl.SelenideElementProxy.invoke(SelenideElementProxy.java:63)
	at com.sun.proxy.$Proxy4.waitUntil(Unknown Source)
	at uk.co.idealflatmate.appmanager.MatchingHelper.clickContinueMatching2(MatchingHelper.java:27)
	at uk.co.idealflatmate.tests.SignUpTest.SuccessfulSignUpWithMatchingWithRequiredFields(SignUpTest.java:107)
	at java.util.concurrent.ThreadPoolExecutor.runWorker(ThreadPoolExecutor.java:1149)
	at java.util.concurrent.ThreadPoolExecutor$Worker.run(ThreadPoolExecutor.java:624)
	at java.lang.Thread.run(Thread.java:748)
... Removed 10 stack frames]]>
    </failure>
  </testcase> <!-- SuccessfulSignUpWithMatchingWithRequiredFields -->
  <testcase name="TestClassicSignUpWithBlankRequiredFields" time="8.09" classname="uk.co.idealflatmate.tests.SignUpTest"/>
  <testcase name="TestClassicSignUpWithExistingEmail" time="25.565" classname="uk.co.idealflatmate.tests.SignUpTest"/>
  <testcase name="TestSuccessfulClassicSignUp" time="54.668" classname="uk.co.idealflatmate.tests.SignUpTest"/>
</testsuite> <!-- Surefire test -->
