<?xml version="1.0" encoding="UTF-8"?>
<!-- Generated by org.testng.reporters.JUnitXMLReporter -->
<testsuite hostname="Alex-PC" ignored="0" name="Surefire test" tests="8" failures="0" timestamp="14 мар 2018 13:05:15 GMT" time="309.194" errors="0">
  <testcase name="@BeforeMethod setupClass" time="309.139" classname="uk.co.idealflatmate.tests.TestBase">
    <failure type="org.openqa.selenium.TimeoutException" message="timeout
  (Session info: chrome=64.0.3282.186)
  (Driver info: chromedriver=2.36.540470 (e522d04694c7ebea4ba8821272dbef4f9b818c91),platform=Windows NT 10.0.16299 x86_64) (WARNING: The server did not provide any stacktrace information)
Command duration or timeout: 0 milliseconds
Build info: version: &amp;apos;3.8.1&amp;apos;, revision: &amp;apos;6e95a6684b&amp;apos;, time: &amp;apos;2017-12-01T18:33:54.468Z&amp;apos;
System info: host: &amp;apos;ALEX-PC&amp;apos;, ip: &amp;apos;10.8.88.172&amp;apos;, os.name: &amp;apos;Windows 10&amp;apos;, os.arch: &amp;apos;amd64&amp;apos;, os.version: &amp;apos;10.0&amp;apos;, java.version: &amp;apos;1.8.0_162&amp;apos;
Driver info: org.openqa.selenium.chrome.ChromeDriver
selenide.url: https://www.idealflatmate.co.uk/
Capabilities {acceptInsecureCerts: false, acceptSslCerts: false, applicationCacheEnabled: false, browserConnectionEnabled: false, browserName: chrome, chrome: {chromedriverVersion: 2.36.540470 (e522d04694c7eb..., userDataDir: C:\Users\Lenovo\AppData\Loc...}, cssSelectorsEnabled: true, databaseEnabled: false, handlesAlerts: true, hasTouchScreen: false, javascriptEnabled: true, locationContextEnabled: true, mobileEmulationEnabled: false, nativeEvents: true, networkConnectionEnabled: false, pageLoadStrategy: normal, platform: XP, platformName: XP, rotatable: false, setWindowRect: true, takesHeapSnapshot: true, takesScreenshot: true, unexpectedAlertBehaviour: , unhandledPromptBehavior: , version: 64.0.3282.186, webStorageEnabled: true}
selenide.baseUrl: http://localhost:8080
Session ID: 316fb2bb528b4fca2eb2cf52c961ecd3">
      <![CDATA[org.openqa.selenium.TimeoutException: timeout
  (Session info: chrome=64.0.3282.186)
  (Driver info: chromedriver=2.36.540470 (e522d04694c7ebea4ba8821272dbef4f9b818c91),platform=Windows NT 10.0.16299 x86_64) (WARNING: The server did not provide any stacktrace information)
Command duration or timeout: 0 milliseconds
Build info: version: '3.8.1', revision: '6e95a6684b', time: '2017-12-01T18:33:54.468Z'
System info: host: 'ALEX-PC', ip: '10.8.88.172', os.name: 'Windows 10', os.arch: 'amd64', os.version: '10.0', java.version: '1.8.0_162'
Driver info: org.openqa.selenium.chrome.ChromeDriver
selenide.url: https://www.idealflatmate.co.uk/
Capabilities {acceptInsecureCerts: false, acceptSslCerts: false, applicationCacheEnabled: false, browserConnectionEnabled: false, browserName: chrome, chrome: {chromedriverVersion: 2.36.540470 (e522d04694c7eb..., userDataDir: C:\Users\Lenovo\AppData\Loc...}, cssSelectorsEnabled: true, databaseEnabled: false, handlesAlerts: true, hasTouchScreen: false, javascriptEnabled: true, locationContextEnabled: true, mobileEmulationEnabled: false, nativeEvents: true, networkConnectionEnabled: false, pageLoadStrategy: normal, platform: XP, platformName: XP, rotatable: false, setWindowRect: true, takesHeapSnapshot: true, takesScreenshot: true, unexpectedAlertBehaviour: , unhandledPromptBehavior: , version: 64.0.3282.186, webStorageEnabled: true}
selenide.baseUrl: http://localhost:8080
Session ID: 316fb2bb528b4fca2eb2cf52c961ecd3
	at org.openqa.selenium.remote.ErrorHandler.createThrowable(ErrorHandler.java:214)
	at org.openqa.selenium.remote.ErrorHandler.throwIfResponseFailed(ErrorHandler.java:166)
	at org.openqa.selenium.remote.http.JsonHttpResponseCodec.reconstructValue(JsonHttpResponseCodec.java:40)
	at org.openqa.selenium.remote.http.AbstractHttpResponseCodec.decode(AbstractHttpResponseCodec.java:80)
	at org.openqa.selenium.remote.http.AbstractHttpResponseCodec.decode(AbstractHttpResponseCodec.java:44)
	at org.openqa.selenium.remote.HttpCommandExecutor.execute(HttpCommandExecutor.java:164)
	at org.openqa.selenium.remote.service.DriverCommandExecutor.execute(DriverCommandExecutor.java:83)
	at org.openqa.selenium.remote.RemoteWebDriver.execute(RemoteWebDriver.java:601)
	at org.openqa.selenium.remote.RemoteWebDriver.get(RemoteWebDriver.java:325)
	at org.openqa.selenium.remote.RemoteWebDriver$RemoteNavigation.to(RemoteWebDriver.java:912)
	at com.codeborne.selenide.impl.Navigator.navigateToAbsoluteUrl(Navigator.java:67)
	at com.codeborne.selenide.impl.Navigator.open(Navigator.java:30)
	at com.codeborne.selenide.Selenide.open(Selenide.java:79)
	at com.codeborne.selenide.Selenide.open(Selenide.java:53)
	at uk.co.idealflatmate.tests.TestBase.setupClass(TestBase.java:25)
... Removed 35 stack frames]]>
    </failure>
  </testcase> <!-- @BeforeMethod setupClass -->
  <testcase name="@BeforeMethod setupClass" time="0.0" classname="uk.co.idealflatmate.tests.TestBase">
    <skipped/>
  </testcase> <!-- @BeforeMethod setupClass -->
  <testcase name="@BeforeMethod setupClass" time="0.0" classname="uk.co.idealflatmate.tests.TestBase">
    <skipped/>
  </testcase> <!-- @BeforeMethod setupClass -->
  <testcase name="@BeforeMethod setupClass" time="0.0" classname="uk.co.idealflatmate.tests.TestBase">
    <skipped/>
  </testcase> <!-- @BeforeMethod setupClass -->
  <testcase name="@BeforeMethod setupClass" time="0.0" classname="uk.co.idealflatmate.tests.TestBase">
    <skipped/>
  </testcase> <!-- @BeforeMethod setupClass -->
  <testcase name="@BeforeMethod setupClass" time="0.0" classname="uk.co.idealflatmate.tests.TestBase">
    <skipped/>
  </testcase> <!-- @BeforeMethod setupClass -->
  <testcase name="@BeforeMethod setupClass" time="0.0" classname="uk.co.idealflatmate.tests.TestBase">
    <skipped/>
  </testcase> <!-- @BeforeMethod setupClass -->
  <testcase name="@BeforeMethod setupClass" time="0.0" classname="uk.co.idealflatmate.tests.TestBase">
    <skipped/>
  </testcase> <!-- @BeforeMethod setupClass -->
  <testcase name="SuccessfulPropertyAddingOnlyWithRequiredFields" time="0.0" classname="uk.co.idealflatmate.tests.AddListingTests">
    <skipped/>
  </testcase> <!-- SuccessfulPropertyAddingOnlyWithRequiredFields -->
  <testcase name="SuccessfulPropertyAddingWithAllFields" time="0.0" classname="uk.co.idealflatmate.tests.AddListingTests">
    <skipped/>
  </testcase> <!-- SuccessfulPropertyAddingWithAllFields -->
  <testcase name="InvalidAuthorizationWithEmptyFields" time="0.0" classname="uk.co.idealflatmate.tests.AuthorizationTests">
    <skipped/>
  </testcase> <!-- InvalidAuthorizationWithEmptyFields -->
  <testcase name="SuccessfulClassicSignIn" time="0.0" classname="uk.co.idealflatmate.tests.AuthorizationTests">
    <skipped/>
  </testcase> <!-- SuccessfulClassicSignIn -->
  <testcase name="SuccessfulSignInViaFacebook" time="0.0" classname="uk.co.idealflatmate.tests.AuthorizationTests">
    <skipped/>
  </testcase> <!-- SuccessfulSignInViaFacebook -->
  <testcase name="answerMessage" time="0.0" classname="uk.co.idealflatmate.tests.MessagesTest">
    <skipped/>
  </testcase> <!-- answerMessage -->
  <testcase name="readMessage" time="0.0" classname="uk.co.idealflatmate.tests.MessagesTest">
    <skipped/>
  </testcase> <!-- readMessage -->
  <testcase name="AbilityToSeePhone" time="0.0" classname="uk.co.idealflatmate.tests.PremiumFlathunterTests">
    <skipped/>
  </testcase> <!-- AbilityToSeePhone -->
</testsuite> <!-- Surefire test -->
