<!DOCTYPE html>

<html>
  <head>
  <meta charset='utf-8'>
  <title>TestNG reports</title>

    <link type="text/css" href="testng-reports.css" rel="stylesheet" />
    <script type="text/javascript" src="jquery-1.7.1.min.js"></script>
    <script type="text/javascript" src="testng-reports.js"></script>
    <script type="text/javascript" src="https://www.google.com/jsapi"></script>
    <script type='text/javascript'>
      google.load('visualization', '1', {packages:['table']});
      google.setOnLoadCallback(drawTable);
      var suiteTableInitFunctions = new Array();
      var suiteTableData = new Array();
    </script>
    <!--
      <script type="text/javascript" src="jquery-ui/js/jquery-ui-1.8.16.custom.min.js"></script>
     -->
  </head>

  <body>
    <div class="top-banner-root">
      <span class="top-banner-title-font">Test results</span>
      <br/>
      <span class="top-banner-font-1">1 suite, 23 failed tests</span>
    </div> <!-- top-banner-root -->
    <div class="navigator-root">
      <div class="navigator-suite-header">
        <span>All suites</span>
        <a href="#" class="collapse-all-link" title="Collapse/expand all the suites">
          <img class="collapse-all-icon" src="collapseall.gif">
          </img> <!-- collapse-all-icon -->
        </a> <!-- collapse-all-link -->
      </div> <!-- navigator-suite-header -->
      <div class="suite">
        <div class="rounded-window">
          <div class="suite-header light-rounded-window-top">
            <a href="#" class="navigator-link" panel-name="suite-suite">
              <span class="suite-name border-failed">suite</span>
            </a> <!-- navigator-link -->
          </div> <!-- suite-header light-rounded-window-top -->
          <div class="navigator-suite-content">
            <div class="suite-section-title">
              <span>Info</span>
            </div> <!-- suite-section-title -->
            <div class="suite-section-content">
              <ul>
                <li>
                  <a href="#" class="navigator-link " panel-name="test-xml-suite">
                    <span>C:\Users\lukhovytskyi\Documents\GitHub\idealflatmatetest\testNG.xml</span>
                  </a> <!-- navigator-link  -->
                </li>
                <li>
                  <a href="#" class="navigator-link " panel-name="testlist-suite">
                    <span class="test-stats">1 test</span>
                  </a> <!-- navigator-link  -->
                </li>
                <li>
                  <a href="#" class="navigator-link " panel-name="group-suite">
                    <span>0 groups</span>
                  </a> <!-- navigator-link  -->
                </li>
                <li>
                  <a href="#" class="navigator-link " panel-name="times-suite">
                    <span>Times</span>
                  </a> <!-- navigator-link  -->
                </li>
                <li>
                  <a href="#" class="navigator-link " panel-name="reporter-suite">
                    <span>Reporter output</span>
                  </a> <!-- navigator-link  -->
                </li>
                <li>
                  <a href="#" class="navigator-link " panel-name="ignored-methods-suite">
                    <span>Ignored methods</span>
                  </a> <!-- navigator-link  -->
                </li>
                <li>
                  <a href="#" class="navigator-link " panel-name="chronological-suite">
                    <span>Chronological view</span>
                  </a> <!-- navigator-link  -->
                </li>
              </ul>
            </div> <!-- suite-section-content -->
            <div class="result-section">
              <div class="suite-section-title">
                <span>Results</span>
              </div> <!-- suite-section-title -->
              <div class="suite-section-content">
                <ul>
                  <li>
                    <span class="method-stats">103 methods, 23 failed,   80 passed</span>
                  </li>
                  <li>
                    <span class="method-list-title failed">Failed methods</span>
                    <span class="show-or-hide-methods failed">
                      <a href="#" panel-name="suite-suite" class="hide-methods failed suite-suite"> (hide)</a> <!-- hide-methods failed suite-suite -->
                      <a href="#" panel-name="suite-suite" class="show-methods failed suite-suite"> (show)</a> <!-- show-methods failed suite-suite -->
                    </span>
                    <div class="method-list-content failed suite-suite">
                      <span>
                        <img width="3%" src="failed.png"/>
                        <a href="#" class="method navigator-link" panel-name="suite-suite" title="uk.co.idealflatmate.tests.SignUpMatching" hash-for-method="SignUpMatchingWithRequiredFieldsRoom">SignUpMatchingWithRequiredFieldsRoom</a> <!-- method navigator-link -->
                      </span>
                      <br/>
                      <span>
                        <img width="3%" src="failed.png"/>
                        <a href="#" class="method navigator-link" panel-name="suite-suite" title="uk.co.idealflatmate.tests.SignUpTest" hash-for-method="SuccessfulSignUpWithListingWithAllFields">SuccessfulSignUpWithListingWithAllFields</a> <!-- method navigator-link -->
                      </span>
                      <br/>
                      <span>
                        <img width="3%" src="failed.png"/>
                        <a href="#" class="method navigator-link" panel-name="suite-suite" title="uk.co.idealflatmate.tests.ZEmailTests" hash-for-method="TestSuccessfulEmailReceivingWelcomeListingMessageSubscriptionCancSub">TestSuccessfulEmailReceivingWelcomeListingMessageSubscriptionCancSub</a> <!-- method navigator-link -->
                      </span>
                      <br/>
                      <span>
                        <img width="3%" src="failed.png"/>
                        <a href="#" class="method navigator-link" panel-name="suite-suite" title="uk.co.idealflatmate.tests.PaymentTests" hash-for-method="agentProfWorldPay">agentProfWorldPay</a> <!-- method navigator-link -->
                      </span>
                      <br/>
                      <span>
                        <img width="3%" src="failed.png"/>
                        <a href="#" class="method navigator-link" panel-name="suite-suite" title="uk.co.idealflatmate.tests.MessagesTest" hash-for-method="answMesLandlToPremFHWithoutSubs">answMesLandlToPremFHWithoutSubs</a> <!-- method navigator-link -->
                      </span>
                      <br/>
                      <span>
                        <img width="3%" src="failed.png"/>
                        <a href="#" class="method navigator-link" panel-name="suite-suite" title="uk.co.idealflatmate.tests.SearchFMPageTests" hash-for-method="applyAdvancedFiltersDefault">applyAdvancedFiltersDefault</a> <!-- method navigator-link -->
                      </span>
                      <br/>
                      <span>
                        <img width="3%" src="failed.png"/>
                        <a href="#" class="method navigator-link" panel-name="suite-suite" title="uk.co.idealflatmate.tests.MatchingTests" hash-for-method="completeMatchingFromMenuWithNewUserWithVerifyingPercent">completeMatchingFromMenuWithNewUserWithVerifyingPercent</a> <!-- method navigator-link -->
                      </span>
                      <br/>
                      <span>
                        <img width="3%" src="failed.png"/>
                        <a href="#" class="method navigator-link" panel-name="suite-suite" title="uk.co.idealflatmate.tests.SignUpTest" hash-for-method="headerRoomSignUpHomePageTenant">headerRoomSignUpHomePageTenant</a> <!-- method navigator-link -->
                      </span>
                      <br/>
                      <span>
                        <img width="3%" src="failed.png"/>
                        <a href="#" class="method navigator-link" panel-name="suite-suite" title="uk.co.idealflatmate.tests.SignUpTest" hash-for-method="headerSignUpWithBlankRequiredFieldsLocation">headerSignUpWithBlankRequiredFieldsLocation</a> <!-- method navigator-link -->
                      </span>
                      <br/>
                      <span>
                        <img width="3%" src="failed.png"/>
                        <a href="#" class="method navigator-link" panel-name="suite-suite" title="uk.co.idealflatmate.tests.AddListingTests" hash-for-method="loginStartListing">loginStartListing</a> <!-- method navigator-link -->
                      </span>
                      <br/>
                      <span>
                        <img width="3%" src="failed.png"/>
                        <a href="#" class="method navigator-link" panel-name="suite-suite" title="uk.co.idealflatmate.tests.PaymentTests" hash-for-method="lordInWorldPaidListingProf">lordInWorldPaidListingProf</a> <!-- method navigator-link -->
                      </span>
                      <br/>
                      <span>
                        <img width="3%" src="failed.png"/>
                        <a href="#" class="method navigator-link" panel-name="suite-suite" title="uk.co.idealflatmate.tests.PaymentTests" hash-for-method="lordInWorldPaylistingEssen">lordInWorldPaylistingEssen</a> <!-- method navigator-link -->
                      </span>
                      <br/>
                      <span>
                        <img width="3%" src="failed.png"/>
                        <a href="#" class="method navigator-link" panel-name="suite-suite" title="uk.co.idealflatmate.tests.PaymentTests" hash-for-method="lordOutWorldPaylistingPrem">lordOutWorldPaylistingPrem</a> <!-- method navigator-link -->
                      </span>
                      <br/>
                      <span>
                        <img width="3%" src="failed.png"/>
                        <a href="#" class="method navigator-link" panel-name="suite-suite" title="uk.co.idealflatmate.tests.SignUpLikeOrMessage" hash-for-method="messagePropertySignUpHomePage">messagePropertySignUpHomePage</a> <!-- method navigator-link -->
                      </span>
                      <br/>
                      <span>
                        <img width="3%" src="failed.png"/>
                        <a href="#" class="method navigator-link" panel-name="suite-suite" title="uk.co.idealflatmate.tests.SignUpLikeOrMessage" hash-for-method="messageSignUpFMPage">messageSignUpFMPage</a> <!-- method navigator-link -->
                      </span>
                      <br/>
                      <span>
                        <img width="3%" src="failed.png"/>
                        <a href="#" class="method navigator-link" panel-name="suite-suite" title="uk.co.idealflatmate.tests.SignUpLikeOrMessage" hash-for-method="popupExistingEmailPropertyPage">popupExistingEmailPropertyPage</a> <!-- method navigator-link -->
                      </span>
                      <br/>
                      <span>
                        <img width="3%" src="failed.png"/>
                        <a href="#" class="method navigator-link" panel-name="suite-suite" title="uk.co.idealflatmate.tests.SignUpLikeOrMessage" hash-for-method="popupPropertyPage">popupPropertyPage</a> <!-- method navigator-link -->
                      </span>
                      <br/>
                      <span>
                        <img width="3%" src="failed.png"/>
                        <a href="#" class="method navigator-link" panel-name="suite-suite" title="uk.co.idealflatmate.tests.SignUpLikeOrMessage" hash-for-method="popupWithBlankRequiredFields">popupWithBlankRequiredFields</a> <!-- method navigator-link -->
                      </span>
                      <br/>
                      <span>
                        <img width="3%" src="failed.png"/>
                        <a href="#" class="method navigator-link" panel-name="suite-suite" title="uk.co.idealflatmate.tests.PaymentTests" hash-for-method="premiumFHPaymentWorldPay">premiumFHPaymentWorldPay</a> <!-- method navigator-link -->
                      </span>
                      <br/>
                      <span>
                        <img width="3%" src="failed.png"/>
                        <a href="#" class="method navigator-link" panel-name="suite-suite" title="uk.co.idealflatmate.tests.AddListingTests" hash-for-method="propertyAddWithAllFields">propertyAddWithAllFields</a> <!-- method navigator-link -->
                      </span>
                      <br/>
                      <span>
                        <img width="3%" src="failed.png"/>
                        <a href="#" class="method navigator-link" panel-name="suite-suite" title="uk.co.idealflatmate.tests.AreaPageTest" hash-for-method="seeMoreRooms">seeMoreRooms</a> <!-- method navigator-link -->
                      </span>
                      <br/>
                      <span>
                        <img width="3%" src="failed.png"/>
                        <a href="#" class="method navigator-link" panel-name="suite-suite" title="uk.co.idealflatmate.tests.SignUpLikeOrMessage" hash-for-method="signUpLikeHomePage">signUpLikeHomePage</a> <!-- method navigator-link -->
                      </span>
                      <br/>
                      <span>
                        <img width="3%" src="failed.png"/>
                        <a href="#" class="method navigator-link" panel-name="suite-suite" title="uk.co.idealflatmate.tests.AddListingTests" hash-for-method="signUpPropertyAdding">signUpPropertyAdding</a> <!-- method navigator-link -->
                      </span>
                      <br/>
                    </div> <!-- method-list-content failed suite-suite -->
                  </li>
                  <li>
                    <span class="method-list-title passed">Passed methods</span>
                    <span class="show-or-hide-methods passed">
                      <a href="#" panel-name="suite-suite" class="hide-methods passed suite-suite"> (hide)</a> <!-- hide-methods passed suite-suite -->
                      <a href="#" panel-name="suite-suite" class="show-methods passed suite-suite"> (show)</a> <!-- show-methods passed suite-suite -->
                    </span>
                    <div class="method-list-content passed suite-suite">
                      <span>
                        <img width="3%" src="passed.png"/>
                        <a href="#" class="method navigator-link" panel-name="suite-suite" title="uk.co.idealflatmate.tests.PaymentTests" hash-for-method="AbilityToSeePhone">AbilityToSeePhone</a> <!-- method navigator-link -->
                      </span>
                      <br/>
                      <span>
                        <img width="3%" src="passed.png"/>
                        <a href="#" class="method navigator-link" panel-name="suite-suite" title="uk.co.idealflatmate.tests.MessagesTest" hash-for-method="FmWithoutSubsToLandlordWithoutSubsWithListFromList">FmWithoutSubsToLandlordWithoutSubsWithListFromList</a> <!-- method navigator-link -->
                      </span>
                      <br/>
                      <span>
                        <img width="3%" src="passed.png"/>
                        <a href="#" class="method navigator-link" panel-name="suite-suite" title="uk.co.idealflatmate.tests.PaymentTests" hash-for-method="GoPremiumFHPaymentOnMessage">GoPremiumFHPaymentOnMessage</a> <!-- method navigator-link -->
                      </span>
                      <br/>
                      <span>
                        <img width="3%" src="passed.png"/>
                        <a href="#" class="method navigator-link" panel-name="suite-suite" title="uk.co.idealflatmate.tests.PaymentTests" hash-for-method="GoPremiumFHPaymentOnPhone">GoPremiumFHPaymentOnPhone</a> <!-- method navigator-link -->
                      </span>
                      <br/>
                      <span>
                        <img width="3%" src="passed.png"/>
                        <a href="#" class="method navigator-link" panel-name="suite-suite" title="uk.co.idealflatmate.tests.SignUpTest" hash-for-method="ListingSignUpFromHomepage">ListingSignUpFromHomepage</a> <!-- method navigator-link -->
                      </span>
                      <br/>
                      <span>
                        <img width="3%" src="passed.png"/>
                        <a href="#" class="method navigator-link" panel-name="suite-suite" title="uk.co.idealflatmate.tests.SignUpTest" hash-for-method="ListingSignUpHeader">ListingSignUpHeader</a> <!-- method navigator-link -->
                      </span>
                      <br/>
                      <span>
                        <img width="3%" src="passed.png"/>
                        <a href="#" class="method navigator-link" panel-name="suite-suite" title="uk.co.idealflatmate.tests.SignUpTest" hash-for-method="SignUpBlankFieldsPropAddRentBlock">SignUpBlankFieldsPropAddRentBlock</a> <!-- method navigator-link -->
                      </span>
                      <br/>
                      <span>
                        <img width="3%" src="passed.png"/>
                        <a href="#" class="method navigator-link" panel-name="suite-suite" title="uk.co.idealflatmate.tests.SignUpTest" hash-for-method="SignUpBlankFieldsPropAddWorkBlock">SignUpBlankFieldsPropAddWorkBlock</a> <!-- method navigator-link -->
                      </span>
                      <br/>
                      <span>
                        <img width="3%" src="passed.png"/>
                        <a href="#" class="method navigator-link" panel-name="suite-suite" title="uk.co.idealflatmate.tests.SignUpMatching" hash-for-method="SignUpMatchingWithRequiredFieldsFMRoom">SignUpMatchingWithRequiredFieldsFMRoom</a> <!-- method navigator-link -->
                      </span>
                      <br/>
                      <span>
                        <img width="3%" src="passed.png"/>
                        <a href="#" class="method navigator-link" panel-name="suite-suite" title="uk.co.idealflatmate.tests.SignUpMatching" hash-for-method="SignUpMatchingWithRequiredFieldsFMRoomSearchFM">SignUpMatchingWithRequiredFieldsFMRoomSearchFM</a> <!-- method navigator-link -->
                      </span>
                      <br/>
                      <span>
                        <img width="3%" src="passed.png"/>
                        <a href="#" class="method navigator-link" panel-name="suite-suite" title="uk.co.idealflatmate.tests.SignUpMatching" hash-for-method="SignUpWithMatchingWithBlankRequiredFields">SignUpWithMatchingWithBlankRequiredFields</a> <!-- method navigator-link -->
                      </span>
                      <br/>
                      <span>
                        <img width="3%" src="passed.png"/>
                        <a href="#" class="method navigator-link" panel-name="suite-suite" title="uk.co.idealflatmate.tests.SearchHomePageTests" hash-for-method="TestSearchHomeByEnter">TestSearchHomeByEnter</a> <!-- method navigator-link -->
                      </span>
                      <br/>
                      <span>
                        <img width="3%" src="passed.png"/>
                        <a href="#" class="method navigator-link" panel-name="suite-suite" title="uk.co.idealflatmate.tests.HomePageTest" hash-for-method="amountOfBlocsAndTextOfAreas">amountOfBlocsAndTextOfAreas</a> <!-- method navigator-link -->
                      </span>
                      <br/>
                      <span>
                        <img width="3%" src="passed.png"/>
                        <a href="#" class="method navigator-link" panel-name="suite-suite" title="uk.co.idealflatmate.tests.MessagesTest" hash-for-method="answMesFmWithoutSubsToFM">answMesFmWithoutSubsToFM</a> <!-- method navigator-link -->
                      </span>
                      <br/>
                      <span>
                        <img width="3%" src="passed.png"/>
                        <a href="#" class="method navigator-link" panel-name="suite-suite" title="uk.co.idealflatmate.tests.SearchPropertiesPageTests" hash-for-method="applyAdvancedFiltersDefault">applyAdvancedFiltersDefault</a> <!-- method navigator-link -->
                      </span>
                      <br/>
                      <span>
                        <img width="3%" src="passed.png"/>
                        <a href="#" class="method navigator-link" panel-name="suite-suite" title="uk.co.idealflatmate.tests.SearchPropertiesPageTests" hash-for-method="applyMoreFilters">applyMoreFilters</a> <!-- method navigator-link -->
                      </span>
                      <br/>
                      <span>
                        <img width="3%" src="passed.png"/>
                        <a href="#" class="method navigator-link" panel-name="suite-suite" title="uk.co.idealflatmate.tests.SearchFMPageTests" hash-for-method="applyMoreFilters">applyMoreFilters</a> <!-- method navigator-link -->
                      </span>
                      <br/>
                      <span>
                        <img width="3%" src="passed.png"/>
                        <a href="#" class="method navigator-link" panel-name="suite-suite" title="uk.co.idealflatmate.tests.SearchFMPageTests" hash-for-method="applyMoreFiltersPhotoNoList">applyMoreFiltersPhotoNoList</a> <!-- method navigator-link -->
                      </span>
                      <br/>
                      <span>
                        <img width="3%" src="passed.png"/>
                        <a href="#" class="method navigator-link" panel-name="suite-suite" title="uk.co.idealflatmate.tests.SearchFMPageTests" hash-for-method="applyMoreFiltersPhotoWithList">applyMoreFiltersPhotoWithList</a> <!-- method navigator-link -->
                      </span>
                      <br/>
                      <span>
                        <img width="3%" src="passed.png"/>
                        <a href="#" class="method navigator-link" panel-name="suite-suite" title="uk.co.idealflatmate.tests.HomePageTest" hash-for-method="blogFM">blogFM</a> <!-- method navigator-link -->
                      </span>
                      <br/>
                      <span>
                        <img width="3%" src="passed.png"/>
                        <a href="#" class="method navigator-link" panel-name="suite-suite" title="uk.co.idealflatmate.tests.HomePageTest" hash-for-method="blogLandlord">blogLandlord</a> <!-- method navigator-link -->
                      </span>
                      <br/>
                      <span>
                        <img width="3%" src="passed.png"/>
                        <a href="#" class="method navigator-link" panel-name="suite-suite" title="uk.co.idealflatmate.tests.AreaPageTest" hash-for-method="exploreMoreArea">exploreMoreArea</a> <!-- method navigator-link -->
                      </span>
                      <br/>
                      <span>
                        <img width="3%" src="passed.png"/>
                        <a href="#" class="method navigator-link" panel-name="suite-suite" title="uk.co.idealflatmate.tests.HomePageTest" hash-for-method="findOutMore">findOutMore</a> <!-- method navigator-link -->
                      </span>
                      <br/>
                      <span>
                        <img width="3%" src="passed.png"/>
                        <a href="#" class="method navigator-link" panel-name="suite-suite" title="uk.co.idealflatmate.tests.HomePageTest" hash-for-method="findStartListing">findStartListing</a> <!-- method navigator-link -->
                      </span>
                      <br/>
                      <span>
                        <img width="3%" src="passed.png"/>
                        <a href="#" class="method navigator-link" panel-name="suite-suite" title="uk.co.idealflatmate.tests.HomePageTest" hash-for-method="findStartMatchingLink">findStartMatchingLink</a> <!-- method navigator-link -->
                      </span>
                      <br/>
                      <span>
                        <img width="3%" src="passed.png"/>
                        <a href="#" class="method navigator-link" panel-name="suite-suite" title="uk.co.idealflatmate.tests.AreaPageTest" hash-for-method="firstFeaturedHomePageHeader">firstFeaturedHomePageHeader</a> <!-- method navigator-link -->
                      </span>
                      <br/>
                      <span>
                        <img width="3%" src="passed.png"/>
                        <a href="#" class="method navigator-link" panel-name="suite-suite" title="uk.co.idealflatmate.tests.AreaPageTest" hash-for-method="firstFeaturedLinkArea">firstFeaturedLinkArea</a> <!-- method navigator-link -->
                      </span>
                      <br/>
                      <span>
                        <img width="3%" src="passed.png"/>
                        <a href="#" class="method navigator-link" panel-name="suite-suite" title="uk.co.idealflatmate.tests.AreaPageTest" hash-for-method="firstFeaturedLinkMap">firstFeaturedLinkMap</a> <!-- method navigator-link -->
                      </span>
                      <br/>
                      <span>
                        <img width="3%" src="passed.png"/>
                        <a href="#" class="method navigator-link" panel-name="suite-suite" title="uk.co.idealflatmate.tests.SearchFMPageTests" hash-for-method="fmSearchBy">fmSearchBy</a> <!-- method navigator-link -->
                      </span>
                      <br/>
                      <span>
                        <img width="3%" src="passed.png"/>
                        <a href="#" class="method navigator-link" panel-name="suite-suite" title="uk.co.idealflatmate.tests.MessagesTest" hash-for-method="fmWithoutSubsTolordWithoutSubsWithListFromFMpage">fmWithoutSubsTolordWithoutSubsWithListFromFMpage</a> <!-- method navigator-link -->
                      </span>
                      <br/>
                      <span>
                        <img width="3%" src="passed.png"/>
                        <a href="#" class="method navigator-link" panel-name="suite-suite" title="uk.co.idealflatmate.tests.FooterTest" hash-for-method="footerAboutUsLink">footerAboutUsLink</a> <!-- method navigator-link -->
                      </span>
                      <br/>
                      <span>
                        <img width="3%" src="passed.png"/>
                        <a href="#" class="method navigator-link" panel-name="suite-suite" title="uk.co.idealflatmate.tests.FooterTest" hash-for-method="footerAskLandlord">footerAskLandlord</a> <!-- method navigator-link -->
                      </span>
                      <br/>
                      <span>
                        <img width="3%" src="passed.png"/>
                        <a href="#" class="method navigator-link" panel-name="suite-suite" title="uk.co.idealflatmate.tests.FooterTest" hash-for-method="footerBlogLink">footerBlogLink</a> <!-- method navigator-link -->
                      </span>
                      <br/>
                      <span>
                        <img width="3%" src="passed.png"/>
                        <a href="#" class="method navigator-link" panel-name="suite-suite" title="uk.co.idealflatmate.tests.FooterTest" hash-for-method="footerBrowseFlatsharesLink">footerBrowseFlatsharesLink</a> <!-- method navigator-link -->
                      </span>
                      <br/>
                      <span>
                        <img width="3%" src="passed.png"/>
                        <a href="#" class="method navigator-link" panel-name="suite-suite" title="uk.co.idealflatmate.tests.FooterTest" hash-for-method="footerBrowseHowItWorksLink">footerBrowseHowItWorksLink</a> <!-- method navigator-link -->
                      </span>
                      <br/>
                      <span>
                        <img width="3%" src="passed.png"/>
                        <a href="#" class="method navigator-link" panel-name="suite-suite" title="uk.co.idealflatmate.tests.FooterTest" hash-for-method="footerBrowseTipsLink">footerBrowseTipsLink</a> <!-- method navigator-link -->
                      </span>
                      <br/>
                      <span>
                        <img width="3%" src="passed.png"/>
                        <a href="#" class="method navigator-link" panel-name="suite-suite" title="uk.co.idealflatmate.tests.FooterTest" hash-for-method="footerContactLink">footerContactLink</a> <!-- method navigator-link -->
                      </span>
                      <br/>
                      <span>
                        <img width="3%" src="passed.png"/>
                        <a href="#" class="method navigator-link" panel-name="suite-suite" title="uk.co.idealflatmate.tests.FooterTest" hash-for-method="footerHomeLink">footerHomeLink</a> <!-- method navigator-link -->
                      </span>
                      <br/>
                      <span>
                        <img width="3%" src="passed.png"/>
                        <a href="#" class="method navigator-link" panel-name="suite-suite" title="uk.co.idealflatmate.tests.FooterTest" hash-for-method="footerInstagramLink">footerInstagramLink</a> <!-- method navigator-link -->
                      </span>
                      <br/>
                      <span>
                        <img width="3%" src="passed.png"/>
                        <a href="#" class="method navigator-link" panel-name="suite-suite" title="uk.co.idealflatmate.tests.FooterTest" hash-for-method="footerMediaLink">footerMediaLink</a> <!-- method navigator-link -->
                      </span>
                      <br/>
                      <span>
                        <img width="3%" src="passed.png"/>
                        <a href="#" class="method navigator-link" panel-name="suite-suite" title="uk.co.idealflatmate.tests.FooterTest" hash-for-method="footerModern">footerModern</a> <!-- method navigator-link -->
                      </span>
                      <br/>
                      <span>
                        <img width="3%" src="passed.png"/>
                        <a href="#" class="method navigator-link" panel-name="suite-suite" title="uk.co.idealflatmate.tests.FooterTest" hash-for-method="footerNLALink">footerNLALink</a> <!-- method navigator-link -->
                      </span>
                      <br/>
                      <span>
                        <img width="3%" src="passed.png"/>
                        <a href="#" class="method navigator-link" panel-name="suite-suite" title="uk.co.idealflatmate.tests.FooterTest" hash-for-method="footerPressLink">footerPressLink</a> <!-- method navigator-link -->
                      </span>
                      <br/>
                      <span>
                        <img width="3%" src="passed.png"/>
                        <a href="#" class="method navigator-link" panel-name="suite-suite" title="uk.co.idealflatmate.tests.FooterTest" hash-for-method="footerPricingLink">footerPricingLink</a> <!-- method navigator-link -->
                      </span>
                      <br/>
                      <span>
                        <img width="3%" src="passed.png"/>
                        <a href="#" class="method navigator-link" panel-name="suite-suite" title="uk.co.idealflatmate.tests.FooterTest" hash-for-method="footerStaySafeLink">footerStaySafeLink</a> <!-- method navigator-link -->
                      </span>
                      <br/>
                      <span>
                        <img width="3%" src="passed.png"/>
                        <a href="#" class="method navigator-link" panel-name="suite-suite" title="uk.co.idealflatmate.tests.FooterTest" hash-for-method="footerTwitterLink">footerTwitterLink</a> <!-- method navigator-link -->
                      </span>
                      <br/>
                      <span>
                        <img width="3%" src="passed.png"/>
                        <a href="#" class="method navigator-link" panel-name="suite-suite" title="uk.co.idealflatmate.tests.FooterTest" hash-for-method="footerYoutubeLink">footerYoutubeLink</a> <!-- method navigator-link -->
                      </span>
                      <br/>
                      <span>
                        <img width="3%" src="passed.png"/>
                        <a href="#" class="method navigator-link" panel-name="suite-suite" title="uk.co.idealflatmate.tests.SignUpTest" hash-for-method="headerSignUpHomePageFMSearchLiv_inWithoutAbout">headerSignUpHomePageFMSearchLiv_inWithoutAbout</a> <!-- method navigator-link -->
                      </span>
                      <br/>
                      <span>
                        <img width="3%" src="passed.png"/>
                        <a href="#" class="method navigator-link" panel-name="suite-suite" title="uk.co.idealflatmate.tests.SignUpTest" hash-for-method="headerSignUpViaFacebook">headerSignUpViaFacebook</a> <!-- method navigator-link -->
                      </span>
                      <br/>
                      <span>
                        <img width="3%" src="passed.png"/>
                        <a href="#" class="method navigator-link" panel-name="suite-suite" title="uk.co.idealflatmate.tests.SignUpTest" hash-for-method="headerSignUpWithBlankRequiredFieldsBudget">headerSignUpWithBlankRequiredFieldsBudget</a> <!-- method navigator-link -->
                      </span>
                      <br/>
                      <span>
                        <img width="3%" src="passed.png"/>
                        <a href="#" class="method navigator-link" panel-name="suite-suite" title="uk.co.idealflatmate.tests.SignUpTest" hash-for-method="headerSignUpWithBlankRequiredFieldsMoreAboutYou">headerSignUpWithBlankRequiredFieldsMoreAboutYou</a> <!-- method navigator-link -->
                      </span>
                      <br/>
                      <span>
                        <img width="3%" src="passed.png"/>
                        <a href="#" class="method navigator-link" panel-name="suite-suite" title="uk.co.idealflatmate.tests.SignUpTest" hash-for-method="headerSignUpWithBlankRequiredFieldsYourInf">headerSignUpWithBlankRequiredFieldsYourInf</a> <!-- method navigator-link -->
                      </span>
                      <br/>
                      <span>
                        <img width="3%" src="passed.png"/>
                        <a href="#" class="method navigator-link" panel-name="suite-suite" title="uk.co.idealflatmate.tests.SignUpTest" hash-for-method="headerSignUpWithExistingEmail">headerSignUpWithExistingEmail</a> <!-- method navigator-link -->
                      </span>
                      <br/>
                      <span>
                        <img width="3%" src="passed.png"/>
                        <a href="#" class="method navigator-link" panel-name="suite-suite" title="uk.co.idealflatmate.tests.MessagesTest" hash-for-method="landlWithSubsToFM">landlWithSubsToFM</a> <!-- method navigator-link -->
                      </span>
                      <br/>
                      <span>
                        <img width="3%" src="passed.png"/>
                        <a href="#" class="method navigator-link" panel-name="suite-suite" title="uk.co.idealflatmate.tests.MessagesTest" hash-for-method="landlordWithoutSubsToFM">landlordWithoutSubsToFM</a> <!-- method navigator-link -->
                      </span>
                      <br/>
                      <span>
                        <img width="3%" src="passed.png"/>
                        <a href="#" class="method navigator-link" panel-name="suite-suite" title="uk.co.idealflatmate.tests.AreaPageTest" hash-for-method="linkFH">linkFH</a> <!-- method navigator-link -->
                      </span>
                      <br/>
                      <span>
                        <img width="3%" src="passed.png"/>
                        <a href="#" class="method navigator-link" panel-name="suite-suite" title="uk.co.idealflatmate.tests.AddListingTests" hash-for-method="loginPendingListing">loginPendingListing</a> <!-- method navigator-link -->
                      </span>
                      <br/>
                      <span>
                        <img width="3%" src="passed.png"/>
                        <a href="#" class="method navigator-link" panel-name="suite-suite" title="uk.co.idealflatmate.tests.SignUpLikeOrMessage" hash-for-method="popupExistingEmailPropertyPhone">popupExistingEmailPropertyPhone</a> <!-- method navigator-link -->
                      </span>
                      <br/>
                      <span>
                        <img width="3%" src="passed.png"/>
                        <a href="#" class="method navigator-link" panel-name="suite-suite" title="uk.co.idealflatmate.tests.SignUpLikeOrMessage" hash-for-method="popupWithExistingEmail">popupWithExistingEmail</a> <!-- method navigator-link -->
                      </span>
                      <br/>
                      <span>
                        <img width="3%" src="passed.png"/>
                        <a href="#" class="method navigator-link" panel-name="suite-suite" title="uk.co.idealflatmate.tests.MessagesTest" hash-for-method="premFmToLandlWithoutSubsWithListFromSearch">premFmToLandlWithoutSubsWithListFromSearch</a> <!-- method navigator-link -->
                      </span>
                      <br/>
                      <span>
                        <img width="3%" src="passed.png"/>
                        <a href="#" class="method navigator-link" panel-name="suite-suite" title="uk.co.idealflatmate.tests.HomePageTest" hash-for-method="pressLogo">pressLogo</a> <!-- method navigator-link -->
                      </span>
                      <br/>
                      <span>
                        <img width="3%" src="passed.png"/>
                        <a href="#" class="method navigator-link" panel-name="suite-suite" title="uk.co.idealflatmate.tests.SearchPropertiesPageTests" hash-for-method="propertySearchByDropDown">propertySearchByDropDown</a> <!-- method navigator-link -->
                      </span>
                      <br/>
                      <span>
                        <img width="3%" src="passed.png"/>
                        <a href="#" class="method navigator-link" panel-name="suite-suite" title="uk.co.idealflatmate.tests.MessagesTest" hash-for-method="readMessageByLandlWithoutSubsn">readMessageByLandlWithoutSubsn</a> <!-- method navigator-link -->
                      </span>
                      <br/>
                      <span>
                        <img width="3%" src="passed.png"/>
                        <a href="#" class="method navigator-link" panel-name="suite-suite" title="uk.co.idealflatmate.tests.SearchPropertiesPageTests" hash-for-method="searchEastLDNPagination">searchEastLDNPagination</a> <!-- method navigator-link -->
                      </span>
                      <br/>
                      <span>
                        <img width="3%" src="passed.png"/>
                        <a href="#" class="method navigator-link" panel-name="suite-suite" title="uk.co.idealflatmate.tests.SearchHomePageTests" hash-for-method="searchHomeByButton">searchHomeByButton</a> <!-- method navigator-link -->
                      </span>
                      <br/>
                      <span>
                        <img width="3%" src="passed.png"/>
                        <a href="#" class="method navigator-link" panel-name="suite-suite" title="uk.co.idealflatmate.tests.SearchHomePageTests" hash-for-method="searchHomeIDProperty">searchHomeIDProperty</a> <!-- method navigator-link -->
                      </span>
                      <br/>
                      <span>
                        <img width="3%" src="passed.png"/>
                        <a href="#" class="method navigator-link" panel-name="suite-suite" title="uk.co.idealflatmate.tests.SearchHomePageTests" hash-for-method="searchHomeLocationFromList">searchHomeLocationFromList</a> <!-- method navigator-link -->
                      </span>
                      <br/>
                      <span>
                        <img width="3%" src="passed.png"/>
                        <a href="#" class="method navigator-link" panel-name="suite-suite" title="uk.co.idealflatmate.tests.SearchHomePageTests" hash-for-method="searchHomePartOfLocationName">searchHomePartOfLocationName</a> <!-- method navigator-link -->
                      </span>
                      <br/>
                      <span>
                        <img width="3%" src="passed.png"/>
                        <a href="#" class="method navigator-link" panel-name="suite-suite" title="uk.co.idealflatmate.tests.SearchPropertiesPageTests" hash-for-method="searchPagination">searchPagination</a> <!-- method navigator-link -->
                      </span>
                      <br/>
                      <span>
                        <img width="3%" src="passed.png"/>
                        <a href="#" class="method navigator-link" panel-name="suite-suite" title="uk.co.idealflatmate.tests.SearchFMPageTests" hash-for-method="searchPagination">searchPagination</a> <!-- method navigator-link -->
                      </span>
                      <br/>
                      <span>
                        <img width="3%" src="passed.png"/>
                        <a href="#" class="method navigator-link" panel-name="suite-suite" title="uk.co.idealflatmate.tests.SearchPropertiesPageTests" hash-for-method="searchZone1Pagination">searchZone1Pagination</a> <!-- method navigator-link -->
                      </span>
                      <br/>
                      <span>
                        <img width="3%" src="passed.png"/>
                        <a href="#" class="method navigator-link" panel-name="suite-suite" title="uk.co.idealflatmate.tests.SignUpLikeOrMessage" hash-for-method="signUpLike3rdPageQuit">signUpLike3rdPageQuit</a> <!-- method navigator-link -->
                      </span>
                      <br/>
                      <span>
                        <img width="3%" src="passed.png"/>
                        <a href="#" class="method navigator-link" panel-name="suite-suite" title="uk.co.idealflatmate.tests.SignUpMatching" hash-for-method="signUpMatchingWithBlankFirstName">signUpMatchingWithBlankFirstName</a> <!-- method navigator-link -->
                      </span>
                      <br/>
                      <span>
                        <img width="3%" src="passed.png"/>
                        <a href="#" class="method navigator-link" panel-name="suite-suite" title="uk.co.idealflatmate.tests.SignUpTest" hash-for-method="signUpViaFBlistingAgent">signUpViaFBlistingAgent</a> <!-- method navigator-link -->
                      </span>
                      <br/>
                      <span>
                        <img width="3%" src="passed.png"/>
                        <a href="#" class="method navigator-link" panel-name="suite-suite" title="uk.co.idealflatmate.tests.SearchPropertiesPageTests" hash-for-method="sortListing">sortListing</a> <!-- method navigator-link -->
                      </span>
                      <br/>
                      <span>
                        <img width="3%" src="passed.png"/>
                        <a href="#" class="method navigator-link" panel-name="suite-suite" title="uk.co.idealflatmate.tests.SearchFMPageTests" hash-for-method="sortListingLoggedIn">sortListingLoggedIn</a> <!-- method navigator-link -->
                      </span>
                      <br/>
                      <span>
                        <img width="3%" src="passed.png"/>
                        <a href="#" class="method navigator-link" panel-name="suite-suite" title="uk.co.idealflatmate.tests.SearchPropertiesPageTests" hash-for-method="sortListingWith2Rooms">sortListingWith2Rooms</a> <!-- method navigator-link -->
                      </span>
                      <br/>
                      <span>
                        <img width="3%" src="passed.png"/>
                        <a href="#" class="method navigator-link" panel-name="suite-suite" title="uk.co.idealflatmate.tests.MatchingTests" hash-for-method="startMatchingOnFMSearchPage">startMatchingOnFMSearchPage</a> <!-- method navigator-link -->
                      </span>
                      <br/>
                      <span>
                        <img width="3%" src="passed.png"/>
                        <a href="#" class="method navigator-link" panel-name="suite-suite" title="uk.co.idealflatmate.tests.MatchingTests" hash-for-method="startMatchingOnPropertyCard">startMatchingOnPropertyCard</a> <!-- method navigator-link -->
                      </span>
                      <br/>
                      <span>
                        <img width="3%" src="passed.png"/>
                        <a href="#" class="method navigator-link" panel-name="suite-suite" title="uk.co.idealflatmate.tests.MatchingTests" hash-for-method="startMatchingQuizPropertyPage">startMatchingQuizPropertyPage</a> <!-- method navigator-link -->
                      </span>
                      <br/>
                    </div> <!-- method-list-content passed suite-suite -->
                  </li>
                </ul>
              </div> <!-- suite-section-content -->
            </div> <!-- result-section -->
          </div> <!-- navigator-suite-content -->
        </div> <!-- rounded-window -->
      </div> <!-- suite -->
    </div> <!-- navigator-root -->
    <div class="wrapper">
      <div class="main-panel-root">
        <div panel-name="suite-suite" class="panel suite">
          <div class="suite-suite-class-failed">
            <div class="main-panel-header rounded-window-top">
              <img src="failed.png"/>
              <span class="class-name">uk.co.idealflatmate.tests.AreaPageTest</span>
            </div> <!-- main-panel-header rounded-window-top -->
            <div class="main-panel-content rounded-window-bottom">
              <div class="method">
                <div class="method-content">
                  <a name="seeMoreRooms">
                  </a> <!-- seeMoreRooms -->
                  <span class="method-name">seeMoreRooms</span>
                  <div class="stack-trace">Element not found {By.xpath: //span[@class=&apos;map-toggle-button open-map-button&apos;]}
Expected: exist
Screenshot: file:/C:/Users/lukhovytskyi/Documents/GitHub/idealflatmatetest/build/reports/tests/1548268841578.7.png
Page source: file:/C:/Users/lukhovytskyi/Documents/GitHub/idealflatmatetest/build/reports/tests/1548268841578.7.html
Timeout: 10 s.
Caused by: WebDriverException: unknown error: Element &lt;span class=&quot;map-toggle-button open-map-button&quot;&gt;...&lt;/span&gt; is not clickable at point (1835, 497). Other element would receive the click: &lt;div role=&quot;dialog&quot; tabindex=&quot;-1&quot; id=&quot;signupNeedspaceModal&quot; class=&quot;modal fade in&quot; style=&quot;overflow-y: scroll; display: block;&quot;&gt;...&lt;/div&gt;
	at com.codeborne.selenide.impl.WebElementSource.createElementNotFoundError(WebElementSource.java:31)
	at com.codeborne.selenide.impl.ElementFinder.createElementNotFoundError(ElementFinder.java:82)
	at com.codeborne.selenide.impl.SelenideElementProxy.dispatchAndRetry(SelenideElementProxy.java:116)
	at com.codeborne.selenide.impl.SelenideElementProxy.invoke(SelenideElementProxy.java:63)
	at com.sun.proxy.$Proxy5.click(Unknown Source)
	at uk.co.idealflatmate.appmanager.AreaPageHelper.mapAreaPageCheck(AreaPageHelper.java:93)
	at uk.co.idealflatmate.appmanager.AreaPageHelper.checkLinkSeeMoreRooms(AreaPageHelper.java:75)
	at uk.co.idealflatmate.tests.AreaPageTest.seeMoreRooms(AreaPageTest.java:50)
	at com.sun.proxy.$Proxy0.invoke(Unknown Source)
Caused by: org.openqa.selenium.WebDriverException: unknown error: Element &lt;span class=&quot;map-toggle-button open-map-button&quot;&gt;...&lt;/span&gt; is not clickable at point (1835, 497). Other element would receive the click: &lt;div role=&quot;dialog&quot; tabindex=&quot;-1&quot; id=&quot;signupNeedspaceModal&quot; class=&quot;modal fade in&quot; style=&quot;overflow-y: scroll; display: block;&quot;&gt;...&lt;/div&gt;
  (Session info: chrome=71.0.3578.98)
  (Driver info: chromedriver=72.0.3626.69 (3c16f8a135abc0d4da2dff33804db79b849a7c38),platform=Windows NT 10.0.16299 x86_64) (WARNING: The server did not provide any stacktrace information)
Command duration or timeout: 0 milliseconds
Build info: version: &apos;3.141.59&apos;, revision: &apos;e82be7d358&apos;, time: &apos;2018-11-14T08:17:03&apos;
System info: host: &apos;PRIVATE-1074&apos;, ip: &apos;10.8.1.74&apos;, os.name: &apos;Windows 10&apos;, os.arch: &apos;amd64&apos;, os.version: &apos;10.0&apos;, java.version: &apos;1.8.0_152&apos;
Driver info: org.openqa.selenium.chrome.ChromeDriver
Capabilities {acceptInsecureCerts: false, acceptSslCerts: false, applicationCacheEnabled: false, browserConnectionEnabled: false, browserName: chrome, chrome: {chromedriverVersion: 72.0.3626.69 (3c16f8a135abc..., userDataDir: C:\Users\LUKHOV~1\AppData\L...}, cssSelectorsEnabled: true, databaseEnabled: false, goog:chromeOptions: {debuggerAddress: localhost:49662}, handlesAlerts: true, hasTouchScreen: false, javascriptEnabled: true, locationContextEnabled: true, mobileEmulationEnabled: false, nativeEvents: true, networkConnectionEnabled: false, pageLoadStrategy: normal, platform: XP, platformName: XP, proxy: Proxy(), rotatable: false, setWindowRect: true, takesHeapSnapshot: true, takesScreenshot: true, timeouts: {implicit: 0, pageLoad: 300000, script: 30000}, unexpectedAlertBehaviour: ignore, unhandledPromptBehavior: ignore, version: 71.0.3578.98, webStorageEnabled: true}
Session ID: ada736cd47c5400dfe00d508eafc3a84
	at org.openqa.selenium.remote.ErrorHandler.createThrowable(ErrorHandler.java:214)
	at org.openqa.selenium.remote.ErrorHandler.throwIfResponseFailed(ErrorHandler.java:166)
	at org.openqa.selenium.remote.http.JsonHttpResponseCodec.reconstructValue(JsonHttpResponseCodec.java:40)
	at org.openqa.selenium.remote.http.AbstractHttpResponseCodec.decode(AbstractHttpResponseCodec.java:80)
	at org.openqa.selenium.remote.http.AbstractHttpResponseCodec.decode(AbstractHttpResponseCodec.java:44)
	at org.openqa.selenium.remote.HttpCommandExecutor.execute(HttpCommandExecutor.java:158)
	at org.openqa.selenium.remote.service.DriverCommandExecutor.execute(DriverCommandExecutor.java:83)
	at org.openqa.selenium.remote.RemoteWebDriver.execute(RemoteWebDriver.java:552)
	at org.openqa.selenium.remote.RemoteWebElement.execute(RemoteWebElement.java:285)
	at org.openqa.selenium.remote.RemoteWebElement.click(RemoteWebElement.java:84)
	at com.codeborne.selenide.commands.Click.click(Click.java:29)
	at com.codeborne.selenide.commands.Click.execute(Click.java:16)
	at com.codeborne.selenide.commands.Click.execute(Click.java:12)
	at com.codeborne.selenide.commands.Commands.execute(Commands.java:144)
	at com.codeborne.selenide.impl.SelenideElementProxy.dispatchAndRetry(SelenideElementProxy.java:87)
	... 39 more
... Removed 36 stack frames
</div> <!-- stack-trace -->
                </div> <!-- method-content -->
              </div> <!-- method -->
            </div> <!-- main-panel-content rounded-window-bottom -->
          </div> <!-- suite-suite-class-failed -->
          <div class="suite-suite-class-failed">
            <div class="main-panel-header rounded-window-top">
              <img src="failed.png"/>
              <span class="class-name">uk.co.idealflatmate.tests.MessagesTest</span>
            </div> <!-- main-panel-header rounded-window-top -->
            <div class="main-panel-content rounded-window-bottom">
              <div class="method">
                <div class="method-content">
                  <a name="answMesLandlToPremFHWithoutSubs">
                  </a> <!-- answMesLandlToPremFHWithoutSubs -->
                  <span class="method-name">answMesLandlToPremFHWithoutSubs</span>
                  <div class="stack-trace">Element not found {By.xpath: //button[@class=&apos;btn btn-sm btn-close close js-close-notify-matching&apos;]}
Expected: exist
Screenshot: file:/C:/Users/lukhovytskyi/Documents/GitHub/idealflatmatetest/build/reports/tests/1548269186455.11.png
Page source: file:/C:/Users/lukhovytskyi/Documents/GitHub/idealflatmatetest/build/reports/tests/1548269186455.11.html
Timeout: 10 s.
Caused by: WebDriverException: unknown error: Element &lt;button class=&quot;btn btn-sm btn-close close js-close-notify-matching&quot; data-dismiss=&quot;modal&quot; aria-label=&quot;Close&quot;&gt;...&lt;/button&gt; is not clickable at point (1143, 395). Other element would receive the click: &lt;div class=&quot;u_p10-bottom&quot;&gt;...&lt;/div&gt;
	at com.codeborne.selenide.impl.WebElementSource.createElementNotFoundError(WebElementSource.java:31)
	at com.codeborne.selenide.impl.ElementFinder.createElementNotFoundError(ElementFinder.java:82)
	at com.codeborne.selenide.impl.SelenideElementProxy.dispatchAndRetry(SelenideElementProxy.java:116)
	at com.codeborne.selenide.impl.SelenideElementProxy.invoke(SelenideElementProxy.java:63)
	at com.sun.proxy.$Proxy5.click(Unknown Source)
	at uk.co.idealflatmate.appmanager.HelperBase.closeMatchPopUp(HelperBase.java:42)
	at uk.co.idealflatmate.tests.MessagesTest.answMesLandlToPremFHWithoutSubs(MessagesTest.java:92)
	at com.sun.proxy.$Proxy0.invoke(Unknown Source)
Caused by: org.openqa.selenium.WebDriverException: unknown error: Element &lt;button class=&quot;btn btn-sm btn-close close js-close-notify-matching&quot; data-dismiss=&quot;modal&quot; aria-label=&quot;Close&quot;&gt;...&lt;/button&gt; is not clickable at point (1143, 395). Other element would receive the click: &lt;div class=&quot;u_p10-bottom&quot;&gt;...&lt;/div&gt;
  (Session info: chrome=71.0.3578.98)
  (Driver info: chromedriver=72.0.3626.69 (3c16f8a135abc0d4da2dff33804db79b849a7c38),platform=Windows NT 10.0.16299 x86_64) (WARNING: The server did not provide any stacktrace information)
Command duration or timeout: 0 milliseconds
Build info: version: &apos;3.141.59&apos;, revision: &apos;e82be7d358&apos;, time: &apos;2018-11-14T08:17:03&apos;
System info: host: &apos;PRIVATE-1074&apos;, ip: &apos;10.8.1.74&apos;, os.name: &apos;Windows 10&apos;, os.arch: &apos;amd64&apos;, os.version: &apos;10.0&apos;, java.version: &apos;1.8.0_152&apos;
Driver info: org.openqa.selenium.chrome.ChromeDriver
Capabilities {acceptInsecureCerts: false, acceptSslCerts: false, applicationCacheEnabled: false, browserConnectionEnabled: false, browserName: chrome, chrome: {chromedriverVersion: 72.0.3626.69 (3c16f8a135abc..., userDataDir: C:\Users\LUKHOV~1\AppData\L...}, cssSelectorsEnabled: true, databaseEnabled: false, goog:chromeOptions: {debuggerAddress: localhost:51499}, handlesAlerts: true, hasTouchScreen: false, javascriptEnabled: true, locationContextEnabled: true, mobileEmulationEnabled: false, nativeEvents: true, networkConnectionEnabled: false, pageLoadStrategy: normal, platform: XP, platformName: XP, proxy: Proxy(), rotatable: false, setWindowRect: true, takesHeapSnapshot: true, takesScreenshot: true, timeouts: {implicit: 0, pageLoad: 300000, script: 30000}, unexpectedAlertBehaviour: ignore, unhandledPromptBehavior: ignore, version: 71.0.3578.98, webStorageEnabled: true}
Session ID: cd92c048c5f363603275ce52ccf94186
	at org.openqa.selenium.remote.ErrorHandler.createThrowable(ErrorHandler.java:214)
	at org.openqa.selenium.remote.ErrorHandler.throwIfResponseFailed(ErrorHandler.java:166)
	at org.openqa.selenium.remote.http.JsonHttpResponseCodec.reconstructValue(JsonHttpResponseCodec.java:40)
	at org.openqa.selenium.remote.http.AbstractHttpResponseCodec.decode(AbstractHttpResponseCodec.java:80)
	at org.openqa.selenium.remote.http.AbstractHttpResponseCodec.decode(AbstractHttpResponseCodec.java:44)
	at org.openqa.selenium.remote.HttpCommandExecutor.execute(HttpCommandExecutor.java:158)
	at org.openqa.selenium.remote.service.DriverCommandExecutor.execute(DriverCommandExecutor.java:83)
	at org.openqa.selenium.remote.RemoteWebDriver.execute(RemoteWebDriver.java:552)
	at org.openqa.selenium.remote.RemoteWebElement.execute(RemoteWebElement.java:285)
	at org.openqa.selenium.remote.RemoteWebElement.click(RemoteWebElement.java:84)
	at com.codeborne.selenide.commands.Click.click(Click.java:29)
	at com.codeborne.selenide.commands.Click.execute(Click.java:16)
	at com.codeborne.selenide.commands.Click.execute(Click.java:12)
	at com.codeborne.selenide.commands.Commands.execute(Commands.java:144)
	at com.codeborne.selenide.impl.SelenideElementProxy.dispatchAndRetry(SelenideElementProxy.java:87)
	... 38 more
... Removed 36 stack frames
</div> <!-- stack-trace -->
                </div> <!-- method-content -->
              </div> <!-- method -->
            </div> <!-- main-panel-content rounded-window-bottom -->
          </div> <!-- suite-suite-class-failed -->
          <div class="suite-suite-class-failed">
            <div class="main-panel-header rounded-window-top">
              <img src="failed.png"/>
              <span class="class-name">uk.co.idealflatmate.tests.SignUpLikeOrMessage</span>
            </div> <!-- main-panel-header rounded-window-top -->
            <div class="main-panel-content rounded-window-bottom">
              <div class="method">
                <div class="method-content">
                  <a name="messagePropertySignUpHomePage">
                  </a> <!-- messagePropertySignUpHomePage -->
                  <span class="method-name">messagePropertySignUpHomePage</span>
                  <div class="stack-trace">Element should have text &apos;About me
Ronald, 59 is a female looking for a room.
Maximum budget: 2500/month
Ready to move in: Immediately&apos; {By.xpath: //div[starts-with(@class,&apos;col-sm-8&apos;)]}
Element: &apos;&lt;div class=&quot;col-sm-8&quot;&gt;About me
Ronald, 59 is a female looking for a room.
Maximum budget: ?2500/month
Ready to move in: Immediately&lt;/div&gt;&apos;
Screenshot: file:/C:/Users/lukhovytskyi/Documents/GitHub/idealflatmatetest/build/reports/tests/1548270171588.23.png
Page source: file:/C:/Users/lukhovytskyi/Documents/GitHub/idealflatmatetest/build/reports/tests/1548270171588.23.html
Timeout: 10 s.
	at com.codeborne.selenide.impl.WebElementSource.checkCondition(WebElementSource.java:66)
	at com.codeborne.selenide.commands.Should.should(Should.java:35)
	at com.codeborne.selenide.commands.Should.execute(Should.java:29)
	at com.codeborne.selenide.commands.Should.execute(Should.java:12)
	at com.codeborne.selenide.commands.Commands.execute(Commands.java:144)
	at com.codeborne.selenide.impl.SelenideElementProxy.dispatchAndRetry(SelenideElementProxy.java:87)
	at com.codeborne.selenide.impl.SelenideElementProxy.invoke(SelenideElementProxy.java:63)
	at com.sun.proxy.$Proxy5.shouldHave(Unknown Source)
	at uk.co.idealflatmate.appmanager.VerificationHelper.verificationDataProfileFMListing(VerificationHelper.java:125)
	at uk.co.idealflatmate.tests.SignUpLikeOrMessage.messagePropertySignUpHomePage(SignUpLikeOrMessage.java:83)
	at com.sun.proxy.$Proxy0.invoke(Unknown Source)
... Removed 33 stack frames
</div> <!-- stack-trace -->
                </div> <!-- method-content -->
              </div> <!-- method -->
              <div class="method">
                <div class="method-content">
                  <a name="messageSignUpFMPage">
                  </a> <!-- messageSignUpFMPage -->
                  <span class="method-name">messageSignUpFMPage</span>
                  <div class="stack-trace">Element should have text &apos;Maximum budget: 1250/month&apos; {By.xpath: (//h4[@class=&apos;u_m0-top u_m20-bottom text-16&apos;])[2]}
Element: &apos;&lt;h4 class=&quot;u_m0-top u_m20-bottom text-16&quot;&gt;Maximum budget: ?1250/month&lt;/h4&gt;&apos;
Screenshot: file:/C:/Users/lukhovytskyi/Documents/GitHub/idealflatmatetest/build/reports/tests/1548270250836.25.png
Page source: file:/C:/Users/lukhovytskyi/Documents/GitHub/idealflatmatetest/build/reports/tests/1548270250836.25.html
Timeout: 10 s.
	at com.codeborne.selenide.impl.WebElementSource.checkCondition(WebElementSource.java:66)
	at com.codeborne.selenide.commands.Should.should(Should.java:35)
	at com.codeborne.selenide.commands.Should.execute(Should.java:29)
	at com.codeborne.selenide.commands.Should.execute(Should.java:12)
	at com.codeborne.selenide.commands.Commands.execute(Commands.java:144)
	at com.codeborne.selenide.impl.SelenideElementProxy.dispatchAndRetry(SelenideElementProxy.java:87)
	at com.codeborne.selenide.impl.SelenideElementProxy.invoke(SelenideElementProxy.java:63)
	at com.sun.proxy.$Proxy5.shouldHave(Unknown Source)
	at uk.co.idealflatmate.appmanager.VerificationHelper.verificationDataProfileFM(VerificationHelper.java:266)
	at uk.co.idealflatmate.tests.SignUpLikeOrMessage.messageSignUpFMPage(SignUpLikeOrMessage.java:186)
	at com.sun.proxy.$Proxy0.invoke(Unknown Source)
... Removed 33 stack frames
</div> <!-- stack-trace -->
                </div> <!-- method-content -->
              </div> <!-- method -->
              <div class="method">
                <div class="method-content">
                  <a name="popupExistingEmailPropertyPage">
                  </a> <!-- popupExistingEmailPropertyPage -->
                  <span class="method-name">popupExistingEmailPropertyPage</span>
                  <div class="stack-trace">Element not found {By.xpath: //span[contains (text(), &apos;Sign up with email&apos;)]}
Expected: visible
Screenshot: file:/C:/Users/lukhovytskyi/Documents/GitHub/idealflatmatetest/build/reports/tests/1548296902019.27.png
Page source: file:/C:/Users/lukhovytskyi/Documents/GitHub/idealflatmatetest/build/reports/tests/1548296902019.27.html
Timeout: 10 s.
Caused by: NoSuchElementException: no such element: Unable to locate element: {&quot;method&quot;:&quot;xpath&quot;,&quot;selector&quot;:&quot;//span[contains (text(), &apos;Sign up with email&apos;)]&quot;}
	at com.codeborne.selenide.impl.WebElementSource.createElementNotFoundError(WebElementSource.java:31)
	at com.codeborne.selenide.impl.ElementFinder.createElementNotFoundError(ElementFinder.java:82)
	at com.codeborne.selenide.impl.WebElementSource.checkCondition(WebElementSource.java:59)
	at com.codeborne.selenide.impl.WebElementSource.findAndAssertElementIsVisible(WebElementSource.java:72)
	at com.codeborne.selenide.commands.Click.execute(Click.java:16)
	at com.codeborne.selenide.commands.Click.execute(Click.java:12)
	at com.codeborne.selenide.commands.Commands.execute(Commands.java:144)
	at com.codeborne.selenide.impl.SelenideElementProxy.dispatchAndRetry(SelenideElementProxy.java:87)
	at com.codeborne.selenide.impl.SelenideElementProxy.invoke(SelenideElementProxy.java:63)
	at com.sun.proxy.$Proxy5.click(Unknown Source)
	at uk.co.idealflatmate.appmanager.SignUpHelper.clickEmail(SignUpHelper.java:36)
	at uk.co.idealflatmate.tests.SignUpLikeOrMessage.popupExistingEmailPropertyPage(SignUpLikeOrMessage.java:359)
	at com.sun.proxy.$Proxy0.invoke(Unknown Source)
Caused by: org.openqa.selenium.NoSuchElementException: no such element: Unable to locate element: {&quot;method&quot;:&quot;xpath&quot;,&quot;selector&quot;:&quot;//span[contains (text(), &apos;Sign up with email&apos;)]&quot;}
  (Session info: chrome=71.0.3578.98)
  (Driver info: chromedriver=72.0.3626.69 (3c16f8a135abc0d4da2dff33804db79b849a7c38),platform=Windows NT 10.0.16299 x86_64) (WARNING: The server did not provide any stacktrace information)
Command duration or timeout: 0 milliseconds
For documentation on this error, please visit: https://www.seleniumhq.org/exceptions/no_such_element.html
Build info: version: &apos;3.141.59&apos;, revision: &apos;e82be7d358&apos;, time: &apos;2018-11-14T08:17:03&apos;
System info: host: &apos;PRIVATE-1074&apos;, ip: &apos;10.8.1.74&apos;, os.name: &apos;Windows 10&apos;, os.arch: &apos;amd64&apos;, os.version: &apos;10.0&apos;, java.version: &apos;1.8.0_152&apos;
Driver info: org.openqa.selenium.chrome.ChromeDriver
Capabilities {acceptInsecureCerts: false, acceptSslCerts: false, applicationCacheEnabled: false, browserConnectionEnabled: false, browserName: chrome, chrome: {chromedriverVersion: 72.0.3626.69 (3c16f8a135abc..., userDataDir: C:\Users\LUKHOV~1\AppData\L...}, cssSelectorsEnabled: true, databaseEnabled: false, goog:chromeOptions: {debuggerAddress: localhost:57223}, handlesAlerts: true, hasTouchScreen: false, javascriptEnabled: true, locationContextEnabled: true, mobileEmulationEnabled: false, nativeEvents: true, networkConnectionEnabled: false, pageLoadStrategy: normal, platform: XP, platformName: XP, proxy: Proxy(), rotatable: false, setWindowRect: true, takesHeapSnapshot: true, takesScreenshot: true, timeouts: {implicit: 0, pageLoad: 300000, script: 30000}, unexpectedAlertBehaviour: ignore, unhandledPromptBehavior: ignore, version: 71.0.3578.98, webStorageEnabled: true}
Session ID: 162dc9e68da5793906d88fc86ae2354b
*** Element info: {Using=xpath, value=//span[contains (text(), &apos;Sign up with email&apos;)]}
	at org.openqa.selenium.remote.ErrorHandler.createThrowable(ErrorHandler.java:214)
	at org.openqa.selenium.remote.ErrorHandler.throwIfResponseFailed(ErrorHandler.java:166)
	at org.openqa.selenium.remote.http.JsonHttpResponseCodec.reconstructValue(JsonHttpResponseCodec.java:40)
	at org.openqa.selenium.remote.http.AbstractHttpResponseCodec.decode(AbstractHttpResponseCodec.java:80)
	at org.openqa.selenium.remote.http.AbstractHttpResponseCodec.decode(AbstractHttpResponseCodec.java:44)
	at org.openqa.selenium.remote.HttpCommandExecutor.execute(HttpCommandExecutor.java:158)
	at org.openqa.selenium.remote.service.DriverCommandExecutor.execute(DriverCommandExecutor.java:83)
	at org.openqa.selenium.remote.RemoteWebDriver.execute(RemoteWebDriver.java:552)
	at org.openqa.selenium.remote.RemoteWebDriver.findElement(RemoteWebDriver.java:323)
	at org.openqa.selenium.remote.RemoteWebDriver.findElementByXPath(RemoteWebDriver.java:428)
	at org.openqa.selenium.By$ByXPath.findElement(By.java:353)
	at org.openqa.selenium.remote.RemoteWebDriver.findElement(RemoteWebDriver.java:315)
	at com.codeborne.selenide.impl.WebElementSelector.findElement(WebElementSelector.java:29)
	at com.codeborne.selenide.impl.ElementFinder.getWebElement(ElementFinder.java:56)
	at com.codeborne.selenide.impl.WebElementSource.checkCondition(WebElementSource.java:44)
	... 43 more
... Removed 36 stack frames
</div> <!-- stack-trace -->
                </div> <!-- method-content -->
              </div> <!-- method -->
              <div class="method">
                <div class="method-content">
                  <a name="popupPropertyPage">
                  </a> <!-- popupPropertyPage -->
                  <span class="method-name">popupPropertyPage</span>
                  <div class="stack-trace">Element should have text &apos;200 - 1250&apos; {By.xpath: //div[@class=&apos;price-range-filter selected&apos;]}
Element: &apos;&lt;div class=&quot;price-range-filter selected&quot;&gt;?200 - ?1250
1&lt;/div&gt;&apos;
Screenshot: file:/C:/Users/lukhovytskyi/Documents/GitHub/idealflatmatetest/build/reports/tests/1548297032805.29.png
Page source: file:/C:/Users/lukhovytskyi/Documents/GitHub/idealflatmatetest/build/reports/tests/1548297032805.29.html
Timeout: 10 s.
	at com.codeborne.selenide.impl.WebElementSource.checkCondition(WebElementSource.java:66)
	at com.codeborne.selenide.commands.Should.should(Should.java:35)
	at com.codeborne.selenide.commands.Should.execute(Should.java:29)
	at com.codeborne.selenide.commands.Should.execute(Should.java:12)
	at com.codeborne.selenide.commands.Commands.execute(Commands.java:144)
	at com.codeborne.selenide.impl.SelenideElementProxy.dispatchAndRetry(SelenideElementProxy.java:87)
	at com.codeborne.selenide.impl.SelenideElementProxy.invoke(SelenideElementProxy.java:63)
	at com.sun.proxy.$Proxy5.shouldHave(Unknown Source)
	at uk.co.idealflatmate.appmanager.VerificationHelper.verifySearchListingPage(VerificationHelper.java:588)
	at uk.co.idealflatmate.tests.SignUpLikeOrMessage.popupPropertyPage(SignUpLikeOrMessage.java:312)
	at com.sun.proxy.$Proxy0.invoke(Unknown Source)
... Removed 33 stack frames
</div> <!-- stack-trace -->
                </div> <!-- method-content -->
              </div> <!-- method -->
              <div class="method">
                <div class="method-content">
                  <a name="popupWithBlankRequiredFields">
                  </a> <!-- popupWithBlankRequiredFields -->
                  <span class="method-name">popupWithBlankRequiredFields</span>
                  <div class="stack-trace">Element not found {By.xpath: //li//div[contains(text(), &apos;Watford&apos;)]}
Expected: visible
Screenshot: file:/C:/Users/lukhovytskyi/Documents/GitHub/idealflatmatetest/build/reports/tests/1548301613493.31.png
Page source: file:/C:/Users/lukhovytskyi/Documents/GitHub/idealflatmatetest/build/reports/tests/1548301613493.31.html
Timeout: 10 s.
Caused by: NoSuchElementException: no such element: Unable to locate element: {&quot;method&quot;:&quot;xpath&quot;,&quot;selector&quot;:&quot;//li//div[contains(text(), &apos;Watford&apos;)]&quot;}
	at com.codeborne.selenide.impl.WebElementSource.createElementNotFoundError(WebElementSource.java:31)
	at com.codeborne.selenide.impl.ElementFinder.createElementNotFoundError(ElementFinder.java:82)
	at com.codeborne.selenide.impl.WebElementSource.checkCondition(WebElementSource.java:59)
	at com.codeborne.selenide.impl.WebElementSource.findAndAssertElementIsVisible(WebElementSource.java:72)
	at com.codeborne.selenide.commands.Click.execute(Click.java:16)
	at com.codeborne.selenide.commands.Click.execute(Click.java:12)
	at com.codeborne.selenide.commands.Commands.execute(Commands.java:144)
	at com.codeborne.selenide.impl.SelenideElementProxy.dispatchAndRetry(SelenideElementProxy.java:87)
	at com.codeborne.selenide.impl.SelenideElementProxy.invoke(SelenideElementProxy.java:63)
	at com.sun.proxy.$Proxy5.click(Unknown Source)
	at uk.co.idealflatmate.appmanager.HelperBase.FieldEnter(HelperBase.java:100)
	at uk.co.idealflatmate.appmanager.SignUpHelper.preferredLocation(SignUpHelper.java:168)
	at uk.co.idealflatmate.tests.SignUpLikeOrMessage.popupWithBlankRequiredFields(SignUpLikeOrMessage.java:416)
	at com.sun.proxy.$Proxy0.invoke(Unknown Source)
Caused by: org.openqa.selenium.NoSuchElementException: no such element: Unable to locate element: {&quot;method&quot;:&quot;xpath&quot;,&quot;selector&quot;:&quot;//li//div[contains(text(), &apos;Watford&apos;)]&quot;}
  (Session info: chrome=71.0.3578.98)
  (Driver info: chromedriver=72.0.3626.69 (3c16f8a135abc0d4da2dff33804db79b849a7c38),platform=Windows NT 10.0.16299 x86_64) (WARNING: The server did not provide any stacktrace information)
Command duration or timeout: 0 milliseconds
For documentation on this error, please visit: https://www.seleniumhq.org/exceptions/no_such_element.html
Build info: version: &apos;3.141.59&apos;, revision: &apos;e82be7d358&apos;, time: &apos;2018-11-14T08:17:03&apos;
System info: host: &apos;PRIVATE-1074&apos;, ip: &apos;10.8.1.74&apos;, os.name: &apos;Windows 10&apos;, os.arch: &apos;amd64&apos;, os.version: &apos;10.0&apos;, java.version: &apos;1.8.0_152&apos;
Driver info: org.openqa.selenium.chrome.ChromeDriver
Capabilities {acceptInsecureCerts: false, acceptSslCerts: false, applicationCacheEnabled: false, browserConnectionEnabled: false, browserName: chrome, chrome: {chromedriverVersion: 72.0.3626.69 (3c16f8a135abc..., userDataDir: C:\Users\LUKHOV~1\AppData\L...}, cssSelectorsEnabled: true, databaseEnabled: false, goog:chromeOptions: {debuggerAddress: localhost:63929}, handlesAlerts: true, hasTouchScreen: false, javascriptEnabled: true, locationContextEnabled: true, mobileEmulationEnabled: false, nativeEvents: true, networkConnectionEnabled: false, pageLoadStrategy: normal, platform: XP, platformName: XP, proxy: Proxy(), rotatable: false, setWindowRect: true, takesHeapSnapshot: true, takesScreenshot: true, timeouts: {implicit: 0, pageLoad: 300000, script: 30000}, unexpectedAlertBehaviour: ignore, unhandledPromptBehavior: ignore, version: 71.0.3578.98, webStorageEnabled: true}
Session ID: 3b51396a1c5cf68f18466bcd6821ce4b
*** Element info: {Using=xpath, value=//li//div[contains(text(), &apos;Watford&apos;)]}
	at org.openqa.selenium.remote.ErrorHandler.createThrowable(ErrorHandler.java:214)
	at org.openqa.selenium.remote.ErrorHandler.throwIfResponseFailed(ErrorHandler.java:166)
	at org.openqa.selenium.remote.http.JsonHttpResponseCodec.reconstructValue(JsonHttpResponseCodec.java:40)
	at org.openqa.selenium.remote.http.AbstractHttpResponseCodec.decode(AbstractHttpResponseCodec.java:80)
	at org.openqa.selenium.remote.http.AbstractHttpResponseCodec.decode(AbstractHttpResponseCodec.java:44)
	at org.openqa.selenium.remote.HttpCommandExecutor.execute(HttpCommandExecutor.java:158)
	at org.openqa.selenium.remote.service.DriverCommandExecutor.execute(DriverCommandExecutor.java:83)
	at org.openqa.selenium.remote.RemoteWebDriver.execute(RemoteWebDriver.java:552)
	at org.openqa.selenium.remote.RemoteWebDriver.findElement(RemoteWebDriver.java:323)
	at org.openqa.selenium.remote.RemoteWebDriver.findElementByXPath(RemoteWebDriver.java:428)
	at org.openqa.selenium.By$ByXPath.findElement(By.java:353)
	at org.openqa.selenium.remote.RemoteWebDriver.findElement(RemoteWebDriver.java:315)
	at com.codeborne.selenide.impl.WebElementSelector.findElement(WebElementSelector.java:29)
	at com.codeborne.selenide.impl.ElementFinder.getWebElement(ElementFinder.java:56)
	at com.codeborne.selenide.impl.WebElementSource.checkCondition(WebElementSource.java:44)
	... 44 more
... Removed 36 stack frames
</div> <!-- stack-trace -->
                </div> <!-- method-content -->
              </div> <!-- method -->
              <div class="method">
                <div class="method-content">
                  <a name="signUpLikeHomePage">
                  </a> <!-- signUpLikeHomePage -->
                  <span class="method-name">signUpLikeHomePage</span>
                  <div class="stack-trace">Element should have text &apos;About me
Ronald is a female looking for a room.
Maximum budget: 2500/month
Ready to move in: Immediately&apos; {By.xpath: //div[starts-with(@class,&apos;col-sm-8&apos;)]}
Element: &apos;&lt;div class=&quot;col-sm-8&quot;&gt;About me
Ronald is a female looking for a room.
Maximum budget: ?2500/month
Ready to move in: Immediately&lt;/div&gt;&apos;
Screenshot: file:/C:/Users/lukhovytskyi/Documents/GitHub/idealflatmatetest/build/reports/tests/1548301766297.33.png
Page source: file:/C:/Users/lukhovytskyi/Documents/GitHub/idealflatmatetest/build/reports/tests/1548301766297.33.html
Timeout: 10 s.
	at com.codeborne.selenide.impl.WebElementSource.checkCondition(WebElementSource.java:66)
	at com.codeborne.selenide.commands.Should.should(Should.java:35)
	at com.codeborne.selenide.commands.Should.execute(Should.java:29)
	at com.codeborne.selenide.commands.Should.execute(Should.java:12)
	at com.codeborne.selenide.commands.Commands.execute(Commands.java:144)
	at com.codeborne.selenide.impl.SelenideElementProxy.dispatchAndRetry(SelenideElementProxy.java:87)
	at com.codeborne.selenide.impl.SelenideElementProxy.invoke(SelenideElementProxy.java:63)
	at com.sun.proxy.$Proxy5.shouldHave(Unknown Source)
	at uk.co.idealflatmate.appmanager.VerificationHelper.verificationDataLike(VerificationHelper.java:182)
	at uk.co.idealflatmate.tests.SignUpLikeOrMessage.signUpLikeHomePage(SignUpLikeOrMessage.java:268)
	at com.sun.proxy.$Proxy0.invoke(Unknown Source)
... Removed 33 stack frames
</div> <!-- stack-trace -->
                </div> <!-- method-content -->
              </div> <!-- method -->
            </div> <!-- main-panel-content rounded-window-bottom -->
          </div> <!-- suite-suite-class-failed -->
          <div class="suite-suite-class-failed">
            <div class="main-panel-header rounded-window-top">
              <img src="failed.png"/>
              <span class="class-name">uk.co.idealflatmate.tests.SignUpTest</span>
            </div> <!-- main-panel-header rounded-window-top -->
            <div class="main-panel-content rounded-window-bottom">
              <div class="method">
                <div class="method-content">
                  <a name="SuccessfulSignUpWithListingWithAllFields">
                  </a> <!-- SuccessfulSignUpWithListingWithAllFields -->
                  <span class="method-name">SuccessfulSignUpWithListingWithAllFields</span>
                  <div class="stack-trace">Element not found {By.xpath: (//input[@name=&apos;SignupForm[is_age_confirm]&apos;])[1]}
Expected: visible
Screenshot: file:/C:/Users/lukhovytskyi/Documents/GitHub/idealflatmatetest/build/reports/tests/1548317800253.37.png
Page source: file:/C:/Users/lukhovytskyi/Documents/GitHub/idealflatmatetest/build/reports/tests/1548317800253.37.html
Timeout: 4 s.
Caused by: NoSuchElementException: no such element: Unable to locate element: {&quot;method&quot;:&quot;xpath&quot;,&quot;selector&quot;:&quot;(//input[@name=&apos;SignupForm[is_age_confirm]&apos;])[1]&quot;}
	at com.codeborne.selenide.impl.WebElementSource.createElementNotFoundError(WebElementSource.java:31)
	at com.codeborne.selenide.impl.ElementFinder.createElementNotFoundError(ElementFinder.java:82)
	at com.codeborne.selenide.impl.WebElementSource.checkCondition(WebElementSource.java:59)
	at com.codeborne.selenide.commands.Should.should(Should.java:35)
	at com.codeborne.selenide.commands.Should.execute(Should.java:29)
	at com.codeborne.selenide.commands.Should.execute(Should.java:12)
	at com.codeborne.selenide.commands.Commands.execute(Commands.java:144)
	at com.codeborne.selenide.impl.SelenideElementProxy.dispatchAndRetry(SelenideElementProxy.java:87)
	at com.codeborne.selenide.impl.SelenideElementProxy.invoke(SelenideElementProxy.java:63)
	at com.sun.proxy.$Proxy5.waitUntil(Unknown Source)
	at uk.co.idealflatmate.appmanager.VerificationHelper.ageConfirmCheckMatching(VerificationHelper.java:432)
	at uk.co.idealflatmate.tests.SignUpTest.SuccessfulSignUpWithListingWithAllFields(SignUpTest.java:373)
	at com.sun.proxy.$Proxy0.invoke(Unknown Source)
Caused by: org.openqa.selenium.NoSuchElementException: no such element: Unable to locate element: {&quot;method&quot;:&quot;xpath&quot;,&quot;selector&quot;:&quot;(//input[@name=&apos;SignupForm[is_age_confirm]&apos;])[1]&quot;}
  (Session info: chrome=71.0.3578.98)
  (Driver info: chromedriver=72.0.3626.69 (3c16f8a135abc0d4da2dff33804db79b849a7c38),platform=Windows NT 10.0.16299 x86_64) (WARNING: The server did not provide any stacktrace information)
Command duration or timeout: 0 milliseconds
For documentation on this error, please visit: https://www.seleniumhq.org/exceptions/no_such_element.html
Build info: version: &apos;3.141.59&apos;, revision: &apos;e82be7d358&apos;, time: &apos;2018-11-14T08:17:03&apos;
System info: host: &apos;PRIVATE-1074&apos;, ip: &apos;10.8.1.74&apos;, os.name: &apos;Windows 10&apos;, os.arch: &apos;amd64&apos;, os.version: &apos;10.0&apos;, java.version: &apos;1.8.0_152&apos;
Driver info: org.openqa.selenium.chrome.ChromeDriver
Capabilities {acceptInsecureCerts: false, acceptSslCerts: false, applicationCacheEnabled: false, browserConnectionEnabled: false, browserName: chrome, chrome: {chromedriverVersion: 72.0.3626.69 (3c16f8a135abc..., userDataDir: C:\Users\LUKHOV~1\AppData\L...}, cssSelectorsEnabled: true, databaseEnabled: false, goog:chromeOptions: {debuggerAddress: localhost:53349}, handlesAlerts: true, hasTouchScreen: false, javascriptEnabled: true, locationContextEnabled: true, mobileEmulationEnabled: false, nativeEvents: true, networkConnectionEnabled: false, pageLoadStrategy: normal, platform: XP, platformName: XP, proxy: Proxy(), rotatable: false, setWindowRect: true, takesHeapSnapshot: true, takesScreenshot: true, timeouts: {implicit: 0, pageLoad: 300000, script: 30000}, unexpectedAlertBehaviour: ignore, unhandledPromptBehavior: ignore, version: 71.0.3578.98, webStorageEnabled: true}
Session ID: 643fde78a2bd14499957650176dba928
*** Element info: {Using=xpath, value=(//input[@name=&apos;SignupForm[is_age_confirm]&apos;])[1]}
	at org.openqa.selenium.remote.ErrorHandler.createThrowable(ErrorHandler.java:214)
	at org.openqa.selenium.remote.ErrorHandler.throwIfResponseFailed(ErrorHandler.java:166)
	at org.openqa.selenium.remote.http.JsonHttpResponseCodec.reconstructValue(JsonHttpResponseCodec.java:40)
	at org.openqa.selenium.remote.http.AbstractHttpResponseCodec.decode(AbstractHttpResponseCodec.java:80)
	at org.openqa.selenium.remote.http.AbstractHttpResponseCodec.decode(AbstractHttpResponseCodec.java:44)
	at org.openqa.selenium.remote.HttpCommandExecutor.execute(HttpCommandExecutor.java:158)
	at org.openqa.selenium.remote.service.DriverCommandExecutor.execute(DriverCommandExecutor.java:83)
	at org.openqa.selenium.remote.RemoteWebDriver.execute(RemoteWebDriver.java:552)
	at org.openqa.selenium.remote.RemoteWebDriver.findElement(RemoteWebDriver.java:323)
	at org.openqa.selenium.remote.RemoteWebDriver.findElementByXPath(RemoteWebDriver.java:428)
	at org.openqa.selenium.By$ByXPath.findElement(By.java:353)
	at org.openqa.selenium.remote.RemoteWebDriver.findElement(RemoteWebDriver.java:315)
	at com.codeborne.selenide.impl.WebElementSelector.findElement(WebElementSelector.java:29)
	at com.codeborne.selenide.impl.ElementFinder.getWebElement(ElementFinder.java:56)
	at com.codeborne.selenide.impl.WebElementSource.checkCondition(WebElementSource.java:44)
	... 43 more
... Removed 36 stack frames
</div> <!-- stack-trace -->
                </div> <!-- method-content -->
              </div> <!-- method -->
              <div class="method">
                <div class="method-content">
                  <a name="headerRoomSignUpHomePageTenant">
                  </a> <!-- headerRoomSignUpHomePageTenant -->
                  <span class="method-name">headerRoomSignUpHomePageTenant</span>
                  <div class="stack-trace">Element should have text &apos;200 - 1250&apos; {By.xpath: //div[@class=&apos;price-range-filter selected&apos;]}
Element: &apos;&lt;div class=&quot;price-range-filter selected&quot;&gt;?200 - ?1250
1&lt;/div&gt;&apos;
Screenshot: file:/C:/Users/lukhovytskyi/Documents/GitHub/idealflatmatetest/build/reports/tests/1548317896084.39.png
Page source: file:/C:/Users/lukhovytskyi/Documents/GitHub/idealflatmatetest/build/reports/tests/1548317896084.39.html
Timeout: 10 s.
	at com.codeborne.selenide.impl.WebElementSource.checkCondition(WebElementSource.java:66)
	at com.codeborne.selenide.commands.Should.should(Should.java:35)
	at com.codeborne.selenide.commands.Should.execute(Should.java:29)
	at com.codeborne.selenide.commands.Should.execute(Should.java:12)
	at com.codeborne.selenide.commands.Commands.execute(Commands.java:144)
	at com.codeborne.selenide.impl.SelenideElementProxy.dispatchAndRetry(SelenideElementProxy.java:87)
	at com.codeborne.selenide.impl.SelenideElementProxy.invoke(SelenideElementProxy.java:63)
	at com.sun.proxy.$Proxy5.shouldHave(Unknown Source)
	at uk.co.idealflatmate.appmanager.VerificationHelper.verifySearchListingPage(VerificationHelper.java:588)
	at uk.co.idealflatmate.tests.SignUpTest.headerRoomSignUpHomePageTenant(SignUpTest.java:108)
	at com.sun.proxy.$Proxy0.invoke(Unknown Source)
... Removed 33 stack frames
</div> <!-- stack-trace -->
                </div> <!-- method-content -->
              </div> <!-- method -->
              <div class="method">
                <div class="method-content">
                  <a name="headerSignUpWithBlankRequiredFieldsLocation">
                  </a> <!-- headerSignUpWithBlankRequiredFieldsLocation -->
                  <span class="method-name">headerSignUpWithBlankRequiredFieldsLocation</span>
                  <div class="stack-trace">Element not found {By.xpath: //h3[@class=&apos;u_m0&apos; and contains (text(), &apos;A room&apos;)]}
Expected: visible
Screenshot: file:/C:/Users/lukhovytskyi/Documents/GitHub/idealflatmatetest/build/reports/tests/1548318070285.41.png
Page source: file:/C:/Users/lukhovytskyi/Documents/GitHub/idealflatmatetest/build/reports/tests/1548318070285.41.html
Timeout: 10 s.
Caused by: NoSuchElementException: no such element: Unable to locate element: {&quot;method&quot;:&quot;xpath&quot;,&quot;selector&quot;:&quot;//h3[@class=&apos;u_m0&apos; and contains (text(), &apos;A room&apos;)]&quot;}
	at com.codeborne.selenide.impl.WebElementSource.createElementNotFoundError(WebElementSource.java:31)
	at com.codeborne.selenide.impl.ElementFinder.createElementNotFoundError(ElementFinder.java:82)
	at com.codeborne.selenide.impl.WebElementSource.checkCondition(WebElementSource.java:59)
	at com.codeborne.selenide.impl.WebElementSource.findAndAssertElementIsVisible(WebElementSource.java:72)
	at com.codeborne.selenide.commands.Click.execute(Click.java:16)
	at com.codeborne.selenide.commands.Click.execute(Click.java:12)
	at com.codeborne.selenide.commands.Commands.execute(Commands.java:144)
	at com.codeborne.selenide.impl.SelenideElementProxy.dispatchAndRetry(SelenideElementProxy.java:87)
	at com.codeborne.selenide.impl.SelenideElementProxy.invoke(SelenideElementProxy.java:63)
	at com.sun.proxy.$Proxy5.click(Unknown Source)
	at uk.co.idealflatmate.appmanager.SignUpHelper.clickRoom(SignUpHelper.java:24)
	at uk.co.idealflatmate.tests.SignUpTest.headerSignUpWithBlankRequiredFieldsLocation(SignUpTest.java:230)
	at com.sun.proxy.$Proxy0.invoke(Unknown Source)
Caused by: org.openqa.selenium.NoSuchElementException: no such element: Unable to locate element: {&quot;method&quot;:&quot;xpath&quot;,&quot;selector&quot;:&quot;//h3[@class=&apos;u_m0&apos; and contains (text(), &apos;A room&apos;)]&quot;}
  (Session info: chrome=71.0.3578.98)
  (Driver info: chromedriver=72.0.3626.69 (3c16f8a135abc0d4da2dff33804db79b849a7c38),platform=Windows NT 10.0.16299 x86_64) (WARNING: The server did not provide any stacktrace information)
Command duration or timeout: 0 milliseconds
For documentation on this error, please visit: https://www.seleniumhq.org/exceptions/no_such_element.html
Build info: version: &apos;3.141.59&apos;, revision: &apos;e82be7d358&apos;, time: &apos;2018-11-14T08:17:03&apos;
System info: host: &apos;PRIVATE-1074&apos;, ip: &apos;10.8.1.74&apos;, os.name: &apos;Windows 10&apos;, os.arch: &apos;amd64&apos;, os.version: &apos;10.0&apos;, java.version: &apos;1.8.0_152&apos;
Driver info: org.openqa.selenium.chrome.ChromeDriver
Capabilities {acceptInsecureCerts: false, acceptSslCerts: false, applicationCacheEnabled: false, browserConnectionEnabled: false, browserName: chrome, chrome: {chromedriverVersion: 72.0.3626.69 (3c16f8a135abc..., userDataDir: C:\Users\LUKHOV~1\AppData\L...}, cssSelectorsEnabled: true, databaseEnabled: false, goog:chromeOptions: {debuggerAddress: localhost:54631}, handlesAlerts: true, hasTouchScreen: false, javascriptEnabled: true, locationContextEnabled: true, mobileEmulationEnabled: false, nativeEvents: true, networkConnectionEnabled: false, pageLoadStrategy: normal, platform: XP, platformName: XP, proxy: Proxy(), rotatable: false, setWindowRect: true, takesHeapSnapshot: true, takesScreenshot: true, timeouts: {implicit: 0, pageLoad: 300000, script: 30000}, unexpectedAlertBehaviour: ignore, unhandledPromptBehavior: ignore, version: 71.0.3578.98, webStorageEnabled: true}
Session ID: 1a73e5417fed02a870dea4195ec86edd
*** Element info: {Using=xpath, value=//h3[@class=&apos;u_m0&apos; and contains (text(), &apos;A room&apos;)]}
	at org.openqa.selenium.remote.ErrorHandler.createThrowable(ErrorHandler.java:214)
	at org.openqa.selenium.remote.ErrorHandler.throwIfResponseFailed(ErrorHandler.java:166)
	at org.openqa.selenium.remote.http.JsonHttpResponseCodec.reconstructValue(JsonHttpResponseCodec.java:40)
	at org.openqa.selenium.remote.http.AbstractHttpResponseCodec.decode(AbstractHttpResponseCodec.java:80)
	at org.openqa.selenium.remote.http.AbstractHttpResponseCodec.decode(AbstractHttpResponseCodec.java:44)
	at org.openqa.selenium.remote.HttpCommandExecutor.execute(HttpCommandExecutor.java:158)
	at org.openqa.selenium.remote.service.DriverCommandExecutor.execute(DriverCommandExecutor.java:83)
	at org.openqa.selenium.remote.RemoteWebDriver.execute(RemoteWebDriver.java:552)
	at org.openqa.selenium.remote.RemoteWebDriver.findElement(RemoteWebDriver.java:323)
	at org.openqa.selenium.remote.RemoteWebDriver.findElementByXPath(RemoteWebDriver.java:428)
	at org.openqa.selenium.By$ByXPath.findElement(By.java:353)
	at org.openqa.selenium.remote.RemoteWebDriver.findElement(RemoteWebDriver.java:315)
	at com.codeborne.selenide.impl.WebElementSelector.findElement(WebElementSelector.java:29)
	at com.codeborne.selenide.impl.ElementFinder.getWebElement(ElementFinder.java:56)
	at com.codeborne.selenide.impl.WebElementSource.checkCondition(WebElementSource.java:44)
	... 43 more
... Removed 36 stack frames
</div> <!-- stack-trace -->
                </div> <!-- method-content -->
              </div> <!-- method -->
            </div> <!-- main-panel-content rounded-window-bottom -->
          </div> <!-- suite-suite-class-failed -->
          <div class="suite-suite-class-failed">
            <div class="main-panel-header rounded-window-top">
              <img src="failed.png"/>
              <span class="class-name">uk.co.idealflatmate.tests.AddListingTests</span>
            </div> <!-- main-panel-header rounded-window-top -->
            <div class="main-panel-content rounded-window-bottom">
              <div class="method">
                <div class="method-content">
                  <a name="loginStartListing">
                  </a> <!-- loginStartListing -->
                  <span class="method-name">loginStartListing</span>
                  <div class="stack-trace">Element not found {By.name: Property[area_link_id]}
Expected: visible
Screenshot: file:/C:/Users/lukhovytskyi/Documents/GitHub/idealflatmatetest/build/reports/tests/1548268578888.1.png
Page source: file:/C:/Users/lukhovytskyi/Documents/GitHub/idealflatmatetest/build/reports/tests/1548268578888.1.html
Timeout: 10 s.
Caused by: NoSuchElementException: no such element: Unable to locate element: {&quot;method&quot;:&quot;name&quot;,&quot;selector&quot;:&quot;Property[area_link_id]&quot;}
	at com.codeborne.selenide.impl.WebElementSource.createElementNotFoundError(WebElementSource.java:31)
	at com.codeborne.selenide.impl.ElementFinder.createElementNotFoundError(ElementFinder.java:82)
	at com.codeborne.selenide.impl.WebElementSource.checkCondition(WebElementSource.java:59)
	at com.codeborne.selenide.impl.WebElementSource.findAndAssertElementIsVisible(WebElementSource.java:72)
	at com.codeborne.selenide.commands.Click.execute(Click.java:16)
	at com.codeborne.selenide.commands.Click.execute(Click.java:12)
	at com.codeborne.selenide.commands.Commands.execute(Commands.java:144)
	at com.codeborne.selenide.impl.SelenideElementProxy.dispatchAndRetry(SelenideElementProxy.java:87)
	at com.codeborne.selenide.impl.SelenideElementProxy.invoke(SelenideElementProxy.java:63)
	at com.sun.proxy.$Proxy5.click(Unknown Source)
	at uk.co.idealflatmate.appmanager.MessageHelper.click(MessageHelper.java:43)
	at uk.co.idealflatmate.appmanager.AddPropertyHelper.chooseAreaforLondon(AddPropertyHelper.java:70)
	at uk.co.idealflatmate.tests.AddListingTests.loginStartListing(AddListingTests.java:28)
	at com.sun.proxy.$Proxy0.invoke(Unknown Source)
Caused by: org.openqa.selenium.NoSuchElementException: no such element: Unable to locate element: {&quot;method&quot;:&quot;name&quot;,&quot;selector&quot;:&quot;Property[area_link_id]&quot;}
  (Session info: chrome=71.0.3578.98)
  (Driver info: chromedriver=72.0.3626.69 (3c16f8a135abc0d4da2dff33804db79b849a7c38),platform=Windows NT 10.0.16299 x86_64) (WARNING: The server did not provide any stacktrace information)
Command duration or timeout: 0 milliseconds
For documentation on this error, please visit: https://www.seleniumhq.org/exceptions/no_such_element.html
Build info: version: &apos;3.141.59&apos;, revision: &apos;e82be7d358&apos;, time: &apos;2018-11-14T08:17:03&apos;
System info: host: &apos;PRIVATE-1074&apos;, ip: &apos;10.8.1.74&apos;, os.name: &apos;Windows 10&apos;, os.arch: &apos;amd64&apos;, os.version: &apos;10.0&apos;, java.version: &apos;1.8.0_152&apos;
Driver info: org.openqa.selenium.chrome.ChromeDriver
Capabilities {acceptInsecureCerts: false, acceptSslCerts: false, applicationCacheEnabled: false, browserConnectionEnabled: false, browserName: chrome, chrome: {chromedriverVersion: 72.0.3626.69 (3c16f8a135abc..., userDataDir: C:\Users\LUKHOV~1\AppData\L...}, cssSelectorsEnabled: true, databaseEnabled: false, goog:chromeOptions: {debuggerAddress: localhost:64248}, handlesAlerts: true, hasTouchScreen: false, javascriptEnabled: true, locationContextEnabled: true, mobileEmulationEnabled: false, nativeEvents: true, networkConnectionEnabled: false, pageLoadStrategy: normal, platform: XP, platformName: XP, proxy: Proxy(), rotatable: false, setWindowRect: true, takesHeapSnapshot: true, takesScreenshot: true, timeouts: {implicit: 0, pageLoad: 300000, script: 30000}, unexpectedAlertBehaviour: ignore, unhandledPromptBehavior: ignore, version: 71.0.3578.98, webStorageEnabled: true}
Session ID: 2f14fbb1f7457362f5e4b9ef743a8328
*** Element info: {Using=name, value=Property[area_link_id]}
	at org.openqa.selenium.remote.ErrorHandler.createThrowable(ErrorHandler.java:214)
	at org.openqa.selenium.remote.ErrorHandler.throwIfResponseFailed(ErrorHandler.java:166)
	at org.openqa.selenium.remote.http.JsonHttpResponseCodec.reconstructValue(JsonHttpResponseCodec.java:40)
	at org.openqa.selenium.remote.http.AbstractHttpResponseCodec.decode(AbstractHttpResponseCodec.java:80)
	at org.openqa.selenium.remote.http.AbstractHttpResponseCodec.decode(AbstractHttpResponseCodec.java:44)
	at org.openqa.selenium.remote.HttpCommandExecutor.execute(HttpCommandExecutor.java:158)
	at org.openqa.selenium.remote.service.DriverCommandExecutor.execute(DriverCommandExecutor.java:83)
	at org.openqa.selenium.remote.RemoteWebDriver.execute(RemoteWebDriver.java:552)
	at org.openqa.selenium.remote.RemoteWebDriver.findElement(RemoteWebDriver.java:323)
	at org.openqa.selenium.remote.RemoteWebDriver.findElementByName(RemoteWebDriver.java:404)
	at org.openqa.selenium.By$ByName.findElement(By.java:284)
	at org.openqa.selenium.remote.RemoteWebDriver.findElement(RemoteWebDriver.java:315)
	at com.codeborne.selenide.impl.WebElementSelector.findElement(WebElementSelector.java:29)
	at com.codeborne.selenide.impl.ElementFinder.getWebElement(ElementFinder.java:56)
	at com.codeborne.selenide.impl.WebElementSource.checkCondition(WebElementSource.java:44)
	... 44 more
... Removed 36 stack frames
</div> <!-- stack-trace -->
                </div> <!-- method-content -->
              </div> <!-- method -->
              <div class="method">
                <div class="method-content">
                  <a name="propertyAddWithAllFields">
                  </a> <!-- propertyAddWithAllFields -->
                  <span class="method-name">propertyAddWithAllFields</span>
                  <div class="stack-trace">Element should have text &apos;3 bedrooms for rent in Bankside, South London from 500/month per room
Property reference &quot;#0018074&quot;&apos; {By.xpath: //section[@id]//h1}
Element: &apos;&lt;h1 class=&quot;h2 u_m0-top u_m20-top-xs u_p20-bottom text-normal u_b-bottom&quot;&gt;3 bedrooms for rent in Bankside, South London from ?500/month per room
Property reference &quot;#0018074&quot;&lt;/h1&gt;&apos;
Screenshot: file:/C:/Users/lukhovytskyi/Documents/GitHub/idealflatmatetest/build/reports/tests/1548268699211.3.png
Page source: file:/C:/Users/lukhovytskyi/Documents/GitHub/idealflatmatetest/build/reports/tests/1548268699211.3.html
Timeout: 10 s.
	at com.codeborne.selenide.impl.WebElementSource.checkCondition(WebElementSource.java:66)
	at com.codeborne.selenide.commands.Should.should(Should.java:35)
	at com.codeborne.selenide.commands.Should.execute(Should.java:29)
	at com.codeborne.selenide.commands.Should.execute(Should.java:12)
	at com.codeborne.selenide.commands.Commands.execute(Commands.java:144)
	at com.codeborne.selenide.impl.SelenideElementProxy.dispatchAndRetry(SelenideElementProxy.java:87)
	at com.codeborne.selenide.impl.SelenideElementProxy.invoke(SelenideElementProxy.java:63)
	at com.sun.proxy.$Proxy5.shouldHave(Unknown Source)
	at uk.co.idealflatmate.appmanager.VerificationHelper.verifyAddedPropertyWithAllFields(VerificationHelper.java:58)
	at uk.co.idealflatmate.tests.AddListingTests.propertyAddWithAllFields(AddListingTests.java:168)
	at com.sun.proxy.$Proxy0.invoke(Unknown Source)
... Removed 33 stack frames
</div> <!-- stack-trace -->
                </div> <!-- method-content -->
              </div> <!-- method -->
              <div class="method">
                <div class="method-content">
                  <a name="signUpPropertyAdding">
                  </a> <!-- signUpPropertyAdding -->
                  <span class="method-name">signUpPropertyAdding</span>
                  <div class="stack-trace">Element not found {By.xpath: //input[@id=&apos;moreinfosignupform-file&apos;]}
Expected: exist
Screenshot: file:/C:/Users/lukhovytskyi/Documents/GitHub/idealflatmatetest/build/reports/tests/1548268730686.5.png
Page source: file:/C:/Users/lukhovytskyi/Documents/GitHub/idealflatmatetest/build/reports/tests/1548268730686.5.html
Timeout: 10 s.
Caused by: NoSuchElementException: no such element: Unable to locate element: {&quot;method&quot;:&quot;xpath&quot;,&quot;selector&quot;:&quot;//input[@id=&apos;moreinfosignupform-file&apos;]&quot;}
	at com.codeborne.selenide.impl.WebElementSource.createElementNotFoundError(WebElementSource.java:31)
	at com.codeborne.selenide.impl.ElementFinder.createElementNotFoundError(ElementFinder.java:82)
	at com.codeborne.selenide.impl.SelenideElementProxy.dispatchAndRetry(SelenideElementProxy.java:116)
	at com.codeborne.selenide.impl.SelenideElementProxy.invoke(SelenideElementProxy.java:63)
	at com.sun.proxy.$Proxy5.uploadFile(Unknown Source)
	at uk.co.idealflatmate.appmanager.SignUpHelper.profilePhotoAddJpeg(SignUpHelper.java:107)
	at uk.co.idealflatmate.appmanager.SignUpHelper.agentSignListing(SignUpHelper.java:460)
	at uk.co.idealflatmate.tests.AddListingTests.signUpPropertyAdding(AddListingTests.java:95)
	at com.sun.proxy.$Proxy0.invoke(Unknown Source)
Caused by: org.openqa.selenium.NoSuchElementException: no such element: Unable to locate element: {&quot;method&quot;:&quot;xpath&quot;,&quot;selector&quot;:&quot;//input[@id=&apos;moreinfosignupform-file&apos;]&quot;}
  (Session info: chrome=71.0.3578.98)
  (Driver info: chromedriver=72.0.3626.69 (3c16f8a135abc0d4da2dff33804db79b849a7c38),platform=Windows NT 10.0.16299 x86_64) (WARNING: The server did not provide any stacktrace information)
Command duration or timeout: 0 milliseconds
For documentation on this error, please visit: https://www.seleniumhq.org/exceptions/no_such_element.html
Build info: version: &apos;3.141.59&apos;, revision: &apos;e82be7d358&apos;, time: &apos;2018-11-14T08:17:03&apos;
System info: host: &apos;PRIVATE-1074&apos;, ip: &apos;10.8.1.74&apos;, os.name: &apos;Windows 10&apos;, os.arch: &apos;amd64&apos;, os.version: &apos;10.0&apos;, java.version: &apos;1.8.0_152&apos;
Driver info: org.openqa.selenium.chrome.ChromeDriver
Capabilities {acceptInsecureCerts: false, acceptSslCerts: false, applicationCacheEnabled: false, browserConnectionEnabled: false, browserName: chrome, chrome: {chromedriverVersion: 72.0.3626.69 (3c16f8a135abc..., userDataDir: C:\Users\LUKHOV~1\AppData\L...}, cssSelectorsEnabled: true, databaseEnabled: false, goog:chromeOptions: {debuggerAddress: localhost:65286}, handlesAlerts: true, hasTouchScreen: false, javascriptEnabled: true, locationContextEnabled: true, mobileEmulationEnabled: false, nativeEvents: true, networkConnectionEnabled: false, pageLoadStrategy: normal, platform: XP, platformName: XP, proxy: Proxy(), rotatable: false, setWindowRect: true, takesHeapSnapshot: true, takesScreenshot: true, timeouts: {implicit: 0, pageLoad: 300000, script: 30000}, unexpectedAlertBehaviour: ignore, unhandledPromptBehavior: ignore, version: 71.0.3578.98, webStorageEnabled: true}
Session ID: a038faa2aa85c1c70eb2a14efe7e2bff
*** Element info: {Using=xpath, value=//input[@id=&apos;moreinfosignupform-file&apos;]}
	at org.openqa.selenium.remote.ErrorHandler.createThrowable(ErrorHandler.java:214)
	at org.openqa.selenium.remote.ErrorHandler.throwIfResponseFailed(ErrorHandler.java:166)
	at org.openqa.selenium.remote.http.JsonHttpResponseCodec.reconstructValue(JsonHttpResponseCodec.java:40)
	at org.openqa.selenium.remote.http.AbstractHttpResponseCodec.decode(AbstractHttpResponseCodec.java:80)
	at org.openqa.selenium.remote.http.AbstractHttpResponseCodec.decode(AbstractHttpResponseCodec.java:44)
	at org.openqa.selenium.remote.HttpCommandExecutor.execute(HttpCommandExecutor.java:158)
	at org.openqa.selenium.remote.service.DriverCommandExecutor.execute(DriverCommandExecutor.java:83)
	at org.openqa.selenium.remote.RemoteWebDriver.execute(RemoteWebDriver.java:552)
	at org.openqa.selenium.remote.RemoteWebDriver.findElement(RemoteWebDriver.java:323)
	at org.openqa.selenium.remote.RemoteWebDriver.findElementByXPath(RemoteWebDriver.java:428)
	at org.openqa.selenium.By$ByXPath.findElement(By.java:353)
	at org.openqa.selenium.remote.RemoteWebDriver.findElement(RemoteWebDriver.java:315)
	at com.codeborne.selenide.impl.WebElementSelector.findElement(WebElementSelector.java:29)
	at com.codeborne.selenide.impl.ElementFinder.getWebElement(ElementFinder.java:56)
	at com.codeborne.selenide.commands.UploadFile.execute(UploadFile.java:28)
	at com.codeborne.selenide.commands.UploadFile.execute(UploadFile.java:14)
	at com.codeborne.selenide.commands.Commands.execute(Commands.java:144)
	at com.codeborne.selenide.impl.SelenideElementProxy.dispatchAndRetry(SelenideElementProxy.java:87)
	... 39 more
... Removed 36 stack frames
</div> <!-- stack-trace -->
                </div> <!-- method-content -->
              </div> <!-- method -->
            </div> <!-- main-panel-content rounded-window-bottom -->
          </div> <!-- suite-suite-class-failed -->
          <div class="suite-suite-class-failed">
            <div class="main-panel-header rounded-window-top">
              <img src="failed.png"/>
              <span class="class-name">uk.co.idealflatmate.tests.SignUpMatching</span>
            </div> <!-- main-panel-header rounded-window-top -->
            <div class="main-panel-content rounded-window-bottom">
              <div class="method">
                <div class="method-content">
                  <a name="SignUpMatchingWithRequiredFieldsRoom">
                  </a> <!-- SignUpMatchingWithRequiredFieldsRoom -->
                  <span class="method-name">SignUpMatchingWithRequiredFieldsRoom</span>
                  <div class="stack-trace">Element should have text &apos;1200 - 1250&apos; {By.xpath: //div[@class=&apos;price-range-filter selected&apos;]}
Element: &apos;&lt;div class=&quot;price-range-filter selected&quot;&gt;?1200 - ?1250
1&lt;/div&gt;&apos;
Screenshot: file:/C:/Users/lukhovytskyi/Documents/GitHub/idealflatmatetest/build/reports/tests/1548317622161.35.png
Page source: file:/C:/Users/lukhovytskyi/Documents/GitHub/idealflatmatetest/build/reports/tests/1548317622161.35.html
Timeout: 10 s.
	at com.codeborne.selenide.impl.WebElementSource.checkCondition(WebElementSource.java:66)
	at com.codeborne.selenide.commands.Should.should(Should.java:35)
	at com.codeborne.selenide.commands.Should.execute(Should.java:29)
	at com.codeborne.selenide.commands.Should.execute(Should.java:12)
	at com.codeborne.selenide.commands.Commands.execute(Commands.java:144)
	at com.codeborne.selenide.impl.SelenideElementProxy.dispatchAndRetry(SelenideElementProxy.java:87)
	at com.codeborne.selenide.impl.SelenideElementProxy.invoke(SelenideElementProxy.java:63)
	at com.sun.proxy.$Proxy5.shouldHave(Unknown Source)
	at uk.co.idealflatmate.appmanager.VerificationHelper.verifySearchListingPageMatching(VerificationHelper.java:596)
	at uk.co.idealflatmate.tests.SignUpMatching.SignUpMatchingWithRequiredFieldsRoom(SignUpMatching.java:82)
	at com.sun.proxy.$Proxy0.invoke(Unknown Source)
... Removed 33 stack frames
</div> <!-- stack-trace -->
                </div> <!-- method-content -->
              </div> <!-- method -->
            </div> <!-- main-panel-content rounded-window-bottom -->
          </div> <!-- suite-suite-class-failed -->
          <div class="suite-suite-class-failed">
            <div class="main-panel-header rounded-window-top">
              <img src="failed.png"/>
              <span class="class-name">uk.co.idealflatmate.tests.SearchFMPageTests</span>
            </div> <!-- main-panel-header rounded-window-top -->
            <div class="main-panel-content rounded-window-bottom">
              <div class="method">
                <div class="method-content">
                  <a name="applyAdvancedFiltersDefault">
                  </a> <!-- applyAdvancedFiltersDefault -->
                  <span class="method-name">applyAdvancedFiltersDefault</span>
                  <div class="stack-trace">java.lang.AssertionError: null
	at uk.co.idealflatmate.appmanager.SearchHelperFM.activeAgeFM(SearchHelperFM.java:160)
	at uk.co.idealflatmate.tests.SearchFMPageTests.applyAdvancedFiltersDefault(SearchFMPageTests.java:116)
	at com.sun.proxy.$Proxy0.invoke(Unknown Source)
... Removed 36 stack frames
</div> <!-- stack-trace -->
                </div> <!-- method-content -->
              </div> <!-- method -->
            </div> <!-- main-panel-content rounded-window-bottom -->
          </div> <!-- suite-suite-class-failed -->
          <div class="suite-suite-class-failed">
            <div class="main-panel-header rounded-window-top">
              <img src="failed.png"/>
              <span class="class-name">uk.co.idealflatmate.tests.MatchingTests</span>
            </div> <!-- main-panel-header rounded-window-top -->
            <div class="main-panel-content rounded-window-bottom">
              <div class="method">
                <div class="method-content">
                  <a name="completeMatchingFromMenuWithNewUserWithVerifyingPercent">
                  </a> <!-- completeMatchingFromMenuWithNewUserWithVerifyingPercent -->
                  <span class="method-name">completeMatchingFromMenuWithNewUserWithVerifyingPercent</span>
                  <div class="stack-trace">Element not found {By.xpath: //input[@id=&apos;moreinfosignupform-file&apos;]}
Expected: exist
Screenshot: file:/C:/Users/lukhovytskyi/Documents/GitHub/idealflatmatetest/build/reports/tests/1548269038713.9.png
Page source: file:/C:/Users/lukhovytskyi/Documents/GitHub/idealflatmatetest/build/reports/tests/1548269038713.9.html
Timeout: 10 s.
Caused by: NoSuchElementException: no such element: Unable to locate element: {&quot;method&quot;:&quot;xpath&quot;,&quot;selector&quot;:&quot;//input[@id=&apos;moreinfosignupform-file&apos;]&quot;}
	at com.codeborne.selenide.impl.WebElementSource.createElementNotFoundError(WebElementSource.java:31)
	at com.codeborne.selenide.impl.ElementFinder.createElementNotFoundError(ElementFinder.java:82)
	at com.codeborne.selenide.impl.SelenideElementProxy.dispatchAndRetry(SelenideElementProxy.java:116)
	at com.codeborne.selenide.impl.SelenideElementProxy.invoke(SelenideElementProxy.java:63)
	at com.sun.proxy.$Proxy5.uploadFile(Unknown Source)
	at uk.co.idealflatmate.appmanager.SignUpHelper.profilePhotoAddJpeg(SignUpHelper.java:107)
	at uk.co.idealflatmate.tests.MatchingTests.completeMatchingFromMenuWithNewUserWithVerifyingPercent(MatchingTests.java:26)
	at com.sun.proxy.$Proxy0.invoke(Unknown Source)
Caused by: org.openqa.selenium.NoSuchElementException: no such element: Unable to locate element: {&quot;method&quot;:&quot;xpath&quot;,&quot;selector&quot;:&quot;//input[@id=&apos;moreinfosignupform-file&apos;]&quot;}
  (Session info: chrome=71.0.3578.98)
  (Driver info: chromedriver=72.0.3626.69 (3c16f8a135abc0d4da2dff33804db79b849a7c38),platform=Windows NT 10.0.16299 x86_64) (WARNING: The server did not provide any stacktrace information)
Command duration or timeout: 0 milliseconds
For documentation on this error, please visit: https://www.seleniumhq.org/exceptions/no_such_element.html
Build info: version: &apos;3.141.59&apos;, revision: &apos;e82be7d358&apos;, time: &apos;2018-11-14T08:17:03&apos;
System info: host: &apos;PRIVATE-1074&apos;, ip: &apos;10.8.1.74&apos;, os.name: &apos;Windows 10&apos;, os.arch: &apos;amd64&apos;, os.version: &apos;10.0&apos;, java.version: &apos;1.8.0_152&apos;
Driver info: org.openqa.selenium.chrome.ChromeDriver
Capabilities {acceptInsecureCerts: false, acceptSslCerts: false, applicationCacheEnabled: false, browserConnectionEnabled: false, browserName: chrome, chrome: {chromedriverVersion: 72.0.3626.69 (3c16f8a135abc..., userDataDir: C:\Users\LUKHOV~1\AppData\L...}, cssSelectorsEnabled: true, databaseEnabled: false, goog:chromeOptions: {debuggerAddress: localhost:51031}, handlesAlerts: true, hasTouchScreen: false, javascriptEnabled: true, locationContextEnabled: true, mobileEmulationEnabled: false, nativeEvents: true, networkConnectionEnabled: false, pageLoadStrategy: normal, platform: XP, platformName: XP, proxy: Proxy(), rotatable: false, setWindowRect: true, takesHeapSnapshot: true, takesScreenshot: true, timeouts: {implicit: 0, pageLoad: 300000, script: 30000}, unexpectedAlertBehaviour: ignore, unhandledPromptBehavior: ignore, version: 71.0.3578.98, webStorageEnabled: true}
Session ID: 5aa527c28c480cf6fd954badb5262ea2
*** Element info: {Using=xpath, value=//input[@id=&apos;moreinfosignupform-file&apos;]}
	at org.openqa.selenium.remote.ErrorHandler.createThrowable(ErrorHandler.java:214)
	at org.openqa.selenium.remote.ErrorHandler.throwIfResponseFailed(ErrorHandler.java:166)
	at org.openqa.selenium.remote.http.JsonHttpResponseCodec.reconstructValue(JsonHttpResponseCodec.java:40)
	at org.openqa.selenium.remote.http.AbstractHttpResponseCodec.decode(AbstractHttpResponseCodec.java:80)
	at org.openqa.selenium.remote.http.AbstractHttpResponseCodec.decode(AbstractHttpResponseCodec.java:44)
	at org.openqa.selenium.remote.HttpCommandExecutor.execute(HttpCommandExecutor.java:158)
	at org.openqa.selenium.remote.service.DriverCommandExecutor.execute(DriverCommandExecutor.java:83)
	at org.openqa.selenium.remote.RemoteWebDriver.execute(RemoteWebDriver.java:552)
	at org.openqa.selenium.remote.RemoteWebDriver.findElement(RemoteWebDriver.java:323)
	at org.openqa.selenium.remote.RemoteWebDriver.findElementByXPath(RemoteWebDriver.java:428)
	at org.openqa.selenium.By$ByXPath.findElement(By.java:353)
	at org.openqa.selenium.remote.RemoteWebDriver.findElement(RemoteWebDriver.java:315)
	at com.codeborne.selenide.impl.WebElementSelector.findElement(WebElementSelector.java:29)
	at com.codeborne.selenide.impl.ElementFinder.getWebElement(ElementFinder.java:56)
	at com.codeborne.selenide.commands.UploadFile.execute(UploadFile.java:28)
	at com.codeborne.selenide.commands.UploadFile.execute(UploadFile.java:14)
	at com.codeborne.selenide.commands.Commands.execute(Commands.java:144)
	at com.codeborne.selenide.impl.SelenideElementProxy.dispatchAndRetry(SelenideElementProxy.java:87)
	... 38 more
... Removed 36 stack frames
</div> <!-- stack-trace -->
                </div> <!-- method-content -->
              </div> <!-- method -->
            </div> <!-- main-panel-content rounded-window-bottom -->
          </div> <!-- suite-suite-class-failed -->
          <div class="suite-suite-class-failed">
            <div class="main-panel-header rounded-window-top">
              <img src="failed.png"/>
              <span class="class-name">uk.co.idealflatmate.tests.ZEmailTests</span>
            </div> <!-- main-panel-header rounded-window-top -->
            <div class="main-panel-content rounded-window-bottom">
              <div class="method">
                <div class="method-content">
                  <a name="TestSuccessfulEmailReceivingWelcomeListingMessageSubscriptionCancSub">
                  </a> <!-- TestSuccessfulEmailReceivingWelcomeListingMessageSubscriptionCancSub -->
                  <span class="method-name">TestSuccessfulEmailReceivingWelcomeListingMessageSubscriptionCancSub</span>
                  <div class="stack-trace">Element not found {By.xpath: //span[@class=&apos;RveJvd snByac&apos; and contains(.,&apos;&apos;)]}
Expected: visible
Screenshot: file:/C:/Users/lukhovytskyi/Documents/GitHub/idealflatmatetest/build/reports/tests/1548318194997.43.png
Page source: file:/C:/Users/lukhovytskyi/Documents/GitHub/idealflatmatetest/build/reports/tests/1548318194997.43.html
Timeout: 10 s.
Caused by: NoSuchElementException: no such element: Unable to locate element: {&quot;method&quot;:&quot;xpath&quot;,&quot;selector&quot;:&quot;//span[@class=&apos;RveJvd snByac&apos; and contains(.,&apos;&apos;)]&quot;}
	at com.codeborne.selenide.impl.WebElementSource.createElementNotFoundError(WebElementSource.java:31)
	at com.codeborne.selenide.impl.ElementFinder.createElementNotFoundError(ElementFinder.java:82)
	at com.codeborne.selenide.impl.WebElementSource.checkCondition(WebElementSource.java:59)
	at com.codeborne.selenide.impl.WebElementSource.findAndAssertElementIsVisible(WebElementSource.java:72)
	at com.codeborne.selenide.commands.Click.execute(Click.java:16)
	at com.codeborne.selenide.commands.Click.execute(Click.java:12)
	at com.codeborne.selenide.commands.Commands.execute(Commands.java:144)
	at com.codeborne.selenide.impl.SelenideElementProxy.dispatchAndRetry(SelenideElementProxy.java:87)
	at com.codeborne.selenide.impl.SelenideElementProxy.invoke(SelenideElementProxy.java:63)
	at com.sun.proxy.$Proxy5.click(Unknown Source)
	at uk.co.idealflatmate.appmanager.HelperBase.gmailLogin(HelperBase.java:78)
	at uk.co.idealflatmate.appmanager.EmailHelper.setLoginAsUserEmail(EmailHelper.java:23)
	at uk.co.idealflatmate.tests.ZEmailTests.TestSuccessfulEmailReceivingWelcomeListingMessageSubscriptionCancSub(ZEmailTests.java:11)
	at com.sun.proxy.$Proxy0.invoke(Unknown Source)
Caused by: org.openqa.selenium.NoSuchElementException: no such element: Unable to locate element: {&quot;method&quot;:&quot;xpath&quot;,&quot;selector&quot;:&quot;//span[@class=&apos;RveJvd snByac&apos; and contains(.,&apos;&apos;)]&quot;}
  (Session info: chrome=71.0.3578.98)
  (Driver info: chromedriver=72.0.3626.69 (3c16f8a135abc0d4da2dff33804db79b849a7c38),platform=Windows NT 10.0.16299 x86_64) (WARNING: The server did not provide any stacktrace information)
Command duration or timeout: 0 milliseconds
For documentation on this error, please visit: https://www.seleniumhq.org/exceptions/no_such_element.html
Build info: version: &apos;3.141.59&apos;, revision: &apos;e82be7d358&apos;, time: &apos;2018-11-14T08:17:03&apos;
System info: host: &apos;PRIVATE-1074&apos;, ip: &apos;10.8.1.74&apos;, os.name: &apos;Windows 10&apos;, os.arch: &apos;amd64&apos;, os.version: &apos;10.0&apos;, java.version: &apos;1.8.0_152&apos;
Driver info: org.openqa.selenium.chrome.ChromeDriver
Capabilities {acceptInsecureCerts: false, acceptSslCerts: false, applicationCacheEnabled: false, browserConnectionEnabled: false, browserName: chrome, chrome: {chromedriverVersion: 72.0.3626.69 (3c16f8a135abc..., userDataDir: C:\Users\LUKHOV~1\AppData\L...}, cssSelectorsEnabled: true, databaseEnabled: false, goog:chromeOptions: {debuggerAddress: localhost:55686}, handlesAlerts: true, hasTouchScreen: false, javascriptEnabled: true, locationContextEnabled: true, mobileEmulationEnabled: false, nativeEvents: true, networkConnectionEnabled: false, pageLoadStrategy: normal, platform: XP, platformName: XP, proxy: Proxy(), rotatable: false, setWindowRect: true, takesHeapSnapshot: true, takesScreenshot: true, timeouts: {implicit: 0, pageLoad: 300000, script: 30000}, unexpectedAlertBehaviour: ignore, unhandledPromptBehavior: ignore, version: 71.0.3578.98, webStorageEnabled: true}
Session ID: 95286739ade763dc91abb3aa8d4793ec
*** Element info: {Using=xpath, value=//span[@class=&apos;RveJvd snByac&apos; and contains(.,&apos;&apos;)]}
	at org.openqa.selenium.remote.ErrorHandler.createThrowable(ErrorHandler.java:214)
	at org.openqa.selenium.remote.ErrorHandler.throwIfResponseFailed(ErrorHandler.java:166)
	at org.openqa.selenium.remote.http.JsonHttpResponseCodec.reconstructValue(JsonHttpResponseCodec.java:40)
	at org.openqa.selenium.remote.http.AbstractHttpResponseCodec.decode(AbstractHttpResponseCodec.java:80)
	at org.openqa.selenium.remote.http.AbstractHttpResponseCodec.decode(AbstractHttpResponseCodec.java:44)
	at org.openqa.selenium.remote.HttpCommandExecutor.execute(HttpCommandExecutor.java:158)
	at org.openqa.selenium.remote.service.DriverCommandExecutor.execute(DriverCommandExecutor.java:83)
	at org.openqa.selenium.remote.RemoteWebDriver.execute(RemoteWebDriver.java:552)
	at org.openqa.selenium.remote.RemoteWebDriver.findElement(RemoteWebDriver.java:323)
	at org.openqa.selenium.remote.RemoteWebDriver.findElementByXPath(RemoteWebDriver.java:428)
	at org.openqa.selenium.By$ByXPath.findElement(By.java:353)
	at org.openqa.selenium.remote.RemoteWebDriver.findElement(RemoteWebDriver.java:315)
	at com.codeborne.selenide.impl.WebElementSelector.findElement(WebElementSelector.java:29)
	at com.codeborne.selenide.impl.ElementFinder.getWebElement(ElementFinder.java:56)
	at com.codeborne.selenide.impl.WebElementSource.checkCondition(WebElementSource.java:44)
	... 44 more
... Removed 36 stack frames
</div> <!-- stack-trace -->
                </div> <!-- method-content -->
              </div> <!-- method -->
            </div> <!-- main-panel-content rounded-window-bottom -->
          </div> <!-- suite-suite-class-failed -->
          <div class="suite-suite-class-failed">
            <div class="main-panel-header rounded-window-top">
              <img src="failed.png"/>
              <span class="class-name">uk.co.idealflatmate.tests.PaymentTests</span>
            </div> <!-- main-panel-header rounded-window-top -->
            <div class="main-panel-content rounded-window-bottom">
              <div class="method">
                <div class="method-content">
                  <a name="agentProfWorldPay">
                  </a> <!-- agentProfWorldPay -->
                  <span class="method-name">agentProfWorldPay</span>
                  <div class="stack-trace">Element not found {By.xpath: //form[@id=&apos;ProfessionalPaymentForm&apos;]//select[@id=&apos;paymentform-type_id&apos;]}
Expected: exist
Screenshot: file:/C:/Users/lukhovytskyi/Documents/GitHub/idealflatmatetest/build/reports/tests/1548269386663.13.png
Page source: file:/C:/Users/lukhovytskyi/Documents/GitHub/idealflatmatetest/build/reports/tests/1548269386663.13.html
Timeout: 10 s.
Caused by: NoSuchElementException: Cannot locate option containing text: 1 month - 34.99
	at com.codeborne.selenide.impl.WebElementSource.createElementNotFoundError(WebElementSource.java:31)
	at com.codeborne.selenide.impl.ElementFinder.createElementNotFoundError(ElementFinder.java:82)
	at com.codeborne.selenide.impl.SelenideElementProxy.dispatchAndRetry(SelenideElementProxy.java:116)
	at com.codeborne.selenide.impl.SelenideElementProxy.invoke(SelenideElementProxy.java:63)
	at com.sun.proxy.$Proxy5.selectOptionContainingText(Unknown Source)
	at uk.co.idealflatmate.appmanager.PaymentsHelper.verificationPrice(PaymentsHelper.java:113)
	at uk.co.idealflatmate.tests.PaymentTests.agentProfWorldPay(PaymentTests.java:288)
	at com.sun.proxy.$Proxy0.invoke(Unknown Source)
Caused by: org.openqa.selenium.NoSuchElementException: Cannot locate option containing text: 1 month - 34.99
For documentation on this error, please visit: https://www.seleniumhq.org/exceptions/no_such_element.html
Build info: version: &apos;3.141.59&apos;, revision: &apos;e82be7d358&apos;, time: &apos;2018-11-14T08:17:03&apos;
System info: host: &apos;PRIVATE-1074&apos;, ip: &apos;10.8.1.74&apos;, os.name: &apos;Windows 10&apos;, os.arch: &apos;amd64&apos;, os.version: &apos;10.0&apos;, java.version: &apos;1.8.0_152&apos;
Driver info: driver.version: unknown
	at com.codeborne.selenide.commands.SelectOptionContainingText.execute(SelectOptionContainingText.java:25)
	at com.codeborne.selenide.commands.SelectOptionContainingText.execute(SelectOptionContainingText.java:14)
	at com.codeborne.selenide.commands.Commands.execute(Commands.java:144)
	at com.codeborne.selenide.impl.SelenideElementProxy.dispatchAndRetry(SelenideElementProxy.java:87)
	... 38 more
... Removed 33 stack frames
</div> <!-- stack-trace -->
                </div> <!-- method-content -->
              </div> <!-- method -->
              <div class="method">
                <div class="method-content">
                  <a name="lordInWorldPaidListingProf">
                  </a> <!-- lordInWorldPaidListingProf -->
                  <span class="method-name">lordInWorldPaidListingProf</span>
                  <div class="stack-trace">Element not found {By.xpath: //form[@id=&apos;ProfessionalPaymentForm&apos;]//select[@id=&apos;paymentform-type_id&apos;]}
Expected: exist
Screenshot: file:/C:/Users/lukhovytskyi/Documents/GitHub/idealflatmatetest/build/reports/tests/1548269456760.15.png
Page source: file:/C:/Users/lukhovytskyi/Documents/GitHub/idealflatmatetest/build/reports/tests/1548269456760.15.html
Timeout: 10 s.
Caused by: NoSuchElementException: Cannot locate option containing text: 1 month - 44.99
	at com.codeborne.selenide.impl.WebElementSource.createElementNotFoundError(WebElementSource.java:31)
	at com.codeborne.selenide.impl.ElementFinder.createElementNotFoundError(ElementFinder.java:82)
	at com.codeborne.selenide.impl.SelenideElementProxy.dispatchAndRetry(SelenideElementProxy.java:116)
	at com.codeborne.selenide.impl.SelenideElementProxy.invoke(SelenideElementProxy.java:63)
	at com.sun.proxy.$Proxy5.selectOptionContainingText(Unknown Source)
	at uk.co.idealflatmate.appmanager.PaymentsHelper.verificationPrice(PaymentsHelper.java:113)
	at uk.co.idealflatmate.tests.PaymentTests.lordInWorldPaidListingProf(PaymentTests.java:237)
	at com.sun.proxy.$Proxy0.invoke(Unknown Source)
Caused by: org.openqa.selenium.NoSuchElementException: Cannot locate option containing text: 1 month - 44.99
For documentation on this error, please visit: https://www.seleniumhq.org/exceptions/no_such_element.html
Build info: version: &apos;3.141.59&apos;, revision: &apos;e82be7d358&apos;, time: &apos;2018-11-14T08:17:03&apos;
System info: host: &apos;PRIVATE-1074&apos;, ip: &apos;10.8.1.74&apos;, os.name: &apos;Windows 10&apos;, os.arch: &apos;amd64&apos;, os.version: &apos;10.0&apos;, java.version: &apos;1.8.0_152&apos;
Driver info: driver.version: unknown
	at com.codeborne.selenide.commands.SelectOptionContainingText.execute(SelectOptionContainingText.java:25)
	at com.codeborne.selenide.commands.SelectOptionContainingText.execute(SelectOptionContainingText.java:14)
	at com.codeborne.selenide.commands.Commands.execute(Commands.java:144)
	at com.codeborne.selenide.impl.SelenideElementProxy.dispatchAndRetry(SelenideElementProxy.java:87)
	... 38 more
... Removed 33 stack frames
</div> <!-- stack-trace -->
                </div> <!-- method-content -->
              </div> <!-- method -->
              <div class="method">
                <div class="method-content">
                  <a name="lordInWorldPaylistingEssen">
                  </a> <!-- lordInWorldPaylistingEssen -->
                  <span class="method-name">lordInWorldPaylistingEssen</span>
                  <div class="stack-trace">Element not found {By.xpath: //form[@id=&apos;EssentialPaymentForm&apos;]//select[@id=&apos;paymentform-type_id&apos;]}
Expected: exist
Screenshot: file:/C:/Users/lukhovytskyi/Documents/GitHub/idealflatmatetest/build/reports/tests/1548269529628.17.png
Page source: file:/C:/Users/lukhovytskyi/Documents/GitHub/idealflatmatetest/build/reports/tests/1548269529628.17.html
Timeout: 10 s.
Caused by: NoSuchElementException: Cannot locate option containing text: 1 month Essentials - 16.99
	at com.codeborne.selenide.impl.WebElementSource.createElementNotFoundError(WebElementSource.java:31)
	at com.codeborne.selenide.impl.ElementFinder.createElementNotFoundError(ElementFinder.java:82)
	at com.codeborne.selenide.impl.SelenideElementProxy.dispatchAndRetry(SelenideElementProxy.java:116)
	at com.codeborne.selenide.impl.SelenideElementProxy.invoke(SelenideElementProxy.java:63)
	at com.sun.proxy.$Proxy5.selectOptionContainingText(Unknown Source)
	at uk.co.idealflatmate.appmanager.PaymentsHelper.verificationPrice(PaymentsHelper.java:113)
	at uk.co.idealflatmate.tests.PaymentTests.lordInWorldPaylistingEssen(PaymentTests.java:126)
	at com.sun.proxy.$Proxy0.invoke(Unknown Source)
Caused by: org.openqa.selenium.NoSuchElementException: Cannot locate option containing text: 1 month Essentials - 16.99
For documentation on this error, please visit: https://www.seleniumhq.org/exceptions/no_such_element.html
Build info: version: &apos;3.141.59&apos;, revision: &apos;e82be7d358&apos;, time: &apos;2018-11-14T08:17:03&apos;
System info: host: &apos;PRIVATE-1074&apos;, ip: &apos;10.8.1.74&apos;, os.name: &apos;Windows 10&apos;, os.arch: &apos;amd64&apos;, os.version: &apos;10.0&apos;, java.version: &apos;1.8.0_152&apos;
Driver info: driver.version: unknown
	at com.codeborne.selenide.commands.SelectOptionContainingText.execute(SelectOptionContainingText.java:25)
	at com.codeborne.selenide.commands.SelectOptionContainingText.execute(SelectOptionContainingText.java:14)
	at com.codeborne.selenide.commands.Commands.execute(Commands.java:144)
	at com.codeborne.selenide.impl.SelenideElementProxy.dispatchAndRetry(SelenideElementProxy.java:87)
	... 38 more
... Removed 33 stack frames
</div> <!-- stack-trace -->
                </div> <!-- method-content -->
              </div> <!-- method -->
              <div class="method">
                <div class="method-content">
                  <a name="lordOutWorldPaylistingPrem">
                  </a> <!-- lordOutWorldPaylistingPrem -->
                  <span class="method-name">lordOutWorldPaylistingPrem</span>
                  <div class="stack-trace">Element not found {By.xpath: //form[@id=&apos;PremiumPaymentForm&apos;]//select[@id=&apos;paymentform-type_id&apos;]}
Expected: exist
Screenshot: file:/C:/Users/lukhovytskyi/Documents/GitHub/idealflatmatetest/build/reports/tests/1548269605239.19.png
Page source: file:/C:/Users/lukhovytskyi/Documents/GitHub/idealflatmatetest/build/reports/tests/1548269605239.19.html
Timeout: 10 s.
Caused by: NoSuchElementException: Cannot locate option containing text: 1 week Premium - 12.99
	at com.codeborne.selenide.impl.WebElementSource.createElementNotFoundError(WebElementSource.java:31)
	at com.codeborne.selenide.impl.ElementFinder.createElementNotFoundError(ElementFinder.java:82)
	at com.codeborne.selenide.impl.SelenideElementProxy.dispatchAndRetry(SelenideElementProxy.java:116)
	at com.codeborne.selenide.impl.SelenideElementProxy.invoke(SelenideElementProxy.java:63)
	at com.sun.proxy.$Proxy5.selectOptionContainingText(Unknown Source)
	at uk.co.idealflatmate.appmanager.PaymentsHelper.verificationPrice(PaymentsHelper.java:113)
	at uk.co.idealflatmate.tests.PaymentTests.lordOutWorldPaylistingPrem(PaymentTests.java:184)
	at com.sun.proxy.$Proxy0.invoke(Unknown Source)
Caused by: org.openqa.selenium.NoSuchElementException: Cannot locate option containing text: 1 week Premium - 12.99
For documentation on this error, please visit: https://www.seleniumhq.org/exceptions/no_such_element.html
Build info: version: &apos;3.141.59&apos;, revision: &apos;e82be7d358&apos;, time: &apos;2018-11-14T08:17:03&apos;
System info: host: &apos;PRIVATE-1074&apos;, ip: &apos;10.8.1.74&apos;, os.name: &apos;Windows 10&apos;, os.arch: &apos;amd64&apos;, os.version: &apos;10.0&apos;, java.version: &apos;1.8.0_152&apos;
Driver info: driver.version: unknown
	at com.codeborne.selenide.commands.SelectOptionContainingText.execute(SelectOptionContainingText.java:25)
	at com.codeborne.selenide.commands.SelectOptionContainingText.execute(SelectOptionContainingText.java:14)
	at com.codeborne.selenide.commands.Commands.execute(Commands.java:144)
	at com.codeborne.selenide.impl.SelenideElementProxy.dispatchAndRetry(SelenideElementProxy.java:87)
	... 38 more
... Removed 33 stack frames
</div> <!-- stack-trace -->
                </div> <!-- method-content -->
              </div> <!-- method -->
              <div class="method">
                <div class="method-content">
                  <a name="premiumFHPaymentWorldPay">
                  </a> <!-- premiumFHPaymentWorldPay -->
                  <span class="method-name">premiumFHPaymentWorldPay</span>
                  <div class="stack-trace">Element not found {By.xpath: //input[@id=&apos;moreinfosignupform-file&apos;]}
Expected: exist
Screenshot: file:/C:/Users/lukhovytskyi/Documents/GitHub/idealflatmatetest/build/reports/tests/1548269635212.21.png
Page source: file:/C:/Users/lukhovytskyi/Documents/GitHub/idealflatmatetest/build/reports/tests/1548269635212.21.html
Timeout: 10 s.
Caused by: NoSuchElementException: no such element: Unable to locate element: {&quot;method&quot;:&quot;xpath&quot;,&quot;selector&quot;:&quot;//input[@id=&apos;moreinfosignupform-file&apos;]&quot;}
	at com.codeborne.selenide.impl.WebElementSource.createElementNotFoundError(WebElementSource.java:31)
	at com.codeborne.selenide.impl.ElementFinder.createElementNotFoundError(ElementFinder.java:82)
	at com.codeborne.selenide.impl.SelenideElementProxy.dispatchAndRetry(SelenideElementProxy.java:116)
	at com.codeborne.selenide.impl.SelenideElementProxy.invoke(SelenideElementProxy.java:63)
	at com.sun.proxy.$Proxy5.uploadFile(Unknown Source)
	at uk.co.idealflatmate.appmanager.SignUpHelper.profilePhotoAddJpeg(SignUpHelper.java:107)
	at uk.co.idealflatmate.appmanager.SignUpHelper.MoreAboutYou(SignUpHelper.java:405)
	at uk.co.idealflatmate.tests.PaymentTests.premiumFHPaymentWorldPay(PaymentTests.java:71)
	at com.sun.proxy.$Proxy0.invoke(Unknown Source)
Caused by: org.openqa.selenium.NoSuchElementException: no such element: Unable to locate element: {&quot;method&quot;:&quot;xpath&quot;,&quot;selector&quot;:&quot;//input[@id=&apos;moreinfosignupform-file&apos;]&quot;}
  (Session info: chrome=71.0.3578.98)
  (Driver info: chromedriver=72.0.3626.69 (3c16f8a135abc0d4da2dff33804db79b849a7c38),platform=Windows NT 10.0.16299 x86_64) (WARNING: The server did not provide any stacktrace information)
Command duration or timeout: 0 milliseconds
For documentation on this error, please visit: https://www.seleniumhq.org/exceptions/no_such_element.html
Build info: version: &apos;3.141.59&apos;, revision: &apos;e82be7d358&apos;, time: &apos;2018-11-14T08:17:03&apos;
System info: host: &apos;PRIVATE-1074&apos;, ip: &apos;10.8.1.74&apos;, os.name: &apos;Windows 10&apos;, os.arch: &apos;amd64&apos;, os.version: &apos;10.0&apos;, java.version: &apos;1.8.0_152&apos;
Driver info: org.openqa.selenium.chrome.ChromeDriver
Capabilities {acceptInsecureCerts: false, acceptSslCerts: false, applicationCacheEnabled: false, browserConnectionEnabled: false, browserName: chrome, chrome: {chromedriverVersion: 72.0.3626.69 (3c16f8a135abc..., userDataDir: C:\Users\LUKHOV~1\AppData\L...}, cssSelectorsEnabled: true, databaseEnabled: false, goog:chromeOptions: {debuggerAddress: localhost:52525}, handlesAlerts: true, hasTouchScreen: false, javascriptEnabled: true, locationContextEnabled: true, mobileEmulationEnabled: false, nativeEvents: true, networkConnectionEnabled: false, pageLoadStrategy: normal, platform: XP, platformName: XP, proxy: Proxy(), rotatable: false, setWindowRect: true, takesHeapSnapshot: true, takesScreenshot: true, timeouts: {implicit: 0, pageLoad: 300000, script: 30000}, unexpectedAlertBehaviour: ignore, unhandledPromptBehavior: ignore, version: 71.0.3578.98, webStorageEnabled: true}
Session ID: b0bff5a6236a214007a628e1408ba064
*** Element info: {Using=xpath, value=//input[@id=&apos;moreinfosignupform-file&apos;]}
	at org.openqa.selenium.remote.ErrorHandler.createThrowable(ErrorHandler.java:214)
	at org.openqa.selenium.remote.ErrorHandler.throwIfResponseFailed(ErrorHandler.java:166)
	at org.openqa.selenium.remote.http.JsonHttpResponseCodec.reconstructValue(JsonHttpResponseCodec.java:40)
	at org.openqa.selenium.remote.http.AbstractHttpResponseCodec.decode(AbstractHttpResponseCodec.java:80)
	at org.openqa.selenium.remote.http.AbstractHttpResponseCodec.decode(AbstractHttpResponseCodec.java:44)
	at org.openqa.selenium.remote.HttpCommandExecutor.execute(HttpCommandExecutor.java:158)
	at org.openqa.selenium.remote.service.DriverCommandExecutor.execute(DriverCommandExecutor.java:83)
	at org.openqa.selenium.remote.RemoteWebDriver.execute(RemoteWebDriver.java:552)
	at org.openqa.selenium.remote.RemoteWebDriver.findElement(RemoteWebDriver.java:323)
	at org.openqa.selenium.remote.RemoteWebDriver.findElementByXPath(RemoteWebDriver.java:428)
	at org.openqa.selenium.By$ByXPath.findElement(By.java:353)
	at org.openqa.selenium.remote.RemoteWebDriver.findElement(RemoteWebDriver.java:315)
	at com.codeborne.selenide.impl.WebElementSelector.findElement(WebElementSelector.java:29)
	at com.codeborne.selenide.impl.ElementFinder.getWebElement(ElementFinder.java:56)
	at com.codeborne.selenide.commands.UploadFile.execute(UploadFile.java:28)
	at com.codeborne.selenide.commands.UploadFile.execute(UploadFile.java:14)
	at com.codeborne.selenide.commands.Commands.execute(Commands.java:144)
	at com.codeborne.selenide.impl.SelenideElementProxy.dispatchAndRetry(SelenideElementProxy.java:87)
	... 39 more
... Removed 36 stack frames
</div> <!-- stack-trace -->
                </div> <!-- method-content -->
              </div> <!-- method -->
            </div> <!-- main-panel-content rounded-window-bottom -->
          </div> <!-- suite-suite-class-failed -->
          <div class="suite-suite-class-passed">
            <div class="main-panel-header rounded-window-top">
              <img src="passed.png"/>
              <span class="class-name">uk.co.idealflatmate.tests.SearchPropertiesPageTests</span>
            </div> <!-- main-panel-header rounded-window-top -->
            <div class="main-panel-content rounded-window-bottom">
              <div class="method">
                <div class="method-content">
                  <a name="applyAdvancedFiltersDefault">
                  </a> <!-- applyAdvancedFiltersDefault -->
                  <span class="method-name">applyAdvancedFiltersDefault</span>
                </div> <!-- method-content -->
              </div> <!-- method -->
              <div class="method">
                <div class="method-content">
                  <a name="applyMoreFilters">
                  </a> <!-- applyMoreFilters -->
                  <span class="method-name">applyMoreFilters</span>
                </div> <!-- method-content -->
              </div> <!-- method -->
              <div class="method">
                <div class="method-content">
                  <a name="propertySearchByDropDown">
                  </a> <!-- propertySearchByDropDown -->
                  <span class="method-name">propertySearchByDropDown</span>
                </div> <!-- method-content -->
              </div> <!-- method -->
              <div class="method">
                <div class="method-content">
                  <a name="searchEastLDNPagination">
                  </a> <!-- searchEastLDNPagination -->
                  <span class="method-name">searchEastLDNPagination</span>
                </div> <!-- method-content -->
              </div> <!-- method -->
              <div class="method">
                <div class="method-content">
                  <a name="searchPagination">
                  </a> <!-- searchPagination -->
                  <span class="method-name">searchPagination</span>
                </div> <!-- method-content -->
              </div> <!-- method -->
              <div class="method">
                <div class="method-content">
                  <a name="searchZone1Pagination">
                  </a> <!-- searchZone1Pagination -->
                  <span class="method-name">searchZone1Pagination</span>
                </div> <!-- method-content -->
              </div> <!-- method -->
              <div class="method">
                <div class="method-content">
                  <a name="sortListing">
                  </a> <!-- sortListing -->
                  <span class="method-name">sortListing</span>
                </div> <!-- method-content -->
              </div> <!-- method -->
              <div class="method">
                <div class="method-content">
                  <a name="sortListingWith2Rooms">
                  </a> <!-- sortListingWith2Rooms -->
                  <span class="method-name">sortListingWith2Rooms</span>
                </div> <!-- method-content -->
              </div> <!-- method -->
            </div> <!-- main-panel-content rounded-window-bottom -->
          </div> <!-- suite-suite-class-passed -->
          <div class="suite-suite-class-passed">
            <div class="main-panel-header rounded-window-top">
              <img src="passed.png"/>
              <span class="class-name">uk.co.idealflatmate.tests.AreaPageTest</span>
            </div> <!-- main-panel-header rounded-window-top -->
            <div class="main-panel-content rounded-window-bottom">
              <div class="method">
                <div class="method-content">
                  <a name="exploreMoreArea">
                  </a> <!-- exploreMoreArea -->
                  <span class="method-name">exploreMoreArea</span>
                </div> <!-- method-content -->
              </div> <!-- method -->
              <div class="method">
                <div class="method-content">
                  <a name="firstFeaturedHomePageHeader">
                  </a> <!-- firstFeaturedHomePageHeader -->
                  <span class="method-name">firstFeaturedHomePageHeader</span>
                </div> <!-- method-content -->
              </div> <!-- method -->
              <div class="method">
                <div class="method-content">
                  <a name="firstFeaturedLinkArea">
                  </a> <!-- firstFeaturedLinkArea -->
                  <span class="method-name">firstFeaturedLinkArea</span>
                </div> <!-- method-content -->
              </div> <!-- method -->
              <div class="method">
                <div class="method-content">
                  <a name="firstFeaturedLinkMap">
                  </a> <!-- firstFeaturedLinkMap -->
                  <span class="method-name">firstFeaturedLinkMap</span>
                </div> <!-- method-content -->
              </div> <!-- method -->
              <div class="method">
                <div class="method-content">
                  <a name="linkFH">
                  </a> <!-- linkFH -->
                  <span class="method-name">linkFH</span>
                </div> <!-- method-content -->
              </div> <!-- method -->
            </div> <!-- main-panel-content rounded-window-bottom -->
          </div> <!-- suite-suite-class-passed -->
          <div class="suite-suite-class-passed">
            <div class="main-panel-header rounded-window-top">
              <img src="passed.png"/>
              <span class="class-name">uk.co.idealflatmate.tests.HomePageTest</span>
            </div> <!-- main-panel-header rounded-window-top -->
            <div class="main-panel-content rounded-window-bottom">
              <div class="method">
                <div class="method-content">
                  <a name="amountOfBlocsAndTextOfAreas">
                  </a> <!-- amountOfBlocsAndTextOfAreas -->
                  <span class="method-name">amountOfBlocsAndTextOfAreas</span>
                </div> <!-- method-content -->
              </div> <!-- method -->
              <div class="method">
                <div class="method-content">
                  <a name="blogFM">
                  </a> <!-- blogFM -->
                  <span class="method-name">blogFM</span>
                </div> <!-- method-content -->
              </div> <!-- method -->
              <div class="method">
                <div class="method-content">
                  <a name="blogLandlord">
                  </a> <!-- blogLandlord -->
                  <span class="method-name">blogLandlord</span>
                </div> <!-- method-content -->
              </div> <!-- method -->
              <div class="method">
                <div class="method-content">
                  <a name="findOutMore">
                  </a> <!-- findOutMore -->
                  <span class="method-name">findOutMore</span>
                </div> <!-- method-content -->
              </div> <!-- method -->
              <div class="method">
                <div class="method-content">
                  <a name="findStartListing">
                  </a> <!-- findStartListing -->
                  <span class="method-name">findStartListing</span>
                </div> <!-- method-content -->
              </div> <!-- method -->
              <div class="method">
                <div class="method-content">
                  <a name="findStartMatchingLink">
                  </a> <!-- findStartMatchingLink -->
                  <span class="method-name">findStartMatchingLink</span>
                </div> <!-- method-content -->
              </div> <!-- method -->
              <div class="method">
                <div class="method-content">
                  <a name="pressLogo">
                  </a> <!-- pressLogo -->
                  <span class="method-name">pressLogo</span>
                </div> <!-- method-content -->
              </div> <!-- method -->
            </div> <!-- main-panel-content rounded-window-bottom -->
          </div> <!-- suite-suite-class-passed -->
          <div class="suite-suite-class-passed">
            <div class="main-panel-header rounded-window-top">
              <img src="passed.png"/>
              <span class="class-name">uk.co.idealflatmate.tests.SignUpLikeOrMessage</span>
            </div> <!-- main-panel-header rounded-window-top -->
            <div class="main-panel-content rounded-window-bottom">
              <div class="method">
                <div class="method-content">
                  <a name="popupExistingEmailPropertyPhone">
                  </a> <!-- popupExistingEmailPropertyPhone -->
                  <span class="method-name">popupExistingEmailPropertyPhone</span>
                </div> <!-- method-content -->
              </div> <!-- method -->
              <div class="method">
                <div class="method-content">
                  <a name="popupWithExistingEmail">
                  </a> <!-- popupWithExistingEmail -->
                  <span class="method-name">popupWithExistingEmail</span>
                </div> <!-- method-content -->
              </div> <!-- method -->
              <div class="method">
                <div class="method-content">
                  <a name="signUpLike3rdPageQuit">
                  </a> <!-- signUpLike3rdPageQuit -->
                  <span class="method-name">signUpLike3rdPageQuit</span>
                </div> <!-- method-content -->
              </div> <!-- method -->
            </div> <!-- main-panel-content rounded-window-bottom -->
          </div> <!-- suite-suite-class-passed -->
          <div class="suite-suite-class-passed">
            <div class="main-panel-header rounded-window-top">
              <img src="passed.png"/>
              <span class="class-name">uk.co.idealflatmate.tests.FooterTest</span>
            </div> <!-- main-panel-header rounded-window-top -->
            <div class="main-panel-content rounded-window-bottom">
              <div class="method">
                <div class="method-content">
                  <a name="footerAboutUsLink">
                  </a> <!-- footerAboutUsLink -->
                  <span class="method-name">footerAboutUsLink</span>
                </div> <!-- method-content -->
              </div> <!-- method -->
              <div class="method">
                <div class="method-content">
                  <a name="footerAskLandlord">
                  </a> <!-- footerAskLandlord -->
                  <span class="method-name">footerAskLandlord</span>
                </div> <!-- method-content -->
              </div> <!-- method -->
              <div class="method">
                <div class="method-content">
                  <a name="footerBlogLink">
                  </a> <!-- footerBlogLink -->
                  <span class="method-name">footerBlogLink</span>
                </div> <!-- method-content -->
              </div> <!-- method -->
              <div class="method">
                <div class="method-content">
                  <a name="footerBrowseFlatsharesLink">
                  </a> <!-- footerBrowseFlatsharesLink -->
                  <span class="method-name">footerBrowseFlatsharesLink</span>
                </div> <!-- method-content -->
              </div> <!-- method -->
              <div class="method">
                <div class="method-content">
                  <a name="footerBrowseHowItWorksLink">
                  </a> <!-- footerBrowseHowItWorksLink -->
                  <span class="method-name">footerBrowseHowItWorksLink</span>
                </div> <!-- method-content -->
              </div> <!-- method -->
              <div class="method">
                <div class="method-content">
                  <a name="footerBrowseTipsLink">
                  </a> <!-- footerBrowseTipsLink -->
                  <span class="method-name">footerBrowseTipsLink</span>
                </div> <!-- method-content -->
              </div> <!-- method -->
              <div class="method">
                <div class="method-content">
                  <a name="footerContactLink">
                  </a> <!-- footerContactLink -->
                  <span class="method-name">footerContactLink</span>
                </div> <!-- method-content -->
              </div> <!-- method -->
              <div class="method">
                <div class="method-content">
                  <a name="footerHomeLink">
                  </a> <!-- footerHomeLink -->
                  <span class="method-name">footerHomeLink</span>
                </div> <!-- method-content -->
              </div> <!-- method -->
              <div class="method">
                <div class="method-content">
                  <a name="footerInstagramLink">
                  </a> <!-- footerInstagramLink -->
                  <span class="method-name">footerInstagramLink</span>
                </div> <!-- method-content -->
              </div> <!-- method -->
              <div class="method">
                <div class="method-content">
                  <a name="footerMediaLink">
                  </a> <!-- footerMediaLink -->
                  <span class="method-name">footerMediaLink</span>
                </div> <!-- method-content -->
              </div> <!-- method -->
              <div class="method">
                <div class="method-content">
                  <a name="footerModern">
                  </a> <!-- footerModern -->
                  <span class="method-name">footerModern</span>
                </div> <!-- method-content -->
              </div> <!-- method -->
              <div class="method">
                <div class="method-content">
                  <a name="footerNLALink">
                  </a> <!-- footerNLALink -->
                  <span class="method-name">footerNLALink</span>
                </div> <!-- method-content -->
              </div> <!-- method -->
              <div class="method">
                <div class="method-content">
                  <a name="footerPressLink">
                  </a> <!-- footerPressLink -->
                  <span class="method-name">footerPressLink</span>
                </div> <!-- method-content -->
              </div> <!-- method -->
              <div class="method">
                <div class="method-content">
                  <a name="footerPricingLink">
                  </a> <!-- footerPricingLink -->
                  <span class="method-name">footerPricingLink</span>
                </div> <!-- method-content -->
              </div> <!-- method -->
              <div class="method">
                <div class="method-content">
                  <a name="footerStaySafeLink">
                  </a> <!-- footerStaySafeLink -->
                  <span class="method-name">footerStaySafeLink</span>
                </div> <!-- method-content -->
              </div> <!-- method -->
              <div class="method">
                <div class="method-content">
                  <a name="footerTwitterLink">
                  </a> <!-- footerTwitterLink -->
                  <span class="method-name">footerTwitterLink</span>
                </div> <!-- method-content -->
              </div> <!-- method -->
              <div class="method">
                <div class="method-content">
                  <a name="footerYoutubeLink">
                  </a> <!-- footerYoutubeLink -->
                  <span class="method-name">footerYoutubeLink</span>
                </div> <!-- method-content -->
              </div> <!-- method -->
            </div> <!-- main-panel-content rounded-window-bottom -->
          </div> <!-- suite-suite-class-passed -->
          <div class="suite-suite-class-passed">
            <div class="main-panel-header rounded-window-top">
              <img src="passed.png"/>
              <span class="class-name">uk.co.idealflatmate.tests.AddListingTests</span>
            </div> <!-- main-panel-header rounded-window-top -->
            <div class="main-panel-content rounded-window-bottom">
              <div class="method">
                <div class="method-content">
                  <a name="loginPendingListing">
                  </a> <!-- loginPendingListing -->
                  <span class="method-name">loginPendingListing</span>
                </div> <!-- method-content -->
              </div> <!-- method -->
            </div> <!-- main-panel-content rounded-window-bottom -->
          </div> <!-- suite-suite-class-passed -->
          <div class="suite-suite-class-passed">
            <div class="main-panel-header rounded-window-top">
              <img src="passed.png"/>
              <span class="class-name">uk.co.idealflatmate.tests.MatchingTests</span>
            </div> <!-- main-panel-header rounded-window-top -->
            <div class="main-panel-content rounded-window-bottom">
              <div class="method">
                <div class="method-content">
                  <a name="startMatchingOnFMSearchPage">
                  </a> <!-- startMatchingOnFMSearchPage -->
                  <span class="method-name">startMatchingOnFMSearchPage</span>
                </div> <!-- method-content -->
              </div> <!-- method -->
              <div class="method">
                <div class="method-content">
                  <a name="startMatchingOnPropertyCard">
                  </a> <!-- startMatchingOnPropertyCard -->
                  <span class="method-name">startMatchingOnPropertyCard</span>
                </div> <!-- method-content -->
              </div> <!-- method -->
              <div class="method">
                <div class="method-content">
                  <a name="startMatchingQuizPropertyPage">
                  </a> <!-- startMatchingQuizPropertyPage -->
                  <span class="method-name">startMatchingQuizPropertyPage</span>
                </div> <!-- method-content -->
              </div> <!-- method -->
            </div> <!-- main-panel-content rounded-window-bottom -->
          </div> <!-- suite-suite-class-passed -->
          <div class="suite-suite-class-passed">
            <div class="main-panel-header rounded-window-top">
              <img src="passed.png"/>
              <span class="class-name">uk.co.idealflatmate.tests.SearchHomePageTests</span>
            </div> <!-- main-panel-header rounded-window-top -->
            <div class="main-panel-content rounded-window-bottom">
              <div class="method">
                <div class="method-content">
                  <a name="TestSearchHomeByEnter">
                  </a> <!-- TestSearchHomeByEnter -->
                  <span class="method-name">TestSearchHomeByEnter</span>
                </div> <!-- method-content -->
              </div> <!-- method -->
              <div class="method">
                <div class="method-content">
                  <a name="searchHomeByButton">
                  </a> <!-- searchHomeByButton -->
                  <span class="method-name">searchHomeByButton</span>
                </div> <!-- method-content -->
              </div> <!-- method -->
              <div class="method">
                <div class="method-content">
                  <a name="searchHomeIDProperty">
                  </a> <!-- searchHomeIDProperty -->
                  <span class="method-name">searchHomeIDProperty</span>
                </div> <!-- method-content -->
              </div> <!-- method -->
              <div class="method">
                <div class="method-content">
                  <a name="searchHomeLocationFromList">
                  </a> <!-- searchHomeLocationFromList -->
                  <span class="method-name">searchHomeLocationFromList</span>
                </div> <!-- method-content -->
              </div> <!-- method -->
              <div class="method">
                <div class="method-content">
                  <a name="searchHomePartOfLocationName">
                  </a> <!-- searchHomePartOfLocationName -->
                  <span class="method-name">searchHomePartOfLocationName</span>
                </div> <!-- method-content -->
              </div> <!-- method -->
            </div> <!-- main-panel-content rounded-window-bottom -->
          </div> <!-- suite-suite-class-passed -->
          <div class="suite-suite-class-passed">
            <div class="main-panel-header rounded-window-top">
              <img src="passed.png"/>
              <span class="class-name">uk.co.idealflatmate.tests.MessagesTest</span>
            </div> <!-- main-panel-header rounded-window-top -->
            <div class="main-panel-content rounded-window-bottom">
              <div class="method">
                <div class="method-content">
                  <a name="FmWithoutSubsToLandlordWithoutSubsWithListFromList">
                  </a> <!-- FmWithoutSubsToLandlordWithoutSubsWithListFromList -->
                  <span class="method-name">FmWithoutSubsToLandlordWithoutSubsWithListFromList</span>
                </div> <!-- method-content -->
              </div> <!-- method -->
              <div class="method">
                <div class="method-content">
                  <a name="answMesFmWithoutSubsToFM">
                  </a> <!-- answMesFmWithoutSubsToFM -->
                  <span class="method-name">answMesFmWithoutSubsToFM</span>
                </div> <!-- method-content -->
              </div> <!-- method -->
              <div class="method">
                <div class="method-content">
                  <a name="fmWithoutSubsTolordWithoutSubsWithListFromFMpage">
                  </a> <!-- fmWithoutSubsTolordWithoutSubsWithListFromFMpage -->
                  <span class="method-name">fmWithoutSubsTolordWithoutSubsWithListFromFMpage</span>
                </div> <!-- method-content -->
              </div> <!-- method -->
              <div class="method">
                <div class="method-content">
                  <a name="landlWithSubsToFM">
                  </a> <!-- landlWithSubsToFM -->
                  <span class="method-name">landlWithSubsToFM</span>
                </div> <!-- method-content -->
              </div> <!-- method -->
              <div class="method">
                <div class="method-content">
                  <a name="landlordWithoutSubsToFM">
                  </a> <!-- landlordWithoutSubsToFM -->
                  <span class="method-name">landlordWithoutSubsToFM</span>
                </div> <!-- method-content -->
              </div> <!-- method -->
              <div class="method">
                <div class="method-content">
                  <a name="premFmToLandlWithoutSubsWithListFromSearch">
                  </a> <!-- premFmToLandlWithoutSubsWithListFromSearch -->
                  <span class="method-name">premFmToLandlWithoutSubsWithListFromSearch</span>
                </div> <!-- method-content -->
              </div> <!-- method -->
              <div class="method">
                <div class="method-content">
                  <a name="readMessageByLandlWithoutSubsn">
                  </a> <!-- readMessageByLandlWithoutSubsn -->
                  <span class="method-name">readMessageByLandlWithoutSubsn</span>
                </div> <!-- method-content -->
              </div> <!-- method -->
            </div> <!-- main-panel-content rounded-window-bottom -->
          </div> <!-- suite-suite-class-passed -->
          <div class="suite-suite-class-passed">
            <div class="main-panel-header rounded-window-top">
              <img src="passed.png"/>
              <span class="class-name">uk.co.idealflatmate.tests.SignUpTest</span>
            </div> <!-- main-panel-header rounded-window-top -->
            <div class="main-panel-content rounded-window-bottom">
              <div class="method">
                <div class="method-content">
                  <a name="ListingSignUpFromHomepage">
                  </a> <!-- ListingSignUpFromHomepage -->
                  <span class="method-name">ListingSignUpFromHomepage</span>
                </div> <!-- method-content -->
              </div> <!-- method -->
              <div class="method">
                <div class="method-content">
                  <a name="ListingSignUpHeader">
                  </a> <!-- ListingSignUpHeader -->
                  <span class="method-name">ListingSignUpHeader</span>
                </div> <!-- method-content -->
              </div> <!-- method -->
              <div class="method">
                <div class="method-content">
                  <a name="SignUpBlankFieldsPropAddRentBlock">
                  </a> <!-- SignUpBlankFieldsPropAddRentBlock -->
                  <span class="method-name">SignUpBlankFieldsPropAddRentBlock</span>
                </div> <!-- method-content -->
              </div> <!-- method -->
              <div class="method">
                <div class="method-content">
                  <a name="SignUpBlankFieldsPropAddWorkBlock">
                  </a> <!-- SignUpBlankFieldsPropAddWorkBlock -->
                  <span class="method-name">SignUpBlankFieldsPropAddWorkBlock</span>
                </div> <!-- method-content -->
              </div> <!-- method -->
              <div class="method">
                <div class="method-content">
                  <a name="headerSignUpHomePageFMSearchLiv_inWithoutAbout">
                  </a> <!-- headerSignUpHomePageFMSearchLiv_inWithoutAbout -->
                  <span class="method-name">headerSignUpHomePageFMSearchLiv_inWithoutAbout</span>
                </div> <!-- method-content -->
              </div> <!-- method -->
              <div class="method">
                <div class="method-content">
                  <a name="headerSignUpViaFacebook">
                  </a> <!-- headerSignUpViaFacebook -->
                  <span class="method-name">headerSignUpViaFacebook</span>
                </div> <!-- method-content -->
              </div> <!-- method -->
              <div class="method">
                <div class="method-content">
                  <a name="headerSignUpWithBlankRequiredFieldsBudget">
                  </a> <!-- headerSignUpWithBlankRequiredFieldsBudget -->
                  <span class="method-name">headerSignUpWithBlankRequiredFieldsBudget</span>
                </div> <!-- method-content -->
              </div> <!-- method -->
              <div class="method">
                <div class="method-content">
                  <a name="headerSignUpWithBlankRequiredFieldsMoreAboutYou">
                  </a> <!-- headerSignUpWithBlankRequiredFieldsMoreAboutYou -->
                  <span class="method-name">headerSignUpWithBlankRequiredFieldsMoreAboutYou</span>
                </div> <!-- method-content -->
              </div> <!-- method -->
              <div class="method">
                <div class="method-content">
                  <a name="headerSignUpWithBlankRequiredFieldsYourInf">
                  </a> <!-- headerSignUpWithBlankRequiredFieldsYourInf -->
                  <span class="method-name">headerSignUpWithBlankRequiredFieldsYourInf</span>
                </div> <!-- method-content -->
              </div> <!-- method -->
              <div class="method">
                <div class="method-content">
                  <a name="headerSignUpWithExistingEmail">
                  </a> <!-- headerSignUpWithExistingEmail -->
                  <span class="method-name">headerSignUpWithExistingEmail</span>
                </div> <!-- method-content -->
              </div> <!-- method -->
              <div class="method">
                <div class="method-content">
                  <a name="signUpViaFBlistingAgent">
                  </a> <!-- signUpViaFBlistingAgent -->
                  <span class="method-name">signUpViaFBlistingAgent</span>
                </div> <!-- method-content -->
              </div> <!-- method -->
            </div> <!-- main-panel-content rounded-window-bottom -->
          </div> <!-- suite-suite-class-passed -->
          <div class="suite-suite-class-passed">
            <div class="main-panel-header rounded-window-top">
              <img src="passed.png"/>
              <span class="class-name">uk.co.idealflatmate.tests.SignUpMatching</span>
            </div> <!-- main-panel-header rounded-window-top -->
            <div class="main-panel-content rounded-window-bottom">
              <div class="method">
                <div class="method-content">
                  <a name="SignUpMatchingWithRequiredFieldsFMRoom">
                  </a> <!-- SignUpMatchingWithRequiredFieldsFMRoom -->
                  <span class="method-name">SignUpMatchingWithRequiredFieldsFMRoom</span>
                </div> <!-- method-content -->
              </div> <!-- method -->
              <div class="method">
                <div class="method-content">
                  <a name="SignUpMatchingWithRequiredFieldsFMRoomSearchFM">
                  </a> <!-- SignUpMatchingWithRequiredFieldsFMRoomSearchFM -->
                  <span class="method-name">SignUpMatchingWithRequiredFieldsFMRoomSearchFM</span>
                </div> <!-- method-content -->
              </div> <!-- method -->
              <div class="method">
                <div class="method-content">
                  <a name="SignUpWithMatchingWithBlankRequiredFields">
                  </a> <!-- SignUpWithMatchingWithBlankRequiredFields -->
                  <span class="method-name">SignUpWithMatchingWithBlankRequiredFields</span>
                </div> <!-- method-content -->
              </div> <!-- method -->
              <div class="method">
                <div class="method-content">
                  <a name="signUpMatchingWithBlankFirstName">
                  </a> <!-- signUpMatchingWithBlankFirstName -->
                  <span class="method-name">signUpMatchingWithBlankFirstName</span>
                </div> <!-- method-content -->
              </div> <!-- method -->
            </div> <!-- main-panel-content rounded-window-bottom -->
          </div> <!-- suite-suite-class-passed -->
          <div class="suite-suite-class-passed">
            <div class="main-panel-header rounded-window-top">
              <img src="passed.png"/>
              <span class="class-name">uk.co.idealflatmate.tests.SearchFMPageTests</span>
            </div> <!-- main-panel-header rounded-window-top -->
            <div class="main-panel-content rounded-window-bottom">
              <div class="method">
                <div class="method-content">
                  <a name="applyMoreFilters">
                  </a> <!-- applyMoreFilters -->
                  <span class="method-name">applyMoreFilters</span>
                </div> <!-- method-content -->
              </div> <!-- method -->
              <div class="method">
                <div class="method-content">
                  <a name="applyMoreFiltersPhotoNoList">
                  </a> <!-- applyMoreFiltersPhotoNoList -->
                  <span class="method-name">applyMoreFiltersPhotoNoList</span>
                </div> <!-- method-content -->
              </div> <!-- method -->
              <div class="method">
                <div class="method-content">
                  <a name="applyMoreFiltersPhotoWithList">
                  </a> <!-- applyMoreFiltersPhotoWithList -->
                  <span class="method-name">applyMoreFiltersPhotoWithList</span>
                </div> <!-- method-content -->
              </div> <!-- method -->
              <div class="method">
                <div class="method-content">
                  <a name="fmSearchBy">
                  </a> <!-- fmSearchBy -->
                  <span class="method-name">fmSearchBy</span>
                </div> <!-- method-content -->
              </div> <!-- method -->
              <div class="method">
                <div class="method-content">
                  <a name="searchPagination">
                  </a> <!-- searchPagination -->
                  <span class="method-name">searchPagination</span>
                </div> <!-- method-content -->
              </div> <!-- method -->
              <div class="method">
                <div class="method-content">
                  <a name="sortListingLoggedIn">
                  </a> <!-- sortListingLoggedIn -->
                  <span class="method-name">sortListingLoggedIn</span>
                </div> <!-- method-content -->
              </div> <!-- method -->
            </div> <!-- main-panel-content rounded-window-bottom -->
          </div> <!-- suite-suite-class-passed -->
          <div class="suite-suite-class-passed">
            <div class="main-panel-header rounded-window-top">
              <img src="passed.png"/>
              <span class="class-name">uk.co.idealflatmate.tests.PaymentTests</span>
            </div> <!-- main-panel-header rounded-window-top -->
            <div class="main-panel-content rounded-window-bottom">
              <div class="method">
                <div class="method-content">
                  <a name="AbilityToSeePhone">
                  </a> <!-- AbilityToSeePhone -->
                  <span class="method-name">AbilityToSeePhone</span>
                </div> <!-- method-content -->
              </div> <!-- method -->
              <div class="method">
                <div class="method-content">
                  <a name="GoPremiumFHPaymentOnMessage">
                  </a> <!-- GoPremiumFHPaymentOnMessage -->
                  <span class="method-name">GoPremiumFHPaymentOnMessage</span>
                </div> <!-- method-content -->
              </div> <!-- method -->
              <div class="method">
                <div class="method-content">
                  <a name="GoPremiumFHPaymentOnPhone">
                  </a> <!-- GoPremiumFHPaymentOnPhone -->
                  <span class="method-name">GoPremiumFHPaymentOnPhone</span>
                </div> <!-- method-content -->
              </div> <!-- method -->
            </div> <!-- main-panel-content rounded-window-bottom -->
          </div> <!-- suite-suite-class-passed -->
        </div> <!-- panel suite -->
        <div panel-name="test-xml-suite" class="panel">
          <div class="main-panel-header rounded-window-top">
            <span class="header-content">C:\Users\lukhovytskyi\Documents\GitHub\idealflatmatetest\testNG.xml</span>
          </div> <!-- main-panel-header rounded-window-top -->
          <div class="main-panel-content rounded-window-bottom">
            <pre>
&lt;?xml version=&quot;1.0&quot; encoding=&quot;UTF-8&quot;?&gt;
&lt;!DOCTYPE suite SYSTEM &quot;http://testng.org/testng-1.0.dtd&quot;&gt;
&lt;suite guice-stage=&quot;DEVELOPMENT&quot; verbose=&quot;0&quot; name=&quot;suite&quot;&gt;
  &lt;test thread-count=&quot;5&quot; verbose=&quot;0&quot; name=&quot;Test1&quot;&gt;
    &lt;classes&gt;
      &lt;class name=&quot;uk.co.idealflatmate.tests.AddListingTests&quot;/&gt;
      &lt;class name=&quot;uk.co.idealflatmate.tests.AreaPageTest&quot;/&gt;
      &lt;class name=&quot;uk.co.idealflatmate.tests.FooterTest&quot;/&gt;
      &lt;class name=&quot;uk.co.idealflatmate.tests.HomePageTest&quot;/&gt;
      &lt;class name=&quot;uk.co.idealflatmate.tests.MatchingTests&quot;/&gt;
      &lt;class name=&quot;uk.co.idealflatmate.tests.MessagesTest&quot;/&gt;
      &lt;class name=&quot;uk.co.idealflatmate.tests.PaymentTests&quot;/&gt;
      &lt;class name=&quot;uk.co.idealflatmate.tests.SearchFMPageTests&quot;/&gt;
      &lt;class name=&quot;uk.co.idealflatmate.tests.SearchHomePageTests&quot;/&gt;
      &lt;class name=&quot;uk.co.idealflatmate.tests.SearchPropertiesPageTests&quot;/&gt;
      &lt;class name=&quot;uk.co.idealflatmate.tests.SignUpLikeOrMessage&quot;/&gt;
      &lt;class name=&quot;uk.co.idealflatmate.tests.SignUpMatching&quot;/&gt;
      &lt;class name=&quot;uk.co.idealflatmate.tests.SignUpTest&quot;/&gt;
      &lt;class name=&quot;uk.co.idealflatmate.tests.SignUpTest&quot;/&gt;
      &lt;class name=&quot;uk.co.idealflatmate.tests.ZEmailTests&quot;/&gt;
    &lt;/classes&gt;
  &lt;/test&gt; &lt;!-- Test1 --&gt;
&lt;/suite&gt; &lt;!-- suite --&gt;
            </pre>
          </div> <!-- main-panel-content rounded-window-bottom -->
        </div> <!-- panel -->
        <div panel-name="testlist-suite" class="panel">
          <div class="main-panel-header rounded-window-top">
            <span class="header-content">Tests for suite</span>
          </div> <!-- main-panel-header rounded-window-top -->
          <div class="main-panel-content rounded-window-bottom">
            <ul>
              <li>
                <span class="test-name">Test1 (15 classes)</span>
              </li>
            </ul>
          </div> <!-- main-panel-content rounded-window-bottom -->
        </div> <!-- panel -->
        <div panel-name="group-suite" class="panel">
          <div class="main-panel-header rounded-window-top">
            <span class="header-content">Groups for suite</span>
          </div> <!-- main-panel-header rounded-window-top -->
          <div class="main-panel-content rounded-window-bottom">
          </div> <!-- main-panel-content rounded-window-bottom -->
        </div> <!-- panel -->
        <div panel-name="times-suite" class="panel">
          <div class="main-panel-header rounded-window-top">
            <span class="header-content">Times for suite</span>
          </div> <!-- main-panel-header rounded-window-top -->
          <div class="main-panel-content rounded-window-bottom">
            <div class="times-div">
              <script type="text/javascript">
suiteTableInitFunctions.push('tableData_suite');
function tableData_suite() {
var data = new google.visualization.DataTable();
data.addColumn('number', 'Number');
data.addColumn('string', 'Method');
data.addColumn('string', 'Class');
data.addColumn('number', 'Time (ms)');
data.addRows(103);
data.setCell(0, 0, 0)
data.setCell(0, 1, 'popupExistingEmailPropertyPage')
data.setCell(0, 2, 'uk.co.idealflatmate.tests.SignUpLikeOrMessage')
data.setCell(0, 3, 26653632);
data.setCell(1, 0, 1)
data.setCell(1, 1, 'SignUpMatchingWithRequiredFieldsFMRoom')
data.setCell(1, 2, 'uk.co.idealflatmate.tests.SignUpMatching')
data.setCell(1, 3, 15669760);
data.setCell(2, 0, 2)
data.setCell(2, 1, 'popupWithBlankRequiredFields')
data.setCell(2, 2, 'uk.co.idealflatmate.tests.SignUpLikeOrMessage')
data.setCell(2, 3, 4580947);
data.setCell(3, 0, 3)
data.setCell(3, 1, 'propertyAddWithAllFields')
data.setCell(3, 2, 'uk.co.idealflatmate.tests.AddListingTests')
data.setCell(3, 3, 120643);
data.setCell(4, 0, 4)
data.setCell(4, 1, 'headerRoomSignUpHomePageTenant')
data.setCell(4, 2, 'uk.co.idealflatmate.tests.SignUpTest')
data.setCell(4, 3, 94896);
data.setCell(5, 0, 5)
data.setCell(5, 1, 'SignUpMatchingWithRequiredFieldsFMRoomSearchFM')
data.setCell(5, 2, 'uk.co.idealflatmate.tests.SignUpMatching')
data.setCell(5, 3, 90819);
data.setCell(6, 0, 6)
data.setCell(6, 1, 'SignUpMatchingWithRequiredFieldsRoom')
data.setCell(6, 2, 'uk.co.idealflatmate.tests.SignUpMatching')
data.setCell(6, 3, 88699);
data.setCell(7, 0, 7)
data.setCell(7, 1, 'messageSignUpFMPage')
data.setCell(7, 2, 'uk.co.idealflatmate.tests.SignUpLikeOrMessage')
data.setCell(7, 3, 79336);
data.setCell(8, 0, 8)
data.setCell(8, 1, 'lordOutWorldPaylistingPrem')
data.setCell(8, 2, 'uk.co.idealflatmate.tests.PaymentTests')
data.setCell(8, 3, 75576);
data.setCell(9, 0, 9)
data.setCell(9, 1, 'lordInWorldPaylistingEssen')
data.setCell(9, 2, 'uk.co.idealflatmate.tests.PaymentTests')
data.setCell(9, 3, 72928);
data.setCell(10, 0, 10)
data.setCell(10, 1, 'popupPropertyPage')
data.setCell(10, 2, 'uk.co.idealflatmate.tests.SignUpLikeOrMessage')
data.setCell(10, 3, 71369);
data.setCell(11, 0, 11)
data.setCell(11, 1, 'lordInWorldPaidListingProf')
data.setCell(11, 2, 'uk.co.idealflatmate.tests.PaymentTests')
data.setCell(11, 3, 70161);
data.setCell(12, 0, 12)
data.setCell(12, 1, 'signUpLikeHomePage')
data.setCell(12, 2, 'uk.co.idealflatmate.tests.SignUpLikeOrMessage')
data.setCell(12, 3, 69712);
data.setCell(13, 0, 13)
data.setCell(13, 1, 'messagePropertySignUpHomePage')
data.setCell(13, 2, 'uk.co.idealflatmate.tests.SignUpLikeOrMessage')
data.setCell(13, 3, 61367);
data.setCell(14, 0, 14)
data.setCell(14, 1, 'applyAdvancedFiltersDefault')
data.setCell(14, 2, 'uk.co.idealflatmate.tests.SearchPropertiesPageTests')
data.setCell(14, 3, 58817);
data.setCell(15, 0, 15)
data.setCell(15, 1, 'popupExistingEmailPropertyPhone')
data.setCell(15, 2, 'uk.co.idealflatmate.tests.SignUpLikeOrMessage')
data.setCell(15, 3, 56859);
data.setCell(16, 0, 16)
data.setCell(16, 1, 'headerSignUpViaFacebook')
data.setCell(16, 2, 'uk.co.idealflatmate.tests.SignUpTest')
data.setCell(16, 3, 56612);
data.setCell(17, 0, 17)
data.setCell(17, 1, 'loginPendingListing')
data.setCell(17, 2, 'uk.co.idealflatmate.tests.AddListingTests')
data.setCell(17, 3, 54761);
data.setCell(18, 0, 18)
data.setCell(18, 1, 'headerSignUpWithBlankRequiredFieldsBudget')
data.setCell(18, 2, 'uk.co.idealflatmate.tests.SignUpTest')
data.setCell(18, 3, 53269);
data.setCell(19, 0, 19)
data.setCell(19, 1, 'applyAdvancedFiltersDefault')
data.setCell(19, 2, 'uk.co.idealflatmate.tests.SearchFMPageTests')
data.setCell(19, 3, 53142);
data.setCell(20, 0, 20)
data.setCell(20, 1, 'SignUpWithMatchingWithBlankRequiredFields')
data.setCell(20, 2, 'uk.co.idealflatmate.tests.SignUpMatching')
data.setCell(20, 3, 51545);
data.setCell(21, 0, 21)
data.setCell(21, 1, 'headerSignUpHomePageFMSearchLiv_inWithoutAbout')
data.setCell(21, 2, 'uk.co.idealflatmate.tests.SignUpTest')
data.setCell(21, 3, 50988);
data.setCell(22, 0, 22)
data.setCell(22, 1, 'sortListingLoggedIn')
data.setCell(22, 2, 'uk.co.idealflatmate.tests.SearchFMPageTests')
data.setCell(22, 3, 44160);
data.setCell(23, 0, 23)
data.setCell(23, 1, 'popupWithExistingEmail')
data.setCell(23, 2, 'uk.co.idealflatmate.tests.SignUpLikeOrMessage')
data.setCell(23, 3, 43426);
data.setCell(24, 0, 24)
data.setCell(24, 1, 'FmWithoutSubsToLandlordWithoutSubsWithListFromList')
data.setCell(24, 2, 'uk.co.idealflatmate.tests.MessagesTest')
data.setCell(24, 3, 42326);
data.setCell(25, 0, 25)
data.setCell(25, 1, 'agentProfWorldPay')
data.setCell(25, 2, 'uk.co.idealflatmate.tests.PaymentTests')
data.setCell(25, 3, 42005);
data.setCell(26, 0, 26)
data.setCell(26, 1, 'sortListing')
data.setCell(26, 2, 'uk.co.idealflatmate.tests.SearchPropertiesPageTests')
data.setCell(26, 3, 41343);
data.setCell(27, 0, 27)
data.setCell(27, 1, 'signUpLike3rdPageQuit')
data.setCell(27, 2, 'uk.co.idealflatmate.tests.SignUpLikeOrMessage')
data.setCell(27, 3, 38984);
data.setCell(28, 0, 28)
data.setCell(28, 1, 'ListingSignUpFromHomepage')
data.setCell(28, 2, 'uk.co.idealflatmate.tests.SignUpTest')
data.setCell(28, 3, 38376);
data.setCell(29, 0, 29)
data.setCell(29, 1, 'signUpViaFBlistingAgent')
data.setCell(29, 2, 'uk.co.idealflatmate.tests.SignUpTest')
data.setCell(29, 3, 35653);
data.setCell(30, 0, 30)
data.setCell(30, 1, 'ListingSignUpHeader')
data.setCell(30, 2, 'uk.co.idealflatmate.tests.SignUpTest')
data.setCell(30, 3, 33000);
data.setCell(31, 0, 31)
data.setCell(31, 1, 'signUpPropertyAdding')
data.setCell(31, 2, 'uk.co.idealflatmate.tests.AddListingTests')
data.setCell(31, 3, 31022);
data.setCell(32, 0, 32)
data.setCell(32, 1, 'searchPagination')
data.setCell(32, 2, 'uk.co.idealflatmate.tests.SearchPropertiesPageTests')
data.setCell(32, 3, 30161);
data.setCell(33, 0, 33)
data.setCell(33, 1, 'premiumFHPaymentWorldPay')
data.setCell(33, 2, 'uk.co.idealflatmate.tests.PaymentTests')
data.setCell(33, 3, 29790);
data.setCell(34, 0, 34)
data.setCell(34, 1, 'searchEastLDNPagination')
data.setCell(34, 2, 'uk.co.idealflatmate.tests.SearchPropertiesPageTests')
data.setCell(34, 3, 28677);
data.setCell(35, 0, 35)
data.setCell(35, 1, 'seeMoreRooms')
data.setCell(35, 2, 'uk.co.idealflatmate.tests.AreaPageTest')
data.setCell(35, 3, 28479);
data.setCell(36, 0, 36)
data.setCell(36, 1, 'headerSignUpWithBlankRequiredFieldsMoreAboutYou')
data.setCell(36, 2, 'uk.co.idealflatmate.tests.SignUpTest')
data.setCell(36, 3, 26837);
data.setCell(37, 0, 37)
data.setCell(37, 1, 'searchPagination')
data.setCell(37, 2, 'uk.co.idealflatmate.tests.SearchFMPageTests')
data.setCell(37, 3, 26675);
data.setCell(38, 0, 38)
data.setCell(38, 1, 'SignUpBlankFieldsPropAddWorkBlock')
data.setCell(38, 2, 'uk.co.idealflatmate.tests.SignUpTest')
data.setCell(38, 3, 26658);
data.setCell(39, 0, 39)
data.setCell(39, 1, 'startMatchingOnPropertyCard')
data.setCell(39, 2, 'uk.co.idealflatmate.tests.MatchingTests')
data.setCell(39, 3, 25157);
data.setCell(40, 0, 40)
data.setCell(40, 1, 'applyMoreFiltersPhotoNoList')
data.setCell(40, 2, 'uk.co.idealflatmate.tests.SearchFMPageTests')
data.setCell(40, 3, 23225);
data.setCell(41, 0, 41)
data.setCell(41, 1, 'loginStartListing')
data.setCell(41, 2, 'uk.co.idealflatmate.tests.AddListingTests')
data.setCell(41, 3, 22983);
data.setCell(42, 0, 42)
data.setCell(42, 1, 'fmWithoutSubsTolordWithoutSubsWithListFromFMpage')
data.setCell(42, 2, 'uk.co.idealflatmate.tests.MessagesTest')
data.setCell(42, 3, 22756);
data.setCell(43, 0, 43)
data.setCell(43, 1, 'completeMatchingFromMenuWithNewUserWithVerifyingPercent')
data.setCell(43, 2, 'uk.co.idealflatmate.tests.MatchingTests')
data.setCell(43, 3, 22742);
data.setCell(44, 0, 44)
data.setCell(44, 1, 'headerSignUpWithExistingEmail')
data.setCell(44, 2, 'uk.co.idealflatmate.tests.SignUpTest')
data.setCell(44, 3, 22162);
data.setCell(45, 0, 45)
data.setCell(45, 1, 'answMesLandlToPremFHWithoutSubs')
data.setCell(45, 2, 'uk.co.idealflatmate.tests.MessagesTest')
data.setCell(45, 3, 21699);
data.setCell(46, 0, 46)
data.setCell(46, 1, 'landlordWithoutSubsToFM')
data.setCell(46, 2, 'uk.co.idealflatmate.tests.MessagesTest')
data.setCell(46, 3, 21299);
data.setCell(47, 0, 47)
data.setCell(47, 1, 'premFmToLandlWithoutSubsWithListFromSearch')
data.setCell(47, 2, 'uk.co.idealflatmate.tests.MessagesTest')
data.setCell(47, 3, 20100);
data.setCell(48, 0, 48)
data.setCell(48, 1, 'applyMoreFilters')
data.setCell(48, 2, 'uk.co.idealflatmate.tests.SearchFMPageTests')
data.setCell(48, 3, 20093);
data.setCell(49, 0, 49)
data.setCell(49, 1, 'GoPremiumFHPaymentOnPhone')
data.setCell(49, 2, 'uk.co.idealflatmate.tests.PaymentTests')
data.setCell(49, 3, 19849);
data.setCell(50, 0, 50)
data.setCell(50, 1, 'applyMoreFiltersPhotoWithList')
data.setCell(50, 2, 'uk.co.idealflatmate.tests.SearchFMPageTests')
data.setCell(50, 3, 19551);
data.setCell(51, 0, 51)
data.setCell(51, 1, 'AbilityToSeePhone')
data.setCell(51, 2, 'uk.co.idealflatmate.tests.PaymentTests')
data.setCell(51, 3, 19472);
data.setCell(52, 0, 52)
data.setCell(52, 1, 'firstFeaturedHomePageHeader')
data.setCell(52, 2, 'uk.co.idealflatmate.tests.AreaPageTest')
data.setCell(52, 3, 19263);
data.setCell(53, 0, 53)
data.setCell(53, 1, 'GoPremiumFHPaymentOnMessage')
data.setCell(53, 2, 'uk.co.idealflatmate.tests.PaymentTests')
data.setCell(53, 3, 18672);
data.setCell(54, 0, 54)
data.setCell(54, 1, 'startMatchingOnFMSearchPage')
data.setCell(54, 2, 'uk.co.idealflatmate.tests.MatchingTests')
data.setCell(54, 3, 18375);
data.setCell(55, 0, 55)
data.setCell(55, 1, 'headerSignUpWithBlankRequiredFieldsYourInf')
data.setCell(55, 2, 'uk.co.idealflatmate.tests.SignUpTest')
data.setCell(55, 3, 17652);
data.setCell(56, 0, 56)
data.setCell(56, 1, 'answMesFmWithoutSubsToFM')
data.setCell(56, 2, 'uk.co.idealflatmate.tests.MessagesTest')
data.setCell(56, 3, 17403);
data.setCell(57, 0, 57)
data.setCell(57, 1, 'TestSuccessfulEmailReceivingWelcomeListingMessageSubscriptionCancSub')
data.setCell(57, 2, 'uk.co.idealflatmate.tests.ZEmailTests')
data.setCell(57, 3, 16270);
data.setCell(58, 0, 58)
data.setCell(58, 1, 'linkFH')
data.setCell(58, 2, 'uk.co.idealflatmate.tests.AreaPageTest')
data.setCell(58, 3, 15593);
data.setCell(59, 0, 59)
data.setCell(59, 1, 'searchZone1Pagination')
data.setCell(59, 2, 'uk.co.idealflatmate.tests.SearchPropertiesPageTests')
data.setCell(59, 3, 15435);
data.setCell(60, 0, 60)
data.setCell(60, 1, 'footerBrowseFlatsharesLink')
data.setCell(60, 2, 'uk.co.idealflatmate.tests.FooterTest')
data.setCell(60, 3, 14949);
data.setCell(61, 0, 61)
data.setCell(61, 1, 'readMessageByLandlWithoutSubsn')
data.setCell(61, 2, 'uk.co.idealflatmate.tests.MessagesTest')
data.setCell(61, 3, 14881);
data.setCell(62, 0, 62)
data.setCell(62, 1, 'firstFeaturedLinkArea')
data.setCell(62, 2, 'uk.co.idealflatmate.tests.AreaPageTest')
data.setCell(62, 3, 14418);
data.setCell(63, 0, 63)
data.setCell(63, 1, 'startMatchingQuizPropertyPage')
data.setCell(63, 2, 'uk.co.idealflatmate.tests.MatchingTests')
data.setCell(63, 3, 14350);
data.setCell(64, 0, 64)
data.setCell(64, 1, 'landlWithSubsToFM')
data.setCell(64, 2, 'uk.co.idealflatmate.tests.MessagesTest')
data.setCell(64, 3, 14253);
data.setCell(65, 0, 65)
data.setCell(65, 1, 'footerNLALink')
data.setCell(65, 2, 'uk.co.idealflatmate.tests.FooterTest')
data.setCell(65, 3, 14154);
data.setCell(66, 0, 66)
data.setCell(66, 1, 'firstFeaturedLinkMap')
data.setCell(66, 2, 'uk.co.idealflatmate.tests.AreaPageTest')
data.setCell(66, 3, 13767);
data.setCell(67, 0, 67)
data.setCell(67, 1, 'exploreMoreArea')
data.setCell(67, 2, 'uk.co.idealflatmate.tests.AreaPageTest')
data.setCell(67, 3, 13622);
data.setCell(68, 0, 68)
data.setCell(68, 1, 'headerSignUpWithBlankRequiredFieldsLocation')
data.setCell(68, 2, 'uk.co.idealflatmate.tests.SignUpTest')
data.setCell(68, 3, 13089);
data.setCell(69, 0, 69)
data.setCell(69, 1, 'findOutMore')
data.setCell(69, 2, 'uk.co.idealflatmate.tests.HomePageTest')
data.setCell(69, 3, 12724);
data.setCell(70, 0, 70)
data.setCell(70, 1, 'applyMoreFilters')
data.setCell(70, 2, 'uk.co.idealflatmate.tests.SearchPropertiesPageTests')
data.setCell(70, 3, 12400);
data.setCell(71, 0, 71)
data.setCell(71, 1, 'footerMediaLink')
data.setCell(71, 2, 'uk.co.idealflatmate.tests.FooterTest')
data.setCell(71, 3, 11201);
data.setCell(72, 0, 72)
data.setCell(72, 1, 'SignUpBlankFieldsPropAddRentBlock')
data.setCell(72, 2, 'uk.co.idealflatmate.tests.SignUpTest')
data.setCell(72, 3, 10871);
data.setCell(73, 0, 73)
data.setCell(73, 1, 'footerModern')
data.setCell(73, 2, 'uk.co.idealflatmate.tests.FooterTest')
data.setCell(73, 3, 10847);
data.setCell(74, 0, 74)
data.setCell(74, 1, 'searchHomeIDProperty')
data.setCell(74, 2, 'uk.co.idealflatmate.tests.SearchHomePageTests')
data.setCell(74, 3, 10738);
data.setCell(75, 0, 75)
data.setCell(75, 1, 'footerPressLink')
data.setCell(75, 2, 'uk.co.idealflatmate.tests.FooterTest')
data.setCell(75, 3, 10578);
data.setCell(76, 0, 76)
data.setCell(76, 1, 'footerBrowseHowItWorksLink')
data.setCell(76, 2, 'uk.co.idealflatmate.tests.FooterTest')
data.setCell(76, 3, 10340);
data.setCell(77, 0, 77)
data.setCell(77, 1, 'footerYoutubeLink')
data.setCell(77, 2, 'uk.co.idealflatmate.tests.FooterTest')
data.setCell(77, 3, 10315);
data.setCell(78, 0, 78)
data.setCell(78, 1, 'searchHomeByButton')
data.setCell(78, 2, 'uk.co.idealflatmate.tests.SearchHomePageTests')
data.setCell(78, 3, 10178);
data.setCell(79, 0, 79)
data.setCell(79, 1, 'searchHomePartOfLocationName')
data.setCell(79, 2, 'uk.co.idealflatmate.tests.SearchHomePageTests')
data.setCell(79, 3, 9532);
data.setCell(80, 0, 80)
data.setCell(80, 1, 'propertySearchByDropDown')
data.setCell(80, 2, 'uk.co.idealflatmate.tests.SearchPropertiesPageTests')
data.setCell(80, 3, 9232);
data.setCell(81, 0, 81)
data.setCell(81, 1, 'sortListingWith2Rooms')
data.setCell(81, 2, 'uk.co.idealflatmate.tests.SearchPropertiesPageTests')
data.setCell(81, 3, 9023);
data.setCell(82, 0, 82)
data.setCell(82, 1, 'TestSearchHomeByEnter')
data.setCell(82, 2, 'uk.co.idealflatmate.tests.SearchHomePageTests')
data.setCell(82, 3, 8750);
data.setCell(83, 0, 83)
data.setCell(83, 1, 'searchHomeLocationFromList')
data.setCell(83, 2, 'uk.co.idealflatmate.tests.SearchHomePageTests')
data.setCell(83, 3, 8494);
data.setCell(84, 0, 84)
data.setCell(84, 1, 'blogLandlord')
data.setCell(84, 2, 'uk.co.idealflatmate.tests.HomePageTest')
data.setCell(84, 3, 8390);
data.setCell(85, 0, 85)
data.setCell(85, 1, 'footerTwitterLink')
data.setCell(85, 2, 'uk.co.idealflatmate.tests.FooterTest')
data.setCell(85, 3, 8340);
data.setCell(86, 0, 86)
data.setCell(86, 1, 'fmSearchBy')
data.setCell(86, 2, 'uk.co.idealflatmate.tests.SearchFMPageTests')
data.setCell(86, 3, 8163);
data.setCell(87, 0, 87)
data.setCell(87, 1, 'SuccessfulSignUpWithListingWithAllFields')
data.setCell(87, 2, 'uk.co.idealflatmate.tests.SignUpTest')
data.setCell(87, 3, 8088);
data.setCell(88, 0, 88)
data.setCell(88, 1, 'footerAskLandlord')
data.setCell(88, 2, 'uk.co.idealflatmate.tests.FooterTest')
data.setCell(88, 3, 6294);
data.setCell(89, 0, 89)
data.setCell(89, 1, 'footerHomeLink')
data.setCell(89, 2, 'uk.co.idealflatmate.tests.FooterTest')
data.setCell(89, 3, 4039);
data.setCell(90, 0, 90)
data.setCell(90, 1, 'footerAboutUsLink')
data.setCell(90, 2, 'uk.co.idealflatmate.tests.FooterTest')
data.setCell(90, 3, 3955);
data.setCell(91, 0, 91)
data.setCell(91, 1, 'footerBlogLink')
data.setCell(91, 2, 'uk.co.idealflatmate.tests.FooterTest')
data.setCell(91, 3, 3945);
data.setCell(92, 0, 92)
data.setCell(92, 1, 'footerContactLink')
data.setCell(92, 2, 'uk.co.idealflatmate.tests.FooterTest')
data.setCell(92, 3, 3865);
data.setCell(93, 0, 93)
data.setCell(93, 1, 'footerPricingLink')
data.setCell(93, 2, 'uk.co.idealflatmate.tests.FooterTest')
data.setCell(93, 3, 3841);
data.setCell(94, 0, 94)
data.setCell(94, 1, 'signUpMatchingWithBlankFirstName')
data.setCell(94, 2, 'uk.co.idealflatmate.tests.SignUpMatching')
data.setCell(94, 3, 3837);
data.setCell(95, 0, 95)
data.setCell(95, 1, 'footerBrowseTipsLink')
data.setCell(95, 2, 'uk.co.idealflatmate.tests.FooterTest')
data.setCell(95, 3, 3774);
data.setCell(96, 0, 96)
data.setCell(96, 1, 'footerStaySafeLink')
data.setCell(96, 2, 'uk.co.idealflatmate.tests.FooterTest')
data.setCell(96, 3, 3154);
data.setCell(97, 0, 97)
data.setCell(97, 1, 'findStartListing')
data.setCell(97, 2, 'uk.co.idealflatmate.tests.HomePageTest')
data.setCell(97, 3, 2361);
data.setCell(98, 0, 98)
data.setCell(98, 1, 'blogFM')
data.setCell(98, 2, 'uk.co.idealflatmate.tests.HomePageTest')
data.setCell(98, 3, 2158);
data.setCell(99, 0, 99)
data.setCell(99, 1, 'findStartMatchingLink')
data.setCell(99, 2, 'uk.co.idealflatmate.tests.HomePageTest')
data.setCell(99, 3, 2060);
data.setCell(100, 0, 100)
data.setCell(100, 1, 'footerInstagramLink')
data.setCell(100, 2, 'uk.co.idealflatmate.tests.FooterTest')
data.setCell(100, 3, 1864);
data.setCell(101, 0, 101)
data.setCell(101, 1, 'pressLogo')
data.setCell(101, 2, 'uk.co.idealflatmate.tests.HomePageTest')
data.setCell(101, 3, 1059);
data.setCell(102, 0, 102)
data.setCell(102, 1, 'amountOfBlocsAndTextOfAreas')
data.setCell(102, 2, 'uk.co.idealflatmate.tests.HomePageTest')
data.setCell(102, 3, 196);
window.suiteTableData['suite']= { tableData: data, tableDiv: 'times-div-suite'}
return data;
}
              </script>
              <span class="suite-total-time">Total running time: 13 hours</span>
              <div id="times-div-suite">
              </div> <!-- times-div-suite -->
            </div> <!-- times-div -->
          </div> <!-- main-panel-content rounded-window-bottom -->
        </div> <!-- panel -->
        <div panel-name="reporter-suite" class="panel">
          <div class="main-panel-header rounded-window-top">
            <span class="header-content">Reporter output for suite</span>
          </div> <!-- main-panel-header rounded-window-top -->
          <div class="main-panel-content rounded-window-bottom">
          </div> <!-- main-panel-content rounded-window-bottom -->
        </div> <!-- panel -->
        <div panel-name="ignored-methods-suite" class="panel">
          <div class="main-panel-header rounded-window-top">
            <span class="header-content">0 ignored methods</span>
          </div> <!-- main-panel-header rounded-window-top -->
          <div class="main-panel-content rounded-window-bottom">
          </div> <!-- main-panel-content rounded-window-bottom -->
        </div> <!-- panel -->
        <div panel-name="chronological-suite" class="panel">
          <div class="main-panel-header rounded-window-top">
            <span class="header-content">Methods in chronological order</span>
          </div> <!-- main-panel-header rounded-window-top -->
          <div class="main-panel-content rounded-window-bottom">
            <div class="chronological-class">
              <div class="chronological-class-name">uk.co.idealflatmate.tests.AddListingTests</div> <!-- chronological-class-name -->
              <div class="configuration-class before">
                <span class="method-name">setupClass</span>
                <span class="method-start">0 ms</span>
              </div> <!-- configuration-class before -->
              <div class="test-method">
                <span class="method-name">loginPendingListing</span>
                <span class="method-start">11941 ms</span>
              </div> <!-- test-method -->
              <div class="test-method">
                <img src="failed.png">
                </img>
                <span class="method-name">loginStartListing</span>
                <span class="method-start">66710 ms</span>
              </div> <!-- test-method -->
              <div class="test-method">
                <img src="failed.png">
                </img>
                <span class="method-name">propertyAddWithAllFields</span>
                <span class="method-start">89704 ms</span>
              </div> <!-- test-method -->
              <div class="test-method">
                <img src="failed.png">
                </img>
                <span class="method-name">signUpPropertyAdding</span>
                <span class="method-start">210348 ms</span>
              </div> <!-- test-method -->
              <div class="configuration-class after">
                <span class="method-name">tearDown</span>
                <span class="method-start">241373 ms</span>
              </div> <!-- configuration-class after -->
            </div> <!-- chronological-class -->
            <div class="chronological-class">
              <div class="chronological-class-name">uk.co.idealflatmate.tests.AreaPageTest</div> <!-- chronological-class-name -->
              <div class="configuration-class before">
                <span class="method-name">setupClass</span>
                <span class="method-start">242201 ms</span>
              </div> <!-- configuration-class before -->
              <div class="test-method">
                <span class="method-name">exploreMoreArea</span>
                <span class="method-start">247816 ms</span>
              </div> <!-- test-method -->
              <div class="test-method">
                <span class="method-name">firstFeaturedHomePageHeader</span>
                <span class="method-start">261439 ms</span>
              </div> <!-- test-method -->
              <div class="test-method">
                <span class="method-name">firstFeaturedLinkArea</span>
                <span class="method-start">280702 ms</span>
              </div> <!-- test-method -->
              <div class="test-method">
                <span class="method-name">firstFeaturedLinkMap</span>
                <span class="method-start">295120 ms</span>
              </div> <!-- test-method -->
              <div class="test-method">
                <span class="method-name">linkFH</span>
                <span class="method-start">308887 ms</span>
              </div> <!-- test-method -->
              <div class="test-method">
                <img src="failed.png">
                </img>
                <span class="method-name">seeMoreRooms</span>
                <span class="method-start">324481 ms</span>
              </div> <!-- test-method -->
              <div class="configuration-class after">
                <span class="method-name">tearDown</span>
                <span class="method-start">352968 ms</span>
              </div> <!-- configuration-class after -->
            </div> <!-- chronological-class -->
            <div class="chronological-class">
              <div class="chronological-class-name">uk.co.idealflatmate.tests.FooterTest</div> <!-- chronological-class-name -->
              <div class="configuration-class before">
                <span class="method-name">setupClass</span>
                <span class="method-start">353859 ms</span>
              </div> <!-- configuration-class before -->
              <div class="test-method">
                <span class="method-name">footerAboutUsLink</span>
                <span class="method-start">359250 ms</span>
              </div> <!-- test-method -->
              <div class="test-method">
                <span class="method-name">footerAskLandlord</span>
                <span class="method-start">363205 ms</span>
              </div> <!-- test-method -->
              <div class="test-method">
                <span class="method-name">footerBlogLink</span>
                <span class="method-start">369500 ms</span>
              </div> <!-- test-method -->
              <div class="test-method">
                <span class="method-name">footerBrowseFlatsharesLink</span>
                <span class="method-start">373445 ms</span>
              </div> <!-- test-method -->
              <div class="test-method">
                <span class="method-name">footerBrowseHowItWorksLink</span>
                <span class="method-start">388394 ms</span>
              </div> <!-- test-method -->
              <div class="test-method">
                <span class="method-name">footerBrowseTipsLink</span>
                <span class="method-start">398734 ms</span>
              </div> <!-- test-method -->
              <div class="test-method">
                <span class="method-name">footerContactLink</span>
                <span class="method-start">402508 ms</span>
              </div> <!-- test-method -->
              <div class="test-method">
                <span class="method-name">footerHomeLink</span>
                <span class="method-start">406374 ms</span>
              </div> <!-- test-method -->
              <div class="test-method">
                <span class="method-name">footerInstagramLink</span>
                <span class="method-start">410413 ms</span>
              </div> <!-- test-method -->
              <div class="test-method">
                <span class="method-name">footerMediaLink</span>
                <span class="method-start">412277 ms</span>
              </div> <!-- test-method -->
              <div class="test-method">
                <span class="method-name">footerModern</span>
                <span class="method-start">423478 ms</span>
              </div> <!-- test-method -->
              <div class="test-method">
                <span class="method-name">footerNLALink</span>
                <span class="method-start">434325 ms</span>
              </div> <!-- test-method -->
              <div class="test-method">
                <span class="method-name">footerPressLink</span>
                <span class="method-start">448479 ms</span>
              </div> <!-- test-method -->
              <div class="test-method">
                <span class="method-name">footerPricingLink</span>
                <span class="method-start">459057 ms</span>
              </div> <!-- test-method -->
              <div class="test-method">
                <span class="method-name">footerStaySafeLink</span>
                <span class="method-start">462898 ms</span>
              </div> <!-- test-method -->
              <div class="test-method">
                <span class="method-name">footerTwitterLink</span>
                <span class="method-start">466052 ms</span>
              </div> <!-- test-method -->
              <div class="test-method">
                <span class="method-name">footerYoutubeLink</span>
                <span class="method-start">474393 ms</span>
              </div> <!-- test-method -->
              <div class="configuration-class after">
                <span class="method-name">tearDown</span>
                <span class="method-start">484708 ms</span>
              </div> <!-- configuration-class after -->
            </div> <!-- chronological-class -->
            <div class="chronological-class">
              <div class="chronological-class-name">uk.co.idealflatmate.tests.HomePageTest</div> <!-- chronological-class-name -->
              <div class="configuration-class before">
                <span class="method-name">setupClass</span>
                <span class="method-start">485542 ms</span>
              </div> <!-- configuration-class before -->
              <div class="test-method">
                <span class="method-name">amountOfBlocsAndTextOfAreas</span>
                <span class="method-start">491126 ms</span>
              </div> <!-- test-method -->
              <div class="test-method">
                <span class="method-name">blogFM</span>
                <span class="method-start">491322 ms</span>
              </div> <!-- test-method -->
              <div class="test-method">
                <span class="method-name">blogLandlord</span>
                <span class="method-start">493480 ms</span>
              </div> <!-- test-method -->
              <div class="test-method">
                <span class="method-name">findOutMore</span>
                <span class="method-start">501871 ms</span>
              </div> <!-- test-method -->
              <div class="test-method">
                <span class="method-name">findStartListing</span>
                <span class="method-start">514595 ms</span>
              </div> <!-- test-method -->
              <div class="test-method">
                <span class="method-name">findStartMatchingLink</span>
                <span class="method-start">516956 ms</span>
              </div> <!-- test-method -->
              <div class="test-method">
                <span class="method-name">pressLogo</span>
                <span class="method-start">519016 ms</span>
              </div> <!-- test-method -->
              <div class="configuration-class after">
                <span class="method-name">tearDown</span>
                <span class="method-start">520075 ms</span>
              </div> <!-- configuration-class after -->
            </div> <!-- chronological-class -->
            <div class="chronological-class">
              <div class="chronological-class-name">uk.co.idealflatmate.tests.MatchingTests</div> <!-- chronological-class-name -->
              <div class="configuration-class before">
                <span class="method-name">setupClass</span>
                <span class="method-start">520963 ms</span>
              </div> <!-- configuration-class before -->
              <div class="test-method">
                <img src="failed.png">
                </img>
                <span class="method-name">completeMatchingFromMenuWithNewUserWithVerifyingPercent</span>
                <span class="method-start">526624 ms</span>
              </div> <!-- test-method -->
              <div class="test-method">
                <span class="method-name">startMatchingOnFMSearchPage</span>
                <span class="method-start">549369 ms</span>
              </div> <!-- test-method -->
              <div class="test-method">
                <span class="method-name">startMatchingOnPropertyCard</span>
                <span class="method-start">567744 ms</span>
              </div> <!-- test-method -->
              <div class="test-method">
                <span class="method-name">startMatchingQuizPropertyPage</span>
                <span class="method-start">592901 ms</span>
              </div> <!-- test-method -->
              <div class="configuration-class after">
                <span class="method-name">tearDown</span>
                <span class="method-start">607251 ms</span>
              </div> <!-- configuration-class after -->
            </div> <!-- chronological-class -->
            <div class="chronological-class">
              <div class="chronological-class-name">uk.co.idealflatmate.tests.MessagesTest</div> <!-- chronological-class-name -->
              <div class="configuration-class before">
                <span class="method-name">setupClass</span>
                <span class="method-start">608082 ms</span>
              </div> <!-- configuration-class before -->
              <div class="test-method">
                <span class="method-name">FmWithoutSubsToLandlordWithoutSubsWithListFromList</span>
                <span class="method-start">616012 ms</span>
              </div> <!-- test-method -->
              <div class="test-method">
                <span class="method-name">answMesFmWithoutSubsToFM</span>
                <span class="method-start">658338 ms</span>
              </div> <!-- test-method -->
              <div class="test-method">
                <img src="failed.png">
                </img>
                <span class="method-name">answMesLandlToPremFHWithoutSubs</span>
                <span class="method-start">675741 ms</span>
              </div> <!-- test-method -->
              <div class="test-method">
                <span class="method-name">fmWithoutSubsTolordWithoutSubsWithListFromFMpage</span>
                <span class="method-start">697445 ms</span>
              </div> <!-- test-method -->
              <div class="test-method">
                <span class="method-name">landlWithSubsToFM</span>
                <span class="method-start">720201 ms</span>
              </div> <!-- test-method -->
              <div class="test-method">
                <span class="method-name">landlordWithoutSubsToFM</span>
                <span class="method-start">734455 ms</span>
              </div> <!-- test-method -->
              <div class="test-method">
                <span class="method-name">premFmToLandlWithoutSubsWithListFromSearch</span>
                <span class="method-start">755754 ms</span>
              </div> <!-- test-method -->
              <div class="test-method">
                <span class="method-name">readMessageByLandlWithoutSubsn</span>
                <span class="method-start">775854 ms</span>
              </div> <!-- test-method -->
              <div class="configuration-class after">
                <span class="method-name">tearDown</span>
                <span class="method-start">790735 ms</span>
              </div> <!-- configuration-class after -->
            </div> <!-- chronological-class -->
            <div class="chronological-class">
              <div class="chronological-class-name">uk.co.idealflatmate.tests.PaymentTests</div> <!-- chronological-class-name -->
              <div class="configuration-class before">
                <span class="method-name">setupClass</span>
                <span class="method-start">791614 ms</span>
              </div> <!-- configuration-class before -->
              <div class="test-method">
                <span class="method-name">AbilityToSeePhone</span>
                <span class="method-start">797413 ms</span>
              </div> <!-- test-method -->
              <div class="test-method">
                <span class="method-name">GoPremiumFHPaymentOnMessage</span>
                <span class="method-start">816885 ms</span>
              </div> <!-- test-method -->
              <div class="test-method">
                <span class="method-name">GoPremiumFHPaymentOnPhone</span>
                <span class="method-start">835558 ms</span>
              </div> <!-- test-method -->
              <div class="test-method">
                <img src="failed.png">
                </img>
                <span class="method-name">agentProfWorldPay</span>
                <span class="method-start">855408 ms</span>
              </div> <!-- test-method -->
              <div class="test-method">
                <img src="failed.png">
                </img>
                <span class="method-name">lordInWorldPaidListingProf</span>
                <span class="method-start">897414 ms</span>
              </div> <!-- test-method -->
              <div class="test-method">
                <img src="failed.png">
                </img>
                <span class="method-name">lordInWorldPaylistingEssen</span>
                <span class="method-start">967576 ms</span>
              </div> <!-- test-method -->
              <div class="test-method">
                <img src="failed.png">
                </img>
                <span class="method-name">lordOutWorldPaylistingPrem</span>
                <span class="method-start">1040506 ms</span>
              </div> <!-- test-method -->
              <div class="test-method">
                <img src="failed.png">
                </img>
                <span class="method-name">premiumFHPaymentWorldPay</span>
                <span class="method-start">1116083 ms</span>
              </div> <!-- test-method -->
              <div class="configuration-class after">
                <span class="method-name">tearDown</span>
                <span class="method-start">1145875 ms</span>
              </div> <!-- configuration-class after -->
            </div> <!-- chronological-class -->
            <div class="chronological-class">
              <div class="chronological-class-name">uk.co.idealflatmate.tests.SearchFMPageTests</div> <!-- chronological-class-name -->
              <div class="configuration-class before">
                <span class="method-name">setupClass</span>
                <span class="method-start">1146777 ms</span>
              </div> <!-- configuration-class before -->
              <div class="test-method">
                <img src="failed.png">
                </img>
                <span class="method-name">applyAdvancedFiltersDefault</span>
                <span class="method-start">1152794 ms</span>
              </div> <!-- test-method -->
              <div class="test-method">
                <span class="method-name">applyMoreFilters</span>
                <span class="method-start">1205939 ms</span>
              </div> <!-- test-method -->
              <div class="test-method">
                <span class="method-name">applyMoreFiltersPhotoNoList</span>
                <span class="method-start">1226032 ms</span>
              </div> <!-- test-method -->
              <div class="test-method">
                <span class="method-name">applyMoreFiltersPhotoWithList</span>
                <span class="method-start">1249257 ms</span>
              </div> <!-- test-method -->
              <div class="test-method">
                <span class="method-name">fmSearchBy</span>
                <span class="method-start">1268808 ms</span>
              </div> <!-- test-method -->
              <div class="test-method">
                <span class="method-name">searchPagination</span>
                <span class="method-start">1276971 ms</span>
              </div> <!-- test-method -->
              <div class="test-method">
                <span class="method-name">sortListingLoggedIn</span>
                <span class="method-start">1303646 ms</span>
              </div> <!-- test-method -->
              <div class="configuration-class after">
                <span class="method-name">tearDown</span>
                <span class="method-start">1347806 ms</span>
              </div> <!-- configuration-class after -->
            </div> <!-- chronological-class -->
            <div class="chronological-class">
              <div class="chronological-class-name">uk.co.idealflatmate.tests.SearchHomePageTests</div> <!-- chronological-class-name -->
              <div class="configuration-class before">
                <span class="method-name">setupClass</span>
                <span class="method-start">1348833 ms</span>
              </div> <!-- configuration-class before -->
              <div class="test-method">
                <span class="method-name">TestSearchHomeByEnter</span>
                <span class="method-start">1354522 ms</span>
              </div> <!-- test-method -->
              <div class="test-method">
                <span class="method-name">searchHomeByButton</span>
                <span class="method-start">1363273 ms</span>
              </div> <!-- test-method -->
              <div class="test-method">
                <span class="method-name">searchHomeIDProperty</span>
                <span class="method-start">1373451 ms</span>
              </div> <!-- test-method -->
              <div class="test-method">
                <span class="method-name">searchHomeLocationFromList</span>
                <span class="method-start">1384189 ms</span>
              </div> <!-- test-method -->
              <div class="test-method">
                <span class="method-name">searchHomePartOfLocationName</span>
                <span class="method-start">1392683 ms</span>
              </div> <!-- test-method -->
              <div class="configuration-class after">
                <span class="method-name">tearDown</span>
                <span class="method-start">1402215 ms</span>
              </div> <!-- configuration-class after -->
            </div> <!-- chronological-class -->
            <div class="chronological-class">
              <div class="chronological-class-name">uk.co.idealflatmate.tests.SearchPropertiesPageTests</div> <!-- chronological-class-name -->
              <div class="configuration-class before">
                <span class="method-name">setupClass</span>
                <span class="method-start">1403030 ms</span>
              </div> <!-- configuration-class before -->
              <div class="test-method">
                <span class="method-name">applyAdvancedFiltersDefault</span>
                <span class="method-start">1409038 ms</span>
              </div> <!-- test-method -->
              <div class="test-method">
                <span class="method-name">applyMoreFilters</span>
                <span class="method-start">1467855 ms</span>
              </div> <!-- test-method -->
              <div class="test-method">
                <span class="method-name">propertySearchByDropDown</span>
                <span class="method-start">1480255 ms</span>
              </div> <!-- test-method -->
              <div class="test-method">
                <span class="method-name">searchEastLDNPagination</span>
                <span class="method-start">1489487 ms</span>
              </div> <!-- test-method -->
              <div class="test-method">
                <span class="method-name">searchPagination</span>
                <span class="method-start">1518165 ms</span>
              </div> <!-- test-method -->
              <div class="test-method">
                <span class="method-name">searchZone1Pagination</span>
                <span class="method-start">1548326 ms</span>
              </div> <!-- test-method -->
              <div class="test-method">
                <span class="method-name">sortListing</span>
                <span class="method-start">1563761 ms</span>
              </div> <!-- test-method -->
              <div class="test-method">
                <span class="method-name">sortListingWith2Rooms</span>
                <span class="method-start">1605105 ms</span>
              </div> <!-- test-method -->
              <div class="configuration-class after">
                <span class="method-name">tearDown</span>
                <span class="method-start">1614128 ms</span>
              </div> <!-- configuration-class after -->
            </div> <!-- chronological-class -->
            <div class="chronological-class">
              <div class="chronological-class-name">uk.co.idealflatmate.tests.SignUpLikeOrMessage</div> <!-- chronological-class-name -->
              <div class="configuration-class before">
                <span class="method-name">setupClass</span>
                <span class="method-start">1615162 ms</span>
              </div> <!-- configuration-class before -->
              <div class="test-method">
                <img src="failed.png">
                </img>
                <span class="method-name">messagePropertySignUpHomePage</span>
                <span class="method-start">1620989 ms</span>
              </div> <!-- test-method -->
              <div class="test-method">
                <img src="failed.png">
                </img>
                <span class="method-name">messageSignUpFMPage</span>
                <span class="method-start">1682356 ms</span>
              </div> <!-- test-method -->
              <div class="test-method">
                <img src="failed.png">
                </img>
                <span class="method-name">popupExistingEmailPropertyPage</span>
                <span class="method-start">1761693 ms</span>
              </div> <!-- test-method -->
              <div class="test-method">
                <span class="method-name">popupExistingEmailPropertyPhone</span>
                <span class="method-start">28415475 ms</span>
              </div> <!-- test-method -->
              <div class="test-method">
                <img src="failed.png">
                </img>
                <span class="method-name">popupPropertyPage</span>
                <span class="method-start">28472335 ms</span>
              </div> <!-- test-method -->
              <div class="test-method">
                <img src="failed.png">
                </img>
                <span class="method-name">popupWithBlankRequiredFields</span>
                <span class="method-start">28543715 ms</span>
              </div> <!-- test-method -->
              <div class="test-method">
                <span class="method-name">popupWithExistingEmail</span>
                <span class="method-start">33125038 ms</span>
              </div> <!-- test-method -->
              <div class="test-method">
                <span class="method-name">signUpLike3rdPageQuit</span>
                <span class="method-start">33168466 ms</span>
              </div> <!-- test-method -->
              <div class="test-method">
                <img src="failed.png">
                </img>
                <span class="method-name">signUpLikeHomePage</span>
                <span class="method-start">33207452 ms</span>
              </div> <!-- test-method -->
              <div class="configuration-class after">
                <span class="method-name">tearDown</span>
                <span class="method-start">33277169 ms</span>
              </div> <!-- configuration-class after -->
            </div> <!-- chronological-class -->
            <div class="chronological-class">
              <div class="chronological-class-name">uk.co.idealflatmate.tests.SignUpMatching</div> <!-- chronological-class-name -->
              <div class="configuration-class before">
                <span class="method-name">setupClass</span>
                <span class="method-start">33278059 ms</span>
              </div> <!-- configuration-class before -->
              <div class="test-method">
                <span class="method-name">SignUpMatchingWithRequiredFieldsFMRoom</span>
                <span class="method-start">33283729 ms</span>
              </div> <!-- test-method -->
              <div class="test-method">
                <span class="method-name">SignUpMatchingWithRequiredFieldsFMRoomSearchFM</span>
                <span class="method-start">48953506 ms</span>
              </div> <!-- test-method -->
              <div class="test-method">
                <img src="failed.png">
                </img>
                <span class="method-name">SignUpMatchingWithRequiredFieldsRoom</span>
                <span class="method-start">49044325 ms</span>
              </div> <!-- test-method -->
              <div class="test-method">
                <span class="method-name">SignUpWithMatchingWithBlankRequiredFields</span>
                <span class="method-start">49133028 ms</span>
              </div> <!-- test-method -->
              <div class="test-method">
                <span class="method-name">signUpMatchingWithBlankFirstName</span>
                <span class="method-start">49184573 ms</span>
              </div> <!-- test-method -->
              <div class="configuration-class after">
                <span class="method-name">tearDown</span>
                <span class="method-start">49188410 ms</span>
              </div> <!-- configuration-class after -->
            </div> <!-- chronological-class -->
            <div class="chronological-class">
              <div class="chronological-class-name">uk.co.idealflatmate.tests.SignUpTest</div> <!-- chronological-class-name -->
              <div class="configuration-class before">
                <span class="method-name">setupClass</span>
                <span class="method-start">49189316 ms</span>
              </div> <!-- configuration-class before -->
              <div class="test-method">
                <span class="method-name">ListingSignUpFromHomepage</span>
                <span class="method-start">49195181 ms</span>
              </div> <!-- test-method -->
              <div class="test-method">
                <span class="method-name">ListingSignUpHeader</span>
                <span class="method-start">49233558 ms</span>
              </div> <!-- test-method -->
              <div class="test-method">
                <span class="method-name">SignUpBlankFieldsPropAddRentBlock</span>
                <span class="method-start">49266559 ms</span>
              </div> <!-- test-method -->
              <div class="test-method">
                <span class="method-name">SignUpBlankFieldsPropAddWorkBlock</span>
                <span class="method-start">49277430 ms</span>
              </div> <!-- test-method -->
              <div class="test-method">
                <img src="failed.png">
                </img>
                <span class="method-name">SuccessfulSignUpWithListingWithAllFields</span>
                <span class="method-start">49304088 ms</span>
              </div> <!-- test-method -->
              <div class="test-method">
                <img src="failed.png">
                </img>
                <span class="method-name">headerRoomSignUpHomePageTenant</span>
                <span class="method-start">49312187 ms</span>
              </div> <!-- test-method -->
              <div class="test-method">
                <span class="method-name">headerSignUpHomePageFMSearchLiv_inWithoutAbout</span>
                <span class="method-start">49407087 ms</span>
              </div> <!-- test-method -->
              <div class="test-method">
                <span class="method-name">headerSignUpViaFacebook</span>
                <span class="method-start">49458076 ms</span>
              </div> <!-- test-method -->
              <div class="test-method">
                <span class="method-name">headerSignUpWithBlankRequiredFieldsBudget</span>
                <span class="method-start">49514688 ms</span>
              </div> <!-- test-method -->
              <div class="test-method">
                <img src="failed.png">
                </img>
                <span class="method-name">headerSignUpWithBlankRequiredFieldsLocation</span>
                <span class="method-start">49567959 ms</span>
              </div> <!-- test-method -->
              <div class="test-method">
                <span class="method-name">headerSignUpWithBlankRequiredFieldsMoreAboutYou</span>
                <span class="method-start">49581067 ms</span>
              </div> <!-- test-method -->
              <div class="test-method">
                <span class="method-name">headerSignUpWithBlankRequiredFieldsYourInf</span>
                <span class="method-start">49607904 ms</span>
              </div> <!-- test-method -->
              <div class="test-method">
                <span class="method-name">headerSignUpWithExistingEmail</span>
                <span class="method-start">49625556 ms</span>
              </div> <!-- test-method -->
              <div class="test-method">
                <span class="method-name">signUpViaFBlistingAgent</span>
                <span class="method-start">49647718 ms</span>
              </div> <!-- test-method -->
              <div class="configuration-class after">
                <span class="method-name">tearDown</span>
                <span class="method-start">49683375 ms</span>
              </div> <!-- configuration-class after -->
            </div> <!-- chronological-class -->
            <div class="chronological-class">
              <div class="chronological-class-name">uk.co.idealflatmate.tests.ZEmailTests</div> <!-- chronological-class-name -->
              <div class="configuration-class before">
                <span class="method-name">setupClass</span>
                <span class="method-start">49684255 ms</span>
              </div> <!-- configuration-class before -->
              <div class="test-method">
                <img src="failed.png">
                </img>
                <span class="method-name">TestSuccessfulEmailReceivingWelcomeListingMessageSubscriptionCancSub</span>
                <span class="method-start">49690476 ms</span>
              </div> <!-- test-method -->
              <div class="configuration-class after">
                <span class="method-name">tearDown</span>
                <span class="method-start">49706749 ms</span>
              </div> <!-- configuration-class after -->
          </div> <!-- main-panel-content rounded-window-bottom -->
        </div> <!-- panel -->
      </div> <!-- main-panel-root -->
    </div> <!-- wrapper -->
  </body>
</html>
