<?xml version="1.0" encoding="UTF-8"?>
<testsuite xmlns:xsi="http://www.w3.org/2001/XMLSchema-instance" xsi:noNamespaceSchemaLocation="https://maven.apache.org/surefire/maven-surefire-plugin/xsd/surefire-test-report-3.0.xsd" version="3.0" name="TestSuite" time="3,128.021" tests="112" errors="0" skipped="16" failures="14">
  <properties>
[...]
</properties>
  <testcase name="loginPendingListing" classname="uk.co.idealflatmate.tests.AddListingTests" time="51.791"/>
  <testcase name="loginStartListing" classname="uk.co.idealflatmate.tests.AddListingTests" time="45.112"/>
  <testcase name="propertyAddWithAllFields" classname="uk.co.idealflatmate.tests.AddListingTests" time="118.502"/>
  <testcase name="propertyEditAllFieldsAbout" classname="uk.co.idealflatmate.tests.AddListingTests" time="90.274"/>
  <testcase name="signUpPropertyAdding" classname="uk.co.idealflatmate.tests.AddListingTests" time="98.155">
    <failure message="Element should have text &apos;London SE1, UK&apos; {By.xpath: (//h2[@class=&apos;h3 u_m0-top text-info&apos;])[1]}&#10;Element: &apos;&lt;h2 class=&quot;h3 u_m0-top text-info&quot;&gt;London SE1 7PB, UK Available&lt;/h2&gt;&apos;" type="com.codeborne.selenide.ex.ElementShould"><![CDATA[com.codeborne.selenide.ex.ElementShould: 
Element should have text 'London SE1, UK' {By.xpath: (//h2[@class='h3 u_m0-top text-info'])[1]}
Element: '<h2 class="h3 u_m0-top text-info">London SE1 7PB, UK Available</h2>'
	at uk.co.idealflatmate.tests.AddListingTests.signUpPropertyAdding(AddListingTests.java:105)
]]></failure>
  </testcase>
  <testcase name="titleListing" classname="uk.co.idealflatmate.tests.AddListingTests" time="66.462"/>
  <testcase name="TestSuccessfulEmailReceivingWelcomeListingMessageSubscriptionCancSub" classname="uk.co.idealflatmate.tests.ZEmailTests" time="38.771">
    <failure message="Element not found {By.xpath: //span[contains(text(), &apos;AM&apos;) or contains(text(), &apos;PM&apos;)]//ancestor::tr//div//span[contains(text(), &apos;Premium Flathunter Subscription created&apos;)]//ancestor::tr//td/div[@role=&apos;checkbox&apos;]}&#10;Expected: visible" type="com.codeborne.selenide.ex.ElementNotFound">com.codeborne.selenide.ex.ElementNotFound: 
Element not found {By.xpath: //span[contains(text(), 'AM') or contains(text(), 'PM')]//ancestor::tr//div//span[contains(text(), 'Premium Flathunter Subscription created')]//ancestor::tr//td/div[@role='checkbox']}
Expected: visible
	at uk.co.idealflatmate.tests.ZEmailTests.TestSuccessfulEmailReceivingWelcomeListingMessageSubscriptionCancSub(ZEmailTests.java:22)
Caused by: org.openqa.selenium.NoSuchElementException: 
no such element: Unable to locate element: {"method":"xpath","selector":"//span[contains(text(), 'AM') or contains(text(), 'PM')]//ancestor::tr//div//span[contains(text(), 'Premium Flathunter Subscription created')]//ancestor::tr//td/div[@role='checkbox']"}
  (Session info: chrome=71.0.3578.98)
  (Driver info: chromedriver=73.0.3683.20 (8e2b610813e167eee3619ac4ce6e42e3ec622017),platform=Windows NT 10.0.16299 x86_64) (WARNING: The server did not provide any stacktrace information)
Command duration or timeout: 0 milliseconds
For documentation on this error, please visit: https://www.seleniumhq.org/exceptions/no_such_element.html
Build info: version: '3.141.59', revision: 'e82be7d358', time: '2018-11-14T08:17:03'
System info: host: 'PRIVATE-1074', ip: '10.8.1.74', os.name: 'Windows 10', os.arch: 'amd64', os.version: '10.0', java.version: '1.8.0_152'
Driver info: org.openqa.selenium.chrome.ChromeDriver
Capabilities {acceptInsecureCerts: false, acceptSslCerts: false, applicationCacheEnabled: false, browserConnectionEnabled: false, browserName: chrome, chrome: {chromedriverVersion: 73.0.3683.20 (8e2b610813e16..., userDataDir: C:\Users\LUKHOV~1\AppData\L...}, cssSelectorsEnabled: true, databaseEnabled: false, goog:chromeOptions: {debuggerAddress: localhost:59728}, handlesAlerts: true, hasTouchScreen: false, javascriptEnabled: true, locationContextEnabled: true, mobileEmulationEnabled: false, nativeEvents: true, networkConnectionEnabled: false, pageLoadStrategy: normal, platform: XP, platformName: XP, proxy: Proxy(), rotatable: false, setWindowRect: true, strictFileInteractability: false, takesHeapSnapshot: true, takesScreenshot: true, timeouts: {implicit: 0, pageLoad: 300000, script: 30000}, unexpectedAlertBehaviour: ignore, unhandledPromptBehavior: ignore, version: 71.0.3578.98, webStorageEnabled: true}
Session ID: 5438c215acfb98ccdb7bd5034903075e
*** Element info: {Using=xpath, value=//span[contains(text(), 'AM') or contains(text(), 'PM')]//ancestor::tr//div//span[contains(text(), 'Premium Flathunter Subscription created')]//ancestor::tr//td/div[@role='checkbox']}
	at uk.co.idealflatmate.tests.ZEmailTests.TestSuccessfulEmailReceivingWelcomeListingMessageSubscriptionCancSub(ZEmailTests.java:22)
</failure>
    <system-err><![CDATA[Feb 14, 2019 7:41:21 PM com.codeborne.selenide.impl.WebDriverThreadLocalContainer closeWebDriver
INFO: Close webdriver: 1 -> ChromeDriver: chrome on XP (928816cea0cd699ed2d36531b75d8dc2)
Feb 14, 2019 7:41:21 PM com.codeborne.selenide.impl.WebDriverThreadLocalContainer$CloseBrowser run
INFO: Trying to close the browser ChromeDriver ...
Feb 14, 2019 7:41:22 PM com.codeborne.selenide.impl.WebDriverThreadLocalContainer closeWebDriver
INFO: Closed webdriver in 1502 ms
Feb 14, 2019 7:41:22 PM com.codeborne.selenide.impl.WebDriverThreadLocalContainer getWebDriver
INFO: No webdriver is bound to current thread: 1 - let's create new webdriver
Starting ChromeDriver 73.0.3683.20 (8e2b610813e167eee3619ac4ce6e42e3ec622017) on port 3331
Only local connections are allowed.
Please protect ports used by ChromeDriver and related test frameworks to prevent access by malicious code.
Feb 14, 2019 7:41:24 PM org.openqa.selenium.remote.ProtocolHandshake createSession
INFO: Detected dialect: OSS
Feb 14, 2019 7:41:26 PM com.codeborne.selenide.webdriver.WebDriverFactory logBrowserVersion
INFO: BrowserName=chrome Version=71.0.3578.98 Platform=XP
Feb 14, 2019 7:41:26 PM com.codeborne.selenide.webdriver.WebDriverFactory createWebDriver
INFO: Selenide v. 4.11.1
Feb 14, 2019 7:41:26 PM com.codeborne.selenide.webdriver.WebDriverFactory logSeleniumInfo
INFO: Selenium WebDriver v. 3.141.59 build time: 2018-11-14T08:17:03
Feb 14, 2019 7:41:26 PM com.codeborne.selenide.impl.WebDriverThreadLocalContainer createDriver
INFO: Create webdriver in current thread 1: ChromeDriver -> ChromeDriver: chrome on XP (5438c215acfb98ccdb7bd5034903075e)
]]></system-err>
  </testcase>
  <testcase name="exploreMoreArea" classname="uk.co.idealflatmate.tests.AreaPageTest" time="15.901"/>
  <testcase name="firstFeaturedHomePageHeader" classname="uk.co.idealflatmate.tests.AreaPageTest" time="19.83"/>
  <testcase name="firstFeaturedLinkArea" classname="uk.co.idealflatmate.tests.AreaPageTest" time="13.921"/>
  <testcase name="firstFeaturedLinkMap" classname="uk.co.idealflatmate.tests.AreaPageTest" time="8.466"/>
  <testcase name="linkFH" classname="uk.co.idealflatmate.tests.AreaPageTest" time="12.104"/>
  <testcase name="seeMoreRooms" classname="uk.co.idealflatmate.tests.AreaPageTest" time="23.11"/>
  <testcase name="addLogInViaFacebook" classname="uk.co.idealflatmate.tests.AuthorizationTests" time="34.137"/>
  <testcase name="alogInWithMatchingFB" classname="uk.co.idealflatmate.tests.AuthorizationTests" time="64.071"/>
  <testcase name="classicLogInOut" classname="uk.co.idealflatmate.tests.AuthorizationTests" time="8.395"/>
  <testcase name="emailWrongHomePage" classname="uk.co.idealflatmate.tests.AuthorizationTests" time="5.688"/>
  <testcase name="invalidLoginWithEmptyFields" classname="uk.co.idealflatmate.tests.AuthorizationTests" time="3.428"/>
  <testcase name="logInContactFM" classname="uk.co.idealflatmate.tests.AuthorizationTests" time="15.606"/>
  <testcase name="logInMessageFM" classname="uk.co.idealflatmate.tests.AuthorizationTests" time="14.938"/>
  <testcase name="logInOutOnFMPage" classname="uk.co.idealflatmate.tests.AuthorizationTests" time="13.701"/>
  <testcase name="logInOutOnPropertyPage" classname="uk.co.idealflatmate.tests.AuthorizationTests" time="24.838">
    <failure message="Element not found {input#loginform-username}&#10;Expected: visible" type="com.codeborne.selenide.ex.ElementNotFound">com.codeborne.selenide.ex.ElementNotFound: 
Element not found {input#loginform-username}
Expected: visible
	at uk.co.idealflatmate.tests.AuthorizationTests.logInOutOnPropertyPage(AuthorizationTests.java:38)
Caused by: org.openqa.selenium.NoSuchElementException: 
no such element: Unable to locate element: {"method":"css selector","selector":"input#loginform-username"}
  (Session info: chrome=71.0.3578.98)
  (Driver info: chromedriver=73.0.3683.20 (8e2b610813e167eee3619ac4ce6e42e3ec622017),platform=Windows NT 10.0.16299 x86_64) (WARNING: The server did not provide any stacktrace information)
Command duration or timeout: 0 milliseconds
For documentation on this error, please visit: https://www.seleniumhq.org/exceptions/no_such_element.html
Build info: version: '3.141.59', revision: 'e82be7d358', time: '2018-11-14T08:17:03'
System info: host: 'PRIVATE-1074', ip: '10.8.1.74', os.name: 'Windows 10', os.arch: 'amd64', os.version: '10.0', java.version: '1.8.0_152'
Driver info: org.openqa.selenium.chrome.ChromeDriver
Capabilities {acceptInsecureCerts: false, acceptSslCerts: false, applicationCacheEnabled: false, browserConnectionEnabled: false, browserName: chrome, chrome: {chromedriverVersion: 73.0.3683.20 (8e2b610813e16..., userDataDir: C:\Users\LUKHOV~1\AppData\L...}, cssSelectorsEnabled: true, databaseEnabled: false, goog:chromeOptions: {debuggerAddress: localhost:61886}, handlesAlerts: true, hasTouchScreen: false, javascriptEnabled: true, locationContextEnabled: true, mobileEmulationEnabled: false, nativeEvents: true, networkConnectionEnabled: false, pageLoadStrategy: normal, platform: XP, platformName: XP, proxy: Proxy(), rotatable: false, setWindowRect: true, strictFileInteractability: false, takesHeapSnapshot: true, takesScreenshot: true, timeouts: {implicit: 0, pageLoad: 300000, script: 30000}, unexpectedAlertBehaviour: ignore, unhandledPromptBehavior: ignore, version: 71.0.3578.98, webStorageEnabled: true}
Session ID: a5f5a6c1c90d3ed7559ad02024bfac23
*** Element info: {Using=css selector, value=input#loginform-username}
	at uk.co.idealflatmate.tests.AuthorizationTests.logInOutOnPropertyPage(AuthorizationTests.java:38)
</failure>
  </testcase>
  <testcase name="logInPhoneReveal" classname="uk.co.idealflatmate.tests.AuthorizationTests" time="19.231"/>
  <testcase name="loginPassWronglogInHomePage" classname="uk.co.idealflatmate.tests.AuthorizationTests" time="7.405"/>
  <testcase name="removeAccountBeforeTest" classname="uk.co.idealflatmate.tests.A_clear_DataTests" time="219.668"/>
  <testcase name="removelistingBeforeTest" classname="uk.co.idealflatmate.tests.A_clear_DataTests" time="63.929"/>
  <testcase name="footerAboutUsLink" classname="uk.co.idealflatmate.tests.FooterTest" time="4.129"/>
  <testcase name="footerAskLandlord" classname="uk.co.idealflatmate.tests.FooterTest" time="7.007"/>
  <testcase name="footerBlogLink" classname="uk.co.idealflatmate.tests.FooterTest" time="5.468"/>
  <testcase name="footerBrowseFlatsharesLink" classname="uk.co.idealflatmate.tests.FooterTest" time="5.641"/>
  <testcase name="footerBrowseHowItWorksLink" classname="uk.co.idealflatmate.tests.FooterTest" time="4.797"/>
  <testcase name="footerBrowseTipsLink" classname="uk.co.idealflatmate.tests.FooterTest" time="3.928"/>
  <testcase name="footerContactLink" classname="uk.co.idealflatmate.tests.FooterTest" time="3.989"/>
  <testcase name="footerHomeLink" classname="uk.co.idealflatmate.tests.FooterTest" time="4.262"/>
  <testcase name="footerInstagramLink" classname="uk.co.idealflatmate.tests.FooterTest" time="73.473">
    <failure message="Element not found {By.xpath: (//h1)[1]}&#10;Expected: exist" type="com.codeborne.selenide.ex.ElementNotFound">com.codeborne.selenide.ex.ElementNotFound: 
Element not found {By.xpath: (//h1)[1]}
Expected: exist
	at uk.co.idealflatmate.tests.FooterTest.footerInstagramLink(FooterTest.java:155)
Caused by: org.openqa.selenium.NoSuchElementException: 
Cannot locate an element using xpath=(//h1)[1]
For documentation on this error, please visit: https://www.seleniumhq.org/exceptions/no_such_element.html
Build info: version: '3.141.59', revision: 'e82be7d358', time: '2018-11-14T08:17:03'
System info: host: 'PRIVATE-1074', ip: '10.8.1.74', os.name: 'Windows 10', os.arch: 'amd64', os.version: '10.0', java.version: '1.8.0_152'
Driver info: driver.version: RemoteWebDriver
	at uk.co.idealflatmate.tests.FooterTest.footerInstagramLink(FooterTest.java:155)
</failure>
    <system-err><![CDATA[Feb 14, 2019 7:56:18 PM com.codeborne.selenide.impl.ScreenShotLaboratory printOnce
SEVERE: no such window: target window already closed
from unknown error: web view not found
  (Session info: chrome=71.0.3578.98)
  (Driver info: chromedriver=73.0.3683.20 (8e2b610813e167eee3619ac4ce6e42e3ec622017),platform=Windows NT 10.0.16299 x86_64) (WARNING: The server did not provide any stacktrace information)
Command duration or timeout: 0 milliseconds
Build info: version: '3.141.59', revision: 'e82be7d358', time: '2018-11-14T08:17:03'
System info: host: 'PRIVATE-1074', ip: '10.8.1.74', os.name: 'Windows 10', os.arch: 'amd64', os.version: '10.0', java.version: '1.8.0_152'
Driver info: org.openqa.selenium.chrome.ChromeDriver
Capabilities {acceptInsecureCerts: false, acceptSslCerts: false, applicationCacheEnabled: false, browserConnectionEnabled: false, browserName: chrome, chrome: {chromedriverVersion: 73.0.3683.20 (8e2b610813e16..., userDataDir: C:\Users\LUKHOV~1\AppData\L...}, cssSelectorsEnabled: true, databaseEnabled: false, goog:chromeOptions: {debuggerAddress: localhost:64534}, handlesAlerts: true, hasTouchScreen: false, javascriptEnabled: true, locationContextEnabled: true, mobileEmulationEnabled: false, nativeEvents: true, networkConnectionEnabled: false, pageLoadStrategy: normal, platform: XP, platformName: XP, proxy: Proxy(), rotatable: false, setWindowRect: true, strictFileInteractability: false, takesHeapSnapshot: true, takesScreenshot: true, timeouts: {implicit: 0, pageLoad: 300000, script: 30000}, unexpectedAlertBehaviour: ignore, unhandledPromptBehavior: ignore, version: 71.0.3578.98, webStorageEnabled: true}
Session ID: d534b444774d718e0b098b83e5dc6fa7
org.openqa.selenium.NoSuchWindowException: no such window: target window already closed
from unknown error: web view not found
  (Session info: chrome=71.0.3578.98)
  (Driver info: chromedriver=73.0.3683.20 (8e2b610813e167eee3619ac4ce6e42e3ec622017),platform=Windows NT 10.0.16299 x86_64) (WARNING: The server did not provide any stacktrace information)
Command duration or timeout: 0 milliseconds
Build info: version: '3.141.59', revision: 'e82be7d358', time: '2018-11-14T08:17:03'
System info: host: 'PRIVATE-1074', ip: '10.8.1.74', os.name: 'Windows 10', os.arch: 'amd64', os.version: '10.0', java.version: '1.8.0_152'
Driver info: org.openqa.selenium.chrome.ChromeDriver
Capabilities {acceptInsecureCerts: false, acceptSslCerts: false, applicationCacheEnabled: false, browserConnectionEnabled: false, browserName: chrome, chrome: {chromedriverVersion: 73.0.3683.20 (8e2b610813e16..., userDataDir: C:\Users\LUKHOV~1\AppData\L...}, cssSelectorsEnabled: true, databaseEnabled: false, goog:chromeOptions: {debuggerAddress: localhost:64534}, handlesAlerts: true, hasTouchScreen: false, javascriptEnabled: true, locationContextEnabled: true, mobileEmulationEnabled: false, nativeEvents: true, networkConnectionEnabled: false, pageLoadStrategy: normal, platform: XP, platformName: XP, proxy: Proxy(), rotatable: false, setWindowRect: true, strictFileInteractability: false, takesHeapSnapshot: true, takesScreenshot: true, timeouts: {implicit: 0, pageLoad: 300000, script: 30000}, unexpectedAlertBehaviour: ignore, unhandledPromptBehavior: ignore, version: 71.0.3578.98, webStorageEnabled: true}
Session ID: d534b444774d718e0b098b83e5dc6fa7
	at sun.reflect.NativeConstructorAccessorImpl.newInstance0(Native Method)
	at sun.reflect.NativeConstructorAccessorImpl.newInstance(NativeConstructorAccessorImpl.java:62)
	at sun.reflect.DelegatingConstructorAccessorImpl.newInstance(DelegatingConstructorAccessorImpl.java:45)
	at java.lang.reflect.Constructor.newInstance(Constructor.java:423)
	at org.openqa.selenium.remote.ErrorHandler.createThrowable(ErrorHandler.java:214)
	at org.openqa.selenium.remote.ErrorHandler.throwIfResponseFailed(ErrorHandler.java:166)
	at org.openqa.selenium.remote.http.JsonHttpResponseCodec.reconstructValue(JsonHttpResponseCodec.java:40)
	at org.openqa.selenium.remote.http.AbstractHttpResponseCodec.decode(AbstractHttpResponseCodec.java:80)
	at org.openqa.selenium.remote.http.AbstractHttpResponseCodec.decode(AbstractHttpResponseCodec.java:44)
	at org.openqa.selenium.remote.HttpCommandExecutor.execute(HttpCommandExecutor.java:158)
	at org.openqa.selenium.remote.service.DriverCommandExecutor.execute(DriverCommandExecutor.java:83)
	at org.openqa.selenium.remote.RemoteWebDriver.execute(RemoteWebDriver.java:552)
	at org.openqa.selenium.remote.RemoteWebDriver.execute(RemoteWebDriver.java:609)
	at org.openqa.selenium.remote.RemoteWebDriver.getPageSource(RemoteWebDriver.java:438)
	at com.codeborne.selenide.impl.ScreenShotLaboratory.savePageSourceToFile(ScreenShotLaboratory.java:211)
	at com.codeborne.selenide.impl.ScreenShotLaboratory.savePageSourceToFile(ScreenShotLaboratory.java:204)
	at com.codeborne.selenide.impl.ScreenShotLaboratory.takeScreenShot(ScreenShotLaboratory.java:103)
	at com.codeborne.selenide.impl.ScreenShotLaboratory.takeScreenShot(ScreenShotLaboratory.java:80)
	at com.codeborne.selenide.impl.ScreenShotLaboratory.formatScreenShotPath(ScreenShotLaboratory.java:343)
	at com.codeborne.selenide.ex.UIAssertionError.wrapThrowable(UIAssertionError.java:65)
	at com.codeborne.selenide.ex.UIAssertionError.wrap(UIAssertionError.java:59)
	at com.codeborne.selenide.impl.SelenideElementProxy.invoke(SelenideElementProxy.java:68)
	at com.sun.proxy.$Proxy5.waitUntil(Unknown Source)
	at uk.co.idealflatmate.appmanager.FooterHelper.verificationInstagram(FooterHelper.java:91)
	at uk.co.idealflatmate.tests.FooterTest.footerInstagramLink(FooterTest.java:155)
	at sun.reflect.NativeMethodAccessorImpl.invoke0(Native Method)
	at sun.reflect.NativeMethodAccessorImpl.invoke(NativeMethodAccessorImpl.java:62)
	at sun.reflect.DelegatingMethodAccessorImpl.invoke(DelegatingMethodAccessorImpl.java:43)
	at java.lang.reflect.Method.invoke(Method.java:498)
	at org.testng.internal.MethodInvocationHelper.invokeMethod(MethodInvocationHelper.java:124)
	at org.testng.internal.Invoker.invokeMethod(Invoker.java:583)
	at org.testng.internal.Invoker.invokeTestMethod(Invoker.java:719)
	at org.testng.internal.Invoker.invokeTestMethods(Invoker.java:989)
	at org.testng.internal.TestMethodWorker.invokeTestMethods(TestMethodWorker.java:125)
	at org.testng.internal.TestMethodWorker.run(TestMethodWorker.java:109)
	at org.testng.TestRunner.privateRun(TestRunner.java:648)
	at org.testng.TestRunner.run(TestRunner.java:505)
	at org.testng.SuiteRunner.runTest(SuiteRunner.java:455)
	at org.testng.SuiteRunner.runSequentially(SuiteRunner.java:450)
	at org.testng.SuiteRunner.privateRun(SuiteRunner.java:415)
	at org.testng.SuiteRunner.run(SuiteRunner.java:364)
	at org.testng.SuiteRunnerWorker.runSuite(SuiteRunnerWorker.java:52)
	at org.testng.SuiteRunnerWorker.run(SuiteRunnerWorker.java:84)
	at org.testng.TestNG.runSuitesSequentially(TestNG.java:1208)
	at org.testng.TestNG.runSuitesLocally(TestNG.java:1137)
	at org.testng.TestNG.runSuites(TestNG.java:1049)
	at org.testng.TestNG.run(TestNG.java:1017)
	at org.apache.maven.surefire.testng.TestNGExecutor.run(TestNGExecutor.java:135)
	at org.apache.maven.surefire.testng.TestNGDirectoryTestSuite.executeMulti(TestNGDirectoryTestSuite.java:193)
	at org.apache.maven.surefire.testng.TestNGDirectoryTestSuite.execute(TestNGDirectoryTestSuite.java:94)
	at org.apache.maven.surefire.testng.TestNGProvider.invoke(TestNGProvider.java:146)
	at org.apache.maven.surefire.booter.ForkedBooter.invokeProviderInSameClassLoader(ForkedBooter.java:384)
	at org.apache.maven.surefire.booter.ForkedBooter.runSuitesInProcess(ForkedBooter.java:345)
	at org.apache.maven.surefire.booter.ForkedBooter.execute(ForkedBooter.java:126)
	at org.apache.maven.surefire.booter.ForkedBooter.main(ForkedBooter.java:418)

Feb 14, 2019 7:56:18 PM com.codeborne.selenide.impl.ScreenShotLaboratory printOnce
SEVERE: no such window: target window already closed
from unknown error: web view not found
  (Session info: chrome=71.0.3578.98)
  (Driver info: chromedriver=73.0.3683.20 (8e2b610813e167eee3619ac4ce6e42e3ec622017),platform=Windows NT 10.0.16299 x86_64) (WARNING: The server did not provide any stacktrace information)
Command duration or timeout: 0 milliseconds
Build info: version: '3.141.59', revision: 'e82be7d358', time: '2018-11-14T08:17:03'
System info: host: 'PRIVATE-1074', ip: '10.8.1.74', os.name: 'Windows 10', os.arch: 'amd64', os.version: '10.0', java.version: '1.8.0_152'
Driver info: org.openqa.selenium.chrome.ChromeDriver
Capabilities {acceptInsecureCerts: false, acceptSslCerts: false, applicationCacheEnabled: false, browserConnectionEnabled: false, browserName: chrome, chrome: {chromedriverVersion: 73.0.3683.20 (8e2b610813e16..., userDataDir: C:\Users\LUKHOV~1\AppData\L...}, cssSelectorsEnabled: true, databaseEnabled: false, goog:chromeOptions: {debuggerAddress: localhost:64534}, handlesAlerts: true, hasTouchScreen: false, javascriptEnabled: true, locationContextEnabled: true, mobileEmulationEnabled: false, nativeEvents: true, networkConnectionEnabled: false, pageLoadStrategy: normal, platform: XP, platformName: XP, proxy: Proxy(), rotatable: false, setWindowRect: true, strictFileInteractability: false, takesHeapSnapshot: true, takesScreenshot: true, timeouts: {implicit: 0, pageLoad: 300000, script: 30000}, unexpectedAlertBehaviour: ignore, unhandledPromptBehavior: ignore, version: 71.0.3578.98, webStorageEnabled: true}
Session ID: d534b444774d718e0b098b83e5dc6fa7
org.openqa.selenium.NoSuchWindowException: no such window: target window already closed
from unknown error: web view not found
  (Session info: chrome=71.0.3578.98)
  (Driver info: chromedriver=73.0.3683.20 (8e2b610813e167eee3619ac4ce6e42e3ec622017),platform=Windows NT 10.0.16299 x86_64) (WARNING: The server did not provide any stacktrace information)
Command duration or timeout: 0 milliseconds
Build info: version: '3.141.59', revision: 'e82be7d358', time: '2018-11-14T08:17:03'
System info: host: 'PRIVATE-1074', ip: '10.8.1.74', os.name: 'Windows 10', os.arch: 'amd64', os.version: '10.0', java.version: '1.8.0_152'
Driver info: org.openqa.selenium.chrome.ChromeDriver
Capabilities {acceptInsecureCerts: false, acceptSslCerts: false, applicationCacheEnabled: false, browserConnectionEnabled: false, browserName: chrome, chrome: {chromedriverVersion: 73.0.3683.20 (8e2b610813e16..., userDataDir: C:\Users\LUKHOV~1\AppData\L...}, cssSelectorsEnabled: true, databaseEnabled: false, goog:chromeOptions: {debuggerAddress: localhost:64534}, handlesAlerts: true, hasTouchScreen: false, javascriptEnabled: true, locationContextEnabled: true, mobileEmulationEnabled: false, nativeEvents: true, networkConnectionEnabled: false, pageLoadStrategy: normal, platform: XP, platformName: XP, proxy: Proxy(), rotatable: false, setWindowRect: true, strictFileInteractability: false, takesHeapSnapshot: true, takesScreenshot: true, timeouts: {implicit: 0, pageLoad: 300000, script: 30000}, unexpectedAlertBehaviour: ignore, unhandledPromptBehavior: ignore, version: 71.0.3578.98, webStorageEnabled: true}
Session ID: d534b444774d718e0b098b83e5dc6fa7
	at sun.reflect.NativeConstructorAccessorImpl.newInstance0(Native Method)
	at sun.reflect.NativeConstructorAccessorImpl.newInstance(NativeConstructorAccessorImpl.java:62)
	at sun.reflect.DelegatingConstructorAccessorImpl.newInstance(DelegatingConstructorAccessorImpl.java:45)
	at java.lang.reflect.Constructor.newInstance(Constructor.java:423)
	at org.openqa.selenium.remote.ErrorHandler.createThrowable(ErrorHandler.java:214)
	at org.openqa.selenium.remote.ErrorHandler.throwIfResponseFailed(ErrorHandler.java:166)
	at org.openqa.selenium.remote.http.JsonHttpResponseCodec.reconstructValue(JsonHttpResponseCodec.java:40)
	at org.openqa.selenium.remote.http.AbstractHttpResponseCodec.decode(AbstractHttpResponseCodec.java:80)
	at org.openqa.selenium.remote.http.AbstractHttpResponseCodec.decode(AbstractHttpResponseCodec.java:44)
	at org.openqa.selenium.remote.HttpCommandExecutor.execute(HttpCommandExecutor.java:158)
	at org.openqa.selenium.remote.service.DriverCommandExecutor.execute(DriverCommandExecutor.java:83)
	at org.openqa.selenium.remote.RemoteWebDriver.execute(RemoteWebDriver.java:552)
	at org.openqa.selenium.remote.RemoteWebDriver.execute(RemoteWebDriver.java:609)
	at org.openqa.selenium.remote.RemoteWebDriver.getScreenshotAs(RemoteWebDriver.java:295)
	at com.codeborne.selenide.impl.ScreenShotLaboratory.takeScreenshotImage(ScreenShotLaboratory.java:251)
	at com.codeborne.selenide.impl.ScreenShotLaboratory.savePageImageToFile(ScreenShotLaboratory.java:180)
	at com.codeborne.selenide.impl.ScreenShotLaboratory.takeScreenShot(ScreenShotLaboratory.java:106)
	at com.codeborne.selenide.impl.ScreenShotLaboratory.takeScreenShot(ScreenShotLaboratory.java:80)
	at com.codeborne.selenide.impl.ScreenShotLaboratory.formatScreenShotPath(ScreenShotLaboratory.java:343)
	at com.codeborne.selenide.ex.UIAssertionError.wrapThrowable(UIAssertionError.java:65)
	at com.codeborne.selenide.ex.UIAssertionError.wrap(UIAssertionError.java:59)
	at com.codeborne.selenide.impl.SelenideElementProxy.invoke(SelenideElementProxy.java:68)
	at com.sun.proxy.$Proxy5.waitUntil(Unknown Source)
	at uk.co.idealflatmate.appmanager.FooterHelper.verificationInstagram(FooterHelper.java:91)
	at uk.co.idealflatmate.tests.FooterTest.footerInstagramLink(FooterTest.java:155)
	at sun.reflect.NativeMethodAccessorImpl.invoke0(Native Method)
	at sun.reflect.NativeMethodAccessorImpl.invoke(NativeMethodAccessorImpl.java:62)
	at sun.reflect.DelegatingMethodAccessorImpl.invoke(DelegatingMethodAccessorImpl.java:43)
	at java.lang.reflect.Method.invoke(Method.java:498)
	at org.testng.internal.MethodInvocationHelper.invokeMethod(MethodInvocationHelper.java:124)
	at org.testng.internal.Invoker.invokeMethod(Invoker.java:583)
	at org.testng.internal.Invoker.invokeTestMethod(Invoker.java:719)
	at org.testng.internal.Invoker.invokeTestMethods(Invoker.java:989)
	at org.testng.internal.TestMethodWorker.invokeTestMethods(TestMethodWorker.java:125)
	at org.testng.internal.TestMethodWorker.run(TestMethodWorker.java:109)
	at org.testng.TestRunner.privateRun(TestRunner.java:648)
	at org.testng.TestRunner.run(TestRunner.java:505)
	at org.testng.SuiteRunner.runTest(SuiteRunner.java:455)
	at org.testng.SuiteRunner.runSequentially(SuiteRunner.java:450)
	at org.testng.SuiteRunner.privateRun(SuiteRunner.java:415)
	at org.testng.SuiteRunner.run(SuiteRunner.java:364)
	at org.testng.SuiteRunnerWorker.runSuite(SuiteRunnerWorker.java:52)
	at org.testng.SuiteRunnerWorker.run(SuiteRunnerWorker.java:84)
	at org.testng.TestNG.runSuitesSequentially(TestNG.java:1208)
	at org.testng.TestNG.runSuitesLocally(TestNG.java:1137)
	at org.testng.TestNG.runSuites(TestNG.java:1049)
	at org.testng.TestNG.run(TestNG.java:1017)
	at org.apache.maven.surefire.testng.TestNGExecutor.run(TestNGExecutor.java:135)
	at org.apache.maven.surefire.testng.TestNGDirectoryTestSuite.executeMulti(TestNGDirectoryTestSuite.java:193)
	at org.apache.maven.surefire.testng.TestNGDirectoryTestSuite.execute(TestNGDirectoryTestSuite.java:94)
	at org.apache.maven.surefire.testng.TestNGProvider.invoke(TestNGProvider.java:146)
	at org.apache.maven.surefire.booter.ForkedBooter.invokeProviderInSameClassLoader(ForkedBooter.java:384)
	at org.apache.maven.surefire.booter.ForkedBooter.runSuitesInProcess(ForkedBooter.java:345)
	at org.apache.maven.surefire.booter.ForkedBooter.execute(ForkedBooter.java:126)
	at org.apache.maven.surefire.booter.ForkedBooter.main(ForkedBooter.java:418)

Feb 14, 2019 7:56:18 PM com.codeborne.selenide.Selenide getJavascriptErrors
WARNING: org.openqa.selenium.NoSuchWindowException: no such window: target window already closed
from unknown error: web view not found
  (Session info: chrome=71.0.3578.98)
  (Driver info: chromedriver=73.0.3683.20 (8e2b610813e167eee3619ac4ce6e42e3ec622017),platform=Windows NT 10.0.16299 x86_64) (WARNING: The server did not provide any stacktrace information)
Command duration or timeout: 0 milliseconds
Build info: version: '3.141.59', revision: 'e82be7d358', time: '2018-11-14T08:17:03'
System info: host: 'PRIVATE-1074', ip: '10.8.1.74', os.name: 'Windows 10', os.arch: 'amd64', os.version: '10.0', java.version: '1.8.0_152'
Driver info: org.openqa.selenium.chrome.ChromeDriver
Capabilities {acceptInsecureCerts: false, acceptSslCerts: false, applicationCacheEnabled: false, browserConnectionEnabled: false, browserName: chrome, chrome: {chromedriverVersion: 73.0.3683.20 (8e2b610813e16..., userDataDir: C:\Users\LUKHOV~1\AppData\L...}, cssSelectorsEnabled: true, databaseEnabled: false, goog:chromeOptions: {debuggerAddress: localhost:64534}, handlesAlerts: true, hasTouchScreen: false, javascriptEnabled: true, locationContextEnabled: true, mobileEmulationEnabled: false, nativeEvents: true, networkConnectionEnabled: false, pageLoadStrategy: normal, platform: XP, platformName: XP, proxy: Proxy(), rotatable: false, setWindowRect: true, strictFileInteractability: false, takesHeapSnapshot: true, takesScreenshot: true, timeouts: {implicit: 0, pageLoad: 300000, script: 30000}, unexpectedAlertBehaviour: ignore, unhandledPromptBehavior: ignore, version: 71.0.3578.98, webStorageEnabled: true}
Session ID: d534b444774d718e0b098b83e5dc6fa7
Feb 14, 2019 7:56:18 PM com.codeborne.selenide.impl.ScreenShotLaboratory printOnce
SEVERE: Failed to savePageSourceToFile: org.openqa.selenium.NoSuchWindowException: no such window: target window already closed
from unknown error: web view not found
  (Session info: chrome=71.0.3578.98)
  (Driver info: chromedriver=73.0.3683.20 (8e2b610813e167eee3619ac4ce6e42e3ec622017),platform=Windows NT 10.0.16299 x86_64) (WARNING: The server did not provide any stacktrace information)
Command duration or timeout: 0 milliseconds
Build info: version: '3.141.59', revision: 'e82be7d358', time: '2018-11-14T08:17:03'
System info: host: 'PRIVATE-1074', ip: '10.8.1.74', os.name: 'Windows 10', os.arch: 'amd64', os.version: '10.0', java.version: '1.8.0_152'
Driver info: org.openqa.selenium.chrome.ChromeDriver
Capabilities {acceptInsecureCerts: false, acceptSslCerts: false, applicationCacheEnabled: false, browserConnectionEnabled: false, browserName: chrome, chrome: {chromedriverVersion: 73.0.3683.20 (8e2b610813e16..., userDataDir: C:\Users\LUKHOV~1\AppData\L...}, cssSelectorsEnabled: true, databaseEnabled: false, goog:chromeOptions: {debuggerAddress: localhost:64534}, handlesAlerts: true, hasTouchScreen: false, javascriptEnabled: true, locationContextEnabled: true, mobileEmulationEnabled: false, nativeEvents: true, networkConnectionEnabled: false, pageLoadStrategy: normal, platform: XP, platformName: XP, proxy: Proxy(), rotatable: false, setWindowRect: true, strictFileInteractability: false, takesHeapSnapshot: true, takesScreenshot: true, timeouts: {implicit: 0, pageLoad: 300000, script: 30000}, unexpectedAlertBehaviour: ignore, unhandledPromptBehavior: ignore, version: 71.0.3578.98, webStorageEnabled: true}
Session ID: d534b444774d718e0b098b83e5dc6fa7
Feb 14, 2019 7:56:18 PM com.codeborne.selenide.impl.ScreenShotLaboratory printOnce
SEVERE: Failed to takeScreenshotImage: org.openqa.selenium.NoSuchWindowException: no such window: target window already closed
from unknown error: web view not found
  (Session info: chrome=71.0.3578.98)
  (Driver info: chromedriver=73.0.3683.20 (8e2b610813e167eee3619ac4ce6e42e3ec622017),platform=Windows NT 10.0.16299 x86_64) (WARNING: The server did not provide any stacktrace information)
Command duration or timeout: 0 milliseconds
Build info: version: '3.141.59', revision: 'e82be7d358', time: '2018-11-14T08:17:03'
System info: host: 'PRIVATE-1074', ip: '10.8.1.74', os.name: 'Windows 10', os.arch: 'amd64', os.version: '10.0', java.version: '1.8.0_152'
Driver info: org.openqa.selenium.chrome.ChromeDriver
Capabilities {acceptInsecureCerts: false, acceptSslCerts: false, applicationCacheEnabled: false, browserConnectionEnabled: false, browserName: chrome, chrome: {chromedriverVersion: 73.0.3683.20 (8e2b610813e16..., userDataDir: C:\Users\LUKHOV~1\AppData\L...}, cssSelectorsEnabled: true, databaseEnabled: false, goog:chromeOptions: {debuggerAddress: localhost:64534}, handlesAlerts: true, hasTouchScreen: false, javascriptEnabled: true, locationContextEnabled: true, mobileEmulationEnabled: false, nativeEvents: true, networkConnectionEnabled: false, pageLoadStrategy: normal, platform: XP, platformName: XP, proxy: Proxy(), rotatable: false, setWindowRect: true, strictFileInteractability: false, takesHeapSnapshot: true, takesScreenshot: true, timeouts: {implicit: 0, pageLoad: 300000, script: 30000}, unexpectedAlertBehaviour: ignore, unhandledPromptBehavior: ignore, version: 71.0.3578.98, webStorageEnabled: true}
Session ID: d534b444774d718e0b098b83e5dc6fa7
Feb 14, 2019 7:56:18 PM com.codeborne.selenide.Selenide getJavascriptErrors
WARNING: org.openqa.selenium.NoSuchWindowException: no such window: target window already closed
from unknown error: web view not found
  (Session info: chrome=71.0.3578.98)
  (Driver info: chromedriver=73.0.3683.20 (8e2b610813e167eee3619ac4ce6e42e3ec622017),platform=Windows NT 10.0.16299 x86_64) (WARNING: The server did not provide any stacktrace information)
Command duration or timeout: 0 milliseconds
Build info: version: '3.141.59', revision: 'e82be7d358', time: '2018-11-14T08:17:03'
System info: host: 'PRIVATE-1074', ip: '10.8.1.74', os.name: 'Windows 10', os.arch: 'amd64', os.version: '10.0', java.version: '1.8.0_152'
Driver info: org.openqa.selenium.chrome.ChromeDriver
Capabilities {acceptInsecureCerts: false, acceptSslCerts: false, applicationCacheEnabled: false, browserConnectionEnabled: false, browserName: chrome, chrome: {chromedriverVersion: 73.0.3683.20 (8e2b610813e16..., userDataDir: C:\Users\LUKHOV~1\AppData\L...}, cssSelectorsEnabled: true, databaseEnabled: false, goog:chromeOptions: {debuggerAddress: localhost:64534}, handlesAlerts: true, hasTouchScreen: false, javascriptEnabled: true, locationContextEnabled: true, mobileEmulationEnabled: false, nativeEvents: true, networkConnectionEnabled: false, pageLoadStrategy: normal, platform: XP, platformName: XP, proxy: Proxy(), rotatable: false, setWindowRect: true, strictFileInteractability: false, takesHeapSnapshot: true, takesScreenshot: true, timeouts: {implicit: 0, pageLoad: 300000, script: 30000}, unexpectedAlertBehaviour: ignore, unhandledPromptBehavior: ignore, version: 71.0.3578.98, webStorageEnabled: true}
Session ID: d534b444774d718e0b098b83e5dc6fa7
]]></system-err>
  </testcase>
  <testcase name="setupMethod" classname="uk.co.idealflatmate.tests.FooterTest" time="73.473">
    <failure message="no such window: target window already closed&#10;from unknown error: web view not found&#10;  (Session info: chrome=71.0.3578.98)&#10;  (Driver info: chromedriver=73.0.3683.20 (8e2b610813e167eee3619ac4ce6e42e3ec622017),platform=Windows NT 10.0.16299 x86_64) (WARNING: The server did not provide any stacktrace information)&#10;Command duration or timeout: 0 milliseconds&#10;Build info: version: &apos;3.141.59&apos;, revision: &apos;e82be7d358&apos;, time: &apos;2018-11-14T08:17:03&apos;&#10;System info: host: &apos;PRIVATE-1074&apos;, ip: &apos;10.8.1.74&apos;, os.name: &apos;Windows 10&apos;, os.arch: &apos;amd64&apos;, os.version: &apos;10.0&apos;, java.version: &apos;1.8.0_152&apos;&#10;Driver info: org.openqa.selenium.chrome.ChromeDriver&#10;Capabilities {acceptInsecureCerts: false, acceptSslCerts: false, applicationCacheEnabled: false, browserConnectionEnabled: false, browserName: chrome, chrome: {chromedriverVersion: 73.0.3683.20 (8e2b610813e16..., userDataDir: C:\Users\LUKHOV~1\AppData\L...}, cssSelectorsEnabled: true, databaseEnabled: false, goog:chromeOptions: {debuggerAddress: localhost:64534}, handlesAlerts: true, hasTouchScreen: false, javascriptEnabled: true, locationContextEnabled: true, mobileEmulationEnabled: false, nativeEvents: true, networkConnectionEnabled: false, pageLoadStrategy: normal, platform: XP, platformName: XP, proxy: Proxy(), rotatable: false, setWindowRect: true, strictFileInteractability: false, takesHeapSnapshot: true, takesScreenshot: true, timeouts: {implicit: 0, pageLoad: 300000, script: 30000}, unexpectedAlertBehaviour: ignore, unhandledPromptBehavior: ignore, version: 71.0.3578.98, webStorageEnabled: true}&#10;Session ID: d534b444774d718e0b098b83e5dc6fa7" type="org.openqa.selenium.NoSuchWindowException">org.openqa.selenium.NoSuchWindowException: 
no such window: target window already closed
from unknown error: web view not found
  (Session info: chrome=71.0.3578.98)
  (Driver info: chromedriver=73.0.3683.20 (8e2b610813e167eee3619ac4ce6e42e3ec622017),platform=Windows NT 10.0.16299 x86_64) (WARNING: The server did not provide any stacktrace information)
Command duration or timeout: 0 milliseconds
Build info: version: '3.141.59', revision: 'e82be7d358', time: '2018-11-14T08:17:03'
System info: host: 'PRIVATE-1074', ip: '10.8.1.74', os.name: 'Windows 10', os.arch: 'amd64', os.version: '10.0', java.version: '1.8.0_152'
Driver info: org.openqa.selenium.chrome.ChromeDriver
Capabilities {acceptInsecureCerts: false, acceptSslCerts: false, applicationCacheEnabled: false, browserConnectionEnabled: false, browserName: chrome, chrome: {chromedriverVersion: 73.0.3683.20 (8e2b610813e16..., userDataDir: C:\Users\LUKHOV~1\AppData\L...}, cssSelectorsEnabled: true, databaseEnabled: false, goog:chromeOptions: {debuggerAddress: localhost:64534}, handlesAlerts: true, hasTouchScreen: false, javascriptEnabled: true, locationContextEnabled: true, mobileEmulationEnabled: false, nativeEvents: true, networkConnectionEnabled: false, pageLoadStrategy: normal, platform: XP, platformName: XP, proxy: Proxy(), rotatable: false, setWindowRect: true, strictFileInteractability: false, takesHeapSnapshot: true, takesScreenshot: true, timeouts: {implicit: 0, pageLoad: 300000, script: 30000}, unexpectedAlertBehaviour: ignore, unhandledPromptBehavior: ignore, version: 71.0.3578.98, webStorageEnabled: true}
Session ID: d534b444774d718e0b098b83e5dc6fa7
</failure>
  </testcase>
  <testcase name="setupMethod" classname="uk.co.idealflatmate.tests.FooterTest" time="0">
    <skipped/>
  </testcase>
  <testcase name="setupMethod" classname="uk.co.idealflatmate.tests.FooterTest" time="0">
    <skipped/>
  </testcase>
  <testcase name="setupMethod" classname="uk.co.idealflatmate.tests.FooterTest" time="0">
    <skipped/>
  </testcase>
  <testcase name="setupMethod" classname="uk.co.idealflatmate.tests.FooterTest" time="0">
    <skipped/>
  </testcase>
  <testcase name="setupMethod" classname="uk.co.idealflatmate.tests.FooterTest" time="0">
    <skipped/>
  </testcase>
  <testcase name="setupMethod" classname="uk.co.idealflatmate.tests.FooterTest" time="0">
    <skipped/>
  </testcase>
  <testcase name="setupMethod" classname="uk.co.idealflatmate.tests.FooterTest" time="0">
    <skipped/>
  </testcase>
  <testcase name="footerMediaLink" classname="uk.co.idealflatmate.tests.FooterTest" time="0">
    <skipped message="no such window: target window already closed&#10;from unknown error: web view not found&#10;  (Session info: chrome=71.0.3578.98)&#10;  (Driver info: chromedriver=73.0.3683.20 (8e2b610813e167eee3619ac4ce6e42e3ec622017),platform=Windows NT 10.0.16299 x86_64) (WARNING: The server did not provide any stacktrace information)&#10;Command duration or timeout: 0 milliseconds&#10;Build info: version: &apos;3.141.59&apos;, revision: &apos;e82be7d358&apos;, time: &apos;2018-11-14T08:17:03&apos;&#10;System info: host: &apos;PRIVATE-1074&apos;, ip: &apos;10.8.1.74&apos;, os.name: &apos;Windows 10&apos;, os.arch: &apos;amd64&apos;, os.version: &apos;10.0&apos;, java.version: &apos;1.8.0_152&apos;&#10;Driver info: org.openqa.selenium.chrome.ChromeDriver&#10;Capabilities {acceptInsecureCerts: false, acceptSslCerts: false, applicationCacheEnabled: false, browserConnectionEnabled: false, browserName: chrome, chrome: {chromedriverVersion: 73.0.3683.20 (8e2b610813e16..., userDataDir: C:\Users\LUKHOV~1\AppData\L...}, cssSelectorsEnabled: true, databaseEnabled: false, goog:chromeOptions: {debuggerAddress: localhost:64534}, handlesAlerts: true, hasTouchScreen: false, javascriptEnabled: true, locationContextEnabled: true, mobileEmulationEnabled: false, nativeEvents: true, networkConnectionEnabled: false, pageLoadStrategy: normal, platform: XP, platformName: XP, proxy: Proxy(), rotatable: false, setWindowRect: true, strictFileInteractability: false, takesHeapSnapshot: true, takesScreenshot: true, timeouts: {implicit: 0, pageLoad: 300000, script: 30000}, unexpectedAlertBehaviour: ignore, unhandledPromptBehavior: ignore, version: 71.0.3578.98, webStorageEnabled: true}&#10;Session ID: d534b444774d718e0b098b83e5dc6fa7"/>
  </testcase>
  <testcase name="footerModern" classname="uk.co.idealflatmate.tests.FooterTest" time="0">
    <skipped message="no such window: target window already closed&#10;from unknown error: web view not found&#10;  (Session info: chrome=71.0.3578.98)&#10;  (Driver info: chromedriver=73.0.3683.20 (8e2b610813e167eee3619ac4ce6e42e3ec622017),platform=Windows NT 10.0.16299 x86_64) (WARNING: The server did not provide any stacktrace information)&#10;Command duration or timeout: 0 milliseconds&#10;Build info: version: &apos;3.141.59&apos;, revision: &apos;e82be7d358&apos;, time: &apos;2018-11-14T08:17:03&apos;&#10;System info: host: &apos;PRIVATE-1074&apos;, ip: &apos;10.8.1.74&apos;, os.name: &apos;Windows 10&apos;, os.arch: &apos;amd64&apos;, os.version: &apos;10.0&apos;, java.version: &apos;1.8.0_152&apos;&#10;Driver info: org.openqa.selenium.chrome.ChromeDriver&#10;Capabilities {acceptInsecureCerts: false, acceptSslCerts: false, applicationCacheEnabled: false, browserConnectionEnabled: false, browserName: chrome, chrome: {chromedriverVersion: 73.0.3683.20 (8e2b610813e16..., userDataDir: C:\Users\LUKHOV~1\AppData\L...}, cssSelectorsEnabled: true, databaseEnabled: false, goog:chromeOptions: {debuggerAddress: localhost:64534}, handlesAlerts: true, hasTouchScreen: false, javascriptEnabled: true, locationContextEnabled: true, mobileEmulationEnabled: false, nativeEvents: true, networkConnectionEnabled: false, pageLoadStrategy: normal, platform: XP, platformName: XP, proxy: Proxy(), rotatable: false, setWindowRect: true, strictFileInteractability: false, takesHeapSnapshot: true, takesScreenshot: true, timeouts: {implicit: 0, pageLoad: 300000, script: 30000}, unexpectedAlertBehaviour: ignore, unhandledPromptBehavior: ignore, version: 71.0.3578.98, webStorageEnabled: true}&#10;Session ID: d534b444774d718e0b098b83e5dc6fa7"/>
  </testcase>
  <testcase name="footerNLALink" classname="uk.co.idealflatmate.tests.FooterTest" time="0">
    <skipped message="no such window: target window already closed&#10;from unknown error: web view not found&#10;  (Session info: chrome=71.0.3578.98)&#10;  (Driver info: chromedriver=73.0.3683.20 (8e2b610813e167eee3619ac4ce6e42e3ec622017),platform=Windows NT 10.0.16299 x86_64) (WARNING: The server did not provide any stacktrace information)&#10;Command duration or timeout: 0 milliseconds&#10;Build info: version: &apos;3.141.59&apos;, revision: &apos;e82be7d358&apos;, time: &apos;2018-11-14T08:17:03&apos;&#10;System info: host: &apos;PRIVATE-1074&apos;, ip: &apos;10.8.1.74&apos;, os.name: &apos;Windows 10&apos;, os.arch: &apos;amd64&apos;, os.version: &apos;10.0&apos;, java.version: &apos;1.8.0_152&apos;&#10;Driver info: org.openqa.selenium.chrome.ChromeDriver&#10;Capabilities {acceptInsecureCerts: false, acceptSslCerts: false, applicationCacheEnabled: false, browserConnectionEnabled: false, browserName: chrome, chrome: {chromedriverVersion: 73.0.3683.20 (8e2b610813e16..., userDataDir: C:\Users\LUKHOV~1\AppData\L...}, cssSelectorsEnabled: true, databaseEnabled: false, goog:chromeOptions: {debuggerAddress: localhost:64534}, handlesAlerts: true, hasTouchScreen: false, javascriptEnabled: true, locationContextEnabled: true, mobileEmulationEnabled: false, nativeEvents: true, networkConnectionEnabled: false, pageLoadStrategy: normal, platform: XP, platformName: XP, proxy: Proxy(), rotatable: false, setWindowRect: true, strictFileInteractability: false, takesHeapSnapshot: true, takesScreenshot: true, timeouts: {implicit: 0, pageLoad: 300000, script: 30000}, unexpectedAlertBehaviour: ignore, unhandledPromptBehavior: ignore, version: 71.0.3578.98, webStorageEnabled: true}&#10;Session ID: d534b444774d718e0b098b83e5dc6fa7"/>
  </testcase>
  <testcase name="footerPressLink" classname="uk.co.idealflatmate.tests.FooterTest" time="0">
    <skipped message="no such window: target window already closed&#10;from unknown error: web view not found&#10;  (Session info: chrome=71.0.3578.98)&#10;  (Driver info: chromedriver=73.0.3683.20 (8e2b610813e167eee3619ac4ce6e42e3ec622017),platform=Windows NT 10.0.16299 x86_64) (WARNING: The server did not provide any stacktrace information)&#10;Command duration or timeout: 0 milliseconds&#10;Build info: version: &apos;3.141.59&apos;, revision: &apos;e82be7d358&apos;, time: &apos;2018-11-14T08:17:03&apos;&#10;System info: host: &apos;PRIVATE-1074&apos;, ip: &apos;10.8.1.74&apos;, os.name: &apos;Windows 10&apos;, os.arch: &apos;amd64&apos;, os.version: &apos;10.0&apos;, java.version: &apos;1.8.0_152&apos;&#10;Driver info: org.openqa.selenium.chrome.ChromeDriver&#10;Capabilities {acceptInsecureCerts: false, acceptSslCerts: false, applicationCacheEnabled: false, browserConnectionEnabled: false, browserName: chrome, chrome: {chromedriverVersion: 73.0.3683.20 (8e2b610813e16..., userDataDir: C:\Users\LUKHOV~1\AppData\L...}, cssSelectorsEnabled: true, databaseEnabled: false, goog:chromeOptions: {debuggerAddress: localhost:64534}, handlesAlerts: true, hasTouchScreen: false, javascriptEnabled: true, locationContextEnabled: true, mobileEmulationEnabled: false, nativeEvents: true, networkConnectionEnabled: false, pageLoadStrategy: normal, platform: XP, platformName: XP, proxy: Proxy(), rotatable: false, setWindowRect: true, strictFileInteractability: false, takesHeapSnapshot: true, takesScreenshot: true, timeouts: {implicit: 0, pageLoad: 300000, script: 30000}, unexpectedAlertBehaviour: ignore, unhandledPromptBehavior: ignore, version: 71.0.3578.98, webStorageEnabled: true}&#10;Session ID: d534b444774d718e0b098b83e5dc6fa7"/>
  </testcase>
  <testcase name="footerPricingLink" classname="uk.co.idealflatmate.tests.FooterTest" time="0">
    <skipped message="no such window: target window already closed&#10;from unknown error: web view not found&#10;  (Session info: chrome=71.0.3578.98)&#10;  (Driver info: chromedriver=73.0.3683.20 (8e2b610813e167eee3619ac4ce6e42e3ec622017),platform=Windows NT 10.0.16299 x86_64) (WARNING: The server did not provide any stacktrace information)&#10;Command duration or timeout: 0 milliseconds&#10;Build info: version: &apos;3.141.59&apos;, revision: &apos;e82be7d358&apos;, time: &apos;2018-11-14T08:17:03&apos;&#10;System info: host: &apos;PRIVATE-1074&apos;, ip: &apos;10.8.1.74&apos;, os.name: &apos;Windows 10&apos;, os.arch: &apos;amd64&apos;, os.version: &apos;10.0&apos;, java.version: &apos;1.8.0_152&apos;&#10;Driver info: org.openqa.selenium.chrome.ChromeDriver&#10;Capabilities {acceptInsecureCerts: false, acceptSslCerts: false, applicationCacheEnabled: false, browserConnectionEnabled: false, browserName: chrome, chrome: {chromedriverVersion: 73.0.3683.20 (8e2b610813e16..., userDataDir: C:\Users\LUKHOV~1\AppData\L...}, cssSelectorsEnabled: true, databaseEnabled: false, goog:chromeOptions: {debuggerAddress: localhost:64534}, handlesAlerts: true, hasTouchScreen: false, javascriptEnabled: true, locationContextEnabled: true, mobileEmulationEnabled: false, nativeEvents: true, networkConnectionEnabled: false, pageLoadStrategy: normal, platform: XP, platformName: XP, proxy: Proxy(), rotatable: false, setWindowRect: true, strictFileInteractability: false, takesHeapSnapshot: true, takesScreenshot: true, timeouts: {implicit: 0, pageLoad: 300000, script: 30000}, unexpectedAlertBehaviour: ignore, unhandledPromptBehavior: ignore, version: 71.0.3578.98, webStorageEnabled: true}&#10;Session ID: d534b444774d718e0b098b83e5dc6fa7"/>
  </testcase>
  <testcase name="footerStaySafeLink" classname="uk.co.idealflatmate.tests.FooterTest" time="0">
    <skipped message="no such window: target window already closed&#10;from unknown error: web view not found&#10;  (Session info: chrome=71.0.3578.98)&#10;  (Driver info: chromedriver=73.0.3683.20 (8e2b610813e167eee3619ac4ce6e42e3ec622017),platform=Windows NT 10.0.16299 x86_64) (WARNING: The server did not provide any stacktrace information)&#10;Command duration or timeout: 0 milliseconds&#10;Build info: version: &apos;3.141.59&apos;, revision: &apos;e82be7d358&apos;, time: &apos;2018-11-14T08:17:03&apos;&#10;System info: host: &apos;PRIVATE-1074&apos;, ip: &apos;10.8.1.74&apos;, os.name: &apos;Windows 10&apos;, os.arch: &apos;amd64&apos;, os.version: &apos;10.0&apos;, java.version: &apos;1.8.0_152&apos;&#10;Driver info: org.openqa.selenium.chrome.ChromeDriver&#10;Capabilities {acceptInsecureCerts: false, acceptSslCerts: false, applicationCacheEnabled: false, browserConnectionEnabled: false, browserName: chrome, chrome: {chromedriverVersion: 73.0.3683.20 (8e2b610813e16..., userDataDir: C:\Users\LUKHOV~1\AppData\L...}, cssSelectorsEnabled: true, databaseEnabled: false, goog:chromeOptions: {debuggerAddress: localhost:64534}, handlesAlerts: true, hasTouchScreen: false, javascriptEnabled: true, locationContextEnabled: true, mobileEmulationEnabled: false, nativeEvents: true, networkConnectionEnabled: false, pageLoadStrategy: normal, platform: XP, platformName: XP, proxy: Proxy(), rotatable: false, setWindowRect: true, strictFileInteractability: false, takesHeapSnapshot: true, takesScreenshot: true, timeouts: {implicit: 0, pageLoad: 300000, script: 30000}, unexpectedAlertBehaviour: ignore, unhandledPromptBehavior: ignore, version: 71.0.3578.98, webStorageEnabled: true}&#10;Session ID: d534b444774d718e0b098b83e5dc6fa7"/>
  </testcase>
  <testcase name="footerTwitterLink" classname="uk.co.idealflatmate.tests.FooterTest" time="0">
    <skipped message="no such window: target window already closed&#10;from unknown error: web view not found&#10;  (Session info: chrome=71.0.3578.98)&#10;  (Driver info: chromedriver=73.0.3683.20 (8e2b610813e167eee3619ac4ce6e42e3ec622017),platform=Windows NT 10.0.16299 x86_64) (WARNING: The server did not provide any stacktrace information)&#10;Command duration or timeout: 0 milliseconds&#10;Build info: version: &apos;3.141.59&apos;, revision: &apos;e82be7d358&apos;, time: &apos;2018-11-14T08:17:03&apos;&#10;System info: host: &apos;PRIVATE-1074&apos;, ip: &apos;10.8.1.74&apos;, os.name: &apos;Windows 10&apos;, os.arch: &apos;amd64&apos;, os.version: &apos;10.0&apos;, java.version: &apos;1.8.0_152&apos;&#10;Driver info: org.openqa.selenium.chrome.ChromeDriver&#10;Capabilities {acceptInsecureCerts: false, acceptSslCerts: false, applicationCacheEnabled: false, browserConnectionEnabled: false, browserName: chrome, chrome: {chromedriverVersion: 73.0.3683.20 (8e2b610813e16..., userDataDir: C:\Users\LUKHOV~1\AppData\L...}, cssSelectorsEnabled: true, databaseEnabled: false, goog:chromeOptions: {debuggerAddress: localhost:64534}, handlesAlerts: true, hasTouchScreen: false, javascriptEnabled: true, locationContextEnabled: true, mobileEmulationEnabled: false, nativeEvents: true, networkConnectionEnabled: false, pageLoadStrategy: normal, platform: XP, platformName: XP, proxy: Proxy(), rotatable: false, setWindowRect: true, strictFileInteractability: false, takesHeapSnapshot: true, takesScreenshot: true, timeouts: {implicit: 0, pageLoad: 300000, script: 30000}, unexpectedAlertBehaviour: ignore, unhandledPromptBehavior: ignore, version: 71.0.3578.98, webStorageEnabled: true}&#10;Session ID: d534b444774d718e0b098b83e5dc6fa7"/>
  </testcase>
  <testcase name="footerYoutubeLink" classname="uk.co.idealflatmate.tests.FooterTest" time="0">
    <skipped message="no such window: target window already closed&#10;from unknown error: web view not found&#10;  (Session info: chrome=71.0.3578.98)&#10;  (Driver info: chromedriver=73.0.3683.20 (8e2b610813e167eee3619ac4ce6e42e3ec622017),platform=Windows NT 10.0.16299 x86_64) (WARNING: The server did not provide any stacktrace information)&#10;Command duration or timeout: 0 milliseconds&#10;Build info: version: &apos;3.141.59&apos;, revision: &apos;e82be7d358&apos;, time: &apos;2018-11-14T08:17:03&apos;&#10;System info: host: &apos;PRIVATE-1074&apos;, ip: &apos;10.8.1.74&apos;, os.name: &apos;Windows 10&apos;, os.arch: &apos;amd64&apos;, os.version: &apos;10.0&apos;, java.version: &apos;1.8.0_152&apos;&#10;Driver info: org.openqa.selenium.chrome.ChromeDriver&#10;Capabilities {acceptInsecureCerts: false, acceptSslCerts: false, applicationCacheEnabled: false, browserConnectionEnabled: false, browserName: chrome, chrome: {chromedriverVersion: 73.0.3683.20 (8e2b610813e16..., userDataDir: C:\Users\LUKHOV~1\AppData\L...}, cssSelectorsEnabled: true, databaseEnabled: false, goog:chromeOptions: {debuggerAddress: localhost:64534}, handlesAlerts: true, hasTouchScreen: false, javascriptEnabled: true, locationContextEnabled: true, mobileEmulationEnabled: false, nativeEvents: true, networkConnectionEnabled: false, pageLoadStrategy: normal, platform: XP, platformName: XP, proxy: Proxy(), rotatable: false, setWindowRect: true, strictFileInteractability: false, takesHeapSnapshot: true, takesScreenshot: true, timeouts: {implicit: 0, pageLoad: 300000, script: 30000}, unexpectedAlertBehaviour: ignore, unhandledPromptBehavior: ignore, version: 71.0.3578.98, webStorageEnabled: true}&#10;Session ID: d534b444774d718e0b098b83e5dc6fa7"/>
  </testcase>
  <testcase name="tearDown" classname="uk.co.idealflatmate.tests.FooterTest" time="0">
    <skipped/>
  </testcase>
  <testcase name="amountOfBlocsAndTextOfAreas" classname="uk.co.idealflatmate.tests.HomePageTest" time="2.537"/>
  <testcase name="blogFM" classname="uk.co.idealflatmate.tests.HomePageTest" time="12.112"/>
  <testcase name="blogLandlord" classname="uk.co.idealflatmate.tests.HomePageTest" time="2.211"/>
  <testcase name="findOutMore" classname="uk.co.idealflatmate.tests.HomePageTest" time="4.546"/>
  <testcase name="findStartListing" classname="uk.co.idealflatmate.tests.HomePageTest" time="3.051"/>
  <testcase name="findStartMatchingLink" classname="uk.co.idealflatmate.tests.HomePageTest" time="2.954"/>
  <testcase name="pressLogo" classname="uk.co.idealflatmate.tests.HomePageTest" time="1.633"/>
  <testcase name="fullMenuNewUserWithVerifPerc" classname="uk.co.idealflatmate.tests.MatchingTests" time="77.961">
    <failure message="Element should have text &apos;Well done! Thanks for answering these questions. We can now match you with compatible flatmates. Remember, you can change your answers at any time in the вЂњIdeal MatchingвЂќ section on your dashboard.&apos; {By.xpath: //div[@class=&apos;alert alert-success&apos;]}&#10;Element: &apos;&lt;div class=&quot;alert alert-success&quot; role=&quot;alert&quot;&gt;Well done! Thanks for answering these questions. We can now match you with compatible flatmates. Remember, you can change your answers at any time in the “Ideal Matching” section on your dashboard.&lt;/div&gt;&apos;" type="com.codeborne.selenide.ex.ElementShould"><![CDATA[com.codeborne.selenide.ex.ElementShould: 
Element should have text 'Well done! Thanks for answering these questions. We can now match you with compatible flatmates. Remember, you can change your answers at any time in the вЂњIdeal MatchingвЂќ section on your dashboard.' {By.xpath: //div[@class='alert alert-success']}
Element: '<div class="alert alert-success" role="alert">Well done! Thanks for answering these questions. We can now match you with compatible flatmates. Remember, you can change your answers at any time in the “Ideal Matching” section on your dashboard.</div>'
	at uk.co.idealflatmate.tests.MatchingTests.fullMenuNewUserWithVerifPerc(MatchingTests.java:47)
]]></failure>
    <system-err><![CDATA[Feb 14, 2019 7:57:23 PM com.codeborne.selenide.impl.WebDriverThreadLocalContainer closeWebDriver
INFO: Close webdriver: 1 -> ChromeDriver: chrome on XP (c2612b66a28b6f2a6b24ca8af49e6236)
Feb 14, 2019 7:57:23 PM com.codeborne.selenide.impl.WebDriverThreadLocalContainer$CloseBrowser run
INFO: Trying to close the browser ChromeDriver ...
Feb 14, 2019 7:57:24 PM com.codeborne.selenide.impl.WebDriverThreadLocalContainer closeWebDriver
INFO: Closed webdriver in 890 ms
Feb 14, 2019 7:57:24 PM com.codeborne.selenide.impl.WebDriverThreadLocalContainer getWebDriver
INFO: No webdriver is bound to current thread: 1 - let's create new webdriver
Starting ChromeDriver 73.0.3683.20 (8e2b610813e167eee3619ac4ce6e42e3ec622017) on port 20504
Only local connections are allowed.
Please protect ports used by ChromeDriver and related test frameworks to prevent access by malicious code.
Feb 14, 2019 7:57:26 PM org.openqa.selenium.remote.ProtocolHandshake createSession
INFO: Detected dialect: OSS
Feb 14, 2019 7:57:27 PM com.codeborne.selenide.webdriver.WebDriverFactory logBrowserVersion
INFO: BrowserName=chrome Version=71.0.3578.98 Platform=XP
Feb 14, 2019 7:57:27 PM com.codeborne.selenide.webdriver.WebDriverFactory createWebDriver
INFO: Selenide v. 4.11.1
Feb 14, 2019 7:57:27 PM com.codeborne.selenide.webdriver.WebDriverFactory logSeleniumInfo
INFO: Selenium WebDriver v. 3.141.59 build time: 2018-11-14T08:17:03
Feb 14, 2019 7:57:27 PM com.codeborne.selenide.impl.WebDriverThreadLocalContainer createDriver
INFO: Create webdriver in current thread 1: ChromeDriver -> ChromeDriver: chrome on XP (bef1fcef874704974f31d3dada85b6b7)
]]></system-err>
  </testcase>
  <testcase name="startMatchingOnFMSearchPage" classname="uk.co.idealflatmate.tests.MatchingTests" time="14.338"/>
  <testcase name="startMatchingOnPropertyCard" classname="uk.co.idealflatmate.tests.MatchingTests" time="15.275">
    <failure message="Element not found {By.xpath: //header//nav//ul//li//a[contains(text(), &apos;Find a home&apos;)]}&#10;Expected: visible" type="com.codeborne.selenide.ex.ElementNotFound">com.codeborne.selenide.ex.ElementNotFound: 
Element not found {By.xpath: //header//nav//ul//li//a[contains(text(), 'Find a home')]}
Expected: visible
	at uk.co.idealflatmate.tests.MatchingTests.startMatchingOnPropertyCard(MatchingTests.java:91)
Caused by: org.openqa.selenium.NoSuchElementException: 
no such element: Unable to locate element: {"method":"xpath","selector":"//header//nav//ul//li//a[contains(text(), 'Find a home')]"}
  (Session info: chrome=71.0.3578.98)
  (Driver info: chromedriver=73.0.3683.20 (8e2b610813e167eee3619ac4ce6e42e3ec622017),platform=Windows NT 10.0.16299 x86_64) (WARNING: The server did not provide any stacktrace information)
Command duration or timeout: 0 milliseconds
For documentation on this error, please visit: https://www.seleniumhq.org/exceptions/no_such_element.html
Build info: version: '3.141.59', revision: 'e82be7d358', time: '2018-11-14T08:17:03'
System info: host: 'PRIVATE-1074', ip: '10.8.1.74', os.name: 'Windows 10', os.arch: 'amd64', os.version: '10.0', java.version: '1.8.0_152'
Driver info: org.openqa.selenium.chrome.ChromeDriver
Capabilities {acceptInsecureCerts: false, acceptSslCerts: false, applicationCacheEnabled: false, browserConnectionEnabled: false, browserName: chrome, chrome: {chromedriverVersion: 73.0.3683.20 (8e2b610813e16..., userDataDir: C:\Users\LUKHOV~1\AppData\L...}, cssSelectorsEnabled: true, databaseEnabled: false, goog:chromeOptions: {debuggerAddress: localhost:49484}, handlesAlerts: true, hasTouchScreen: false, javascriptEnabled: true, locationContextEnabled: true, mobileEmulationEnabled: false, nativeEvents: true, networkConnectionEnabled: false, pageLoadStrategy: normal, platform: XP, platformName: XP, proxy: Proxy(), rotatable: false, setWindowRect: true, strictFileInteractability: false, takesHeapSnapshot: true, takesScreenshot: true, timeouts: {implicit: 0, pageLoad: 300000, script: 30000}, unexpectedAlertBehaviour: ignore, unhandledPromptBehavior: ignore, version: 71.0.3578.98, webStorageEnabled: true}
Session ID: 89d67a3afa95ffa65595921493deea87
*** Element info: {Using=xpath, value=//header//nav//ul//li//a[contains(text(), 'Find a home')]}
	at uk.co.idealflatmate.tests.MatchingTests.startMatchingOnPropertyCard(MatchingTests.java:91)
</failure>
  </testcase>
  <testcase name="startMatchingQuizPropertyPage" classname="uk.co.idealflatmate.tests.MatchingTests" time="15.628"/>
  <testcase name="answMesFmWithoutSubsToFM" classname="uk.co.idealflatmate.tests.MessagesTest" time="21.848"/>
  <testcase name="answMesLandlToPremFHWithoutSubs" classname="uk.co.idealflatmate.tests.MessagesTest" time="32.985"/>
  <testcase name="fmWithoutSubsToLandlordWithoutSubsWithListFromList" classname="uk.co.idealflatmate.tests.MessagesTest" time="49.896"/>
  <testcase name="fmWithoutSubsTolordWithoutSubsWithListFromFMpage" classname="uk.co.idealflatmate.tests.MessagesTest" time="26.642"/>
  <testcase name="landlordWithoutSubsToFM" classname="uk.co.idealflatmate.tests.MessagesTest" time="15.257"/>
  <testcase name="lordWithSubsToFM" classname="uk.co.idealflatmate.tests.MessagesTest" time="15.037"/>
  <testcase name="premFmToLandlWithoutSubsWithListFromSearch" classname="uk.co.idealflatmate.tests.MessagesTest" time="24.106"/>
  <testcase name="readMessageByLandlWithoutSubsn" classname="uk.co.idealflatmate.tests.MessagesTest" time="15.904"/>
  <testcase name="AbilityToSeePhone" classname="uk.co.idealflatmate.tests.PaymentTests" time="17.108"/>
  <testcase name="GoPremiumFHPaymentOnMessage" classname="uk.co.idealflatmate.tests.PaymentTests" time="18.316"/>
  <testcase name="GoPremiumFHPaymentOnPhone" classname="uk.co.idealflatmate.tests.PaymentTests" time="18.23"/>
  <testcase name="agentProfWorldPay" classname="uk.co.idealflatmate.tests.PaymentTests" time="35.514">
    <failure message="Element not found {By.xpath: //form[@id=&apos;ProfessionalPaymentForm&apos;]//select[@id=&apos;paymentform-type_id&apos;]}&#10;Expected: exist" type="com.codeborne.selenide.ex.ElementNotFound">com.codeborne.selenide.ex.ElementNotFound: 
Element not found {By.xpath: //form[@id='ProfessionalPaymentForm']//select[@id='paymentform-type_id']}
Expected: exist
	at uk.co.idealflatmate.tests.PaymentTests.agentProfWorldPay(PaymentTests.java:273)
Caused by: org.openqa.selenium.NoSuchElementException: 
Cannot locate option containing text: 1 month - ВЈ34.99
For documentation on this error, please visit: https://www.seleniumhq.org/exceptions/no_such_element.html
Build info: version: '3.141.59', revision: 'e82be7d358', time: '2018-11-14T08:17:03'
System info: host: 'PRIVATE-1074', ip: '10.8.1.74', os.name: 'Windows 10', os.arch: 'amd64', os.version: '10.0', java.version: '1.8.0_152'
Driver info: driver.version: unknown
	at uk.co.idealflatmate.tests.PaymentTests.agentProfWorldPay(PaymentTests.java:273)
</failure>
  </testcase>
  <testcase name="lordInWorldPaidListingProf" classname="uk.co.idealflatmate.tests.PaymentTests" time="63.567">
    <failure message="Element not found {By.xpath: //form[@id=&apos;ProfessionalPaymentForm&apos;]//select[@id=&apos;paymentform-type_id&apos;]}&#10;Expected: exist" type="com.codeborne.selenide.ex.ElementNotFound">com.codeborne.selenide.ex.ElementNotFound: 
Element not found {By.xpath: //form[@id='ProfessionalPaymentForm']//select[@id='paymentform-type_id']}
Expected: exist
	at uk.co.idealflatmate.tests.PaymentTests.lordInWorldPaidListingProf(PaymentTests.java:224)
Caused by: org.openqa.selenium.NoSuchElementException: 
Cannot locate option containing text: 1 month - ВЈ44.99
For documentation on this error, please visit: https://www.seleniumhq.org/exceptions/no_such_element.html
Build info: version: '3.141.59', revision: 'e82be7d358', time: '2018-11-14T08:17:03'
System info: host: 'PRIVATE-1074', ip: '10.8.1.74', os.name: 'Windows 10', os.arch: 'amd64', os.version: '10.0', java.version: '1.8.0_152'
Driver info: driver.version: unknown
	at uk.co.idealflatmate.tests.PaymentTests.lordInWorldPaidListingProf(PaymentTests.java:224)
</failure>
    <system-err><![CDATA[Feb 14, 2019 8:05:22 PM com.codeborne.selenide.impl.WebDriverThreadLocalContainer closeWebDriver
INFO: Close webdriver: 1 -> ChromeDriver: chrome on XP (653eb0c4c30ca9fda41193fec7e482bd)
Feb 14, 2019 8:05:22 PM com.codeborne.selenide.impl.WebDriverThreadLocalContainer$CloseBrowser run
INFO: Trying to close the browser ChromeDriver ...
Feb 14, 2019 8:05:23 PM com.codeborne.selenide.impl.WebDriverThreadLocalContainer closeWebDriver
INFO: Closed webdriver in 848 ms
Starting ChromeDriver 73.0.3683.20 (8e2b610813e167eee3619ac4ce6e42e3ec622017) on port 47020
Only local connections are allowed.
Please protect ports used by ChromeDriver and related test frameworks to prevent access by malicious code.
Feb 14, 2019 8:05:25 PM org.openqa.selenium.remote.ProtocolHandshake createSession
INFO: Detected dialect: OSS
Feb 14, 2019 8:05:26 PM com.codeborne.selenide.webdriver.WebDriverFactory logBrowserVersion
INFO: BrowserName=chrome Version=71.0.3578.98 Platform=XP
Feb 14, 2019 8:05:26 PM com.codeborne.selenide.webdriver.WebDriverFactory createWebDriver
INFO: Selenide v. 4.11.1
Feb 14, 2019 8:05:26 PM com.codeborne.selenide.webdriver.WebDriverFactory logSeleniumInfo
INFO: Selenium WebDriver v. 3.141.59 build time: 2018-11-14T08:17:03
Feb 14, 2019 8:05:26 PM com.codeborne.selenide.impl.WebDriverThreadLocalContainer createDriver
INFO: Create webdriver in current thread 1: ChromeDriver -> ChromeDriver: chrome on XP (ee000e8129127daeacd54567015f5bde)
]]></system-err>
  </testcase>
  <testcase name="lordInWorldPaylistingEssen" classname="uk.co.idealflatmate.tests.PaymentTests" time="69.892">
    <failure message="Element not found {By.xpath: //form[@id=&apos;EssentialPaymentForm&apos;]//select[@id=&apos;paymentform-type_id&apos;]}&#10;Expected: exist" type="com.codeborne.selenide.ex.ElementNotFound">com.codeborne.selenide.ex.ElementNotFound: 
Element not found {By.xpath: //form[@id='EssentialPaymentForm']//select[@id='paymentform-type_id']}
Expected: exist
	at uk.co.idealflatmate.tests.PaymentTests.lordInWorldPaylistingEssen(PaymentTests.java:119)
Caused by: org.openqa.selenium.NoSuchElementException: 
Cannot locate option containing text: 1 month Essentials - ВЈ16.99
For documentation on this error, please visit: https://www.seleniumhq.org/exceptions/no_such_element.html
Build info: version: '3.141.59', revision: 'e82be7d358', time: '2018-11-14T08:17:03'
System info: host: 'PRIVATE-1074', ip: '10.8.1.74', os.name: 'Windows 10', os.arch: 'amd64', os.version: '10.0', java.version: '1.8.0_152'
Driver info: driver.version: unknown
	at uk.co.idealflatmate.tests.PaymentTests.lordInWorldPaylistingEssen(PaymentTests.java:119)
</failure>
    <system-err><![CDATA[Feb 14, 2019 8:06:34 PM com.codeborne.selenide.impl.WebDriverThreadLocalContainer closeWebDriver
INFO: Close webdriver: 1 -> ChromeDriver: chrome on XP (ee000e8129127daeacd54567015f5bde)
Feb 14, 2019 8:06:34 PM com.codeborne.selenide.impl.WebDriverThreadLocalContainer$CloseBrowser run
INFO: Trying to close the browser ChromeDriver ...
Feb 14, 2019 8:06:35 PM com.codeborne.selenide.impl.WebDriverThreadLocalContainer closeWebDriver
INFO: Closed webdriver in 777 ms
Starting ChromeDriver 73.0.3683.20 (8e2b610813e167eee3619ac4ce6e42e3ec622017) on port 10439
Only local connections are allowed.
Please protect ports used by ChromeDriver and related test frameworks to prevent access by malicious code.
Feb 14, 2019 8:06:37 PM org.openqa.selenium.remote.ProtocolHandshake createSession
INFO: Detected dialect: OSS
Feb 14, 2019 8:06:38 PM com.codeborne.selenide.webdriver.WebDriverFactory logBrowserVersion
INFO: BrowserName=chrome Version=71.0.3578.98 Platform=XP
Feb 14, 2019 8:06:38 PM com.codeborne.selenide.webdriver.WebDriverFactory createWebDriver
INFO: Selenide v. 4.11.1
Feb 14, 2019 8:06:38 PM com.codeborne.selenide.webdriver.WebDriverFactory logSeleniumInfo
INFO: Selenium WebDriver v. 3.141.59 build time: 2018-11-14T08:17:03
Feb 14, 2019 8:06:38 PM com.codeborne.selenide.impl.WebDriverThreadLocalContainer createDriver
INFO: Create webdriver in current thread 1: ChromeDriver -> ChromeDriver: chrome on XP (1dea642de2fd5b1c3195c08d4cc83b28)
]]></system-err>
  </testcase>
  <testcase name="lordOutWorldPaylistingPrem" classname="uk.co.idealflatmate.tests.PaymentTests" time="74.993">
    <failure message="Element not found {By.xpath: //form[@id=&apos;PremiumPaymentForm&apos;]//select[@id=&apos;paymentform-type_id&apos;]}&#10;Expected: exist" type="com.codeborne.selenide.ex.ElementNotFound">com.codeborne.selenide.ex.ElementNotFound: 
Element not found {By.xpath: //form[@id='PremiumPaymentForm']//select[@id='paymentform-type_id']}
Expected: exist
	at uk.co.idealflatmate.tests.PaymentTests.lordOutWorldPaylistingPrem(PaymentTests.java:174)
Caused by: org.openqa.selenium.NoSuchElementException: 
Cannot locate option containing text: 1 week Premium - ВЈ12.99
For documentation on this error, please visit: https://www.seleniumhq.org/exceptions/no_such_element.html
Build info: version: '3.141.59', revision: 'e82be7d358', time: '2018-11-14T08:17:03'
System info: host: 'PRIVATE-1074', ip: '10.8.1.74', os.name: 'Windows 10', os.arch: 'amd64', os.version: '10.0', java.version: '1.8.0_152'
Driver info: driver.version: unknown
	at uk.co.idealflatmate.tests.PaymentTests.lordOutWorldPaylistingPrem(PaymentTests.java:174)
</failure>
    <system-err><![CDATA[Feb 14, 2019 8:07:53 PM com.codeborne.selenide.impl.WebDriverThreadLocalContainer closeWebDriver
INFO: Close webdriver: 1 -> ChromeDriver: chrome on XP (1dea642de2fd5b1c3195c08d4cc83b28)
Feb 14, 2019 8:07:53 PM com.codeborne.selenide.impl.WebDriverThreadLocalContainer$CloseBrowser run
INFO: Trying to close the browser ChromeDriver ...
Feb 14, 2019 8:07:54 PM com.codeborne.selenide.impl.WebDriverThreadLocalContainer closeWebDriver
INFO: Closed webdriver in 765 ms
Starting ChromeDriver 73.0.3683.20 (8e2b610813e167eee3619ac4ce6e42e3ec622017) on port 31412
Only local connections are allowed.
Please protect ports used by ChromeDriver and related test frameworks to prevent access by malicious code.
Feb 14, 2019 8:07:56 PM org.openqa.selenium.remote.ProtocolHandshake createSession
INFO: Detected dialect: OSS
Feb 14, 2019 8:07:57 PM com.codeborne.selenide.webdriver.WebDriverFactory logBrowserVersion
INFO: BrowserName=chrome Version=71.0.3578.98 Platform=XP
Feb 14, 2019 8:07:57 PM com.codeborne.selenide.webdriver.WebDriverFactory createWebDriver
INFO: Selenide v. 4.11.1
Feb 14, 2019 8:07:57 PM com.codeborne.selenide.webdriver.WebDriverFactory logSeleniumInfo
INFO: Selenium WebDriver v. 3.141.59 build time: 2018-11-14T08:17:03
Feb 14, 2019 8:07:57 PM com.codeborne.selenide.impl.WebDriverThreadLocalContainer createDriver
INFO: Create webdriver in current thread 1: ChromeDriver -> ChromeDriver: chrome on XP (ee0ff5a740cddbf6cffe4c3935bd3657)
]]></system-err>
  </testcase>
  <testcase name="premiumFHPaymentWorldPay" classname="uk.co.idealflatmate.tests.PaymentTests" time="51.74">
    <failure message="Element should have text &apos;ВЈ3.99 (week)&apos; {By.xpath: (//td[@class=&apos;u_p20-top text-primary&apos;])[1]}&#10;Element: &apos;&lt;td class=&quot;u_p20-top text-primary&quot;&gt;£3.99 (week)&lt;/td&gt;&apos;" type="com.codeborne.selenide.ex.ElementShould"><![CDATA[com.codeborne.selenide.ex.ElementShould: 
Element should have text 'ВЈ3.99 (week)' {By.xpath: (//td[@class='u_p20-top text-primary'])[1]}
Element: '<td class="u_p20-top text-primary">£3.99 (week)</td>'
	at uk.co.idealflatmate.tests.PaymentTests.premiumFHPaymentWorldPay(PaymentTests.java:85)
]]></failure>
    <system-err><![CDATA[Feb 14, 2019 8:09:17 PM com.codeborne.selenide.impl.WebDriverThreadLocalContainer closeWebDriver
INFO: Close webdriver: 1 -> ChromeDriver: chrome on XP (ee0ff5a740cddbf6cffe4c3935bd3657)
Feb 14, 2019 8:09:17 PM com.codeborne.selenide.impl.WebDriverThreadLocalContainer$CloseBrowser run
INFO: Trying to close the browser ChromeDriver ...
Feb 14, 2019 8:09:18 PM com.codeborne.selenide.impl.WebDriverThreadLocalContainer closeWebDriver
INFO: Closed webdriver in 780 ms
Starting ChromeDriver 73.0.3683.20 (8e2b610813e167eee3619ac4ce6e42e3ec622017) on port 41907
Only local connections are allowed.
Please protect ports used by ChromeDriver and related test frameworks to prevent access by malicious code.
Feb 14, 2019 8:09:20 PM org.openqa.selenium.remote.ProtocolHandshake createSession
INFO: Detected dialect: OSS
Feb 14, 2019 8:09:21 PM com.codeborne.selenide.webdriver.WebDriverFactory logBrowserVersion
INFO: BrowserName=chrome Version=71.0.3578.98 Platform=XP
Feb 14, 2019 8:09:21 PM com.codeborne.selenide.webdriver.WebDriverFactory createWebDriver
INFO: Selenide v. 4.11.1
Feb 14, 2019 8:09:21 PM com.codeborne.selenide.webdriver.WebDriverFactory logSeleniumInfo
INFO: Selenium WebDriver v. 3.141.59 build time: 2018-11-14T08:17:03
Feb 14, 2019 8:09:21 PM com.codeborne.selenide.impl.WebDriverThreadLocalContainer createDriver
INFO: Create webdriver in current thread 1: ChromeDriver -> ChromeDriver: chrome on XP (a977c4b2de82ce0034441a2c5c21f14c)
]]></system-err>
  </testcase>
  <testcase name="applyAdvancedFiltersDefault" classname="uk.co.idealflatmate.tests.SearchFMPageTests" time="56.408"/>
  <testcase name="applyMoreFilters" classname="uk.co.idealflatmate.tests.SearchFMPageTests" time="13.191"/>
  <testcase name="applyMoreFiltersPhotoNoList" classname="uk.co.idealflatmate.tests.SearchFMPageTests" time="22.68"/>
  <testcase name="applyMoreFiltersPhotoWithList" classname="uk.co.idealflatmate.tests.SearchFMPageTests" time="18.557"/>
  <testcase name="fmSearchBy" classname="uk.co.idealflatmate.tests.SearchFMPageTests" time="7.559"/>
  <testcase name="searchPagination" classname="uk.co.idealflatmate.tests.SearchFMPageTests" time="25.92"/>
  <testcase name="sortListingLoggedIn" classname="uk.co.idealflatmate.tests.SearchFMPageTests" time="42.679"/>
  <testcase name="TestSearchHomeByEnter" classname="uk.co.idealflatmate.tests.SearchHomePageTests" time="8.894"/>
  <testcase name="searchHomeByButton" classname="uk.co.idealflatmate.tests.SearchHomePageTests" time="10.62"/>
  <testcase name="searchHomeIDProperty" classname="uk.co.idealflatmate.tests.SearchHomePageTests" time="10.573"/>
  <testcase name="searchHomeLocationFromList" classname="uk.co.idealflatmate.tests.SearchHomePageTests" time="8.961"/>
  <testcase name="searchHomePartOfLocationName" classname="uk.co.idealflatmate.tests.SearchHomePageTests" time="9.419"/>
  <testcase name="applyAdvancedFiltersDefault" classname="uk.co.idealflatmate.tests.SearchPropertiesPageTests" time="58.095"/>
  <testcase name="applyMoreFilters" classname="uk.co.idealflatmate.tests.SearchPropertiesPageTests" time="11.433"/>
  <testcase name="propertySearchByDropDown" classname="uk.co.idealflatmate.tests.SearchPropertiesPageTests" time="8.779"/>
  <testcase name="searchEastLDNPagination" classname="uk.co.idealflatmate.tests.SearchPropertiesPageTests" time="28.06"/>
  <testcase name="searchPagination" classname="uk.co.idealflatmate.tests.SearchPropertiesPageTests" time="29.126"/>
  <testcase name="searchZone1Pagination" classname="uk.co.idealflatmate.tests.SearchPropertiesPageTests" time="10.827"/>
  <testcase name="sortListing" classname="uk.co.idealflatmate.tests.SearchPropertiesPageTests" time="40.135"/>
  <testcase name="sortListingWith2Rooms" classname="uk.co.idealflatmate.tests.SearchPropertiesPageTests" time="8.67"/>
  <testcase name="testHeaderRoomSignUpHomePageTenant" classname="uk.co.idealflatmate.tests.SignUpTest" time="61.772"/>
  <testcase name="testHeaderSignUpHomePageFMSearchLiv_inWithoutAbout" classname="uk.co.idealflatmate.tests.SignUpTest" time="33.645"/>
  <testcase name="testHeaderSignUpViaFacebook" classname="uk.co.idealflatmate.tests.SignUpTest" time="52.711"/>
  <testcase name="testHeaderSignUpWithBlankRequiredFieldsBudget" classname="uk.co.idealflatmate.tests.SignUpTest" time="36.303"/>
  <testcase name="testHeaderSignUpWithBlankRequiredFieldsLocation" classname="uk.co.idealflatmate.tests.SignUpTest" time="33.078"/>
  <testcase name="testHeaderSignUpWithBlankRequiredFieldsMoreAboutYou" classname="uk.co.idealflatmate.tests.SignUpTest" time="17.048"/>
  <testcase name="testHeaderSignUpWithBlankRequiredFieldsYourInf" classname="uk.co.idealflatmate.tests.SignUpTest" time="8.273"/>
  <testcase name="testHeaderSignUpWithExistingEmail" classname="uk.co.idealflatmate.tests.SignUpTest" time="14.91"/>
  <testcase name="testListingSignUpFromHomepage" classname="uk.co.idealflatmate.tests.SignUpTest" time="28.769"/>
  <testcase name="testListingSignUpHeader" classname="uk.co.idealflatmate.tests.SignUpTest" time="5.163">
    <failure message="Element not found {By.xpath: //label[starts-with(@for,&apos;type_id_&apos;) and contains(.,&apos;Live-out landlord&apos;)]}&#10;Expected: visible" type="com.codeborne.selenide.ex.ElementNotFound">com.codeborne.selenide.ex.ElementNotFound: 
Element not found {By.xpath: //label[starts-with(@for,'type_id_') and contains(.,'Live-out landlord')]}
Expected: visible
	at uk.co.idealflatmate.tests.SignUpTest.testListingSignUpHeader(SignUpTest.java:375)
Caused by: org.openqa.selenium.NoSuchElementException: 
no such element: Unable to locate element: {"method":"xpath","selector":"//label[starts-with(@for,'type_id_') and contains(.,'Live-out landlord')]"}
  (Session info: chrome=71.0.3578.98)
  (Driver info: chromedriver=73.0.3683.20 (8e2b610813e167eee3619ac4ce6e42e3ec622017),platform=Windows NT 10.0.16299 x86_64) (WARNING: The server did not provide any stacktrace information)
Command duration or timeout: 0 milliseconds
For documentation on this error, please visit: https://www.seleniumhq.org/exceptions/no_such_element.html
Build info: version: '3.141.59', revision: 'e82be7d358', time: '2018-11-14T08:17:03'
System info: host: 'PRIVATE-1074', ip: '10.8.1.74', os.name: 'Windows 10', os.arch: 'amd64', os.version: '10.0', java.version: '1.8.0_152'
Driver info: org.openqa.selenium.chrome.ChromeDriver
Capabilities {acceptInsecureCerts: false, acceptSslCerts: false, applicationCacheEnabled: false, browserConnectionEnabled: false, browserName: chrome, chrome: {chromedriverVersion: 73.0.3683.20 (8e2b610813e16..., userDataDir: C:\Users\LUKHOV~1\AppData\L...}, cssSelectorsEnabled: true, databaseEnabled: false, goog:chromeOptions: {debuggerAddress: localhost:56554}, handlesAlerts: true, hasTouchScreen: false, javascriptEnabled: true, locationContextEnabled: true, mobileEmulationEnabled: false, nativeEvents: true, networkConnectionEnabled: false, pageLoadStrategy: normal, platform: XP, platformName: XP, proxy: Proxy(), rotatable: false, setWindowRect: true, strictFileInteractability: false, takesHeapSnapshot: true, takesScreenshot: true, timeouts: {implicit: 0, pageLoad: 300000, script: 30000}, unexpectedAlertBehaviour: ignore, unhandledPromptBehavior: ignore, version: 71.0.3578.98, webStorageEnabled: true}
Session ID: 759d4d18a4305a5724ca008c18586233
*** Element info: {Using=xpath, value=//label[starts-with(@for,'type_id_') and contains(.,'Live-out landlord')]}
	at uk.co.idealflatmate.tests.SignUpTest.testListingSignUpHeader(SignUpTest.java:375)
</failure>
  </testcase>
  <testcase name="testSignUpBlankFieldsPropAddRentBlock" classname="uk.co.idealflatmate.tests.SignUpTest" time="12.449">
    <failure message="Element not found {By.xpath: //div[starts-with(@class, &apos;col-md-7 u_p15 u_p0-right&apos;)]//a[contains(., &apos;Add&apos;)]}&#10;Expected: exist" type="com.codeborne.selenide.ex.ElementNotFound"><![CDATA[com.codeborne.selenide.ex.ElementNotFound: 
Element not found {By.xpath: //div[starts-with(@class, 'col-md-7 u_p15 u_p0-right')]//a[contains(., 'Add')]}
Expected: exist
	at uk.co.idealflatmate.tests.SignUpTest.testSignUpBlankFieldsPropAddRentBlock(SignUpTest.java:16)
Caused by: org.openqa.selenium.WebDriverException: 
unknown error: Element <a href="/create" class="btn btn-primary u_m10-top">...</a> is not clickable at point (1124, 22). Other element would receive the click: <a href="/create" onclick="">...</a>
  (Session info: chrome=71.0.3578.98)
  (Driver info: chromedriver=73.0.3683.20 (8e2b610813e167eee3619ac4ce6e42e3ec622017),platform=Windows NT 10.0.16299 x86_64) (WARNING: The server did not provide any stacktrace information)
Command duration or timeout: 0 milliseconds
Build info: version: '3.141.59', revision: 'e82be7d358', time: '2018-11-14T08:17:03'
System info: host: 'PRIVATE-1074', ip: '10.8.1.74', os.name: 'Windows 10', os.arch: 'amd64', os.version: '10.0', java.version: '1.8.0_152'
Driver info: org.openqa.selenium.chrome.ChromeDriver
Capabilities {acceptInsecureCerts: false, acceptSslCerts: false, applicationCacheEnabled: false, browserConnectionEnabled: false, browserName: chrome, chrome: {chromedriverVersion: 73.0.3683.20 (8e2b610813e16..., userDataDir: C:\Users\LUKHOV~1\AppData\L...}, cssSelectorsEnabled: true, databaseEnabled: false, goog:chromeOptions: {debuggerAddress: localhost:56554}, handlesAlerts: true, hasTouchScreen: false, javascriptEnabled: true, locationContextEnabled: true, mobileEmulationEnabled: false, nativeEvents: true, networkConnectionEnabled: false, pageLoadStrategy: normal, platform: XP, platformName: XP, proxy: Proxy(), rotatable: false, setWindowRect: true, strictFileInteractability: false, takesHeapSnapshot: true, takesScreenshot: true, timeouts: {implicit: 0, pageLoad: 300000, script: 30000}, unexpectedAlertBehaviour: ignore, unhandledPromptBehavior: ignore, version: 71.0.3578.98, webStorageEnabled: true}
Session ID: 759d4d18a4305a5724ca008c18586233
	at uk.co.idealflatmate.tests.SignUpTest.testSignUpBlankFieldsPropAddRentBlock(SignUpTest.java:16)
]]></failure>
  </testcase>
  <testcase name="testSignUpBlankFieldsPropAddWorkBlock" classname="uk.co.idealflatmate.tests.SignUpTest" time="8.559"/>
  <testcase name="testSignUpViaFBlistingAgent" classname="uk.co.idealflatmate.tests.SignUpTest" time="34.653"/>
</testsuite>