<?xml version="1.0" encoding="UTF-8"?>
<testng-results skipped="0" failed="46" ignored="0" total="105" passed="59">
  <reporter-output>
  </reporter-output>
  <suite name="suite" duration-ms="27977054" started-at="2019-01-22T18:56:41Z" finished-at="2019-01-23T02:42:58Z">
    <groups>
    </groups>
    <test name="Test1" duration-ms="27977054" started-at="2019-01-22T18:56:41Z" finished-at="2019-01-23T02:42:58Z">
      <class name="uk.co.idealflatmate.tests.HomePageTest">
        <test-method status="PASS" signature="setupClass()[pri:0, instance:uk.co.idealflatmate.tests.HomePageTest@13805618]" name="setupClass" is-config="true" duration-ms="5787" started-at="2019-01-22T19:06:06Z" finished-at="2019-01-22T19:06:12Z">
          <reporter-output>
          </reporter-output>
        </test-method> <!-- setupClass -->
        <test-method status="PASS" signature="amountOfBlocsAndTextOfAreas()[pri:0, instance:uk.co.idealflatmate.tests.HomePageTest@13805618]" name="amountOfBlocsAndTextOfAreas" duration-ms="417" started-at="2019-01-22T19:06:12Z" finished-at="2019-01-22T19:06:12Z">
          <reporter-output>
          </reporter-output>
        </test-method> <!-- amountOfBlocsAndTextOfAreas -->
        <test-method status="FAIL" signature="blogFM()[pri:0, instance:uk.co.idealflatmate.tests.HomePageTest@13805618]" name="blogFM" duration-ms="12866" started-at="2019-01-22T19:06:12Z" finished-at="2019-01-22T19:06:25Z">
          <exception class="com.codeborne.selenide.ex.ElementShould">
            <message>
              <![CDATA[Element should have text 'You are a landlord? Head to our landlord HQ here В»' {By.xpath: //section[@class='page-heading blog-splash']//div[@class='blog-hq-switch container']/a}
Element: '<a class="link-white-inversed" href="https://www.idealflatmate.co.uk/landlord-HQ/">You are a landlord? Head to our landlord HQ here »</a>']]>
            </message>
            <full-stacktrace>
              <![CDATA[Element should have text 'You are a landlord? Head to our landlord HQ here В»' {By.xpath: //section[@class='page-heading blog-splash']//div[@class='blog-hq-switch container']/a}
Element: '<a class="link-white-inversed" href="https://www.idealflatmate.co.uk/landlord-HQ/">You are a landlord? Head to our landlord HQ here »</a>'
Screenshot: file:/C:/Users/lukhovytskyi/Documents/GitHub/idealflatmatetest/build/reports/tests/1548183984620.9.png
Page source: file:/C:/Users/lukhovytskyi/Documents/GitHub/idealflatmatetest/build/reports/tests/1548183984620.9.html
Timeout: 10 s.
at com.codeborne.selenide.impl.WebElementSource.checkCondition(WebElementSource.java:66)
at com.codeborne.selenide.commands.Should.should(Should.java:35)
at com.codeborne.selenide.commands.Should.execute(Should.java:29)
at com.codeborne.selenide.commands.Should.execute(Should.java:12)
at com.codeborne.selenide.commands.Commands.execute(Commands.java:144)
at com.codeborne.selenide.impl.SelenideElementProxy.dispatchAndRetry(SelenideElementProxy.java:87)
at com.codeborne.selenide.impl.SelenideElementProxy.invoke(SelenideElementProxy.java:63)
at com.sun.proxy.$Proxy5.shouldHave(Unknown Source)
at uk.co.idealflatmate.appmanager.VerificationHelper.FMBlogPage(VerificationHelper.java:729)
at uk.co.idealflatmate.tests.HomePageTest.blogFM(HomePageTest.java:60)
at sun.reflect.NativeMethodAccessorImpl.invoke0(Native Method)
at sun.reflect.NativeMethodAccessorImpl.invoke(NativeMethodAccessorImpl.java:62)
at sun.reflect.DelegatingMethodAccessorImpl.invoke(DelegatingMethodAccessorImpl.java:43)
at java.lang.reflect.Method.invoke(Method.java:498)
at org.testng.internal.MethodInvocationHelper.invokeMethod(MethodInvocationHelper.java:124)
at org.testng.internal.Invoker.invokeMethod(Invoker.java:583)
at org.testng.internal.Invoker.invokeTestMethod(Invoker.java:719)
at org.testng.internal.Invoker.invokeTestMethods(Invoker.java:989)
at org.testng.internal.TestMethodWorker.invokeTestMethods(TestMethodWorker.java:125)
at org.testng.internal.TestMethodWorker.run(TestMethodWorker.java:109)
at org.testng.TestRunner.privateRun(TestRunner.java:648)
at org.testng.TestRunner.run(TestRunner.java:505)
at org.testng.SuiteRunner.runTest(SuiteRunner.java:455)
at org.testng.SuiteRunner.runSequentially(SuiteRunner.java:450)
at org.testng.SuiteRunner.privateRun(SuiteRunner.java:415)
at org.testng.SuiteRunner.run(SuiteRunner.java:364)
at org.testng.SuiteRunnerWorker.runSuite(SuiteRunnerWorker.java:52)
at org.testng.SuiteRunnerWorker.run(SuiteRunnerWorker.java:84)
at org.testng.TestNG.runSuitesSequentially(TestNG.java:1208)
at org.testng.TestNG.runSuitesLocally(TestNG.java:1137)
at org.testng.TestNG.runSuites(TestNG.java:1049)
at org.testng.TestNG.run(TestNG.java:1017)
at org.apache.maven.surefire.testng.TestNGExecutor.run(TestNGExecutor.java:122)
at org.apache.maven.surefire.testng.TestNGXmlTestSuite.execute(TestNGXmlTestSuite.java:88)
at org.apache.maven.surefire.testng.TestNGProvider.invoke(TestNGProvider.java:104)
at sun.reflect.NativeMethodAccessorImpl.invoke0(Native Method)
at sun.reflect.NativeMethodAccessorImpl.invoke(NativeMethodAccessorImpl.java:62)
at sun.reflect.DelegatingMethodAccessorImpl.invoke(DelegatingMethodAccessorImpl.java:43)
at java.lang.reflect.Method.invoke(Method.java:498)
at org.apache.maven.surefire.booter.ProviderFactory$ClassLoaderProxy.invoke(ProviderFactory.java:103)
at com.sun.proxy.$Proxy0.invoke(Unknown Source)
at org.apache.maven.surefire.booter.SurefireStarter.invokeProvider(SurefireStarter.java:150)
at org.apache.maven.surefire.booter.SurefireStarter.runSuitesInProcess(SurefireStarter.java:91)
at org.apache.maven.surefire.booter.ForkedBooter.main(ForkedBooter.java:69)
]]>
            </full-stacktrace>
          </exception> <!-- com.codeborne.selenide.ex.ElementShould -->
          <reporter-output>
          </reporter-output>
        </test-method> <!-- blogFM -->
        <test-method status="FAIL" signature="blogLandlord()[pri:0, instance:uk.co.idealflatmate.tests.HomePageTest@13805618]" name="blogLandlord" duration-ms="19967" started-at="2019-01-22T19:06:25Z" finished-at="2019-01-22T19:06:45Z">
          <exception class="com.codeborne.selenide.ex.ElementShould">
            <message>
              <![CDATA[Element should have text 'Are you a flatmate? Head to Flatmate HQ here В»' {By.xpath: //section[@class='page-heading blog-splash']//div[@class='blog-hq-switch container']/a}
Element: '<a class="link-white-inversed" href="https://www.idealflatmate.co.uk/flatmate-HQ">Are you a flatmate? Head to Flatmate HQ here »</a>']]>
            </message>
            <full-stacktrace>
              <![CDATA[Element should have text 'Are you a flatmate? Head to Flatmate HQ here В»' {By.xpath: //section[@class='page-heading blog-splash']//div[@class='blog-hq-switch container']/a}
Element: '<a class="link-white-inversed" href="https://www.idealflatmate.co.uk/flatmate-HQ">Are you a flatmate? Head to Flatmate HQ here »</a>'
Screenshot: file:/C:/Users/lukhovytskyi/Documents/GitHub/idealflatmatetest/build/reports/tests/1548184004460.11.png
Page source: file:/C:/Users/lukhovytskyi/Documents/GitHub/idealflatmatetest/build/reports/tests/1548184004460.11.html
Timeout: 10 s.
at com.codeborne.selenide.impl.WebElementSource.checkCondition(WebElementSource.java:66)
at com.codeborne.selenide.commands.Should.should(Should.java:35)
at com.codeborne.selenide.commands.Should.execute(Should.java:29)
at com.codeborne.selenide.commands.Should.execute(Should.java:12)
at com.codeborne.selenide.commands.Commands.execute(Commands.java:144)
at com.codeborne.selenide.impl.SelenideElementProxy.dispatchAndRetry(SelenideElementProxy.java:87)
at com.codeborne.selenide.impl.SelenideElementProxy.invoke(SelenideElementProxy.java:63)
at com.sun.proxy.$Proxy5.shouldHave(Unknown Source)
at uk.co.idealflatmate.appmanager.VerificationHelper.landlordBlogPage(VerificationHelper.java:736)
at uk.co.idealflatmate.tests.HomePageTest.blogLandlord(HomePageTest.java:69)
at sun.reflect.NativeMethodAccessorImpl.invoke0(Native Method)
at sun.reflect.NativeMethodAccessorImpl.invoke(NativeMethodAccessorImpl.java:62)
at sun.reflect.DelegatingMethodAccessorImpl.invoke(DelegatingMethodAccessorImpl.java:43)
at java.lang.reflect.Method.invoke(Method.java:498)
at org.testng.internal.MethodInvocationHelper.invokeMethod(MethodInvocationHelper.java:124)
at org.testng.internal.Invoker.invokeMethod(Invoker.java:583)
at org.testng.internal.Invoker.invokeTestMethod(Invoker.java:719)
at org.testng.internal.Invoker.invokeTestMethods(Invoker.java:989)
at org.testng.internal.TestMethodWorker.invokeTestMethods(TestMethodWorker.java:125)
at org.testng.internal.TestMethodWorker.run(TestMethodWorker.java:109)
at org.testng.TestRunner.privateRun(TestRunner.java:648)
at org.testng.TestRunner.run(TestRunner.java:505)
at org.testng.SuiteRunner.runTest(SuiteRunner.java:455)
at org.testng.SuiteRunner.runSequentially(SuiteRunner.java:450)
at org.testng.SuiteRunner.privateRun(SuiteRunner.java:415)
at org.testng.SuiteRunner.run(SuiteRunner.java:364)
at org.testng.SuiteRunnerWorker.runSuite(SuiteRunnerWorker.java:52)
at org.testng.SuiteRunnerWorker.run(SuiteRunnerWorker.java:84)
at org.testng.TestNG.runSuitesSequentially(TestNG.java:1208)
at org.testng.TestNG.runSuitesLocally(TestNG.java:1137)
at org.testng.TestNG.runSuites(TestNG.java:1049)
at org.testng.TestNG.run(TestNG.java:1017)
at org.apache.maven.surefire.testng.TestNGExecutor.run(TestNGExecutor.java:122)
at org.apache.maven.surefire.testng.TestNGXmlTestSuite.execute(TestNGXmlTestSuite.java:88)
at org.apache.maven.surefire.testng.TestNGProvider.invoke(TestNGProvider.java:104)
at sun.reflect.NativeMethodAccessorImpl.invoke0(Native Method)
at sun.reflect.NativeMethodAccessorImpl.invoke(NativeMethodAccessorImpl.java:62)
at sun.reflect.DelegatingMethodAccessorImpl.invoke(DelegatingMethodAccessorImpl.java:43)
at java.lang.reflect.Method.invoke(Method.java:498)
at org.apache.maven.surefire.booter.ProviderFactory$ClassLoaderProxy.invoke(ProviderFactory.java:103)
at com.sun.proxy.$Proxy0.invoke(Unknown Source)
at org.apache.maven.surefire.booter.SurefireStarter.invokeProvider(SurefireStarter.java:150)
at org.apache.maven.surefire.booter.SurefireStarter.runSuitesInProcess(SurefireStarter.java:91)
at org.apache.maven.surefire.booter.ForkedBooter.main(ForkedBooter.java:69)
]]>
            </full-stacktrace>
          </exception> <!-- com.codeborne.selenide.ex.ElementShould -->
          <reporter-output>
          </reporter-output>
        </test-method> <!-- blogLandlord -->
        <test-method status="PASS" signature="findOutMore()[pri:0, instance:uk.co.idealflatmate.tests.HomePageTest@13805618]" name="findOutMore" duration-ms="12810" started-at="2019-01-22T19:06:45Z" finished-at="2019-01-22T19:06:58Z">
          <reporter-output>
          </reporter-output>
        </test-method> <!-- findOutMore -->
        <test-method status="PASS" signature="findStartListing()[pri:0, instance:uk.co.idealflatmate.tests.HomePageTest@13805618]" name="findStartListing" duration-ms="3265" started-at="2019-01-22T19:06:58Z" finished-at="2019-01-22T19:07:01Z">
          <reporter-output>
          </reporter-output>
        </test-method> <!-- findStartListing -->
        <test-method status="PASS" signature="findStartMatchingLink()[pri:0, instance:uk.co.idealflatmate.tests.HomePageTest@13805618]" name="findStartMatchingLink" duration-ms="2266" started-at="2019-01-22T19:07:01Z" finished-at="2019-01-22T19:07:04Z">
          <reporter-output>
          </reporter-output>
        </test-method> <!-- findStartMatchingLink -->
        <test-method status="PASS" signature="pressLogo()[pri:0, instance:uk.co.idealflatmate.tests.HomePageTest@13805618]" name="pressLogo" duration-ms="1527" started-at="2019-01-22T19:07:04Z" finished-at="2019-01-22T19:07:05Z">
          <reporter-output>
          </reporter-output>
        </test-method> <!-- pressLogo -->
        <test-method status="PASS" signature="tearDown()[pri:0, instance:uk.co.idealflatmate.tests.HomePageTest@13805618]" name="tearDown" is-config="true" duration-ms="845" started-at="2019-01-22T19:07:05Z" finished-at="2019-01-22T19:07:06Z">
          <reporter-output>
          </reporter-output>
        </test-method> <!-- tearDown -->
      </class> <!-- uk.co.idealflatmate.tests.HomePageTest -->
      <class name="uk.co.idealflatmate.tests.SignUpLikeOrMessage">
        <test-method status="PASS" signature="setupClass()[pri:0, instance:uk.co.idealflatmate.tests.SignUpLikeOrMessage@69ea3742]" name="setupClass" is-config="true" duration-ms="5573" started-at="2019-01-22T19:23:40Z" finished-at="2019-01-22T19:23:46Z">
          <reporter-output>
          </reporter-output>
        </test-method> <!-- setupClass -->
        <test-method status="FAIL" signature="messagePropertySignUpHomePage()[pri:0, instance:uk.co.idealflatmate.tests.SignUpLikeOrMessage@69ea3742]" name="messagePropertySignUpHomePage" duration-ms="61074" started-at="2019-01-22T19:23:46Z" finished-at="2019-01-22T19:24:47Z">
          <exception class="com.codeborne.selenide.ex.ElementShould">
            <message>
              <![CDATA[Element should have text 'About me
Ronald, 59 is a female looking for a room.
Maximum budget: ВЈ2500/month
Ready to move in: Immediately' {By.xpath: //div[starts-with(@class,'col-sm-8')]}
Element: '<div class="col-sm-8">About me
Ronald, 59 is a female looking for a room.
Maximum budget: ?2500/month
Ready to move in: Immediately</div>']]>
            </message>
            <full-stacktrace>
              <![CDATA[Element should have text 'About me
Ronald, 59 is a female looking for a room.
Maximum budget: ВЈ2500/month
Ready to move in: Immediately' {By.xpath: //div[starts-with(@class,'col-sm-8')]}
Element: '<div class="col-sm-8">About me
Ronald, 59 is a female looking for a room.
Maximum budget: ?2500/month
Ready to move in: Immediately</div>'
Screenshot: file:/C:/Users/lukhovytskyi/Documents/GitHub/idealflatmatetest/build/reports/tests/1548185086825.55.png
Page source: file:/C:/Users/lukhovytskyi/Documents/GitHub/idealflatmatetest/build/reports/tests/1548185086825.55.html
Timeout: 10 s.
at com.codeborne.selenide.impl.WebElementSource.checkCondition(WebElementSource.java:66)
at com.codeborne.selenide.commands.Should.should(Should.java:35)
at com.codeborne.selenide.commands.Should.execute(Should.java:29)
at com.codeborne.selenide.commands.Should.execute(Should.java:12)
at com.codeborne.selenide.commands.Commands.execute(Commands.java:144)
at com.codeborne.selenide.impl.SelenideElementProxy.dispatchAndRetry(SelenideElementProxy.java:87)
at com.codeborne.selenide.impl.SelenideElementProxy.invoke(SelenideElementProxy.java:63)
at com.sun.proxy.$Proxy5.shouldHave(Unknown Source)
at uk.co.idealflatmate.appmanager.VerificationHelper.verificationDataProfileFMListing(VerificationHelper.java:125)
at uk.co.idealflatmate.tests.SignUpLikeOrMessage.messagePropertySignUpHomePage(SignUpLikeOrMessage.java:82)
at sun.reflect.NativeMethodAccessorImpl.invoke0(Native Method)
at sun.reflect.NativeMethodAccessorImpl.invoke(NativeMethodAccessorImpl.java:62)
at sun.reflect.DelegatingMethodAccessorImpl.invoke(DelegatingMethodAccessorImpl.java:43)
at java.lang.reflect.Method.invoke(Method.java:498)
at org.testng.internal.MethodInvocationHelper.invokeMethod(MethodInvocationHelper.java:124)
at org.testng.internal.Invoker.invokeMethod(Invoker.java:583)
at org.testng.internal.Invoker.invokeTestMethod(Invoker.java:719)
at org.testng.internal.Invoker.invokeTestMethods(Invoker.java:989)
at org.testng.internal.TestMethodWorker.invokeTestMethods(TestMethodWorker.java:125)
at org.testng.internal.TestMethodWorker.run(TestMethodWorker.java:109)
at org.testng.TestRunner.privateRun(TestRunner.java:648)
at org.testng.TestRunner.run(TestRunner.java:505)
at org.testng.SuiteRunner.runTest(SuiteRunner.java:455)
at org.testng.SuiteRunner.runSequentially(SuiteRunner.java:450)
at org.testng.SuiteRunner.privateRun(SuiteRunner.java:415)
at org.testng.SuiteRunner.run(SuiteRunner.java:364)
at org.testng.SuiteRunnerWorker.runSuite(SuiteRunnerWorker.java:52)
at org.testng.SuiteRunnerWorker.run(SuiteRunnerWorker.java:84)
at org.testng.TestNG.runSuitesSequentially(TestNG.java:1208)
at org.testng.TestNG.runSuitesLocally(TestNG.java:1137)
at org.testng.TestNG.runSuites(TestNG.java:1049)
at org.testng.TestNG.run(TestNG.java:1017)
at org.apache.maven.surefire.testng.TestNGExecutor.run(TestNGExecutor.java:122)
at org.apache.maven.surefire.testng.TestNGXmlTestSuite.execute(TestNGXmlTestSuite.java:88)
at org.apache.maven.surefire.testng.TestNGProvider.invoke(TestNGProvider.java:104)
at sun.reflect.NativeMethodAccessorImpl.invoke0(Native Method)
at sun.reflect.NativeMethodAccessorImpl.invoke(NativeMethodAccessorImpl.java:62)
at sun.reflect.DelegatingMethodAccessorImpl.invoke(DelegatingMethodAccessorImpl.java:43)
at java.lang.reflect.Method.invoke(Method.java:498)
at org.apache.maven.surefire.booter.ProviderFactory$ClassLoaderProxy.invoke(ProviderFactory.java:103)
at com.sun.proxy.$Proxy0.invoke(Unknown Source)
at org.apache.maven.surefire.booter.SurefireStarter.invokeProvider(SurefireStarter.java:150)
at org.apache.maven.surefire.booter.SurefireStarter.runSuitesInProcess(SurefireStarter.java:91)
at org.apache.maven.surefire.booter.ForkedBooter.main(ForkedBooter.java:69)
]]>
            </full-stacktrace>
          </exception> <!-- com.codeborne.selenide.ex.ElementShould -->
          <reporter-output>
          </reporter-output>
        </test-method> <!-- messagePropertySignUpHomePage -->
        <test-method status="FAIL" signature="messageSignUpFMPage()[pri:0, instance:uk.co.idealflatmate.tests.SignUpLikeOrMessage@69ea3742]" name="messageSignUpFMPage" duration-ms="11870" started-at="2019-01-22T19:24:47Z" finished-at="2019-01-22T19:24:59Z">
          <exception class="com.codeborne.selenide.ex.ElementNotFound">
            <message>
              <![CDATA[Element not found {By.xpath: //h2[starts-with(@class, 'u_m0 u_m10-bottom')]}
Expected: visible]]>
            </message>
            <full-stacktrace>
              <![CDATA[Element not found {By.xpath: //h2[starts-with(@class, 'u_m0 u_m10-bottom')]}
Expected: visible
Screenshot: file:/C:/Users/lukhovytskyi/Documents/GitHub/idealflatmatetest/build/reports/tests/1548185098737.57.png
Page source: file:/C:/Users/lukhovytskyi/Documents/GitHub/idealflatmatetest/build/reports/tests/1548185098737.57.html
Timeout: 10 s.
Caused by: NoSuchElementException: no such element: Unable to locate element: {"method":"xpath","selector":"//h2[starts-with(@class, 'u_m0 u_m10-bottom')]"}
at com.codeborne.selenide.impl.WebElementSource.createElementNotFoundError(WebElementSource.java:31)
at com.codeborne.selenide.impl.ElementFinder.createElementNotFoundError(ElementFinder.java:82)
at com.codeborne.selenide.impl.WebElementSource.checkCondition(WebElementSource.java:59)
at com.codeborne.selenide.commands.Should.should(Should.java:35)
at com.codeborne.selenide.commands.Should.execute(Should.java:29)
at com.codeborne.selenide.commands.Should.execute(Should.java:12)
at com.codeborne.selenide.commands.Commands.execute(Commands.java:144)
at com.codeborne.selenide.impl.SelenideElementProxy.dispatchAndRetry(SelenideElementProxy.java:87)
at com.codeborne.selenide.impl.SelenideElementProxy.invoke(SelenideElementProxy.java:63)
at com.sun.proxy.$Proxy5.waitUntil(Unknown Source)
at uk.co.idealflatmate.appmanager.HelperBase.hoverClick(HelperBase.java:169)
at uk.co.idealflatmate.appmanager.HomePageHelper.scrollToBlockProperty(HomePageHelper.java:160)
at uk.co.idealflatmate.tests.SignUpLikeOrMessage.messageSignUpFMPage(SignUpLikeOrMessage.java:100)
at sun.reflect.NativeMethodAccessorImpl.invoke0(Native Method)
at sun.reflect.NativeMethodAccessorImpl.invoke(NativeMethodAccessorImpl.java:62)
at sun.reflect.DelegatingMethodAccessorImpl.invoke(DelegatingMethodAccessorImpl.java:43)
at java.lang.reflect.Method.invoke(Method.java:498)
at org.testng.internal.MethodInvocationHelper.invokeMethod(MethodInvocationHelper.java:124)
at org.testng.internal.Invoker.invokeMethod(Invoker.java:583)
at org.testng.internal.Invoker.invokeTestMethod(Invoker.java:719)
at org.testng.internal.Invoker.invokeTestMethods(Invoker.java:989)
at org.testng.internal.TestMethodWorker.invokeTestMethods(TestMethodWorker.java:125)
at org.testng.internal.TestMethodWorker.run(TestMethodWorker.java:109)
at org.testng.TestRunner.privateRun(TestRunner.java:648)
at org.testng.TestRunner.run(TestRunner.java:505)
at org.testng.SuiteRunner.runTest(SuiteRunner.java:455)
at org.testng.SuiteRunner.runSequentially(SuiteRunner.java:450)
at org.testng.SuiteRunner.privateRun(SuiteRunner.java:415)
at org.testng.SuiteRunner.run(SuiteRunner.java:364)
at org.testng.SuiteRunnerWorker.runSuite(SuiteRunnerWorker.java:52)
at org.testng.SuiteRunnerWorker.run(SuiteRunnerWorker.java:84)
at org.testng.TestNG.runSuitesSequentially(TestNG.java:1208)
at org.testng.TestNG.runSuitesLocally(TestNG.java:1137)
at org.testng.TestNG.runSuites(TestNG.java:1049)
at org.testng.TestNG.run(TestNG.java:1017)
at org.apache.maven.surefire.testng.TestNGExecutor.run(TestNGExecutor.java:122)
at org.apache.maven.surefire.testng.TestNGXmlTestSuite.execute(TestNGXmlTestSuite.java:88)
at org.apache.maven.surefire.testng.TestNGProvider.invoke(TestNGProvider.java:104)
at sun.reflect.NativeMethodAccessorImpl.invoke0(Native Method)
at sun.reflect.NativeMethodAccessorImpl.invoke(NativeMethodAccessorImpl.java:62)
at sun.reflect.DelegatingMethodAccessorImpl.invoke(DelegatingMethodAccessorImpl.java:43)
at java.lang.reflect.Method.invoke(Method.java:498)
at org.apache.maven.surefire.booter.ProviderFactory$ClassLoaderProxy.invoke(ProviderFactory.java:103)
at com.sun.proxy.$Proxy0.invoke(Unknown Source)
at org.apache.maven.surefire.booter.SurefireStarter.invokeProvider(SurefireStarter.java:150)
at org.apache.maven.surefire.booter.SurefireStarter.runSuitesInProcess(SurefireStarter.java:91)
at org.apache.maven.surefire.booter.ForkedBooter.main(ForkedBooter.java:69)
Caused by: org.openqa.selenium.NoSuchElementException: no such element: Unable to locate element: {"method":"xpath","selector":"//h2[starts-with(@class, 'u_m0 u_m10-bottom')]"}
  (Session info: chrome=71.0.3578.98)
  (Driver info: chromedriver=72.0.3626.69 (3c16f8a135abc0d4da2dff33804db79b849a7c38),platform=Windows NT 10.0.16299 x86_64) (WARNING: The server did not provide any stacktrace information)
Command duration or timeout: 0 milliseconds
For documentation on this error, please visit: https://www.seleniumhq.org/exceptions/no_such_element.html
Build info: version: '3.141.59', revision: 'e82be7d358', time: '2018-11-14T08:17:03'
System info: host: 'PRIVATE-1074', ip: '10.8.1.74', os.name: 'Windows 10', os.arch: 'amd64', os.version: '10.0', java.version: '1.8.0_152'
Driver info: org.openqa.selenium.chrome.ChromeDriver
Capabilities {acceptInsecureCerts: false, acceptSslCerts: false, applicationCacheEnabled: false, browserConnectionEnabled: false, browserName: chrome, chrome: {chromedriverVersion: 72.0.3626.69 (3c16f8a135abc..., userDataDir: C:\Users\LUKHOV~1\AppData\L...}, cssSelectorsEnabled: true, databaseEnabled: false, goog:chromeOptions: {debuggerAddress: localhost:54697}, handlesAlerts: true, hasTouchScreen: false, javascriptEnabled: true, locationContextEnabled: true, mobileEmulationEnabled: false, nativeEvents: true, networkConnectionEnabled: false, pageLoadStrategy: normal, platform: XP, platformName: XP, proxy: Proxy(), rotatable: false, setWindowRect: true, takesHeapSnapshot: true, takesScreenshot: true, timeouts: {implicit: 0, pageLoad: 300000, script: 30000}, unexpectedAlertBehaviour: ignore, unhandledPromptBehavior: ignore, version: 71.0.3578.98, webStorageEnabled: true}
Session ID: 75bf712db2a9d42c8ceda2db1398d1f4
*** Element info: {Using=xpath, value=//h2[starts-with(@class, 'u_m0 u_m10-bottom')]}
at sun.reflect.GeneratedConstructorAccessor13.newInstance(Unknown Source)
at sun.reflect.DelegatingConstructorAccessorImpl.newInstance(DelegatingConstructorAccessorImpl.java:45)
at java.lang.reflect.Constructor.newInstance(Constructor.java:423)
at org.openqa.selenium.remote.ErrorHandler.createThrowable(ErrorHandler.java:214)
at org.openqa.selenium.remote.ErrorHandler.throwIfResponseFailed(ErrorHandler.java:166)
at org.openqa.selenium.remote.http.JsonHttpResponseCodec.reconstructValue(JsonHttpResponseCodec.java:40)
at org.openqa.selenium.remote.http.AbstractHttpResponseCodec.decode(AbstractHttpResponseCodec.java:80)
at org.openqa.selenium.remote.http.AbstractHttpResponseCodec.decode(AbstractHttpResponseCodec.java:44)
at org.openqa.selenium.remote.HttpCommandExecutor.execute(HttpCommandExecutor.java:158)
at org.openqa.selenium.remote.service.DriverCommandExecutor.execute(DriverCommandExecutor.java:83)
at org.openqa.selenium.remote.RemoteWebDriver.execute(RemoteWebDriver.java:552)
at org.openqa.selenium.remote.RemoteWebDriver.findElement(RemoteWebDriver.java:323)
at org.openqa.selenium.remote.RemoteWebDriver.findElementByXPath(RemoteWebDriver.java:428)
at org.openqa.selenium.By$ByXPath.findElement(By.java:353)
at org.openqa.selenium.remote.RemoteWebDriver.findElement(RemoteWebDriver.java:315)
at com.codeborne.selenide.impl.WebElementSelector.findElement(WebElementSelector.java:29)
at com.codeborne.selenide.impl.ElementFinder.getWebElement(ElementFinder.java:56)
at com.codeborne.selenide.impl.WebElementSource.checkCondition(WebElementSource.java:44)
... 44 more
]]>
            </full-stacktrace>
          </exception> <!-- com.codeborne.selenide.ex.ElementNotFound -->
          <reporter-output>
          </reporter-output>
        </test-method> <!-- messageSignUpFMPage -->
        <test-method status="FAIL" signature="popupSignUpExistingEmailPropertyPage()[pri:0, instance:uk.co.idealflatmate.tests.SignUpLikeOrMessage@69ea3742]" name="popupSignUpExistingEmailPropertyPage" duration-ms="23234" started-at="2019-01-22T19:24:59Z" finished-at="2019-01-22T19:25:22Z">
          <exception class="com.codeborne.selenide.ex.ElementShould">
            <message>
              <![CDATA[Element should be visible {By.xpath: //span[contains (text(), 'Sign up with email')]}
Element: '<span displayed:false></span>']]>
            </message>
            <full-stacktrace>
              <![CDATA[Element should be visible {By.xpath: //span[contains (text(), 'Sign up with email')]}
Element: '<span displayed:false></span>'
Screenshot: file:/C:/Users/lukhovytskyi/Documents/GitHub/idealflatmatetest/build/reports/tests/1548185121477.59.png
Page source: file:/C:/Users/lukhovytskyi/Documents/GitHub/idealflatmatetest/build/reports/tests/1548185121477.59.html
Timeout: 10 s.
at com.codeborne.selenide.impl.WebElementSource.checkCondition(WebElementSource.java:66)
at com.codeborne.selenide.impl.WebElementSource.findAndAssertElementIsVisible(WebElementSource.java:72)
at com.codeborne.selenide.commands.Click.execute(Click.java:16)
at com.codeborne.selenide.commands.Click.execute(Click.java:12)
at com.codeborne.selenide.commands.Commands.execute(Commands.java:144)
at com.codeborne.selenide.impl.SelenideElementProxy.dispatchAndRetry(SelenideElementProxy.java:87)
at com.codeborne.selenide.impl.SelenideElementProxy.invoke(SelenideElementProxy.java:63)
at com.sun.proxy.$Proxy5.click(Unknown Source)
at uk.co.idealflatmate.appmanager.SignUpHelper.clickEmail(SignUpHelper.java:36)
at uk.co.idealflatmate.tests.SignUpLikeOrMessage.popupSignUpExistingEmailPropertyPage(SignUpLikeOrMessage.java:357)
at sun.reflect.NativeMethodAccessorImpl.invoke0(Native Method)
at sun.reflect.NativeMethodAccessorImpl.invoke(NativeMethodAccessorImpl.java:62)
at sun.reflect.DelegatingMethodAccessorImpl.invoke(DelegatingMethodAccessorImpl.java:43)
at java.lang.reflect.Method.invoke(Method.java:498)
at org.testng.internal.MethodInvocationHelper.invokeMethod(MethodInvocationHelper.java:124)
at org.testng.internal.Invoker.invokeMethod(Invoker.java:583)
at org.testng.internal.Invoker.invokeTestMethod(Invoker.java:719)
at org.testng.internal.Invoker.invokeTestMethods(Invoker.java:989)
at org.testng.internal.TestMethodWorker.invokeTestMethods(TestMethodWorker.java:125)
at org.testng.internal.TestMethodWorker.run(TestMethodWorker.java:109)
at org.testng.TestRunner.privateRun(TestRunner.java:648)
at org.testng.TestRunner.run(TestRunner.java:505)
at org.testng.SuiteRunner.runTest(SuiteRunner.java:455)
at org.testng.SuiteRunner.runSequentially(SuiteRunner.java:450)
at org.testng.SuiteRunner.privateRun(SuiteRunner.java:415)
at org.testng.SuiteRunner.run(SuiteRunner.java:364)
at org.testng.SuiteRunnerWorker.runSuite(SuiteRunnerWorker.java:52)
at org.testng.SuiteRunnerWorker.run(SuiteRunnerWorker.java:84)
at org.testng.TestNG.runSuitesSequentially(TestNG.java:1208)
at org.testng.TestNG.runSuitesLocally(TestNG.java:1137)
at org.testng.TestNG.runSuites(TestNG.java:1049)
at org.testng.TestNG.run(TestNG.java:1017)
at org.apache.maven.surefire.testng.TestNGExecutor.run(TestNGExecutor.java:122)
at org.apache.maven.surefire.testng.TestNGXmlTestSuite.execute(TestNGXmlTestSuite.java:88)
at org.apache.maven.surefire.testng.TestNGProvider.invoke(TestNGProvider.java:104)
at sun.reflect.NativeMethodAccessorImpl.invoke0(Native Method)
at sun.reflect.NativeMethodAccessorImpl.invoke(NativeMethodAccessorImpl.java:62)
at sun.reflect.DelegatingMethodAccessorImpl.invoke(DelegatingMethodAccessorImpl.java:43)
at java.lang.reflect.Method.invoke(Method.java:498)
at org.apache.maven.surefire.booter.ProviderFactory$ClassLoaderProxy.invoke(ProviderFactory.java:103)
at com.sun.proxy.$Proxy0.invoke(Unknown Source)
at org.apache.maven.surefire.booter.SurefireStarter.invokeProvider(SurefireStarter.java:150)
at org.apache.maven.surefire.booter.SurefireStarter.runSuitesInProcess(SurefireStarter.java:91)
at org.apache.maven.surefire.booter.ForkedBooter.main(ForkedBooter.java:69)
]]>
            </full-stacktrace>
          </exception> <!-- com.codeborne.selenide.ex.ElementShould -->
          <reporter-output>
          </reporter-output>
        </test-method> <!-- popupSignUpExistingEmailPropertyPage -->
        <test-method status="PASS" signature="popupSignUpExistingEmailPropertyPhone()[pri:0, instance:uk.co.idealflatmate.tests.SignUpLikeOrMessage@69ea3742]" name="popupSignUpExistingEmailPropertyPhone" duration-ms="22585" started-at="2019-01-22T19:25:22Z" finished-at="2019-01-22T19:25:45Z">
          <reporter-output>
          </reporter-output>
        </test-method> <!-- popupSignUpExistingEmailPropertyPhone -->
        <test-method status="FAIL" signature="popupSignUpPropertyPage()[pri:0, instance:uk.co.idealflatmate.tests.SignUpLikeOrMessage@69ea3742]" name="popupSignUpPropertyPage" duration-ms="47431" started-at="2019-01-22T19:25:45Z" finished-at="2019-01-22T19:26:32Z">
          <exception class="com.codeborne.selenide.ex.ElementShould">
            <message>
              <![CDATA[Element should have text 'ВЈ200 - ВЈ1250' {By.xpath: //div[@class='price-range-filter selected']}
Element: '<div class="price-range-filter selected">?200 - ?1250
1</div>']]>
            </message>
            <full-stacktrace>
              <![CDATA[Element should have text 'ВЈ200 - ВЈ1250' {By.xpath: //div[@class='price-range-filter selected']}
Element: '<div class="price-range-filter selected">?200 - ?1250
1</div>'
Screenshot: file:/C:/Users/lukhovytskyi/Documents/GitHub/idealflatmatetest/build/reports/tests/1548185191962.61.png
Page source: file:/C:/Users/lukhovytskyi/Documents/GitHub/idealflatmatetest/build/reports/tests/1548185191962.61.html
Timeout: 10 s.
at com.codeborne.selenide.impl.WebElementSource.checkCondition(WebElementSource.java:66)
at com.codeborne.selenide.commands.Should.should(Should.java:35)
at com.codeborne.selenide.commands.Should.execute(Should.java:29)
at com.codeborne.selenide.commands.Should.execute(Should.java:12)
at com.codeborne.selenide.commands.Commands.execute(Commands.java:144)
at com.codeborne.selenide.impl.SelenideElementProxy.dispatchAndRetry(SelenideElementProxy.java:87)
at com.codeborne.selenide.impl.SelenideElementProxy.invoke(SelenideElementProxy.java:63)
at com.sun.proxy.$Proxy5.shouldHave(Unknown Source)
at uk.co.idealflatmate.appmanager.VerificationHelper.verifySearchListingPage(VerificationHelper.java:588)
at uk.co.idealflatmate.tests.SignUpLikeOrMessage.popupSignUpPropertyPage(SignUpLikeOrMessage.java:310)
at sun.reflect.NativeMethodAccessorImpl.invoke0(Native Method)
at sun.reflect.NativeMethodAccessorImpl.invoke(NativeMethodAccessorImpl.java:62)
at sun.reflect.DelegatingMethodAccessorImpl.invoke(DelegatingMethodAccessorImpl.java:43)
at java.lang.reflect.Method.invoke(Method.java:498)
at org.testng.internal.MethodInvocationHelper.invokeMethod(MethodInvocationHelper.java:124)
at org.testng.internal.Invoker.invokeMethod(Invoker.java:583)
at org.testng.internal.Invoker.invokeTestMethod(Invoker.java:719)
at org.testng.internal.Invoker.invokeTestMethods(Invoker.java:989)
at org.testng.internal.TestMethodWorker.invokeTestMethods(TestMethodWorker.java:125)
at org.testng.internal.TestMethodWorker.run(TestMethodWorker.java:109)
at org.testng.TestRunner.privateRun(TestRunner.java:648)
at org.testng.TestRunner.run(TestRunner.java:505)
at org.testng.SuiteRunner.runTest(SuiteRunner.java:455)
at org.testng.SuiteRunner.runSequentially(SuiteRunner.java:450)
at org.testng.SuiteRunner.privateRun(SuiteRunner.java:415)
at org.testng.SuiteRunner.run(SuiteRunner.java:364)
at org.testng.SuiteRunnerWorker.runSuite(SuiteRunnerWorker.java:52)
at org.testng.SuiteRunnerWorker.run(SuiteRunnerWorker.java:84)
at org.testng.TestNG.runSuitesSequentially(TestNG.java:1208)
at org.testng.TestNG.runSuitesLocally(TestNG.java:1137)
at org.testng.TestNG.runSuites(TestNG.java:1049)
at org.testng.TestNG.run(TestNG.java:1017)
at org.apache.maven.surefire.testng.TestNGExecutor.run(TestNGExecutor.java:122)
at org.apache.maven.surefire.testng.TestNGXmlTestSuite.execute(TestNGXmlTestSuite.java:88)
at org.apache.maven.surefire.testng.TestNGProvider.invoke(TestNGProvider.java:104)
at sun.reflect.NativeMethodAccessorImpl.invoke0(Native Method)
at sun.reflect.NativeMethodAccessorImpl.invoke(NativeMethodAccessorImpl.java:62)
at sun.reflect.DelegatingMethodAccessorImpl.invoke(DelegatingMethodAccessorImpl.java:43)
at java.lang.reflect.Method.invoke(Method.java:498)
at org.apache.maven.surefire.booter.ProviderFactory$ClassLoaderProxy.invoke(ProviderFactory.java:103)
at com.sun.proxy.$Proxy0.invoke(Unknown Source)
at org.apache.maven.surefire.booter.SurefireStarter.invokeProvider(SurefireStarter.java:150)
at org.apache.maven.surefire.booter.SurefireStarter.runSuitesInProcess(SurefireStarter.java:91)
at org.apache.maven.surefire.booter.ForkedBooter.main(ForkedBooter.java:69)
]]>
            </full-stacktrace>
          </exception> <!-- com.codeborne.selenide.ex.ElementShould -->
          <reporter-output>
          </reporter-output>
        </test-method> <!-- popupSignUpPropertyPage -->
        <test-method status="FAIL" signature="popupSignUpWithBlankRequiredFields()[pri:0, instance:uk.co.idealflatmate.tests.SignUpLikeOrMessage@69ea3742]" name="popupSignUpWithBlankRequiredFields" duration-ms="12395" started-at="2019-01-22T19:26:32Z" finished-at="2019-01-22T19:26:44Z">
          <exception class="com.codeborne.selenide.ex.ElementNotFound">
            <message>
              <![CDATA[Element not found {By.xpath: //ul[starts-with(@class, 'nav navbar-nav')]//a[contains(.,'Find a flatmate')]}
Expected: exist]]>
            </message>
            <full-stacktrace>
              <![CDATA[Element not found {By.xpath: //ul[starts-with(@class, 'nav navbar-nav')]//a[contains(.,'Find a flatmate')]}
Expected: exist
Screenshot: file:/C:/Users/lukhovytskyi/Documents/GitHub/idealflatmatetest/build/reports/tests/1548185204282.63.png
Page source: file:/C:/Users/lukhovytskyi/Documents/GitHub/idealflatmatetest/build/reports/tests/1548185204282.63.html
Timeout: 10 s.
Caused by: WebDriverException: unknown error: Element <a href="/search/flatmate" onclick="dataLayer.push({'event':'Rebelhack','eventCategory': 'pre user activation','eventAction': 'navigation browse flatmates click','eventLabel': 'flathunter'});">...</a> is not clickable at point (1465, 32). Other element would receive the click: <div role="dialog" tabindex="-1" id="signupNeedspaceModal" class="modal fade in" style="overflow-y: scroll; display: block;">...</div>
at com.codeborne.selenide.impl.WebElementSource.createElementNotFoundError(WebElementSource.java:31)
at com.codeborne.selenide.impl.ElementFinder.createElementNotFoundError(ElementFinder.java:82)
at com.codeborne.selenide.impl.SelenideElementProxy.dispatchAndRetry(SelenideElementProxy.java:116)
at com.codeborne.selenide.impl.SelenideElementProxy.invoke(SelenideElementProxy.java:63)
at com.sun.proxy.$Proxy5.click(Unknown Source)
at uk.co.idealflatmate.appmanager.AuthorizationHelper.goToFMpage(AuthorizationHelper.java:25)
at uk.co.idealflatmate.tests.SignUpLikeOrMessage.popupSignUpWithBlankRequiredFields(SignUpLikeOrMessage.java:376)
at sun.reflect.NativeMethodAccessorImpl.invoke0(Native Method)
at sun.reflect.NativeMethodAccessorImpl.invoke(NativeMethodAccessorImpl.java:62)
at sun.reflect.DelegatingMethodAccessorImpl.invoke(DelegatingMethodAccessorImpl.java:43)
at java.lang.reflect.Method.invoke(Method.java:498)
at org.testng.internal.MethodInvocationHelper.invokeMethod(MethodInvocationHelper.java:124)
at org.testng.internal.Invoker.invokeMethod(Invoker.java:583)
at org.testng.internal.Invoker.invokeTestMethod(Invoker.java:719)
at org.testng.internal.Invoker.invokeTestMethods(Invoker.java:989)
at org.testng.internal.TestMethodWorker.invokeTestMethods(TestMethodWorker.java:125)
at org.testng.internal.TestMethodWorker.run(TestMethodWorker.java:109)
at org.testng.TestRunner.privateRun(TestRunner.java:648)
at org.testng.TestRunner.run(TestRunner.java:505)
at org.testng.SuiteRunner.runTest(SuiteRunner.java:455)
at org.testng.SuiteRunner.runSequentially(SuiteRunner.java:450)
at org.testng.SuiteRunner.privateRun(SuiteRunner.java:415)
at org.testng.SuiteRunner.run(SuiteRunner.java:364)
at org.testng.SuiteRunnerWorker.runSuite(SuiteRunnerWorker.java:52)
at org.testng.SuiteRunnerWorker.run(SuiteRunnerWorker.java:84)
at org.testng.TestNG.runSuitesSequentially(TestNG.java:1208)
at org.testng.TestNG.runSuitesLocally(TestNG.java:1137)
at org.testng.TestNG.runSuites(TestNG.java:1049)
at org.testng.TestNG.run(TestNG.java:1017)
at org.apache.maven.surefire.testng.TestNGExecutor.run(TestNGExecutor.java:122)
at org.apache.maven.surefire.testng.TestNGXmlTestSuite.execute(TestNGXmlTestSuite.java:88)
at org.apache.maven.surefire.testng.TestNGProvider.invoke(TestNGProvider.java:104)
at sun.reflect.NativeMethodAccessorImpl.invoke0(Native Method)
at sun.reflect.NativeMethodAccessorImpl.invoke(NativeMethodAccessorImpl.java:62)
at sun.reflect.DelegatingMethodAccessorImpl.invoke(DelegatingMethodAccessorImpl.java:43)
at java.lang.reflect.Method.invoke(Method.java:498)
at org.apache.maven.surefire.booter.ProviderFactory$ClassLoaderProxy.invoke(ProviderFactory.java:103)
at com.sun.proxy.$Proxy0.invoke(Unknown Source)
at org.apache.maven.surefire.booter.SurefireStarter.invokeProvider(SurefireStarter.java:150)
at org.apache.maven.surefire.booter.SurefireStarter.runSuitesInProcess(SurefireStarter.java:91)
at org.apache.maven.surefire.booter.ForkedBooter.main(ForkedBooter.java:69)
Caused by: org.openqa.selenium.WebDriverException: unknown error: Element <a href="/search/flatmate" onclick="dataLayer.push({'event':'Rebelhack','eventCategory': 'pre user activation','eventAction': 'navigation browse flatmates click','eventLabel': 'flathunter'});">...</a> is not clickable at point (1465, 32). Other element would receive the click: <div role="dialog" tabindex="-1" id="signupNeedspaceModal" class="modal fade in" style="overflow-y: scroll; display: block;">...</div>
  (Session info: chrome=71.0.3578.98)
  (Driver info: chromedriver=72.0.3626.69 (3c16f8a135abc0d4da2dff33804db79b849a7c38),platform=Windows NT 10.0.16299 x86_64) (WARNING: The server did not provide any stacktrace information)
Command duration or timeout: 0 milliseconds
Build info: version: '3.141.59', revision: 'e82be7d358', time: '2018-11-14T08:17:03'
System info: host: 'PRIVATE-1074', ip: '10.8.1.74', os.name: 'Windows 10', os.arch: 'amd64', os.version: '10.0', java.version: '1.8.0_152'
Driver info: org.openqa.selenium.chrome.ChromeDriver
Capabilities {acceptInsecureCerts: false, acceptSslCerts: false, applicationCacheEnabled: false, browserConnectionEnabled: false, browserName: chrome, chrome: {chromedriverVersion: 72.0.3626.69 (3c16f8a135abc..., userDataDir: C:\Users\LUKHOV~1\AppData\L...}, cssSelectorsEnabled: true, databaseEnabled: false, goog:chromeOptions: {debuggerAddress: localhost:54697}, handlesAlerts: true, hasTouchScreen: false, javascriptEnabled: true, locationContextEnabled: true, mobileEmulationEnabled: false, nativeEvents: true, networkConnectionEnabled: false, pageLoadStrategy: normal, platform: XP, platformName: XP, proxy: Proxy(), rotatable: false, setWindowRect: true, takesHeapSnapshot: true, takesScreenshot: true, timeouts: {implicit: 0, pageLoad: 300000, script: 30000}, unexpectedAlertBehaviour: ignore, unhandledPromptBehavior: ignore, version: 71.0.3578.98, webStorageEnabled: true}
Session ID: 75bf712db2a9d42c8ceda2db1398d1f4
at sun.reflect.GeneratedConstructorAccessor19.newInstance(Unknown Source)
at sun.reflect.DelegatingConstructorAccessorImpl.newInstance(DelegatingConstructorAccessorImpl.java:45)
at java.lang.reflect.Constructor.newInstance(Constructor.java:423)
at org.openqa.selenium.remote.ErrorHandler.createThrowable(ErrorHandler.java:214)
at org.openqa.selenium.remote.ErrorHandler.throwIfResponseFailed(ErrorHandler.java:166)
at org.openqa.selenium.remote.http.JsonHttpResponseCodec.reconstructValue(JsonHttpResponseCodec.java:40)
at org.openqa.selenium.remote.http.AbstractHttpResponseCodec.decode(AbstractHttpResponseCodec.java:80)
at org.openqa.selenium.remote.http.AbstractHttpResponseCodec.decode(AbstractHttpResponseCodec.java:44)
at org.openqa.selenium.remote.HttpCommandExecutor.execute(HttpCommandExecutor.java:158)
at org.openqa.selenium.remote.service.DriverCommandExecutor.execute(DriverCommandExecutor.java:83)
at org.openqa.selenium.remote.RemoteWebDriver.execute(RemoteWebDriver.java:552)
at org.openqa.selenium.remote.RemoteWebElement.execute(RemoteWebElement.java:285)
at org.openqa.selenium.remote.RemoteWebElement.click(RemoteWebElement.java:84)
at com.codeborne.selenide.commands.Click.click(Click.java:29)
at com.codeborne.selenide.commands.Click.execute(Click.java:16)
at com.codeborne.selenide.commands.Click.execute(Click.java:12)
at com.codeborne.selenide.commands.Commands.execute(Commands.java:144)
at com.codeborne.selenide.impl.SelenideElementProxy.dispatchAndRetry(SelenideElementProxy.java:87)
... 38 more
]]>
            </full-stacktrace>
          </exception> <!-- com.codeborne.selenide.ex.ElementNotFound -->
          <reporter-output>
          </reporter-output>
        </test-method> <!-- popupSignUpWithBlankRequiredFields -->
        <test-method status="FAIL" signature="popupSignUpWithExistingEmail()[pri:0, instance:uk.co.idealflatmate.tests.SignUpLikeOrMessage@69ea3742]" name="popupSignUpWithExistingEmail" duration-ms="12709" started-at="2019-01-22T19:26:44Z" finished-at="2019-01-22T19:26:57Z">
          <exception class="com.codeborne.selenide.ex.ElementNotFound">
            <message>
              <![CDATA[Element not found {By.xpath: //ul[starts-with(@class, 'nav navbar-nav')]//a[contains(.,'Find a flatmate')]}
Expected: exist]]>
            </message>
            <full-stacktrace>
              <![CDATA[Element not found {By.xpath: //ul[starts-with(@class, 'nav navbar-nav')]//a[contains(.,'Find a flatmate')]}
Expected: exist
Screenshot: file:/C:/Users/lukhovytskyi/Documents/GitHub/idealflatmatetest/build/reports/tests/1548185217067.65.png
Page source: file:/C:/Users/lukhovytskyi/Documents/GitHub/idealflatmatetest/build/reports/tests/1548185217067.65.html
Timeout: 10 s.
Caused by: WebDriverException: unknown error: Element <a href="/search/flatmate" onclick="dataLayer.push({'event':'Rebelhack','eventCategory': 'pre user activation','eventAction': 'navigation browse flatmates click','eventLabel': 'flathunter'});">...</a> is not clickable at point (1465, 32). Other element would receive the click: <div role="dialog" tabindex="-1" id="signupNeedspaceModal" class="modal fade in" style="overflow-y: scroll; display: block;">...</div>
at com.codeborne.selenide.impl.WebElementSource.createElementNotFoundError(WebElementSource.java:31)
at com.codeborne.selenide.impl.ElementFinder.createElementNotFoundError(ElementFinder.java:82)
at com.codeborne.selenide.impl.SelenideElementProxy.dispatchAndRetry(SelenideElementProxy.java:116)
at com.codeborne.selenide.impl.SelenideElementProxy.invoke(SelenideElementProxy.java:63)
at com.sun.proxy.$Proxy5.click(Unknown Source)
at uk.co.idealflatmate.appmanager.AuthorizationHelper.goToFMpage(AuthorizationHelper.java:25)
at uk.co.idealflatmate.tests.SignUpLikeOrMessage.popupSignUpWithExistingEmail(SignUpLikeOrMessage.java:330)
at sun.reflect.NativeMethodAccessorImpl.invoke0(Native Method)
at sun.reflect.NativeMethodAccessorImpl.invoke(NativeMethodAccessorImpl.java:62)
at sun.reflect.DelegatingMethodAccessorImpl.invoke(DelegatingMethodAccessorImpl.java:43)
at java.lang.reflect.Method.invoke(Method.java:498)
at org.testng.internal.MethodInvocationHelper.invokeMethod(MethodInvocationHelper.java:124)
at org.testng.internal.Invoker.invokeMethod(Invoker.java:583)
at org.testng.internal.Invoker.invokeTestMethod(Invoker.java:719)
at org.testng.internal.Invoker.invokeTestMethods(Invoker.java:989)
at org.testng.internal.TestMethodWorker.invokeTestMethods(TestMethodWorker.java:125)
at org.testng.internal.TestMethodWorker.run(TestMethodWorker.java:109)
at org.testng.TestRunner.privateRun(TestRunner.java:648)
at org.testng.TestRunner.run(TestRunner.java:505)
at org.testng.SuiteRunner.runTest(SuiteRunner.java:455)
at org.testng.SuiteRunner.runSequentially(SuiteRunner.java:450)
at org.testng.SuiteRunner.privateRun(SuiteRunner.java:415)
at org.testng.SuiteRunner.run(SuiteRunner.java:364)
at org.testng.SuiteRunnerWorker.runSuite(SuiteRunnerWorker.java:52)
at org.testng.SuiteRunnerWorker.run(SuiteRunnerWorker.java:84)
at org.testng.TestNG.runSuitesSequentially(TestNG.java:1208)
at org.testng.TestNG.runSuitesLocally(TestNG.java:1137)
at org.testng.TestNG.runSuites(TestNG.java:1049)
at org.testng.TestNG.run(TestNG.java:1017)
at org.apache.maven.surefire.testng.TestNGExecutor.run(TestNGExecutor.java:122)
at org.apache.maven.surefire.testng.TestNGXmlTestSuite.execute(TestNGXmlTestSuite.java:88)
at org.apache.maven.surefire.testng.TestNGProvider.invoke(TestNGProvider.java:104)
at sun.reflect.NativeMethodAccessorImpl.invoke0(Native Method)
at sun.reflect.NativeMethodAccessorImpl.invoke(NativeMethodAccessorImpl.java:62)
at sun.reflect.DelegatingMethodAccessorImpl.invoke(DelegatingMethodAccessorImpl.java:43)
at java.lang.reflect.Method.invoke(Method.java:498)
at org.apache.maven.surefire.booter.ProviderFactory$ClassLoaderProxy.invoke(ProviderFactory.java:103)
at com.sun.proxy.$Proxy0.invoke(Unknown Source)
at org.apache.maven.surefire.booter.SurefireStarter.invokeProvider(SurefireStarter.java:150)
at org.apache.maven.surefire.booter.SurefireStarter.runSuitesInProcess(SurefireStarter.java:91)
at org.apache.maven.surefire.booter.ForkedBooter.main(ForkedBooter.java:69)
Caused by: org.openqa.selenium.WebDriverException: unknown error: Element <a href="/search/flatmate" onclick="dataLayer.push({'event':'Rebelhack','eventCategory': 'pre user activation','eventAction': 'navigation browse flatmates click','eventLabel': 'flathunter'});">...</a> is not clickable at point (1465, 32). Other element would receive the click: <div role="dialog" tabindex="-1" id="signupNeedspaceModal" class="modal fade in" style="overflow-y: scroll; display: block;">...</div>
  (Session info: chrome=71.0.3578.98)
  (Driver info: chromedriver=72.0.3626.69 (3c16f8a135abc0d4da2dff33804db79b849a7c38),platform=Windows NT 10.0.16299 x86_64) (WARNING: The server did not provide any stacktrace information)
Command duration or timeout: 0 milliseconds
Build info: version: '3.141.59', revision: 'e82be7d358', time: '2018-11-14T08:17:03'
System info: host: 'PRIVATE-1074', ip: '10.8.1.74', os.name: 'Windows 10', os.arch: 'amd64', os.version: '10.0', java.version: '1.8.0_152'
Driver info: org.openqa.selenium.chrome.ChromeDriver
Capabilities {acceptInsecureCerts: false, acceptSslCerts: false, applicationCacheEnabled: false, browserConnectionEnabled: false, browserName: chrome, chrome: {chromedriverVersion: 72.0.3626.69 (3c16f8a135abc..., userDataDir: C:\Users\LUKHOV~1\AppData\L...}, cssSelectorsEnabled: true, databaseEnabled: false, goog:chromeOptions: {debuggerAddress: localhost:54697}, handlesAlerts: true, hasTouchScreen: false, javascriptEnabled: true, locationContextEnabled: true, mobileEmulationEnabled: false, nativeEvents: true, networkConnectionEnabled: false, pageLoadStrategy: normal, platform: XP, platformName: XP, proxy: Proxy(), rotatable: false, setWindowRect: true, takesHeapSnapshot: true, takesScreenshot: true, timeouts: {implicit: 0, pageLoad: 300000, script: 30000}, unexpectedAlertBehaviour: ignore, unhandledPromptBehavior: ignore, version: 71.0.3578.98, webStorageEnabled: true}
Session ID: 75bf712db2a9d42c8ceda2db1398d1f4
at sun.reflect.GeneratedConstructorAccessor19.newInstance(Unknown Source)
at sun.reflect.DelegatingConstructorAccessorImpl.newInstance(DelegatingConstructorAccessorImpl.java:45)
at java.lang.reflect.Constructor.newInstance(Constructor.java:423)
at org.openqa.selenium.remote.ErrorHandler.createThrowable(ErrorHandler.java:214)
at org.openqa.selenium.remote.ErrorHandler.throwIfResponseFailed(ErrorHandler.java:166)
at org.openqa.selenium.remote.http.JsonHttpResponseCodec.reconstructValue(JsonHttpResponseCodec.java:40)
at org.openqa.selenium.remote.http.AbstractHttpResponseCodec.decode(AbstractHttpResponseCodec.java:80)
at org.openqa.selenium.remote.http.AbstractHttpResponseCodec.decode(AbstractHttpResponseCodec.java:44)
at org.openqa.selenium.remote.HttpCommandExecutor.execute(HttpCommandExecutor.java:158)
at org.openqa.selenium.remote.service.DriverCommandExecutor.execute(DriverCommandExecutor.java:83)
at org.openqa.selenium.remote.RemoteWebDriver.execute(RemoteWebDriver.java:552)
at org.openqa.selenium.remote.RemoteWebElement.execute(RemoteWebElement.java:285)
at org.openqa.selenium.remote.RemoteWebElement.click(RemoteWebElement.java:84)
at com.codeborne.selenide.commands.Click.click(Click.java:29)
at com.codeborne.selenide.commands.Click.execute(Click.java:16)
at com.codeborne.selenide.commands.Click.execute(Click.java:12)
at com.codeborne.selenide.commands.Commands.execute(Commands.java:144)
at com.codeborne.selenide.impl.SelenideElementProxy.dispatchAndRetry(SelenideElementProxy.java:87)
... 38 more
]]>
            </full-stacktrace>
          </exception> <!-- com.codeborne.selenide.ex.ElementNotFound -->
          <reporter-output>
          </reporter-output>
        </test-method> <!-- popupSignUpWithExistingEmail -->
        <test-method status="FAIL" signature="signUpLike3rdPageQuit()[pri:0, instance:uk.co.idealflatmate.tests.SignUpLikeOrMessage@69ea3742]" name="signUpLike3rdPageQuit" duration-ms="7381" started-at="2019-01-22T19:26:57Z" finished-at="2019-01-22T19:27:05Z">
          <exception class="com.codeborne.selenide.ex.ElementShould">
            <message>
              <![CDATA[Element should be visible {By.xpath: //a[@href='/search' and contains(text(), 'All properties')]}
Element: '<a href="/search" displayed:false></a>']]>
            </message>
            <full-stacktrace>
              <![CDATA[Element should be visible {By.xpath: //a[@href='/search' and contains(text(), 'All properties')]}
Element: '<a href="/search" displayed:false></a>'
Screenshot: file:/C:/Users/lukhovytskyi/Documents/GitHub/idealflatmatetest/build/reports/tests/1548185224428.67.png
Page source: file:/C:/Users/lukhovytskyi/Documents/GitHub/idealflatmatetest/build/reports/tests/1548185224428.67.html
Timeout: 4 s.
at com.codeborne.selenide.impl.WebElementSource.checkCondition(WebElementSource.java:66)
at com.codeborne.selenide.commands.Should.should(Should.java:35)
at com.codeborne.selenide.commands.Should.execute(Should.java:29)
at com.codeborne.selenide.commands.Should.execute(Should.java:12)
at com.codeborne.selenide.commands.Commands.execute(Commands.java:144)
at com.codeborne.selenide.impl.SelenideElementProxy.dispatchAndRetry(SelenideElementProxy.java:87)
at com.codeborne.selenide.impl.SelenideElementProxy.invoke(SelenideElementProxy.java:63)
at com.sun.proxy.$Proxy5.waitUntil(Unknown Source)
at uk.co.idealflatmate.appmanager.AuthorizationHelper.goToPropertyPage(AuthorizationHelper.java:20)
at uk.co.idealflatmate.tests.SignUpLikeOrMessage.signUpLike3rdPageQuit(SignUpLikeOrMessage.java:201)
at sun.reflect.NativeMethodAccessorImpl.invoke0(Native Method)
at sun.reflect.NativeMethodAccessorImpl.invoke(NativeMethodAccessorImpl.java:62)
at sun.reflect.DelegatingMethodAccessorImpl.invoke(DelegatingMethodAccessorImpl.java:43)
at java.lang.reflect.Method.invoke(Method.java:498)
at org.testng.internal.MethodInvocationHelper.invokeMethod(MethodInvocationHelper.java:124)
at org.testng.internal.Invoker.invokeMethod(Invoker.java:583)
at org.testng.internal.Invoker.invokeTestMethod(Invoker.java:719)
at org.testng.internal.Invoker.invokeTestMethods(Invoker.java:989)
at org.testng.internal.TestMethodWorker.invokeTestMethods(TestMethodWorker.java:125)
at org.testng.internal.TestMethodWorker.run(TestMethodWorker.java:109)
at org.testng.TestRunner.privateRun(TestRunner.java:648)
at org.testng.TestRunner.run(TestRunner.java:505)
at org.testng.SuiteRunner.runTest(SuiteRunner.java:455)
at org.testng.SuiteRunner.runSequentially(SuiteRunner.java:450)
at org.testng.SuiteRunner.privateRun(SuiteRunner.java:415)
at org.testng.SuiteRunner.run(SuiteRunner.java:364)
at org.testng.SuiteRunnerWorker.runSuite(SuiteRunnerWorker.java:52)
at org.testng.SuiteRunnerWorker.run(SuiteRunnerWorker.java:84)
at org.testng.TestNG.runSuitesSequentially(TestNG.java:1208)
at org.testng.TestNG.runSuitesLocally(TestNG.java:1137)
at org.testng.TestNG.runSuites(TestNG.java:1049)
at org.testng.TestNG.run(TestNG.java:1017)
at org.apache.maven.surefire.testng.TestNGExecutor.run(TestNGExecutor.java:122)
at org.apache.maven.surefire.testng.TestNGXmlTestSuite.execute(TestNGXmlTestSuite.java:88)
at org.apache.maven.surefire.testng.TestNGProvider.invoke(TestNGProvider.java:104)
at sun.reflect.NativeMethodAccessorImpl.invoke0(Native Method)
at sun.reflect.NativeMethodAccessorImpl.invoke(NativeMethodAccessorImpl.java:62)
at sun.reflect.DelegatingMethodAccessorImpl.invoke(DelegatingMethodAccessorImpl.java:43)
at java.lang.reflect.Method.invoke(Method.java:498)
at org.apache.maven.surefire.booter.ProviderFactory$ClassLoaderProxy.invoke(ProviderFactory.java:103)
at com.sun.proxy.$Proxy0.invoke(Unknown Source)
at org.apache.maven.surefire.booter.SurefireStarter.invokeProvider(SurefireStarter.java:150)
at org.apache.maven.surefire.booter.SurefireStarter.runSuitesInProcess(SurefireStarter.java:91)
at org.apache.maven.surefire.booter.ForkedBooter.main(ForkedBooter.java:69)
]]>
            </full-stacktrace>
          </exception> <!-- com.codeborne.selenide.ex.ElementShould -->
          <reporter-output>
          </reporter-output>
        </test-method> <!-- signUpLike3rdPageQuit -->
        <test-method status="FAIL" signature="signUpLikeHomePage()[pri:0, instance:uk.co.idealflatmate.tests.SignUpLikeOrMessage@69ea3742]" name="signUpLikeHomePage" duration-ms="12134" started-at="2019-01-22T19:27:05Z" finished-at="2019-01-22T19:27:17Z">
          <exception class="com.codeborne.selenide.ex.ElementNotFound">
            <message>
              <![CDATA[Element not found {By.xpath: //h2[starts-with(@class, 'u_m0 u_m10-bottom')]}
Expected: visible]]>
            </message>
            <full-stacktrace>
              <![CDATA[Element not found {By.xpath: //h2[starts-with(@class, 'u_m0 u_m10-bottom')]}
Expected: visible
Screenshot: file:/C:/Users/lukhovytskyi/Documents/GitHub/idealflatmatetest/build/reports/tests/1548185236580.69.png
Page source: file:/C:/Users/lukhovytskyi/Documents/GitHub/idealflatmatetest/build/reports/tests/1548185236580.69.html
Timeout: 10 s.
Caused by: NoSuchElementException: no such element: Unable to locate element: {"method":"xpath","selector":"//h2[starts-with(@class, 'u_m0 u_m10-bottom')]"}
at com.codeborne.selenide.impl.WebElementSource.createElementNotFoundError(WebElementSource.java:31)
at com.codeborne.selenide.impl.ElementFinder.createElementNotFoundError(ElementFinder.java:82)
at com.codeborne.selenide.impl.WebElementSource.checkCondition(WebElementSource.java:59)
at com.codeborne.selenide.commands.Should.should(Should.java:35)
at com.codeborne.selenide.commands.Should.execute(Should.java:29)
at com.codeborne.selenide.commands.Should.execute(Should.java:12)
at com.codeborne.selenide.commands.Commands.execute(Commands.java:144)
at com.codeborne.selenide.impl.SelenideElementProxy.dispatchAndRetry(SelenideElementProxy.java:87)
at com.codeborne.selenide.impl.SelenideElementProxy.invoke(SelenideElementProxy.java:63)
at com.sun.proxy.$Proxy5.waitUntil(Unknown Source)
at uk.co.idealflatmate.appmanager.HelperBase.hoverClick(HelperBase.java:169)
at uk.co.idealflatmate.appmanager.HomePageHelper.scrollToBlockProperty(HomePageHelper.java:160)
at uk.co.idealflatmate.tests.SignUpLikeOrMessage.signUpLikeHomePage(SignUpLikeOrMessage.java:229)
at sun.reflect.NativeMethodAccessorImpl.invoke0(Native Method)
at sun.reflect.NativeMethodAccessorImpl.invoke(NativeMethodAccessorImpl.java:62)
at sun.reflect.DelegatingMethodAccessorImpl.invoke(DelegatingMethodAccessorImpl.java:43)
at java.lang.reflect.Method.invoke(Method.java:498)
at org.testng.internal.MethodInvocationHelper.invokeMethod(MethodInvocationHelper.java:124)
at org.testng.internal.Invoker.invokeMethod(Invoker.java:583)
at org.testng.internal.Invoker.invokeTestMethod(Invoker.java:719)
at org.testng.internal.Invoker.invokeTestMethods(Invoker.java:989)
at org.testng.internal.TestMethodWorker.invokeTestMethods(TestMethodWorker.java:125)
at org.testng.internal.TestMethodWorker.run(TestMethodWorker.java:109)
at org.testng.TestRunner.privateRun(TestRunner.java:648)
at org.testng.TestRunner.run(TestRunner.java:505)
at org.testng.SuiteRunner.runTest(SuiteRunner.java:455)
at org.testng.SuiteRunner.runSequentially(SuiteRunner.java:450)
at org.testng.SuiteRunner.privateRun(SuiteRunner.java:415)
at org.testng.SuiteRunner.run(SuiteRunner.java:364)
at org.testng.SuiteRunnerWorker.runSuite(SuiteRunnerWorker.java:52)
at org.testng.SuiteRunnerWorker.run(SuiteRunnerWorker.java:84)
at org.testng.TestNG.runSuitesSequentially(TestNG.java:1208)
at org.testng.TestNG.runSuitesLocally(TestNG.java:1137)
at org.testng.TestNG.runSuites(TestNG.java:1049)
at org.testng.TestNG.run(TestNG.java:1017)
at org.apache.maven.surefire.testng.TestNGExecutor.run(TestNGExecutor.java:122)
at org.apache.maven.surefire.testng.TestNGXmlTestSuite.execute(TestNGXmlTestSuite.java:88)
at org.apache.maven.surefire.testng.TestNGProvider.invoke(TestNGProvider.java:104)
at sun.reflect.NativeMethodAccessorImpl.invoke0(Native Method)
at sun.reflect.NativeMethodAccessorImpl.invoke(NativeMethodAccessorImpl.java:62)
at sun.reflect.DelegatingMethodAccessorImpl.invoke(DelegatingMethodAccessorImpl.java:43)
at java.lang.reflect.Method.invoke(Method.java:498)
at org.apache.maven.surefire.booter.ProviderFactory$ClassLoaderProxy.invoke(ProviderFactory.java:103)
at com.sun.proxy.$Proxy0.invoke(Unknown Source)
at org.apache.maven.surefire.booter.SurefireStarter.invokeProvider(SurefireStarter.java:150)
at org.apache.maven.surefire.booter.SurefireStarter.runSuitesInProcess(SurefireStarter.java:91)
at org.apache.maven.surefire.booter.ForkedBooter.main(ForkedBooter.java:69)
Caused by: org.openqa.selenium.NoSuchElementException: no such element: Unable to locate element: {"method":"xpath","selector":"//h2[starts-with(@class, 'u_m0 u_m10-bottom')]"}
  (Session info: chrome=71.0.3578.98)
  (Driver info: chromedriver=72.0.3626.69 (3c16f8a135abc0d4da2dff33804db79b849a7c38),platform=Windows NT 10.0.16299 x86_64) (WARNING: The server did not provide any stacktrace information)
Command duration or timeout: 0 milliseconds
For documentation on this error, please visit: https://www.seleniumhq.org/exceptions/no_such_element.html
Build info: version: '3.141.59', revision: 'e82be7d358', time: '2018-11-14T08:17:03'
System info: host: 'PRIVATE-1074', ip: '10.8.1.74', os.name: 'Windows 10', os.arch: 'amd64', os.version: '10.0', java.version: '1.8.0_152'
Driver info: org.openqa.selenium.chrome.ChromeDriver
Capabilities {acceptInsecureCerts: false, acceptSslCerts: false, applicationCacheEnabled: false, browserConnectionEnabled: false, browserName: chrome, chrome: {chromedriverVersion: 72.0.3626.69 (3c16f8a135abc..., userDataDir: C:\Users\LUKHOV~1\AppData\L...}, cssSelectorsEnabled: true, databaseEnabled: false, goog:chromeOptions: {debuggerAddress: localhost:54697}, handlesAlerts: true, hasTouchScreen: false, javascriptEnabled: true, locationContextEnabled: true, mobileEmulationEnabled: false, nativeEvents: true, networkConnectionEnabled: false, pageLoadStrategy: normal, platform: XP, platformName: XP, proxy: Proxy(), rotatable: false, setWindowRect: true, takesHeapSnapshot: true, takesScreenshot: true, timeouts: {implicit: 0, pageLoad: 300000, script: 30000}, unexpectedAlertBehaviour: ignore, unhandledPromptBehavior: ignore, version: 71.0.3578.98, webStorageEnabled: true}
Session ID: 75bf712db2a9d42c8ceda2db1398d1f4
*** Element info: {Using=xpath, value=//h2[starts-with(@class, 'u_m0 u_m10-bottom')]}
at sun.reflect.GeneratedConstructorAccessor13.newInstance(Unknown Source)
at sun.reflect.DelegatingConstructorAccessorImpl.newInstance(DelegatingConstructorAccessorImpl.java:45)
at java.lang.reflect.Constructor.newInstance(Constructor.java:423)
at org.openqa.selenium.remote.ErrorHandler.createThrowable(ErrorHandler.java:214)
at org.openqa.selenium.remote.ErrorHandler.throwIfResponseFailed(ErrorHandler.java:166)
at org.openqa.selenium.remote.http.JsonHttpResponseCodec.reconstructValue(JsonHttpResponseCodec.java:40)
at org.openqa.selenium.remote.http.AbstractHttpResponseCodec.decode(AbstractHttpResponseCodec.java:80)
at org.openqa.selenium.remote.http.AbstractHttpResponseCodec.decode(AbstractHttpResponseCodec.java:44)
at org.openqa.selenium.remote.HttpCommandExecutor.execute(HttpCommandExecutor.java:158)
at org.openqa.selenium.remote.service.DriverCommandExecutor.execute(DriverCommandExecutor.java:83)
at org.openqa.selenium.remote.RemoteWebDriver.execute(RemoteWebDriver.java:552)
at org.openqa.selenium.remote.RemoteWebDriver.findElement(RemoteWebDriver.java:323)
at org.openqa.selenium.remote.RemoteWebDriver.findElementByXPath(RemoteWebDriver.java:428)
at org.openqa.selenium.By$ByXPath.findElement(By.java:353)
at org.openqa.selenium.remote.RemoteWebDriver.findElement(RemoteWebDriver.java:315)
at com.codeborne.selenide.impl.WebElementSelector.findElement(WebElementSelector.java:29)
at com.codeborne.selenide.impl.ElementFinder.getWebElement(ElementFinder.java:56)
at com.codeborne.selenide.impl.WebElementSource.checkCondition(WebElementSource.java:44)
... 44 more
]]>
            </full-stacktrace>
          </exception> <!-- com.codeborne.selenide.ex.ElementNotFound -->
          <reporter-output>
          </reporter-output>
        </test-method> <!-- signUpLikeHomePage -->
        <test-method status="PASS" signature="tearDown()[pri:0, instance:uk.co.idealflatmate.tests.SignUpLikeOrMessage@69ea3742]" name="tearDown" is-config="true" duration-ms="862" started-at="2019-01-22T19:27:17Z" finished-at="2019-01-22T19:27:18Z">
          <reporter-output>
          </reporter-output>
        </test-method> <!-- tearDown -->
      </class> <!-- uk.co.idealflatmate.tests.SignUpLikeOrMessage -->
      <class name="uk.co.idealflatmate.tests.SearchHomePageTests">
        <test-method status="PASS" signature="setupClass()[pri:0, instance:uk.co.idealflatmate.tests.SearchHomePageTests@25bbe1b6]" name="setupClass" is-config="true" duration-ms="5527" started-at="2019-01-22T19:18:46Z" finished-at="2019-01-22T19:18:51Z">
          <reporter-output>
          </reporter-output>
        </test-method> <!-- setupClass -->
        <test-method status="PASS" signature="searchHomeByButton()[pri:0, instance:uk.co.idealflatmate.tests.SearchHomePageTests@25bbe1b6]" name="searchHomeByButton" duration-ms="7333" started-at="2019-01-22T19:18:51Z" finished-at="2019-01-22T19:18:59Z">
          <reporter-output>
          </reporter-output>
        </test-method> <!-- searchHomeByButton -->
        <test-method status="PASS" signature="searchHomeIDProperty()[pri:0, instance:uk.co.idealflatmate.tests.SearchHomePageTests@25bbe1b6]" name="searchHomeIDProperty" duration-ms="7254" started-at="2019-01-22T19:18:59Z" finished-at="2019-01-22T19:19:06Z">
          <reporter-output>
          </reporter-output>
        </test-method> <!-- searchHomeIDProperty -->
        <test-method status="FAIL" signature="searchHomeLocationFromList()[pri:0, instance:uk.co.idealflatmate.tests.SearchHomePageTests@25bbe1b6]" name="searchHomeLocationFromList" duration-ms="8401" started-at="2019-01-22T19:19:06Z" finished-at="2019-01-22T19:19:14Z">
          <exception class="com.codeborne.selenide.ex.ElementNotFound">
            <message>
              <![CDATA[Element not found {By.xpath: //div[@class='ui-menu-item-wrapper' and contains(text(), 'Clapham Junction')]}
Expected: visible]]>
            </message>
            <full-stacktrace>
              <![CDATA[Element not found {By.xpath: //div[@class='ui-menu-item-wrapper' and contains(text(), 'Clapham Junction')]}
Expected: visible
Screenshot: file:/C:/Users/lukhovytskyi/Documents/GitHub/idealflatmatetest/build/reports/tests/1548184753844.43.png
Page source: file:/C:/Users/lukhovytskyi/Documents/GitHub/idealflatmatetest/build/reports/tests/1548184753844.43.html
Timeout: 4 s.
Caused by: NoSuchElementException: no such element: Unable to locate element: {"method":"xpath","selector":"//div[@class='ui-menu-item-wrapper' and contains(text(), 'Clapham Junction')]"}
at com.codeborne.selenide.impl.WebElementSource.createElementNotFoundError(WebElementSource.java:31)
at com.codeborne.selenide.impl.ElementFinder.createElementNotFoundError(ElementFinder.java:82)
at com.codeborne.selenide.impl.WebElementSource.checkCondition(WebElementSource.java:59)
at com.codeborne.selenide.commands.Should.should(Should.java:35)
at com.codeborne.selenide.commands.Should.execute(Should.java:29)
at com.codeborne.selenide.commands.Should.execute(Should.java:12)
at com.codeborne.selenide.commands.Commands.execute(Commands.java:144)
at com.codeborne.selenide.impl.SelenideElementProxy.dispatchAndRetry(SelenideElementProxy.java:87)
at com.codeborne.selenide.impl.SelenideElementProxy.invoke(SelenideElementProxy.java:63)
at com.sun.proxy.$Proxy5.waitUntil(Unknown Source)
at uk.co.idealflatmate.appmanager.SearchHelper.searchPropertyBySelectfromList(SearchHelper.java:39)
at uk.co.idealflatmate.tests.SearchHomePageTests.searchHomeLocationFromList(SearchHomePageTests.java:29)
at sun.reflect.NativeMethodAccessorImpl.invoke0(Native Method)
at sun.reflect.NativeMethodAccessorImpl.invoke(NativeMethodAccessorImpl.java:62)
at sun.reflect.DelegatingMethodAccessorImpl.invoke(DelegatingMethodAccessorImpl.java:43)
at java.lang.reflect.Method.invoke(Method.java:498)
at org.testng.internal.MethodInvocationHelper.invokeMethod(MethodInvocationHelper.java:124)
at org.testng.internal.Invoker.invokeMethod(Invoker.java:583)
at org.testng.internal.Invoker.invokeTestMethod(Invoker.java:719)
at org.testng.internal.Invoker.invokeTestMethods(Invoker.java:989)
at org.testng.internal.TestMethodWorker.invokeTestMethods(TestMethodWorker.java:125)
at org.testng.internal.TestMethodWorker.run(TestMethodWorker.java:109)
at org.testng.TestRunner.privateRun(TestRunner.java:648)
at org.testng.TestRunner.run(TestRunner.java:505)
at org.testng.SuiteRunner.runTest(SuiteRunner.java:455)
at org.testng.SuiteRunner.runSequentially(SuiteRunner.java:450)
at org.testng.SuiteRunner.privateRun(SuiteRunner.java:415)
at org.testng.SuiteRunner.run(SuiteRunner.java:364)
at org.testng.SuiteRunnerWorker.runSuite(SuiteRunnerWorker.java:52)
at org.testng.SuiteRunnerWorker.run(SuiteRunnerWorker.java:84)
at org.testng.TestNG.runSuitesSequentially(TestNG.java:1208)
at org.testng.TestNG.runSuitesLocally(TestNG.java:1137)
at org.testng.TestNG.runSuites(TestNG.java:1049)
at org.testng.TestNG.run(TestNG.java:1017)
at org.apache.maven.surefire.testng.TestNGExecutor.run(TestNGExecutor.java:122)
at org.apache.maven.surefire.testng.TestNGXmlTestSuite.execute(TestNGXmlTestSuite.java:88)
at org.apache.maven.surefire.testng.TestNGProvider.invoke(TestNGProvider.java:104)
at sun.reflect.NativeMethodAccessorImpl.invoke0(Native Method)
at sun.reflect.NativeMethodAccessorImpl.invoke(NativeMethodAccessorImpl.java:62)
at sun.reflect.DelegatingMethodAccessorImpl.invoke(DelegatingMethodAccessorImpl.java:43)
at java.lang.reflect.Method.invoke(Method.java:498)
at org.apache.maven.surefire.booter.ProviderFactory$ClassLoaderProxy.invoke(ProviderFactory.java:103)
at com.sun.proxy.$Proxy0.invoke(Unknown Source)
at org.apache.maven.surefire.booter.SurefireStarter.invokeProvider(SurefireStarter.java:150)
at org.apache.maven.surefire.booter.SurefireStarter.runSuitesInProcess(SurefireStarter.java:91)
at org.apache.maven.surefire.booter.ForkedBooter.main(ForkedBooter.java:69)
Caused by: org.openqa.selenium.NoSuchElementException: no such element: Unable to locate element: {"method":"xpath","selector":"//div[@class='ui-menu-item-wrapper' and contains(text(), 'Clapham Junction')]"}
  (Session info: chrome=71.0.3578.98)
  (Driver info: chromedriver=72.0.3626.69 (3c16f8a135abc0d4da2dff33804db79b849a7c38),platform=Windows NT 10.0.16299 x86_64) (WARNING: The server did not provide any stacktrace information)
Command duration or timeout: 0 milliseconds
For documentation on this error, please visit: https://www.seleniumhq.org/exceptions/no_such_element.html
Build info: version: '3.141.59', revision: 'e82be7d358', time: '2018-11-14T08:17:03'
System info: host: 'PRIVATE-1074', ip: '10.8.1.74', os.name: 'Windows 10', os.arch: 'amd64', os.version: '10.0', java.version: '1.8.0_152'
Driver info: org.openqa.selenium.chrome.ChromeDriver
Capabilities {acceptInsecureCerts: false, acceptSslCerts: false, applicationCacheEnabled: false, browserConnectionEnabled: false, browserName: chrome, chrome: {chromedriverVersion: 72.0.3626.69 (3c16f8a135abc..., userDataDir: C:\Users\LUKHOV~1\AppData\L...}, cssSelectorsEnabled: true, databaseEnabled: false, goog:chromeOptions: {debuggerAddress: localhost:53850}, handlesAlerts: true, hasTouchScreen: false, javascriptEnabled: true, locationContextEnabled: true, mobileEmulationEnabled: false, nativeEvents: true, networkConnectionEnabled: false, pageLoadStrategy: normal, platform: XP, platformName: XP, proxy: Proxy(), rotatable: false, setWindowRect: true, takesHeapSnapshot: true, takesScreenshot: true, timeouts: {implicit: 0, pageLoad: 300000, script: 30000}, unexpectedAlertBehaviour: ignore, unhandledPromptBehavior: ignore, version: 71.0.3578.98, webStorageEnabled: true}
Session ID: e0620ded470a30ea143c20d26c81e683
*** Element info: {Using=xpath, value=//div[@class='ui-menu-item-wrapper' and contains(text(), 'Clapham Junction')]}
at sun.reflect.GeneratedConstructorAccessor13.newInstance(Unknown Source)
at sun.reflect.DelegatingConstructorAccessorImpl.newInstance(DelegatingConstructorAccessorImpl.java:45)
at java.lang.reflect.Constructor.newInstance(Constructor.java:423)
at org.openqa.selenium.remote.ErrorHandler.createThrowable(ErrorHandler.java:214)
at org.openqa.selenium.remote.ErrorHandler.throwIfResponseFailed(ErrorHandler.java:166)
at org.openqa.selenium.remote.http.JsonHttpResponseCodec.reconstructValue(JsonHttpResponseCodec.java:40)
at org.openqa.selenium.remote.http.AbstractHttpResponseCodec.decode(AbstractHttpResponseCodec.java:80)
at org.openqa.selenium.remote.http.AbstractHttpResponseCodec.decode(AbstractHttpResponseCodec.java:44)
at org.openqa.selenium.remote.HttpCommandExecutor.execute(HttpCommandExecutor.java:158)
at org.openqa.selenium.remote.service.DriverCommandExecutor.execute(DriverCommandExecutor.java:83)
at org.openqa.selenium.remote.RemoteWebDriver.execute(RemoteWebDriver.java:552)
at org.openqa.selenium.remote.RemoteWebDriver.findElement(RemoteWebDriver.java:323)
at org.openqa.selenium.remote.RemoteWebDriver.findElementByXPath(RemoteWebDriver.java:428)
at org.openqa.selenium.By$ByXPath.findElement(By.java:353)
at org.openqa.selenium.remote.RemoteWebDriver.findElement(RemoteWebDriver.java:315)
at com.codeborne.selenide.impl.WebElementSelector.findElement(WebElementSelector.java:29)
at com.codeborne.selenide.impl.ElementFinder.getWebElement(ElementFinder.java:56)
at com.codeborne.selenide.impl.WebElementSource.checkCondition(WebElementSource.java:44)
... 43 more
]]>
            </full-stacktrace>
          </exception> <!-- com.codeborne.selenide.ex.ElementNotFound -->
          <reporter-output>
          </reporter-output>
        </test-method> <!-- searchHomeLocationFromList -->
        <test-method status="FAIL" signature="searchHomeNorthLND()[pri:0, instance:uk.co.idealflatmate.tests.SearchHomePageTests@25bbe1b6]" name="searchHomeNorthLND" duration-ms="31969" started-at="2019-01-22T19:19:14Z" finished-at="2019-01-22T19:19:46Z">
          <exception class="com.codeborne.selenide.ex.ElementNotFound">
            <message>
              <![CDATA[Element not found {By.xpath: //h1[@class='h4']}
Expected: visible]]>
            </message>
            <full-stacktrace>
              <![CDATA[Element not found {By.xpath: //h1[@class='h4']}
Expected: visible
Screenshot: file:/C:/Users/lukhovytskyi/Documents/GitHub/idealflatmatetest/build/reports/tests/1548184785550.45.png
Page source: file:/C:/Users/lukhovytskyi/Documents/GitHub/idealflatmatetest/build/reports/tests/1548184785550.45.html
Timeout: 15 s.
Caused by: NoSuchElementException: no such element: Unable to locate element: {"method":"xpath","selector":"//h1[@class='h4']"}
at com.codeborne.selenide.impl.WebElementSource.createElementNotFoundError(WebElementSource.java:31)
at com.codeborne.selenide.impl.ElementFinder.createElementNotFoundError(ElementFinder.java:82)
at com.codeborne.selenide.impl.WebElementSource.checkCondition(WebElementSource.java:59)
at com.codeborne.selenide.commands.Should.should(Should.java:35)
at com.codeborne.selenide.commands.Should.execute(Should.java:29)
at com.codeborne.selenide.commands.Should.execute(Should.java:12)
at com.codeborne.selenide.commands.Commands.execute(Commands.java:144)
at com.codeborne.selenide.impl.SelenideElementProxy.dispatchAndRetry(SelenideElementProxy.java:87)
at com.codeborne.selenide.impl.SelenideElementProxy.invoke(SelenideElementProxy.java:63)
at com.sun.proxy.$Proxy5.waitUntil(Unknown Source)
at uk.co.idealflatmate.appmanager.SearchHelper.verificationSearchProperty(SearchHelper.java:59)
at uk.co.idealflatmate.tests.SearchHomePageTests.searchHomeNorthLND(SearchHomePageTests.java:64)
at sun.reflect.NativeMethodAccessorImpl.invoke0(Native Method)
at sun.reflect.NativeMethodAccessorImpl.invoke(NativeMethodAccessorImpl.java:62)
at sun.reflect.DelegatingMethodAccessorImpl.invoke(DelegatingMethodAccessorImpl.java:43)
at java.lang.reflect.Method.invoke(Method.java:498)
at org.testng.internal.MethodInvocationHelper.invokeMethod(MethodInvocationHelper.java:124)
at org.testng.internal.Invoker.invokeMethod(Invoker.java:583)
at org.testng.internal.Invoker.invokeTestMethod(Invoker.java:719)
at org.testng.internal.Invoker.invokeTestMethods(Invoker.java:989)
at org.testng.internal.TestMethodWorker.invokeTestMethods(TestMethodWorker.java:125)
at org.testng.internal.TestMethodWorker.run(TestMethodWorker.java:109)
at org.testng.TestRunner.privateRun(TestRunner.java:648)
at org.testng.TestRunner.run(TestRunner.java:505)
at org.testng.SuiteRunner.runTest(SuiteRunner.java:455)
at org.testng.SuiteRunner.runSequentially(SuiteRunner.java:450)
at org.testng.SuiteRunner.privateRun(SuiteRunner.java:415)
at org.testng.SuiteRunner.run(SuiteRunner.java:364)
at org.testng.SuiteRunnerWorker.runSuite(SuiteRunnerWorker.java:52)
at org.testng.SuiteRunnerWorker.run(SuiteRunnerWorker.java:84)
at org.testng.TestNG.runSuitesSequentially(TestNG.java:1208)
at org.testng.TestNG.runSuitesLocally(TestNG.java:1137)
at org.testng.TestNG.runSuites(TestNG.java:1049)
at org.testng.TestNG.run(TestNG.java:1017)
at org.apache.maven.surefire.testng.TestNGExecutor.run(TestNGExecutor.java:122)
at org.apache.maven.surefire.testng.TestNGXmlTestSuite.execute(TestNGXmlTestSuite.java:88)
at org.apache.maven.surefire.testng.TestNGProvider.invoke(TestNGProvider.java:104)
at sun.reflect.NativeMethodAccessorImpl.invoke0(Native Method)
at sun.reflect.NativeMethodAccessorImpl.invoke(NativeMethodAccessorImpl.java:62)
at sun.reflect.DelegatingMethodAccessorImpl.invoke(DelegatingMethodAccessorImpl.java:43)
at java.lang.reflect.Method.invoke(Method.java:498)
at org.apache.maven.surefire.booter.ProviderFactory$ClassLoaderProxy.invoke(ProviderFactory.java:103)
at com.sun.proxy.$Proxy0.invoke(Unknown Source)
at org.apache.maven.surefire.booter.SurefireStarter.invokeProvider(SurefireStarter.java:150)
at org.apache.maven.surefire.booter.SurefireStarter.runSuitesInProcess(SurefireStarter.java:91)
at org.apache.maven.surefire.booter.ForkedBooter.main(ForkedBooter.java:69)
Caused by: org.openqa.selenium.NoSuchElementException: no such element: Unable to locate element: {"method":"xpath","selector":"//h1[@class='h4']"}
  (Session info: chrome=71.0.3578.98)
  (Driver info: chromedriver=72.0.3626.69 (3c16f8a135abc0d4da2dff33804db79b849a7c38),platform=Windows NT 10.0.16299 x86_64) (WARNING: The server did not provide any stacktrace information)
Command duration or timeout: 0 milliseconds
For documentation on this error, please visit: https://www.seleniumhq.org/exceptions/no_such_element.html
Build info: version: '3.141.59', revision: 'e82be7d358', time: '2018-11-14T08:17:03'
System info: host: 'PRIVATE-1074', ip: '10.8.1.74', os.name: 'Windows 10', os.arch: 'amd64', os.version: '10.0', java.version: '1.8.0_152'
Driver info: org.openqa.selenium.chrome.ChromeDriver
Capabilities {acceptInsecureCerts: false, acceptSslCerts: false, applicationCacheEnabled: false, browserConnectionEnabled: false, browserName: chrome, chrome: {chromedriverVersion: 72.0.3626.69 (3c16f8a135abc..., userDataDir: C:\Users\LUKHOV~1\AppData\L...}, cssSelectorsEnabled: true, databaseEnabled: false, goog:chromeOptions: {debuggerAddress: localhost:53850}, handlesAlerts: true, hasTouchScreen: false, javascriptEnabled: true, locationContextEnabled: true, mobileEmulationEnabled: false, nativeEvents: true, networkConnectionEnabled: false, pageLoadStrategy: normal, platform: XP, platformName: XP, proxy: Proxy(), rotatable: false, setWindowRect: true, takesHeapSnapshot: true, takesScreenshot: true, timeouts: {implicit: 0, pageLoad: 300000, script: 30000}, unexpectedAlertBehaviour: ignore, unhandledPromptBehavior: ignore, version: 71.0.3578.98, webStorageEnabled: true}
Session ID: e0620ded470a30ea143c20d26c81e683
*** Element info: {Using=xpath, value=//h1[@class='h4']}
at sun.reflect.GeneratedConstructorAccessor13.newInstance(Unknown Source)
at sun.reflect.DelegatingConstructorAccessorImpl.newInstance(DelegatingConstructorAccessorImpl.java:45)
at java.lang.reflect.Constructor.newInstance(Constructor.java:423)
at org.openqa.selenium.remote.ErrorHandler.createThrowable(ErrorHandler.java:214)
[...]
at org.testng.SuiteRunner.privateRun(SuiteRunner.java:415)
at org.testng.SuiteRunner.run(SuiteRunner.java:364)
at org.testng.SuiteRunnerWorker.runSuite(SuiteRunnerWorker.java:52)
at org.testng.SuiteRunnerWorker.run(SuiteRunnerWorker.java:84)
at org.testng.TestNG.runSuitesSequentially(TestNG.java:1208)
at org.testng.TestNG.runSuitesLocally(TestNG.java:1137)
at org.testng.TestNG.runSuites(TestNG.java:1049)
at org.testng.TestNG.run(TestNG.java:1017)
at org.apache.maven.surefire.testng.TestNGExecutor.run(TestNGExecutor.java:122)
at org.apache.maven.surefire.testng.TestNGXmlTestSuite.execute(TestNGXmlTestSuite.java:88)
at org.apache.maven.surefire.testng.TestNGProvider.invoke(TestNGProvider.java:104)
at sun.reflect.NativeMethodAccessorImpl.invoke0(Native Method)
at sun.reflect.NativeMethodAccessorImpl.invoke(NativeMethodAccessorImpl.java:62)
at sun.reflect.DelegatingMethodAccessorImpl.invoke(DelegatingMethodAccessorImpl.java:43)
at java.lang.reflect.Method.invoke(Method.java:498)
at org.apache.maven.surefire.booter.ProviderFactory$ClassLoaderProxy.invoke(ProviderFactory.java:103)
at com.sun.proxy.$Proxy0.invoke(Unknown Source)
at org.apache.maven.surefire.booter.SurefireStarter.invokeProvider(SurefireStarter.java:150)
at org.apache.maven.surefire.booter.SurefireStarter.runSuitesInProcess(SurefireStarter.java:91)
at org.apache.maven.surefire.booter.ForkedBooter.main(ForkedBooter.java:69)
Caused by: org.openqa.selenium.WebDriverException: unknown error: Element <div class="more-filters ">...</div> is not clickable at point (1763, 90). Other element would receive the click: <div role="dialog" tabindex="-1" id="signupNeedspaceModal" class="modal fade in" style="overflow-y: scroll; display: block;">...</div>
  (Session info: chrome=71.0.3578.98)
  (Driver info: chromedriver=72.0.3626.69 (3c16f8a135abc0d4da2dff33804db79b849a7c38),platform=Windows NT 10.0.16299 x86_64) (WARNING: The server did not provide any stacktrace information)
Command duration or timeout: 0 milliseconds
Build info: version: '3.141.59', revision: 'e82be7d358', time: '2018-11-14T08:17:03'
System info: host: 'PRIVATE-1074', ip: '10.8.1.74', os.name: 'Windows 10', os.arch: 'amd64', os.version: '10.0', java.version: '1.8.0_152'
Driver info: org.openqa.selenium.chrome.ChromeDriver
Capabilities {acceptInsecureCerts: false, acceptSslCerts: false, applicationCacheEnabled: false, browserConnectionEnabled: false, browserName: chrome, chrome: {chromedriverVersion: 72.0.3626.69 (3c16f8a135abc..., userDataDir: C:\Users\LUKHOV~1\AppData\L...}, cssSelectorsEnabled: true, databaseEnabled: false, goog:chromeOptions: {debuggerAddress: localhost:53850}, handlesAlerts: true, hasTouchScreen: false, javascriptEnabled: true, locationContextEnabled: true, mobileEmulationEnabled: false, nativeEvents: true, networkConnectionEnabled: false, pageLoadStrategy: normal, platform: XP, platformName: XP, proxy: Proxy(), rotatable: false, setWindowRect: true, takesHeapSnapshot: true, takesScreenshot: true, timeouts: {implicit: 0, pageLoad: 300000, script: 30000}, unexpectedAlertBehaviour: ignore, unhandledPromptBehavior: ignore, version: 71.0.3578.98, webStorageEnabled: true}
Session ID: e0620ded470a30ea143c20d26c81e683
at sun.reflect.GeneratedConstructorAccessor19.newInstance(Unknown Source)
at sun.reflect.DelegatingConstructorAccessorImpl.newInstance(DelegatingConstructorAccessorImpl.java:45)
at java.lang.reflect.Constructor.newInstance(Constructor.java:423)
at org.openqa.selenium.remote.ErrorHandler.createThrowable(ErrorHandler.java:214)
at org.openqa.selenium.remote.ErrorHandler.throwIfResponseFailed(ErrorHandler.java:166)
at org.openqa.selenium.remote.http.JsonHttpResponseCodec.reconstructValue(JsonHttpResponseCodec.java:40)
at org.openqa.selenium.remote.http.AbstractHttpResponseCodec.decode(AbstractHttpResponseCodec.java:80)
at org.openqa.selenium.remote.http.AbstractHttpResponseCodec.decode(AbstractHttpResponseCodec.java:44)
at org.openqa.selenium.remote.HttpCommandExecutor.execute(HttpCommandExecutor.java:158)
at org.openqa.selenium.remote.service.DriverCommandExecutor.execute(DriverCommandExecutor.java:83)
at org.openqa.selenium.remote.RemoteWebDriver.execute(RemoteWebDriver.java:552)
at org.openqa.selenium.remote.RemoteWebElement.execute(RemoteWebElement.java:285)
at org.openqa.selenium.remote.RemoteWebElement.click(RemoteWebElement.java:84)
at com.codeborne.selenide.commands.Click.click(Click.java:29)
at com.codeborne.selenide.commands.Click.execute(Click.java:16)
at com.codeborne.selenide.commands.Click.execute(Click.java:12)
at com.codeborne.selenide.commands.Commands.execute(Commands.java:144)
at com.codeborne.selenide.impl.SelenideElementProxy.dispatchAndRetry(SelenideElementProxy.java:87)
... 38 more
]]>
            </full-stacktrace>
          </exception> <!-- com.codeborne.selenide.ex.ElementNotFound -->
          <reporter-output>
          </reporter-output>
        </test-method> <!-- applyMoreFilters -->
        <test-method status="PASS" signature="propertySearchByDropDown()[pri:0, instance:uk.co.idealflatmate.tests.SearchPropertiesPageTests@5702b3b1]" name="propertySearchByDropDown" duration-ms="19028" started-at="2019-01-22T19:21:21Z" finished-at="2019-01-22T19:21:40Z">
          <reporter-output>
          </reporter-output>
        </test-method> <!-- propertySearchByDropDown -->
        <test-method status="FAIL" signature="searchEastLDNPagination()[pri:0, instance:uk.co.idealflatmate.tests.SearchPropertiesPageTests@5702b3b1]" name="searchEastLDNPagination" duration-ms="21163" started-at="2019-01-22T19:21:40Z" finished-at="2019-01-22T19:22:02Z">
          <exception class="com.codeborne.selenide.ex.ElementNotFound">
            <message>
              <![CDATA[Element not found {By.xpath: //div[@class='cards-container']/div}
Expected: visible]]>
            </message>
            <full-stacktrace>
              <![CDATA[Element not found {By.xpath: //div[@class='cards-container']/div}
Expected: visible
Screenshot: file:/C:/Users/lukhovytskyi/Documents/GitHub/idealflatmatetest/build/reports/tests/1548184921253.51.png
Page source: file:/C:/Users/lukhovytskyi/Documents/GitHub/idealflatmatetest/build/reports/tests/1548184921253.51.html
Timeout: 15 s.
Caused by: java.lang.IndexOutOfBoundsException: Index: 0, Size: 0
at com.codeborne.selenide.impl.CollectionElement.createElementNotFoundError(CollectionElement.java:48)
at com.codeborne.selenide.impl.WebElementSource.checkCondition(WebElementSource.java:59)
at com.codeborne.selenide.commands.Should.should(Should.java:35)
at com.codeborne.selenide.commands.Should.execute(Should.java:29)
at com.codeborne.selenide.commands.Should.execute(Should.java:12)
at com.codeborne.selenide.commands.Commands.execute(Commands.java:144)
at com.codeborne.selenide.impl.SelenideElementProxy.dispatchAndRetry(SelenideElementProxy.java:87)
at com.codeborne.selenide.impl.SelenideElementProxy.invoke(SelenideElementProxy.java:63)
at com.sun.proxy.$Proxy5.waitUntil(Unknown Source)
at uk.co.idealflatmate.appmanager.SearchHelper.firstCardIsColivingAdv(SearchHelper.java:89)
at uk.co.idealflatmate.tests.SearchPropertiesPageTests.searchEastLDNPagination(SearchPropertiesPageTests.java:68)
at sun.reflect.NativeMethodAccessorImpl.invoke0(Native Method)
at sun.reflect.NativeMethodAccessorImpl.invoke(NativeMethodAccessorImpl.java:62)
at sun.reflect.DelegatingMethodAccessorImpl.invoke(DelegatingMethodAccessorImpl.java:43)
at java.lang.reflect.Method.invoke(Method.java:498)
at org.testng.internal.MethodInvocationHelper.invokeMethod(MethodInvocationHelper.java:124)
at org.testng.internal.Invoker.invokeMethod(Invoker.java:583)
at org.testng.internal.Invoker.invokeTestMethod(Invoker.java:719)
at org.testng.internal.Invoker.invokeTestMethods(Invoker.java:989)
at org.testng.internal.TestMethodWorker.invokeTestMethods(TestMethodWorker.java:125)
at org.testng.internal.TestMethodWorker.run(TestMethodWorker.java:109)
at org.testng.TestRunner.privateRun(TestRunner.java:648)
at org.testng.TestRunner.run(TestRunner.java:505)
at org.testng.SuiteRunner.runTest(SuiteRunner.java:455)
at org.testng.SuiteRunner.runSequentially(SuiteRunner.java:450)
at org.testng.SuiteRunner.privateRun(SuiteRunner.java:415)
at org.testng.SuiteRunner.run(SuiteRunner.java:364)
at org.testng.SuiteRunnerWorker.runSuite(SuiteRunnerWorker.java:52)
at org.testng.SuiteRunnerWorker.run(SuiteRunnerWorker.java:84)
at org.testng.TestNG.runSuitesSequentially(TestNG.java:1208)
at org.testng.TestNG.runSuitesLocally(TestNG.java:1137)
at org.testng.TestNG.runSuites(TestNG.java:1049)
at org.testng.TestNG.run(TestNG.java:1017)
at org.apache.maven.surefire.testng.TestNGExecutor.run(TestNGExecutor.java:122)
at org.apache.maven.surefire.testng.TestNGXmlTestSuite.execute(TestNGXmlTestSuite.java:88)
at org.apache.maven.surefire.testng.TestNGProvider.invoke(TestNGProvider.java:104)
at sun.reflect.NativeMethodAccessorImpl.invoke0(Native Method)
at sun.reflect.NativeMethodAccessorImpl.invoke(NativeMethodAccessorImpl.java:62)
at sun.reflect.DelegatingMethodAccessorImpl.invoke(DelegatingMethodAccessorImpl.java:43)
at java.lang.reflect.Method.invoke(Method.java:498)
at org.apache.maven.surefire.booter.ProviderFactory$ClassLoaderProxy.invoke(ProviderFactory.java:103)
at com.sun.proxy.$Proxy0.invoke(Unknown Source)
at org.apache.maven.surefire.booter.SurefireStarter.invokeProvider(SurefireStarter.java:150)
at org.apache.maven.surefire.booter.SurefireStarter.runSuitesInProcess(SurefireStarter.java:91)
at org.apache.maven.surefire.booter.ForkedBooter.main(ForkedBooter.java:69)
Caused by: java.lang.IndexOutOfBoundsException: Index: 0, Size: 0
at java.util.ArrayList.rangeCheck(ArrayList.java:657)
at java.util.ArrayList.get(ArrayList.java:433)
at com.codeborne.selenide.impl.CollectionElement.getWebElement(CollectionElement.java:36)
at com.codeborne.selenide.impl.WebElementSource.checkCondition(WebElementSource.java:44)
... 43 more
]]>
            </full-stacktrace>
          </exception> <!-- com.codeborne.selenide.ex.ElementNotFound -->
          <reporter-output>
          </reporter-output>
        </test-method> <!-- searchEastLDNPagination -->
        <test-method status="PASS" signature="searchPagination()[pri:0, instance:uk.co.idealflatmate.tests.SearchPropertiesPageTests@5702b3b1]" name="searchPagination" duration-ms="36622" started-at="2019-01-22T19:22:02Z" finished-at="2019-01-22T19:22:38Z">
          <reporter-output>
          </reporter-output>
        </test-method> <!-- searchPagination -->
        <test-method status="PASS" signature="searchZone1Pagination()[pri:0, instance:uk.co.idealflatmate.tests.SearchPropertiesPageTests@5702b3b1]" name="searchZone1Pagination" duration-ms="9412" started-at="2019-01-22T19:22:38Z" finished-at="2019-01-22T19:22:48Z">
          <reporter-output>
          </reporter-output>
        </test-method> <!-- searchZone1Pagination -->
        <test-method status="PASS" signature="sortListing()[pri:0, instance:uk.co.idealflatmate.tests.SearchPropertiesPageTests@5702b3b1]" name="sortListing" duration-ms="37659" started-at="2019-01-22T19:22:48Z" finished-at="2019-01-22T19:23:25Z">
          <reporter-output>
          </reporter-output>
        </test-method> <!-- sortListing -->
        <test-method status="FAIL" signature="sortListingWith2Rooms()[pri:0, instance:uk.co.idealflatmate.tests.SearchPropertiesPageTests@5702b3b1]" name="sortListingWith2Rooms" duration-ms="13949" started-at="2019-01-22T19:23:25Z" finished-at="2019-01-22T19:23:39Z">
          <exception class="com.codeborne.selenide.ex.ElementNotFound">
            <message>
              <![CDATA[Element not found {By.xpath: //div[contains(text(), 'Available bedrooms')]/..//button[@data-type='plus']}
Expected: visible]]>
            </message>
            <full-stacktrace>
              <![CDATA[Element not found {By.xpath: //div[contains(text(), 'Available bedrooms')]/..//button[@data-type='plus']}
Expected: visible
Screenshot: file:/C:/Users/lukhovytskyi/Documents/GitHub/idealflatmatetest/build/reports/tests/1548185018814.53.png
Page source: file:/C:/Users/lukhovytskyi/Documents/GitHub/idealflatmatetest/build/reports/tests/1548185018814.53.html
Timeout: 10 s.
Caused by: NoSuchElementException: no such element: Unable to locate element: {"method":"xpath","selector":"//div[contains(text(), 'Available bedrooms')]/..//button[@data-type='plus']"}
at com.codeborne.selenide.impl.WebElementSource.createElementNotFoundError(WebElementSource.java:31)
at com.codeborne.selenide.impl.ElementFinder.createElementNotFoundError(ElementFinder.java:82)
at com.codeborne.selenide.impl.WebElementSource.checkCondition(WebElementSource.java:59)
at com.codeborne.selenide.impl.WebElementSource.findAndAssertElementIsVisible(WebElementSource.java:72)
at com.codeborne.selenide.commands.Click.execute(Click.java:16)
at com.codeborne.selenide.commands.Click.execute(Click.java:12)
at com.codeborne.selenide.commands.Commands.execute(Commands.java:144)
at com.codeborne.selenide.impl.SelenideElementProxy.dispatchAndRetry(SelenideElementProxy.java:87)
at com.codeborne.selenide.impl.SelenideElementProxy.invoke(SelenideElementProxy.java:63)
at com.sun.proxy.$Proxy5.click(Unknown Source)
at uk.co.idealflatmate.appmanager.SearchHelper.clickAvailablePlus(SearchHelper.java:138)
at uk.co.idealflatmate.tests.SearchPropertiesPageTests.sortListingWith2Rooms(SearchPropertiesPageTests.java:139)
at sun.reflect.NativeMethodAccessorImpl.invoke0(Native Method)
at sun.reflect.NativeMethodAccessorImpl.invoke(NativeMethodAccessorImpl.java:62)
at sun.reflect.DelegatingMethodAccessorImpl.invoke(DelegatingMethodAccessorImpl.java:43)
at java.lang.reflect.Method.invoke(Method.java:498)
at org.testng.internal.MethodInvocationHelper.invokeMethod(MethodInvocationHelper.java:124)
at org.testng.internal.Invoker.invokeMethod(Invoker.java:583)
at org.testng.internal.Invoker.invokeTestMethod(Invoker.java:719)
at org.testng.internal.Invoker.invokeTestMethods(Invoker.java:989)
at org.testng.internal.TestMethodWorker.invokeTestMethods(TestMethodWorker.java:125)
at org.testng.internal.TestMethodWorker.run(TestMethodWorker.java:109)
at org.testng.TestRunner.privateRun(TestRunner.java:648)
at org.testng.TestRunner.run(TestRunner.java:505)
at org.testng.SuiteRunner.runTest(SuiteRunner.java:455)
at org.testng.SuiteRunner.runSequentially(SuiteRunner.java:450)
at org.testng.SuiteRunner.privateRun(SuiteRunner.java:415)
at org.testng.SuiteRunner.run(SuiteRunner.java:364)
at org.testng.SuiteRunnerWorker.runSuite(SuiteRunnerWorker.java:52)
at org.testng.SuiteRunnerWorker.run(SuiteRunnerWorker.java:84)
at org.testng.TestNG.runSuitesSequentially(TestNG.java:1208)
at org.testng.TestNG.runSuitesLocally(TestNG.java:1137)
at org.testng.TestNG.runSuites(TestNG.java:1049)
at org.testng.TestNG.run(TestNG.java:1017)
at org.apache.maven.surefire.testng.TestNGExecutor.run(TestNGExecutor.java:122)
at org.apache.maven.surefire.testng.TestNGXmlTestSuite.execute(TestNGXmlTestSuite.java:88)
at org.apache.maven.surefire.testng.TestNGProvider.invoke(TestNGProvider.java:104)
at sun.reflect.NativeMethodAccessorImpl.invoke0(Native Method)
at sun.reflect.NativeMethodAccessorImpl.invoke(NativeMethodAccessorImpl.java:62)
at sun.reflect.DelegatingMethodAccessorImpl.invoke(DelegatingMethodAccessorImpl.java:43)
at java.lang.reflect.Method.invoke(Method.java:498)
at org.apache.maven.surefire.booter.ProviderFactory$ClassLoaderProxy.invoke(ProviderFactory.java:103)
at com.sun.proxy.$Proxy0.invoke(Unknown Source)
at org.apache.maven.surefire.booter.SurefireStarter.invokeProvider(SurefireStarter.java:150)
at org.apache.maven.surefire.booter.SurefireStarter.runSuitesInProcess(SurefireStarter.java:91)
at org.apache.maven.surefire.booter.ForkedBooter.main(ForkedBooter.java:69)
Caused by: org.openqa.selenium.NoSuchElementException: no such element: Unable to locate element: {"method":"xpath","selector":"//div[contains(text(), 'Available bedrooms')]/..//button[@data-type='plus']"}
  (Session info: chrome=71.0.3578.98)
  (Driver info: chromedriver=72.0.3626.69 (3c16f8a135abc0d4da2dff33804db79b849a7c38),platform=Windows NT 10.0.16299 x86_64) (WARNING: The server did not provide any stacktrace information)
Command duration or timeout: 0 milliseconds
For documentation on this error, please visit: https://www.seleniumhq.org/exceptions/no_such_element.html
Build info: version: '3.141.59', revision: 'e82be7d358', time: '2018-11-14T08:17:03'
System info: host: 'PRIVATE-1074', ip: '10.8.1.74', os.name: 'Windows 10', os.arch: 'amd64', os.version: '10.0', java.version: '1.8.0_152'
Driver info: org.openqa.selenium.chrome.ChromeDriver
Capabilities {acceptInsecureCerts: false, acceptSslCerts: false, applicationCacheEnabled: false, browserConnectionEnabled: false, browserName: chrome, chrome: {chromedriverVersion: 72.0.3626.69 (3c16f8a135abc..., userDataDir: C:\Users\LUKHOV~1\AppData\L...}, cssSelectorsEnabled: true, databaseEnabled: false, goog:chromeOptions: {debuggerAddress: localhost:54407}, handlesAlerts: true, hasTouchScreen: false, javascriptEnabled: true, locationContextEnabled: true, mobileEmulationEnabled: false, nativeEvents: true, networkConnectionEnabled: false, pageLoadStrategy: normal, platform: XP, platformName: XP, proxy: Proxy(), rotatable: false, setWindowRect: true, takesHeapSnapshot: true, takesScreenshot: true, timeouts: {implicit: 0, pageLoad: 300000, script: 30000}, unexpectedAlertBehaviour: ignore, unhandledPromptBehavior: ignore, version: 71.0.3578.98, webStorageEnabled: true}
Session ID: 53a1d6781a20bb4309a48cf553805242
*** Element info: {Using=xpath, value=//div[contains(text(), 'Available bedrooms')]/..//button[@data-type='plus']}
at sun.reflect.GeneratedConstructorAccessor13.newInstance(Unknown Source)
at sun.reflect.DelegatingConstructorAccessorImpl.newInstance(DelegatingConstructorAccessorImpl.java:45)
at java.lang.reflect.Constructor.newInstance(Constructor.java:423)
at org.openqa.selenium.remote.ErrorHandler.createThrowable(ErrorHandler.java:214)
at org.openqa.selenium.remote.ErrorHandler.throwIfResponseFailed(ErrorHandler.java:166)
at org.openqa.selenium.remote.http.JsonHttpResponseCodec.reconstructValue(JsonHttpResponseCodec.java:40)
at org.openqa.selenium.remote.http.AbstractHttpResponseCodec.decode(AbstractHttpResponseCodec.java:80)
at org.openqa.selenium.remote.http.AbstractHttpResponseCodec.decode(AbstractHttpResponseCodec.java:44)
at org.openqa.selenium.remote.HttpCommandExecutor.execute(HttpCommandExecutor.java:158)
at org.openqa.selenium.remote.service.DriverCommandExecutor.execute(DriverCommandExecutor.java:83)
at org.openqa.selenium.remote.RemoteWebDriver.execute(RemoteWebDriver.java:552)
at org.openqa.selenium.remote.RemoteWebDriver.findElement(RemoteWebDriver.java:323)
at org.openqa.selenium.remote.RemoteWebDriver.findElementByXPath(RemoteWebDriver.java:428)
at org.openqa.selenium.By$ByXPath.findElement(By.java:353)
at org.openqa.selenium.remote.RemoteWebDriver.findElement(RemoteWebDriver.java:315)
at com.codeborne.selenide.impl.WebElementSelector.findElement(WebElementSelector.java:29)
at com.codeborne.selenide.impl.ElementFinder.getWebElement(ElementFinder.java:56)
at com.codeborne.selenide.impl.WebElementSource.checkCondition(WebElementSource.java:44)
... 43 more
]]>
            </full-stacktrace>
          </exception> <!-- com.codeborne.selenide.ex.ElementNotFound -->
          <reporter-output>
          </reporter-output>
        </test-method> <!-- sortListingWith2Rooms -->
        <test-method status="PASS" signature="tearDown()[pri:0, instance:uk.co.idealflatmate.tests.SearchPropertiesPageTests@5702b3b1]" name="tearDown" is-config="true" duration-ms="981" started-at="2019-01-22T19:23:39Z" finished-at="2019-01-22T19:23:40Z">
          <reporter-output>
          </reporter-output>
        </test-method> <!-- tearDown -->
      </class> <!-- uk.co.idealflatmate.tests.SearchPropertiesPageTests -->
    </test> <!-- Test1 -->
  </suite> <!-- suite -->
</testng-results>
