<?xml version="1.0" encoding="UTF-8"?>
<testsuite xmlns:xsi="http://www.w3.org/2001/XMLSchema-instance" xsi:noNamespaceSchemaLocation="https://maven.apache.org/surefire/maven-surefire-plugin/xsd/surefire-test-report-3.0.xsd" version="3.0" name="TestSuite" time="1,516.146" tests="102" errors="0" skipped="0" failures="35">
  <properties>
[...]
</properties>
  <testcase name="linkFH" classname="uk.co.idealflatmate.tests.AreaPageTest" time="7.26"/>
  <testcase name="loginStartListing" classname="uk.co.idealflatmate.tests.AddListingTests" time="16.121">
    <failure message="Element not found {By.name: Property[area_link_id]}&#10;Expected: visible" type="com.codeborne.selenide.ex.ElementNotFound">com.codeborne.selenide.ex.ElementNotFound: 
Element not found {By.name: Property[area_link_id]}
Expected: visible
	at uk.co.idealflatmate.tests.AddListingTests.loginStartListing(AddListingTests.java:28)
Caused by: org.openqa.selenium.NoSuchElementException: 
no such element: Unable to locate element: {"method":"name","selector":"Property[area_link_id]"}
  (Session info: chrome=71.0.3578.98)
  (Driver info: chromedriver=72.0.3626.69 (3c16f8a135abc0d4da2dff33804db79b849a7c38),platform=Windows NT 10.0.16299 x86_64) (WARNING: The server did not provide any stacktrace information)
Command duration or timeout: 0 milliseconds
For documentation on this error, please visit: https://www.seleniumhq.org/exceptions/no_such_element.html
Build info: version: '3.141.59', revision: 'e82be7d358', time: '2018-11-14T08:17:03'
System info: host: 'PRIVATE-1074', ip: '10.8.1.74', os.name: 'Windows 10', os.arch: 'amd64', os.version: '10.0', java.version: '1.8.0_152'
Driver info: org.openqa.selenium.chrome.ChromeDriver
Capabilities {acceptInsecureCerts: false, acceptSslCerts: false, applicationCacheEnabled: false, browserConnectionEnabled: false, browserName: chrome, chrome: {chromedriverVersion: 72.0.3626.69 (3c16f8a135abc..., userDataDir: C:\Users\LUKHOV~1\AppData\L...}, cssSelectorsEnabled: true, databaseEnabled: false, goog:chromeOptions: {debuggerAddress: localhost:55945}, handlesAlerts: true, hasTouchScreen: false, javascriptEnabled: true, locationContextEnabled: true, mobileEmulationEnabled: false, nativeEvents: true, networkConnectionEnabled: false, pageLoadStrategy: normal, platform: XP, platformName: XP, proxy: Proxy(), rotatable: false, setWindowRect: true, takesHeapSnapshot: true, takesScreenshot: true, timeouts: {implicit: 0, pageLoad: 300000, script: 30000}, unexpectedAlertBehaviour: ignore, unhandledPromptBehavior: ignore, version: 71.0.3578.98, webStorageEnabled: true}
Session ID: a6b65305f8ac375822fb5a05c98dd2e6
*** Element info: {Using=name, value=Property[area_link_id]}
	at uk.co.idealflatmate.tests.AddListingTests.loginStartListing(AddListingTests.java:28)
</failure>
    <system-err><![CDATA[Jan 29, 2019 11:55:47 AM com.codeborne.selenide.impl.WebDriverThreadLocalContainer closeWebDriver
INFO: Close webdriver: 38 -> ChromeDriver: chrome on XP (f4fe4cd0e497260acc446c00f599e789)
Jan 29, 2019 11:55:47 AM com.codeborne.selenide.impl.WebDriverThreadLocalContainer$CloseBrowser run
INFO: Trying to close the browser ChromeDriver ...
Jan 29, 2019 11:55:52 AM com.codeborne.selenide.impl.WebDriverThreadLocalContainer closeWebDriver
SEVERE: Failed to close webdriver in 5000 milliseconds
Starting ChromeDriver 72.0.3626.69 (3c16f8a135abc0d4da2dff33804db79b849a7c38) on port 48710
Only local connections are allowed.
Please protect ports used by ChromeDriver and related test frameworks to prevent access by malicious code.
]]></system-err>
  </testcase>
  <testcase name="firstFeaturedHomePageHeader" classname="uk.co.idealflatmate.tests.AreaPageTest" time="16.155">
    <failure message="Element not found {By.xpath: //a[@href=&apos;#rooms&apos;]}&#10;Expected: exist" type="com.codeborne.selenide.ex.ElementNotFound"><![CDATA[com.codeborne.selenide.ex.ElementNotFound: 
Element not found {By.xpath: //a[@href='#rooms']}
Expected: exist
	at uk.co.idealflatmate.tests.AreaPageTest.firstFeaturedHomePageHeader(AreaPageTest.java:19)
Caused by: org.openqa.selenium.WebDriverException: 
unknown error: Element <a href="#rooms" class="scrollink js-area-page">...</a> is not clickable at point (949, 34). Other element would receive the click: <div class="container-fluid">...</div>
  (Session info: chrome=71.0.3578.98)
  (Driver info: chromedriver=72.0.3626.69 (3c16f8a135abc0d4da2dff33804db79b849a7c38),platform=Windows NT 10.0.16299 x86_64) (WARNING: The server did not provide any stacktrace information)
Command duration or timeout: 0 milliseconds
Build info: version: '3.141.59', revision: 'e82be7d358', time: '2018-11-14T08:17:03'
System info: host: 'PRIVATE-1074', ip: '10.8.1.74', os.name: 'Windows 10', os.arch: 'amd64', os.version: '10.0', java.version: '1.8.0_152'
Driver info: org.openqa.selenium.chrome.ChromeDriver
Capabilities {acceptInsecureCerts: false, acceptSslCerts: false, applicationCacheEnabled: false, browserConnectionEnabled: false, browserName: chrome, chrome: {chromedriverVersion: 72.0.3626.69 (3c16f8a135abc..., userDataDir: C:\Users\LUKHOV~1\AppData\L...}, cssSelectorsEnabled: true, databaseEnabled: false, goog:chromeOptions: {debuggerAddress: localhost:55946}, handlesAlerts: true, hasTouchScreen: false, javascriptEnabled: true, locationContextEnabled: true, mobileEmulationEnabled: false, nativeEvents: true, networkConnectionEnabled: false, pageLoadStrategy: normal, platform: XP, platformName: XP, proxy: Proxy(), rotatable: false, setWindowRect: true, takesHeapSnapshot: true, takesScreenshot: true, timeouts: {implicit: 0, pageLoad: 300000, script: 30000}, unexpectedAlertBehaviour: ignore, unhandledPromptBehavior: ignore, version: 71.0.3578.98, webStorageEnabled: true}
Session ID: af1065ad41f2514d6cbe2a545080a876
	at uk.co.idealflatmate.tests.AreaPageTest.firstFeaturedHomePageHeader(AreaPageTest.java:19)
]]></failure>
    <system-err><![CDATA[Jan 29, 2019 11:55:59 AM com.codeborne.selenide.impl.WebDriverThreadLocalContainer closeWebDriver
INFO: Close webdriver: 30 -> ChromeDriver: chrome on XP (a6b65305f8ac375822fb5a05c98dd2e6)
Jan 29, 2019 11:55:59 AM com.codeborne.selenide.impl.WebDriverThreadLocalContainer$CloseBrowser run
INFO: Trying to close the browser ChromeDriver ...
]]></system-err>
  </testcase>
  <testcase name="firstFeaturedLinkArea" classname="uk.co.idealflatmate.tests.AreaPageTest" time="27.756">
    <failure message=": expected: = 6, actual: 0, collection: By.xpath: //div[@class=&apos;u_p15-top u_p15-bottom u_p0-left-xs u_p0-right-xs quick-flex-line&apos;]/a&#10;Elements: []" type="com.codeborne.selenide.ex.ListSizeMismatch">com.codeborne.selenide.ex.ListSizeMismatch: 
: expected: = 6, actual: 0, collection: By.xpath: //div[@class='u_p15-top u_p15-bottom u_p0-left-xs u_p0-right-xs quick-flex-line']/a
Elements: []
	at uk.co.idealflatmate.tests.AreaPageTest.firstFeaturedLinkArea(AreaPageTest.java:29)
</failure>
    <system-err><![CDATA[Jan 29, 2019 11:55:59 AM com.codeborne.selenide.impl.WebDriverThreadLocalContainer closeWebDriver
INFO: Close webdriver: 35 -> ChromeDriver: chrome on XP (af1065ad41f2514d6cbe2a545080a876)
Jan 29, 2019 11:55:59 AM com.codeborne.selenide.impl.WebDriverThreadLocalContainer$CloseBrowser run
INFO: Trying to close the browser ChromeDriver ...
Jan 29, 2019 11:56:02 AM org.openqa.selenium.os.OsProcess destroy
SEVERE: Unable to kill process java.lang.ProcessImpl@5b1e456e
Jan 29, 2019 11:56:02 AM com.codeborne.selenide.impl.WebDriverThreadLocalContainer closeWebDriver
INFO: Closed webdriver in 3522 ms
Starting ChromeDriver 72.0.3626.69 (3c16f8a135abc0d4da2dff33804db79b849a7c38) on port 11108
Only local connections are allowed.
Please protect ports used by ChromeDriver and related test frameworks to prevent access by malicious code.
Jan 29, 2019 11:56:04 AM com.codeborne.selenide.impl.WebDriverThreadLocalContainer closeWebDriver
SEVERE: Failed to close webdriver in 5000 milliseconds
Starting ChromeDriver 72.0.3626.69 (3c16f8a135abc0d4da2dff33804db79b849a7c38) on port 25595
Only local connections are allowed.
Please protect ports used by ChromeDriver and related test frameworks to prevent access by malicious code.
]]></system-err>
  </testcase>
  <testcase name="firstFeaturedLinkMap" classname="uk.co.idealflatmate.tests.AreaPageTest" time="25.361"/>
  <testcase name="exploreMoreArea" classname="uk.co.idealflatmate.tests.AreaPageTest" time="4.435">
    <failure message="Element should have value &apos;Liverpool&apos; {By.xpath: //div[@class=&apos;search-panel hidden-xs&apos;]//input}&#10;Element: &apos;&lt;input aria-autocomplete=&quot;list&quot; aria-controls=&quot;react-autowhatever-1&quot; autocomplete=&quot;off&quot; class=&quot;react-autosuggest__input&quot; placeholder=&quot;Search city, area, postcode&quot; type=&quot;text&quot;&gt;&lt;/input&gt;&apos;" type="com.codeborne.selenide.ex.ElementShould"><![CDATA[com.codeborne.selenide.ex.ElementShould: 
Element should have value 'Liverpool' {By.xpath: //div[@class='search-panel hidden-xs']//input}
Element: '<input aria-autocomplete="list" aria-controls="react-autowhatever-1" autocomplete="off" class="react-autosuggest__input" placeholder="Search city, area, postcode" type="text"></input>'
	at uk.co.idealflatmate.tests.AreaPageTest.exploreMoreArea(AreaPageTest.java:73)
]]></failure>
    <system-err><![CDATA[Jan 29, 2019 11:57:12 AM com.codeborne.selenide.impl.WebDriverThreadLocalContainer closeWebDriver
INFO: Close webdriver: 37 -> ChromeDriver: chrome on XP (7ce52661db495b74e3e15670102833c5)
Jan 29, 2019 11:57:12 AM com.codeborne.selenide.impl.WebDriverThreadLocalContainer$CloseBrowser run
INFO: Trying to close the browser ChromeDriver ...
Jan 29, 2019 11:57:17 AM com.codeborne.selenide.impl.WebDriverThreadLocalContainer closeWebDriver
SEVERE: Failed to close webdriver in 5000 milliseconds
Starting ChromeDriver 72.0.3626.69 (3c16f8a135abc0d4da2dff33804db79b849a7c38) on port 17731
Only local connections are allowed.
Please protect ports used by ChromeDriver and related test frameworks to prevent access by malicious code.
Jan 29, 2019 11:57:25 AM org.openqa.selenium.remote.ProtocolHandshake createSession
INFO: Detected dialect: OSS
Jan 29, 2019 11:57:26 AM com.codeborne.selenide.webdriver.WebDriverFactory logBrowserVersion
INFO: BrowserName=chrome Version=71.0.3578.98 Platform=XP
Jan 29, 2019 11:57:26 AM com.codeborne.selenide.webdriver.WebDriverFactory createWebDriver
INFO: Selenide v. 4.11.1
Jan 29, 2019 11:57:26 AM com.codeborne.selenide.webdriver.WebDriverFactory logSeleniumInfo
INFO: Selenium WebDriver v. 3.141.59 build time: 2018-11-14T08:17:03
Jan 29, 2019 11:57:26 AM com.codeborne.selenide.impl.WebDriverThreadLocalContainer createDriver
INFO: Create webdriver in current thread 37: ChromeDriver -> ChromeDriver: chrome on XP (5b6fcef03ab9c2946367376bc8d7b4dc)
]]></system-err>
  </testcase>
  <testcase name="titleListing" classname="uk.co.idealflatmate.tests.AddListingTests" time="0.411"/>
  <testcase name="seeMoreRooms" classname="uk.co.idealflatmate.tests.AreaPageTest" time="30.384">
    <failure message="String index out of range: 37" type="java.lang.StringIndexOutOfBoundsException">java.lang.StringIndexOutOfBoundsException: String index out of range: 37
	at uk.co.idealflatmate.tests.AreaPageTest.seeMoreRooms(AreaPageTest.java:50)
</failure>
    <system-err><![CDATA[[1548755871.483][WARNING]: Timed out connecting to Chrome, retrying...
Jan 29, 2019 11:57:54 AM com.codeborne.selenide.impl.WebDriverThreadLocalContainer closeWebDriver
SEVERE: Failed to close webdriver in 5000 milliseconds
Starting ChromeDriver 72.0.3626.69 (3c16f8a135abc0d4da2dff33804db79b849a7c38) on port 23848
Only local connections are allowed.
Please protect ports used by ChromeDriver and related test frameworks to prevent access by malicious code.
Jan 29, 2019 11:57:56 AM org.openqa.selenium.remote.ProtocolHandshake createSession
INFO: Detected dialect: OSS
Jan 29, 2019 11:57:57 AM org.openqa.selenium.remote.ProtocolHandshake createSession
INFO: Detected dialect: OSS
Jan 29, 2019 11:57:58 AM com.codeborne.selenide.webdriver.WebDriverFactory logBrowserVersion
INFO: BrowserName=chrome Version=71.0.3578.98 Platform=XP
Jan 29, 2019 11:57:58 AM com.codeborne.selenide.webdriver.WebDriverFactory createWebDriver
INFO: Selenide v. 4.11.1
Jan 29, 2019 11:57:58 AM com.codeborne.selenide.webdriver.WebDriverFactory logSeleniumInfo
INFO: Selenium WebDriver v. 3.141.59 build time: 2018-11-14T08:17:03
Jan 29, 2019 11:57:58 AM com.codeborne.selenide.impl.WebDriverThreadLocalContainer createDriver
INFO: Create webdriver in current thread 34: ChromeDriver -> ChromeDriver: chrome on XP (13c7e8a5bc039c2640e69e0b4f16eed9)
Jan 29, 2019 11:57:58 AM com.codeborne.selenide.webdriver.WebDriverFactory logBrowserVersion
INFO: BrowserName=chrome Version=71.0.3578.98 Platform=XP
Jan 29, 2019 11:57:58 AM com.codeborne.selenide.webdriver.WebDriverFactory createWebDriver
INFO: Selenide v. 4.11.1
Jan 29, 2019 11:57:58 AM com.codeborne.selenide.webdriver.WebDriverFactory logSeleniumInfo
INFO: Selenium WebDriver v. 3.141.59 build time: 2018-11-14T08:17:03
Jan 29, 2019 11:57:58 AM com.codeborne.selenide.impl.WebDriverThreadLocalContainer createDriver
INFO: Create webdriver in current thread 35: ChromeDriver -> ChromeDriver: chrome on XP (bb24e8bd66fa17e1b988abb9a89db9da)
Jan 29, 2019 11:58:02 AM org.openqa.selenium.os.OsProcess destroy
INFO: Unable to drain process streams. Ignoring but the exception being swallowed follows.
org.apache.commons.exec.ExecuteException: The stop timeout of 2000 ms was exceeded (Exit value: -559038737)
	at org.apache.commons.exec.PumpStreamHandler.stopThread(PumpStreamHandler.java:295)
	at org.apache.commons.exec.PumpStreamHandler.stop(PumpStreamHandler.java:181)
	at org.openqa.selenium.os.OsProcess.destroy(OsProcess.java:136)
	at org.openqa.selenium.os.CommandLine.destroy(CommandLine.java:153)
	at org.openqa.selenium.remote.service.DriverService.stop(DriverService.java:232)
	at org.openqa.selenium.remote.service.DriverCommandExecutor.execute(DriverCommandExecutor.java:95)
	at org.openqa.selenium.remote.RemoteWebDriver.execute(RemoteWebDriver.java:552)
	at org.openqa.selenium.remote.RemoteWebDriver.execute(RemoteWebDriver.java:609)
	at org.openqa.selenium.remote.RemoteWebDriver.quit(RemoteWebDriver.java:452)
	at com.codeborne.selenide.impl.WebDriverThreadLocalContainer$CloseBrowser.run(WebDriverThreadLocalContainer.java:174)
	at java.lang.Thread.run(Thread.java:748)

Jan 29, 2019 11:58:02 AM org.openqa.selenium.os.OsProcess destroy
SEVERE: Unable to kill process java.lang.ProcessImpl@50714f6d
Jan 29, 2019 11:58:02 AM com.codeborne.selenide.impl.WebDriverThreadLocalContainer closeWebDriver
INFO: Close webdriver: 30 -> ChromeDriver: chrome on XP (b7cb50a6e8a94449afa03929f2772d2b)
Jan 29, 2019 11:58:02 AM com.codeborne.selenide.impl.WebDriverThreadLocalContainer$CloseBrowser run
INFO: Trying to close the browser ChromeDriver ...
Jan 29, 2019 11:58:07 AM com.codeborne.selenide.impl.WebDriverThreadLocalContainer closeWebDriver
SEVERE: Failed to close webdriver in 5000 milliseconds
Starting ChromeDriver 72.0.3626.69 (3c16f8a135abc0d4da2dff33804db79b849a7c38) on port 1376
Only local connections are allowed.
Please protect ports used by ChromeDriver and related test frameworks to prevent access by malicious code.
]]></system-err>
  </testcase>
  <testcase name="classicLogInOut" classname="uk.co.idealflatmate.tests.AuthorizationTests" time="45.646"/>
  <testcase name="signUpPropertyAdding" classname="uk.co.idealflatmate.tests.AddListingTests" time="75.24"/>
  <testcase name="loginPendingListing" classname="uk.co.idealflatmate.tests.AddListingTests" time="7.051"/>
  <testcase name="emailWrongHomePage" classname="uk.co.idealflatmate.tests.AuthorizationTests" time="17.326"/>
  <testcase name="ablogInViaFacebook" classname="uk.co.idealflatmate.tests.AuthorizationTests" time="36.976"/>
  <testcase name="propertyAddWithAllFields" classname="uk.co.idealflatmate.tests.AddListingTests" time="3.187">
    <failure message="Element not found {By.xpath: //div[@class=&apos;panel-heading&apos;]}&#10;Expected: visible" type="com.codeborne.selenide.ex.ElementNotFound">com.codeborne.selenide.ex.ElementNotFound: 
Element not found {By.xpath: //div[@class='panel-heading']}
Expected: visible
	at uk.co.idealflatmate.tests.AddListingTests.propertyAddWithAllFields(AddListingTests.java:165)
Caused by: org.openqa.selenium.NoSuchElementException: 
no such element: Unable to locate element: {"method":"xpath","selector":"//div[@class='panel-heading']"}
  (Session info: chrome=71.0.3578.98)
  (Driver info: chromedriver=72.0.3626.69 (3c16f8a135abc0d4da2dff33804db79b849a7c38),platform=Windows NT 10.0.16299 x86_64) (WARNING: The server did not provide any stacktrace information)
Command duration or timeout: 0 milliseconds
For documentation on this error, please visit: https://www.seleniumhq.org/exceptions/no_such_element.html
Build info: version: '3.141.59', revision: 'e82be7d358', time: '2018-11-14T08:17:03'
System info: host: 'PRIVATE-1074', ip: '10.8.1.74', os.name: 'Windows 10', os.arch: 'amd64', os.version: '10.0', java.version: '1.8.0_152'
Driver info: org.openqa.selenium.chrome.ChromeDriver
Capabilities {acceptInsecureCerts: false, acceptSslCerts: false, applicationCacheEnabled: false, browserConnectionEnabled: false, browserName: chrome, chrome: {chromedriverVersion: 72.0.3626.69 (3c16f8a135abc..., userDataDir: C:\Users\LUKHOV~1\AppData\L...}, cssSelectorsEnabled: true, databaseEnabled: false, goog:chromeOptions: {debuggerAddress: localhost:56035}, handlesAlerts: true, hasTouchScreen: false, javascriptEnabled: true, locationContextEnabled: true, mobileEmulationEnabled: false, nativeEvents: true, networkConnectionEnabled: false, pageLoadStrategy: normal, platform: XP, platformName: XP, proxy: Proxy(), rotatable: false, setWindowRect: true, takesHeapSnapshot: true, takesScreenshot: true, timeouts: {implicit: 0, pageLoad: 300000, script: 30000}, unexpectedAlertBehaviour: ignore, unhandledPromptBehavior: ignore, version: 71.0.3578.98, webStorageEnabled: true}
Session ID: 5df238d3d4cccb56da58de52ccc670e5
*** Element info: {Using=xpath, value=//div[@class='panel-heading']}
	at uk.co.idealflatmate.tests.AddListingTests.propertyAddWithAllFields(AddListingTests.java:165)
</failure>
    <system-err><![CDATA[Jan 29, 2019 11:59:44 AM com.codeborne.selenide.impl.WebDriverThreadLocalContainer closeWebDriver
INFO: Close webdriver: 30 -> ChromeDriver: chrome on XP (12a7d65738e201b2b5259d2e0075709a)
Jan 29, 2019 11:59:45 AM com.codeborne.selenide.impl.WebDriverThreadLocalContainer$CloseBrowser run
INFO: Trying to close the browser ChromeDriver ...
Jan 29, 2019 11:59:50 AM org.openqa.selenium.os.OsProcess destroy
SEVERE: Unable to kill process java.lang.ProcessImpl@76ae95dd
Jan 29, 2019 11:59:50 AM com.codeborne.selenide.impl.WebDriverThreadLocalContainer closeWebDriver
SEVERE: Failed to close webdriver in 5000 milliseconds
]]></system-err>
  </testcase>
  <testcase name="invalidLoginWithEmptyFields" classname="uk.co.idealflatmate.tests.AuthorizationTests" time="19.629"/>
  <testcase name="logInContactFM" classname="uk.co.idealflatmate.tests.AuthorizationTests" time="34.958"/>
  <testcase name="logInMessageFM" classname="uk.co.idealflatmate.tests.AuthorizationTests" time="11.128"/>
  <testcase name="logInContactProperty" classname="uk.co.idealflatmate.tests.AuthorizationTests" time="0.522"/>
  <testcase name="logInOutOnPropertyPage" classname="uk.co.idealflatmate.tests.AuthorizationTests" time="3.346"/>
  <testcase name="alogInWithMatchingFB" classname="uk.co.idealflatmate.tests.AuthorizationTests" time="4.617"/>
  <testcase name="logInOutOnFMPage" classname="uk.co.idealflatmate.tests.AuthorizationTests" time="6.551"/>
  <testcase name="logInMessageProperty" classname="uk.co.idealflatmate.tests.AuthorizationTests" time="8.613"/>
  <testcase name="logInPhoneReveal" classname="uk.co.idealflatmate.tests.AuthorizationTests" time="3.58"/>
  <testcase name="footerAboutUsLink" classname="uk.co.idealflatmate.tests.FooterTest" time="3.674"/>
  <testcase name="footerAskLandlord" classname="uk.co.idealflatmate.tests.FooterTest" time="2.102"/>
  <testcase name="footerBlogLink" classname="uk.co.idealflatmate.tests.FooterTest" time="8.671">
    <failure message="TimeoutException: Expected condition failed: waiting for window to be available by index: 1 (tried for 10 second(s) with 100 milliseconds interval)&#10;Build info: version: &apos;3.141.59&apos;, revision: &apos;e82be7d358&apos;, time: &apos;2018-11-14T08:17:03&apos;&#10;System info: host: &apos;PRIVATE-1074&apos;, ip: &apos;10.8.1.74&apos;, os.name: &apos;Windows 10&apos;, os.arch: &apos;amd64&apos;, os.version: &apos;10.0&apos;, java.version: &apos;1.8.0_152&apos;&#10;Driver info: driver.version: unknown" type="com.codeborne.selenide.ex.UIAssertionError">com.codeborne.selenide.ex.UIAssertionError: 
TimeoutException: Expected condition failed: waiting for window to be available by index: 1 (tried for 10 second(s) with 100 milliseconds interval)
Build info: version: '3.141.59', revision: 'e82be7d358', time: '2018-11-14T08:17:03'
System info: host: 'PRIVATE-1074', ip: '10.8.1.74', os.name: 'Windows 10', os.arch: 'amd64', os.version: '10.0', java.version: '1.8.0_152'
Driver info: driver.version: unknown
	at uk.co.idealflatmate.tests.FooterTest.footerBlogLink(FooterTest.java:80)
Caused by: org.openqa.selenium.TimeoutException: 
Expected condition failed: waiting for window to be available by index: 1 (tried for 10 second(s) with 100 milliseconds interval)
Build info: version: '3.141.59', revision: 'e82be7d358', time: '2018-11-14T08:17:03'
System info: host: 'PRIVATE-1074', ip: '10.8.1.74', os.name: 'Windows 10', os.arch: 'amd64', os.version: '10.0', java.version: '1.8.0_152'
Driver info: driver.version: unknown
	at uk.co.idealflatmate.tests.FooterTest.footerBlogLink(FooterTest.java:80)
</failure>
    <system-out><![CDATA[verif - North London, Brent Park
]]></system-out>
  </testcase>
  <testcase name="footerMediaLink" classname="uk.co.idealflatmate.tests.FooterTest" time="9.17"/>
  <testcase name="footerHomeLink" classname="uk.co.idealflatmate.tests.FooterTest" time="9.767"/>
  <testcase name="loginPassWronglogInHomePage" classname="uk.co.idealflatmate.tests.AuthorizationTests" time="11.657"/>
  <testcase name="footerContactLink" classname="uk.co.idealflatmate.tests.FooterTest" time="14.649"/>
  <testcase name="footerBrowseHowItWorksLink" classname="uk.co.idealflatmate.tests.FooterTest" time="16.685"/>
  <testcase name="footerModern" classname="uk.co.idealflatmate.tests.FooterTest" time="3.4"/>
  <testcase name="footerBrowseFlatsharesLink" classname="uk.co.idealflatmate.tests.FooterTest" time="8.137">
    <failure message="Element should have text &apos;0 room matched to rent in and around Brent Park&apos; {By.xpath: //h1[@class=&apos;h4&apos;]}&#10;Element: &apos;&lt;h1 class=&quot;h4&quot;&gt;844 rooms matched to rent&lt;/h1&gt;&apos;" type="com.codeborne.selenide.ex.ElementShould"><![CDATA[com.codeborne.selenide.ex.ElementShould: 
Element should have text '0 room matched to rent in and around Brent Park' {By.xpath: //h1[@class='h4']}
Element: '<h1 class="h4">844 rooms matched to rent</h1>'
	at uk.co.idealflatmate.tests.FooterTest.footerBrowseFlatsharesLink(FooterTest.java:90)
]]></failure>
    <system-err><![CDATA[Jan 29, 2019 12:02:46 PM com.codeborne.selenide.webdriver.WebDriverFactory createWebDriver
INFO: Selenide v. 4.11.1
Jan 29, 2019 12:02:46 PM com.codeborne.selenide.webdriver.WebDriverFactory logSeleniumInfo
INFO: Selenium WebDriver v. 3.141.59 build time: 2018-11-14T08:17:03
Jan 29, 2019 12:02:46 PM com.codeborne.selenide.impl.WebDriverThreadLocalContainer createDriver
INFO: Create webdriver in current thread 34: ChromeDriver -> ChromeDriver: chrome on XP (a7c0bf9347e83a509cde0f9c497c2144)
Jan 29, 2019 12:02:46 PM com.codeborne.selenide.impl.WebDriverThreadLocalContainer closeWebDriver
INFO: Close webdriver: 33 -> ChromeDriver: chrome on XP (d2d732cec7369cb9085a7f47a14e521d)
Jan 29, 2019 12:02:46 PM com.codeborne.selenide.impl.WebDriverThreadLocalContainer$CloseBrowser run
INFO: Trying to close the browser ChromeDriver ...
Jan 29, 2019 12:02:46 PM com.codeborne.selenide.webdriver.WebDriverFactory logBrowserVersion
INFO: BrowserName=chrome Version=71.0.3578.98 Platform=XP
Jan 29, 2019 12:02:46 PM com.codeborne.selenide.webdriver.WebDriverFactory createWebDriver
INFO: Selenide v. 4.11.1
Jan 29, 2019 12:02:46 PM com.codeborne.selenide.webdriver.WebDriverFactory logSeleniumInfo
INFO: Selenium WebDriver v. 3.141.59 build time: 2018-11-14T08:17:03
Jan 29, 2019 12:02:46 PM com.codeborne.selenide.impl.WebDriverThreadLocalContainer createDriver
INFO: Create webdriver in current thread 36: ChromeDriver -> ChromeDriver: chrome on XP (fb6606eddc04363242c8bcbef2bdb2b5)
Jan 29, 2019 12:02:49 PM org.openqa.selenium.os.OsProcess destroy
INFO: Unable to drain process streams. Ignoring but the exception being swallowed follows.
org.apache.commons.exec.ExecuteException: The stop timeout of 2000 ms was exceeded (Exit value: -559038737)
	at org.apache.commons.exec.PumpStreamHandler.stopThread(PumpStreamHandler.java:295)
	at org.apache.commons.exec.PumpStreamHandler.stop(PumpStreamHandler.java:180)
	at org.openqa.selenium.os.OsProcess.destroy(OsProcess.java:136)
	at org.openqa.selenium.os.CommandLine.destroy(CommandLine.java:153)
	at org.openqa.selenium.remote.service.DriverService.stop(DriverService.java:232)
	at org.openqa.selenium.remote.service.DriverCommandExecutor.execute(DriverCommandExecutor.java:95)
	at org.openqa.selenium.remote.RemoteWebDriver.execute(RemoteWebDriver.java:552)
	at org.openqa.selenium.remote.RemoteWebDriver.execute(RemoteWebDriver.java:609)
	at org.openqa.selenium.remote.RemoteWebDriver.quit(RemoteWebDriver.java:452)
	at com.codeborne.selenide.impl.WebDriverThreadLocalContainer$CloseBrowser.run(WebDriverThreadLocalContainer.java:174)
	at java.lang.Thread.run(Thread.java:748)

Jan 29, 2019 12:02:49 PM org.openqa.selenium.os.OsProcess destroy
SEVERE: Unable to kill process java.lang.ProcessImpl@de5f612
]]></system-err>
  </testcase>
  <testcase name="footerInstagramLink" classname="uk.co.idealflatmate.tests.FooterTest" time="9.003"/>
  <testcase name="footerTwitterLink" classname="uk.co.idealflatmate.tests.FooterTest" time="2.485"/>
  <testcase name="footerPricingLink" classname="uk.co.idealflatmate.tests.FooterTest" time="1.848"/>
  <testcase name="footerBrowseTipsLink" classname="uk.co.idealflatmate.tests.FooterTest" time="19.085">
    <failure message="Element not found {By.xpath: //title[contains(text(), &apos;Tips&apos;)]}&#10;Expected: exist" type="com.codeborne.selenide.ex.ElementNotFound">com.codeborne.selenide.ex.ElementNotFound: 
Element not found {By.xpath: //title[contains(text(), 'Tips')]}
Expected: exist
	at uk.co.idealflatmate.tests.FooterTest.footerBrowseTipsLink(FooterTest.java:123)
Caused by: org.openqa.selenium.NoSuchElementException: 
no such element: Unable to locate element: {"method":"xpath","selector":"//title[contains(text(), 'Tips')]"}
  (Session info: chrome=71.0.3578.98)
  (Driver info: chromedriver=72.0.3626.69 (3c16f8a135abc0d4da2dff33804db79b849a7c38),platform=Windows NT 10.0.16299 x86_64) (WARNING: The server did not provide any stacktrace information)
Command duration or timeout: 0 milliseconds
For documentation on this error, please visit: https://www.seleniumhq.org/exceptions/no_such_element.html
Build info: version: '3.141.59', revision: 'e82be7d358', time: '2018-11-14T08:17:03'
System info: host: 'PRIVATE-1074', ip: '10.8.1.74', os.name: 'Windows 10', os.arch: 'amd64', os.version: '10.0', java.version: '1.8.0_152'
Driver info: org.openqa.selenium.chrome.ChromeDriver
Capabilities {acceptInsecureCerts: false, acceptSslCerts: false, applicationCacheEnabled: false, browserConnectionEnabled: false, browserName: chrome, chrome: {chromedriverVersion: 72.0.3626.69 (3c16f8a135abc..., userDataDir: C:\Users\LUKHOV~1\AppData\L...}, cssSelectorsEnabled: true, databaseEnabled: false, goog:chromeOptions: {debuggerAddress: localhost:61460}, handlesAlerts: true, hasTouchScreen: false, javascriptEnabled: true, locationContextEnabled: true, mobileEmulationEnabled: false, nativeEvents: true, networkConnectionEnabled: false, pageLoadStrategy: normal, platform: XP, platformName: XP, proxy: Proxy(), rotatable: false, setWindowRect: true, takesHeapSnapshot: true, takesScreenshot: true, timeouts: {implicit: 0, pageLoad: 300000, script: 30000}, unexpectedAlertBehaviour: ignore, unhandledPromptBehavior: ignore, version: 71.0.3578.98, webStorageEnabled: true}
Session ID: 8364420752ccddf489e73235cc3c65bc
*** Element info: {Using=xpath, value=//title[contains(text(), 'Tips')]}
	at uk.co.idealflatmate.tests.FooterTest.footerBrowseTipsLink(FooterTest.java:123)
</failure>
    <system-err><![CDATA[Jan 29, 2019 12:03:14 PM com.codeborne.selenide.impl.WebDriverThreadLocalContainer closeWebDriver
SEVERE: Failed to close webdriver in 5000 milliseconds
Starting ChromeDriver 72.0.3626.69 (3c16f8a135abc0d4da2dff33804db79b849a7c38) on port 48145
Only local connections are allowed.
Please protect ports used by ChromeDriver and related test frameworks to prevent access by malicious code.
Jan 29, 2019 12:03:18 PM org.openqa.selenium.remote.ProtocolHandshake createSession
INFO: Detected dialect: OSS
Jan 29, 2019 12:03:20 PM com.codeborne.selenide.webdriver.WebDriverFactory logBrowserVersion
INFO: BrowserName=chrome Version=71.0.3578.98 Platform=XP
Jan 29, 2019 12:03:20 PM com.codeborne.selenide.webdriver.WebDriverFactory createWebDriver
INFO: Selenide v. 4.11.1
Jan 29, 2019 12:03:20 PM com.codeborne.selenide.webdriver.WebDriverFactory logSeleniumInfo
INFO: Selenium WebDriver v. 3.141.59 build time: 2018-11-14T08:17:03
Jan 29, 2019 12:03:20 PM com.codeborne.selenide.impl.WebDriverThreadLocalContainer createDriver
INFO: Create webdriver in current thread 29: ChromeDriver -> ChromeDriver: chrome on XP (c7c14bd2665a7fae7b07a9616f94fd3b)
]]></system-err>
  </testcase>
  <testcase name="footerStaySafeLink" classname="uk.co.idealflatmate.tests.FooterTest" time="2.461"/>
  <testcase name="findStartListing" classname="uk.co.idealflatmate.tests.HomePageTest" time="6.476"/>
  <testcase name="footerYoutubeLink" classname="uk.co.idealflatmate.tests.FooterTest" time="0.932"/>
  <testcase name="blogLandlord" classname="uk.co.idealflatmate.tests.HomePageTest" time="5.417"/>
  <testcase name="footerNLALink" classname="uk.co.idealflatmate.tests.FooterTest" time="9.897"/>
  <testcase name="footerPressLink" classname="uk.co.idealflatmate.tests.FooterTest" time="0.005"/>
  <testcase name="blogFM" classname="uk.co.idealflatmate.tests.HomePageTest" time="6.134"/>
  <testcase name="amountOfBlocsAndTextOfAreas" classname="uk.co.idealflatmate.tests.HomePageTest" time="2.316"/>
  <testcase name="findStartMatchingLink" classname="uk.co.idealflatmate.tests.HomePageTest" time="6.216"/>
  <testcase name="findOutMore" classname="uk.co.idealflatmate.tests.HomePageTest" time="10.66"/>
  <testcase name="fullMenuNewUserWithVerifPerc" classname="uk.co.idealflatmate.tests.MatchingTests" time="14.724">
    <failure message="Element not found {By.xpath: //input[@id=&apos;moreinfosignupform-file&apos;]}&#10;Expected: exist" type="com.codeborne.selenide.ex.ElementNotFound">com.codeborne.selenide.ex.ElementNotFound: 
Element not found {By.xpath: //input[@id='moreinfosignupform-file']}
Expected: exist
	at uk.co.idealflatmate.tests.MatchingTests.fullMenuNewUserWithVerifPerc(MatchingTests.java:26)
Caused by: org.openqa.selenium.NoSuchElementException: 
no such element: Unable to locate element: {"method":"xpath","selector":"//input[@id='moreinfosignupform-file']"}
  (Session info: chrome=71.0.3578.98)
  (Driver info: chromedriver=72.0.3626.69 (3c16f8a135abc0d4da2dff33804db79b849a7c38),platform=Windows NT 10.0.16299 x86_64) (WARNING: The server did not provide any stacktrace information)
Command duration or timeout: 0 milliseconds
For documentation on this error, please visit: https://www.seleniumhq.org/exceptions/no_such_element.html
Build info: version: '3.141.59', revision: 'e82be7d358', time: '2018-11-14T08:17:03'
System info: host: 'PRIVATE-1074', ip: '10.8.1.74', os.name: 'Windows 10', os.arch: 'amd64', os.version: '10.0', java.version: '1.8.0_152'
Driver info: org.openqa.selenium.chrome.ChromeDriver
Capabilities {acceptInsecureCerts: false, acceptSslCerts: false, applicationCacheEnabled: false, browserConnectionEnabled: false, browserName: chrome, chrome: {chromedriverVersion: 72.0.3626.69 (3c16f8a135abc..., userDataDir: C:\Users\LUKHOV~1\AppData\L...}, cssSelectorsEnabled: true, databaseEnabled: false, goog:chromeOptions: {debuggerAddress: localhost:56042}, handlesAlerts: true, hasTouchScreen: false, javascriptEnabled: true, locationContextEnabled: true, mobileEmulationEnabled: false, nativeEvents: true, networkConnectionEnabled: false, pageLoadStrategy: normal, platform: XP, platformName: XP, proxy: Proxy(), rotatable: false, setWindowRect: true, takesHeapSnapshot: true, takesScreenshot: true, timeouts: {implicit: 0, pageLoad: 300000, script: 30000}, unexpectedAlertBehaviour: ignore, unhandledPromptBehavior: ignore, version: 71.0.3578.98, webStorageEnabled: true}
Session ID: 092f7f5c25730538c4bf2161abeec72c
*** Element info: {Using=xpath, value=//input[@id='moreinfosignupform-file']}
	at uk.co.idealflatmate.tests.MatchingTests.fullMenuNewUserWithVerifPerc(MatchingTests.java:26)
</failure>
  </testcase>
  <testcase name="pressLogo" classname="uk.co.idealflatmate.tests.HomePageTest" time="3.164"/>
  <testcase name="startMatchingOnFMSearchPage" classname="uk.co.idealflatmate.tests.MatchingTests" time="7.951"/>
  <testcase name="startMatchingQuizPropertyPage" classname="uk.co.idealflatmate.tests.MatchingTests" time="13.73"/>
  <testcase name="FmWithoutSubsToLandlordWithoutSubsWithListFromList" classname="uk.co.idealflatmate.tests.MessagesTest" time="0.258">
    <failure message="Element not found {By.xpath: //div[contains(text(), &apos;Newport PO30 2DN, UK&apos;)]/../../../../../..//picture/img}&#10;Expected: visible" type="com.codeborne.selenide.ex.ElementNotFound">com.codeborne.selenide.ex.ElementNotFound: 
Element not found {By.xpath: //div[contains(text(), 'Newport PO30 2DN, UK')]/../../../../../..//picture/img}
Expected: visible
	at uk.co.idealflatmate.tests.MessagesTest.FmWithoutSubsToLandlordWithoutSubsWithListFromList(MessagesTest.java:132)
Caused by: org.openqa.selenium.NoSuchElementException: 
no such element: Unable to locate element: {"method":"xpath","selector":"//div[contains(text(), 'Newport PO30 2DN, UK')]/../../../../../..//picture/img"}
  (Session info: chrome=71.0.3578.98)
  (Driver info: chromedriver=72.0.3626.69 (3c16f8a135abc0d4da2dff33804db79b849a7c38),platform=Windows NT 10.0.16299 x86_64) (WARNING: The server did not provide any stacktrace information)
Command duration or timeout: 0 milliseconds
For documentation on this error, please visit: https://www.seleniumhq.org/exceptions/no_such_element.html
Build info: version: '3.141.59', revision: 'e82be7d358', time: '2018-11-14T08:17:03'
System info: host: 'PRIVATE-1074', ip: '10.8.1.74', os.name: 'Windows 10', os.arch: 'amd64', os.version: '10.0', java.version: '1.8.0_152'
Driver info: org.openqa.selenium.chrome.ChromeDriver
Capabilities {acceptInsecureCerts: false, acceptSslCerts: false, applicationCacheEnabled: false, browserConnectionEnabled: false, browserName: chrome, chrome: {chromedriverVersion: 72.0.3626.69 (3c16f8a135abc..., userDataDir: C:\Users\LUKHOV~1\AppData\L...}, cssSelectorsEnabled: true, databaseEnabled: false, goog:chromeOptions: {debuggerAddress: localhost:62531}, handlesAlerts: true, hasTouchScreen: false, javascriptEnabled: true, locationContextEnabled: true, mobileEmulationEnabled: false, nativeEvents: true, networkConnectionEnabled: false, pageLoadStrategy: normal, platform: XP, platformName: XP, proxy: Proxy(), rotatable: false, setWindowRect: true, takesHeapSnapshot: true, takesScreenshot: true, timeouts: {implicit: 0, pageLoad: 300000, script: 30000}, unexpectedAlertBehaviour: ignore, unhandledPromptBehavior: ignore, version: 71.0.3578.98, webStorageEnabled: true}
Session ID: a7c0bf9347e83a509cde0f9c497c2144
*** Element info: {Using=xpath, value=//div[contains(text(), 'Newport PO30 2DN, UK')]/../../../../../..//picture/img}
	at uk.co.idealflatmate.tests.MessagesTest.FmWithoutSubsToLandlordWithoutSubsWithListFromList(MessagesTest.java:132)
</failure>
  </testcase>
  <testcase name="startMatchingOnPropertyCard" classname="uk.co.idealflatmate.tests.MatchingTests" time="4.849">
    <failure message="Element not found {By.xpath: //form[@id=&apos;search-location&apos;]//span}&#10;Expected: visible" type="com.codeborne.selenide.ex.ElementNotFound">com.codeborne.selenide.ex.ElementNotFound: 
Element not found {By.xpath: //form[@id='search-location']//span}
Expected: visible
	at uk.co.idealflatmate.tests.MatchingTests.startMatchingOnPropertyCard(MatchingTests.java:103)
Caused by: org.openqa.selenium.NoSuchElementException: 
no such element: Unable to locate element: {"method":"xpath","selector":"//form[@id='search-location']//span"}
  (Session info: chrome=71.0.3578.98)
  (Driver info: chromedriver=72.0.3626.69 (3c16f8a135abc0d4da2dff33804db79b849a7c38),platform=Windows NT 10.0.16299 x86_64) (WARNING: The server did not provide any stacktrace information)
Command duration or timeout: 0 milliseconds
For documentation on this error, please visit: https://www.seleniumhq.org/exceptions/no_such_element.html
Build info: version: '3.141.59', revision: 'e82be7d358', time: '2018-11-14T08:17:03'
System info: host: 'PRIVATE-1074', ip: '10.8.1.74', os.name: 'Windows 10', os.arch: 'amd64', os.version: '10.0', java.version: '1.8.0_152'
Driver info: org.openqa.selenium.chrome.ChromeDriver
Capabilities {acceptInsecureCerts: false, acceptSslCerts: false, applicationCacheEnabled: false, browserConnectionEnabled: false, browserName: chrome, chrome: {chromedriverVersion: 72.0.3626.69 (3c16f8a135abc..., userDataDir: C:\Users\LUKHOV~1\AppData\L...}, cssSelectorsEnabled: true, databaseEnabled: false, goog:chromeOptions: {debuggerAddress: localhost:63773}, handlesAlerts: true, hasTouchScreen: false, javascriptEnabled: true, locationContextEnabled: true, mobileEmulationEnabled: false, nativeEvents: true, networkConnectionEnabled: false, pageLoadStrategy: normal, platform: XP, platformName: XP, proxy: Proxy(), rotatable: false, setWindowRect: true, takesHeapSnapshot: true, takesScreenshot: true, timeouts: {implicit: 0, pageLoad: 300000, script: 30000}, unexpectedAlertBehaviour: ignore, unhandledPromptBehavior: ignore, version: 71.0.3578.98, webStorageEnabled: true}
Session ID: 51115abeb708fed39c68f36d4da85b77
*** Element info: {Using=xpath, value=//form[@id='search-location']//span}
	at uk.co.idealflatmate.tests.MatchingTests.startMatchingOnPropertyCard(MatchingTests.java:103)
</failure>
    <system-err><![CDATA[Jan 29, 2019 12:06:38 PM com.codeborne.selenide.impl.WebDriverThreadLocalContainer closeWebDriver
INFO: Close webdriver: 34 -> ChromeDriver: chrome on XP (a7c0bf9347e83a509cde0f9c497c2144)
Jan 29, 2019 12:06:38 PM com.codeborne.selenide.impl.WebDriverThreadLocalContainer$CloseBrowser run
INFO: Trying to close the browser ChromeDriver ...
Jan 29, 2019 12:06:43 PM com.codeborne.selenide.impl.WebDriverThreadLocalContainer closeWebDriver
SEVERE: Failed to close webdriver in 5000 milliseconds
Starting ChromeDriver 72.0.3626.69 (3c16f8a135abc0d4da2dff33804db79b849a7c38) on port 42873
Only local connections are allowed.
Please protect ports used by ChromeDriver and related test frameworks to prevent access by malicious code.
Jan 29, 2019 12:06:51 PM org.openqa.selenium.remote.ProtocolHandshake createSession
INFO: Detected dialect: OSS
Jan 29, 2019 12:06:53 PM com.codeborne.selenide.webdriver.WebDriverFactory logBrowserVersion
INFO: BrowserName=chrome Version=71.0.3578.98 Platform=XP
Jan 29, 2019 12:06:53 PM com.codeborne.selenide.webdriver.WebDriverFactory createWebDriver
INFO: Selenide v. 4.11.1
Jan 29, 2019 12:06:53 PM com.codeborne.selenide.webdriver.WebDriverFactory logSeleniumInfo
INFO: Selenium WebDriver v. 3.141.59 build time: 2018-11-14T08:17:03
Jan 29, 2019 12:06:53 PM com.codeborne.selenide.impl.WebDriverThreadLocalContainer createDriver
INFO: Create webdriver in current thread 34: ChromeDriver -> ChromeDriver: chrome on XP (4eaf26591d245da5c3c92a3d9d5488f4)
]]></system-err>
  </testcase>
  <testcase name="landlWithSubsToFM" classname="uk.co.idealflatmate.tests.MessagesTest" time="21.089"/>
  <testcase name="answMesLandlToPremFHWithoutSubs" classname="uk.co.idealflatmate.tests.MessagesTest" time="46.051"/>
  <testcase name="fmWithoutSubsTolordWithoutSubsWithListFromFMpage" classname="uk.co.idealflatmate.tests.MessagesTest" time="48.283">
    <failure message="Element not found {By.xpath: //h1[@class=&apos;h4&apos;]}&#10;Expected: text &apos;6 rooms matched to rent in and around Clapham&apos;" type="com.codeborne.selenide.ex.ElementNotFound">com.codeborne.selenide.ex.ElementNotFound: 
Element not found {By.xpath: //h1[@class='h4']}
Expected: text '6 rooms matched to rent in and around Clapham'
	at uk.co.idealflatmate.tests.MessagesTest.fmWithoutSubsTolordWithoutSubsWithListFromFMpage(MessagesTest.java:163)
Caused by: org.openqa.selenium.NoSuchElementException: 
no such element: Unable to locate element: {"method":"xpath","selector":"//h1[@class='h4']"}
  (Session info: chrome=71.0.3578.98)
  (Driver info: chromedriver=72.0.3626.69 (3c16f8a135abc0d4da2dff33804db79b849a7c38),platform=Windows NT 10.0.16299 x86_64) (WARNING: The server did not provide any stacktrace information)
Command duration or timeout: 0 milliseconds
For documentation on this error, please visit: https://www.seleniumhq.org/exceptions/no_such_element.html
Build info: version: '3.141.59', revision: 'e82be7d358', time: '2018-11-14T08:17:03'
System info: host: 'PRIVATE-1074', ip: '10.8.1.74', os.name: 'Windows 10', os.arch: 'amd64', os.version: '10.0', java.version: '1.8.0_152'
Driver info: org.openqa.selenium.chrome.ChromeDriver
Capabilities {acceptInsecureCerts: false, acceptSslCerts: false, applicationCacheEnabled: false, browserConnectionEnabled: false, browserName: chrome, chrome: {chromedriverVersion: 72.0.3626.69 (3c16f8a135abc..., userDataDir: C:\Users\LUKHOV~1\AppData\L...}, cssSelectorsEnabled: true, databaseEnabled: false, goog:chromeOptions: {debuggerAddress: localhost:63097}, handlesAlerts: true, hasTouchScreen: false, javascriptEnabled: true, locationContextEnabled: true, mobileEmulationEnabled: false, nativeEvents: true, networkConnectionEnabled: false, pageLoadStrategy: normal, platform: XP, platformName: XP, proxy: Proxy(), rotatable: false, setWindowRect: true, takesHeapSnapshot: true, takesScreenshot: true, timeouts: {implicit: 0, pageLoad: 300000, script: 30000}, unexpectedAlertBehaviour: ignore, unhandledPromptBehavior: ignore, version: 71.0.3578.98, webStorageEnabled: true}
Session ID: 839dbd4324c7646457d2d57afb093bbf
*** Element info: {Using=xpath, value=//h1[@class='h4']}
	at uk.co.idealflatmate.tests.MessagesTest.fmWithoutSubsTolordWithoutSubsWithListFromFMpage(MessagesTest.java:163)
</failure>
  </testcase>
  <testcase name="premFmToLandlWithoutSubsWithListFromSearch" classname="uk.co.idealflatmate.tests.MessagesTest" time="73.942">
    <failure message="Element not found {input.react-autosuggest__input}&#10;Expected: visible" type="com.codeborne.selenide.ex.ElementNotFound">com.codeborne.selenide.ex.ElementNotFound: 
Element not found {input.react-autosuggest__input}
Expected: visible
	at uk.co.idealflatmate.tests.MessagesTest.premFmToLandlWithoutSubsWithListFromSearch(MessagesTest.java:110)
Caused by: org.openqa.selenium.NoSuchElementException: 
no such element: Unable to locate element: {"method":"css selector","selector":"input.react-autosuggest__input"}
  (Session info: chrome=71.0.3578.98)
  (Driver info: chromedriver=72.0.3626.69 (3c16f8a135abc0d4da2dff33804db79b849a7c38),platform=Windows NT 10.0.16299 x86_64) (WARNING: The server did not provide any stacktrace information)
Command duration or timeout: 0 milliseconds
For documentation on this error, please visit: https://www.seleniumhq.org/exceptions/no_such_element.html
Build info: version: '3.141.59', revision: 'e82be7d358', time: '2018-11-14T08:17:03'
System info: host: 'PRIVATE-1074', ip: '10.8.1.74', os.name: 'Windows 10', os.arch: 'amd64', os.version: '10.0', java.version: '1.8.0_152'
Driver info: org.openqa.selenium.chrome.ChromeDriver
Capabilities {acceptInsecureCerts: false, acceptSslCerts: false, applicationCacheEnabled: false, browserConnectionEnabled: false, browserName: chrome, chrome: {chromedriverVersion: 72.0.3626.69 (3c16f8a135abc..., userDataDir: C:\Users\LUKHOV~1\AppData\L...}, cssSelectorsEnabled: true, databaseEnabled: false, goog:chromeOptions: {debuggerAddress: localhost:63407}, handlesAlerts: true, hasTouchScreen: false, javascriptEnabled: true, locationContextEnabled: true, mobileEmulationEnabled: false, nativeEvents: true, networkConnectionEnabled: false, pageLoadStrategy: normal, platform: XP, platformName: XP, proxy: Proxy(), rotatable: false, setWindowRect: true, takesHeapSnapshot: true, takesScreenshot: true, timeouts: {implicit: 0, pageLoad: 300000, script: 30000}, unexpectedAlertBehaviour: ignore, unhandledPromptBehavior: ignore, version: 71.0.3578.98, webStorageEnabled: true}
Session ID: 0a374d07fc8293021aa57d5d913d7b90
*** Element info: {Using=css selector, value=input.react-autosuggest__input}
	at uk.co.idealflatmate.tests.MessagesTest.premFmToLandlWithoutSubsWithListFromSearch(MessagesTest.java:110)
</failure>
  </testcase>
  <testcase name="answMesFmWithoutSubsToFM" classname="uk.co.idealflatmate.tests.MessagesTest" time="80.145"/>
  <testcase name="landlordWithoutSubsToFM" classname="uk.co.idealflatmate.tests.MessagesTest" time="12.293"/>
  <testcase name="readMessageByLandlWithoutSubsn" classname="uk.co.idealflatmate.tests.MessagesTest" time="12.17"/>
  <testcase name="agentProfWorldPay" classname="uk.co.idealflatmate.tests.PaymentTests" time="5.672">
    <failure message="Element not found {By.xpath: //input[@id=&apos;moreinfosignupform-file&apos;]}&#10;Expected: exist" type="com.codeborne.selenide.ex.ElementNotFound">com.codeborne.selenide.ex.ElementNotFound: 
Element not found {By.xpath: //input[@id='moreinfosignupform-file']}
Expected: exist
	at uk.co.idealflatmate.tests.PaymentTests.agentProfWorldPay(PaymentTests.java:265)
Caused by: org.openqa.selenium.NoSuchElementException: 
no such element: Unable to locate element: {"method":"xpath","selector":"//input[@id='moreinfosignupform-file']"}
  (Session info: chrome=71.0.3578.98)
  (Driver info: chromedriver=72.0.3626.69 (3c16f8a135abc0d4da2dff33804db79b849a7c38),platform=Windows NT 10.0.16299 x86_64) (WARNING: The server did not provide any stacktrace information)
Command duration or timeout: 0 milliseconds
For documentation on this error, please visit: https://www.seleniumhq.org/exceptions/no_such_element.html
Build info: version: '3.141.59', revision: 'e82be7d358', time: '2018-11-14T08:17:03'
System info: host: 'PRIVATE-1074', ip: '10.8.1.74', os.name: 'Windows 10', os.arch: 'amd64', os.version: '10.0', java.version: '1.8.0_152'
Driver info: org.openqa.selenium.chrome.ChromeDriver
Capabilities {acceptInsecureCerts: false, acceptSslCerts: false, applicationCacheEnabled: false, browserConnectionEnabled: false, browserName: chrome, chrome: {chromedriverVersion: 72.0.3626.69 (3c16f8a135abc..., userDataDir: C:\Users\LUKHOV~1\AppData\L...}, cssSelectorsEnabled: true, databaseEnabled: false, goog:chromeOptions: {debuggerAddress: localhost:62904}, handlesAlerts: true, hasTouchScreen: false, javascriptEnabled: true, locationContextEnabled: true, mobileEmulationEnabled: false, nativeEvents: true, networkConnectionEnabled: false, pageLoadStrategy: normal, platform: XP, platformName: XP, proxy: Proxy(), rotatable: false, setWindowRect: true, takesHeapSnapshot: true, takesScreenshot: true, timeouts: {implicit: 0, pageLoad: 300000, script: 30000}, unexpectedAlertBehaviour: ignore, unhandledPromptBehavior: ignore, version: 71.0.3578.98, webStorageEnabled: true}
Session ID: c7c14bd2665a7fae7b07a9616f94fd3b
*** Element info: {Using=xpath, value=//input[@id='moreinfosignupform-file']}
	at uk.co.idealflatmate.tests.PaymentTests.agentProfWorldPay(PaymentTests.java:265)
</failure>
  </testcase>
  <testcase name="AbilityToSeePhone" classname="uk.co.idealflatmate.tests.PaymentTests" time="7.368"/>
  <testcase name="GoPremiumFHPaymentOnPhone" classname="uk.co.idealflatmate.tests.PaymentTests" time="21.816"/>
  <testcase name="GoPremiumFHPaymentOnMessage" classname="uk.co.idealflatmate.tests.PaymentTests" time="25.015"/>
  <testcase name="lordInWorldPaidListingProf" classname="uk.co.idealflatmate.tests.PaymentTests" time="5.38">
    <failure message="Element not found {By.xpath: //input[@id=&apos;moreinfosignupform-file&apos;]}&#10;Expected: exist" type="com.codeborne.selenide.ex.ElementNotFound">com.codeborne.selenide.ex.ElementNotFound: 
Element not found {By.xpath: //input[@id='moreinfosignupform-file']}
Expected: exist
	at uk.co.idealflatmate.tests.PaymentTests.lordInWorldPaidListingProf(PaymentTests.java:213)
Caused by: org.openqa.selenium.NoSuchElementException: 
no such element: Unable to locate element: {"method":"xpath","selector":"//input[@id='moreinfosignupform-file']"}
  (Session info: chrome=71.0.3578.98)
  (Driver info: chromedriver=72.0.3626.69 (3c16f8a135abc0d4da2dff33804db79b849a7c38),platform=Windows NT 10.0.16299 x86_64) (WARNING: The server did not provide any stacktrace information)
Command duration or timeout: 0 milliseconds
For documentation on this error, please visit: https://www.seleniumhq.org/exceptions/no_such_element.html
Build info: version: '3.141.59', revision: 'e82be7d358', time: '2018-11-14T08:17:03'
System info: host: 'PRIVATE-1074', ip: '10.8.1.74', os.name: 'Windows 10', os.arch: 'amd64', os.version: '10.0', java.version: '1.8.0_152'
Driver info: org.openqa.selenium.chrome.ChromeDriver
Capabilities {acceptInsecureCerts: false, acceptSslCerts: false, applicationCacheEnabled: false, browserConnectionEnabled: false, browserName: chrome, chrome: {chromedriverVersion: 72.0.3626.69 (3c16f8a135abc..., userDataDir: C:\Users\LUKHOV~1\AppData\L...}, cssSelectorsEnabled: true, databaseEnabled: false, goog:chromeOptions: {debuggerAddress: localhost:62655}, handlesAlerts: true, hasTouchScreen: false, javascriptEnabled: true, locationContextEnabled: true, mobileEmulationEnabled: false, nativeEvents: true, networkConnectionEnabled: false, pageLoadStrategy: normal, platform: XP, platformName: XP, proxy: Proxy(), rotatable: false, setWindowRect: true, takesHeapSnapshot: true, takesScreenshot: true, timeouts: {implicit: 0, pageLoad: 300000, script: 30000}, unexpectedAlertBehaviour: ignore, unhandledPromptBehavior: ignore, version: 71.0.3578.98, webStorageEnabled: true}
Session ID: 12cc5073a5962203c806f9eee674992e
*** Element info: {Using=xpath, value=//input[@id='moreinfosignupform-file']}
	at uk.co.idealflatmate.tests.PaymentTests.lordInWorldPaidListingProf(PaymentTests.java:213)
</failure>
    <system-err><![CDATA[Jan 29, 2019 12:09:35 PM org.openqa.selenium.remote.ProtocolHandshake createSession
INFO: Detected dialect: OSS
Jan 29, 2019 12:09:37 PM com.codeborne.selenide.webdriver.WebDriverFactory logBrowserVersion
INFO: BrowserName=chrome Version=71.0.3578.98 Platform=XP
Jan 29, 2019 12:09:37 PM com.codeborne.selenide.webdriver.WebDriverFactory createWebDriver
INFO: Selenide v. 4.11.1
Jan 29, 2019 12:09:37 PM com.codeborne.selenide.webdriver.WebDriverFactory logSeleniumInfo
INFO: Selenium WebDriver v. 3.141.59 build time: 2018-11-14T08:17:03
Jan 29, 2019 12:09:37 PM com.codeborne.selenide.impl.WebDriverThreadLocalContainer createDriver
INFO: Create webdriver in current thread 29: ChromeDriver -> ChromeDriver: chrome on XP (af3da68506c2f024608ef2becc27c359)
]]></system-err>
  </testcase>
  <testcase name="lordInWorldPaylistingEssen" classname="uk.co.idealflatmate.tests.PaymentTests" time="4.13">
    <failure message="Element not found {By.xpath: //input[@id=&apos;moreinfosignupform-file&apos;]}&#10;Expected: exist" type="com.codeborne.selenide.ex.ElementNotFound">com.codeborne.selenide.ex.ElementNotFound: 
Element not found {By.xpath: //input[@id='moreinfosignupform-file']}
Expected: exist
	at uk.co.idealflatmate.tests.PaymentTests.lordInWorldPaylistingEssen(PaymentTests.java:108)
Caused by: org.openqa.selenium.NoSuchElementException: 
no such element: Unable to locate element: {"method":"xpath","selector":"//input[@id='moreinfosignupform-file']"}
  (Session info: chrome=71.0.3578.98)
  (Driver info: chromedriver=72.0.3626.69 (3c16f8a135abc0d4da2dff33804db79b849a7c38),platform=Windows NT 10.0.16299 x86_64) (WARNING: The server did not provide any stacktrace information)
Command duration or timeout: 0 milliseconds
For documentation on this error, please visit: https://www.seleniumhq.org/exceptions/no_such_element.html
Build info: version: '3.141.59', revision: 'e82be7d358', time: '2018-11-14T08:17:03'
System info: host: 'PRIVATE-1074', ip: '10.8.1.74', os.name: 'Windows 10', os.arch: 'amd64', os.version: '10.0', java.version: '1.8.0_152'
Driver info: org.openqa.selenium.chrome.ChromeDriver
Capabilities {acceptInsecureCerts: false, acceptSslCerts: false, applicationCacheEnabled: false, browserConnectionEnabled: false, browserName: chrome, chrome: {chromedriverVersion: 72.0.3626.69 (3c16f8a135abc..., userDataDir: C:\Users\LUKHOV~1\AppData\L...}, cssSelectorsEnabled: true, databaseEnabled: false, goog:chromeOptions: {debuggerAddress: localhost:63097}, handlesAlerts: true, hasTouchScreen: false, javascriptEnabled: true, locationContextEnabled: true, mobileEmulationEnabled: false, nativeEvents: true, networkConnectionEnabled: false, pageLoadStrategy: normal, platform: XP, platformName: XP, proxy: Proxy(), rotatable: false, setWindowRect: true, takesHeapSnapshot: true, takesScreenshot: true, timeouts: {implicit: 0, pageLoad: 300000, script: 30000}, unexpectedAlertBehaviour: ignore, unhandledPromptBehavior: ignore, version: 71.0.3578.98, webStorageEnabled: true}
Session ID: 839dbd4324c7646457d2d57afb093bbf
*** Element info: {Using=xpath, value=//input[@id='moreinfosignupform-file']}
	at uk.co.idealflatmate.tests.PaymentTests.lordInWorldPaylistingEssen(PaymentTests.java:108)
</failure>
    <system-err><![CDATA[Jan 29, 2019 12:09:56 PM com.codeborne.selenide.impl.WebDriverThreadLocalContainer closeWebDriver
INFO: Close webdriver: 33 -> ChromeDriver: chrome on XP (12cc5073a5962203c806f9eee674992e)
Jan 29, 2019 12:09:56 PM com.codeborne.selenide.impl.WebDriverThreadLocalContainer$CloseBrowser run
INFO: Trying to close the browser ChromeDriver ...
Jan 29, 2019 12:10:01 PM com.codeborne.selenide.impl.WebDriverThreadLocalContainer closeWebDriver
SEVERE: Failed to close webdriver in 5000 milliseconds
]]></system-err>
  </testcase>
  <testcase name="applyMoreFiltersPhotoNoList" classname="uk.co.idealflatmate.tests.SearchFMPageTests" time="5.24"/>
  <testcase name="premiumFHPaymentWorldPay" classname="uk.co.idealflatmate.tests.PaymentTests" time="8.514">
    <failure message="Element not found {By.xpath: //input[@id=&apos;moreinfosignupform-file&apos;]}&#10;Expected: exist" type="com.codeborne.selenide.ex.ElementNotFound">com.codeborne.selenide.ex.ElementNotFound: 
Element not found {By.xpath: //input[@id='moreinfosignupform-file']}
Expected: exist
	at uk.co.idealflatmate.tests.PaymentTests.premiumFHPaymentWorldPay(PaymentTests.java:68)
Caused by: org.openqa.selenium.NoSuchElementException: 
no such element: Unable to locate element: {"method":"xpath","selector":"//input[@id='moreinfosignupform-file']"}
  (Session info: chrome=71.0.3578.98)
  (Driver info: chromedriver=72.0.3626.69 (3c16f8a135abc0d4da2dff33804db79b849a7c38),platform=Windows NT 10.0.16299 x86_64) (WARNING: The server did not provide any stacktrace information)
Command duration or timeout: 0 milliseconds
For documentation on this error, please visit: https://www.seleniumhq.org/exceptions/no_such_element.html
Build info: version: '3.141.59', revision: 'e82be7d358', time: '2018-11-14T08:17:03'
System info: host: 'PRIVATE-1074', ip: '10.8.1.74', os.name: 'Windows 10', os.arch: 'amd64', os.version: '10.0', java.version: '1.8.0_152'
Driver info: org.openqa.selenium.chrome.ChromeDriver
Capabilities {acceptInsecureCerts: false, acceptSslCerts: false, applicationCacheEnabled: false, browserConnectionEnabled: false, browserName: chrome, chrome: {chromedriverVersion: 72.0.3626.69 (3c16f8a135abc..., userDataDir: C:\Users\LUKHOV~1\AppData\L...}, cssSelectorsEnabled: true, databaseEnabled: false, goog:chromeOptions: {debuggerAddress: localhost:64037}, handlesAlerts: true, hasTouchScreen: false, javascriptEnabled: true, locationContextEnabled: true, mobileEmulationEnabled: false, nativeEvents: true, networkConnectionEnabled: false, pageLoadStrategy: normal, platform: XP, platformName: XP, proxy: Proxy(), rotatable: false, setWindowRect: true, takesHeapSnapshot: true, takesScreenshot: true, timeouts: {implicit: 0, pageLoad: 300000, script: 30000}, unexpectedAlertBehaviour: ignore, unhandledPromptBehavior: ignore, version: 71.0.3578.98, webStorageEnabled: true}
Session ID: 8adb803ccacb3e142d5ea12767ea4360
*** Element info: {Using=xpath, value=//input[@id='moreinfosignupform-file']}
	at uk.co.idealflatmate.tests.PaymentTests.premiumFHPaymentWorldPay(PaymentTests.java:68)
</failure>
  </testcase>
  <testcase name="applyMoreFilters" classname="uk.co.idealflatmate.tests.SearchFMPageTests" time="20.299"/>
  <testcase name="lordOutWorldPaylistingPrem" classname="uk.co.idealflatmate.tests.PaymentTests" time="21.183">
    <failure message="Element not found {By.xpath: //input[@id=&apos;moreinfosignupform-file&apos;]}&#10;Expected: exist" type="com.codeborne.selenide.ex.ElementNotFound">com.codeborne.selenide.ex.ElementNotFound: 
Element not found {By.xpath: //input[@id='moreinfosignupform-file']}
Expected: exist
	at uk.co.idealflatmate.tests.PaymentTests.lordOutWorldPaylistingPrem(PaymentTests.java:157)
Caused by: org.openqa.selenium.NoSuchElementException: 
no such element: Unable to locate element: {"method":"xpath","selector":"//input[@id='moreinfosignupform-file']"}
  (Session info: chrome=71.0.3578.98)
  (Driver info: chromedriver=72.0.3626.69 (3c16f8a135abc0d4da2dff33804db79b849a7c38),platform=Windows NT 10.0.16299 x86_64) (WARNING: The server did not provide any stacktrace information)
Command duration or timeout: 0 milliseconds
For documentation on this error, please visit: https://www.seleniumhq.org/exceptions/no_such_element.html
Build info: version: '3.141.59', revision: 'e82be7d358', time: '2018-11-14T08:17:03'
System info: host: 'PRIVATE-1074', ip: '10.8.1.74', os.name: 'Windows 10', os.arch: 'amd64', os.version: '10.0', java.version: '1.8.0_152'
Driver info: org.openqa.selenium.chrome.ChromeDriver
Capabilities {acceptInsecureCerts: false, acceptSslCerts: false, applicationCacheEnabled: false, browserConnectionEnabled: false, browserName: chrome, chrome: {chromedriverVersion: 72.0.3626.69 (3c16f8a135abc..., userDataDir: C:\Users\LUKHOV~1\AppData\L...}, cssSelectorsEnabled: true, databaseEnabled: false, goog:chromeOptions: {debuggerAddress: localhost:63407}, handlesAlerts: true, hasTouchScreen: false, javascriptEnabled: true, locationContextEnabled: true, mobileEmulationEnabled: false, nativeEvents: true, networkConnectionEnabled: false, pageLoadStrategy: normal, platform: XP, platformName: XP, proxy: Proxy(), rotatable: false, setWindowRect: true, takesHeapSnapshot: true, takesScreenshot: true, timeouts: {implicit: 0, pageLoad: 300000, script: 30000}, unexpectedAlertBehaviour: ignore, unhandledPromptBehavior: ignore, version: 71.0.3578.98, webStorageEnabled: true}
Session ID: 0a374d07fc8293021aa57d5d913d7b90
*** Element info: {Using=xpath, value=//input[@id='moreinfosignupform-file']}
	at uk.co.idealflatmate.tests.PaymentTests.lordOutWorldPaylistingPrem(PaymentTests.java:157)
</failure>
    <system-err><![CDATA[Jan 29, 2019 12:10:48 PM com.codeborne.selenide.webdriver.WebDriverFactory logBrowserVersion
INFO: BrowserName=chrome Version=71.0.3578.98 Platform=XP
Jan 29, 2019 12:10:48 PM com.codeborne.selenide.webdriver.WebDriverFactory createWebDriver
INFO: Selenide v. 4.11.1
Jan 29, 2019 12:10:48 PM com.codeborne.selenide.webdriver.WebDriverFactory logSeleniumInfo
INFO: Selenium WebDriver v. 3.141.59 build time: 2018-11-14T08:17:03
Jan 29, 2019 12:10:48 PM com.codeborne.selenide.impl.WebDriverThreadLocalContainer createDriver
INFO: Create webdriver in current thread 38: ChromeDriver -> ChromeDriver: chrome on XP (b733f2d5af5366a5bac0e731c9cbb6df)
]]></system-err>
  </testcase>
  <testcase name="fmSearchBy" classname="uk.co.idealflatmate.tests.SearchFMPageTests" time="24.993"/>
  <testcase name="applyMoreFiltersPhotoWithList" classname="uk.co.idealflatmate.tests.SearchFMPageTests" time="39.092"/>
  <testcase name="applyAdvancedFiltersDefault" classname="uk.co.idealflatmate.tests.SearchFMPageTests" time="39.092">
    <failure type="java.lang.AssertionError:">java.lang.AssertionError: null
	at uk.co.idealflatmate.tests.SearchFMPageTests.applyAdvancedFiltersDefault(SearchFMPageTests.java:109)
</failure>
  </testcase>
  <testcase name="searchPagination" classname="uk.co.idealflatmate.tests.SearchFMPageTests" time="40.272"/>
  <testcase name="applyMoreFilters" classname="uk.co.idealflatmate.tests.SearchPropertiesPageTests" time="4.531"/>
  <testcase name="searchEastLDNPagination" classname="uk.co.idealflatmate.tests.SearchPropertiesPageTests" time="1.086">
    <failure message="Element not found {By.xpath: //a[contains(text(), &apos;East London&apos;)]}&#10;Expected: visible" type="com.codeborne.selenide.ex.ElementNotFound">com.codeborne.selenide.ex.ElementNotFound: 
Element not found {By.xpath: //a[contains(text(), 'East London')]}
Expected: visible
	at uk.co.idealflatmate.tests.SearchPropertiesPageTests.searchEastLDNPagination(SearchPropertiesPageTests.java:63)
Caused by: org.openqa.selenium.NoSuchElementException: 
no such element: Unable to locate element: {"method":"xpath","selector":"//a[contains(text(), 'East London')]"}
  (Session info: chrome=71.0.3578.98)
  (Driver info: chromedriver=72.0.3626.69 (3c16f8a135abc0d4da2dff33804db79b849a7c38),platform=Windows NT 10.0.16299 x86_64) (WARNING: The server did not provide any stacktrace information)
Command duration or timeout: 0 milliseconds
For documentation on this error, please visit: https://www.seleniumhq.org/exceptions/no_such_element.html
Build info: version: '3.141.59', revision: 'e82be7d358', time: '2018-11-14T08:17:03'
System info: host: 'PRIVATE-1074', ip: '10.8.1.74', os.name: 'Windows 10', os.arch: 'amd64', os.version: '10.0', java.version: '1.8.0_152'
Driver info: org.openqa.selenium.chrome.ChromeDriver
Capabilities {acceptInsecureCerts: false, acceptSslCerts: false, applicationCacheEnabled: false, browserConnectionEnabled: false, browserName: chrome, chrome: {chromedriverVersion: 72.0.3626.69 (3c16f8a135abc..., userDataDir: C:\Users\LUKHOV~1\AppData\L...}, cssSelectorsEnabled: true, databaseEnabled: false, goog:chromeOptions: {debuggerAddress: localhost:65436}, handlesAlerts: true, hasTouchScreen: false, javascriptEnabled: true, locationContextEnabled: true, mobileEmulationEnabled: false, nativeEvents: true, networkConnectionEnabled: false, pageLoadStrategy: normal, platform: XP, platformName: XP, proxy: Proxy(), rotatable: false, setWindowRect: true, takesHeapSnapshot: true, takesScreenshot: true, timeouts: {implicit: 0, pageLoad: 300000, script: 30000}, unexpectedAlertBehaviour: ignore, unhandledPromptBehavior: ignore, version: 71.0.3578.98, webStorageEnabled: true}
Session ID: 4eaf26591d245da5c3c92a3d9d5488f4
*** Element info: {Using=xpath, value=//a[contains(text(), 'East London')]}
	at uk.co.idealflatmate.tests.SearchPropertiesPageTests.searchEastLDNPagination(SearchPropertiesPageTests.java:63)
</failure>
  </testcase>
  <testcase name="applyAdvancedFiltersDefault" classname="uk.co.idealflatmate.tests.SearchPropertiesPageTests" time="1.652">
    <failure message="Element not found {By.xpath: //h1[@class=&apos;h4&apos; and contains(.,&apos;London&apos;)]}&#10;Expected: visible" type="com.codeborne.selenide.ex.ElementNotFound">com.codeborne.selenide.ex.ElementNotFound: 
Element not found {By.xpath: //h1[@class='h4' and contains(.,'London')]}
Expected: visible
	at uk.co.idealflatmate.tests.SearchPropertiesPageTests.applyAdvancedFiltersDefault(SearchPropertiesPageTests.java:90)
Caused by: org.openqa.selenium.NoSuchElementException: 
no such element: Unable to locate element: {"method":"xpath","selector":"//h1[@class='h4' and contains(.,'London')]"}
  (Session info: chrome=71.0.3578.98)
  (Driver info: chromedriver=72.0.3626.69 (3c16f8a135abc0d4da2dff33804db79b849a7c38),platform=Windows NT 10.0.16299 x86_64) (WARNING: The server did not provide any stacktrace information)
Command duration or timeout: 0 milliseconds
For documentation on this error, please visit: https://www.seleniumhq.org/exceptions/no_such_element.html
Build info: version: '3.141.59', revision: 'e82be7d358', time: '2018-11-14T08:17:03'
System info: host: 'PRIVATE-1074', ip: '10.8.1.74', os.name: 'Windows 10', os.arch: 'amd64', os.version: '10.0', java.version: '1.8.0_152'
Driver info: org.openqa.selenium.chrome.ChromeDriver
Capabilities {acceptInsecureCerts: false, acceptSslCerts: false, applicationCacheEnabled: false, browserConnectionEnabled: false, browserName: chrome, chrome: {chromedriverVersion: 72.0.3626.69 (3c16f8a135abc..., userDataDir: C:\Users\LUKHOV~1\AppData\L...}, cssSelectorsEnabled: true, databaseEnabled: false, goog:chromeOptions: {debuggerAddress: localhost:49251}, handlesAlerts: true, hasTouchScreen: false, javascriptEnabled: true, locationContextEnabled: true, mobileEmulationEnabled: false, nativeEvents: true, networkConnectionEnabled: false, pageLoadStrategy: normal, platform: XP, platformName: XP, proxy: Proxy(), rotatable: false, setWindowRect: true, takesHeapSnapshot: true, takesScreenshot: true, timeouts: {implicit: 0, pageLoad: 300000, script: 30000}, unexpectedAlertBehaviour: ignore, unhandledPromptBehavior: ignore, version: 71.0.3578.98, webStorageEnabled: true}
Session ID: aea8deff3edb54a05e01868bb3a24a89
*** Element info: {Using=xpath, value=//h1[@class='h4' and contains(.,'London')]}
	at uk.co.idealflatmate.tests.SearchPropertiesPageTests.applyAdvancedFiltersDefault(SearchPropertiesPageTests.java:90)
</failure>
    <system-err><![CDATA[Jan 29, 2019 12:12:14 PM com.codeborne.selenide.impl.WebDriverThreadLocalContainer closeWebDriver
INFO: Close webdriver: 34 -> ChromeDriver: chrome on XP (4eaf26591d245da5c3c92a3d9d5488f4)
Jan 29, 2019 12:12:14 PM com.codeborne.selenide.impl.WebDriverThreadLocalContainer$CloseBrowser run
INFO: Trying to close the browser ChromeDriver ...
]]></system-err>
  </testcase>
  <testcase name="searchHomeLocationFromList" classname="uk.co.idealflatmate.tests.SearchHomePageTests" time="5.379">
    <failure message="Element not found {By.xpath: //span[contains(.,&apos;Clapham Junction&apos;)]}&#10;Expected: visible" type="com.codeborne.selenide.ex.ElementNotFound">com.codeborne.selenide.ex.ElementNotFound: 
Element not found {By.xpath: //span[contains(.,'Clapham Junction')]}
Expected: visible
	at uk.co.idealflatmate.tests.SearchHomePageTests.searchHomeLocationFromList(SearchHomePageTests.java:29)
Caused by: org.openqa.selenium.NoSuchElementException: 
no such element: Unable to locate element: {"method":"xpath","selector":"//span[contains(.,'Clapham Junction')]"}
  (Session info: chrome=71.0.3578.98)
  (Driver info: chromedriver=72.0.3626.69 (3c16f8a135abc0d4da2dff33804db79b849a7c38),platform=Windows NT 10.0.16299 x86_64) (WARNING: The server did not provide any stacktrace information)
Command duration or timeout: 0 milliseconds
For documentation on this error, please visit: https://www.seleniumhq.org/exceptions/no_such_element.html
Build info: version: '3.141.59', revision: 'e82be7d358', time: '2018-11-14T08:17:03'
System info: host: 'PRIVATE-1074', ip: '10.8.1.74', os.name: 'Windows 10', os.arch: 'amd64', os.version: '10.0', java.version: '1.8.0_152'
Driver info: org.openqa.selenium.chrome.ChromeDriver
Capabilities {acceptInsecureCerts: false, acceptSslCerts: false, applicationCacheEnabled: false, browserConnectionEnabled: false, browserName: chrome, chrome: {chromedriverVersion: 72.0.3626.69 (3c16f8a135abc..., userDataDir: C:\Users\LUKHOV~1\AppData\L...}, cssSelectorsEnabled: true, databaseEnabled: false, goog:chromeOptions: {debuggerAddress: localhost:63726}, handlesAlerts: true, hasTouchScreen: false, javascriptEnabled: true, locationContextEnabled: true, mobileEmulationEnabled: false, nativeEvents: true, networkConnectionEnabled: false, pageLoadStrategy: normal, platform: XP, platformName: XP, proxy: Proxy(), rotatable: false, setWindowRect: true, takesHeapSnapshot: true, takesScreenshot: true, timeouts: {implicit: 0, pageLoad: 300000, script: 30000}, unexpectedAlertBehaviour: ignore, unhandledPromptBehavior: ignore, version: 71.0.3578.98, webStorageEnabled: true}
Session ID: f347661c375b2c2039d7cfd2a8abbc19
*** Element info: {Using=xpath, value=//span[contains(.,'Clapham Junction')]}
	at uk.co.idealflatmate.tests.SearchHomePageTests.searchHomeLocationFromList(SearchHomePageTests.java:29)
</failure>
    <system-err><![CDATA[Jan 29, 2019 12:12:14 PM com.codeborne.selenide.impl.WebDriverThreadLocalContainer closeWebDriver
INFO: Close webdriver: 30 -> ChromeDriver: chrome on XP (aea8deff3edb54a05e01868bb3a24a89)
Jan 29, 2019 12:12:14 PM com.codeborne.selenide.impl.WebDriverThreadLocalContainer$CloseBrowser run
INFO: Trying to close the browser ChromeDriver ...
]]></system-err>
  </testcase>
  <testcase name="searchHomeIDProperty" classname="uk.co.idealflatmate.tests.SearchHomePageTests" time="7.89"/>
  <testcase name="searchHomePartOfLocationName" classname="uk.co.idealflatmate.tests.SearchHomePageTests" time="24.018">
    <failure message="Element not found {By.xpath: //h1[@class=&apos;h4&apos;]}&#10;Expected: visible" type="com.codeborne.selenide.ex.ElementNotFound">com.codeborne.selenide.ex.ElementNotFound: 
Element not found {By.xpath: //h1[@class='h4']}
Expected: visible
	at uk.co.idealflatmate.tests.SearchHomePageTests.searchHomePartOfLocationName(SearchHomePageTests.java:47)
Caused by: org.openqa.selenium.NoSuchElementException: 
no such element: Unable to locate element: {"method":"xpath","selector":"//h1[@class='h4']"}
  (Session info: chrome=71.0.3578.98)
  (Driver info: chromedriver=72.0.3626.69 (3c16f8a135abc0d4da2dff33804db79b849a7c38),platform=Windows NT 10.0.16299 x86_64) (WARNING: The server did not provide any stacktrace information)
Command duration or timeout: 0 milliseconds
For documentation on this error, please visit: https://www.seleniumhq.org/exceptions/no_such_element.html
Build info: version: '3.141.59', revision: 'e82be7d358', time: '2018-11-14T08:17:03'
System info: host: 'PRIVATE-1074', ip: '10.8.1.74', os.name: 'Windows 10', os.arch: 'amd64', os.version: '10.0', java.version: '1.8.0_152'
Driver info: org.openqa.selenium.chrome.ChromeDriver
Capabilities {acceptInsecureCerts: false, acceptSslCerts: false, applicationCacheEnabled: false, browserConnectionEnabled: false, browserName: chrome, chrome: {chromedriverVersion: 72.0.3626.69 (3c16f8a135abc..., userDataDir: C:\Users\LUKHOV~1\AppData\L...}, cssSelectorsEnabled: true, databaseEnabled: false, goog:chromeOptions: {debuggerAddress: localhost:52092}, handlesAlerts: true, hasTouchScreen: false, javascriptEnabled: true, locationContextEnabled: true, mobileEmulationEnabled: false, nativeEvents: true, networkConnectionEnabled: false, pageLoadStrategy: normal, platform: XP, platformName: XP, proxy: Proxy(), rotatable: false, setWindowRect: true, takesHeapSnapshot: true, takesScreenshot: true, timeouts: {implicit: 0, pageLoad: 300000, script: 30000}, unexpectedAlertBehaviour: ignore, unhandledPromptBehavior: ignore, version: 71.0.3578.98, webStorageEnabled: true}
Session ID: 693cce3b17c4ea534891961b8dac4738
*** Element info: {Using=xpath, value=//h1[@class='h4']}
	at uk.co.idealflatmate.tests.SearchHomePageTests.searchHomePartOfLocationName(SearchHomePageTests.java:47)
</failure>
    <system-err><![CDATA[Jan 29, 2019 12:12:39 PM org.openqa.selenium.remote.ProtocolHandshake createSession
INFO: Detected dialect: OSS
Jan 29, 2019 12:12:41 PM com.codeborne.selenide.webdriver.WebDriverFactory logBrowserVersion
INFO: BrowserName=chrome Version=71.0.3578.98 Platform=XP
Jan 29, 2019 12:12:41 PM com.codeborne.selenide.webdriver.WebDriverFactory createWebDriver
INFO: Selenide v. 4.11.1
Jan 29, 2019 12:12:41 PM com.codeborne.selenide.webdriver.WebDriverFactory logSeleniumInfo
INFO: Selenium WebDriver v. 3.141.59 build time: 2018-11-14T08:17:03
Jan 29, 2019 12:12:41 PM com.codeborne.selenide.impl.WebDriverThreadLocalContainer createDriver
INFO: Create webdriver in current thread 34: ChromeDriver -> ChromeDriver: chrome on XP (d6d0feae3286ce1d56a3d3f2c0ccacd2)
Jan 29, 2019 12:12:42 PM org.openqa.selenium.remote.ProtocolHandshake createSession
INFO: Detected dialect: OSS
Jan 29, 2019 12:12:48 PM com.codeborne.selenide.webdriver.WebDriverFactory logBrowserVersion
INFO: BrowserName=chrome Version=71.0.3578.98 Platform=XP
Jan 29, 2019 12:12:48 PM com.codeborne.selenide.webdriver.WebDriverFactory createWebDriver
INFO: Selenide v. 4.11.1
Jan 29, 2019 12:12:48 PM com.codeborne.selenide.webdriver.WebDriverFactory logSeleniumInfo
INFO: Selenium WebDriver v. 3.141.59 build time: 2018-11-14T08:17:03
Jan 29, 2019 12:12:48 PM com.codeborne.selenide.impl.WebDriverThreadLocalContainer createDriver
INFO: Create webdriver in current thread 30: ChromeDriver -> ChromeDriver: chrome on XP (eb03a51ce56cc221ea04ec0d009288d9)
]]></system-err>
  </testcase>
  <testcase name="TestSearchHomeByEnter" classname="uk.co.idealflatmate.tests.SearchHomePageTests" time="24.026">
    <failure message="Element not found {By.xpath: //h1[@class=&apos;h4&apos;]}&#10;Expected: visible" type="com.codeborne.selenide.ex.ElementNotFound">com.codeborne.selenide.ex.ElementNotFound: 
Element not found {By.xpath: //h1[@class='h4']}
Expected: visible
	at uk.co.idealflatmate.tests.SearchHomePageTests.TestSearchHomeByEnter(SearchHomePageTests.java:23)
Caused by: org.openqa.selenium.NoSuchElementException: 
no such element: Unable to locate element: {"method":"xpath","selector":"//h1[@class='h4']"}
  (Session info: chrome=71.0.3578.98)
  (Driver info: chromedriver=72.0.3626.69 (3c16f8a135abc0d4da2dff33804db79b849a7c38),platform=Windows NT 10.0.16299 x86_64) (WARNING: The server did not provide any stacktrace information)
Command duration or timeout: 0 milliseconds
For documentation on this error, please visit: https://www.seleniumhq.org/exceptions/no_such_element.html
Build info: version: '3.141.59', revision: 'e82be7d358', time: '2018-11-14T08:17:03'
System info: host: 'PRIVATE-1074', ip: '10.8.1.74', os.name: 'Windows 10', os.arch: 'amd64', os.version: '10.0', java.version: '1.8.0_152'
Driver info: org.openqa.selenium.chrome.ChromeDriver
Capabilities {acceptInsecureCerts: false, acceptSslCerts: false, applicationCacheEnabled: false, browserConnectionEnabled: false, browserName: chrome, chrome: {chromedriverVersion: 72.0.3626.69 (3c16f8a135abc..., userDataDir: C:\Users\LUKHOV~1\AppData\L...}, cssSelectorsEnabled: true, databaseEnabled: false, goog:chromeOptions: {debuggerAddress: localhost:51584}, handlesAlerts: true, hasTouchScreen: false, javascriptEnabled: true, locationContextEnabled: true, mobileEmulationEnabled: false, nativeEvents: true, networkConnectionEnabled: false, pageLoadStrategy: normal, platform: XP, platformName: XP, proxy: Proxy(), rotatable: false, setWindowRect: true, takesHeapSnapshot: true, takesScreenshot: true, timeouts: {implicit: 0, pageLoad: 300000, script: 30000}, unexpectedAlertBehaviour: ignore, unhandledPromptBehavior: ignore, version: 71.0.3578.98, webStorageEnabled: true}
Session ID: 00506e15c4de4f39d8a34a5bba5c8f93
*** Element info: {Using=xpath, value=//h1[@class='h4']}
	at uk.co.idealflatmate.tests.SearchHomePageTests.TestSearchHomeByEnter(SearchHomePageTests.java:23)
</failure>
  </testcase>
  <testcase name="searchHomeByButton" classname="uk.co.idealflatmate.tests.SearchHomePageTests" time="24.443">
    <failure message="Element not found {By.xpath: //h1[@class=&apos;h4&apos;]}&#10;Expected: visible" type="com.codeborne.selenide.ex.ElementNotFound">com.codeborne.selenide.ex.ElementNotFound: 
Element not found {By.xpath: //h1[@class='h4']}
Expected: visible
	at uk.co.idealflatmate.tests.SearchHomePageTests.searchHomeByButton(SearchHomePageTests.java:14)
Caused by: org.openqa.selenium.NoSuchElementException: 
no such element: Unable to locate element: {"method":"xpath","selector":"//h1[@class='h4']"}
  (Session info: chrome=71.0.3578.98)
  (Driver info: chromedriver=72.0.3626.69 (3c16f8a135abc0d4da2dff33804db79b849a7c38),platform=Windows NT 10.0.16299 x86_64) (WARNING: The server did not provide any stacktrace information)
Command duration or timeout: 0 milliseconds
For documentation on this error, please visit: https://www.seleniumhq.org/exceptions/no_such_element.html
Build info: version: '3.141.59', revision: 'e82be7d358', time: '2018-11-14T08:17:03'
System info: host: 'PRIVATE-1074', ip: '10.8.1.74', os.name: 'Windows 10', os.arch: 'amd64', os.version: '10.0', java.version: '1.8.0_152'
Driver info: org.openqa.selenium.chrome.ChromeDriver
Capabilities {acceptInsecureCerts: false, acceptSslCerts: false, applicationCacheEnabled: false, browserConnectionEnabled: false, browserName: chrome, chrome: {chromedriverVersion: 72.0.3626.69 (3c16f8a135abc..., userDataDir: C:\Users\LUKHOV~1\AppData\L...}, cssSelectorsEnabled: true, databaseEnabled: false, goog:chromeOptions: {debuggerAddress: localhost:51087}, handlesAlerts: true, hasTouchScreen: false, javascriptEnabled: true, locationContextEnabled: true, mobileEmulationEnabled: false, nativeEvents: true, networkConnectionEnabled: false, pageLoadStrategy: normal, platform: XP, platformName: XP, proxy: Proxy(), rotatable: false, setWindowRect: true, takesHeapSnapshot: true, takesScreenshot: true, timeouts: {implicit: 0, pageLoad: 300000, script: 30000}, unexpectedAlertBehaviour: ignore, unhandledPromptBehavior: ignore, version: 71.0.3578.98, webStorageEnabled: true}
Session ID: af3da68506c2f024608ef2becc27c359
*** Element info: {Using=xpath, value=//h1[@class='h4']}
	at uk.co.idealflatmate.tests.SearchHomePageTests.searchHomeByButton(SearchHomePageTests.java:14)
</failure>
  </testcase>
  <testcase name="propertySearchByDropDown" classname="uk.co.idealflatmate.tests.SearchPropertiesPageTests" time="25.705"/>
  <testcase name="sortListingLoggedIn" classname="uk.co.idealflatmate.tests.SearchFMPageTests" time="33.202"/>
  <testcase name="searchPagination" classname="uk.co.idealflatmate.tests.SearchPropertiesPageTests" time="13.333"/>
  <testcase name="sortListingWith2Rooms" classname="uk.co.idealflatmate.tests.SearchPropertiesPageTests" time="18.544"/>
  <testcase name="ListingSignUpFromHomepage" classname="uk.co.idealflatmate.tests.SignUpTest" time="9.992"/>
  <testcase name="SignUpBlankFieldsPropAddRentBlock" classname="uk.co.idealflatmate.tests.SignUpTest" time="27.455">
    <failure message="Element should be visible {By.xpath: //span[contains (text(), &apos;Sign up with email&apos;)]}&#10;Element: &apos;StaleElementReferenceException: stale element reference: element is not attached to the page document&apos;" type="com.codeborne.selenide.ex.ElementShould">com.codeborne.selenide.ex.ElementShould: 
Element should be visible {By.xpath: //span[contains (text(), 'Sign up with email')]}
[...]
Command duration or timeout: 0 milliseconds
For documentation on this error, please visit: https://www.seleniumhq.org/exceptions/no_such_element.html
Build info: version: '3.141.59', revision: 'e82be7d358', time: '2018-11-14T08:17:03'
System info: host: 'PRIVATE-1074', ip: '10.8.1.74', os.name: 'Windows 10', os.arch: 'amd64', os.version: '10.0', java.version: '1.8.0_152'
Driver info: org.openqa.selenium.chrome.ChromeDriver
Capabilities {acceptInsecureCerts: false, acceptSslCerts: false, applicationCacheEnabled: false, browserConnectionEnabled: false, browserName: chrome, chrome: {chromedriverVersion: 72.0.3626.69 (3c16f8a135abc..., userDataDir: C:\Users\LUKHOV~1\AppData\L...}, cssSelectorsEnabled: true, databaseEnabled: false, goog:chromeOptions: {debuggerAddress: localhost:63864}, handlesAlerts: true, hasTouchScreen: false, javascriptEnabled: true, locationContextEnabled: true, mobileEmulationEnabled: false, nativeEvents: true, networkConnectionEnabled: false, pageLoadStrategy: normal, platform: XP, platformName: XP, proxy: Proxy(), rotatable: false, setWindowRect: true, takesHeapSnapshot: true, takesScreenshot: true, timeouts: {implicit: 0, pageLoad: 300000, script: 30000}, unexpectedAlertBehaviour: ignore, unhandledPromptBehavior: ignore, version: 71.0.3578.98, webStorageEnabled: true}
Session ID: 0699047ec84b78ea2a728993dee4dc3e
*** Element info: {Using=css selector, value=#email}
	at uk.co.idealflatmate.tests.SignUpTest.headerSignUpViaFacebook(SignUpTest.java:306)
</failure>
    <system-err><![CDATA[Jan 29, 2019 12:15:03 PM com.codeborne.selenide.impl.WebDriverThreadLocalContainer closeWebDriver
INFO: Close webdriver: 34 -> ChromeDriver: chrome on XP (d6d0feae3286ce1d56a3d3f2c0ccacd2)
Jan 29, 2019 12:15:03 PM com.codeborne.selenide.impl.WebDriverThreadLocalContainer$CloseBrowser run
INFO: Trying to close the browser ChromeDriver ...
Jan 29, 2019 12:15:06 PM com.codeborne.selenide.impl.WebDriverThreadLocalContainer closeWebDriver
SEVERE: Failed to close webdriver in 5000 milliseconds
]]></system-err>
  </testcase>
  <testcase name="SignUpBlankFieldsPropAddWorkBlock" classname="uk.co.idealflatmate.tests.SignUpTest" time="35.086">
    <failure message="Element should be visible {By.xpath: //span[contains (text(), &apos;Sign up with email&apos;)]}&#10;Element: &apos;StaleElementReferenceException: stale element reference: element is not attached to the page document&apos;" type="com.codeborne.selenide.ex.ElementShould">com.codeborne.selenide.ex.ElementShould: 
Element should be visible {By.xpath: //span[contains (text(), 'Sign up with email')]}
Element: 'StaleElementReferenceException: stale element reference: element is not attached to the page document'
	at uk.co.idealflatmate.tests.SignUpTest.SignUpBlankFieldsPropAddWorkBlock(SignUpTest.java:41)
</failure>
    <system-err><![CDATA[Jan 29, 2019 12:15:08 PM com.codeborne.selenide.impl.WebDriverThreadLocalContainer closeWebDriver
INFO: Close webdriver: 36 -> ChromeDriver: chrome on XP (0699047ec84b78ea2a728993dee4dc3e)
Jan 29, 2019 12:15:08 PM com.codeborne.selenide.impl.WebDriverThreadLocalContainer$CloseBrowser run
INFO: Trying to close the browser ChromeDriver ...
Jan 29, 2019 12:15:08 PM com.codeborne.selenide.impl.WebDriverThreadLocalContainer closeWebDriver
SEVERE: Failed to close webdriver in 5000 milliseconds
Starting ChromeDriver 72.0.3626.69 (3c16f8a135abc0d4da2dff33804db79b849a7c38) on port 40533
Only local connections are allowed.
Please protect ports used by ChromeDriver and related test frameworks to prevent access by malicious code.
Starting ChromeDriver 72.0.3626.69 (3c16f8a135abc0d4da2dff33804db79b849a7c38) on port 17274
Only local connections are allowed.
Please protect ports used by ChromeDriver and related test frameworks to prevent access by malicious code.
]]></system-err>
  </testcase>
  <testcase name="ListingSignUpHeader" classname="uk.co.idealflatmate.tests.SignUpTest" time="43.887"/>
  <testcase name="sortListing" classname="uk.co.idealflatmate.tests.SearchPropertiesPageTests" time="50.985"/>
  <testcase name="headerSignUpHomePageFMSearchLiv_inWithoutAbout" classname="uk.co.idealflatmate.tests.SignUpTest" time="66.528">
    <failure message="Element should be visible {By.xpath: //span[contains (text(), &apos;Sign up with email&apos;)]}&#10;Element: &apos;StaleElementReferenceException: stale element reference: element is not attached to the page document&apos;" type="com.codeborne.selenide.ex.ElementShould">com.codeborne.selenide.ex.ElementShould: 
Element should be visible {By.xpath: //span[contains (text(), 'Sign up with email')]}
Element: 'StaleElementReferenceException: stale element reference: element is not attached to the page document'
	at uk.co.idealflatmate.tests.SignUpTest.headerSignUpHomePageFMSearchLiv_inWithoutAbout(SignUpTest.java:132)
</failure>
    <system-err><![CDATA[Jan 29, 2019 12:15:30 PM org.openqa.selenium.remote.ProtocolHandshake createSession
INFO: Detected dialect: OSS
Jan 29, 2019 12:15:30 PM org.openqa.selenium.remote.ProtocolHandshake createSession
INFO: Detected dialect: OSS
Jan 29, 2019 12:15:30 PM org.openqa.selenium.remote.ProtocolHandshake createSession
INFO: Detected dialect: OSS
[1548756930.552][WARNING]: Timed out connecting to Chrome, retrying...
Jan 29, 2019 12:15:31 PM com.codeborne.selenide.webdriver.WebDriverFactory logBrowserVersion
INFO: BrowserName=chrome Version=71.0.3578.98 Platform=XP
Jan 29, 2019 12:15:31 PM com.codeborne.selenide.webdriver.WebDriverFactory createWebDriver
INFO: Selenide v. 4.11.1
Jan 29, 2019 12:15:31 PM com.codeborne.selenide.webdriver.WebDriverFactory logSeleniumInfo
INFO: Selenium WebDriver v. 3.141.59 build time: 2018-11-14T08:17:03
Jan 29, 2019 12:15:31 PM com.codeborne.selenide.impl.WebDriverThreadLocalContainer createDriver
INFO: Create webdriver in current thread 34: ChromeDriver -> ChromeDriver: chrome on XP (38dad33772293b4b6fb46ff9d7e8d7c0)
Jan 29, 2019 12:15:31 PM com.codeborne.selenide.webdriver.WebDriverFactory logBrowserVersion
INFO: BrowserName=chrome Version=71.0.3578.98 Platform=XP
Jan 29, 2019 12:15:31 PM com.codeborne.selenide.webdriver.WebDriverFactory createWebDriver
INFO: Selenide v. 4.11.1
Jan 29, 2019 12:15:31 PM com.codeborne.selenide.webdriver.WebDriverFactory logSeleniumInfo
INFO: Selenium WebDriver v. 3.141.59 build time: 2018-11-14T08:17:03
Jan 29, 2019 12:15:31 PM com.codeborne.selenide.impl.WebDriverThreadLocalContainer createDriver
INFO: Create webdriver in current thread 36: ChromeDriver -> ChromeDriver: chrome on XP (f56a0a728e9d114235853df886c2d20d)
Jan 29, 2019 12:15:31 PM com.codeborne.selenide.webdriver.WebDriverFactory logBrowserVersion
INFO: BrowserName=chrome Version=71.0.3578.98 Platform=XP
Jan 29, 2019 12:15:31 PM com.codeborne.selenide.webdriver.WebDriverFactory createWebDriver
INFO: Selenide v. 4.11.1
Jan 29, 2019 12:15:31 PM com.codeborne.selenide.webdriver.WebDriverFactory logSeleniumInfo
INFO: Selenium WebDriver v. 3.141.59 build time: 2018-11-14T08:17:03
Jan 29, 2019 12:15:31 PM com.codeborne.selenide.impl.WebDriverThreadLocalContainer createDriver
INFO: Create webdriver in current thread 35: ChromeDriver -> ChromeDriver: chrome on XP (4199109df277b3035b8834354a24a238)
Jan 29, 2019 12:15:32 PM org.openqa.selenium.remote.ProtocolHandshake createSession
INFO: Detected dialect: OSS
Jan 29, 2019 12:15:33 PM com.codeborne.selenide.webdriver.WebDriverFactory logBrowserVersion
INFO: BrowserName=chrome Version=71.0.3578.98 Platform=XP
Jan 29, 2019 12:15:33 PM com.codeborne.selenide.webdriver.WebDriverFactory createWebDriver
INFO: Selenide v. 4.11.1
Jan 29, 2019 12:15:33 PM com.codeborne.selenide.webdriver.WebDriverFactory logSeleniumInfo
INFO: Selenium WebDriver v. 3.141.59 build time: 2018-11-14T08:17:03
Jan 29, 2019 12:15:33 PM com.codeborne.selenide.impl.WebDriverThreadLocalContainer createDriver
INFO: Create webdriver in current thread 29: ChromeDriver -> ChromeDriver: chrome on XP (8f977260d25a9189a906ae78d93c471d)
]]></system-err>
  </testcase>
  <testcase name="headerSignUpWithBlankRequiredFieldsBudget" classname="uk.co.idealflatmate.tests.SignUpTest" time="6.386">
    <failure message="Element not found {By.xpath: //li//div[contains(text(), &apos;Watford&apos;)]}&#10;Expected: visible" type="com.codeborne.selenide.ex.ElementNotFound">com.codeborne.selenide.ex.ElementNotFound: 
Element not found {By.xpath: //li//div[contains(text(), 'Watford')]}
Expected: visible
	at uk.co.idealflatmate.tests.SignUpTest.headerSignUpWithBlankRequiredFieldsBudget(SignUpTest.java:284)
Caused by: org.openqa.selenium.NoSuchElementException: 
no such element: Unable to locate element: {"method":"xpath","selector":"//li//div[contains(text(), 'Watford')]"}
  (Session info: chrome=71.0.3578.98)
  (Driver info: chromedriver=72.0.3626.69 (3c16f8a135abc0d4da2dff33804db79b849a7c38),platform=Windows NT 10.0.16299 x86_64) (WARNING: The server did not provide any stacktrace information)
Command duration or timeout: 0 milliseconds
For documentation on this error, please visit: https://www.seleniumhq.org/exceptions/no_such_element.html
Build info: version: '3.141.59', revision: 'e82be7d358', time: '2018-11-14T08:17:03'
System info: host: 'PRIVATE-1074', ip: '10.8.1.74', os.name: 'Windows 10', os.arch: 'amd64', os.version: '10.0', java.version: '1.8.0_152'
Driver info: org.openqa.selenium.chrome.ChromeDriver
Capabilities {acceptInsecureCerts: false, acceptSslCerts: false, applicationCacheEnabled: false, browserConnectionEnabled: false, browserName: chrome, chrome: {chromedriverVersion: 72.0.3626.69 (3c16f8a135abc..., userDataDir: C:\Users\LUKHOV~1\AppData\L...}, cssSelectorsEnabled: true, databaseEnabled: false, goog:chromeOptions: {debuggerAddress: localhost:63726}, handlesAlerts: true, hasTouchScreen: false, javascriptEnabled: true, locationContextEnabled: true, mobileEmulationEnabled: false, nativeEvents: true, networkConnectionEnabled: false, pageLoadStrategy: normal, platform: XP, platformName: XP, proxy: Proxy(), rotatable: false, setWindowRect: true, takesHeapSnapshot: true, takesScreenshot: true, timeouts: {implicit: 0, pageLoad: 300000, script: 30000}, unexpectedAlertBehaviour: ignore, unhandledPromptBehavior: ignore, version: 71.0.3578.98, webStorageEnabled: true}
Session ID: f347661c375b2c2039d7cfd2a8abbc19
*** Element info: {Using=xpath, value=//li//div[contains(text(), 'Watford')]}
	at uk.co.idealflatmate.tests.SignUpTest.headerSignUpWithBlankRequiredFieldsBudget(SignUpTest.java:284)
</failure>
    <system-err><![CDATA[Jan 29, 2019 12:15:45 PM org.openqa.selenium.os.OsProcess destroy
INFO: Unable to drain process streams. Ignoring but the exception being swallowed follows.
org.apache.commons.exec.ExecuteException: The stop timeout of 2000 ms was exceeded (Exit value: -559038737)
	at org.apache.commons.exec.PumpStreamHandler.stopThread(PumpStreamHandler.java:295)
	at org.apache.commons.exec.PumpStreamHandler.stop(PumpStreamHandler.java:181)
	at org.openqa.selenium.os.OsProcess.destroy(OsProcess.java:136)
	at org.openqa.selenium.os.CommandLine.destroy(CommandLine.java:153)
	at org.openqa.selenium.remote.service.DriverService.stop(DriverService.java:232)
	at org.openqa.selenium.remote.service.DriverCommandExecutor.execute(DriverCommandExecutor.java:95)
	at org.openqa.selenium.remote.RemoteWebDriver.execute(RemoteWebDriver.java:552)
	at org.openqa.selenium.remote.RemoteWebDriver.execute(RemoteWebDriver.java:609)
	at org.openqa.selenium.remote.RemoteWebDriver.quit(RemoteWebDriver.java:452)
	at com.codeborne.selenide.impl.WebDriverThreadLocalContainer$CloseBrowser.run(WebDriverThreadLocalContainer.java:174)
	at java.lang.Thread.run(Thread.java:748)

Jan 29, 2019 12:15:45 PM org.openqa.selenium.os.OsProcess destroy
SEVERE: Unable to kill process java.lang.ProcessImpl@7d29fa51
Jan 29, 2019 12:15:53 PM org.openqa.selenium.os.OsProcess destroy
SEVERE: Unable to kill process java.lang.ProcessImpl@4e7c8737
]]></system-err>
  </testcase>
  <testcase name="headerRoomSignUpHomePageTenant" classname="uk.co.idealflatmate.tests.SignUpTest" time="8.724">
    <failure message="Element not found {By.xpath: //li//div[contains(text(), &apos;Watford&apos;)]}&#10;Expected: visible" type="com.codeborne.selenide.ex.ElementNotFound">com.codeborne.selenide.ex.ElementNotFound: 
Element not found {By.xpath: //li//div[contains(text(), 'Watford')]}
Expected: visible
	at uk.co.idealflatmate.tests.SignUpTest.headerRoomSignUpHomePageTenant(SignUpTest.java:95)
Caused by: org.openqa.selenium.NoSuchElementException: 
no such element: Unable to locate element: {"method":"xpath","selector":"//li//div[contains(text(), 'Watford')]"}
  (Session info: chrome=71.0.3578.98)
  (Driver info: chromedriver=72.0.3626.69 (3c16f8a135abc0d4da2dff33804db79b849a7c38),platform=Windows NT 10.0.16299 x86_64) (WARNING: The server did not provide any stacktrace information)
Command duration or timeout: 0 milliseconds
For documentation on this error, please visit: https://www.seleniumhq.org/exceptions/no_such_element.html
Build info: version: '3.141.59', revision: 'e82be7d358', time: '2018-11-14T08:17:03'
System info: host: 'PRIVATE-1074', ip: '10.8.1.74', os.name: 'Windows 10', os.arch: 'amd64', os.version: '10.0', java.version: '1.8.0_152'
Driver info: org.openqa.selenium.chrome.ChromeDriver
Capabilities {acceptInsecureCerts: false, acceptSslCerts: false, applicationCacheEnabled: false, browserConnectionEnabled: false, browserName: chrome, chrome: {chromedriverVersion: 72.0.3626.69 (3c16f8a135abc..., userDataDir: C:\Users\LUKHOV~1\AppData\L...}, cssSelectorsEnabled: true, databaseEnabled: false, goog:chromeOptions: {debuggerAddress: localhost:52246}, handlesAlerts: true, hasTouchScreen: false, javascriptEnabled: true, locationContextEnabled: true, mobileEmulationEnabled: false, nativeEvents: true, networkConnectionEnabled: false, pageLoadStrategy: normal, platform: XP, platformName: XP, proxy: Proxy(), rotatable: false, setWindowRect: true, takesHeapSnapshot: true, takesScreenshot: true, timeouts: {implicit: 0, pageLoad: 300000, script: 30000}, unexpectedAlertBehaviour: ignore, unhandledPromptBehavior: ignore, version: 71.0.3578.98, webStorageEnabled: true}
Session ID: b7732a60bd7c62abec440b3fc629e0d3
*** Element info: {Using=xpath, value=//li//div[contains(text(), 'Watford')]}
	at uk.co.idealflatmate.tests.SignUpTest.headerRoomSignUpHomePageTenant(SignUpTest.java:95)
</failure>
  </testcase>
  <testcase name="signUpViaFBlistingAgent" classname="uk.co.idealflatmate.tests.SignUpTest" time="17.128">
    <failure message="Element not found {#email}&#10;Expected: visible" type="com.codeborne.selenide.ex.ElementNotFound">com.codeborne.selenide.ex.ElementNotFound: 
Element not found {#email}
Expected: visible
	at uk.co.idealflatmate.tests.SignUpTest.signUpViaFBlistingAgent(SignUpTest.java:354)
Caused by: org.openqa.selenium.NoSuchElementException: 
no such element: Unable to locate element: {"method":"css selector","selector":"#email"}
  (Session info: chrome=71.0.3578.98)
  (Driver info: chromedriver=72.0.3626.69 (3c16f8a135abc0d4da2dff33804db79b849a7c38),platform=Windows NT 10.0.16299 x86_64) (WARNING: The server did not provide any stacktrace information)
Command duration or timeout: 0 milliseconds
For documentation on this error, please visit: https://www.seleniumhq.org/exceptions/no_such_element.html
Build info: version: '3.141.59', revision: 'e82be7d358', time: '2018-11-14T08:17:03'
System info: host: 'PRIVATE-1074', ip: '10.8.1.74', os.name: 'Windows 10', os.arch: 'amd64', os.version: '10.0', java.version: '1.8.0_152'
Driver info: org.openqa.selenium.chrome.ChromeDriver
Capabilities {acceptInsecureCerts: false, acceptSslCerts: false, applicationCacheEnabled: false, browserConnectionEnabled: false, browserName: chrome, chrome: {chromedriverVersion: 72.0.3626.69 (3c16f8a135abc..., userDataDir: C:\Users\LUKHOV~1\AppData\L...}, cssSelectorsEnabled: true, databaseEnabled: false, goog:chromeOptions: {debuggerAddress: localhost:54913}, handlesAlerts: true, hasTouchScreen: false, javascriptEnabled: true, locationContextEnabled: true, mobileEmulationEnabled: false, nativeEvents: true, networkConnectionEnabled: false, pageLoadStrategy: normal, platform: XP, platformName: XP, proxy: Proxy(), rotatable: false, setWindowRect: true, takesHeapSnapshot: true, takesScreenshot: true, timeouts: {implicit: 0, pageLoad: 300000, script: 30000}, unexpectedAlertBehaviour: ignore, unhandledPromptBehavior: ignore, version: 71.0.3578.98, webStorageEnabled: true}
Session ID: 8f977260d25a9189a906ae78d93c471d
*** Element info: {Using=css selector, value=#email}
	at uk.co.idealflatmate.tests.SignUpTest.signUpViaFBlistingAgent(SignUpTest.java:354)
</failure>
  </testcase>
  <testcase name="headerSignUpWithExistingEmail" classname="uk.co.idealflatmate.tests.SignUpTest" time="35.366"/>
  <testcase name="TestSuccessfulEmailReceivingWelcomeListingMessageSubscriptionCancSub" classname="uk.co.idealflatmate.tests.ZEmailTests" time="36.048">
    <failure message="Element not found {By.xpath: //span[contains(text(), &apos;AM&apos;) or contains(text(), &apos;PM&apos;)]//ancestor::tr//div[span[contains(text(), &apos;Welcome&apos;)]][1]//ancestor::tr//td/div[@role=&apos;checkbox&apos;]}&#10;Expected: exist" type="com.codeborne.selenide.ex.ElementNotFound">com.codeborne.selenide.ex.ElementNotFound: 
Element not found {By.xpath: //span[contains(text(), 'AM') or contains(text(), 'PM')]//ancestor::tr//div[span[contains(text(), 'Welcome')]][1]//ancestor::tr//td/div[@role='checkbox']}
Expected: exist
	at uk.co.idealflatmate.tests.ZEmailTests.TestSuccessfulEmailReceivingWelcomeListingMessageSubscriptionCancSub(ZEmailTests.java:18)
Caused by: org.openqa.selenium.StaleElementReferenceException: 
stale element reference: element is not attached to the page document
  (Session info: chrome=71.0.3578.98)
  (Driver info: chromedriver=72.0.3626.69 (3c16f8a135abc0d4da2dff33804db79b849a7c38),platform=Windows NT 10.0.16299 x86_64) (WARNING: The server did not provide any stacktrace information)
Command duration or timeout: 0 milliseconds
For documentation on this error, please visit: https://www.seleniumhq.org/exceptions/stale_element_reference.html
Build info: version: '3.141.59', revision: 'e82be7d358', time: '2018-11-14T08:17:03'
System info: host: 'PRIVATE-1074', ip: '10.8.1.74', os.name: 'Windows 10', os.arch: 'amd64', os.version: '10.0', java.version: '1.8.0_152'
Driver info: org.openqa.selenium.chrome.ChromeDriver
Capabilities {acceptInsecureCerts: false, acceptSslCerts: false, applicationCacheEnabled: false, browserConnectionEnabled: false, browserName: chrome, chrome: {chromedriverVersion: 72.0.3626.69 (3c16f8a135abc..., userDataDir: C:\Users\LUKHOV~1\AppData\L...}, cssSelectorsEnabled: true, databaseEnabled: false, goog:chromeOptions: {debuggerAddress: localhost:52092}, handlesAlerts: true, hasTouchScreen: false, javascriptEnabled: true, locationContextEnabled: true, mobileEmulationEnabled: false, nativeEvents: true, networkConnectionEnabled: false, pageLoadStrategy: normal, platform: XP, platformName: XP, proxy: Proxy(), rotatable: false, setWindowRect: true, takesHeapSnapshot: true, takesScreenshot: true, timeouts: {implicit: 0, pageLoad: 300000, script: 30000}, unexpectedAlertBehaviour: ignore, unhandledPromptBehavior: ignore, version: 71.0.3578.98, webStorageEnabled: true}
Session ID: 693cce3b17c4ea534891961b8dac4738
	at uk.co.idealflatmate.tests.ZEmailTests.TestSuccessfulEmailReceivingWelcomeListingMessageSubscriptionCancSub(ZEmailTests.java:18)
</failure>
  </testcase>
  <testcase name="headerSignUpWithBlankRequiredFieldsMoreAboutYou" classname="uk.co.idealflatmate.tests.SignUpTest" time="45.48"/>
  <testcase name="headerSignUpWithBlankRequiredFieldsYourInf" classname="uk.co.idealflatmate.tests.SignUpTest" time="46.085"/>
  <testcase name="headerSignUpWithBlankRequiredFieldsLocation" classname="uk.co.idealflatmate.tests.SignUpTest" time="67.493"/>
</testsuite>