<?xml version="1.0" encoding="UTF-8"?>
<testng-results skipped="1" failed="16" ignored="32" total="180" passed="131">
  <reporter-output>
  </reporter-output>
  <suite name="idealflatmatetest" duration-ms="3887674" started-at="2019-02-20T12:23:27Z" finished-at="2019-02-20T13:28:15Z">
    <groups>
    </groups>
    <test name="Test1" duration-ms="3887674" started-at="2019-02-20T12:23:27Z" finished-at="2019-02-20T13:28:15Z">
      <class name="uk.co.idealflatmate.tests.HomePageTest">
        <test-method status="PASS" signature="setupMethod()[pri:0, instance:uk.co.idealflatmate.tests.HomePageTest@29ca901e]" name="setupMethod" is-config="true" duration-ms="7172" started-at="2019-02-20T12:42:12Z" finished-at="2019-02-20T12:42:19Z">
          <reporter-output>
          </reporter-output>
        </test-method> <!-- setupMethod -->
        <test-method status="PASS" signature="amountOfBlocsAndTextOfAreas()[pri:0, instance:uk.co.idealflatmate.tests.HomePageTest@29ca901e]" name="amountOfBlocsAndTextOfAreas" duration-ms="2460" started-at="2019-02-20T12:42:19Z" finished-at="2019-02-20T12:42:21Z">
          <reporter-output>
          </reporter-output>
        </test-method> <!-- amountOfBlocsAndTextOfAreas -->
        <test-method status="PASS" signature="setupMethod()[pri:0, instance:uk.co.idealflatmate.tests.HomePageTest@29ca901e]" name="setupMethod" is-config="true" duration-ms="3" started-at="2019-02-20T12:42:21Z" finished-at="2019-02-20T12:42:21Z">
          <reporter-output>
          </reporter-output>
        </test-method> <!-- setupMethod -->
        <test-method status="PASS" signature="blogFM()[pri:0, instance:uk.co.idealflatmate.tests.HomePageTest@29ca901e]" name="blogFM" duration-ms="2935" started-at="2019-02-20T12:42:21Z" finished-at="2019-02-20T12:42:24Z">
          <reporter-output>
          </reporter-output>
        </test-method> <!-- blogFM -->
        <test-method status="PASS" signature="setupMethod()[pri:0, instance:uk.co.idealflatmate.tests.HomePageTest@29ca901e]" name="setupMethod" is-config="true" duration-ms="6792" started-at="2019-02-20T12:42:24Z" finished-at="2019-02-20T12:42:31Z">
          <reporter-output>
          </reporter-output>
        </test-method> <!-- setupMethod -->
        <test-method status="PASS" signature="blogLandlord()[pri:0, instance:uk.co.idealflatmate.tests.HomePageTest@29ca901e]" name="blogLandlord" duration-ms="2489" started-at="2019-02-20T12:42:31Z" finished-at="2019-02-20T12:42:33Z">
          <reporter-output>
          </reporter-output>
        </test-method> <!-- blogLandlord -->
        <test-method status="PASS" signature="setupMethod()[pri:0, instance:uk.co.idealflatmate.tests.HomePageTest@29ca901e]" name="setupMethod" is-config="true" duration-ms="6919" started-at="2019-02-20T12:42:33Z" finished-at="2019-02-20T12:42:40Z">
          <reporter-output>
          </reporter-output>
        </test-method> <!-- setupMethod -->
        <test-method status="PASS" signature="findOutMore()[pri:0, instance:uk.co.idealflatmate.tests.HomePageTest@29ca901e]" name="findOutMore" duration-ms="4093" started-at="2019-02-20T12:42:40Z" finished-at="2019-02-20T12:42:44Z">
          <reporter-output>
          </reporter-output>
        </test-method> <!-- findOutMore -->
        <test-method status="PASS" signature="setupMethod()[pri:0, instance:uk.co.idealflatmate.tests.HomePageTest@29ca901e]" name="setupMethod" is-config="true" duration-ms="5" started-at="2019-02-20T12:42:44Z" finished-at="2019-02-20T12:42:44Z">
          <reporter-output>
          </reporter-output>
        </test-method> <!-- setupMethod -->
        <test-method status="PASS" signature="findStartListing()[pri:0, instance:uk.co.idealflatmate.tests.HomePageTest@29ca901e]" name="findStartListing" duration-ms="2313" started-at="2019-02-20T12:42:44Z" finished-at="2019-02-20T12:42:47Z">
          <reporter-output>
          </reporter-output>
        </test-method> <!-- findStartListing -->
        <test-method status="PASS" signature="setupMethod()[pri:0, instance:uk.co.idealflatmate.tests.HomePageTest@29ca901e]" name="setupMethod" is-config="true" duration-ms="4" started-at="2019-02-20T12:42:47Z" finished-at="2019-02-20T12:42:47Z">
          <reporter-output>
          </reporter-output>
        </test-method> <!-- setupMethod -->
        <test-method status="PASS" signature="findStartMatchingLink()[pri:0, instance:uk.co.idealflatmate.tests.HomePageTest@29ca901e]" name="findStartMatchingLink" duration-ms="1756" started-at="2019-02-20T12:42:47Z" finished-at="2019-02-20T12:42:49Z">
          <reporter-output>
          </reporter-output>
        </test-method> <!-- findStartMatchingLink -->
        <test-method status="PASS" signature="setupMethod()[pri:0, instance:uk.co.idealflatmate.tests.HomePageTest@29ca901e]" name="setupMethod" is-config="true" duration-ms="14" started-at="2019-02-20T12:42:49Z" finished-at="2019-02-20T12:42:49Z">
          <reporter-output>
          </reporter-output>
        </test-method> <!-- setupMethod -->
        <test-method status="PASS" signature="pressLogo()[pri:0, instance:uk.co.idealflatmate.tests.HomePageTest@29ca901e]" name="pressLogo" duration-ms="998" started-at="2019-02-20T12:42:49Z" finished-at="2019-02-20T12:42:50Z">
          <reporter-output>
          </reporter-output>
        </test-method> <!-- pressLogo -->
      </class> <!-- uk.co.idealflatmate.tests.HomePageTest -->
      <class name="uk.co.idealflatmate.tests.SignUpLikeOrMessage">
        <test-method status="PASS" signature="setupMethod()[pri:0, instance:uk.co.idealflatmate.tests.SignUpLikeOrMessage@192b07fd]" name="setupMethod" is-config="true" duration-ms="7" started-at="2019-02-20T13:04:09Z" finished-at="2019-02-20T13:04:09Z">
          <reporter-output>
          </reporter-output>
        </test-method> <!-- setupMethod -->
        <test-method status="PASS" signature="mesPropSignUpHomeStart()[pri:0, instance:uk.co.idealflatmate.tests.SignUpLikeOrMessage@192b07fd]" name="mesPropSignUpHomeStart" duration-ms="7599" started-at="2019-02-20T13:04:09Z" finished-at="2019-02-20T13:04:16Z">
          <reporter-output>
          </reporter-output>
        </test-method> <!-- mesPropSignUpHomeStart -->
        <test-method status="PASS" signature="setupMethod()[pri:0, instance:uk.co.idealflatmate.tests.SignUpLikeOrMessage@192b07fd]" name="setupMethod" is-config="true" duration-ms="4" started-at="2019-02-20T13:04:16Z" finished-at="2019-02-20T13:04:16Z">
          <reporter-output>
          </reporter-output>
        </test-method> <!-- setupMethod -->
        <test-method status="PASS" signature="mesPropSignUpNotBuddy_Up()[pri:0, instance:uk.co.idealflatmate.tests.SignUpLikeOrMessage@192b07fd]" name="mesPropSignUpNotBuddy_Up" duration-ms="56749" started-at="2019-02-20T13:04:16Z" finished-at="2019-02-20T13:05:13Z">
          <reporter-output>
          </reporter-output>
        </test-method> <!-- mesPropSignUpNotBuddy_Up -->
        <test-method status="PASS" signature="setupMethod()[pri:0, instance:uk.co.idealflatmate.tests.SignUpLikeOrMessage@192b07fd]" name="setupMethod" is-config="true" duration-ms="5" started-at="2019-02-20T13:05:13Z" finished-at="2019-02-20T13:05:13Z">
          <reporter-output>
          </reporter-output>
        </test-method> <!-- setupMethod -->
        <test-method status="PASS" signature="popupExistingEmailPropertyPage()[pri:0, instance:uk.co.idealflatmate.tests.SignUpLikeOrMessage@192b07fd]" name="popupExistingEmailPropertyPage" duration-ms="17096" started-at="2019-02-20T13:05:13Z" finished-at="2019-02-20T13:05:30Z">
          <reporter-output>
          </reporter-output>
        </test-method> <!-- popupExistingEmailPropertyPage -->
        <test-method status="PASS" signature="setupMethod()[pri:0, instance:uk.co.idealflatmate.tests.SignUpLikeOrMessage@192b07fd]" name="setupMethod" is-config="true" duration-ms="7005" started-at="2019-02-20T13:05:30Z" finished-at="2019-02-20T13:05:37Z">
          <reporter-output>
          </reporter-output>
        </test-method> <!-- setupMethod -->
        <test-method status="PASS" signature="popupExistingEmailPropertyPhone()[pri:0, instance:uk.co.idealflatmate.tests.SignUpLikeOrMessage@192b07fd]" name="popupExistingEmailPropertyPhone" duration-ms="25313" started-at="2019-02-20T13:05:37Z" finished-at="2019-02-20T13:06:02Z">
          <reporter-output>
          </reporter-output>
        </test-method> <!-- popupExistingEmailPropertyPhone -->
        <test-method status="PASS" signature="setupMethod()[pri:0, instance:uk.co.idealflatmate.tests.SignUpLikeOrMessage@192b07fd]" name="setupMethod" is-config="true" duration-ms="7995" started-at="2019-02-20T13:06:02Z" finished-at="2019-02-20T13:06:10Z">
          <reporter-output>
          </reporter-output>
        </test-method> <!-- setupMethod -->
        <test-method status="PASS" signature="popupPropertyPage()[pri:0, instance:uk.co.idealflatmate.tests.SignUpLikeOrMessage@192b07fd]" name="popupPropertyPage" duration-ms="61682" started-at="2019-02-20T13:06:10Z" finished-at="2019-02-20T13:07:12Z">
          <reporter-output>
          </reporter-output>
        </test-method> <!-- popupPropertyPage -->
        <test-method status="PASS" signature="setupMethod()[pri:0, instance:uk.co.idealflatmate.tests.SignUpLikeOrMessage@192b07fd]" name="setupMethod" is-config="true" duration-ms="3" started-at="2019-02-20T13:07:12Z" finished-at="2019-02-20T13:07:12Z">
          <reporter-output>
          </reporter-output>
        </test-method> <!-- setupMethod -->
        <test-method status="FAIL" signature="popupWithBlankRequiredFields()[pri:0, instance:uk.co.idealflatmate.tests.SignUpLikeOrMessage@192b07fd]" name="popupWithBlankRequiredFields" duration-ms="16561" started-at="2019-02-20T13:07:12Z" finished-at="2019-02-20T13:07:29Z">
          <exception class="com.codeborne.selenide.ex.ElementShould">
            <message>
              <![CDATA[Element should be visible {By.xpath: //span[contains (text(), 'Sign up with email')]}
Element: '<span displayed:false></span>']]>
            </message>
            <full-stacktrace>
              <![CDATA[Element should be visible {By.xpath: //span[contains (text(), 'Sign up with email')]}
Element: '<span displayed:false></span>'
Screenshot: file:/C:/Users/lukhovytskyi/Documents/GitHub/idealflatmatetest/build/reports/tests/1550668048236.19.png
Page source: file:/C:/Users/lukhovytskyi/Documents/GitHub/idealflatmatetest/build/reports/tests/1550668048236.19.html
Timeout: 10 s.
at com.codeborne.selenide.impl.WebElementSource.checkCondition(WebElementSource.java:66)
at com.codeborne.selenide.impl.WebElementSource.findAndAssertElementIsVisible(WebElementSource.java:72)
at com.codeborne.selenide.commands.Click.execute(Click.java:16)
at com.codeborne.selenide.commands.Click.execute(Click.java:12)
at com.codeborne.selenide.commands.Commands.execute(Commands.java:144)
at com.codeborne.selenide.impl.SelenideElementProxy.dispatchAndRetry(SelenideElementProxy.java:87)
at com.codeborne.selenide.impl.SelenideElementProxy.invoke(SelenideElementProxy.java:63)
at com.sun.proxy.$Proxy8.click(Unknown Source)
at uk.co.idealflatmate.appmanager.SignUpHelper.clickEmail(SignUpHelper.java:37)
at uk.co.idealflatmate.tests.SignUpLikeOrMessage.popupWithBlankRequiredFields(SignUpLikeOrMessage.java:282)
at sun.reflect.NativeMethodAccessorImpl.invoke0(Native Method)
at sun.reflect.NativeMethodAccessorImpl.invoke(NativeMethodAccessorImpl.java:62)
at sun.reflect.DelegatingMethodAccessorImpl.invoke(DelegatingMethodAccessorImpl.java:43)
at java.lang.reflect.Method.invoke(Method.java:498)
at org.testng.internal.MethodInvocationHelper.invokeMethod(MethodInvocationHelper.java:124)
at org.testng.internal.Invoker.invokeMethod(Invoker.java:583)
at org.testng.internal.Invoker.invokeTestMethod(Invoker.java:719)
at org.testng.internal.Invoker.invokeTestMethods(Invoker.java:989)
at org.testng.internal.TestMethodWorker.invokeTestMethods(TestMethodWorker.java:125)
at org.testng.internal.TestMethodWorker.run(TestMethodWorker.java:109)
at org.testng.TestRunner.privateRun(TestRunner.java:648)
at org.testng.TestRunner.run(TestRunner.java:505)
at org.testng.SuiteRunner.runTest(SuiteRunner.java:455)
at org.testng.SuiteRunner.runSequentially(SuiteRunner.java:450)
at org.testng.SuiteRunner.privateRun(SuiteRunner.java:415)
at org.testng.SuiteRunner.run(SuiteRunner.java:364)
at org.testng.SuiteRunnerWorker.runSuite(SuiteRunnerWorker.java:52)
at org.testng.SuiteRunnerWorker.run(SuiteRunnerWorker.java:84)
at org.testng.TestNG.runSuitesSequentially(TestNG.java:1208)
at org.testng.TestNG.runSuitesLocally(TestNG.java:1137)
at org.testng.TestNG.runSuites(TestNG.java:1049)
at org.testng.TestNG.run(TestNG.java:1017)
at org.apache.maven.surefire.testng.TestNGExecutor.run(TestNGExecutor.java:122)
at org.apache.maven.surefire.testng.TestNGXmlTestSuite.execute(TestNGXmlTestSuite.java:88)
at org.apache.maven.surefire.testng.TestNGProvider.invoke(TestNGProvider.java:104)
at sun.reflect.NativeMethodAccessorImpl.invoke0(Native Method)
at sun.reflect.NativeMethodAccessorImpl.invoke(NativeMethodAccessorImpl.java:62)
at sun.reflect.DelegatingMethodAccessorImpl.invoke(DelegatingMethodAccessorImpl.java:43)
at java.lang.reflect.Method.invoke(Method.java:498)
at org.apache.maven.surefire.booter.ProviderFactory$ClassLoaderProxy.invoke(ProviderFactory.java:103)
at com.sun.proxy.$Proxy0.invoke(Unknown Source)
at org.apache.maven.surefire.booter.SurefireStarter.invokeProvider(SurefireStarter.java:150)
at org.apache.maven.surefire.booter.SurefireStarter.runSuitesInProcess(SurefireStarter.java:91)
at org.apache.maven.surefire.booter.ForkedBooter.main(ForkedBooter.java:69)
]]>
            </full-stacktrace>
          </exception> <!-- com.codeborne.selenide.ex.ElementShould -->
          <reporter-output>
          </reporter-output>
        </test-method> <!-- popupWithBlankRequiredFields -->
        <test-method status="PASS" signature="setupMethod()[pri:0, instance:uk.co.idealflatmate.tests.SignUpLikeOrMessage@192b07fd]" name="setupMethod" is-config="true" duration-ms="10100" started-at="2019-02-20T13:07:29Z" finished-at="2019-02-20T13:07:39Z">
          <reporter-output>
          </reporter-output>
        </test-method> <!-- setupMethod -->
        <test-method status="PASS" signature="popupWithExistingEmail()[pri:0, instance:uk.co.idealflatmate.tests.SignUpLikeOrMessage@192b07fd]" name="popupWithExistingEmail" duration-ms="19580" started-at="2019-02-20T13:07:39Z" finished-at="2019-02-20T13:07:58Z">
          <reporter-output>
          </reporter-output>
        </test-method> <!-- popupWithExistingEmail -->
        <test-method status="PASS" signature="setupMethod()[pri:0, instance:uk.co.idealflatmate.tests.SignUpLikeOrMessage@192b07fd]" name="setupMethod" is-config="true" duration-ms="8090" started-at="2019-02-20T13:07:58Z" finished-at="2019-02-20T13:08:06Z">
          <reporter-output>
          </reporter-output>
        </test-method> <!-- setupMethod -->
        <test-method status="PASS" signature="signUpLike3rdPageQuit()[pri:0, instance:uk.co.idealflatmate.tests.SignUpLikeOrMessage@192b07fd]" name="signUpLike3rdPageQuit" duration-ms="31449" started-at="2019-02-20T13:08:06Z" finished-at="2019-02-20T13:08:38Z">
          <reporter-output>
          </reporter-output>
        </test-method> <!-- signUpLike3rdPageQuit -->
        <test-method status="PASS" signature="setupMethod()[pri:0, instance:uk.co.idealflatmate.tests.SignUpLikeOrMessage@192b07fd]" name="setupMethod" is-config="true" duration-ms="8028" started-at="2019-02-20T13:08:38Z" finished-at="2019-02-20T13:08:46Z">
          <reporter-output>
          </reporter-output>
        </test-method> <!-- setupMethod -->
        <test-method status="PASS" signature="signUpLikeHomePage()[pri:0, instance:uk.co.idealflatmate.tests.SignUpLikeOrMessage@192b07fd]" name="signUpLikeHomePage" duration-ms="44843" started-at="2019-02-20T13:08:46Z" finished-at="2019-02-20T13:09:31Z">
          <reporter-output>
          </reporter-output>
        </test-method> <!-- signUpLikeHomePage -->
      </class> <!-- uk.co.idealflatmate.tests.SignUpLikeOrMessage -->
      <class name="uk.co.idealflatmate.tests.SearchHomePageTests">
        <test-method status="PASS" signature="setupMethod()[pri:0, instance:uk.co.idealflatmate.tests.SearchHomePageTests@49993335]" name="setupMethod" is-config="true" duration-ms="8059" started-at="2019-02-20T12:59:06Z" finished-at="2019-02-20T12:59:14Z">
          <reporter-output>
          </reporter-output>
        </test-method> <!-- setupMethod -->
        <test-method status="PASS" signature="TestSearchHomeByEnter()[pri:0, instance:uk.co.idealflatmate.tests.SearchHomePageTests@49993335]" name="TestSearchHomeByEnter" duration-ms="11206" started-at="2019-02-20T12:59:14Z" finished-at="2019-02-20T12:59:26Z">
          <reporter-output>
          </reporter-output>
        </test-method> <!-- TestSearchHomeByEnter -->
        <test-method status="PASS" signature="setupMethod()[pri:0, instance:uk.co.idealflatmate.tests.SearchHomePageTests@49993335]" name="setupMethod" is-config="true" duration-ms="3" started-at="2019-02-20T12:59:26Z" finished-at="2019-02-20T12:59:26Z">
          <reporter-output>
          </reporter-output>
        </test-method> <!-- setupMethod -->
        <test-method status="PASS" signature="searchHomeByButton()[pri:0, instance:uk.co.idealflatmate.tests.SearchHomePageTests@49993335]" name="searchHomeByButton" duration-ms="10354" started-at="2019-02-20T12:59:26Z" finished-at="2019-02-20T12:59:36Z">
          <reporter-output>
          </reporter-output>
        </test-method> <!-- searchHomeByButton -->
        <test-method status="PASS" signature="setupMethod()[pri:0, instance:uk.co.idealflatmate.tests.SearchHomePageTests@49993335]" name="setupMethod" is-config="true" duration-ms="4" started-at="2019-02-20T12:59:36Z" finished-at="2019-02-20T12:59:36Z">
          <reporter-output>
          </reporter-output>
        </test-method> <!-- setupMethod -->
        <test-method status="PASS" signature="searchHomeIDProperty()[pri:0, instance:uk.co.idealflatmate.tests.SearchHomePageTests@49993335]" name="searchHomeIDProperty" duration-ms="11320" started-at="2019-02-20T12:59:36Z" finished-at="2019-02-20T12:59:47Z">
          <reporter-output>
          </reporter-output>
        </test-method> <!-- searchHomeIDProperty -->
        <test-method status="PASS" signature="setupMethod()[pri:0, instance:uk.co.idealflatmate.tests.SearchHomePageTests@49993335]" name="setupMethod" is-config="true" duration-ms="2" started-at="2019-02-20T12:59:47Z" finished-at="2019-02-20T12:59:47Z">
          <reporter-output>
          </reporter-output>
        </test-method> <!-- setupMethod -->
        <test-method status="PASS" signature="searchHomeLocationFromList()[pri:0, instance:uk.co.idealflatmate.tests.SearchHomePageTests@49993335]" name="searchHomeLocationFromList" duration-ms="8464" started-at="2019-02-20T12:59:47Z" finished-at="2019-02-20T12:59:56Z">
          <reporter-output>
          </reporter-output>
        </test-method> <!-- searchHomeLocationFromList -->
        <test-method status="PASS" signature="setupMethod()[pri:0, instance:uk.co.idealflatmate.tests.SearchHomePageTests@49993335]" name="setupMethod" is-config="true" duration-ms="3" started-at="2019-02-20T12:59:56Z" finished-at="2019-02-20T12:59:56Z">
          <reporter-output>
          </reporter-output>
        </test-method> <!-- setupMethod -->
        <test-method status="PASS" signature="searchHomePartOfLocationName()[pri:0, instance:uk.co.idealflatmate.tests.SearchHomePageTests@49993335]" name="searchHomePartOfLocationName" duration-ms="11009" started-at="2019-02-20T12:59:56Z" finished-at="2019-02-20T13:00:07Z">
          <reporter-output>
          </reporter-output>
        </test-method> <!-- searchHomePartOfLocationName -->
      </class> <!-- uk.co.idealflatmate.tests.SearchHomePageTests -->
      <class name="uk.co.idealflatmate.tests.AbclearDataTests">
        <test-method status="PASS" signature="setupClass()[pri:0, instance:uk.co.idealflatmate.tests.AbclearDataTests@69ea3742]" name="setupClass" is-config="true" duration-ms="9227" started-at="2019-02-20T12:23:18Z" finished-at="2019-02-20T12:23:27Z">
          <reporter-output>
          </reporter-output>
        </test-method> <!-- setupClass -->
        <test-method status="PASS" signature="setupMethod()[pri:0, instance:uk.co.idealflatmate.tests.AbclearDataTests@69ea3742]" name="setupMethod" is-config="true" duration-ms="4" started-at="2019-02-20T12:23:27Z" finished-at="2019-02-20T12:23:27Z">
          <reporter-output>
          </reporter-output>
        </test-method> <!-- setupMethod -->
        <test-method status="PASS" signature="removeAccountBeforeTest(java.lang.String, java.lang.String)[pri:0, instance:uk.co.idealflatmate.tests.AbclearDataTests@69ea3742]" name="removeAccountBeforeTest" duration-ms="8556" started-at="2019-02-20T12:23:27Z" data-provider="Authentication" finished-at="2019-02-20T12:23:36Z">
          <params>
            <param index="0">
              <value>
                <![CDATA[qqqqqq]]>
              </value>
            </param>
            <param index="1">
              <value>
                <![CDATA[agentTestuyrw11@gmail.com]]>
              </value>
            </param>
          </params>
          <reporter-output>
          </reporter-output>
        </test-method> <!-- removeAccountBeforeTest -->
        <test-method status="PASS" signature="setupMethod()[pri:0, instance:uk.co.idealflatmate.tests.AbclearDataTests@69ea3742]" name="setupMethod" is-config="true" duration-ms="9" started-at="2019-02-20T12:23:36Z" finished-at="2019-02-20T12:23:36Z">
          <reporter-output>
          </reporter-output>
        </test-method> <!-- setupMethod -->
        <test-method status="PASS" signature="removeAccountBeforeTest(java.lang.String, java.lang.String)[pri:0, instance:uk.co.idealflatmate.tests.AbclearDataTests@69ea3742]" name="removeAccountBeforeTest" duration-ms="8388" started-at="2019-02-20T12:23:36Z" data-provider="Authentication" finished-at="2019-02-20T12:23:44Z">
          <params>
            <param index="0">
              <value>
                <![CDATA[qqqqqq]]>
              </value>
            </param>
            <param index="1">
              <value>
                <![CDATA[FMnewlq1t6@gmail.com]]>
              </value>
            </param>
          </params>
          <reporter-output>
          </reporter-output>
        </test-method> <!-- removeAccountBeforeTest -->
        <test-method status="PASS" signature="setupMethod()[pri:0, instance:uk.co.idealflatmate.tests.AbclearDataTests@69ea3742]" name="setupMethod" is-config="true" duration-ms="13" started-at="2019-02-20T12:23:44Z" finished-at="2019-02-20T12:23:44Z">
          <reporter-output>
          </reporter-output>
        </test-method> <!-- setupMethod -->
        <test-method status="PASS" signature="removeAccountBeforeTest(java.lang.String, java.lang.String)[pri:0, instance:uk.co.idealflatmate.tests.AbclearDataTests@69ea3742]" name="removeAccountBeforeTest" duration-ms="9218" started-at="2019-02-20T12:23:44Z" data-provider="Authentication" finished-at="2019-02-20T12:23:54Z">
          <params>
            <param index="0">
              <value>
                <![CDATA[qqqqqq]]>
              </value>
            </param>
            <param index="1">
              <value>
                <![CDATA[TerezaHQ1@gmail.com]]>
              </value>
            </param>
          </params>
          <reporter-output>
          </reporter-output>
        </test-method> <!-- removeAccountBeforeTest -->
        <test-method status="PASS" signature="setupMethod()[pri:0, instance:uk.co.idealflatmate.tests.AbclearDataTests@69ea3742]" name="setupMethod" is-config="true" duration-ms="9" started-at="2019-02-20T12:23:54Z" finished-at="2019-02-20T12:23:54Z">
          <reporter-output>
          </reporter-output>
        </test-method> <!-- setupMethod -->
        <test-method status="PASS" signature="removeAccountBeforeTest(java.lang.String, java.lang.String)[pri:0, instance:uk.co.idealflatmate.tests.AbclearDataTests@69ea3742]" name="removeAccountBeforeTest" duration-ms="12428" started-at="2019-02-20T12:23:54Z" data-provider="Authentication" finished-at="2019-02-20T12:24:06Z">
          <params>
            <param index="0">
              <value>
                <![CDATA[qqqqqq]]>
              </value>
            </param>
            <param index="1">
              <value>
                <![CDATA[FMnew999@gmail.com]]>
              </value>
            </param>
          </params>
          <reporter-output>
          </reporter-output>
        </test-method> <!-- removeAccountBeforeTest -->
        <test-method status="PASS" signature="setupMethod()[pri:0, instance:uk.co.idealflatmate.tests.AbclearDataTests@69ea3742]" name="setupMethod" is-config="true" duration-ms="6" started-at="2019-02-20T12:24:06Z" finished-at="2019-02-20T12:24:06Z">
          <reporter-output>
          </reporter-output>
        </test-method> <!-- setupMethod -->
        <test-method status="PASS" signature="removeAccountBeforeTest(java.lang.String, java.lang.String)[pri:0, instance:uk.co.idealflatmate.tests.AbclearDataTests@69ea3742]" name="removeAccountBeforeTest" duration-ms="10856" started-at="2019-02-20T12:24:06Z" data-provider="Authentication" finished-at="2019-02-20T12:24:17Z">
          <params>
            <param index="0">
              <value>
                <![CDATA[qqqqqq]]>
              </value>
            </param>
            <param index="1">
              <value>
                <![CDATA[agentTest08@gmail.com]]>
              </value>
            </param>
          </params>
          <reporter-output>
          </reporter-output>
        </test-method> <!-- removeAccountBeforeTest -->
        <test-method status="PASS" signature="setupMethod()[pri:0, instance:uk.co.idealflatmate.tests.AbclearDataTests@69ea3742]" name="setupMethod" is-config="true" duration-ms="14" started-at="2019-02-20T12:24:17Z" finished-at="2019-02-20T12:24:17Z">
          <reporter-output>
          </reporter-output>
        </test-method> <!-- setupMethod -->
        <test-method status="PASS" signature="removeAccountBeforeTest(java.lang.String, java.lang.String)[pri:0, instance:uk.co.idealflatmate.tests.AbclearDataTests@69ea3742]" name="removeAccountBeforeTest" duration-ms="9680" started-at="2019-02-20T12:24:17Z" data-provider="Authentication" finished-at="2019-02-20T12:24:27Z">
          <params>
            <param index="0">
              <value>
                <![CDATA[qqqqqq]]>
              </value>
            </param>
            <param index="1">
              <value>
                <![CDATA[Li1q3e11@gmail.com]]>
              </value>
            </param>
          </params>
          <reporter-output>
          </reporter-output>
        </test-method> <!-- removeAccountBeforeTest -->
        <test-method status="PASS" signature="setupMethod()[pri:0, instance:uk.co.idealflatmate.tests.AbclearDataTests@69ea3742]" name="setupMethod" is-config="true" duration-ms="7" started-at="2019-02-20T12:24:27Z" finished-at="2019-02-20T12:24:27Z">
          <reporter-output>
          </reporter-output>
        </test-method> <!-- setupMethod -->
        <test-method status="PASS" signature="removeAccountBeforeTest(java.lang.String, java.lang.String)[pri:0, instance:uk.co.idealflatmate.tests.AbclearDataTests@69ea3742]" name="removeAccountBeforeTest" duration-ms="10328" started-at="2019-02-20T12:24:27Z" data-provider="Authentication" finished-at="2019-02-20T12:24:37Z">
          <params>
            <param index="0">
              <value>
                <![CDATA[qqqqqq]]>
              </value>
            </param>
            <param index="1">
              <value>
                <![CDATA[Live_inNew021r@gmail.com]]>
              </value>
            </param>
          </params>
          <reporter-output>
          </reporter-output>
        </test-method> <!-- removeAccountBeforeTest -->
        <test-method status="PASS" signature="setupMethod()[pri:0, instance:uk.co.idealflatmate.tests.AbclearDataTests@69ea3742]" name="setupMethod" is-config="true" duration-ms="12" started-at="2019-02-20T12:24:37Z" finished-at="2019-02-20T12:24:37Z">
          <reporter-output>
          </reporter-output>
        </test-method> <!-- setupMethod -->
        <test-method status="PASS" signature="removeAccountBeforeTest(java.lang.String, java.lang.String)[pri:0, instance:uk.co.idealflatmate.tests.AbclearDataTests@69ea3742]" name="removeAccountBeforeTest" duration-ms="8627" started-at="2019-02-20T12:24:37Z" data-provider="Authentication" finished-at="2019-02-20T12:24:46Z">
          <params>
            <param index="0">
              <value>
                <![CDATA[qqqqqq]]>
              </value>
            </param>
            <param index="1">
              <value>
                <![CDATA[Lord_out_New034@gmail.com]]>
              </value>
            </param>
          </params>
          <reporter-output>
          </reporter-output>
        </test-method> <!-- removeAccountBeforeTest -->
        <test-method status="PASS" signature="setupMethod()[pri:0, instance:uk.co.idealflatmate.tests.AbclearDataTests@69ea3742]" name="setupMethod" is-config="true" duration-ms="13" started-at="2019-02-20T12:24:46Z" finished-at="2019-02-20T12:24:46Z">
          <reporter-output>
          </reporter-output>
        </test-method> <!-- setupMethod -->
        <test-method status="PASS" signature="removeAccountBeforeTest(java.lang.String, java.lang.String)[pri:0, instance:uk.co.idealflatmate.tests.AbclearDataTests@69ea3742]" name="removeAccountBeforeTest" duration-ms="8764" started-at="2019-02-20T12:24:46Z" data-provider="Authentication" finished-at="2019-02-20T12:24:54Z">
          <params>
            <param index="0">
              <value>
                <![CDATA[qqqqqq]]>
              </value>
            </param>
            <param index="1">
              <value>
                <![CDATA[Live_inNewL012@gmail.com]]>
              </value>
            </param>
          </params>
          <reporter-output>
          </reporter-output>
        </test-method> <!-- removeAccountBeforeTest -->
        <test-method status="PASS" signature="setupMethod()[pri:0, instance:uk.co.idealflatmate.tests.AbclearDataTests@69ea3742]" name="setupMethod" is-config="true" duration-ms="11" started-at="2019-02-20T12:24:54Z" finished-at="2019-02-20T12:24:54Z">
          <reporter-output>
          </reporter-output>
        </test-method> <!-- setupMethod -->
        <test-method status="PASS" signature="removeAccountBeforeTest(java.lang.String, java.lang.String)[pri:0, instance:uk.co.idealflatmate.tests.AbclearDataTests@69ea3742]" name="removeAccountBeforeTest" duration-ms="8332" started-at="2019-02-20T12:24:54Z" data-provider="Authentication" finished-at="2019-02-20T12:25:03Z">
          <params>
            <param index="0">
              <value>
                <![CDATA[qqqqqq]]>
              </value>
            </param>
            <param index="1">
              <value>
                <![CDATA[Live_inNewL012yyy@gmail.com]]>
              </value>
            </param>
          </params>
          <reporter-output>
          </reporter-output>
        </test-method> <!-- removeAccountBeforeTest -->
        <test-method status="PASS" signature="setupMethod()[pri:0, instance:uk.co.idealflatmate.tests.AbclearDataTests@69ea3742]" name="setupMethod" is-config="true" duration-ms="11" started-at="2019-02-20T12:25:03Z" finished-at="2019-02-20T12:25:03Z">
          <reporter-output>
          </reporter-output>
        </test-method> <!-- setupMethod -->
        <test-method status="PASS" signature="removeAccountBeforeTest(java.lang.String, java.lang.String)[pri:0, instance:uk.co.idealflatmate.tests.AbclearDataTests@69ea3742]" name="removeAccountBeforeTest" duration-ms="8758" started-at="2019-02-20T12:25:03Z" data-provider="Authentication" finished-at="2019-02-20T12:25:11Z">
          <params>
            <param index="0">
              <value>
                <![CDATA[qqqqqq]]>
              </value>
            </param>
            <param index="1">
              <value>
                <![CDATA[Mes1email@gmail.com]]>
              </value>
            </param>
          </params>
          <reporter-output>
          </reporter-output>
        </test-method> <!-- removeAccountBeforeTest -->
        <test-method status="PASS" signature="setupMethod()[pri:0, instance:uk.co.idealflatmate.tests.AbclearDataTests@69ea3742]" name="setupMethod" is-config="true" duration-ms="15" started-at="2019-02-20T12:25:11Z" finished-at="2019-02-20T12:25:11Z">
          <reporter-output>
          </reporter-output>
        </test-method> <!-- setupMethod -->
        <test-method status="PASS" signature="removeAccountBeforeTest(java.lang.String, java.lang.String)[pri:0, instance:uk.co.idealflatmate.tests.AbclearDataTests@69ea3742]" name="removeAccountBeforeTest" duration-ms="8286" started-at="2019-02-20T12:25:11Z" data-provider="Authentication" finished-at="2019-02-20T12:25:20Z">
          <params>
            <param index="0">
              <value>
                <![CDATA[qqqqqq]]>
              </value>
            </param>
            <param index="1">
              <value>
                <![CDATA[Mes2email@gmail.com]]>
              </value>
            </param>
          </params>
          <reporter-output>
          </reporter-output>
        </test-method> <!-- removeAccountBeforeTest -->
        <test-method status="PASS" signature="setupMethod()[pri:0, instance:uk.co.idealflatmate.tests.AbclearDataTests@69ea3742]" name="setupMethod" is-config="true" duration-ms="19" started-at="2019-02-20T12:25:20Z" finished-at="2019-02-20T12:25:20Z">
          <reporter-output>
          </reporter-output>
        </test-method> <!-- setupMethod -->
        <test-method status="PASS" signature="removeAccountBeforeTest(java.lang.String, java.lang.String)[pri:0, instance:uk.co.idealflatmate.tests.AbclearDataTests@69ea3742]" name="removeAccountBeforeTest" duration-ms="8344" started-at="2019-02-20T12:25:20Z" data-provider="Authentication" finished-at="2019-02-20T12:25:28Z">
          <params>
            <param index="0">
              <value>
                <![CDATA[qqqqqq]]>
              </value>
            </param>
            <param index="1">
              <value>
                <![CDATA[TerezaHQ1a@gmail.com]]>
              </value>
            </param>
          </params>
          <reporter-output>
          </reporter-output>
        </test-method> <!-- removeAccountBeforeTest -->
        <test-method status="PASS" signature="setupMethod()[pri:0, instance:uk.co.idealflatmate.tests.AbclearDataTests@69ea3742]" name="setupMethod" is-config="true" duration-ms="11" started-at="2019-02-20T12:25:28Z" finished-at="2019-02-20T12:25:28Z">
          <reporter-output>
          </reporter-output>
        </test-method> <!-- setupMethod -->
        <test-method status="PASS" signature="removeAccountBeforeTest(java.lang.String, java.lang.String)[pri:0, instance:uk.co.idealflatmate.tests.AbclearDataTests@69ea3742]" name="removeAccountBeforeTest" duration-ms="8457" started-at="2019-02-20T12:25:28Z" data-provider="Authentication" finished-at="2019-02-20T12:25:37Z">
          <params>
            <param index="0">
              <value>
                <![CDATA[qqqqqq]]>
              </value>
            </param>
            <param index="1">
              <value>
                <![CDATA[Mes4email@gmail.com]]>
              </value>
            </param>
          </params>
          <reporter-output>
          </reporter-output>
        </test-method> <!-- removeAccountBeforeTest -->
        <test-method status="PASS" signature="setupMethod()[pri:0, instance:uk.co.idealflatmate.tests.AbclearDataTests@69ea3742]" name="setupMethod" is-config="true" duration-ms="16" started-at="2019-02-20T12:25:37Z" finished-at="2019-02-20T12:25:37Z">
          <reporter-output>
          </reporter-output>
        </test-method> <!-- setupMethod -->
        <test-method status="PASS" signature="removeAccountBeforeTest(java.lang.String, java.lang.String)[pri:0, instance:uk.co.idealflatmate.tests.AbclearDataTests@69ea3742]" name="removeAccountBeforeTest" duration-ms="8135" started-at="2019-02-20T12:25:37Z" data-provider="Authentication" finished-at="2019-02-20T12:25:45Z">
          <params>
            <param index="0">
              <value>
                <![CDATA[qqqqqq]]>
              </value>
            </param>
            <param index="1">
              <value>
                <![CDATA[FMupsBuddy5@gmail.com]]>
              </value>
            </param>
          </params>
          <reporter-output>
          </reporter-output>
        </test-method> <!-- removeAccountBeforeTest -->
        <test-method status="PASS" signature="setupMethod()[pri:0, instance:uk.co.idealflatmate.tests.AbclearDataTests@69ea3742]" name="setupMethod" is-config="true" duration-ms="26" started-at="2019-02-20T12:25:45Z" finished-at="2019-02-20T12:25:45Z">
          <reporter-output>
          </reporter-output>
        </test-method> <!-- setupMethod -->
        <test-method status="PASS" signature="removeAccountBeforeTest(java.lang.String, java.lang.String)[pri:0, instance:uk.co.idealflatmate.tests.AbclearDataTests@69ea3742]" name="removeAccountBeforeTest" duration-ms="8995" started-at="2019-02-20T12:25:45Z" data-provider="Authentication" finished-at="2019-02-20T12:25:54Z">
          <params>
            <param index="0">
              <value>
                <![CDATA[qqqqqq]]>
              </value>
            </param>
            <param index="1">
              <value>
                <![CDATA[TerezaHQ5@gmail.com]]>
              </value>
            </param>
          </params>
          <reporter-output>
          </reporter-output>
        </test-method> <!-- removeAccountBeforeTest -->
        <test-method status="PASS" signature="setupMethod()[pri:0, instance:uk.co.idealflatmate.tests.AbclearDataTests@69ea3742]" name="setupMethod" is-config="true" duration-ms="13" started-at="2019-02-20T12:25:54Z" finished-at="2019-02-20T12:25:54Z">
          <reporter-output>
          </reporter-output>
        </test-method> <!-- setupMethod -->
        <test-method status="PASS" signature="removeAccountBeforeTest(java.lang.String, java.lang.String)[pri:0, instance:uk.co.idealflatmate.tests.AbclearDataTests@69ea3742]" name="removeAccountBeforeTest" duration-ms="8307" started-at="2019-02-20T12:25:54Z" data-provider="Authentication" finished-at="2019-02-20T12:26:02Z">
          <params>
            <param index="0">
              <value>
                <![CDATA[qqqqqq]]>
              </value>
            </param>
            <param index="1">
              <value>
                <![CDATA[TerezaHQ2@gmail.com]]>
              </value>
            </param>
          </params>
          <reporter-output>
          </reporter-output>
        </test-method> <!-- removeAccountBeforeTest -->
        <test-method status="PASS" signature="setupMethod()[pri:0, instance:uk.co.idealflatmate.tests.AbclearDataTests@69ea3742]" name="setupMethod" is-config="true" duration-ms="11" started-at="2019-02-20T12:26:02Z" finished-at="2019-02-20T12:26:02Z">
          <reporter-output>
          </reporter-output>
        </test-method> <!-- setupMethod -->
        <test-method status="PASS" signature="removeAccountBeforeTest(java.lang.String, java.lang.String)[pri:0, instance:uk.co.idealflatmate.tests.AbclearDataTests@69ea3742]" name="removeAccountBeforeTest" duration-ms="8249" started-at="2019-02-20T12:26:02Z" data-provider="Authentication" finished-at="2019-02-20T12:26:10Z">
          <params>
            <param index="0">
              <value>
                <![CDATA[qqqqqq]]>
              </value>
            </param>
            <param index="1">
              <value>
                <![CDATA[FMnew124o@gmail.com]]>
              </value>
            </param>
          </params>
          <reporter-output>
          </reporter-output>
        </test-method> <!-- removeAccountBeforeTest -->
        <test-method status="PASS" signature="setupMethod()[pri:0, instance:uk.co.idealflatmate.tests.AbclearDataTests@69ea3742]" name="setupMethod" is-config="true" duration-ms="11" started-at="2019-02-20T12:26:10Z" finished-at="2019-02-20T12:26:10Z">
          <reporter-output>
          </reporter-output>
        </test-method> <!-- setupMethod -->
        <test-method status="PASS" signature="removeAccountBeforeTest(java.lang.String, java.lang.String)[pri:0, instance:uk.co.idealflatmate.tests.AbclearDataTests@69ea3742]" name="removeAccountBeforeTest" duration-ms="8305" started-at="2019-02-20T12:26:10Z" data-provider="Authentication" finished-at="2019-02-20T12:26:19Z">
          <params>
            <param index="0">
              <value>
                <![CDATA[qqqqqq]]>
              </value>
            </param>
            <param index="1">
              <value>
                <![CDATA[Tenanttyrrr1r@gmail.com]]>
              </value>
            </param>
          </params>
          <reporter-output>
          </reporter-output>
        </test-method> <!-- removeAccountBeforeTest -->
        <test-method status="PASS" signature="setupMethod()[pri:0, instance:uk.co.idealflatmate.tests.AbclearDataTests@69ea3742]" name="setupMethod" is-config="true" duration-ms="13" started-at="2019-02-20T12:26:19Z" finished-at="2019-02-20T12:26:19Z">
          <reporter-output>
          </reporter-output>
        </test-method> <!-- setupMethod -->
        <test-method status="PASS" signature="removeAccountBeforeTest(java.lang.String, java.lang.String)[pri:0, instance:uk.co.idealflatmate.tests.AbclearDataTests@69ea3742]" name="removeAccountBeforeTest" duration-ms="8252" started-at="2019-02-20T12:26:19Z" data-provider="Authentication" finished-at="2019-02-20T12:26:27Z">
          <params>
            <param index="0">
              <value>
                <![CDATA[qqqqqq]]>
              </value>
            </param>
            <param index="1">
              <value>
                <![CDATA[Live_inNewy733430@gmail.com]]>
              </value>
            </param>
          </params>
          <reporter-output>
          </reporter-output>
        </test-method> <!-- removeAccountBeforeTest -->
        <test-method status="PASS" signature="setupMethod()[pri:0, instance:uk.co.idealflatmate.tests.AbclearDataTests@69ea3742]" name="setupMethod" is-config="true" duration-ms="17" started-at="2019-02-20T12:26:27Z" finished-at="2019-02-20T12:26:27Z">
          <reporter-output>
          </reporter-output>
        </test-method> <!-- setupMethod -->
        <test-method status="PASS" signature="removeAccountBeforeTest(java.lang.String, java.lang.String)[pri:0, instance:uk.co.idealflatmate.tests.AbclearDataTests@69ea3742]" name="removeAccountBeforeTest" duration-ms="8342" started-at="2019-02-20T12:26:27Z" data-provider="Authentication" finished-at="2019-02-20T12:26:35Z">
          <params>
            <param index="0">
              <value>
                <![CDATA[qqqqqq]]>
              </value>
            </param>
            <param index="1">
              <value>
                <![CDATA[FMnewuy7233@gmail.com]]>
              </value>
            </param>
          </params>
          <reporter-output>
          </reporter-output>
        </test-method> <!-- removeAccountBeforeTest -->
        <test-method status="PASS" signature="setupMethod()[pri:0, instance:uk.co.idealflatmate.tests.AbclearDataTests@69ea3742]" name="setupMethod" is-config="true" duration-ms="8" started-at="2019-02-20T12:26:35Z" finished-at="2019-02-20T12:26:35Z">
          <reporter-output>
          </reporter-output>
        </test-method> <!-- setupMethod -->
        <test-method status="PASS" signature="removeAccountBeforeTest(java.lang.String, java.lang.String)[pri:0, instance:uk.co.idealflatmate.tests.AbclearDataTests@69ea3742]" name="removeAccountBeforeTest" duration-ms="9031" started-at="2019-02-20T12:26:35Z" data-provider="Authentication" finished-at="2019-02-20T12:26:44Z">
          <params>
            <param index="0">
              <value>
                <![CDATA[qqqqqq]]>
              </value>
            </param>
            <param index="1">
              <value>
                <![CDATA[FMnew33riiq@gmail.com]]>
              </value>
            </param>
          </params>
          <reporter-output>
          </reporter-output>
        </test-method> <!-- removeAccountBeforeTest -->
        <test-method status="PASS" signature="setupMethod()[pri:0, instance:uk.co.idealflatmate.tests.AbclearDataTests@69ea3742]" name="setupMethod" is-config="true" duration-ms="14" started-at="2019-02-20T12:26:44Z" finished-at="2019-02-20T12:26:44Z">
          <reporter-output>
          </reporter-output>
        </test-method> <!-- setupMethod -->
        <test-method status="PASS" signature="removeAccountBeforeTest(java.lang.String, java.lang.String)[pri:0, instance:uk.co.idealflatmate.tests.AbclearDataTests@69ea3742]" name="removeAccountBeforeTest" duration-ms="8328" started-at="2019-02-20T12:26:44Z" data-provider="Authentication" finished-at="2019-02-20T12:26:53Z">
          <params>
            <param index="0">
              <value>
                <![CDATA[qqqqqq]]>
              </value>
            </param>
            <param index="1">
              <value>
                <![CDATA[LiveOut7t111r21@gmail.com]]>
              </value>
            </param>
          </params>
          <reporter-output>
          </reporter-output>
        </test-method> <!-- removeAccountBeforeTest -->
        <test-method status="PASS" signature="setupMethod()[pri:0, instance:uk.co.idealflatmate.tests.AbclearDataTests@69ea3742]" name="setupMethod" is-config="true" duration-ms="6" started-at="2019-02-20T12:26:53Z" finished-at="2019-02-20T12:26:53Z">
          <reporter-output>
          </reporter-output>
        </test-method> <!-- setupMethod -->
        <test-method status="PASS" signature="removeAccountBeforeTest(java.lang.String, java.lang.String)[pri:0, instance:uk.co.idealflatmate.tests.AbclearDataTests@69ea3742]" name="removeAccountBeforeTest" duration-ms="9015" started-at="2019-02-20T12:26:53Z" data-provider="Authentication" finished-at="2019-02-20T12:27:02Z">
          <params>
            <param index="0">
              <value>
                <![CDATA[qqqqqq]]>
              </value>
            </param>
            <param index="1">
              <value>
                <![CDATA[FMupsBuddy6@gmail.com]]>
              </value>
            </param>
          </params>
          <reporter-output>
          </reporter-output>
        </test-method> <!-- removeAccountBeforeTest -->
        <test-method status="PASS" signature="setupMethod()[pri:0, instance:uk.co.idealflatmate.tests.AbclearDataTests@69ea3742]" name="setupMethod" is-config="true" duration-ms="22" started-at="2019-02-20T12:27:02Z" finished-at="2019-02-20T12:27:02Z">
          <reporter-output>
          </reporter-output>
        </test-method> <!-- setupMethod -->
        <test-method status="PASS" signature="removeAccountBeforeTest(java.lang.String, java.lang.String)[pri:0, instance:uk.co.idealflatmate.tests.AbclearDataTests@69ea3742]" name="removeAccountBeforeTest" duration-ms="11407" started-at="2019-02-20T12:27:02Z" data-provider="Authentication" finished-at="2019-02-20T12:27:13Z">
          <params>
            <param index="0">
              <value>
                <![CDATA[qqqqqq]]>
              </value>
            </param>
            <param index="1">
              <value>
                <![CDATA[FMupsBuddy7@gmail.com]]>
              </value>
            </param>
          </params>
          <reporter-output>
          </reporter-output>
        </test-method> <!-- removeAccountBeforeTest -->
        <test-method status="PASS" signature="setupMethod()[pri:0, instance:uk.co.idealflatmate.tests.AbclearDataTests@69ea3742]" name="setupMethod" is-config="true" duration-ms="45" started-at="2019-02-20T12:27:13Z" finished-at="2019-02-20T12:27:13Z">
          <reporter-output>
          </reporter-output>
        </test-method> <!-- setupMethod -->
        <test-method status="PASS" signature="removelistingBeforeTest()[pri:0, instance:uk.co.idealflatmate.tests.AbclearDataTests@69ea3742]" name="removelistingBeforeTest" duration-ms="73458" started-at="2019-02-20T12:27:13Z" finished-at="2019-02-20T12:28:27Z">
          <reporter-output>
          </reporter-output>
        </test-method> <!-- removelistingBeforeTest -->
        <test-method status="PASS" signature="tearDown()[pri:0, instance:uk.co.idealflatmate.tests.AbclearDataTests@69ea3742]" name="tearDown" is-config="true" duration-ms="973" started-at="2019-02-20T13:28:15Z" finished-at="2019-02-20T13:28:16Z">
          <reporter-output>
          </reporter-output>
        </test-method> <!-- tearDown -->
      </class> <!-- uk.co.idealflatmate.tests.AbclearDataTests -->
      <class name="uk.co.idealflatmate.tests.FooterTest">
        <test-method status="PASS" signature="setupMethod()[pri:0, instance:uk.co.idealflatmate.tests.FooterTest@4bec1f0c]" name="setupMethod" is-config="true" duration-ms="11" started-at="2019-02-20T12:39:50Z" finished-at="2019-02-20T12:39:50Z">
          <reporter-output>
          </reporter-output>
        </test-method> <!-- setupMethod -->
        <test-method status="PASS" signature="footerAboutUsLink()[pri:0, instance:uk.co.idealflatmate.tests.FooterTest@4bec1f0c]" name="footerAboutUsLink" duration-ms="4655" started-at="2019-02-20T12:39:50Z" finished-at="2019-02-20T12:39:55Z">
          <reporter-output>
          </reporter-output>
        </test-method> <!-- footerAboutUsLink -->
        <test-method status="PASS" signature="setupMethod()[pri:0, instance:uk.co.idealflatmate.tests.FooterTest@4bec1f0c]" name="setupMethod" is-config="true" duration-ms="4" started-at="2019-02-20T12:39:55Z" finished-at="2019-02-20T12:39:55Z">
          <reporter-output>
          </reporter-output>
        </test-method> <!-- setupMethod -->
        <test-method status="PASS" signature="footerAskLandlord()[pri:0, instance:uk.co.idealflatmate.tests.FooterTest@4bec1f0c]" name="footerAskLandlord" duration-ms="7685" started-at="2019-02-20T12:39:55Z" finished-at="2019-02-20T12:40:03Z">
          <reporter-output>
          </reporter-output>
        </test-method> <!-- footerAskLandlord -->
        <test-method status="PASS" signature="setupMethod()[pri:0, instance:uk.co.idealflatmate.tests.FooterTest@4bec1f0c]" name="setupMethod" is-config="true" duration-ms="2" started-at="2019-02-20T12:40:03Z" finished-at="2019-02-20T12:40:03Z">
          <reporter-output>
          </reporter-output>
        </test-method> <!-- setupMethod -->
        <test-method status="PASS" signature="footerBlogLink()[pri:0, instance:uk.co.idealflatmate.tests.FooterTest@4bec1f0c]" name="footerBlogLink" duration-ms="5430" started-at="2019-02-20T12:40:03Z" finished-at="2019-02-20T12:40:08Z">
          <reporter-output>
          </reporter-output>
        </test-method> <!-- footerBlogLink -->
        <test-method status="PASS" signature="setupMethod()[pri:0, instance:uk.co.idealflatmate.tests.FooterTest@4bec1f0c]" name="setupMethod" is-config="true" duration-ms="7308" started-at="2019-02-20T12:40:08Z" finished-at="2019-02-20T12:40:16Z">
          <reporter-output>
          </reporter-output>
        </test-method> <!-- setupMethod -->
        <test-method status="PASS" signature="footerBrowseFlatsharesLink()[pri:0, instance:uk.co.idealflatmate.tests.FooterTest@4bec1f0c]" name="footerBrowseFlatsharesLink" duration-ms="10289" started-at="2019-02-20T12:40:16Z" finished-at="2019-02-20T12:40:26Z">
          <reporter-output>
          </reporter-output>
        </test-method> <!-- footerBrowseFlatsharesLink -->
        <test-method status="PASS" signature="setupMethod()[pri:0, instance:uk.co.idealflatmate.tests.FooterTest@4bec1f0c]" name="setupMethod" is-config="true" duration-ms="6824" started-at="2019-02-20T12:40:26Z" finished-at="2019-02-20T12:40:33Z">
          <reporter-output>
          </reporter-output>
        </test-method> <!-- setupMethod -->
        <test-method status="PASS" signature="footerBrowseHowItWorksLink()[pri:0, instance:uk.co.idealflatmate.tests.FooterTest@4bec1f0c]" name="footerBrowseHowItWorksLink" duration-ms="4326" started-at="2019-02-20T12:40:33Z" finished-at="2019-02-20T12:40:37Z">
          <reporter-output>
          </reporter-output>
        </test-method> <!-- footerBrowseHowItWorksLink -->
        <test-method status="PASS" signature="setupMethod()[pri:0, instance:uk.co.idealflatmate.tests.FooterTest@4bec1f0c]" name="setupMethod" is-config="true" duration-ms="6" started-at="2019-02-20T12:40:37Z" finished-at="2019-02-20T12:40:37Z">
          <reporter-output>
          </reporter-output>
        </test-method> <!-- setupMethod -->
        <test-method status="PASS" signature="footerBrowseTipsLink()[pri:0, instance:uk.co.idealflatmate.tests.FooterTest@4bec1f0c]" name="footerBrowseTipsLink" duration-ms="4038" started-at="2019-02-20T12:40:37Z" finished-at="2019-02-20T12:40:41Z">
          <reporter-output>
          </reporter-output>
        </test-method> <!-- footerBrowseTipsLink -->
        <test-method status="PASS" signature="setupMethod()[pri:0, instance:uk.co.idealflatmate.tests.FooterTest@4bec1f0c]" name="setupMethod" is-config="true" duration-ms="3" started-at="2019-02-20T12:40:41Z" finished-at="2019-02-20T12:40:41Z">
          <reporter-output>
          </reporter-output>
        </test-method> <!-- setupMethod -->
        <test-method status="PASS" signature="footerContactLink()[pri:0, instance:uk.co.idealflatmate.tests.FooterTest@4bec1f0c]" name="footerContactLink" duration-ms="4228" started-at="2019-02-20T12:40:41Z" finished-at="2019-02-20T12:40:45Z">
          <reporter-output>
          </reporter-output>
        </test-method> <!-- footerContactLink -->
        <test-method status="PASS" signature="setupMethod()[pri:0, instance:uk.co.idealflatmate.tests.FooterTest@4bec1f0c]" name="setupMethod" is-config="true" duration-ms="2" started-at="2019-02-20T12:40:45Z" finished-at="2019-02-20T12:40:45Z">
          <reporter-output>
          </reporter-output>
        </test-method> <!-- setupMethod -->
        <test-method status="PASS" signature="footerHomeLink()[pri:0, instance:uk.co.idealflatmate.tests.FooterTest@4bec1f0c]" name="footerHomeLink" duration-ms="4614" started-at="2019-02-20T12:40:45Z" finished-at="2019-02-20T12:40:50Z">
          <reporter-output>
          </reporter-output>
        </test-method> <!-- footerHomeLink -->
        <test-method status="PASS" signature="setupMethod()[pri:0, instance:uk.co.idealflatmate.tests.FooterTest@4bec1f0c]" name="setupMethod" is-config="true" duration-ms="3" started-at="2019-02-20T12:40:50Z" finished-at="2019-02-20T12:40:50Z">
          <reporter-output>
          </reporter-output>
        </test-method> <!-- setupMethod -->
        <test-method status="PASS" signature="footerInstagramLink()[pri:0, instance:uk.co.idealflatmate.tests.FooterTest@4bec1f0c]" name="footerInstagramLink" duration-ms="1984" started-at="2019-02-20T12:40:50Z" finished-at="2019-02-20T12:40:52Z">
          <reporter-output>
          </reporter-output>
        </test-method> <!-- footerInstagramLink -->
        <test-method status="PASS" signature="setupMethod()[pri:0, instance:uk.co.idealflatmate.tests.FooterTest@4bec1f0c]" name="setupMethod" is-config="true" duration-ms="8310" started-at="2019-02-20T12:40:52Z" finished-at="2019-02-20T12:41:00Z">
          <reporter-output>
          </reporter-output>
        </test-method> <!-- setupMethod -->
        <test-method status="PASS" signature="footerMediaLink()[pri:0, instance:uk.co.idealflatmate.tests.FooterTest@4bec1f0c]" name="footerMediaLink" duration-ms="4626" started-at="2019-02-20T12:41:00Z" finished-at="2019-02-20T12:41:05Z">
          <reporter-output>
          </reporter-output>
        </test-method> <!-- footerMediaLink -->
        <test-method status="PASS" signature="setupMethod()[pri:0, instance:uk.co.idealflatmate.tests.FooterTest@4bec1f0c]" name="setupMethod" is-config="true" duration-ms="6774" started-at="2019-02-20T12:41:05Z" finished-at="2019-02-20T12:41:12Z">
          <reporter-output>
          </reporter-output>
        </test-method> <!-- setupMethod -->
        <test-method status="PASS" signature="footerModern()[pri:0, instance:uk.co.idealflatmate.tests.FooterTest@4bec1f0c]" name="footerModern" duration-ms="4819" started-at="2019-02-20T12:41:12Z" finished-at="2019-02-20T12:41:16Z">
          <reporter-output>
          </reporter-output>
        </test-method> <!-- footerModern -->
        <test-method status="PASS" signature="setupMethod()[pri:0, instance:uk.co.idealflatmate.tests.FooterTest@4bec1f0c]" name="setupMethod" is-config="true" duration-ms="8830" started-at="2019-02-20T12:41:16Z" finished-at="2019-02-20T12:41:25Z">
          <reporter-output>
          </reporter-output>
        </test-method> <!-- setupMethod -->
        <test-method status="PASS" signature="footerNLALink()[pri:0, instance:uk.co.idealflatmate.tests.FooterTest@4bec1f0c]" name="footerNLALink" duration-ms="7208" started-at="2019-02-20T12:41:25Z" finished-at="2019-02-20T12:41:32Z">
          <reporter-output>
          </reporter-output>
        </test-method> <!-- footerNLALink -->
        <test-method status="PASS" signature="setupMethod()[pri:0, instance:uk.co.idealflatmate.tests.FooterTest@4bec1f0c]" name="setupMethod" is-config="true" duration-ms="6974" started-at="2019-02-20T12:41:32Z" finished-at="2019-02-20T12:41:39Z">
          <reporter-output>
          </reporter-output>
        </test-method> <!-- setupMethod -->
        <test-method status="PASS" signature="footerPressLink()[pri:0, instance:uk.co.idealflatmate.tests.FooterTest@4bec1f0c]" name="footerPressLink" duration-ms="4141" started-at="2019-02-20T12:41:39Z" finished-at="2019-02-20T12:41:44Z">
          <reporter-output>
          </reporter-output>
        </test-method> <!-- footerPressLink -->
        <test-method status="PASS" signature="setupMethod()[pri:0, instance:uk.co.idealflatmate.tests.FooterTest@4bec1f0c]" name="setupMethod" is-config="true" duration-ms="3" started-at="2019-02-20T12:41:44Z" finished-at="2019-02-20T12:41:44Z">
          <reporter-output>
          </reporter-output>
        </test-method> <!-- setupMethod -->
        <test-method status="PASS" signature="footerPricingLink()[pri:0, instance:uk.co.idealflatmate.tests.FooterTest@4bec1f0c]" name="footerPricingLink" duration-ms="4404" started-at="2019-02-20T12:41:44Z" finished-at="2019-02-20T12:41:48Z">
          <reporter-output>
          </reporter-output>
        </test-method> <!-- footerPricingLink -->
        <test-method status="PASS" signature="setupMethod()[pri:0, instance:uk.co.idealflatmate.tests.FooterTest@4bec1f0c]" name="setupMethod" is-config="true" duration-ms="3" started-at="2019-02-20T12:41:48Z" finished-at="2019-02-20T12:41:48Z">
          <reporter-output>
          </reporter-output>
        </test-method> <!-- setupMethod -->
        <test-method status="PASS" signature="footerStaySafeLink()[pri:0, instance:uk.co.idealflatmate.tests.FooterTest@4bec1f0c]" name="footerStaySafeLink" duration-ms="3894" started-at="2019-02-20T12:41:48Z" finished-at="2019-02-20T12:41:52Z">
          <reporter-output>
          </reporter-output>
        </test-method> <!-- footerStaySafeLink -->
        <test-method status="PASS" signature="setupMethod()[pri:0, instance:uk.co.idealflatmate.tests.FooterTest@4bec1f0c]" name="setupMethod" is-config="true" duration-ms="6828" started-at="2019-02-20T12:41:52Z" finished-at="2019-02-20T12:41:59Z">
          <reporter-output>
          </reporter-output>
        </test-method> <!-- setupMethod -->
        <test-method status="PASS" signature="footerTwitterLink()[pri:0, instance:uk.co.idealflatmate.tests.FooterTest@4bec1f0c]" name="footerTwitterLink" duration-ms="2420" started-at="2019-02-20T12:41:59Z" finished-at="2019-02-20T12:42:01Z">
          <reporter-output>
          </reporter-output>
        </test-method> <!-- footerTwitterLink -->
        <test-method status="PASS" signature="setupMethod()[pri:0, instance:uk.co.idealflatmate.tests.FooterTest@4bec1f0c]" name="setupMethod" is-config="true" duration-ms="6997" started-at="2019-02-20T12:42:01Z" finished-at="2019-02-20T12:42:08Z">
          <reporter-output>
          </reporter-output>
        </test-method> <!-- setupMethod -->
        <test-method status="PASS" signature="footerYoutubeLink()[pri:0, instance:uk.co.idealflatmate.tests.FooterTest@4bec1f0c]" name="footerYoutubeLink" duration-ms="3470" started-at="2019-02-20T12:42:08Z" finished-at="2019-02-20T12:42:12Z">
          <reporter-output>
          </reporter-output>
        </test-method> <!-- footerYoutubeLink -->
      </class> <!-- uk.co.idealflatmate.tests.FooterTest -->
      <class name="uk.co.idealflatmate.tests.AreaPageTest">
        <test-method status="PASS" signature="setupMethod()[pri:0, instance:uk.co.idealflatmate.tests.AreaPageTest@3159c4b8]" name="setupMethod" is-config="true" duration-ms="4" started-at="2019-02-20T12:33:50Z" finished-at="2019-02-20T12:33:50Z">
          <reporter-output>
          </reporter-output>
        </test-method> <!-- setupMethod -->
        <test-method status="PASS" signature="exploreMoreArea()[pri:0, instance:uk.co.idealflatmate.tests.AreaPageTest@3159c4b8]" name="exploreMoreArea" duration-ms="15589" started-at="2019-02-20T12:33:50Z" finished-at="2019-02-20T12:34:06Z">
          <reporter-output>
          </reporter-output>
        </test-method> <!-- exploreMoreArea -->
        <test-method status="PASS" signature="setupMethod()[pri:0, instance:uk.co.idealflatmate.tests.AreaPageTest@3159c4b8]" name="setupMethod" is-config="true" duration-ms="6609" started-at="2019-02-20T12:34:06Z" finished-at="2019-02-20T12:34:13Z">
          <reporter-output>
          </reporter-output>
        </test-method> <!-- setupMethod -->
        <test-method status="PASS" signature="firstFeaturedHomePageHeader()[pri:0, instance:uk.co.idealflatmate.tests.AreaPageTest@3159c4b8]" name="firstFeaturedHomePageHeader" duration-ms="14769" started-at="2019-02-20T12:34:13Z" finished-at="2019-02-20T12:34:27Z">
          <reporter-output>
          </reporter-output>
        </test-method> <!-- firstFeaturedHomePageHeader -->
        <test-method status="PASS" signature="setupMethod()[pri:0, instance:uk.co.idealflatmate.tests.AreaPageTest@3159c4b8]" name="setupMethod" is-config="true" duration-ms="6653" started-at="2019-02-20T12:34:27Z" finished-at="2019-02-20T12:34:34Z">
          <reporter-output>
          </reporter-output>
        </test-method> <!-- setupMethod -->
        <test-method status="PASS" signature="firstFeaturedLinkArea()[pri:0, instance:uk.co.idealflatmate.tests.AreaPageTest@3159c4b8]" name="firstFeaturedLinkArea" duration-ms="17880" started-at="2019-02-20T12:34:34Z" finished-at="2019-02-20T12:34:52Z">
          <reporter-output>
          </reporter-output>
        </test-method> <!-- firstFeaturedLinkArea -->
        <test-method status="PASS" signature="setupMethod()[pri:0, instance:uk.co.idealflatmate.tests.AreaPageTest@3159c4b8]" name="setupMethod" is-config="true" duration-ms="6816" started-at="2019-02-20T12:34:52Z" finished-at="2019-02-20T12:34:59Z">
          <reporter-output>
          </reporter-output>
        </test-method> <!-- setupMethod -->
        <test-method status="PASS" signature="firstFeaturedLinkMap()[pri:0, instance:uk.co.idealflatmate.tests.AreaPageTest@3159c4b8]" name="firstFeaturedLinkMap" duration-ms="7307" started-at="2019-02-20T12:34:59Z" finished-at="2019-02-20T12:35:06Z">
          <reporter-output>
          </reporter-output>
        </test-method> <!-- firstFeaturedLinkMap -->
        <test-method status="PASS" signature="setupMethod()[pri:0, instance:uk.co.idealflatmate.tests.AreaPageTest@3159c4b8]" name="setupMethod" is-config="true" duration-ms="6683" started-at="2019-02-20T12:35:06Z" finished-at="2019-02-20T12:35:13Z">
          <reporter-output>
          </reporter-output>
        </test-method> <!-- setupMethod -->
        <test-method status="PASS" signature="linkFH()[pri:0, instance:uk.co.idealflatmate.tests.AreaPageTest@3159c4b8]" name="linkFH" duration-ms="9898" started-at="2019-02-20T12:35:13Z" finished-at="2019-02-20T12:35:23Z">
          <reporter-output>
          </reporter-output>
        </test-method> <!-- linkFH -->
        <test-method status="PASS" signature="setupMethod()[pri:0, instance:uk.co.idealflatmate.tests.AreaPageTest@3159c4b8]" name="setupMethod" is-config="true" duration-ms="6651" started-at="2019-02-20T12:35:23Z" finished-at="2019-02-20T12:35:29Z">
          <reporter-output>
          </reporter-output>
        </test-method> <!-- setupMethod -->
        <test-method status="PASS" signature="seeMoreRooms()[pri:0, instance:uk.co.idealflatmate.tests.AreaPageTest@3159c4b8]" name="seeMoreRooms" duration-ms="26487" started-at="2019-02-20T12:35:29Z" finished-at="2019-02-20T12:35:56Z">
          <reporter-output>
          </reporter-output>
        </test-method> <!-- seeMoreRooms -->
      </class> <!-- uk.co.idealflatmate.tests.AreaPageTest -->
      <class name="uk.co.idealflatmate.tests.ZEmailTests">
        <test-method status="PASS" signature="setupMethod()[pri:0, instance:uk.co.idealflatmate.tests.ZEmailTests@148080bb]" name="setupMethod" is-config="true" duration-ms="6752" started-at="2019-02-20T13:27:39Z" finished-at="2019-02-20T13:27:45Z">
          <reporter-output>
          </reporter-output>
        </test-method> <!-- setupMethod -->
        <test-method status="FAIL" signature="zSuccesEmailReceivingWelcomeListingMessageSubscriptionCancSub()[pri:0, instance:uk.co.idealflatmate.tests.ZEmailTests@148080bb]" name="zSuccesEmailReceivingWelcomeListingMessageSubscriptionCancSub" duration-ms="29597" started-at="2019-02-20T13:27:45Z" finished-at="2019-02-20T13:28:15Z">
          <exception class="com.codeborne.selenide.ex.ElementNotFound">
            <message>
              <![CDATA[Element not found {By.xpath: //span[contains(text(), 'AM') or contains(text(), 'PM')]//ancestor::tr//div//span[contains(text(), 'Premium Flathunter Subscription created')]//ancestor::tr//td/div[@role='checkbox']}
Expected: visible]]>
            </message>
            <full-stacktrace>
              <![CDATA[Element not found {By.xpath: //span[contains(text(), 'AM') or contains(text(), 'PM')]//ancestor::tr//div//span[contains(text(), 'Premium Flathunter Subscription created')]//ancestor::tr//td/div[@role='checkbox']}
Expected: visible
Screenshot: file:/C:/Users/lukhovytskyi/Documents/GitHub/idealflatmatetest/build/reports/tests/1550669294524.29.png
Page source: file:/C:/Users/lukhovytskyi/Documents/GitHub/idealflatmatetest/build/reports/tests/1550669294524.29.html
Timeout: 6 s.
Caused by: NoSuchElementException: no such element: Unable to locate element: {"method":"xpath","selector":"//span[contains(text(), 'AM') or contains(text(), 'PM')]//ancestor::tr//div//span[contains(text(), 'Premium Flathunter Subscription created')]//ancestor::tr//td/div[@role='checkbox']"}
at com.codeborne.selenide.impl.WebElementSource.createElementNotFoundError(WebElementSource.java:31)
at com.codeborne.selenide.impl.ElementFinder.createElementNotFoundError(ElementFinder.java:82)
at com.codeborne.selenide.impl.WebElementSource.checkCondition(WebElementSource.java:59)
at com.codeborne.selenide.commands.Should.should(Should.java:35)
at com.codeborne.selenide.commands.Should.execute(Should.java:29)
at com.codeborne.selenide.commands.Should.execute(Should.java:12)
at com.codeborne.selenide.commands.Commands.execute(Commands.java:144)
at com.codeborne.selenide.impl.SelenideElementProxy.dispatchAndRetry(SelenideElementProxy.java:87)
at com.codeborne.selenide.impl.SelenideElementProxy.invoke(SelenideElementProxy.java:63)
at com.sun.proxy.$Proxy8.waitUntil(Unknown Source)
at uk.co.idealflatmate.appmanager.EmailHelper.tipCheckboxPremiumFHSubscription(EmailHelper.java:78)
at uk.co.idealflatmate.tests.ZEmailTests.zSuccesEmailReceivingWelcomeListingMessageSubscriptionCancSub(ZEmailTests.java:22)
at sun.reflect.NativeMethodAccessorImpl.invoke0(Native Method)
at sun.reflect.NativeMethodAccessorImpl.invoke(NativeMethodAccessorImpl.java:62)
at sun.reflect.DelegatingMethodAccessorImpl.invoke(DelegatingMethodAccessorImpl.java:43)
at java.lang.reflect.Method.invoke(Method.java:498)
at org.testng.internal.MethodInvocationHelper.invokeMethod(MethodInvocationHelper.java:124)
at org.testng.internal.Invoker.invokeMethod(Invoker.java:583)
at org.testng.internal.Invoker.invokeTestMethod(Invoker.java:719)
at org.testng.internal.Invoker.invokeTestMethods(Invoker.java:989)
at org.testng.internal.TestMethodWorker.invokeTestMethods(TestMethodWorker.java:125)
at org.testng.internal.TestMethodWorker.run(TestMethodWorker.java:109)
at org.testng.TestRunner.privateRun(TestRunner.java:648)
at org.testng.TestRunner.run(TestRunner.java:505)
at org.testng.SuiteRunner.runTest(SuiteRunner.java:455)
at org.testng.SuiteRunner.runSequentially(SuiteRunner.java:450)
at org.testng.SuiteRunner.privateRun(SuiteRunner.java:415)
at org.testng.SuiteRunner.run(SuiteRunner.java:364)
at org.testng.SuiteRunnerWorker.runSuite(SuiteRunnerWorker.java:52)
at org.testng.SuiteRunnerWorker.run(SuiteRunnerWorker.java:84)
at org.testng.TestNG.runSuitesSequentially(TestNG.java:1208)
at org.testng.TestNG.runSuitesLocally(TestNG.java:1137)
at org.testng.TestNG.runSuites(TestNG.java:1049)
at org.testng.TestNG.run(TestNG.java:1017)
at org.apache.maven.surefire.testng.TestNGExecutor.run(TestNGExecutor.java:122)
at org.apache.maven.surefire.testng.TestNGXmlTestSuite.execute(TestNGXmlTestSuite.java:88)
at org.apache.maven.surefire.testng.TestNGProvider.invoke(TestNGProvider.java:104)
at sun.reflect.NativeMethodAccessorImpl.invoke0(Native Method)
at sun.reflect.NativeMethodAccessorImpl.invoke(NativeMethodAccessorImpl.java:62)
at sun.reflect.DelegatingMethodAccessorImpl.invoke(DelegatingMethodAccessorImpl.java:43)
at java.lang.reflect.Method.invoke(Method.java:498)
at org.apache.maven.surefire.booter.ProviderFactory$ClassLoaderProxy.invoke(ProviderFactory.java:103)
at com.sun.proxy.$Proxy0.invoke(Unknown Source)
at org.apache.maven.surefire.booter.SurefireStarter.invokeProvider(SurefireStarter.java:150)
at org.apache.maven.surefire.booter.SurefireStarter.runSuitesInProcess(SurefireStarter.java:91)
at org.apache.maven.surefire.booter.ForkedBooter.main(ForkedBooter.java:69)
Caused by: org.openqa.selenium.NoSuchElementException: no such element: Unable to locate element: {"method":"xpath","selector":"//span[contains(text(), 'AM') or contains(text(), 'PM')]//ancestor::tr//div//span[contains(text(), 'Premium Flathunter Subscription created')]//ancestor::tr//td/div[@role='checkbox']"}
  (Session info: chrome=72.0.3626.109)
  (Driver info: chromedriver=2.46.628402 (536cd7adbad73a3783fdc2cab92ab2ba7ec361e1),platform=Windows NT 10.0.16299 x86_64) (WARNING: The server did not provide any stacktrace information)
Command duration or timeout: 0 milliseconds
For documentation on this error, please visit: https://www.seleniumhq.org/exceptions/no_such_element.html
Build info: version: '3.141.59', revision: 'e82be7d358', time: '2018-11-14T08:17:03'
System info: host: 'PRIVATE-1074', ip: '10.8.1.74', os.name: 'Windows 10', os.arch: 'amd64', os.version: '10.0', java.version: '1.8.0_152'
Driver info: org.openqa.selenium.chrome.ChromeDriver
Capabilities {acceptInsecureCerts: false, acceptSslCerts: false, applicationCacheEnabled: false, browserConnectionEnabled: false, browserName: chrome, chrome: {chromedriverVersion: 2.46.628402 (536cd7adbad73a..., userDataDir: C:\Users\LUKHOV~1\AppData\L...}, cssSelectorsEnabled: true, databaseEnabled: false, goog:chromeOptions: {debuggerAddress: localhost:57437}, handlesAlerts: true, hasTouchScreen: false, javascriptEnabled: true, locationContextEnabled: true, mobileEmulationEnabled: false, nativeEvents: true, networkConnectionEnabled: false, pageLoadStrategy: normal, platform: XP, platformName: XP, proxy: Proxy(), rotatable: false, setWindowRect: true, strictFileInteractability: false, takesHeapSnapshot: true, takesScreenshot: true, timeouts: {implicit: 0, pageLoad: 300000, script: 30000}, unexpectedAlertBehaviour: ignore, unhandledPromptBehavior: ignore, version: 72.0.3626.109, webStorageEnabled: true}
Session ID: f1f03f7a482344cc4190db24266d5eec
*** Element info: {Using=xpath, value=//span[contains(text(), 'AM') or contains(text(), 'PM')]//ancestor::tr//div//span[contains(text(), 'Premium Flathunter Subscription created')]//ancestor::tr//td/div[@role='checkbox']}
at sun.reflect.GeneratedConstructorAccessor13.newInstance(Unknown Source)
at sun.reflect.DelegatingConstructorAccessorImpl.newInstance(DelegatingConstructorAccessorImpl.java:45)
at java.lang.reflect.Constructor.newInstance(Constructor.java:423)
at org.openqa.selenium.remote.ErrorHandler.createThrowable(ErrorHandler.java:214)
at org.openqa.selenium.remote.ErrorHandler.throwIfResponseFailed(ErrorHandler.java:166)
at org.openqa.selenium.remote.http.JsonHttpResponseCodec.reconstructValue(JsonHttpResponseCodec.java:40)
at org.openqa.selenium.remote.http.AbstractHttpResponseCodec.decode(AbstractHttpResponseCodec.java:80)
at org.openqa.selenium.remote.http.AbstractHttpResponseCodec.decode(AbstractHttpResponseCodec.java:44)
at org.openqa.selenium.remote.HttpCommandExecutor.execute(HttpCommandExecutor.java:158)
at org.openqa.selenium.remote.service.DriverCommandExecutor.execute(DriverCommandExecutor.java:83)
at org.openqa.selenium.remote.RemoteWebDriver.execute(RemoteWebDriver.java:552)
at org.openqa.selenium.remote.RemoteWebDriver.findElement(RemoteWebDriver.java:323)
at org.openqa.selenium.remote.RemoteWebDriver.findElementByXPath(RemoteWebDriver.java:428)
at org.openqa.selenium.By$ByXPath.findElement(By.java:353)
at org.openqa.selenium.remote.RemoteWebDriver.findElement(RemoteWebDriver.java:315)
at com.codeborne.selenide.impl.WebElementSelector.findElement(WebElementSelector.java:29)
at com.codeborne.selenide.impl.ElementFinder.getWebElement(ElementFinder.java:56)
at com.codeborne.selenide.impl.WebElementSource.checkCondition(WebElementSource.java:44)
... 43 more
]]>
            </full-stacktrace>
          </exception> <!-- com.codeborne.selenide.ex.ElementNotFound -->
          <reporter-output>
          </reporter-output>
        </test-method> <!-- zSuccesEmailReceivingWelcomeListingMessageSubscriptionCancSub -->
      </class> <!-- uk.co.idealflatmate.tests.ZEmailTests -->
      <class name="uk.co.idealflatmate.tests.PaymentTests">
        <test-method status="PASS" signature="setupMethod()[pri:0, instance:uk.co.idealflatmate.tests.PaymentTests@2d928643]" name="setupMethod" is-config="true" duration-ms="12" started-at="2019-02-20T12:48:36Z" finished-at="2019-02-20T12:48:36Z">
          <reporter-output>
          </reporter-output>
        </test-method> <!-- setupMethod -->
        <test-method status="PASS" signature="AbilityToSeePhone()[pri:0, instance:uk.co.idealflatmate.tests.PaymentTests@2d928643]" name="AbilityToSeePhone" duration-ms="15934" started-at="2019-02-20T12:48:36Z" finished-at="2019-02-20T12:48:52Z">
          <reporter-output>
          </reporter-output>
        </test-method> <!-- AbilityToSeePhone -->
        <test-method status="PASS" signature="setupMethod()[pri:0, instance:uk.co.idealflatmate.tests.PaymentTests@2d928643]" name="setupMethod" is-config="true" duration-ms="7" started-at="2019-02-20T12:48:52Z" finished-at="2019-02-20T12:48:52Z">
          <reporter-output>
          </reporter-output>
        </test-method> <!-- setupMethod -->
        <test-method status="PASS" signature="GoPremiumFHPaymentOnMessage()[pri:0, instance:uk.co.idealflatmate.tests.PaymentTests@2d928643]" name="GoPremiumFHPaymentOnMessage" duration-ms="17436" started-at="2019-02-20T12:48:52Z" finished-at="2019-02-20T12:49:09Z">
          <reporter-output>
          </reporter-output>
        </test-method> <!-- GoPremiumFHPaymentOnMessage -->
        <test-method status="PASS" signature="setupMethod()[pri:0, instance:uk.co.idealflatmate.tests.PaymentTests@2d928643]" name="setupMethod" is-config="true" duration-ms="5" started-at="2019-02-20T12:49:09Z" finished-at="2019-02-20T12:49:10Z">
          <reporter-output>
          </reporter-output>
        </test-method> <!-- setupMethod -->
        <test-method status="PASS" signature="GoPremiumFHPaymentOnPhone()[pri:0, instance:uk.co.idealflatmate.tests.PaymentTests@2d928643]" name="GoPremiumFHPaymentOnPhone" duration-ms="17580" started-at="2019-02-20T12:49:10Z" finished-at="2019-02-20T12:49:27Z">
          <reporter-output>
          </reporter-output>
        </test-method> <!-- GoPremiumFHPaymentOnPhone -->
        <test-method status="PASS" signature="setupMethod()[pri:0, instance:uk.co.idealflatmate.tests.PaymentTests@2d928643]" name="setupMethod" is-config="true" duration-ms="12" started-at="2019-02-20T12:49:27Z" finished-at="2019-02-20T12:49:27Z">
          <reporter-output>
          </reporter-output>
        </test-method> <!-- setupMethod -->
        <test-method status="FAIL" signature="agentProfWorldPay()[pri:0, instance:uk.co.idealflatmate.tests.PaymentTests@2d928643]" name="agentProfWorldPay" duration-ms="35589" started-at="2019-02-20T12:49:27Z" finished-at="2019-02-20T12:50:03Z">
          <exception class="com.codeborne.selenide.ex.ElementNotFound">
            <message>
              <![CDATA[Element not found {By.xpath: //form[@id='ProfessionalPaymentForm']//select[@id='paymentform-type_id']}
Expected: exist]]>
            </message>
            <full-stacktrace>
              <![CDATA[Element not found {By.xpath: //form[@id='ProfessionalPaymentForm']//select[@id='paymentform-type_id']}
Expected: exist
Screenshot: file:/C:/Users/lukhovytskyi/Documents/GitHub/idealflatmatetest/build/reports/tests/1550667002615.7.png
Page source: file:/C:/Users/lukhovytskyi/Documents/GitHub/idealflatmatetest/build/reports/tests/1550667002615.7.html
Timeout: 10 s.
Caused by: NoSuchElementException: Cannot locate option containing text: 1 month - ВЈ34.99
at com.codeborne.selenide.impl.WebElementSource.createElementNotFoundError(WebElementSource.java:31)
at com.codeborne.selenide.impl.ElementFinder.createElementNotFoundError(ElementFinder.java:82)
at com.codeborne.selenide.impl.SelenideElementProxy.dispatchAndRetry(SelenideElementProxy.java:116)
at com.codeborne.selenide.impl.SelenideElementProxy.invoke(SelenideElementProxy.java:63)
at com.sun.proxy.$Proxy8.selectOptionContainingText(Unknown Source)
at uk.co.idealflatmate.appmanager.PaymentsHelper.verificationPrice(PaymentsHelper.java:116)
at uk.co.idealflatmate.tests.PaymentTests.agentProfWorldPay(PaymentTests.java:272)
at sun.reflect.NativeMethodAccessorImpl.invoke0(Native Method)
at sun.reflect.NativeMethodAccessorImpl.invoke(NativeMethodAccessorImpl.java:62)
at sun.reflect.DelegatingMethodAccessorImpl.invoke(DelegatingMethodAccessorImpl.java:43)
at java.lang.reflect.Method.invoke(Method.java:498)
at org.testng.internal.MethodInvocationHelper.invokeMethod(MethodInvocationHelper.java:124)
at org.testng.internal.Invoker.invokeMethod(Invoker.java:583)
at org.testng.internal.Invoker.invokeTestMethod(Invoker.java:719)
at org.testng.internal.Invoker.invokeTestMethods(Invoker.java:989)
at org.testng.internal.TestMethodWorker.invokeTestMethods(TestMethodWorker.java:125)
[...]
        </test-method> <!-- testSignUpBlankFieldsPropAddRentBlock -->
        <test-method status="PASS" signature="setupMethod()[pri:0, instance:uk.co.idealflatmate.tests.SignUpTest@64bf3bbf]" name="setupMethod" is-config="true" duration-ms="4" started-at="2019-02-20T13:21:31Z" finished-at="2019-02-20T13:21:31Z">
          <reporter-output>
          </reporter-output>
        </test-method> <!-- setupMethod -->
        <test-method status="PASS" signature="testSignUpBlankFieldsPropAddWorkBlock()[pri:0, instance:uk.co.idealflatmate.tests.SignUpTest@64bf3bbf]" name="testSignUpBlankFieldsPropAddWorkBlock" duration-ms="8387" started-at="2019-02-20T13:21:31Z" finished-at="2019-02-20T13:21:39Z">
          <reporter-output>
          </reporter-output>
        </test-method> <!-- testSignUpBlankFieldsPropAddWorkBlock -->
        <test-method status="PASS" signature="setupMethod()[pri:0, instance:uk.co.idealflatmate.tests.SignUpTest@64bf3bbf]" name="setupMethod" is-config="true" duration-ms="7443" started-at="2019-02-20T13:21:39Z" finished-at="2019-02-20T13:21:46Z">
          <reporter-output>
          </reporter-output>
        </test-method> <!-- setupMethod -->
        <test-method status="PASS" signature="testSignUpViaFBlistingAgent()[pri:0, instance:uk.co.idealflatmate.tests.SignUpTest@64bf3bbf]" name="testSignUpViaFBlistingAgent" duration-ms="48276" started-at="2019-02-20T13:21:46Z" finished-at="2019-02-20T13:22:35Z">
          <reporter-output>
          </reporter-output>
        </test-method> <!-- testSignUpViaFBlistingAgent -->
      </class> <!-- uk.co.idealflatmate.tests.SignUpTest -->
      <class name="uk.co.idealflatmate.tests.AddListingTests">
        <test-method status="PASS" signature="setupMethod()[pri:0, instance:uk.co.idealflatmate.tests.AddListingTests@4b952a2d]" name="setupMethod" is-config="true" duration-ms="4" started-at="2019-02-20T12:28:27Z" finished-at="2019-02-20T12:28:27Z">
          <reporter-output>
          </reporter-output>
        </test-method> <!-- setupMethod -->
        <test-method status="PASS" signature="loginPendingListing()[pri:0, instance:uk.co.idealflatmate.tests.AddListingTests@4b952a2d]" name="loginPendingListing" duration-ms="46726" started-at="2019-02-20T12:28:27Z" finished-at="2019-02-20T12:29:13Z">
          <reporter-output>
          </reporter-output>
        </test-method> <!-- loginPendingListing -->
        <test-method status="PASS" signature="setupMethod()[pri:0, instance:uk.co.idealflatmate.tests.AddListingTests@4b952a2d]" name="setupMethod" is-config="true" duration-ms="4" started-at="2019-02-20T12:29:13Z" finished-at="2019-02-20T12:29:13Z">
          <reporter-output>
          </reporter-output>
        </test-method> <!-- setupMethod -->
        <test-method status="PASS" signature="loginStartListing()[pri:0, instance:uk.co.idealflatmate.tests.AddListingTests@4b952a2d]" name="loginStartListing" duration-ms="40374" started-at="2019-02-20T12:29:13Z" finished-at="2019-02-20T12:29:54Z">
          <reporter-output>
          </reporter-output>
        </test-method> <!-- loginStartListing -->
        <test-method status="PASS" signature="setupMethod()[pri:0, instance:uk.co.idealflatmate.tests.AddListingTests@4b952a2d]" name="setupMethod" is-config="true" duration-ms="5" started-at="2019-02-20T12:29:54Z" finished-at="2019-02-20T12:29:54Z">
          <reporter-output>
          </reporter-output>
        </test-method> <!-- setupMethod -->
        <test-method status="FAIL" signature="propertyAddWithAllFields()[pri:0, instance:uk.co.idealflatmate.tests.AddListingTests@4b952a2d]" name="propertyAddWithAllFields" duration-ms="36175" started-at="2019-02-20T12:29:54Z" finished-at="2019-02-20T12:30:30Z">
          <exception class="com.codeborne.selenide.ex.ElementNotFound">
            <message>
              <![CDATA[Element not found {By.xpath: //input[@id='property-route']}
Expected: visible]]>
            </message>
            <full-stacktrace>
              <![CDATA[Element not found {By.xpath: //input[@id='property-route']}
Expected: visible
Screenshot: file:/C:/Users/lukhovytskyi/Documents/GitHub/idealflatmatetest/build/reports/tests/1550665829929.1.png
Page source: file:/C:/Users/lukhovytskyi/Documents/GitHub/idealflatmatetest/build/reports/tests/1550665829929.1.html
Timeout: 10 s.
Caused by: NoSuchElementException: no such element: Unable to locate element: {"method":"xpath","selector":"//input[@id='property-route']"}
at com.codeborne.selenide.impl.WebElementSource.createElementNotFoundError(WebElementSource.java:31)
at com.codeborne.selenide.impl.ElementFinder.createElementNotFoundError(ElementFinder.java:82)
at com.codeborne.selenide.impl.WebElementSource.checkCondition(WebElementSource.java:59)
at com.codeborne.selenide.impl.WebElementSource.findAndAssertElementIsVisible(WebElementSource.java:72)
at com.codeborne.selenide.commands.Click.execute(Click.java:16)
at com.codeborne.selenide.commands.Click.execute(Click.java:12)
at com.codeborne.selenide.commands.Commands.execute(Commands.java:144)
at com.codeborne.selenide.impl.SelenideElementProxy.dispatchAndRetry(SelenideElementProxy.java:87)
at com.codeborne.selenide.impl.SelenideElementProxy.invoke(SelenideElementProxy.java:63)
at com.sun.proxy.$Proxy8.click(Unknown Source)
at uk.co.idealflatmate.appmanager.MessageHelper.click(MessageHelper.java:43)
at uk.co.idealflatmate.appmanager.AddPropertyHelper.chooseRoadFor(AddPropertyHelper.java:61)
at uk.co.idealflatmate.tests.AddListingTests.allFields(AddListingTests.java:236)
at uk.co.idealflatmate.tests.AddListingTests.propertyAddWithAllFields(AddListingTests.java:130)
at sun.reflect.NativeMethodAccessorImpl.invoke0(Native Method)
at sun.reflect.NativeMethodAccessorImpl.invoke(NativeMethodAccessorImpl.java:62)
at sun.reflect.DelegatingMethodAccessorImpl.invoke(DelegatingMethodAccessorImpl.java:43)
at java.lang.reflect.Method.invoke(Method.java:498)
at org.testng.internal.MethodInvocationHelper.invokeMethod(MethodInvocationHelper.java:124)
at org.testng.internal.Invoker.invokeMethod(Invoker.java:583)
at org.testng.internal.Invoker.invokeTestMethod(Invoker.java:719)
at org.testng.internal.Invoker.invokeTestMethods(Invoker.java:989)
at org.testng.internal.TestMethodWorker.invokeTestMethods(TestMethodWorker.java:125)
at org.testng.internal.TestMethodWorker.run(TestMethodWorker.java:109)
at org.testng.TestRunner.privateRun(TestRunner.java:648)
at org.testng.TestRunner.run(TestRunner.java:505)
at org.testng.SuiteRunner.runTest(SuiteRunner.java:455)
at org.testng.SuiteRunner.runSequentially(SuiteRunner.java:450)
at org.testng.SuiteRunner.privateRun(SuiteRunner.java:415)
at org.testng.SuiteRunner.run(SuiteRunner.java:364)
at org.testng.SuiteRunnerWorker.runSuite(SuiteRunnerWorker.java:52)
at org.testng.SuiteRunnerWorker.run(SuiteRunnerWorker.java:84)
at org.testng.TestNG.runSuitesSequentially(TestNG.java:1208)
at org.testng.TestNG.runSuitesLocally(TestNG.java:1137)
at org.testng.TestNG.runSuites(TestNG.java:1049)
at org.testng.TestNG.run(TestNG.java:1017)
at org.apache.maven.surefire.testng.TestNGExecutor.run(TestNGExecutor.java:122)
at org.apache.maven.surefire.testng.TestNGXmlTestSuite.execute(TestNGXmlTestSuite.java:88)
at org.apache.maven.surefire.testng.TestNGProvider.invoke(TestNGProvider.java:104)
at sun.reflect.NativeMethodAccessorImpl.invoke0(Native Method)
at sun.reflect.NativeMethodAccessorImpl.invoke(NativeMethodAccessorImpl.java:62)
at sun.reflect.DelegatingMethodAccessorImpl.invoke(DelegatingMethodAccessorImpl.java:43)
at java.lang.reflect.Method.invoke(Method.java:498)
at org.apache.maven.surefire.booter.ProviderFactory$ClassLoaderProxy.invoke(ProviderFactory.java:103)
at com.sun.proxy.$Proxy0.invoke(Unknown Source)
at org.apache.maven.surefire.booter.SurefireStarter.invokeProvider(SurefireStarter.java:150)
at org.apache.maven.surefire.booter.SurefireStarter.runSuitesInProcess(SurefireStarter.java:91)
at org.apache.maven.surefire.booter.ForkedBooter.main(ForkedBooter.java:69)
Caused by: org.openqa.selenium.NoSuchElementException: no such element: Unable to locate element: {"method":"xpath","selector":"//input[@id='property-route']"}
  (Session info: chrome=72.0.3626.109)
  (Driver info: chromedriver=2.46.628402 (536cd7adbad73a3783fdc2cab92ab2ba7ec361e1),platform=Windows NT 10.0.16299 x86_64) (WARNING: The server did not provide any stacktrace information)
Command duration or timeout: 0 milliseconds
For documentation on this error, please visit: https://www.seleniumhq.org/exceptions/no_such_element.html
Build info: version: '3.141.59', revision: 'e82be7d358', time: '2018-11-14T08:17:03'
System info: host: 'PRIVATE-1074', ip: '10.8.1.74', os.name: 'Windows 10', os.arch: 'amd64', os.version: '10.0', java.version: '1.8.0_152'
Driver info: org.openqa.selenium.chrome.ChromeDriver
Capabilities {acceptInsecureCerts: false, acceptSslCerts: false, applicationCacheEnabled: false, browserConnectionEnabled: false, browserName: chrome, chrome: {chromedriverVersion: 2.46.628402 (536cd7adbad73a..., userDataDir: C:\Users\LUKHOV~1\AppData\L...}, cssSelectorsEnabled: true, databaseEnabled: false, goog:chromeOptions: {debuggerAddress: localhost:59882}, handlesAlerts: true, hasTouchScreen: false, javascriptEnabled: true, locationContextEnabled: true, mobileEmulationEnabled: false, nativeEvents: true, networkConnectionEnabled: false, pageLoadStrategy: normal, platform: XP, platformName: XP, proxy: Proxy(), rotatable: false, setWindowRect: true, strictFileInteractability: false, takesHeapSnapshot: true, takesScreenshot: true, timeouts: {implicit: 0, pageLoad: 300000, script: 30000}, unexpectedAlertBehaviour: ignore, unhandledPromptBehavior: ignore, version: 72.0.3626.109, webStorageEnabled: true}
Session ID: d49a587dbc1bebb30ca1ba9e5b418960
*** Element info: {Using=xpath, value=//input[@id='property-route']}
at sun.reflect.GeneratedConstructorAccessor13.newInstance(Unknown Source)
at sun.reflect.DelegatingConstructorAccessorImpl.newInstance(DelegatingConstructorAccessorImpl.java:45)
at java.lang.reflect.Constructor.newInstance(Constructor.java:423)
at org.openqa.selenium.remote.ErrorHandler.createThrowable(ErrorHandler.java:214)
at org.openqa.selenium.remote.ErrorHandler.throwIfResponseFailed(ErrorHandler.java:166)
at org.openqa.selenium.remote.http.JsonHttpResponseCodec.reconstructValue(JsonHttpResponseCodec.java:40)
at org.openqa.selenium.remote.http.AbstractHttpResponseCodec.decode(AbstractHttpResponseCodec.java:80)
at org.openqa.selenium.remote.http.AbstractHttpResponseCodec.decode(AbstractHttpResponseCodec.java:44)
at org.openqa.selenium.remote.HttpCommandExecutor.execute(HttpCommandExecutor.java:158)
at org.openqa.selenium.remote.service.DriverCommandExecutor.execute(DriverCommandExecutor.java:83)
at org.openqa.selenium.remote.RemoteWebDriver.execute(RemoteWebDriver.java:552)
at org.openqa.selenium.remote.RemoteWebDriver.findElement(RemoteWebDriver.java:323)
at org.openqa.selenium.remote.RemoteWebDriver.findElementByXPath(RemoteWebDriver.java:428)
at org.openqa.selenium.By$ByXPath.findElement(By.java:353)
at org.openqa.selenium.remote.RemoteWebDriver.findElement(RemoteWebDriver.java:315)
at com.codeborne.selenide.impl.WebElementSelector.findElement(WebElementSelector.java:29)
at com.codeborne.selenide.impl.ElementFinder.getWebElement(ElementFinder.java:56)
at com.codeborne.selenide.impl.WebElementSource.checkCondition(WebElementSource.java:44)
... 45 more
]]>
            </full-stacktrace>
          </exception> <!-- com.codeborne.selenide.ex.ElementNotFound -->
          <reporter-output>
          </reporter-output>
        </test-method> <!-- propertyAddWithAllFields -->
        <test-method status="PASS" signature="setupMethod()[pri:0, instance:uk.co.idealflatmate.tests.AddListingTests@4b952a2d]" name="setupMethod" is-config="true" duration-ms="6940" started-at="2019-02-20T12:30:30Z" finished-at="2019-02-20T12:30:37Z">
          <reporter-output>
          </reporter-output>
        </test-method> <!-- setupMethod -->
        <test-method status="PASS" signature="propertyEditAllFieldsAbout()[pri:0, instance:uk.co.idealflatmate.tests.AddListingTests@4b952a2d]" name="propertyEditAllFieldsAbout" duration-ms="65731" started-at="2019-02-20T12:30:37Z" finished-at="2019-02-20T12:31:43Z">
          <reporter-output>
          </reporter-output>
        </test-method> <!-- propertyEditAllFieldsAbout -->
        <test-method status="PASS" signature="setupMethod()[pri:0, instance:uk.co.idealflatmate.tests.AddListingTests@4b952a2d]" name="setupMethod" is-config="true" duration-ms="12" started-at="2019-02-20T12:31:43Z" finished-at="2019-02-20T12:31:43Z">
          <reporter-output>
          </reporter-output>
        </test-method> <!-- setupMethod -->
        <test-method status="PASS" signature="signUpPropertyAdding()[pri:0, instance:uk.co.idealflatmate.tests.AddListingTests@4b952a2d]" name="signUpPropertyAdding" duration-ms="68351" started-at="2019-02-20T12:31:43Z" finished-at="2019-02-20T12:32:51Z">
          <reporter-output>
          </reporter-output>
        </test-method> <!-- signUpPropertyAdding -->
        <test-method status="PASS" signature="setupMethod()[pri:0, instance:uk.co.idealflatmate.tests.AddListingTests@4b952a2d]" name="setupMethod" is-config="true" duration-ms="11" started-at="2019-02-20T12:32:51Z" finished-at="2019-02-20T12:32:51Z">
          <reporter-output>
          </reporter-output>
        </test-method> <!-- setupMethod -->
        <test-method status="PASS" signature="titleListing()[pri:0, instance:uk.co.idealflatmate.tests.AddListingTests@4b952a2d]" name="titleListing" duration-ms="59382" started-at="2019-02-20T12:32:51Z" finished-at="2019-02-20T12:33:50Z">
          <reporter-output>
          </reporter-output>
        </test-method> <!-- titleListing -->
      </class> <!-- uk.co.idealflatmate.tests.AddListingTests -->
      <class name="uk.co.idealflatmate.tests.SearchPropertiesPageTests">
        <test-method status="PASS" signature="setupMethod()[pri:0, instance:uk.co.idealflatmate.tests.SearchPropertiesPageTests@20322d26]" name="setupMethod" is-config="true" duration-ms="3" started-at="2019-02-20T13:00:07Z" finished-at="2019-02-20T13:00:07Z">
          <reporter-output>
          </reporter-output>
        </test-method> <!-- setupMethod -->
        <test-method status="PASS" signature="applyAdvancedFiltersDefault()[pri:0, instance:uk.co.idealflatmate.tests.SearchPropertiesPageTests@20322d26]" name="applyAdvancedFiltersDefault" duration-ms="60067" started-at="2019-02-20T13:00:07Z" finished-at="2019-02-20T13:01:07Z">
          <reporter-output>
          </reporter-output>
        </test-method> <!-- applyAdvancedFiltersDefault -->
        <test-method status="PASS" signature="setupMethod()[pri:0, instance:uk.co.idealflatmate.tests.SearchPropertiesPageTests@20322d26]" name="setupMethod" is-config="true" duration-ms="3" started-at="2019-02-20T13:01:07Z" finished-at="2019-02-20T13:01:07Z">
          <reporter-output>
          </reporter-output>
        </test-method> <!-- setupMethod -->
        <test-method status="PASS" signature="applyMoreFilters()[pri:0, instance:uk.co.idealflatmate.tests.SearchPropertiesPageTests@20322d26]" name="applyMoreFilters" duration-ms="14951" started-at="2019-02-20T13:01:07Z" finished-at="2019-02-20T13:01:22Z">
          <reporter-output>
          </reporter-output>
        </test-method> <!-- applyMoreFilters -->
        <test-method status="PASS" signature="setupMethod()[pri:0, instance:uk.co.idealflatmate.tests.SearchPropertiesPageTests@20322d26]" name="setupMethod" is-config="true" duration-ms="6" started-at="2019-02-20T13:01:22Z" finished-at="2019-02-20T13:01:22Z">
          <reporter-output>
          </reporter-output>
        </test-method> <!-- setupMethod -->
        <test-method status="PASS" signature="propertySearchByDropDown()[pri:0, instance:uk.co.idealflatmate.tests.SearchPropertiesPageTests@20322d26]" name="propertySearchByDropDown" duration-ms="20976" started-at="2019-02-20T13:01:22Z" finished-at="2019-02-20T13:01:43Z">
          <reporter-output>
          </reporter-output>
        </test-method> <!-- propertySearchByDropDown -->
        <test-method status="PASS" signature="setupMethod()[pri:0, instance:uk.co.idealflatmate.tests.SearchPropertiesPageTests@20322d26]" name="setupMethod" is-config="true" duration-ms="6" started-at="2019-02-20T13:01:43Z" finished-at="2019-02-20T13:01:43Z">
          <reporter-output>
          </reporter-output>
        </test-method> <!-- setupMethod -->
        <test-method status="PASS" signature="searchEastLDNPagination()[pri:0, instance:uk.co.idealflatmate.tests.SearchPropertiesPageTests@20322d26]" name="searchEastLDNPagination" duration-ms="40188" started-at="2019-02-20T13:01:43Z" finished-at="2019-02-20T13:02:23Z">
          <reporter-output>
          </reporter-output>
        </test-method> <!-- searchEastLDNPagination -->
        <test-method status="PASS" signature="setupMethod()[pri:0, instance:uk.co.idealflatmate.tests.SearchPropertiesPageTests@20322d26]" name="setupMethod" is-config="true" duration-ms="4" started-at="2019-02-20T13:02:23Z" finished-at="2019-02-20T13:02:23Z">
          <reporter-output>
          </reporter-output>
        </test-method> <!-- setupMethod -->
        <test-method status="PASS" signature="searchPagination()[pri:0, instance:uk.co.idealflatmate.tests.SearchPropertiesPageTests@20322d26]" name="searchPagination" duration-ms="38145" started-at="2019-02-20T13:02:23Z" finished-at="2019-02-20T13:03:01Z">
          <reporter-output>
          </reporter-output>
        </test-method> <!-- searchPagination -->
        <test-method status="PASS" signature="setupMethod()[pri:0, instance:uk.co.idealflatmate.tests.SearchPropertiesPageTests@20322d26]" name="setupMethod" is-config="true" duration-ms="5" started-at="2019-02-20T13:03:01Z" finished-at="2019-02-20T13:03:01Z">
          <reporter-output>
          </reporter-output>
        </test-method> <!-- setupMethod -->
        <test-method status="PASS" signature="searchZone1Pagination()[pri:0, instance:uk.co.idealflatmate.tests.SearchPropertiesPageTests@20322d26]" name="searchZone1Pagination" duration-ms="18140" started-at="2019-02-20T13:03:01Z" finished-at="2019-02-20T13:03:19Z">
          <reporter-output>
          </reporter-output>
        </test-method> <!-- searchZone1Pagination -->
        <test-method status="PASS" signature="setupMethod()[pri:0, instance:uk.co.idealflatmate.tests.SearchPropertiesPageTests@20322d26]" name="setupMethod" is-config="true" duration-ms="4" started-at="2019-02-20T13:03:19Z" finished-at="2019-02-20T13:03:19Z">
          <reporter-output>
          </reporter-output>
        </test-method> <!-- setupMethod -->
        <test-method status="PASS" signature="sortListing()[pri:0, instance:uk.co.idealflatmate.tests.SearchPropertiesPageTests@20322d26]" name="sortListing" duration-ms="40767" started-at="2019-02-20T13:03:19Z" finished-at="2019-02-20T13:04:00Z">
          <reporter-output>
          </reporter-output>
        </test-method> <!-- sortListing -->
        <test-method status="PASS" signature="setupMethod()[pri:0, instance:uk.co.idealflatmate.tests.SearchPropertiesPageTests@20322d26]" name="setupMethod" is-config="true" duration-ms="4" started-at="2019-02-20T13:04:00Z" finished-at="2019-02-20T13:04:00Z">
          <reporter-output>
          </reporter-output>
        </test-method> <!-- setupMethod -->
        <test-method status="PASS" signature="sortListingWith2Rooms()[pri:0, instance:uk.co.idealflatmate.tests.SearchPropertiesPageTests@20322d26]" name="sortListingWith2Rooms" duration-ms="8482" started-at="2019-02-20T13:04:00Z" finished-at="2019-02-20T13:04:09Z">
          <reporter-output>
          </reporter-output>
        </test-method> <!-- sortListingWith2Rooms -->
      </class> <!-- uk.co.idealflatmate.tests.SearchPropertiesPageTests -->
    </test> <!-- Test1 -->
  </suite> <!-- idealflatmatetest -->
</testng-results>
