<?xml version="1.0" encoding="UTF-8"?>
<testng-results skipped="0" failed="35" ignored="26" total="128" passed="67">
  <reporter-output>
  </reporter-output>
  <suite name="Surefire suite" duration-ms="1492084" started-at="2019-01-29T09:53:41Z" finished-at="2019-01-29T10:18:34Z">
    <groups>
    </groups>
    <test name="Surefire test" duration-ms="1492084" started-at="2019-01-29T09:53:41Z" finished-at="2019-01-29T10:18:34Z">
      <class name="uk.co.idealflatmate.tests.HomePageTest">
        <test-method status="PASS" signature="setupMethod()[pri:0, instance:uk.co.idealflatmate.tests.HomePageTest@5ce81285]" name="setupMethod" is-config="true" duration-ms="127213" started-at="2019-01-29T10:02:46Z" finished-at="2019-01-29T10:04:53Z">
          <reporter-output>
          </reporter-output>
        </test-method> <!-- setupMethod -->
        <test-method status="PASS" signature="setupMethod()[pri:0, instance:uk.co.idealflatmate.tests.HomePageTest@5ce81285]" name="setupMethod" is-config="true" duration-ms="101089" started-at="2019-01-29T10:02:51Z" finished-at="2019-01-29T10:04:32Z">
          <reporter-output>
          </reporter-output>
        </test-method> <!-- setupMethod -->
        <test-method status="PASS" signature="setupMethod()[pri:0, instance:uk.co.idealflatmate.tests.HomePageTest@5ce81285]" name="setupMethod" is-config="true" duration-ms="84100" started-at="2019-01-29T10:02:52Z" finished-at="2019-01-29T10:04:16Z">
          <reporter-output>
          </reporter-output>
        </test-method> <!-- setupMethod -->
        <test-method status="PASS" signature="setupMethod()[pri:0, instance:uk.co.idealflatmate.tests.HomePageTest@5ce81285]" name="setupMethod" is-config="true" duration-ms="90719" started-at="2019-01-29T10:03:09Z" finished-at="2019-01-29T10:04:40Z">
          <reporter-output>
          </reporter-output>
        </test-method> <!-- setupMethod -->
        <test-method status="PASS" signature="setupMethod()[pri:0, instance:uk.co.idealflatmate.tests.HomePageTest@5ce81285]" name="setupMethod" is-config="true" duration-ms="44352" started-at="2019-01-29T10:03:13Z" finished-at="2019-01-29T10:03:57Z">
          <reporter-output>
          </reporter-output>
        </test-method> <!-- setupMethod -->
        <test-method status="PASS" signature="setupMethod()[pri:0, instance:uk.co.idealflatmate.tests.HomePageTest@5ce81285]" name="setupMethod" is-config="true" duration-ms="97520" started-at="2019-01-29T10:03:30Z" finished-at="2019-01-29T10:05:08Z">
          <reporter-output>
          </reporter-output>
        </test-method> <!-- setupMethod -->
        <test-method status="PASS" signature="findStartListing()[pri:0, instance:uk.co.idealflatmate.tests.HomePageTest@5ce81285]" name="findStartListing" duration-ms="6517" started-at="2019-01-29T10:03:57Z" finished-at="2019-01-29T10:04:04Z">
          <reporter-output>
          </reporter-output>
        </test-method> <!-- findStartListing -->
        <test-method status="PASS" signature="setupMethod()[pri:0, instance:uk.co.idealflatmate.tests.HomePageTest@5ce81285]" name="setupMethod" is-config="true" duration-ms="101560" started-at="2019-01-29T10:04:00Z" finished-at="2019-01-29T10:05:41Z">
          <reporter-output>
          </reporter-output>
        </test-method> <!-- setupMethod -->
        <test-method status="PASS" signature="blogLandlord()[pri:0, instance:uk.co.idealflatmate.tests.HomePageTest@5ce81285]" name="blogLandlord" duration-ms="8294" started-at="2019-01-29T10:04:16Z" finished-at="2019-01-29T10:04:24Z">
          <reporter-output>
          </reporter-output>
        </test-method> <!-- blogLandlord -->
        <test-method status="PASS" signature="blogFM()[pri:0, instance:uk.co.idealflatmate.tests.HomePageTest@5ce81285]" name="blogFM" duration-ms="6035" started-at="2019-01-29T10:04:32Z" finished-at="2019-01-29T10:04:38Z">
          <reporter-output>
          </reporter-output>
        </test-method> <!-- blogFM -->
        <test-method status="PASS" signature="findOutMore()[pri:0, instance:uk.co.idealflatmate.tests.HomePageTest@5ce81285]" name="findOutMore" duration-ms="38596" started-at="2019-01-29T10:04:40Z" finished-at="2019-01-29T10:05:18Z">
          <reporter-output>
          </reporter-output>
        </test-method> <!-- findOutMore -->
        <test-method status="PASS" signature="amountOfBlocsAndTextOfAreas()[pri:0, instance:uk.co.idealflatmate.tests.HomePageTest@5ce81285]" name="amountOfBlocsAndTextOfAreas" duration-ms="2316" started-at="2019-01-29T10:04:53Z" finished-at="2019-01-29T10:04:56Z">
          <reporter-output>
          </reporter-output>
        </test-method> <!-- amountOfBlocsAndTextOfAreas -->
        <test-method status="PASS" signature="findStartMatchingLink()[pri:0, instance:uk.co.idealflatmate.tests.HomePageTest@5ce81285]" name="findStartMatchingLink" duration-ms="6216" started-at="2019-01-29T10:05:08Z" finished-at="2019-01-29T10:05:14Z">
          <reporter-output>
          </reporter-output>
        </test-method> <!-- findStartMatchingLink -->
        <test-method status="PASS" signature="pressLogo()[pri:0, instance:uk.co.idealflatmate.tests.HomePageTest@5ce81285]" name="pressLogo" duration-ms="3164" started-at="2019-01-29T10:05:41Z" finished-at="2019-01-29T10:05:45Z">
          <reporter-output>
          </reporter-output>
        </test-method> <!-- pressLogo -->
      </class> <!-- uk.co.idealflatmate.tests.HomePageTest -->
      <class name="uk.co.idealflatmate.tests.SearchHomePageTests">
        <test-method status="PASS" signature="setupMethod()[pri:0, instance:uk.co.idealflatmate.tests.SearchHomePageTests@2ac273d3]" name="setupMethod" is-config="true" duration-ms="105925" started-at="2019-01-29T10:10:01Z" finished-at="2019-01-29T10:11:47Z">
          <reporter-output>
          </reporter-output>
        </test-method> <!-- setupMethod -->
        <test-method status="PASS" signature="setupMethod()[pri:0, instance:uk.co.idealflatmate.tests.SearchHomePageTests@2ac273d3]" name="setupMethod" is-config="true" duration-ms="55837" started-at="2019-01-29T10:10:33Z" finished-at="2019-01-29T10:11:29Z">
          <reporter-output>
          </reporter-output>
        </test-method> <!-- setupMethod -->
        <test-method status="PASS" signature="setupMethod()[pri:0, instance:uk.co.idealflatmate.tests.SearchHomePageTests@2ac273d3]" name="setupMethod" is-config="true" duration-ms="72944" started-at="2019-01-29T10:10:36Z" finished-at="2019-01-29T10:11:49Z">
          <reporter-output>
          </reporter-output>
        </test-method> <!-- setupMethod -->
        <test-method status="PASS" signature="setupMethod()[pri:0, instance:uk.co.idealflatmate.tests.SearchHomePageTests@2ac273d3]" name="setupMethod" is-config="true" duration-ms="39430" started-at="2019-01-29T10:10:48Z" finished-at="2019-01-29T10:11:27Z">
          <reporter-output>
          </reporter-output>
        </test-method> <!-- setupMethod -->
        <test-method status="PASS" signature="setupMethod()[pri:0, instance:uk.co.idealflatmate.tests.SearchHomePageTests@2ac273d3]" name="setupMethod" is-config="true" duration-ms="83851" started-at="2019-01-29T10:10:49Z" finished-at="2019-01-29T10:12:13Z">
          <reporter-output>
          </reporter-output>
        </test-method> <!-- setupMethod -->
        <test-method status="FAIL" signature="searchHomeLocationFromList()[pri:0, instance:uk.co.idealflatmate.tests.SearchHomePageTests@2ac273d3]" name="searchHomeLocationFromList" duration-ms="50549" started-at="2019-01-29T10:11:27Z" finished-at="2019-01-29T10:12:18Z">
          <exception class="com.codeborne.selenide.ex.ElementNotFound">
            <message>
              <![CDATA[Element not found {By.xpath: //span[contains(.,'Clapham Junction')]}
Expected: visible]]>
            </message>
            <full-stacktrace>
              <![CDATA[Element not found {By.xpath: //span[contains(.,'Clapham Junction')]}
Expected: visible
Screenshot: file:/C:/Users/lukhovytskyi/Documents/GitHub/idealflatmatetest/build/reports/tests/1548756729958.39.png
Page source: file:/C:/Users/lukhovytskyi/Documents/GitHub/idealflatmatetest/build/reports/tests/1548756729958.39.html
Timeout: 4 s.
Caused by: NoSuchElementException: no such element: Unable to locate element: {"method":"xpath","selector":"//span[contains(.,'Clapham Junction')]"}
at com.codeborne.selenide.impl.WebElementSource.createElementNotFoundError(WebElementSource.java:31)
at com.codeborne.selenide.impl.ElementFinder.createElementNotFoundError(ElementFinder.java:82)
at com.codeborne.selenide.impl.WebElementSource.checkCondition(WebElementSource.java:59)
at com.codeborne.selenide.commands.Should.should(Should.java:35)
at com.codeborne.selenide.commands.Should.execute(Should.java:29)
at com.codeborne.selenide.commands.Should.execute(Should.java:12)
at com.codeborne.selenide.commands.Commands.execute(Commands.java:144)
at com.codeborne.selenide.impl.SelenideElementProxy.dispatchAndRetry(SelenideElementProxy.java:87)
at com.codeborne.selenide.impl.SelenideElementProxy.invoke(SelenideElementProxy.java:63)
at com.sun.proxy.$Proxy5.waitUntil(Unknown Source)
at uk.co.idealflatmate.appmanager.SearchHelper.searchPropertyBySelectfromList(SearchHelper.java:39)
at uk.co.idealflatmate.tests.SearchHomePageTests.searchHomeLocationFromList(SearchHomePageTests.java:29)
at sun.reflect.NativeMethodAccessorImpl.invoke0(Native Method)
at sun.reflect.NativeMethodAccessorImpl.invoke(NativeMethodAccessorImpl.java:62)
at sun.reflect.DelegatingMethodAccessorImpl.invoke(DelegatingMethodAccessorImpl.java:43)
at java.lang.reflect.Method.invoke(Method.java:498)
at org.testng.internal.MethodInvocationHelper.invokeMethod(MethodInvocationHelper.java:124)
at org.testng.internal.Invoker.invokeMethod(Invoker.java:583)
at org.testng.internal.Invoker.invokeTestMethod(Invoker.java:719)
at org.testng.internal.Invoker.invokeTestMethods(Invoker.java:989)
at org.testng.internal.TestMethodWorker.invokeTestMethods(TestMethodWorker.java:125)
at org.testng.internal.TestMethodWorker.run(TestMethodWorker.java:109)
at java.util.concurrent.ThreadPoolExecutor.runWorker(ThreadPoolExecutor.java:1149)
at java.util.concurrent.ThreadPoolExecutor$Worker.run(ThreadPoolExecutor.java:624)
at java.lang.Thread.run(Thread.java:748)
Caused by: org.openqa.selenium.NoSuchElementException: no such element: Unable to locate element: {"method":"xpath","selector":"//span[contains(.,'Clapham Junction')]"}
  (Session info: chrome=71.0.3578.98)
  (Driver info: chromedriver=72.0.3626.69 (3c16f8a135abc0d4da2dff33804db79b849a7c38),platform=Windows NT 10.0.16299 x86_64) (WARNING: The server did not provide any stacktrace information)
Command duration or timeout: 0 milliseconds
For documentation on this error, please visit: https://www.seleniumhq.org/exceptions/no_such_element.html
Build info: version: '3.141.59', revision: 'e82be7d358', time: '2018-11-14T08:17:03'
System info: host: 'PRIVATE-1074', ip: '10.8.1.74', os.name: 'Windows 10', os.arch: 'amd64', os.version: '10.0', java.version: '1.8.0_152'
Driver info: org.openqa.selenium.chrome.ChromeDriver
Capabilities {acceptInsecureCerts: false, acceptSslCerts: false, applicationCacheEnabled: false, browserConnectionEnabled: false, browserName: chrome, chrome: {chromedriverVersion: 72.0.3626.69 (3c16f8a135abc..., userDataDir: C:\Users\LUKHOV~1\AppData\L...}, cssSelectorsEnabled: true, databaseEnabled: false, goog:chromeOptions: {debuggerAddress: localhost:63726}, handlesAlerts: true, hasTouchScreen: false, javascriptEnabled: true, locationContextEnabled: true, mobileEmulationEnabled: false, nativeEvents: true, networkConnectionEnabled: false, pageLoadStrategy: normal, platform: XP, platformName: XP, proxy: Proxy(), rotatable: false, setWindowRect: true, takesHeapSnapshot: true, takesScreenshot: true, timeouts: {implicit: 0, pageLoad: 300000, script: 30000}, unexpectedAlertBehaviour: ignore, unhandledPromptBehavior: ignore, version: 71.0.3578.98, webStorageEnabled: true}
Session ID: f347661c375b2c2039d7cfd2a8abbc19
*** Element info: {Using=xpath, value=//span[contains(.,'Clapham Junction')]}
at sun.reflect.GeneratedConstructorAccessor18.newInstance(Unknown Source)
at sun.reflect.DelegatingConstructorAccessorImpl.newInstance(DelegatingConstructorAccessorImpl.java:45)
at java.lang.reflect.Constructor.newInstance(Constructor.java:423)
at org.openqa.selenium.remote.ErrorHandler.createThrowable(ErrorHandler.java:214)
at org.openqa.selenium.remote.ErrorHandler.throwIfResponseFailed(ErrorHandler.java:166)
at org.openqa.selenium.remote.http.JsonHttpResponseCodec.reconstructValue(JsonHttpResponseCodec.java:40)
at org.openqa.selenium.remote.http.AbstractHttpResponseCodec.decode(AbstractHttpResponseCodec.java:80)
at org.openqa.selenium.remote.http.AbstractHttpResponseCodec.decode(AbstractHttpResponseCodec.java:44)
at org.openqa.selenium.remote.HttpCommandExecutor.execute(HttpCommandExecutor.java:158)
at org.openqa.selenium.remote.service.DriverCommandExecutor.execute(DriverCommandExecutor.java:83)
at org.openqa.selenium.remote.RemoteWebDriver.execute(RemoteWebDriver.java:552)
at org.openqa.selenium.remote.RemoteWebDriver.findElement(RemoteWebDriver.java:323)
at org.openqa.selenium.remote.RemoteWebDriver.findElementByXPath(RemoteWebDriver.java:428)
at org.openqa.selenium.By$ByXPath.findElement(By.java:353)
at org.openqa.selenium.remote.RemoteWebDriver.findElement(RemoteWebDriver.java:315)
at com.codeborne.selenide.impl.WebElementSelector.findElement(WebElementSelector.java:29)
at com.codeborne.selenide.impl.ElementFinder.getWebElement(ElementFinder.java:56)
at com.codeborne.selenide.impl.WebElementSource.checkCondition(WebElementSource.java:44)
... 22 more
]]>
            </full-stacktrace>
          </exception> <!-- com.codeborne.selenide.ex.ElementNotFound -->
          <reporter-output>
          </reporter-output>
        </test-method> <!-- searchHomeLocationFromList -->
        <test-method status="FAIL" signature="searchHomeByButton()[pri:0, instance:uk.co.idealflatmate.tests.SearchHomePageTests@2ac273d3]" name="searchHomeByButton" duration-ms="84191" started-at="2019-01-29T10:11:29Z" finished-at="2019-01-29T10:12:53Z">
          <exception class="com.codeborne.selenide.ex.ElementNotFound">
            <message>
              <![CDATA[Element not found {By.xpath: //h1[@class='h4']}
Expected: visible]]>
            </message>
            <full-stacktrace>
              <![CDATA[Element not found {By.xpath: //h1[@class='h4']}
Expected: visible
Screenshot: file:/C:/Users/lukhovytskyi/Documents/GitHub/idealflatmatetest/build/reports/tests/1548756768487.44.png
Page source: file:/C:/Users/lukhovytskyi/Documents/GitHub/idealflatmatetest/build/reports/tests/1548756768487.44.html
Timeout: 15 s.
Caused by: NoSuchElementException: no such element: Unable to locate element: {"method":"xpath","selector":"//h1[@class='h4']"}
at com.codeborne.selenide.impl.WebElementSource.createElementNotFoundError(WebElementSource.java:31)
at com.codeborne.selenide.impl.ElementFinder.createElementNotFoundError(ElementFinder.java:82)
at com.codeborne.selenide.impl.WebElementSource.checkCondition(WebElementSource.java:59)
at com.codeborne.selenide.commands.Should.should(Should.java:35)
at com.codeborne.selenide.commands.Should.execute(Should.java:29)
at com.codeborne.selenide.commands.Should.execute(Should.java:12)
at com.codeborne.selenide.commands.Commands.execute(Commands.java:144)
at com.codeborne.selenide.impl.SelenideElementProxy.dispatchAndRetry(SelenideElementProxy.java:87)
at com.codeborne.selenide.impl.SelenideElementProxy.invoke(SelenideElementProxy.java:63)
at com.sun.proxy.$Proxy5.waitUntil(Unknown Source)
at uk.co.idealflatmate.appmanager.SearchHelper.verificationSearchProperty(SearchHelper.java:59)
at uk.co.idealflatmate.tests.SearchHomePageTests.searchHomeByButton(SearchHomePageTests.java:14)
at sun.reflect.NativeMethodAccessorImpl.invoke0(Native Method)
at sun.reflect.NativeMethodAccessorImpl.invoke(NativeMethodAccessorImpl.java:62)
at sun.reflect.DelegatingMethodAccessorImpl.invoke(DelegatingMethodAccessorImpl.java:43)
at java.lang.reflect.Method.invoke(Method.java:498)
at org.testng.internal.MethodInvocationHelper.invokeMethod(MethodInvocationHelper.java:124)
at org.testng.internal.Invoker.invokeMethod(Invoker.java:583)
at org.testng.internal.Invoker.invokeTestMethod(Invoker.java:719)
at org.testng.internal.Invoker.invokeTestMethods(Invoker.java:989)
at org.testng.internal.TestMethodWorker.invokeTestMethods(TestMethodWorker.java:125)
at org.testng.internal.TestMethodWorker.run(TestMethodWorker.java:109)
at java.util.concurrent.ThreadPoolExecutor.runWorker(ThreadPoolExecutor.java:1149)
at java.util.concurrent.ThreadPoolExecutor$Worker.run(ThreadPoolExecutor.java:624)
at java.lang.Thread.run(Thread.java:748)
Caused by: org.openqa.selenium.NoSuchElementException: no such element: Unable to locate element: {"method":"xpath","selector":"//h1[@class='h4']"}
  (Session info: chrome=71.0.3578.98)
  (Driver info: chromedriver=72.0.3626.69 (3c16f8a135abc0d4da2dff33804db79b849a7c38),platform=Windows NT 10.0.16299 x86_64) (WARNING: The server did not provide any stacktrace information)
Command duration or timeout: 0 milliseconds
For documentation on this error, please visit: https://www.seleniumhq.org/exceptions/no_such_element.html
Build info: version: '3.141.59', revision: 'e82be7d358', time: '2018-11-14T08:17:03'
System info: host: 'PRIVATE-1074', ip: '10.8.1.74', os.name: 'Windows 10', os.arch: 'amd64', os.version: '10.0', java.version: '1.8.0_152'
Driver info: org.openqa.selenium.chrome.ChromeDriver
Capabilities {acceptInsecureCerts: false, acceptSslCerts: false, applicationCacheEnabled: false, browserConnectionEnabled: false, browserName: chrome, chrome: {chromedriverVersion: 72.0.3626.69 (3c16f8a135abc..., userDataDir: C:\Users\LUKHOV~1\AppData\L...}, cssSelectorsEnabled: true, databaseEnabled: false, goog:chromeOptions: {debuggerAddress: localhost:51087}, handlesAlerts: true, hasTouchScreen: false, javascriptEnabled: true, locationContextEnabled: true, mobileEmulationEnabled: false, nativeEvents: true, networkConnectionEnabled: false, pageLoadStrategy: normal, platform: XP, platformName: XP, proxy: Proxy(), rotatable: false, setWindowRect: true, takesHeapSnapshot: true, takesScreenshot: true, timeouts: {implicit: 0, pageLoad: 300000, script: 30000}, unexpectedAlertBehaviour: ignore, unhandledPromptBehavior: ignore, version: 71.0.3578.98, webStorageEnabled: true}
Session ID: af3da68506c2f024608ef2becc27c359
*** Element info: {Using=xpath, value=//h1[@class='h4']}
at sun.reflect.GeneratedConstructorAccessor18.newInstance(Unknown Source)
at sun.reflect.DelegatingConstructorAccessorImpl.newInstance(DelegatingConstructorAccessorImpl.java:45)
at java.lang.reflect.Constructor.newInstance(Constructor.java:423)
at org.openqa.selenium.remote.ErrorHandler.createThrowable(ErrorHandler.java:214)
at org.openqa.selenium.remote.ErrorHandler.throwIfResponseFailed(ErrorHandler.java:166)
at org.openqa.selenium.remote.http.JsonHttpResponseCodec.reconstructValue(JsonHttpResponseCodec.java:40)
at org.openqa.selenium.remote.http.AbstractHttpResponseCodec.decode(AbstractHttpResponseCodec.java:80)
at org.openqa.selenium.remote.http.AbstractHttpResponseCodec.decode(AbstractHttpResponseCodec.java:44)
at org.openqa.selenium.remote.HttpCommandExecutor.execute(HttpCommandExecutor.java:158)
at org.openqa.selenium.remote.service.DriverCommandExecutor.execute(DriverCommandExecutor.java:83)
at org.openqa.selenium.remote.RemoteWebDriver.execute(RemoteWebDriver.java:552)
at org.openqa.selenium.remote.RemoteWebDriver.findElement(RemoteWebDriver.java:323)
at org.openqa.selenium.remote.RemoteWebDriver.findElementByXPath(RemoteWebDriver.java:428)
at org.openqa.selenium.By$ByXPath.findElement(By.java:353)
at org.openqa.selenium.remote.RemoteWebDriver.findElement(RemoteWebDriver.java:315)
at com.codeborne.selenide.impl.WebElementSelector.findElement(WebElementSelector.java:29)
at com.codeborne.selenide.impl.ElementFinder.getWebElement(ElementFinder.java:56)
at com.codeborne.selenide.impl.WebElementSource.checkCondition(WebElementSource.java:44)
... 22 more
]]>
            </full-stacktrace>
          </exception> <!-- com.codeborne.selenide.ex.ElementNotFound -->
          <reporter-output>
          </reporter-output>
        </test-method> <!-- searchHomeByButton -->
        <test-method status="FAIL" signature="TestSearchHomeByEnter()[pri:0, instance:uk.co.idealflatmate.tests.SearchHomePageTests@2ac273d3]" name="TestSearchHomeByEnter" duration-ms="65814" started-at="2019-01-29T10:11:47Z" finished-at="2019-01-29T10:12:53Z">
          <exception class="com.codeborne.selenide.ex.ElementNotFound">
            <message>
              <![CDATA[Element not found {By.xpath: //h1[@class='h4']}
Expected: visible]]>
            </message>
            <full-stacktrace>
              <![CDATA[Element not found {By.xpath: //h1[@class='h4']}
Expected: visible
Screenshot: file:/C:/Users/lukhovytskyi/Documents/GitHub/idealflatmatetest/build/reports/tests/1548756768511.45.png
Page source: file:/C:/Users/lukhovytskyi/Documents/GitHub/idealflatmatetest/build/reports/tests/1548756768511.45.html
Timeout: 10 s.
Caused by: NoSuchElementException: no such element: Unable to locate element: {"method":"xpath","selector":"//h1[@class='h4']"}
at com.codeborne.selenide.impl.WebElementSource.createElementNotFoundError(WebElementSource.java:31)
at com.codeborne.selenide.impl.ElementFinder.createElementNotFoundError(ElementFinder.java:82)
at com.codeborne.selenide.impl.WebElementSource.checkCondition(WebElementSource.java:59)
at com.codeborne.selenide.commands.Should.should(Should.java:35)
at com.codeborne.selenide.commands.Should.execute(Should.java:29)
at com.codeborne.selenide.commands.Should.execute(Should.java:12)
at com.codeborne.selenide.commands.Commands.execute(Commands.java:144)
at com.codeborne.selenide.impl.SelenideElementProxy.dispatchAndRetry(SelenideElementProxy.java:87)
at com.codeborne.selenide.impl.SelenideElementProxy.invoke(SelenideElementProxy.java:63)
at com.sun.proxy.$Proxy5.waitUntil(Unknown Source)
at uk.co.idealflatmate.appmanager.SearchHelper.verificationSearchOnFMPage(SearchHelper.java:55)
at uk.co.idealflatmate.tests.SearchHomePageTests.TestSearchHomeByEnter(SearchHomePageTests.java:23)
at sun.reflect.NativeMethodAccessorImpl.invoke0(Native Method)
at sun.reflect.NativeMethodAccessorImpl.invoke(NativeMethodAccessorImpl.java:62)
at sun.reflect.DelegatingMethodAccessorImpl.invoke(DelegatingMethodAccessorImpl.java:43)
at java.lang.reflect.Method.invoke(Method.java:498)
at org.testng.internal.MethodInvocationHelper.invokeMethod(MethodInvocationHelper.java:124)
at org.testng.internal.Invoker.invokeMethod(Invoker.java:583)
at org.testng.internal.Invoker.invokeTestMethod(Invoker.java:719)
at org.testng.internal.Invoker.invokeTestMethods(Invoker.java:989)
at org.testng.internal.TestMethodWorker.invokeTestMethods(TestMethodWorker.java:125)
at org.testng.internal.TestMethodWorker.run(TestMethodWorker.java:109)
at java.util.concurrent.ThreadPoolExecutor.runWorker(ThreadPoolExecutor.java:1149)
at java.util.concurrent.ThreadPoolExecutor$Worker.run(ThreadPoolExecutor.java:624)
at java.lang.Thread.run(Thread.java:748)
Caused by: org.openqa.selenium.NoSuchElementException: no such element: Unable to locate element: {"method":"xpath","selector":"//h1[@class='h4']"}
  (Session info: chrome=71.0.3578.98)
  (Driver info: chromedriver=72.0.3626.69 (3c16f8a135abc0d4da2dff33804db79b849a7c38),platform=Windows NT 10.0.16299 x86_64) (WARNING: The server did not provide any stacktrace information)
Command duration or timeout: 0 milliseconds
For documentation on this error, please visit: https://www.seleniumhq.org/exceptions/no_such_element.html
Build info: version: '3.141.59', revision: 'e82be7d358', time: '2018-11-14T08:17:03'
System info: host: 'PRIVATE-1074', ip: '10.8.1.74', os.name: 'Windows 10', os.arch: 'amd64', os.version: '10.0', java.version: '1.8.0_152'
Driver info: org.openqa.selenium.chrome.ChromeDriver
Capabilities {acceptInsecureCerts: false, acceptSslCerts: false, applicationCacheEnabled: false, browserConnectionEnabled: false, browserName: chrome, chrome: {chromedriverVersion: 72.0.3626.69 (3c16f8a135abc..., userDataDir: C:\Users\LUKHOV~1\AppData\L...}, cssSelectorsEnabled: true, databaseEnabled: false, goog:chromeOptions: {debuggerAddress: localhost:51584}, handlesAlerts: true, hasTouchScreen: false, javascriptEnabled: true, locationContextEnabled: true, mobileEmulationEnabled: false, nativeEvents: true, networkConnectionEnabled: false, pageLoadStrategy: normal, platform: XP, platformName: XP, proxy: Proxy(), rotatable: false, setWindowRect: true, takesHeapSnapshot: true, takesScreenshot: true, timeouts: {implicit: 0, pageLoad: 300000, script: 30000}, unexpectedAlertBehaviour: ignore, unhandledPromptBehavior: ignore, version: 71.0.3578.98, webStorageEnabled: true}
Session ID: 00506e15c4de4f39d8a34a5bba5c8f93
*** Element info: {Using=xpath, value=//h1[@class='h4']}
at sun.reflect.GeneratedConstructorAccessor18.newInstance(Unknown Source)
at sun.reflect.DelegatingConstructorAccessorImpl.newInstance(DelegatingConstructorAccessorImpl.java:45)
at java.lang.reflect.Constructor.newInstance(Constructor.java:423)
at org.openqa.selenium.remote.ErrorHandler.createThrowable(ErrorHandler.java:214)
at org.openqa.selenium.remote.ErrorHandler.throwIfResponseFailed(ErrorHandler.java:166)
at org.openqa.selenium.remote.http.JsonHttpResponseCodec.reconstructValue(JsonHttpResponseCodec.java:40)
at org.openqa.selenium.remote.http.AbstractHttpResponseCodec.decode(AbstractHttpResponseCodec.java:80)
at org.openqa.selenium.remote.http.AbstractHttpResponseCodec.decode(AbstractHttpResponseCodec.java:44)
at org.openqa.selenium.remote.HttpCommandExecutor.execute(HttpCommandExecutor.java:158)
at org.openqa.selenium.remote.service.DriverCommandExecutor.execute(DriverCommandExecutor.java:83)
at org.openqa.selenium.remote.RemoteWebDriver.execute(RemoteWebDriver.java:552)
at org.openqa.selenium.remote.RemoteWebDriver.findElement(RemoteWebDriver.java:323)
at org.openqa.selenium.remote.RemoteWebDriver.findElementByXPath(RemoteWebDriver.java:428)
at org.openqa.selenium.By$ByXPath.findElement(By.java:353)
at org.openqa.selenium.remote.RemoteWebDriver.findElement(RemoteWebDriver.java:315)
at com.codeborne.selenide.impl.WebElementSelector.findElement(WebElementSelector.java:29)
at com.codeborne.selenide.impl.ElementFinder.getWebElement(ElementFinder.java:56)
at com.codeborne.selenide.impl.WebElementSource.checkCondition(WebElementSource.java:44)
... 22 more
]]>
            </full-stacktrace>
          </exception> <!-- com.codeborne.selenide.ex.ElementNotFound -->
          <reporter-output>
          </reporter-output>
        </test-method> <!-- TestSearchHomeByEnter -->
        <test-method status="PASS" signature="searchHomeIDProperty()[pri:0, instance:uk.co.idealflatmate.tests.SearchHomePageTests@2ac273d3]" name="searchHomeIDProperty" duration-ms="47536" started-at="2019-01-29T10:11:49Z" finished-at="2019-01-29T10:12:36Z">
          <reporter-output>
          </reporter-output>
        </test-method> <!-- searchHomeIDProperty -->
        <test-method status="FAIL" signature="searchHomePartOfLocationName()[pri:0, instance:uk.co.idealflatmate.tests.SearchHomePageTests@2ac273d3]" name="searchHomePartOfLocationName" duration-ms="40048" started-at="2019-01-29T10:12:13Z" finished-at="2019-01-29T10:12:53Z">
          <exception class="com.codeborne.selenide.ex.ElementNotFound">
            <message>
              <![CDATA[Element not found {By.xpath: //h1[@class='h4']}
Expected: visible]]>
            </message>
            <full-stacktrace>
              <![CDATA[Element not found {By.xpath: //h1[@class='h4']}
Expected: visible
Screenshot: file:/C:/Users/lukhovytskyi/Documents/GitHub/idealflatmatetest/build/reports/tests/1548756768664.46.png
Page source: file:/C:/Users/lukhovytskyi/Documents/GitHub/idealflatmatetest/build/reports/tests/1548756768664.46.html
Timeout: 15 s.
Caused by: NoSuchElementException: no such element: Unable to locate element: {"method":"xpath","selector":"//h1[@class='h4']"}
at com.codeborne.selenide.impl.WebElementSource.createElementNotFoundError(WebElementSource.java:31)
at com.codeborne.selenide.impl.ElementFinder.createElementNotFoundError(ElementFinder.java:82)
at com.codeborne.selenide.impl.WebElementSource.checkCondition(WebElementSource.java:59)
at com.codeborne.selenide.commands.Should.should(Should.java:35)
at com.codeborne.selenide.commands.Should.execute(Should.java:29)
at com.codeborne.selenide.commands.Should.execute(Should.java:12)
at com.codeborne.selenide.commands.Commands.execute(Commands.java:144)
at com.codeborne.selenide.impl.SelenideElementProxy.dispatchAndRetry(SelenideElementProxy.java:87)
at com.codeborne.selenide.impl.SelenideElementProxy.invoke(SelenideElementProxy.java:63)
at com.sun.proxy.$Proxy5.waitUntil(Unknown Source)
at uk.co.idealflatmate.appmanager.SearchHelper.verificationSearchProperty(SearchHelper.java:59)
at uk.co.idealflatmate.tests.SearchHomePageTests.searchHomePartOfLocationName(SearchHomePageTests.java:47)
at sun.reflect.NativeMethodAccessorImpl.invoke0(Native Method)
at sun.reflect.NativeMethodAccessorImpl.invoke(NativeMethodAccessorImpl.java:62)
at sun.reflect.DelegatingMethodAccessorImpl.invoke(DelegatingMethodAccessorImpl.java:43)
at java.lang.reflect.Method.invoke(Method.java:498)
at org.testng.internal.MethodInvocationHelper.invokeMethod(MethodInvocationHelper.java:124)
at org.testng.internal.Invoker.invokeMethod(Invoker.java:583)
at org.testng.internal.Invoker.invokeTestMethod(Invoker.java:719)
at org.testng.internal.Invoker.invokeTestMethods(Invoker.java:989)
at org.testng.internal.TestMethodWorker.invokeTestMethods(TestMethodWorker.java:125)
at org.testng.internal.TestMethodWorker.run(TestMethodWorker.java:109)
at java.util.concurrent.ThreadPoolExecutor.runWorker(ThreadPoolExecutor.java:1149)
at java.util.concurrent.ThreadPoolExecutor$Worker.run(ThreadPoolExecutor.java:624)
at java.lang.Thread.run(Thread.java:748)
Caused by: org.openqa.selenium.NoSuchElementException: no such element: Unable to locate element: {"method":"xpath","selector":"//h1[@class='h4']"}
  (Session info: chrome=71.0.3578.98)
  (Driver info: chromedriver=72.0.3626.69 (3c16f8a135abc0d4da2dff33804db79b849a7c38),platform=Windows NT 10.0.16299 x86_64) (WARNING: The server did not provide any stacktrace information)
Command duration or timeout: 0 milliseconds
For documentation on this error, please visit: https://www.seleniumhq.org/exceptions/no_such_element.html
Build info: version: '3.141.59', revision: 'e82be7d358', time: '2018-11-14T08:17:03'
System info: host: 'PRIVATE-1074', ip: '10.8.1.74', os.name: 'Windows 10', os.arch: 'amd64', os.version: '10.0', java.version: '1.8.0_152'
Driver info: org.openqa.selenium.chrome.ChromeDriver
Capabilities {acceptInsecureCerts: false, acceptSslCerts: false, applicationCacheEnabled: false, browserConnectionEnabled: false, browserName: chrome, chrome: {chromedriverVersion: 72.0.3626.69 (3c16f8a135abc..., userDataDir: C:\Users\LUKHOV~1\AppData\L...}, cssSelectorsEnabled: true, databaseEnabled: false, goog:chromeOptions: {debuggerAddress: localhost:52092}, handlesAlerts: true, hasTouchScreen: false, javascriptEnabled: true, locationContextEnabled: true, mobileEmulationEnabled: false, nativeEvents: true, networkConnectionEnabled: false, pageLoadStrategy: normal, platform: XP, platformName: XP, proxy: Proxy(), rotatable: false, setWindowRect: true, takesHeapSnapshot: true, takesScreenshot: true, timeouts: {implicit: 0, pageLoad: 300000, script: 30000}, unexpectedAlertBehaviour: ignore, unhandledPromptBehavior: ignore, version: 71.0.3578.98, webStorageEnabled: true}
Session ID: 693cce3b17c4ea534891961b8dac4738
*** Element info: {Using=xpath, value=//h1[@class='h4']}
at sun.reflect.GeneratedConstructorAccessor18.newInstance(Unknown Source)
at sun.reflect.DelegatingConstructorAccessorImpl.newInstance(DelegatingConstructorAccessorImpl.java:45)
at java.lang.reflect.Constructor.newInstance(Constructor.java:423)
at org.openqa.selenium.remote.ErrorHandler.createThrowable(ErrorHandler.java:214)
at org.openqa.selenium.remote.ErrorHandler.throwIfResponseFailed(ErrorHandler.java:166)
at org.openqa.selenium.remote.http.JsonHttpResponseCodec.reconstructValue(JsonHttpResponseCodec.java:40)
at org.openqa.selenium.remote.http.AbstractHttpResponseCodec.decode(AbstractHttpResponseCodec.java:80)
at org.openqa.selenium.remote.http.AbstractHttpResponseCodec.decode(AbstractHttpResponseCodec.java:44)
at org.openqa.selenium.remote.HttpCommandExecutor.execute(HttpCommandExecutor.java:158)
at org.openqa.selenium.remote.service.DriverCommandExecutor.execute(DriverCommandExecutor.java:83)
at org.openqa.selenium.remote.RemoteWebDriver.execute(RemoteWebDriver.java:552)
at org.openqa.selenium.remote.RemoteWebDriver.findElement(RemoteWebDriver.java:323)
at org.openqa.selenium.remote.RemoteWebDriver.findElementByXPath(RemoteWebDriver.java:428)
at org.openqa.selenium.By$ByXPath.findElement(By.java:353)
at org.openqa.selenium.remote.RemoteWebDriver.findElement(RemoteWebDriver.java:315)
at com.codeborne.selenide.impl.WebElementSelector.findElement(WebElementSelector.java:29)
at com.codeborne.selenide.impl.ElementFinder.getWebElement(ElementFinder.java:56)
at com.codeborne.selenide.impl.WebElementSource.checkCondition(WebElementSource.java:44)
... 22 more
]]>
            </full-stacktrace>
          </exception> <!-- com.codeborne.selenide.ex.ElementNotFound -->
          <reporter-output>
          </reporter-output>
        </test-method> <!-- searchHomePartOfLocationName -->
      </class> <!-- uk.co.idealflatmate.tests.SearchHomePageTests -->
      <class name="uk.co.idealflatmate.tests.AreaPageTest">
        <test-method status="PASS" signature="setupMethod()[pri:0, instance:uk.co.idealflatmate.tests.AreaPageTest@4e1d422d]" name="setupMethod" is-config="true" duration-ms="103958" started-at="2019-01-29T09:53:41Z" finished-at="2019-01-29T09:55:25Z">
          <reporter-output>
          </reporter-output>
        </test-method> <!-- setupMethod -->
        <test-method status="PASS" signature="setupMethod()[pri:0, instance:uk.co.idealflatmate.tests.AreaPageTest@4e1d422d]" name="setupMethod" is-config="true" duration-ms="112001" started-at="2019-01-29T09:53:42Z" finished-at="2019-01-29T09:55:34Z">
          <reporter-output>
          </reporter-output>
        </test-method> <!-- setupMethod -->
        <test-method status="PASS" signature="setupMethod()[pri:0, instance:uk.co.idealflatmate.tests.AreaPageTest@4e1d422d]" name="setupMethod" is-config="true" duration-ms="164905" started-at="2019-01-29T09:53:42Z" finished-at="2019-01-29T09:56:26Z">
          <reporter-output>
          </reporter-output>
        </test-method> <!-- setupMethod -->
        <test-method status="PASS" signature="setupMethod()[pri:0, instance:uk.co.idealflatmate.tests.AreaPageTest@4e1d422d]" name="setupMethod" is-config="true" duration-ms="103901" started-at="2019-01-29T09:53:42Z" finished-at="2019-01-29T09:55:25Z">
          <reporter-output>
          </reporter-output>
        </test-method> <!-- setupMethod -->
        <test-method status="PASS" signature="setupMethod()[pri:0, instance:uk.co.idealflatmate.tests.AreaPageTest@4e1d422d]" name="setupMethod" is-config="true" duration-ms="120982" started-at="2019-01-29T09:53:42Z" finished-at="2019-01-29T09:55:42Z">
          <reporter-output>
          </reporter-output>
        </test-method> <!-- setupMethod -->
        <test-method status="PASS" signature="linkFH()[pri:0, instance:uk.co.idealflatmate.tests.AreaPageTest@4e1d422d]" name="linkFH" duration-ms="21833" started-at="2019-01-29T09:55:25Z" finished-at="2019-01-29T09:55:47Z">
          <reporter-output>
          </reporter-output>
        </test-method> <!-- linkFH -->
        <test-method status="FAIL" signature="firstFeaturedHomePageHeader()[pri:0, instance:uk.co.idealflatmate.tests.AreaPageTest@4e1d422d]" name="firstFeaturedHomePageHeader" duration-ms="33183" started-at="2019-01-29T09:55:25Z" finished-at="2019-01-29T09:55:59Z">
          <exception class="com.codeborne.selenide.ex.ElementNotFound">
            <message>
              <![CDATA[Element not found {By.xpath: //a[@href='#rooms']}
Expected: exist]]>
            </message>
            <full-stacktrace>
              <![CDATA[Element not found {By.xpath: //a[@href='#rooms']}
Expected: exist
Screenshot: file:/C:/Users/lukhovytskyi/Documents/GitHub/idealflatmatetest/build/reports/tests/1548755757925.2.png
Page source: file:/C:/Users/lukhovytskyi/Documents/GitHub/idealflatmatetest/build/reports/tests/1548755757925.2.html
Timeout: 10 s.
Caused by: WebDriverException: unknown error: Element <a href="#rooms" class="scrollink js-area-page">...</a> is not clickable at point (949, 34). Other element would receive the click: <div class="container-fluid">...</div>
at com.codeborne.selenide.impl.WebElementSource.createElementNotFoundError(WebElementSource.java:31)
at com.codeborne.selenide.impl.ElementFinder.createElementNotFoundError(ElementFinder.java:82)
at com.codeborne.selenide.impl.SelenideElementProxy.dispatchAndRetry(SelenideElementProxy.java:116)
at com.codeborne.selenide.impl.SelenideElementProxy.invoke(SelenideElementProxy.java:63)
at com.sun.proxy.$Proxy5.click(Unknown Source)
at uk.co.idealflatmate.appmanager.AreaPageHelper.clickHeaderItem(AreaPageHelper.java:31)
at uk.co.idealflatmate.tests.AreaPageTest.firstFeaturedHomePageHeader(AreaPageTest.java:19)
at sun.reflect.NativeMethodAccessorImpl.invoke0(Native Method)
at sun.reflect.NativeMethodAccessorImpl.invoke(NativeMethodAccessorImpl.java:62)
at sun.reflect.DelegatingMethodAccessorImpl.invoke(DelegatingMethodAccessorImpl.java:43)
at java.lang.reflect.Method.invoke(Method.java:498)
at org.testng.internal.MethodInvocationHelper.invokeMethod(MethodInvocationHelper.java:124)
at org.testng.internal.Invoker.invokeMethod(Invoker.java:583)
at org.testng.internal.Invoker.invokeTestMethod(Invoker.java:719)
at org.testng.internal.Invoker.invokeTestMethods(Invoker.java:989)
at org.testng.internal.TestMethodWorker.invokeTestMethods(TestMethodWorker.java:125)
at org.testng.internal.TestMethodWorker.run(TestMethodWorker.java:109)
at java.util.concurrent.ThreadPoolExecutor.runWorker(ThreadPoolExecutor.java:1149)
at java.util.concurrent.ThreadPoolExecutor$Worker.run(ThreadPoolExecutor.java:624)
at java.lang.Thread.run(Thread.java:748)
Caused by: org.openqa.selenium.WebDriverException: unknown error: Element <a href="#rooms" class="scrollink js-area-page">...</a> is not clickable at point (949, 34). Other element would receive the click: <div class="container-fluid">...</div>
  (Session info: chrome=71.0.3578.98)
  (Driver info: chromedriver=72.0.3626.69 (3c16f8a135abc0d4da2dff33804db79b849a7c38),platform=Windows NT 10.0.16299 x86_64) (WARNING: The server did not provide any stacktrace information)
Command duration or timeout: 0 milliseconds
Build info: version: '3.141.59', revision: 'e82be7d358', time: '2018-11-14T08:17:03'
System info: host: 'PRIVATE-1074', ip: '10.8.1.74', os.name: 'Windows 10', os.arch: 'amd64', os.version: '10.0', java.version: '1.8.0_152'
Driver info: org.openqa.selenium.chrome.ChromeDriver
Capabilities {acceptInsecureCerts: false, acceptSslCerts: false, applicationCacheEnabled: false, browserConnectionEnabled: false, browserName: chrome, chrome: {chromedriverVersion: 72.0.3626.69 (3c16f8a135abc..., userDataDir: C:\Users\LUKHOV~1\AppData\L...}, cssSelectorsEnabled: true, databaseEnabled: false, goog:chromeOptions: {debuggerAddress: localhost:55946}, handlesAlerts: true, hasTouchScreen: false, javascriptEnabled: true, locationContextEnabled: true, mobileEmulationEnabled: false, nativeEvents: true, networkConnectionEnabled: false, pageLoadStrategy: normal, platform: XP, platformName: XP, proxy: Proxy(), rotatable: false, setWindowRect: true, takesHeapSnapshot: true, takesScreenshot: true, timeouts: {implicit: 0, pageLoad: 300000, script: 30000}, unexpectedAlertBehaviour: ignore, unhandledPromptBehavior: ignore, version: 71.0.3578.98, webStorageEnabled: true}
Session ID: af1065ad41f2514d6cbe2a545080a876
at sun.reflect.GeneratedConstructorAccessor19.newInstance(Unknown Source)
at sun.reflect.DelegatingConstructorAccessorImpl.newInstance(DelegatingConstructorAccessorImpl.java:45)
at java.lang.reflect.Constructor.newInstance(Constructor.java:423)
at org.openqa.selenium.remote.ErrorHandler.createThrowable(ErrorHandler.java:214)
at org.openqa.selenium.remote.ErrorHandler.throwIfResponseFailed(ErrorHandler.java:166)
at org.openqa.selenium.remote.http.JsonHttpResponseCodec.reconstructValue(JsonHttpResponseCodec.java:40)
at org.openqa.selenium.remote.http.AbstractHttpResponseCodec.decode(AbstractHttpResponseCodec.java:80)
at org.openqa.selenium.remote.http.AbstractHttpResponseCodec.decode(AbstractHttpResponseCodec.java:44)
at org.openqa.selenium.remote.HttpCommandExecutor.execute(HttpCommandExecutor.java:158)
at org.openqa.selenium.remote.service.DriverCommandExecutor.execute(DriverCommandExecutor.java:83)
at org.openqa.selenium.remote.RemoteWebDriver.execute(RemoteWebDriver.java:552)
at org.openqa.selenium.remote.RemoteWebElement.execute(RemoteWebElement.java:285)
at org.openqa.selenium.remote.RemoteWebElement.click(RemoteWebElement.java:84)
at com.codeborne.selenide.commands.Click.click(Click.java:29)
at com.codeborne.selenide.commands.Click.execute(Click.java:16)
at com.codeborne.selenide.commands.Click.execute(Click.java:12)
at com.codeborne.selenide.commands.Commands.execute(Commands.java:144)
at com.codeborne.selenide.impl.SelenideElementProxy.dispatchAndRetry(SelenideElementProxy.java:87)
... 17 more
]]>
            </full-stacktrace>
          </exception> <!-- com.codeborne.selenide.ex.ElementNotFound -->
          <reporter-output>
          </reporter-output>
        </test-method> <!-- firstFeaturedHomePageHeader -->
        <test-method status="FAIL" signature="firstFeaturedLinkArea()[pri:0, instance:uk.co.idealflatmate.tests.AreaPageTest@4e1d422d]" name="firstFeaturedLinkArea" duration-ms="36740" started-at="2019-01-29T09:55:34Z" finished-at="2019-01-29T09:56:10Z">
          <exception class="com.codeborne.selenide.ex.ListSizeMismatch">
            <message>
              <![CDATA[: expected: = 6, actual: 0, collection: By.xpath: //div[@class='u_p15-top u_p15-bottom u_p0-left-xs u_p0-right-xs quick-flex-line']/a
Elements: []]]>
            </message>
            <full-stacktrace>
              <![CDATA[ListSizeMismatch : expected: = 6, actual: 0, collection: By.xpath: //div[@class='u_p15-top u_p15-bottom u_p0-left-xs u_p0-right-xs quick-flex-line']/a
Elements: []
Screenshot: file:/C:/Users/lukhovytskyi/Documents/GitHub/idealflatmatetest/build/reports/tests/1548755768990.5.png
Page source: file:/C:/Users/lukhovytskyi/Documents/GitHub/idealflatmatetest/build/reports/tests/1548755768990.5.html
Timeout: 6 s.
at com.codeborne.selenide.collections.ListSize.fail(ListSize.java:24)
at com.codeborne.selenide.ElementsCollection.waitUntil(ElementsCollection.java:98)
at com.codeborne.selenide.ElementsCollection.should(ElementsCollection.java:57)
at com.codeborne.selenide.ElementsCollection.shouldHave(ElementsCollection.java:48)
at com.codeborne.selenide.ElementsCollection.shouldHaveSize(ElementsCollection.java:33)
at uk.co.idealflatmate.appmanager.AreaPageHelper.checklinkNearbyAreas(AreaPageHelper.java:63)
at uk.co.idealflatmate.tests.AreaPageTest.firstFeaturedLinkArea(AreaPageTest.java:29)
at sun.reflect.NativeMethodAccessorImpl.invoke0(Native Method)
at sun.reflect.NativeMethodAccessorImpl.invoke(NativeMethodAccessorImpl.java:62)
at sun.reflect.DelegatingMethodAccessorImpl.invoke(DelegatingMethodAccessorImpl.java:43)
at java.lang.reflect.Method.invoke(Method.java:498)
at org.testng.internal.MethodInvocationHelper.invokeMethod(MethodInvocationHelper.java:124)
at org.testng.internal.Invoker.invokeMethod(Invoker.java:583)
at org.testng.internal.Invoker.invokeTestMethod(Invoker.java:719)
at org.testng.internal.Invoker.invokeTestMethods(Invoker.java:989)
at org.testng.internal.TestMethodWorker.invokeTestMethods(TestMethodWorker.java:125)
at org.testng.internal.TestMethodWorker.run(TestMethodWorker.java:109)
at java.util.concurrent.ThreadPoolExecutor.runWorker(ThreadPoolExecutor.java:1149)
at java.util.concurrent.ThreadPoolExecutor$Worker.run(ThreadPoolExecutor.java:624)
at java.lang.Thread.run(Thread.java:748)
]]>
            </full-stacktrace>
          </exception> <!-- com.codeborne.selenide.ex.ListSizeMismatch -->
          <reporter-output>
          </reporter-output>
        </test-method> <!-- firstFeaturedLinkArea -->
        <test-method status="FAIL" signature="exploreMoreArea()[pri:0, instance:uk.co.idealflatmate.tests.AreaPageTest@4e1d422d]" name="exploreMoreArea" duration-ms="117100" started-at="2019-01-29T09:55:42Z" finished-at="2019-01-29T09:57:40Z">
          <exception class="com.codeborne.selenide.ex.ElementShould">
            <message>
              <![CDATA[Element should have value 'Liverpool' {By.xpath: //div[@class='search-panel hidden-xs']//input}
Element: '<input aria-autocomplete="list" aria-controls="react-autowhatever-1" autocomplete="off" class="react-autosuggest__input" placeholder="Search city, area, postcode" type="text"></input>']]>
            </message>
            <full-stacktrace>
              <![CDATA[Element should have value 'Liverpool' {By.xpath: //div[@class='search-panel hidden-xs']//input}
Element: '<input aria-autocomplete="list" aria-controls="react-autowhatever-1" autocomplete="off" class="react-autosuggest__input" placeholder="Search city, area, postcode" type="text"></input>'
Screenshot: file:/C:/Users/lukhovytskyi/Documents/GitHub/idealflatmatetest/build/reports/tests/1548755856402.7.png
Page source: file:/C:/Users/lukhovytskyi/Documents/GitHub/idealflatmatetest/build/reports/tests/1548755856402.7.html
Timeout: 10 s.
at com.codeborne.selenide.impl.WebElementSource.checkCondition(WebElementSource.java:66)
at com.codeborne.selenide.commands.Should.should(Should.java:35)
at com.codeborne.selenide.commands.Should.execute(Should.java:29)
at com.codeborne.selenide.commands.Should.execute(Should.java:12)
at com.codeborne.selenide.commands.Commands.execute(Commands.java:144)
at com.codeborne.selenide.impl.SelenideElementProxy.dispatchAndRetry(SelenideElementProxy.java:87)
at com.codeborne.selenide.impl.SelenideElementProxy.invoke(SelenideElementProxy.java:63)
at com.sun.proxy.$Proxy5.shouldHave(Unknown Source)
at uk.co.idealflatmate.appmanager.AreaPageHelper.checkAllAreas(AreaPageHelper.java:195)
at uk.co.idealflatmate.tests.AreaPageTest.exploreMoreArea(AreaPageTest.java:73)
at sun.reflect.NativeMethodAccessorImpl.invoke0(Native Method)
at sun.reflect.NativeMethodAccessorImpl.invoke(NativeMethodAccessorImpl.java:62)
at sun.reflect.DelegatingMethodAccessorImpl.invoke(DelegatingMethodAccessorImpl.java:43)
at java.lang.reflect.Method.invoke(Method.java:498)
at org.testng.internal.MethodInvocationHelper.invokeMethod(MethodInvocationHelper.java:124)
at org.testng.internal.Invoker.invokeMethod(Invoker.java:583)
at org.testng.internal.Invoker.invokeTestMethod(Invoker.java:719)
at org.testng.internal.Invoker.invokeTestMethods(Invoker.java:989)
at org.testng.internal.TestMethodWorker.invokeTestMethods(TestMethodWorker.java:125)
at org.testng.internal.TestMethodWorker.run(TestMethodWorker.java:109)
at java.util.concurrent.ThreadPoolExecutor.runWorker(ThreadPoolExecutor.java:1149)
at java.util.concurrent.ThreadPoolExecutor$Worker.run(ThreadPoolExecutor.java:624)
at java.lang.Thread.run(Thread.java:748)
]]>
            </full-stacktrace>
          </exception> <!-- com.codeborne.selenide.ex.ElementShould -->
          <reporter-output>
          </reporter-output>
        </test-method> <!-- exploreMoreArea -->
        <test-method status="PASS" signature="setupMethod()[pri:0, instance:uk.co.idealflatmate.tests.AreaPageTest@4e1d422d]" name="setupMethod" is-config="true" duration-ms="121107" started-at="2019-01-29T09:55:47Z" finished-at="2019-01-29T09:57:48Z">
          <reporter-output>
          </reporter-output>
        </test-method> <!-- setupMethod -->
        <test-method status="PASS" signature="firstFeaturedLinkMap()[pri:0, instance:uk.co.idealflatmate.tests.AreaPageTest@4e1d422d]" name="firstFeaturedLinkMap" duration-ms="44546" started-at="2019-01-29T09:56:26Z" finished-at="2019-01-29T09:57:11Z">
          <reporter-output>
          </reporter-output>
        </test-method> <!-- firstFeaturedLinkMap -->
        <test-method status="FAIL" signature="seeMoreRooms()[pri:0, instance:uk.co.idealflatmate.tests.AreaPageTest@4e1d422d]" name="seeMoreRooms" duration-ms="30572" started-at="2019-01-29T09:57:48Z" finished-at="2019-01-29T09:58:19Z">
          <exception class="java.lang.StringIndexOutOfBoundsException">
            <message>
              <![CDATA[String index out of range: 37]]>
            </message>
            <full-stacktrace>
              <![CDATA[java.lang.StringIndexOutOfBoundsException: String index out of range: 37
at java.lang.String.substring(String.java:1963)
at uk.co.idealflatmate.appmanager.AreaPageHelper.checkLinkSeeMoreRooms(AreaPageHelper.java:83)
at uk.co.idealflatmate.tests.AreaPageTest.seeMoreRooms(AreaPageTest.java:50)
at sun.reflect.NativeMethodAccessorImpl.invoke0(Native Method)
at sun.reflect.NativeMethodAccessorImpl.invoke(NativeMethodAccessorImpl.java:62)
at sun.reflect.DelegatingMethodAccessorImpl.invoke(DelegatingMethodAccessorImpl.java:43)
at java.lang.reflect.Method.invoke(Method.java:498)
at org.testng.internal.MethodInvocationHelper.invokeMethod(MethodInvocationHelper.java:124)
at org.testng.internal.Invoker.invokeMethod(Invoker.java:583)
at org.testng.internal.Invoker.invokeTestMethod(Invoker.java:719)
at org.testng.internal.Invoker.invokeTestMethods(Invoker.java:989)
at org.testng.internal.TestMethodWorker.invokeTestMethods(TestMethodWorker.java:125)
at org.testng.internal.TestMethodWorker.run(TestMethodWorker.java:109)
at java.util.concurrent.ThreadPoolExecutor.runWorker(ThreadPoolExecutor.java:1149)
at java.util.concurrent.ThreadPoolExecutor$Worker.run(ThreadPoolExecutor.java:624)
at java.lang.Thread.run(Thread.java:748)
]]>
            </full-stacktrace>
          </exception> <!-- java.lang.StringIndexOutOfBoundsException -->
          <reporter-output>
          </reporter-output>
        </test-method> <!-- seeMoreRooms -->
      </class> <!-- uk.co.idealflatmate.tests.AreaPageTest -->
      <class name="uk.co.idealflatmate.tests.ZEmailTests">
        <test-method status="PASS" signature="setupMethod()[pri:0, instance:uk.co.idealflatmate.tests.ZEmailTests@6fc6f14e]" name="setupMethod" is-config="true" duration-ms="65961" started-at="2019-01-29T10:15:17Z" finished-at="2019-01-29T10:16:23Z">
          <reporter-output>
          </reporter-output>
        </test-method> <!-- setupMethod -->
        <test-method status="FAIL" signature="TestSuccessfulEmailReceivingWelcomeListingMessageSubscriptionCancSub()[pri:0, instance:uk.co.idealflatmate.tests.ZEmailTests@6fc6f14e]" name="TestSuccessfulEmailReceivingWelcomeListingMessageSubscriptionCancSub" duration-ms="98485" started-at="2019-01-29T10:16:23Z" finished-at="2019-01-29T10:18:02Z">
          <exception class="com.codeborne.selenide.ex.ElementNotFound">
            <message>
              <![CDATA[Element not found {By.xpath: //span[contains(text(), 'AM') or contains(text(), 'PM')]//ancestor::tr//div[span[contains(text(), 'Welcome')]][1]//ancestor::tr//td/div[@role='checkbox']}
Expected: exist]]>
            </message>
            <full-stacktrace>
              <![CDATA[Element not found {By.xpath: //span[contains(text(), 'AM') or contains(text(), 'PM')]//ancestor::tr//div[span[contains(text(), 'Welcome')]][1]//ancestor::tr//td/div[@role='checkbox']}
Expected: exist
Screenshot: file:/C:/Users/lukhovytskyi/Documents/GitHub/idealflatmatetest/build/reports/tests/1548757067236.64.png
Page source: file:/C:/Users/lukhovytskyi/Documents/GitHub/idealflatmatetest/build/reports/tests/1548757067236.64.html
Timeout: 10 s.
Caused by: StaleElementReferenceException: stale element reference: element is not attached to the page document
at com.codeborne.selenide.impl.WebElementSource.createElementNotFoundError(WebElementSource.java:31)
at com.codeborne.selenide.impl.ElementFinder.createElementNotFoundError(ElementFinder.java:82)
at com.codeborne.selenide.impl.SelenideElementProxy.dispatchAndRetry(SelenideElementProxy.java:116)
at com.codeborne.selenide.impl.SelenideElementProxy.invoke(SelenideElementProxy.java:63)
at com.sun.proxy.$Proxy5.click(Unknown Source)
at uk.co.idealflatmate.appmanager.EmailHelper.tipCheckboxWelcome(EmailHelper.java:59)
at uk.co.idealflatmate.tests.ZEmailTests.TestSuccessfulEmailReceivingWelcomeListingMessageSubscriptionCancSub(ZEmailTests.java:18)
at sun.reflect.NativeMethodAccessorImpl.invoke0(Native Method)
at sun.reflect.NativeMethodAccessorImpl.invoke(NativeMethodAccessorImpl.java:62)
at sun.reflect.DelegatingMethodAccessorImpl.invoke(DelegatingMethodAccessorImpl.java:43)
at java.lang.reflect.Method.invoke(Method.java:498)
at org.testng.internal.MethodInvocationHelper.invokeMethod(MethodInvocationHelper.java:124)
at org.testng.internal.Invoker.invokeMethod(Invoker.java:583)
at org.testng.internal.Invoker.invokeTestMethod(Invoker.java:719)
at org.testng.internal.Invoker.invokeTestMethods(Invoker.java:989)
at org.testng.internal.TestMethodWorker.invokeTestMethods(TestMethodWorker.java:125)
at org.testng.internal.TestMethodWorker.run(TestMethodWorker.java:109)
at java.util.concurrent.ThreadPoolExecutor.runWorker(ThreadPoolExecutor.java:1149)
at java.util.concurrent.ThreadPoolExecutor$Worker.run(ThreadPoolExecutor.java:624)
at java.lang.Thread.run(Thread.java:748)
Caused by: org.openqa.selenium.StaleElementReferenceException: stale element reference: element is not attached to the page document
  (Session info: chrome=71.0.3578.98)
  (Driver info: chromedriver=72.0.3626.69 (3c16f8a135abc0d4da2dff33804db79b849a7c38),platform=Windows NT 10.0.16299 x86_64) (WARNING: The server did not provide any stacktrace information)
Command duration or timeout: 0 milliseconds
For documentation on this error, please visit: https://www.seleniumhq.org/exceptions/stale_element_reference.html
Build info: version: '3.141.59', revision: 'e82be7d358', time: '2018-11-14T08:17:03'
System info: host: 'PRIVATE-1074', ip: '10.8.1.74', os.name: 'Windows 10', os.arch: 'amd64', os.version: '10.0', java.version: '1.8.0_152'
Driver info: org.openqa.selenium.chrome.ChromeDriver
Capabilities {acceptInsecureCerts: false, acceptSslCerts: false, applicationCacheEnabled: false, browserConnectionEnabled: false, browserName: chrome, chrome: {chromedriverVersion: 72.0.3626.69 (3c16f8a135abc..., userDataDir: C:\Users\LUKHOV~1\AppData\L...}, cssSelectorsEnabled: true, databaseEnabled: false, goog:chromeOptions: {debuggerAddress: localhost:52092}, handlesAlerts: true, hasTouchScreen: false, javascriptEnabled: true, locationContextEnabled: true, mobileEmulationEnabled: false, nativeEvents: true, networkConnectionEnabled: false, pageLoadStrategy: normal, platform: XP, platformName: XP, proxy: Proxy(), rotatable: false, setWindowRect: true, takesHeapSnapshot: true, takesScreenshot: true, timeouts: {implicit: 0, pageLoad: 300000, script: 30000}, unexpectedAlertBehaviour: ignore, unhandledPromptBehavior: ignore, version: 71.0.3578.98, webStorageEnabled: true}
Session ID: 693cce3b17c4ea534891961b8dac4738
at sun.reflect.NativeConstructorAccessorImpl.newInstance0(Native Method)
at sun.reflect.NativeConstructorAccessorImpl.newInstance(NativeConstructorAccessorImpl.java:62)
at sun.reflect.DelegatingConstructorAccessorImpl.newInstance(DelegatingConstructorAccessorImpl.java:45)
at java.lang.reflect.Constructor.newInstance(Constructor.java:423)
at org.openqa.selenium.remote.ErrorHandler.createThrowable(ErrorHandler.java:214)
at org.openqa.selenium.remote.ErrorHandler.throwIfResponseFailed(ErrorHandler.java:166)
at org.openqa.selenium.remote.http.JsonHttpResponseCodec.reconstructValue(JsonHttpResponseCodec.java:40)
at org.openqa.selenium.remote.http.AbstractHttpResponseCodec.decode(AbstractHttpResponseCodec.java:80)
at org.openqa.selenium.remote.http.AbstractHttpResponseCodec.decode(AbstractHttpResponseCodec.java:44)
at org.openqa.selenium.remote.HttpCommandExecutor.execute(HttpCommandExecutor.java:158)
at org.openqa.selenium.remote.service.DriverCommandExecutor.execute(DriverCommandExecutor.java:83)
at org.openqa.selenium.remote.RemoteWebDriver.execute(RemoteWebDriver.java:552)
at org.openqa.selenium.remote.RemoteWebElement.execute(RemoteWebElement.java:285)
at org.openqa.selenium.remote.RemoteWebElement.click(RemoteWebElement.java:84)
at com.codeborne.selenide.commands.Click.click(Click.java:29)
at com.codeborne.selenide.commands.Click.execute(Click.java:16)
at com.codeborne.selenide.commands.Click.execute(Click.java:12)
at com.codeborne.selenide.commands.Commands.execute(Commands.java:144)
at com.codeborne.selenide.impl.SelenideElementProxy.dispatchAndRetry(SelenideElementProxy.java:87)
... 17 more
]]>
            </full-stacktrace>
          </exception> <!-- com.codeborne.selenide.ex.ElementNotFound -->
          <reporter-output>
          </reporter-output>
        </test-method> <!-- TestSuccessfulEmailReceivingWelcomeListingMessageSubscriptionCancSub -->
      </class> <!-- uk.co.idealflatmate.tests.ZEmailTests -->
      <class name="uk.co.idealflatmate.tests.FooterTest">
        <test-method status="PASS" signature="setupMethod()[pri:0, instance:uk.co.idealflatmate.tests.FooterTest@52a86356]" name="setupMethod" is-config="true" duration-ms="80290" started-at="2019-01-29T10:00:15Z" finished-at="2019-01-29T10:01:35Z">
          <reporter-output>
          </reporter-output>
        </test-method> <!-- setupMethod -->
        <test-method status="PASS" signature="setupMethod()[pri:0, instance:uk.co.idealflatmate.tests.FooterTest@52a86356]" name="setupMethod" is-config="true" duration-ms="72889" started-at="2019-01-29T10:00:30Z" finished-at="2019-01-29T10:01:43Z">
          <reporter-output>
          </reporter-output>
        </test-method> <!-- setupMethod -->
        <test-method status="PASS" signature="setupMethod()[pri:0, instance:uk.co.idealflatmate.tests.FooterTest@52a86356]" name="setupMethod" is-config="true" duration-ms="64904" started-at="2019-01-29T10:00:42Z" finished-at="2019-01-29T10:01:47Z">
          <reporter-output>
          </reporter-output>
        </test-method> <!-- setupMethod -->
        <test-method status="PASS" signature="setupMethod()[pri:0, instance:uk.co.idealflatmate.tests.FooterTest@52a86356]" name="setupMethod" is-config="true" duration-ms="60059" started-at="2019-01-29T10:01:01Z" finished-at="2019-01-29T10:02:01Z">
          <reporter-output>
          </reporter-output>
        </test-method> <!-- setupMethod -->
        <test-method status="PASS" signature="setupMethod()[pri:0, instance:uk.co.idealflatmate.tests.FooterTest@52a86356]" name="setupMethod" is-config="true" duration-ms="60580" started-at="2019-01-29T10:01:12Z" finished-at="2019-01-29T10:02:13Z">
          <reporter-output>
          </reporter-output>
        </test-method> <!-- setupMethod -->
        <test-method status="PASS" signature="setupMethod()[pri:0, instance:uk.co.idealflatmate.tests.FooterTest@52a86356]" name="setupMethod" is-config="true" duration-ms="112884" started-at="2019-01-29T10:01:14Z" finished-at="2019-01-29T10:03:07Z">
          <reporter-output>
          </reporter-output>
        </test-method> <!-- setupMethod -->
        <test-method status="PASS" signature="setupMethod()[pri:0, instance:uk.co.idealflatmate.tests.FooterTest@52a86356]" name="setupMethod" is-config="true" duration-ms="49779" started-at="2019-01-29T10:01:30Z" finished-at="2019-01-29T10:02:20Z">
          <reporter-output>
          </reporter-output>
        </test-method> <!-- setupMethod -->
        <test-method status="PASS" signature="setupMethod()[pri:0, instance:uk.co.idealflatmate.tests.FooterTest@52a86356]" name="setupMethod" is-config="true" duration-ms="43253" started-at="2019-01-29T10:01:32Z" finished-at="2019-01-29T10:02:15Z">
          <reporter-output>
          </reporter-output>
        </test-method> <!-- setupMethod -->
        <test-method status="PASS" signature="footerAboutUsLink()[pri:0, instance:uk.co.idealflatmate.tests.FooterTest@52a86356]" name="footerAboutUsLink" duration-ms="15375" started-at="2019-01-29T10:01:35Z" finished-at="2019-01-29T10:01:51Z">
          <reporter-output>
          </reporter-output>
        </test-method> <!-- footerAboutUsLink -->
        <test-method status="PASS" signature="footerAskLandlord()[pri:0, instance:uk.co.idealflatmate.tests.FooterTest@52a86356]" name="footerAskLandlord" duration-ms="19348" started-at="2019-01-29T10:01:43Z" finished-at="2019-01-29T10:02:03Z">
          <reporter-output>
          </reporter-output>
        </test-method> <!-- footerAskLandlord -->
        <test-method status="FAIL" signature="footerBlogLink()[pri:0, instance:uk.co.idealflatmate.tests.FooterTest@52a86356]" name="footerBlogLink" duration-ms="41320" started-at="2019-01-29T10:01:47Z" finished-at="2019-01-29T10:02:28Z">
          <exception class="com.codeborne.selenide.ex.UIAssertionError">
            <message>
              <![CDATA[TimeoutException: Expected condition failed: waiting for window to be available by index: 1 (tried for 10 second(s) with 100 milliseconds interval)
Build info: version: '3.141.59', revision: 'e82be7d358', time: '2018-11-14T08:17:03'
System info: host: 'PRIVATE-1074', ip: '10.8.1.74', os.name: 'Windows 10', os.arch: 'amd64', os.version: '10.0', java.version: '1.8.0_152'
Driver info: driver.version: unknown]]>
            </message>
            <full-stacktrace>
              <![CDATA[UIAssertionError TimeoutException: Expected condition failed: waiting for window to be available by index: 1 (tried for 10 second(s) with 100 milliseconds interval)
Build info: version: '3.141.59', revision: 'e82be7d358', time: '2018-11-14T08:17:03'
System info: host: 'PRIVATE-1074', ip: '10.8.1.74', os.name: 'Windows 10', os.arch: 'amd64', os.version: '10.0', java.version: '1.8.0_152'
Driver info: driver.version: unknown
Screenshot: file:/C:/Users/lukhovytskyi/Documents/GitHub/idealflatmatetest/build/reports/tests/1548756129467.10.png
Page source: file:/C:/Users/lukhovytskyi/Documents/GitHub/idealflatmatetest/build/reports/tests/1548756129467.10.html
Timeout: 10 s.
Caused by: TimeoutException: Expected condition failed: waiting for window to be available by index: 1 (tried for 10 second(s) with 100 milliseconds interval)
at com.codeborne.selenide.ex.UIAssertionError.wrapThrowable(UIAssertionError.java:63)
at com.codeborne.selenide.SelenideTargetLocator.window(SelenideTargetLocator.java:151)
at uk.co.idealflatmate.appmanager.VerificationHelper.FMBlogPage(VerificationHelper.java:729)
at uk.co.idealflatmate.tests.FooterTest.footerBlogLink(FooterTest.java:80)
at sun.reflect.NativeMethodAccessorImpl.invoke0(Native Method)
at sun.reflect.NativeMethodAccessorImpl.invoke(NativeMethodAccessorImpl.java:62)
at sun.reflect.DelegatingMethodAccessorImpl.invoke(DelegatingMethodAccessorImpl.java:43)
at java.lang.reflect.Method.invoke(Method.java:498)
at org.testng.internal.MethodInvocationHelper.invokeMethod(MethodInvocationHelper.java:124)
at org.testng.internal.Invoker.invokeMethod(Invoker.java:583)
at org.testng.internal.Invoker.invokeTestMethod(Invoker.java:719)
at org.testng.internal.Invoker.invokeTestMethods(Invoker.java:989)
at org.testng.internal.TestMethodWorker.invokeTestMethods(TestMethodWorker.java:125)
at org.testng.internal.TestMethodWorker.run(TestMethodWorker.java:109)
at java.util.concurrent.ThreadPoolExecutor.runWorker(ThreadPoolExecutor.java:1149)
at java.util.concurrent.ThreadPoolExecutor$Worker.run(ThreadPoolExecutor.java:624)
at java.lang.Thread.run(Thread.java:748)
Caused by: org.openqa.selenium.TimeoutException: Expected condition failed: waiting for window to be available by index: 1 (tried for 10 second(s) with 100 milliseconds interval)
Build info: version: '3.141.59', revision: 'e82be7d358', time: '2018-11-14T08:17:03'
System info: host: 'PRIVATE-1074', ip: '10.8.1.74', os.name: 'Windows 10', os.arch: 'amd64', os.version: '10.0', java.version: '1.8.0_152'
Driver info: driver.version: unknown
at org.openqa.selenium.support.ui.FluentWait.timeoutException(FluentWait.java:304)
at org.openqa.selenium.support.ui.FluentWait.until(FluentWait.java:272)
at com.codeborne.selenide.SelenideTargetLocator.window(SelenideTargetLocator.java:148)
... 15 more
]]>
            </full-stacktrace>
          </exception> <!-- com.codeborne.selenide.ex.UIAssertionError -->
          <reporter-output>
          </reporter-output>
        </test-method> <!-- footerBlogLink -->
        <test-method status="PASS" signature="setupMethod()[pri:0, instance:uk.co.idealflatmate.tests.FooterTest@52a86356]" name="setupMethod" is-config="true" duration-ms="52078" started-at="2019-01-29T10:01:51Z" finished-at="2019-01-29T10:02:43Z">
          <reporter-output>
          </reporter-output>
        </test-method> <!-- setupMethod -->
        <test-method status="PASS" signature="setupMethod()[pri:0, instance:uk.co.idealflatmate.tests.FooterTest@52a86356]" name="setupMethod" is-config="true" duration-ms="22554" started-at="2019-01-29T10:01:51Z" finished-at="2019-01-29T10:02:13Z">
          <reporter-output>
          </reporter-output>
        </test-method> <!-- setupMethod -->
        <test-method status="FAIL" signature="footerBrowseFlatsharesLink()[pri:0, instance:uk.co.idealflatmate.tests.FooterTest@52a86356]" name="footerBrowseFlatsharesLink" duration-ms="50336" started-at="2019-01-29T10:02:01Z" finished-at="2019-01-29T10:02:51Z">
          <exception class="com.codeborne.selenide.ex.ElementShould">
            <message>
              <![CDATA[Element should have text '0 room matched to rent in and around Brent Park' {By.xpath: //h1[@class='h4']}
Element: '<h1 class="h4">844 rooms matched to rent</h1>']]>
            </message>
            <full-stacktrace>
              <![CDATA[Element should have text '0 room matched to rent in and around Brent Park' {By.xpath: //h1[@class='h4']}
Element: '<h1 class="h4">844 rooms matched to rent</h1>'
Screenshot: file:/C:/Users/lukhovytskyi/Documents/GitHub/idealflatmatetest/build/reports/tests/1548756167073.12.png
Page source: file:/C:/Users/lukhovytskyi/Documents/GitHub/idealflatmatetest/build/reports/tests/1548756167073.12.html
Timeout: 10 s.
at com.codeborne.selenide.impl.WebElementSource.checkCondition(WebElementSource.java:66)
at com.codeborne.selenide.commands.Should.should(Should.java:35)
at com.codeborne.selenide.commands.Should.execute(Should.java:29)
at com.codeborne.selenide.commands.Should.execute(Should.java:12)
at com.codeborne.selenide.commands.Commands.execute(Commands.java:144)
at com.codeborne.selenide.impl.SelenideElementProxy.dispatchAndRetry(SelenideElementProxy.java:87)
at com.codeborne.selenide.impl.SelenideElementProxy.invoke(SelenideElementProxy.java:63)
at com.sun.proxy.$Proxy5.shouldHave(Unknown Source)
at uk.co.idealflatmate.appmanager.FooterHelper.verificationBrowseFlatshares(FooterHelper.java:27)
at uk.co.idealflatmate.tests.FooterTest.footerBrowseFlatsharesLink(FooterTest.java:90)
at sun.reflect.NativeMethodAccessorImpl.invoke0(Native Method)
at sun.reflect.NativeMethodAccessorImpl.invoke(NativeMethodAccessorImpl.java:62)
at sun.reflect.DelegatingMethodAccessorImpl.invoke(DelegatingMethodAccessorImpl.java:43)
at java.lang.reflect.Method.invoke(Method.java:498)
at org.testng.internal.MethodInvocationHelper.invokeMethod(MethodInvocationHelper.java:124)
at org.testng.internal.Invoker.invokeMethod(Invoker.java:583)
at org.testng.internal.Invoker.invokeTestMethod(Invoker.java:719)
at org.testng.internal.Invoker.invokeTestMethods(Invoker.java:989)
at org.testng.internal.TestMethodWorker.invokeTestMethods(TestMethodWorker.java:125)
at org.testng.internal.TestMethodWorker.run(TestMethodWorker.java:109)
at java.util.concurrent.ThreadPoolExecutor.runWorker(ThreadPoolExecutor.java:1149)
at java.util.concurrent.ThreadPoolExecutor$Worker.run(ThreadPoolExecutor.java:624)
at java.lang.Thread.run(Thread.java:748)
]]>
            </full-stacktrace>
          </exception> <!-- com.codeborne.selenide.ex.ElementShould -->
          <reporter-output>
          </reporter-output>
        </test-method> <!-- footerBrowseFlatsharesLink -->
        <test-method status="PASS" signature="setupMethod()[pri:0, instance:uk.co.idealflatmate.tests.FooterTest@52a86356]" name="setupMethod" is-config="true" duration-ms="35969" started-at="2019-01-29T10:02:03Z" finished-at="2019-01-29T10:02:39Z">
          <reporter-output>
          </reporter-output>
        </test-method> <!-- setupMethod -->
        <test-method status="PASS" signature="footerBrowseHowItWorksLink()[pri:0, instance:uk.co.idealflatmate.tests.FooterTest@52a86356]" name="footerBrowseHowItWorksLink" duration-ms="23442" started-at="2019-01-29T10:02:13Z" finished-at="2019-01-29T10:02:36Z">
          <reporter-output>
          </reporter-output>
        </test-method> <!-- footerBrowseHowItWorksLink -->
        <test-method status="PASS" signature="footerMediaLink()[pri:0, instance:uk.co.idealflatmate.tests.FooterTest@52a86356]" name="footerMediaLink" duration-ms="15641" started-at="2019-01-29T10:02:13Z" finished-at="2019-01-29T10:02:29Z">
          <reporter-output>
          </reporter-output>
        </test-method> <!-- footerMediaLink -->
        <test-method status="PASS" signature="footerHomeLink()[pri:0, instance:uk.co.idealflatmate.tests.FooterTest@52a86356]" name="footerHomeLink" duration-ms="14217" started-at="2019-01-29T10:02:15Z" finished-at="2019-01-29T10:02:30Z">
          <reporter-output>
          </reporter-output>
        </test-method> <!-- footerHomeLink -->
        <test-method status="PASS" signature="footerContactLink()[pri:0, instance:uk.co.idealflatmate.tests.FooterTest@52a86356]" name="footerContactLink" duration-ms="14547" started-at="2019-01-29T10:02:20Z" finished-at="2019-01-29T10:02:34Z">
          <reporter-output>
          </reporter-output>
        </test-method> <!-- footerContactLink -->
        <test-method status="PASS" signature="setupMethod()[pri:0, instance:uk.co.idealflatmate.tests.FooterTest@52a86356]" name="setupMethod" is-config="true" duration-ms="101904" started-at="2019-01-29T10:02:28Z" finished-at="2019-01-29T10:04:10Z">
          <reporter-output>
          </reporter-output>
        </test-method> <!-- setupMethod -->
        <test-method status="PASS" signature="setupMethod()[pri:0, instance:uk.co.idealflatmate.tests.FooterTest@52a86356]" name="setupMethod" is-config="true" duration-ms="109739" started-at="2019-01-29T10:02:29Z" finished-at="2019-01-29T10:04:19Z">
          <reporter-output>
          </reporter-output>
        </test-method> <!-- setupMethod -->
        <test-method status="PASS" signature="setupMethod()[pri:0, instance:uk.co.idealflatmate.tests.FooterTest@52a86356]" name="setupMethod" is-config="true" duration-ms="24975" started-at="2019-01-29T10:02:30Z" finished-at="2019-01-29T10:02:55Z">
          <reporter-output>
          </reporter-output>
        </test-method> <!-- setupMethod -->
        <test-method status="PASS" signature="setupMethod()[pri:0, instance:uk.co.idealflatmate.tests.FooterTest@52a86356]" name="setupMethod" is-config="true" duration-ms="77692" started-at="2019-01-29T10:02:31Z" finished-at="2019-01-29T10:03:49Z">
          <reporter-output>
          </reporter-output>
        </test-method> <!-- setupMethod -->
        <test-method status="PASS" signature="setupMethod()[pri:0, instance:uk.co.idealflatmate.tests.FooterTest@52a86356]" name="setupMethod" is-config="true" duration-ms="23893" started-at="2019-01-29T10:02:34Z" finished-at="2019-01-29T10:02:58Z">
          <reporter-output>
          </reporter-output>
        </test-method> <!-- setupMethod -->
        <test-method status="PASS" signature="setupMethod()[pri:0, instance:uk.co.idealflatmate.tests.FooterTest@52a86356]" name="setupMethod" is-config="true" duration-ms="34693" started-at="2019-01-29T10:02:36Z" finished-at="2019-01-29T10:03:11Z">
          <reporter-output>
          </reporter-output>
        </test-method> <!-- setupMethod -->
        <test-method status="PASS" signature="footerModern()[pri:0, instance:uk.co.idealflatmate.tests.FooterTest@52a86356]" name="footerModern" duration-ms="7515" started-at="2019-01-29T10:02:39Z" finished-at="2019-01-29T10:02:46Z">
          <reporter-output>
          </reporter-output>
        </test-method> <!-- footerModern -->
        <test-method status="PASS" signature="footerInstagramLink()[pri:0, instance:uk.co.idealflatmate.tests.FooterTest@52a86356]" name="footerInstagramLink" duration-ms="9019" started-at="2019-01-29T10:02:43Z" finished-at="2019-01-29T10:02:52Z">
          <reporter-output>
          </reporter-output>
        </test-method> <!-- footerInstagramLink -->
        <test-method status="PASS" signature="footerPricingLink()[pri:0, instance:uk.co.idealflatmate.tests.FooterTest@52a86356]" name="footerPricingLink" duration-ms="18441" started-at="2019-01-29T10:02:55Z" finished-at="2019-01-29T10:03:13Z">
          <reporter-output>
          </reporter-output>
        </test-method> <!-- footerPricingLink -->
        <test-method status="PASS" signature="footerTwitterLink()[pri:0, instance:uk.co.idealflatmate.tests.FooterTest@52a86356]" name="footerTwitterLink" duration-ms="10862" started-at="2019-01-29T10:02:58Z" finished-at="2019-01-29T10:03:09Z">
          <reporter-output>
          </reporter-output>
        </test-method> <!-- footerTwitterLink -->
        <test-method status="FAIL" signature="footerBrowseTipsLink()[pri:0, instance:uk.co.idealflatmate.tests.FooterTest@52a86356]" name="footerBrowseTipsLink" duration-ms="23612" started-at="2019-01-29T10:03:07Z" finished-at="2019-01-29T10:03:30Z">
          <exception class="com.codeborne.selenide.ex.ElementNotFound">
            <message>
              <![CDATA[Element not found {By.xpath: //title[contains(text(), 'Tips')]}
Expected: exist]]>
            </message>
            <full-stacktrace>
              <![CDATA[Element not found {By.xpath: //title[contains(text(), 'Tips')]}
Expected: exist
Screenshot: file:/C:/Users/lukhovytskyi/Documents/GitHub/idealflatmatetest/build/reports/tests/1548756209466.14.png
Page source: file:/C:/Users/lukhovytskyi/Documents/GitHub/idealflatmatetest/build/reports/tests/1548756209466.14.html
Timeout: 10 s.
Caused by: NoSuchElementException: no such element: Unable to locate element: {"method":"xpath","selector":"//title[contains(text(), 'Tips')]"}
at com.codeborne.selenide.impl.WebElementSource.createElementNotFoundError(WebElementSource.java:31)
at com.codeborne.selenide.impl.ElementFinder.createElementNotFoundError(ElementFinder.java:82)
at com.codeborne.selenide.impl.WebElementSource.checkCondition(WebElementSource.java:59)
at com.codeborne.selenide.commands.Should.should(Should.java:35)
at com.codeborne.selenide.commands.Should.execute(Should.java:29)
at com.codeborne.selenide.commands.Should.execute(Should.java:12)
at com.codeborne.selenide.commands.Commands.execute(Commands.java:144)
at com.codeborne.selenide.impl.SelenideElementProxy.dispatchAndRetry(SelenideElementProxy.java:87)
at com.codeborne.selenide.impl.SelenideElementProxy.invoke(SelenideElementProxy.java:63)
at com.sun.proxy.$Proxy5.waitUntil(Unknown Source)
at uk.co.idealflatmate.appmanager.FooterHelper.verificationFooter(FooterHelper.java:127)
at uk.co.idealflatmate.tests.FooterTest.footerBrowseTipsLink(FooterTest.java:123)
at sun.reflect.NativeMethodAccessorImpl.invoke0(Native Method)
at sun.reflect.NativeMethodAccessorImpl.invoke(NativeMethodAccessorImpl.java:62)
at sun.reflect.DelegatingMethodAccessorImpl.invoke(DelegatingMethodAccessorImpl.java:43)
at java.lang.reflect.Method.invoke(Method.java:498)
at org.testng.internal.MethodInvocationHelper.invokeMethod(MethodInvocationHelper.java:124)
at org.testng.internal.Invoker.invokeMethod(Invoker.java:583)
at org.testng.internal.Invoker.invokeTestMethod(Invoker.java:719)
at org.testng.internal.Invoker.invokeTestMethods(Invoker.java:989)
at org.testng.internal.TestMethodWorker.invokeTestMethods(TestMethodWorker.java:125)
at org.testng.internal.TestMethodWorker.run(TestMethodWorker.java:109)
at java.util.concurrent.ThreadPoolExecutor.runWorker(ThreadPoolExecutor.java:1149)
at java.util.concurrent.ThreadPoolExecutor$Worker.run(ThreadPoolExecutor.java:624)
at java.lang.Thread.run(Thread.java:748)
Caused by: org.openqa.selenium.NoSuchElementException: no such element: Unable to locate element: {"method":"xpath","selector":"//title[contains(text(), 'Tips')]"}
  (Session info: chrome=71.0.3578.98)
  (Driver info: chromedriver=72.0.3626.69 (3c16f8a135abc0d4da2dff33804db79b849a7c38),platform=Windows NT 10.0.16299 x86_64) (WARNING: The server did not provide any stacktrace information)
Command duration or timeout: 0 milliseconds
For documentation on this error, please visit: https://www.seleniumhq.org/exceptions/no_such_element.html
Build info: version: '3.141.59', revision: 'e82be7d358', time: '2018-11-14T08:17:03'
System info: host: 'PRIVATE-1074', ip: '10.8.1.74', os.name: 'Windows 10', os.arch: 'amd64', os.version: '10.0', java.version: '1.8.0_152'
Driver info: org.openqa.selenium.chrome.ChromeDriver
Capabilities {acceptInsecureCerts: false, acceptSslCerts: false, applicationCacheEnabled: false, browserConnectionEnabled: false, browserName: chrome, chrome: {chromedriverVersion: 72.0.3626.69 (3c16f8a135abc..., userDataDir: C:\Users\LUKHOV~1\AppData\L...}, cssSelectorsEnabled: true, databaseEnabled: false, goog:chromeOptions: {debuggerAddress: localhost:61460}, handlesAlerts: true, hasTouchScreen: false, javascriptEnabled: true, locationContextEnabled: true, mobileEmulationEnabled: false, nativeEvents: true, networkConnectionEnabled: false, pageLoadStrategy: normal, platform: XP, platformName: XP, proxy: Proxy(), rotatable: false, setWindowRect: true, takesHeapSnapshot: true, takesScreenshot: true, timeouts: {implicit: 0, pageLoad: 300000, script: 30000}, unexpectedAlertBehaviour: ignore, unhandledPromptBehavior: ignore, version: 71.0.3578.98, webStorageEnabled: true}
Session ID: 8364420752ccddf489e73235cc3c65bc
*** Element info: {Using=xpath, value=//title[contains(text(), 'Tips')]}
at sun.reflect.GeneratedConstructorAccessor18.newInstance(Unknown Source)
at sun.reflect.DelegatingConstructorAccessorImpl.newInstance(DelegatingConstructorAccessorImpl.java:45)
at java.lang.reflect.Constructor.newInstance(Constructor.java:423)
at org.openqa.selenium.remote.ErrorHandler.createThrowable(ErrorHandler.java:214)
at org.openqa.selenium.remote.ErrorHandler.throwIfResponseFailed(ErrorHandler.java:166)
at org.openqa.selenium.remote.http.JsonHttpResponseCodec.reconstructValue(JsonHttpResponseCodec.java:40)
at org.openqa.selenium.remote.http.AbstractHttpResponseCodec.decode(AbstractHttpResponseCodec.java:80)
at org.openqa.selenium.remote.http.AbstractHttpResponseCodec.decode(AbstractHttpResponseCodec.java:44)
at org.openqa.selenium.remote.HttpCommandExecutor.execute(HttpCommandExecutor.java:158)
at org.openqa.selenium.remote.service.DriverCommandExecutor.execute(DriverCommandExecutor.java:83)
at org.openqa.selenium.remote.RemoteWebDriver.execute(RemoteWebDriver.java:552)
at org.openqa.selenium.remote.RemoteWebDriver.findElement(RemoteWebDriver.java:323)
at org.openqa.selenium.remote.RemoteWebDriver.findElementByXPath(RemoteWebDriver.java:428)
at org.openqa.selenium.By$ByXPath.findElement(By.java:353)
[...]
Command duration or timeout: 0 milliseconds
For documentation on this error, please visit: https://www.seleniumhq.org/exceptions/no_such_element.html
Build info: version: '3.141.59', revision: 'e82be7d358', time: '2018-11-14T08:17:03'
System info: host: 'PRIVATE-1074', ip: '10.8.1.74', os.name: 'Windows 10', os.arch: 'amd64', os.version: '10.0', java.version: '1.8.0_152'
Driver info: org.openqa.selenium.chrome.ChromeDriver
Capabilities {acceptInsecureCerts: false, acceptSslCerts: false, applicationCacheEnabled: false, browserConnectionEnabled: false, browserName: chrome, chrome: {chromedriverVersion: 72.0.3626.69 (3c16f8a135abc..., userDataDir: C:\Users\LUKHOV~1\AppData\L...}, cssSelectorsEnabled: true, databaseEnabled: false, goog:chromeOptions: {debuggerAddress: localhost:49251}, handlesAlerts: true, hasTouchScreen: false, javascriptEnabled: true, locationContextEnabled: true, mobileEmulationEnabled: false, nativeEvents: true, networkConnectionEnabled: false, pageLoadStrategy: normal, platform: XP, platformName: XP, proxy: Proxy(), rotatable: false, setWindowRect: true, takesHeapSnapshot: true, takesScreenshot: true, timeouts: {implicit: 0, pageLoad: 300000, script: 30000}, unexpectedAlertBehaviour: ignore, unhandledPromptBehavior: ignore, version: 71.0.3578.98, webStorageEnabled: true}
Session ID: aea8deff3edb54a05e01868bb3a24a89
*** Element info: {Using=xpath, value=//h1[@class='h4' and contains(.,'London')]}
at sun.reflect.GeneratedConstructorAccessor18.newInstance(Unknown Source)
at sun.reflect.DelegatingConstructorAccessorImpl.newInstance(DelegatingConstructorAccessorImpl.java:45)
at java.lang.reflect.Constructor.newInstance(Constructor.java:423)
at org.openqa.selenium.remote.ErrorHandler.createThrowable(ErrorHandler.java:214)
at org.openqa.selenium.remote.ErrorHandler.throwIfResponseFailed(ErrorHandler.java:166)
at org.openqa.selenium.remote.http.JsonHttpResponseCodec.reconstructValue(JsonHttpResponseCodec.java:40)
at org.openqa.selenium.remote.http.AbstractHttpResponseCodec.decode(AbstractHttpResponseCodec.java:80)
at org.openqa.selenium.remote.http.AbstractHttpResponseCodec.decode(AbstractHttpResponseCodec.java:44)
at org.openqa.selenium.remote.HttpCommandExecutor.execute(HttpCommandExecutor.java:158)
at org.openqa.selenium.remote.service.DriverCommandExecutor.execute(DriverCommandExecutor.java:83)
at org.openqa.selenium.remote.RemoteWebDriver.execute(RemoteWebDriver.java:552)
at org.openqa.selenium.remote.RemoteWebDriver.findElement(RemoteWebDriver.java:323)
at org.openqa.selenium.remote.RemoteWebDriver.findElementByXPath(RemoteWebDriver.java:428)
at org.openqa.selenium.By$ByXPath.findElement(By.java:353)
at org.openqa.selenium.remote.RemoteWebDriver.findElement(RemoteWebDriver.java:315)
at com.codeborne.selenide.impl.WebElementSelector.findElement(WebElementSelector.java:29)
at com.codeborne.selenide.impl.ElementFinder.getWebElement(ElementFinder.java:56)
at com.codeborne.selenide.impl.WebElementSource.checkCondition(WebElementSource.java:44)
... 22 more
]]>
            </full-stacktrace>
          </exception> <!-- com.codeborne.selenide.ex.ElementNotFound -->
          <reporter-output>
          </reporter-output>
        </test-method> <!-- applyAdvancedFiltersDefault -->
        <test-method status="FAIL" signature="searchEastLDNPagination()[pri:0, instance:uk.co.idealflatmate.tests.SearchPropertiesPageTests@71423665]" name="searchEastLDNPagination" duration-ms="38339" started-at="2019-01-29T10:11:35Z" finished-at="2019-01-29T10:12:14Z">
          <exception class="com.codeborne.selenide.ex.ElementNotFound">
            <message>
              <![CDATA[Element not found {By.xpath: //a[contains(text(), 'East London')]}
Expected: visible]]>
            </message>
            <full-stacktrace>
              <![CDATA[Element not found {By.xpath: //a[contains(text(), 'East London')]}
Expected: visible
Screenshot: file:/C:/Users/lukhovytskyi/Documents/GitHub/idealflatmatetest/build/reports/tests/1548756729516.38.png
Page source: file:/C:/Users/lukhovytskyi/Documents/GitHub/idealflatmatetest/build/reports/tests/1548756729516.38.html
Timeout: 10 s.
Caused by: NoSuchElementException: no such element: Unable to locate element: {"method":"xpath","selector":"//a[contains(text(), 'East London')]"}
at com.codeborne.selenide.impl.WebElementSource.createElementNotFoundError(WebElementSource.java:31)
at com.codeborne.selenide.impl.ElementFinder.createElementNotFoundError(ElementFinder.java:82)
at com.codeborne.selenide.impl.WebElementSource.checkCondition(WebElementSource.java:59)
at com.codeborne.selenide.impl.WebElementSource.findAndAssertElementIsVisible(WebElementSource.java:72)
at com.codeborne.selenide.commands.Click.execute(Click.java:16)
at com.codeborne.selenide.commands.Click.execute(Click.java:12)
at com.codeborne.selenide.commands.Commands.execute(Commands.java:144)
at com.codeborne.selenide.impl.SelenideElementProxy.dispatchAndRetry(SelenideElementProxy.java:87)
at com.codeborne.selenide.impl.SelenideElementProxy.invoke(SelenideElementProxy.java:63)
at com.sun.proxy.$Proxy5.click(Unknown Source)
at uk.co.idealflatmate.appmanager.SearchHelper.EastLDN1(SearchHelper.java:81)
at uk.co.idealflatmate.tests.SearchPropertiesPageTests.searchEastLDNPagination(SearchPropertiesPageTests.java:63)
at sun.reflect.NativeMethodAccessorImpl.invoke0(Native Method)
at sun.reflect.NativeMethodAccessorImpl.invoke(NativeMethodAccessorImpl.java:62)
at sun.reflect.DelegatingMethodAccessorImpl.invoke(DelegatingMethodAccessorImpl.java:43)
at java.lang.reflect.Method.invoke(Method.java:498)
at org.testng.internal.MethodInvocationHelper.invokeMethod(MethodInvocationHelper.java:124)
at org.testng.internal.Invoker.invokeMethod(Invoker.java:583)
at org.testng.internal.Invoker.invokeTestMethod(Invoker.java:719)
at org.testng.internal.Invoker.invokeTestMethods(Invoker.java:989)
at org.testng.internal.TestMethodWorker.invokeTestMethods(TestMethodWorker.java:125)
at org.testng.internal.TestMethodWorker.run(TestMethodWorker.java:109)
at java.util.concurrent.ThreadPoolExecutor.runWorker(ThreadPoolExecutor.java:1149)
at java.util.concurrent.ThreadPoolExecutor$Worker.run(ThreadPoolExecutor.java:624)
at java.lang.Thread.run(Thread.java:748)
Caused by: org.openqa.selenium.NoSuchElementException: no such element: Unable to locate element: {"method":"xpath","selector":"//a[contains(text(), 'East London')]"}
  (Session info: chrome=71.0.3578.98)
  (Driver info: chromedriver=72.0.3626.69 (3c16f8a135abc0d4da2dff33804db79b849a7c38),platform=Windows NT 10.0.16299 x86_64) (WARNING: The server did not provide any stacktrace information)
Command duration or timeout: 0 milliseconds
For documentation on this error, please visit: https://www.seleniumhq.org/exceptions/no_such_element.html
Build info: version: '3.141.59', revision: 'e82be7d358', time: '2018-11-14T08:17:03'
System info: host: 'PRIVATE-1074', ip: '10.8.1.74', os.name: 'Windows 10', os.arch: 'amd64', os.version: '10.0', java.version: '1.8.0_152'
Driver info: org.openqa.selenium.chrome.ChromeDriver
Capabilities {acceptInsecureCerts: false, acceptSslCerts: false, applicationCacheEnabled: false, browserConnectionEnabled: false, browserName: chrome, chrome: {chromedriverVersion: 72.0.3626.69 (3c16f8a135abc..., userDataDir: C:\Users\LUKHOV~1\AppData\L...}, cssSelectorsEnabled: true, databaseEnabled: false, goog:chromeOptions: {debuggerAddress: localhost:65436}, handlesAlerts: true, hasTouchScreen: false, javascriptEnabled: true, locationContextEnabled: true, mobileEmulationEnabled: false, nativeEvents: true, networkConnectionEnabled: false, pageLoadStrategy: normal, platform: XP, platformName: XP, proxy: Proxy(), rotatable: false, setWindowRect: true, takesHeapSnapshot: true, takesScreenshot: true, timeouts: {implicit: 0, pageLoad: 300000, script: 30000}, unexpectedAlertBehaviour: ignore, unhandledPromptBehavior: ignore, version: 71.0.3578.98, webStorageEnabled: true}
Session ID: 4eaf26591d245da5c3c92a3d9d5488f4
*** Element info: {Using=xpath, value=//a[contains(text(), 'East London')]}
at sun.reflect.GeneratedConstructorAccessor18.newInstance(Unknown Source)
at sun.reflect.DelegatingConstructorAccessorImpl.newInstance(DelegatingConstructorAccessorImpl.java:45)
at java.lang.reflect.Constructor.newInstance(Constructor.java:423)
at org.openqa.selenium.remote.ErrorHandler.createThrowable(ErrorHandler.java:214)
at org.openqa.selenium.remote.ErrorHandler.throwIfResponseFailed(ErrorHandler.java:166)
at org.openqa.selenium.remote.http.JsonHttpResponseCodec.reconstructValue(JsonHttpResponseCodec.java:40)
at org.openqa.selenium.remote.http.AbstractHttpResponseCodec.decode(AbstractHttpResponseCodec.java:80)
at org.openqa.selenium.remote.http.AbstractHttpResponseCodec.decode(AbstractHttpResponseCodec.java:44)
at org.openqa.selenium.remote.HttpCommandExecutor.execute(HttpCommandExecutor.java:158)
at org.openqa.selenium.remote.service.DriverCommandExecutor.execute(DriverCommandExecutor.java:83)
at org.openqa.selenium.remote.RemoteWebDriver.execute(RemoteWebDriver.java:552)
at org.openqa.selenium.remote.RemoteWebDriver.findElement(RemoteWebDriver.java:323)
at org.openqa.selenium.remote.RemoteWebDriver.findElementByXPath(RemoteWebDriver.java:428)
at org.openqa.selenium.By$ByXPath.findElement(By.java:353)
at org.openqa.selenium.remote.RemoteWebDriver.findElement(RemoteWebDriver.java:315)
at com.codeborne.selenide.impl.WebElementSelector.findElement(WebElementSelector.java:29)
at com.codeborne.selenide.impl.ElementFinder.getWebElement(ElementFinder.java:56)
at com.codeborne.selenide.impl.WebElementSource.checkCondition(WebElementSource.java:44)
... 22 more
]]>
            </full-stacktrace>
          </exception> <!-- com.codeborne.selenide.ex.ElementNotFound -->
          <reporter-output>
          </reporter-output>
        </test-method> <!-- searchEastLDNPagination -->
        <test-method status="PASS" signature="applyMoreFilters()[pri:0, instance:uk.co.idealflatmate.tests.SearchPropertiesPageTests@71423665]" name="applyMoreFilters" duration-ms="18814" started-at="2019-01-29T10:11:43Z" finished-at="2019-01-29T10:12:01Z">
          <reporter-output>
          </reporter-output>
        </test-method> <!-- applyMoreFilters -->
        <test-method status="PASS" signature="setupMethod()[pri:0, instance:uk.co.idealflatmate.tests.SearchPropertiesPageTests@71423665]" name="setupMethod" is-config="true" duration-ms="63418" started-at="2019-01-29T10:12:01Z" finished-at="2019-01-29T10:13:05Z">
          <reporter-output>
          </reporter-output>
        </test-method> <!-- setupMethod -->
        <test-method status="PASS" signature="setupMethod()[pri:0, instance:uk.co.idealflatmate.tests.SearchPropertiesPageTests@71423665]" name="setupMethod" is-config="true" duration-ms="135163" started-at="2019-01-29T10:12:14Z" finished-at="2019-01-29T10:14:29Z">
          <reporter-output>
          </reporter-output>
        </test-method> <!-- setupMethod -->
        <test-method status="PASS" signature="setupMethod()[pri:0, instance:uk.co.idealflatmate.tests.SearchPropertiesPageTests@71423665]" name="setupMethod" is-config="true" duration-ms="124604" started-at="2019-01-29T10:12:14Z" finished-at="2019-01-29T10:14:19Z">
          <reporter-output>
          </reporter-output>
        </test-method> <!-- setupMethod -->
        <test-method status="PASS" signature="setupMethod()[pri:0, instance:uk.co.idealflatmate.tests.SearchPropertiesPageTests@71423665]" name="setupMethod" is-config="true" duration-ms="74647" started-at="2019-01-29T10:12:18Z" finished-at="2019-01-29T10:13:33Z">
          <reporter-output>
          </reporter-output>
        </test-method> <!-- setupMethod -->
        <test-method status="PASS" signature="propertySearchByDropDown()[pri:0, instance:uk.co.idealflatmate.tests.SearchPropertiesPageTests@71423665]" name="propertySearchByDropDown" duration-ms="25703" started-at="2019-01-29T10:12:29Z" finished-at="2019-01-29T10:12:54Z">
          <reporter-output>
          </reporter-output>
        </test-method> <!-- propertySearchByDropDown -->
        <test-method status="PASS" signature="searchPagination()[pri:0, instance:uk.co.idealflatmate.tests.SearchPropertiesPageTests@71423665]" name="searchPagination" duration-ms="41003" started-at="2019-01-29T10:13:05Z" finished-at="2019-01-29T10:13:46Z">
          <reporter-output>
          </reporter-output>
        </test-method> <!-- searchPagination -->
        <test-method status="PASS" signature="sortListingWith2Rooms()[pri:0, instance:uk.co.idealflatmate.tests.SearchPropertiesPageTests@71423665]" name="sortListingWith2Rooms" duration-ms="18534" started-at="2019-01-29T10:13:33Z" finished-at="2019-01-29T10:13:51Z">
          <reporter-output>
          </reporter-output>
        </test-method> <!-- sortListingWith2Rooms -->
        <test-method status="PASS" signature="sortListing()[pri:0, instance:uk.co.idealflatmate.tests.SearchPropertiesPageTests@71423665]" name="sortListing" duration-ms="65646" started-at="2019-01-29T10:14:19Z" finished-at="2019-01-29T10:15:24Z">
          <reporter-output>
          </reporter-output>
        </test-method> <!-- sortListing -->
        <test-method status="FAIL" signature="searchZone1Pagination()[pri:0, instance:uk.co.idealflatmate.tests.SearchPropertiesPageTests@71423665]" name="searchZone1Pagination" duration-ms="34226" started-at="2019-01-29T10:14:29Z" finished-at="2019-01-29T10:15:03Z">
          <exception class="com.codeborne.selenide.ex.ElementNotFound">
            <message>
              <![CDATA[Element not found {By.xpath: //a[contains(text(), 'Zone 1')]}
Expected: visible]]>
            </message>
            <full-stacktrace>
              <![CDATA[Element not found {By.xpath: //a[contains(text(), 'Zone 1')]}
Expected: visible
Screenshot: file:/C:/Users/lukhovytskyi/Documents/GitHub/idealflatmatetest/build/reports/tests/1548756900837.50.png
Page source: file:/C:/Users/lukhovytskyi/Documents/GitHub/idealflatmatetest/build/reports/tests/1548756900837.50.html
Timeout: 10 s.
Caused by: NoSuchElementException: no such element: Unable to locate element: {"method":"xpath","selector":"//a[contains(text(), 'Zone 1')]"}
at com.codeborne.selenide.impl.WebElementSource.createElementNotFoundError(WebElementSource.java:31)
at com.codeborne.selenide.impl.ElementFinder.createElementNotFoundError(ElementFinder.java:82)
at com.codeborne.selenide.impl.WebElementSource.checkCondition(WebElementSource.java:59)
at com.codeborne.selenide.impl.WebElementSource.findAndAssertElementIsVisible(WebElementSource.java:72)
at com.codeborne.selenide.commands.Click.execute(Click.java:16)
at com.codeborne.selenide.commands.Click.execute(Click.java:12)
at com.codeborne.selenide.commands.Commands.execute(Commands.java:144)
at com.codeborne.selenide.impl.SelenideElementProxy.dispatchAndRetry(SelenideElementProxy.java:87)
at com.codeborne.selenide.impl.SelenideElementProxy.invoke(SelenideElementProxy.java:63)
at com.sun.proxy.$Proxy5.click(Unknown Source)
at uk.co.idealflatmate.appmanager.SearchHelper.zone1(SearchHelper.java:78)
at uk.co.idealflatmate.tests.SearchPropertiesPageTests.searchZone1Pagination(SearchPropertiesPageTests.java:53)
at sun.reflect.NativeMethodAccessorImpl.invoke0(Native Method)
at sun.reflect.NativeMethodAccessorImpl.invoke(NativeMethodAccessorImpl.java:62)
at sun.reflect.DelegatingMethodAccessorImpl.invoke(DelegatingMethodAccessorImpl.java:43)
at java.lang.reflect.Method.invoke(Method.java:498)
at org.testng.internal.MethodInvocationHelper.invokeMethod(MethodInvocationHelper.java:124)
at org.testng.internal.Invoker.invokeMethod(Invoker.java:583)
at org.testng.internal.Invoker.invokeTestMethod(Invoker.java:719)
at org.testng.internal.Invoker.invokeTestMethods(Invoker.java:989)
at org.testng.internal.TestMethodWorker.invokeTestMethods(TestMethodWorker.java:125)
at org.testng.internal.TestMethodWorker.run(TestMethodWorker.java:109)
at java.util.concurrent.ThreadPoolExecutor.runWorker(ThreadPoolExecutor.java:1149)
at java.util.concurrent.ThreadPoolExecutor$Worker.run(ThreadPoolExecutor.java:624)
at java.lang.Thread.run(Thread.java:748)
Caused by: org.openqa.selenium.NoSuchElementException: no such element: Unable to locate element: {"method":"xpath","selector":"//a[contains(text(), 'Zone 1')]"}
  (Session info: chrome=71.0.3578.98)
  (Driver info: chromedriver=72.0.3626.69 (3c16f8a135abc0d4da2dff33804db79b849a7c38),platform=Windows NT 10.0.16299 x86_64) (WARNING: The server did not provide any stacktrace information)
Command duration or timeout: 0 milliseconds
For documentation on this error, please visit: https://www.seleniumhq.org/exceptions/no_such_element.html
Build info: version: '3.141.59', revision: 'e82be7d358', time: '2018-11-14T08:17:03'
System info: host: 'PRIVATE-1074', ip: '10.8.1.74', os.name: 'Windows 10', os.arch: 'amd64', os.version: '10.0', java.version: '1.8.0_152'
Driver info: org.openqa.selenium.chrome.ChromeDriver
Capabilities {acceptInsecureCerts: false, acceptSslCerts: false, applicationCacheEnabled: false, browserConnectionEnabled: false, browserName: chrome, chrome: {chromedriverVersion: 72.0.3626.69 (3c16f8a135abc..., userDataDir: C:\Users\LUKHOV~1\AppData\L...}, cssSelectorsEnabled: true, databaseEnabled: false, goog:chromeOptions: {debuggerAddress: localhost:53010}, handlesAlerts: true, hasTouchScreen: false, javascriptEnabled: true, locationContextEnabled: true, mobileEmulationEnabled: false, nativeEvents: true, networkConnectionEnabled: false, pageLoadStrategy: normal, platform: XP, platformName: XP, proxy: Proxy(), rotatable: false, setWindowRect: true, takesHeapSnapshot: true, takesScreenshot: true, timeouts: {implicit: 0, pageLoad: 300000, script: 30000}, unexpectedAlertBehaviour: ignore, unhandledPromptBehavior: ignore, version: 71.0.3578.98, webStorageEnabled: true}
Session ID: d6d0feae3286ce1d56a3d3f2c0ccacd2
*** Element info: {Using=xpath, value=//a[contains(text(), 'Zone 1')]}
at sun.reflect.GeneratedConstructorAccessor18.newInstance(Unknown Source)
at sun.reflect.DelegatingConstructorAccessorImpl.newInstance(DelegatingConstructorAccessorImpl.java:45)
at java.lang.reflect.Constructor.newInstance(Constructor.java:423)
at org.openqa.selenium.remote.ErrorHandler.createThrowable(ErrorHandler.java:214)
at org.openqa.selenium.remote.ErrorHandler.throwIfResponseFailed(ErrorHandler.java:166)
at org.openqa.selenium.remote.http.JsonHttpResponseCodec.reconstructValue(JsonHttpResponseCodec.java:40)
at org.openqa.selenium.remote.http.AbstractHttpResponseCodec.decode(AbstractHttpResponseCodec.java:80)
at org.openqa.selenium.remote.http.AbstractHttpResponseCodec.decode(AbstractHttpResponseCodec.java:44)
at org.openqa.selenium.remote.HttpCommandExecutor.execute(HttpCommandExecutor.java:158)
at org.openqa.selenium.remote.service.DriverCommandExecutor.execute(DriverCommandExecutor.java:83)
at org.openqa.selenium.remote.RemoteWebDriver.execute(RemoteWebDriver.java:552)
at org.openqa.selenium.remote.RemoteWebDriver.findElement(RemoteWebDriver.java:323)
at org.openqa.selenium.remote.RemoteWebDriver.findElementByXPath(RemoteWebDriver.java:428)
at org.openqa.selenium.By$ByXPath.findElement(By.java:353)
at org.openqa.selenium.remote.RemoteWebDriver.findElement(RemoteWebDriver.java:315)
at com.codeborne.selenide.impl.WebElementSelector.findElement(WebElementSelector.java:29)
at com.codeborne.selenide.impl.ElementFinder.getWebElement(ElementFinder.java:56)
at com.codeborne.selenide.impl.WebElementSource.checkCondition(WebElementSource.java:44)
... 22 more
]]>
            </full-stacktrace>
          </exception> <!-- com.codeborne.selenide.ex.ElementNotFound -->
          <reporter-output>
          </reporter-output>
        </test-method> <!-- searchZone1Pagination -->
      </class> <!-- uk.co.idealflatmate.tests.SearchPropertiesPageTests -->
    </test> <!-- Surefire test -->
  </suite> <!-- Surefire suite -->
</testng-results>
