<?xml version="1.0" encoding="UTF-8"?>
<testng-results skipped="0" failed="12" ignored="0" total="103" passed="91">
  <reporter-output>
  </reporter-output>
  <suite name="Surefire suite" duration-ms="3435277" started-at="2019-02-15T10:42:45Z" finished-at="2019-02-15T11:40:00Z">
    <groups>
    </groups>
    <test name="Surefire test" duration-ms="3435277" started-at="2019-02-15T10:42:45Z" finished-at="2019-02-15T11:40:00Z">
      <class name="uk.co.idealflatmate.tests.HomePageTest">
        <test-method status="PASS" signature="setupClass()[pri:0, instance:uk.co.idealflatmate.tests.HomePageTest@78c03f1f]" name="setupClass" is-config="true" duration-ms="9116" started-at="2019-02-15T11:06:18Z" finished-at="2019-02-15T11:06:27Z">
          <reporter-output>
          </reporter-output>
        </test-method> <!-- setupClass -->
        <test-method status="PASS" signature="setupMethod()[pri:0, instance:uk.co.idealflatmate.tests.HomePageTest@78c03f1f]" name="setupMethod" is-config="true" duration-ms="5314" started-at="2019-02-15T11:06:27Z" finished-at="2019-02-15T11:06:32Z">
          <reporter-output>
          </reporter-output>
        </test-method> <!-- setupMethod -->
        <test-method status="PASS" signature="amountOfBlocsAndTextOfAreas()[pri:0, instance:uk.co.idealflatmate.tests.HomePageTest@78c03f1f]" name="amountOfBlocsAndTextOfAreas" duration-ms="3170" started-at="2019-02-15T11:06:32Z" finished-at="2019-02-15T11:06:35Z">
          <reporter-output>
          </reporter-output>
        </test-method> <!-- amountOfBlocsAndTextOfAreas -->
        <test-method status="PASS" signature="setupMethod()[pri:0, instance:uk.co.idealflatmate.tests.HomePageTest@78c03f1f]" name="setupMethod" is-config="true" duration-ms="2679" started-at="2019-02-15T11:06:35Z" finished-at="2019-02-15T11:06:38Z">
          <reporter-output>
          </reporter-output>
        </test-method> <!-- setupMethod -->
        <test-method status="PASS" signature="blogFM()[pri:0, instance:uk.co.idealflatmate.tests.HomePageTest@78c03f1f]" name="blogFM" duration-ms="10190" started-at="2019-02-15T11:06:38Z" finished-at="2019-02-15T11:06:48Z">
          <reporter-output>
          </reporter-output>
        </test-method> <!-- blogFM -->
        <test-method status="PASS" signature="setupMethod()[pri:0, instance:uk.co.idealflatmate.tests.HomePageTest@78c03f1f]" name="setupMethod" is-config="true" duration-ms="13236" started-at="2019-02-15T11:06:48Z" finished-at="2019-02-15T11:07:02Z">
          <reporter-output>
          </reporter-output>
        </test-method> <!-- setupMethod -->
        <test-method status="PASS" signature="blogLandlord()[pri:0, instance:uk.co.idealflatmate.tests.HomePageTest@78c03f1f]" name="blogLandlord" duration-ms="2960" started-at="2019-02-15T11:07:02Z" finished-at="2019-02-15T11:07:04Z">
          <reporter-output>
          </reporter-output>
        </test-method> <!-- blogLandlord -->
        <test-method status="PASS" signature="setupMethod()[pri:0, instance:uk.co.idealflatmate.tests.HomePageTest@78c03f1f]" name="setupMethod" is-config="true" duration-ms="10809" started-at="2019-02-15T11:07:04Z" finished-at="2019-02-15T11:07:15Z">
          <reporter-output>
          </reporter-output>
        </test-method> <!-- setupMethod -->
        <test-method status="PASS" signature="findOutMore()[pri:0, instance:uk.co.idealflatmate.tests.HomePageTest@78c03f1f]" name="findOutMore" duration-ms="6449" started-at="2019-02-15T11:07:15Z" finished-at="2019-02-15T11:07:22Z">
          <reporter-output>
          </reporter-output>
        </test-method> <!-- findOutMore -->
        <test-method status="PASS" signature="setupMethod()[pri:0, instance:uk.co.idealflatmate.tests.HomePageTest@78c03f1f]" name="setupMethod" is-config="true" duration-ms="2078" started-at="2019-02-15T11:07:22Z" finished-at="2019-02-15T11:07:24Z">
          <reporter-output>
          </reporter-output>
        </test-method> <!-- setupMethod -->
        <test-method status="PASS" signature="findStartListing()[pri:0, instance:uk.co.idealflatmate.tests.HomePageTest@78c03f1f]" name="findStartListing" duration-ms="2793" started-at="2019-02-15T11:07:24Z" finished-at="2019-02-15T11:07:27Z">
          <reporter-output>
          </reporter-output>
        </test-method> <!-- findStartListing -->
        <test-method status="PASS" signature="setupMethod()[pri:0, instance:uk.co.idealflatmate.tests.HomePageTest@78c03f1f]" name="setupMethod" is-config="true" duration-ms="2132" started-at="2019-02-15T11:07:27Z" finished-at="2019-02-15T11:07:29Z">
          <reporter-output>
          </reporter-output>
        </test-method> <!-- setupMethod -->
        <test-method status="PASS" signature="findStartMatchingLink()[pri:0, instance:uk.co.idealflatmate.tests.HomePageTest@78c03f1f]" name="findStartMatchingLink" duration-ms="4288" started-at="2019-02-15T11:07:29Z" finished-at="2019-02-15T11:07:33Z">
          <reporter-output>
          </reporter-output>
        </test-method> <!-- findStartMatchingLink -->
        <test-method status="PASS" signature="setupMethod()[pri:0, instance:uk.co.idealflatmate.tests.HomePageTest@78c03f1f]" name="setupMethod" is-config="true" duration-ms="1358" started-at="2019-02-15T11:07:33Z" finished-at="2019-02-15T11:07:34Z">
          <reporter-output>
          </reporter-output>
        </test-method> <!-- setupMethod -->
        <test-method status="PASS" signature="pressLogo()[pri:0, instance:uk.co.idealflatmate.tests.HomePageTest@78c03f1f]" name="pressLogo" duration-ms="1460" started-at="2019-02-15T11:07:34Z" finished-at="2019-02-15T11:07:36Z">
          <reporter-output>
          </reporter-output>
        </test-method> <!-- pressLogo -->
        <test-method status="PASS" signature="tearDown()[pri:0, instance:uk.co.idealflatmate.tests.HomePageTest@78c03f1f]" name="tearDown" is-config="true" duration-ms="1152" started-at="2019-02-15T11:07:36Z" finished-at="2019-02-15T11:07:37Z">
          <reporter-output>
          </reporter-output>
        </test-method> <!-- tearDown -->
      </class> <!-- uk.co.idealflatmate.tests.HomePageTest -->
      <class name="uk.co.idealflatmate.tests.SearchHomePageTests">
        <test-method status="PASS" signature="setupClass()[pri:0, instance:uk.co.idealflatmate.tests.SearchHomePageTests@71423665]" name="setupClass" is-config="true" duration-ms="10382" started-at="2019-02-15T11:26:10Z" finished-at="2019-02-15T11:26:21Z">
          <reporter-output>
          </reporter-output>
        </test-method> <!-- setupClass -->
        <test-method status="PASS" signature="setupMethod()[pri:0, instance:uk.co.idealflatmate.tests.SearchHomePageTests@71423665]" name="setupMethod" is-config="true" duration-ms="4244" started-at="2019-02-15T11:26:21Z" finished-at="2019-02-15T11:26:25Z">
          <reporter-output>
          </reporter-output>
        </test-method> <!-- setupMethod -->
        <test-method status="PASS" signature="TestSearchHomeByEnter()[pri:0, instance:uk.co.idealflatmate.tests.SearchHomePageTests@71423665]" name="TestSearchHomeByEnter" duration-ms="13118" started-at="2019-02-15T11:26:25Z" finished-at="2019-02-15T11:26:38Z">
          <reporter-output>
          </reporter-output>
        </test-method> <!-- TestSearchHomeByEnter -->
        <test-method status="PASS" signature="setupMethod()[pri:0, instance:uk.co.idealflatmate.tests.SearchHomePageTests@71423665]" name="setupMethod" is-config="true" duration-ms="1673" started-at="2019-02-15T11:26:38Z" finished-at="2019-02-15T11:26:40Z">
          <reporter-output>
          </reporter-output>
        </test-method> <!-- setupMethod -->
        <test-method status="PASS" signature="searchHomeByButton()[pri:0, instance:uk.co.idealflatmate.tests.SearchHomePageTests@71423665]" name="searchHomeByButton" duration-ms="11916" started-at="2019-02-15T11:26:40Z" finished-at="2019-02-15T11:26:52Z">
          <reporter-output>
          </reporter-output>
        </test-method> <!-- searchHomeByButton -->
        <test-method status="PASS" signature="setupMethod()[pri:0, instance:uk.co.idealflatmate.tests.SearchHomePageTests@71423665]" name="setupMethod" is-config="true" duration-ms="1540" started-at="2019-02-15T11:26:52Z" finished-at="2019-02-15T11:26:53Z">
          <reporter-output>
          </reporter-output>
        </test-method> <!-- setupMethod -->
        <test-method status="PASS" signature="searchHomeIDProperty()[pri:0, instance:uk.co.idealflatmate.tests.SearchHomePageTests@71423665]" name="searchHomeIDProperty" duration-ms="12389" started-at="2019-02-15T11:26:53Z" finished-at="2019-02-15T11:27:06Z">
          <reporter-output>
          </reporter-output>
        </test-method> <!-- searchHomeIDProperty -->
        <test-method status="PASS" signature="setupMethod()[pri:0, instance:uk.co.idealflatmate.tests.SearchHomePageTests@71423665]" name="setupMethod" is-config="true" duration-ms="1221" started-at="2019-02-15T11:27:06Z" finished-at="2019-02-15T11:27:07Z">
          <reporter-output>
          </reporter-output>
        </test-method> <!-- setupMethod -->
        <test-method status="PASS" signature="searchHomeLocationFromList()[pri:0, instance:uk.co.idealflatmate.tests.SearchHomePageTests@71423665]" name="searchHomeLocationFromList" duration-ms="11659" started-at="2019-02-15T11:27:07Z" finished-at="2019-02-15T11:27:19Z">
          <reporter-output>
          </reporter-output>
        </test-method> <!-- searchHomeLocationFromList -->
        <test-method status="PASS" signature="setupMethod()[pri:0, instance:uk.co.idealflatmate.tests.SearchHomePageTests@71423665]" name="setupMethod" is-config="true" duration-ms="3704" started-at="2019-02-15T11:27:19Z" finished-at="2019-02-15T11:27:22Z">
          <reporter-output>
          </reporter-output>
        </test-method> <!-- setupMethod -->
        <test-method status="PASS" signature="searchHomePartOfLocationName()[pri:0, instance:uk.co.idealflatmate.tests.SearchHomePageTests@71423665]" name="searchHomePartOfLocationName" duration-ms="18644" started-at="2019-02-15T11:27:22Z" finished-at="2019-02-15T11:27:41Z">
          <reporter-output>
          </reporter-output>
        </test-method> <!-- searchHomePartOfLocationName -->
        <test-method status="PASS" signature="tearDown()[pri:0, instance:uk.co.idealflatmate.tests.SearchHomePageTests@71423665]" name="tearDown" is-config="true" duration-ms="1245" started-at="2019-02-15T11:27:41Z" finished-at="2019-02-15T11:27:42Z">
          <reporter-output>
          </reporter-output>
        </test-method> <!-- tearDown -->
      </class> <!-- uk.co.idealflatmate.tests.SearchHomePageTests -->
      <class name="uk.co.idealflatmate.tests.AbclearDataTests">
        <test-method status="PASS" signature="setupClass()[pri:0, instance:uk.co.idealflatmate.tests.AbclearDataTests@3327bd23]" name="setupClass" is-config="true" duration-ms="10446" started-at="2019-02-15T10:42:45Z" finished-at="2019-02-15T10:42:56Z">
          <reporter-output>
          </reporter-output>
        </test-method> <!-- setupClass -->
        <test-method status="PASS" signature="setupMethod()[pri:0, instance:uk.co.idealflatmate.tests.AbclearDataTests@3327bd23]" name="setupMethod" is-config="true" duration-ms="2744" started-at="2019-02-15T10:42:56Z" finished-at="2019-02-15T10:42:58Z">
          <reporter-output>
          </reporter-output>
        </test-method> <!-- setupMethod -->
        <test-method status="PASS" signature="removeAccountBeforeTest()[pri:0, instance:uk.co.idealflatmate.tests.AbclearDataTests@3327bd23]" name="removeAccountBeforeTest" duration-ms="244023" started-at="2019-02-15T10:42:58Z" finished-at="2019-02-15T10:47:02Z">
          <reporter-output>
          </reporter-output>
        </test-method> <!-- removeAccountBeforeTest -->
        <test-method status="PASS" signature="setupMethod()[pri:0, instance:uk.co.idealflatmate.tests.AbclearDataTests@3327bd23]" name="setupMethod" is-config="true" duration-ms="1372" started-at="2019-02-15T10:47:02Z" finished-at="2019-02-15T10:47:04Z">
          <reporter-output>
          </reporter-output>
        </test-method> <!-- setupMethod -->
        <test-method status="PASS" signature="removelistingBeforeTest()[pri:0, instance:uk.co.idealflatmate.tests.AbclearDataTests@3327bd23]" name="removelistingBeforeTest" duration-ms="77010" started-at="2019-02-15T10:47:04Z" finished-at="2019-02-15T10:48:21Z">
          <reporter-output>
          </reporter-output>
        </test-method> <!-- removelistingBeforeTest -->
        <test-method status="PASS" signature="tearDown()[pri:0, instance:uk.co.idealflatmate.tests.AbclearDataTests@3327bd23]" name="tearDown" is-config="true" duration-ms="855" started-at="2019-02-15T10:48:21Z" finished-at="2019-02-15T10:48:22Z">
          <reporter-output>
          </reporter-output>
        </test-method> <!-- tearDown -->
      </class> <!-- uk.co.idealflatmate.tests.AbclearDataTests -->
      <class name="uk.co.idealflatmate.tests.AreaPageTest">
        <test-method status="PASS" signature="setupClass()[pri:0, instance:uk.co.idealflatmate.tests.AreaPageTest@66480dd7]" name="setupClass" is-config="true" duration-ms="6517" started-at="2019-02-15T10:55:36Z" finished-at="2019-02-15T10:55:43Z">
          <reporter-output>
          </reporter-output>
        </test-method> <!-- setupClass -->
        <test-method status="PASS" signature="setupMethod()[pri:0, instance:uk.co.idealflatmate.tests.AreaPageTest@66480dd7]" name="setupMethod" is-config="true" duration-ms="1504" started-at="2019-02-15T10:55:43Z" finished-at="2019-02-15T10:55:44Z">
          <reporter-output>
          </reporter-output>
        </test-method> <!-- setupMethod -->
        <test-method status="PASS" signature="exploreMoreArea()[pri:0, instance:uk.co.idealflatmate.tests.AreaPageTest@66480dd7]" name="exploreMoreArea" duration-ms="18603" started-at="2019-02-15T10:55:44Z" finished-at="2019-02-15T10:56:03Z">
          <reporter-output>
          </reporter-output>
        </test-method> <!-- exploreMoreArea -->
        <test-method status="PASS" signature="setupMethod()[pri:0, instance:uk.co.idealflatmate.tests.AreaPageTest@66480dd7]" name="setupMethod" is-config="true" duration-ms="9074" started-at="2019-02-15T10:56:03Z" finished-at="2019-02-15T10:56:12Z">
          <reporter-output>
          </reporter-output>
        </test-method> <!-- setupMethod -->
        <test-method status="PASS" signature="firstFeaturedHomePageHeader()[pri:0, instance:uk.co.idealflatmate.tests.AreaPageTest@66480dd7]" name="firstFeaturedHomePageHeader" duration-ms="15322" started-at="2019-02-15T10:56:12Z" finished-at="2019-02-15T10:56:27Z">
          <reporter-output>
          </reporter-output>
        </test-method> <!-- firstFeaturedHomePageHeader -->
        <test-method status="PASS" signature="setupMethod()[pri:0, instance:uk.co.idealflatmate.tests.AreaPageTest@66480dd7]" name="setupMethod" is-config="true" duration-ms="8565" started-at="2019-02-15T10:56:27Z" finished-at="2019-02-15T10:56:36Z">
          <reporter-output>
          </reporter-output>
        </test-method> <!-- setupMethod -->
        <test-method status="PASS" signature="firstFeaturedLinkArea()[pri:0, instance:uk.co.idealflatmate.tests.AreaPageTest@66480dd7]" name="firstFeaturedLinkArea" duration-ms="13281" started-at="2019-02-15T10:56:36Z" finished-at="2019-02-15T10:56:49Z">
          <reporter-output>
          </reporter-output>
        </test-method> <!-- firstFeaturedLinkArea -->
        <test-method status="PASS" signature="setupMethod()[pri:0, instance:uk.co.idealflatmate.tests.AreaPageTest@66480dd7]" name="setupMethod" is-config="true" duration-ms="8880" started-at="2019-02-15T10:56:49Z" finished-at="2019-02-15T10:56:58Z">
          <reporter-output>
          </reporter-output>
        </test-method> <!-- setupMethod -->
        <test-method status="FAIL" signature="firstFeaturedLinkMap()[pri:0, instance:uk.co.idealflatmate.tests.AreaPageTest@66480dd7]" name="firstFeaturedLinkMap" duration-ms="22353" started-at="2019-02-15T10:56:58Z" finished-at="2019-02-15T10:57:20Z">
          <exception class="com.codeborne.selenide.ex.ElementNotFound">
            <message>
              <![CDATA[Element not found {By.xpath: //link[@title='Google Maps']}
Expected: exist]]>
            </message>
            <full-stacktrace>
              <![CDATA[Element not found {By.xpath: //link[@title='Google Maps']}
Expected: exist
Screenshot: file:/C:/Users/lukhovytskyi/Documents/GitHub/idealflatmatetest/build/reports/tests/1550228240136.5.png
Page source: file:/C:/Users/lukhovytskyi/Documents/GitHub/idealflatmatetest/build/reports/tests/1550228240136.5.html
Timeout: 10 s.
Caused by: NoSuchElementException: no such element: Unable to locate element: {"method":"xpath","selector":"//link[@title='Google Maps']"}
at com.codeborne.selenide.impl.WebElementSource.createElementNotFoundError(WebElementSource.java:31)
at com.codeborne.selenide.impl.ElementFinder.createElementNotFoundError(ElementFinder.java:82)
at com.codeborne.selenide.impl.WebElementSource.checkCondition(WebElementSource.java:59)
at com.codeborne.selenide.commands.Should.should(Should.java:35)
at com.codeborne.selenide.commands.Should.execute(Should.java:29)
at com.codeborne.selenide.commands.Should.execute(Should.java:12)
at com.codeborne.selenide.commands.Commands.execute(Commands.java:144)
at com.codeborne.selenide.impl.SelenideElementProxy.dispatchAndRetry(SelenideElementProxy.java:87)
at com.codeborne.selenide.impl.SelenideElementProxy.invoke(SelenideElementProxy.java:63)
at com.sun.proxy.$Proxy5.shouldBe(Unknown Source)
at uk.co.idealflatmate.appmanager.AreaPageHelper.checklinkMap(AreaPageHelper.java:50)
at uk.co.idealflatmate.tests.AreaPageTest.firstFeaturedLinkMap(AreaPageTest.java:42)
at sun.reflect.NativeMethodAccessorImpl.invoke0(Native Method)
at sun.reflect.NativeMethodAccessorImpl.invoke(NativeMethodAccessorImpl.java:62)
at sun.reflect.DelegatingMethodAccessorImpl.invoke(DelegatingMethodAccessorImpl.java:43)
at java.lang.reflect.Method.invoke(Method.java:498)
at org.testng.internal.MethodInvocationHelper.invokeMethod(MethodInvocationHelper.java:124)
at org.testng.internal.Invoker.invokeMethod(Invoker.java:583)
at org.testng.internal.Invoker.invokeTestMethod(Invoker.java:719)
at org.testng.internal.Invoker.invokeTestMethods(Invoker.java:989)
at org.testng.internal.TestMethodWorker.invokeTestMethods(TestMethodWorker.java:125)
at org.testng.internal.TestMethodWorker.run(TestMethodWorker.java:109)
at org.testng.TestRunner.privateRun(TestRunner.java:648)
at org.testng.TestRunner.run(TestRunner.java:505)
at org.testng.SuiteRunner.runTest(SuiteRunner.java:455)
at org.testng.SuiteRunner.runSequentially(SuiteRunner.java:450)
at org.testng.SuiteRunner.privateRun(SuiteRunner.java:415)
at org.testng.SuiteRunner.run(SuiteRunner.java:364)
at org.testng.SuiteRunnerWorker.runSuite(SuiteRunnerWorker.java:52)
at org.testng.SuiteRunnerWorker.run(SuiteRunnerWorker.java:84)
at org.testng.TestNG.runSuitesSequentially(TestNG.java:1208)
at org.testng.TestNG.runSuitesLocally(TestNG.java:1137)
at org.testng.TestNG.runSuites(TestNG.java:1049)
at org.testng.TestNG.run(TestNG.java:1017)
at org.apache.maven.surefire.testng.TestNGExecutor.run(TestNGExecutor.java:135)
at org.apache.maven.surefire.testng.TestNGDirectoryTestSuite.executeMulti(TestNGDirectoryTestSuite.java:193)
at org.apache.maven.surefire.testng.TestNGDirectoryTestSuite.execute(TestNGDirectoryTestSuite.java:94)
at org.apache.maven.surefire.testng.TestNGProvider.invoke(TestNGProvider.java:146)
at org.apache.maven.surefire.booter.ForkedBooter.invokeProviderInSameClassLoader(ForkedBooter.java:384)
at org.apache.maven.surefire.booter.ForkedBooter.runSuitesInProcess(ForkedBooter.java:345)
at org.apache.maven.surefire.booter.ForkedBooter.execute(ForkedBooter.java:126)
at org.apache.maven.surefire.booter.ForkedBooter.main(ForkedBooter.java:418)
Caused by: org.openqa.selenium.NoSuchElementException: no such element: Unable to locate element: {"method":"xpath","selector":"//link[@title='Google Maps']"}
  (Session info: chrome=71.0.3578.98)
  (Driver info: chromedriver=73.0.3683.20 (8e2b610813e167eee3619ac4ce6e42e3ec622017),platform=Windows NT 10.0.16299 x86_64) (WARNING: The server did not provide any stacktrace information)
Command duration or timeout: 0 milliseconds
For documentation on this error, please visit: https://www.seleniumhq.org/exceptions/no_such_element.html
Build info: version: '3.141.59', revision: 'e82be7d358', time: '2018-11-14T08:17:03'
System info: host: 'PRIVATE-1074', ip: '10.8.1.74', os.name: 'Windows 10', os.arch: 'amd64', os.version: '10.0', java.version: '1.8.0_152'
Driver info: org.openqa.selenium.chrome.ChromeDriver
Capabilities {acceptInsecureCerts: false, acceptSslCerts: false, applicationCacheEnabled: false, browserConnectionEnabled: false, browserName: chrome, chrome: {chromedriverVersion: 73.0.3683.20 (8e2b610813e16..., userDataDir: C:\Users\LUKHOV~1\AppData\L...}, cssSelectorsEnabled: true, databaseEnabled: false, goog:chromeOptions: {debuggerAddress: localhost:49610}, handlesAlerts: true, hasTouchScreen: false, javascriptEnabled: true, locationContextEnabled: true, mobileEmulationEnabled: false, nativeEvents: true, networkConnectionEnabled: false, pageLoadStrategy: normal, platform: XP, platformName: XP, proxy: Proxy(), rotatable: false, setWindowRect: true, strictFileInteractability: false, takesHeapSnapshot: true, takesScreenshot: true, timeouts: {implicit: 0, pageLoad: 300000, script: 30000}, unexpectedAlertBehaviour: ignore, unhandledPromptBehavior: ignore, version: 71.0.3578.98, webStorageEnabled: true}
Session ID: 27dea2bbc7f8a093767d7eeb82dfd559
*** Element info: {Using=xpath, value=//link[@title='Google Maps']}
at sun.reflect.GeneratedConstructorAccessor13.newInstance(Unknown Source)
at sun.reflect.DelegatingConstructorAccessorImpl.newInstance(DelegatingConstructorAccessorImpl.java:45)
at java.lang.reflect.Constructor.newInstance(Constructor.java:423)
at org.openqa.selenium.remote.ErrorHandler.createThrowable(ErrorHandler.java:214)
at org.openqa.selenium.remote.ErrorHandler.throwIfResponseFailed(ErrorHandler.java:166)
at org.openqa.selenium.remote.http.JsonHttpResponseCodec.reconstructValue(JsonHttpResponseCodec.java:40)
at org.openqa.selenium.remote.http.AbstractHttpResponseCodec.decode(AbstractHttpResponseCodec.java:80)
at org.openqa.selenium.remote.http.AbstractHttpResponseCodec.decode(AbstractHttpResponseCodec.java:44)
at org.openqa.selenium.remote.HttpCommandExecutor.execute(HttpCommandExecutor.java:158)
at org.openqa.selenium.remote.service.DriverCommandExecutor.execute(DriverCommandExecutor.java:83)
at org.openqa.selenium.remote.RemoteWebDriver.execute(RemoteWebDriver.java:552)
at org.openqa.selenium.remote.RemoteWebDriver.findElement(RemoteWebDriver.java:323)
at org.openqa.selenium.remote.RemoteWebDriver.findElementByXPath(RemoteWebDriver.java:428)
at org.openqa.selenium.By$ByXPath.findElement(By.java:353)
at org.openqa.selenium.remote.RemoteWebDriver.findElement(RemoteWebDriver.java:315)
at com.codeborne.selenide.impl.WebElementSelector.findElement(WebElementSelector.java:29)
at com.codeborne.selenide.impl.ElementFinder.getWebElement(ElementFinder.java:56)
at com.codeborne.selenide.impl.WebElementSource.checkCondition(WebElementSource.java:44)
... 39 more
]]>
            </full-stacktrace>
          </exception> <!-- com.codeborne.selenide.ex.ElementNotFound -->
          <reporter-output>
          </reporter-output>
        </test-method> <!-- firstFeaturedLinkMap -->
        <test-method status="PASS" signature="setupMethod()[pri:0, instance:uk.co.idealflatmate.tests.AreaPageTest@66480dd7]" name="setupMethod" is-config="true" duration-ms="13715" started-at="2019-02-15T10:57:20Z" finished-at="2019-02-15T10:57:34Z">
          <reporter-output>
          </reporter-output>
        </test-method> <!-- setupMethod -->
        <test-method status="PASS" signature="linkFH()[pri:0, instance:uk.co.idealflatmate.tests.AreaPageTest@66480dd7]" name="linkFH" duration-ms="12094" started-at="2019-02-15T10:57:34Z" finished-at="2019-02-15T10:57:46Z">
          <reporter-output>
          </reporter-output>
        </test-method> <!-- linkFH -->
        <test-method status="PASS" signature="setupMethod()[pri:0, instance:uk.co.idealflatmate.tests.AreaPageTest@66480dd7]" name="setupMethod" is-config="true" duration-ms="10078" started-at="2019-02-15T10:57:46Z" finished-at="2019-02-15T10:57:56Z">
          <reporter-output>
          </reporter-output>
        </test-method> <!-- setupMethod -->
        <test-method status="PASS" signature="seeMoreRooms()[pri:0, instance:uk.co.idealflatmate.tests.AreaPageTest@66480dd7]" name="seeMoreRooms" duration-ms="22672" started-at="2019-02-15T10:57:56Z" finished-at="2019-02-15T10:58:19Z">
          <reporter-output>
          </reporter-output>
        </test-method> <!-- seeMoreRooms -->
        <test-method status="PASS" signature="tearDown()[pri:0, instance:uk.co.idealflatmate.tests.AreaPageTest@66480dd7]" name="tearDown" is-config="true" duration-ms="924" started-at="2019-02-15T10:58:19Z" finished-at="2019-02-15T10:58:20Z">
          <reporter-output>
          </reporter-output>
        </test-method> <!-- tearDown -->
      </class> <!-- uk.co.idealflatmate.tests.AreaPageTest -->
      <class name="uk.co.idealflatmate.tests.FooterTest">
        <test-method status="PASS" signature="setupClass()[pri:0, instance:uk.co.idealflatmate.tests.FooterTest@5ce81285]" name="setupClass" is-config="true" duration-ms="10898" started-at="2019-02-15T11:02:17Z" finished-at="2019-02-15T11:02:27Z">
          <reporter-output>
          </reporter-output>
        </test-method> <!-- setupClass -->
        <test-method status="PASS" signature="setupMethod()[pri:0, instance:uk.co.idealflatmate.tests.FooterTest@5ce81285]" name="setupMethod" is-config="true" duration-ms="1798" started-at="2019-02-15T11:02:27Z" finished-at="2019-02-15T11:02:29Z">
          <reporter-output>
          </reporter-output>
        </test-method> <!-- setupMethod -->
        <test-method status="PASS" signature="footerAboutUsLink()[pri:0, instance:uk.co.idealflatmate.tests.FooterTest@5ce81285]" name="footerAboutUsLink" duration-ms="6388" started-at="2019-02-15T11:02:29Z" finished-at="2019-02-15T11:02:36Z">
          <reporter-output>
          </reporter-output>
        </test-method> <!-- footerAboutUsLink -->
        <test-method status="PASS" signature="setupMethod()[pri:0, instance:uk.co.idealflatmate.tests.FooterTest@5ce81285]" name="setupMethod" is-config="true" duration-ms="3371" started-at="2019-02-15T11:02:36Z" finished-at="2019-02-15T11:02:39Z">
          <reporter-output>
          </reporter-output>
        </test-method> <!-- setupMethod -->
        <test-method status="PASS" signature="footerAskLandlord()[pri:0, instance:uk.co.idealflatmate.tests.FooterTest@5ce81285]" name="footerAskLandlord" duration-ms="10144" started-at="2019-02-15T11:02:39Z" finished-at="2019-02-15T11:02:49Z">
          <reporter-output>
          </reporter-output>
        </test-method> <!-- footerAskLandlord -->
        <test-method status="PASS" signature="setupMethod()[pri:0, instance:uk.co.idealflatmate.tests.FooterTest@5ce81285]" name="setupMethod" is-config="true" duration-ms="2162" started-at="2019-02-15T11:02:49Z" finished-at="2019-02-15T11:02:51Z">
          <reporter-output>
          </reporter-output>
        </test-method> <!-- setupMethod -->
        <test-method status="PASS" signature="footerBlogLink()[pri:0, instance:uk.co.idealflatmate.tests.FooterTest@5ce81285]" name="footerBlogLink" duration-ms="8830" started-at="2019-02-15T11:02:51Z" finished-at="2019-02-15T11:03:00Z">
          <reporter-output>
          </reporter-output>
        </test-method> <!-- footerBlogLink -->
        <test-method status="PASS" signature="setupMethod()[pri:0, instance:uk.co.idealflatmate.tests.FooterTest@5ce81285]" name="setupMethod" is-config="true" duration-ms="11919" started-at="2019-02-15T11:03:00Z" finished-at="2019-02-15T11:03:12Z">
          <reporter-output>
          </reporter-output>
        </test-method> <!-- setupMethod -->
        <test-method status="PASS" signature="footerBrowseFlatsharesLink()[pri:0, instance:uk.co.idealflatmate.tests.FooterTest@5ce81285]" name="footerBrowseFlatsharesLink" duration-ms="9945" started-at="2019-02-15T11:03:12Z" finished-at="2019-02-15T11:03:22Z">
          <reporter-output>
          </reporter-output>
        </test-method> <!-- footerBrowseFlatsharesLink -->
        <test-method status="PASS" signature="setupMethod()[pri:0, instance:uk.co.idealflatmate.tests.FooterTest@5ce81285]" name="setupMethod" is-config="true" duration-ms="10503" started-at="2019-02-15T11:03:22Z" finished-at="2019-02-15T11:03:32Z">
          <reporter-output>
          </reporter-output>
        </test-method> <!-- setupMethod -->
        <test-method status="PASS" signature="footerBrowseHowItWorksLink()[pri:0, instance:uk.co.idealflatmate.tests.FooterTest@5ce81285]" name="footerBrowseHowItWorksLink" duration-ms="5629" started-at="2019-02-15T11:03:32Z" finished-at="2019-02-15T11:03:38Z">
          <reporter-output>
          </reporter-output>
        </test-method> <!-- footerBrowseHowItWorksLink -->
        <test-method status="PASS" signature="setupMethod()[pri:0, instance:uk.co.idealflatmate.tests.FooterTest@5ce81285]" name="setupMethod" is-config="true" duration-ms="1999" started-at="2019-02-15T11:03:38Z" finished-at="2019-02-15T11:03:40Z">
          <reporter-output>
          </reporter-output>
        </test-method> <!-- setupMethod -->
        <test-method status="PASS" signature="footerBrowseTipsLink()[pri:0, instance:uk.co.idealflatmate.tests.FooterTest@5ce81285]" name="footerBrowseTipsLink" duration-ms="5620" started-at="2019-02-15T11:03:40Z" finished-at="2019-02-15T11:03:46Z">
          <reporter-output>
          </reporter-output>
        </test-method> <!-- footerBrowseTipsLink -->
        <test-method status="PASS" signature="setupMethod()[pri:0, instance:uk.co.idealflatmate.tests.FooterTest@5ce81285]" name="setupMethod" is-config="true" duration-ms="2066" started-at="2019-02-15T11:03:46Z" finished-at="2019-02-15T11:03:48Z">
          <reporter-output>
          </reporter-output>
        </test-method> <!-- setupMethod -->
        <test-method status="PASS" signature="footerContactLink()[pri:0, instance:uk.co.idealflatmate.tests.FooterTest@5ce81285]" name="footerContactLink" duration-ms="5430" started-at="2019-02-15T11:03:48Z" finished-at="2019-02-15T11:03:53Z">
          <reporter-output>
          </reporter-output>
        </test-method> <!-- footerContactLink -->
        <test-method status="PASS" signature="setupMethod()[pri:0, instance:uk.co.idealflatmate.tests.FooterTest@5ce81285]" name="setupMethod" is-config="true" duration-ms="2719" started-at="2019-02-15T11:03:53Z" finished-at="2019-02-15T11:03:56Z">
          <reporter-output>
          </reporter-output>
        </test-method> <!-- setupMethod -->
        <test-method status="PASS" signature="footerHomeLink()[pri:0, instance:uk.co.idealflatmate.tests.FooterTest@5ce81285]" name="footerHomeLink" duration-ms="5615" started-at="2019-02-15T11:03:56Z" finished-at="2019-02-15T11:04:02Z">
          <reporter-output>
          </reporter-output>
        </test-method> <!-- footerHomeLink -->
        <test-method status="PASS" signature="setupMethod()[pri:0, instance:uk.co.idealflatmate.tests.FooterTest@5ce81285]" name="setupMethod" is-config="true" duration-ms="2524" started-at="2019-02-15T11:04:02Z" finished-at="2019-02-15T11:04:04Z">
          <reporter-output>
          </reporter-output>
        </test-method> <!-- setupMethod -->
        <test-method status="PASS" signature="footerInstagramLink()[pri:0, instance:uk.co.idealflatmate.tests.FooterTest@5ce81285]" name="footerInstagramLink" duration-ms="3027" started-at="2019-02-15T11:04:04Z" finished-at="2019-02-15T11:04:07Z">
          <reporter-output>
          </reporter-output>
        </test-method> <!-- footerInstagramLink -->
        <test-method status="PASS" signature="setupMethod()[pri:0, instance:uk.co.idealflatmate.tests.FooterTest@5ce81285]" name="setupMethod" is-config="true" duration-ms="11103" started-at="2019-02-15T11:04:07Z" finished-at="2019-02-15T11:04:18Z">
          <reporter-output>
          </reporter-output>
        </test-method> <!-- setupMethod -->
        <test-method status="PASS" signature="footerMediaLink()[pri:0, instance:uk.co.idealflatmate.tests.FooterTest@5ce81285]" name="footerMediaLink" duration-ms="7852" started-at="2019-02-15T11:04:18Z" finished-at="2019-02-15T11:04:26Z">
          <reporter-output>
          </reporter-output>
        </test-method> <!-- footerMediaLink -->
        <test-method status="PASS" signature="setupMethod()[pri:0, instance:uk.co.idealflatmate.tests.FooterTest@5ce81285]" name="setupMethod" is-config="true" duration-ms="13223" started-at="2019-02-15T11:04:26Z" finished-at="2019-02-15T11:04:39Z">
          <reporter-output>
          </reporter-output>
        </test-method> <!-- setupMethod -->
        <test-method status="PASS" signature="footerModern()[pri:0, instance:uk.co.idealflatmate.tests.FooterTest@5ce81285]" name="footerModern" duration-ms="7839" started-at="2019-02-15T11:04:39Z" finished-at="2019-02-15T11:04:47Z">
          <reporter-output>
          </reporter-output>
        </test-method> <!-- footerModern -->
        <test-method status="PASS" signature="setupMethod()[pri:0, instance:uk.co.idealflatmate.tests.FooterTest@5ce81285]" name="setupMethod" is-config="true" duration-ms="10860" started-at="2019-02-15T11:04:47Z" finished-at="2019-02-15T11:04:58Z">
          <reporter-output>
          </reporter-output>
        </test-method> <!-- setupMethod -->
        <test-method status="PASS" signature="footerNLALink()[pri:0, instance:uk.co.idealflatmate.tests.FooterTest@5ce81285]" name="footerNLALink" duration-ms="8626" started-at="2019-02-15T11:04:58Z" finished-at="2019-02-15T11:05:07Z">
          <reporter-output>
          </reporter-output>
        </test-method> <!-- footerNLALink -->
        <test-method status="PASS" signature="setupMethod()[pri:0, instance:uk.co.idealflatmate.tests.FooterTest@5ce81285]" name="setupMethod" is-config="true" duration-ms="13399" started-at="2019-02-15T11:05:07Z" finished-at="2019-02-15T11:05:20Z">
          <reporter-output>
          </reporter-output>
        </test-method> <!-- setupMethod -->
        <test-method status="PASS" signature="footerPressLink()[pri:0, instance:uk.co.idealflatmate.tests.FooterTest@5ce81285]" name="footerPressLink" duration-ms="5379" started-at="2019-02-15T11:05:20Z" finished-at="2019-02-15T11:05:25Z">
          <reporter-output>
          </reporter-output>
        </test-method> <!-- footerPressLink -->
        <test-method status="PASS" signature="setupMethod()[pri:0, instance:uk.co.idealflatmate.tests.FooterTest@5ce81285]" name="setupMethod" is-config="true" duration-ms="2274" started-at="2019-02-15T11:05:25Z" finished-at="2019-02-15T11:05:28Z">
          <reporter-output>
          </reporter-output>
        </test-method> <!-- setupMethod -->
        <test-method status="PASS" signature="footerPricingLink()[pri:0, instance:uk.co.idealflatmate.tests.FooterTest@5ce81285]" name="footerPricingLink" duration-ms="4861" started-at="2019-02-15T11:05:28Z" finished-at="2019-02-15T11:05:33Z">
          <reporter-output>
          </reporter-output>
        </test-method> <!-- footerPricingLink -->
        <test-method status="PASS" signature="setupMethod()[pri:0, instance:uk.co.idealflatmate.tests.FooterTest@5ce81285]" name="setupMethod" is-config="true" duration-ms="1663" started-at="2019-02-15T11:05:33Z" finished-at="2019-02-15T11:05:34Z">
          <reporter-output>
          </reporter-output>
        </test-method> <!-- setupMethod -->
        <test-method status="PASS" signature="footerStaySafeLink()[pri:0, instance:uk.co.idealflatmate.tests.FooterTest@5ce81285]" name="footerStaySafeLink" duration-ms="3602" started-at="2019-02-15T11:05:34Z" finished-at="2019-02-15T11:05:38Z">
          <reporter-output>
          </reporter-output>
        </test-method> <!-- footerStaySafeLink -->
        <test-method status="PASS" signature="setupMethod()[pri:0, instance:uk.co.idealflatmate.tests.FooterTest@5ce81285]" name="setupMethod" is-config="true" duration-ms="11213" started-at="2019-02-15T11:05:38Z" finished-at="2019-02-15T11:05:49Z">
          <reporter-output>
          </reporter-output>
        </test-method> <!-- setupMethod -->
        <test-method status="PASS" signature="footerTwitterLink()[pri:0, instance:uk.co.idealflatmate.tests.FooterTest@5ce81285]" name="footerTwitterLink" duration-ms="6382" started-at="2019-02-15T11:05:49Z" finished-at="2019-02-15T11:05:55Z">
          <reporter-output>
          </reporter-output>
        </test-method> <!-- footerTwitterLink -->
        <test-method status="PASS" signature="setupMethod()[pri:0, instance:uk.co.idealflatmate.tests.FooterTest@5ce81285]" name="setupMethod" is-config="true" duration-ms="14136" started-at="2019-02-15T11:05:55Z" finished-at="2019-02-15T11:06:10Z">
          <reporter-output>
          </reporter-output>
        </test-method> <!-- setupMethod -->
        <test-method status="PASS" signature="footerYoutubeLink()[pri:0, instance:uk.co.idealflatmate.tests.FooterTest@5ce81285]" name="footerYoutubeLink" duration-ms="6998" started-at="2019-02-15T11:06:10Z" finished-at="2019-02-15T11:06:17Z">
          <reporter-output>
          </reporter-output>
        </test-method> <!-- footerYoutubeLink -->
        <test-method status="PASS" signature="tearDown()[pri:0, instance:uk.co.idealflatmate.tests.FooterTest@5ce81285]" name="tearDown" is-config="true" duration-ms="1259" started-at="2019-02-15T11:06:17Z" finished-at="2019-02-15T11:06:18Z">
          <reporter-output>
          </reporter-output>
        </test-method> <!-- tearDown -->
      </class> <!-- uk.co.idealflatmate.tests.FooterTest -->
      <class name="uk.co.idealflatmate.tests.ZEmailTests">
        <test-method status="PASS" signature="setupClass()[pri:0, instance:uk.co.idealflatmate.tests.ZEmailTests@56235b8e]" name="setupClass" is-config="true" duration-ms="7410" started-at="2019-02-15T10:48:22Z" finished-at="2019-02-15T10:48:29Z">
          <reporter-output>
          </reporter-output>
        </test-method> <!-- setupClass -->
        <test-method status="PASS" signature="setupMethod()[pri:0, instance:uk.co.idealflatmate.tests.ZEmailTests@56235b8e]" name="setupMethod" is-config="true" duration-ms="2653" started-at="2019-02-15T10:48:29Z" finished-at="2019-02-15T10:48:32Z">
          <reporter-output>
          </reporter-output>
        </test-method> <!-- setupMethod -->
        <test-method status="FAIL" signature="TestSuccessfulEmailReceivingWelcomeListingMessageSubscriptionCancSub()[pri:0, instance:uk.co.idealflatmate.tests.ZEmailTests@56235b8e]" name="TestSuccessfulEmailReceivingWelcomeListingMessageSubscriptionCancSub" duration-ms="34263" started-at="2019-02-15T10:48:32Z" finished-at="2019-02-15T10:49:06Z">
          <exception class="com.codeborne.selenide.ex.ElementNotFound">
            <message>
              <![CDATA[Element not found {By.xpath: //span[contains(text(), 'AM') or contains(text(), 'PM')]//ancestor::tr//div//div//span[contains(text(), 'You have a new enquiry!')]//ancestor::tr//td/div[@role='checkbox']}
Expected: visible]]>
            </message>
            <full-stacktrace>
              <![CDATA[Element not found {By.xpath: //span[contains(text(), 'AM') or contains(text(), 'PM')]//ancestor::tr//div//div//span[contains(text(), 'You have a new enquiry!')]//ancestor::tr//td/div[@role='checkbox']}
Expected: visible
Screenshot: file:/C:/Users/lukhovytskyi/Documents/GitHub/idealflatmatetest/build/reports/tests/1550227745325.1.png
Page source: file:/C:/Users/lukhovytskyi/Documents/GitHub/idealflatmatetest/build/reports/tests/1550227745325.1.html
Timeout: 6 s.
Caused by: NoSuchElementException: no such element: Unable to locate element: {"method":"xpath","selector":"//span[contains(text(), 'AM') or contains(text(), 'PM')]//ancestor::tr//div//div//span[contains(text(), 'You have a new enquiry!')]//ancestor::tr//td/div[@role='checkbox']"}
at com.codeborne.selenide.impl.WebElementSource.createElementNotFoundError(WebElementSource.java:31)
at com.codeborne.selenide.impl.ElementFinder.createElementNotFoundError(ElementFinder.java:82)
at com.codeborne.selenide.impl.WebElementSource.checkCondition(WebElementSource.java:59)
at com.codeborne.selenide.commands.Should.should(Should.java:35)
at com.codeborne.selenide.commands.Should.execute(Should.java:29)
at com.codeborne.selenide.commands.Should.execute(Should.java:12)
at com.codeborne.selenide.commands.Commands.execute(Commands.java:144)
at com.codeborne.selenide.impl.SelenideElementProxy.dispatchAndRetry(SelenideElementProxy.java:87)
at com.codeborne.selenide.impl.SelenideElementProxy.invoke(SelenideElementProxy.java:63)
at com.sun.proxy.$Proxy5.waitUntil(Unknown Source)
at uk.co.idealflatmate.appmanager.EmailHelper.tipCheckboxEnquiry(EmailHelper.java:73)
at uk.co.idealflatmate.tests.ZEmailTests.TestSuccessfulEmailReceivingWelcomeListingMessageSubscriptionCancSub(ZEmailTests.java:21)
at sun.reflect.NativeMethodAccessorImpl.invoke0(Native Method)
at sun.reflect.NativeMethodAccessorImpl.invoke(NativeMethodAccessorImpl.java:62)
at sun.reflect.DelegatingMethodAccessorImpl.invoke(DelegatingMethodAccessorImpl.java:43)
at java.lang.reflect.Method.invoke(Method.java:498)
at org.testng.internal.MethodInvocationHelper.invokeMethod(MethodInvocationHelper.java:124)
at org.testng.internal.Invoker.invokeMethod(Invoker.java:583)
at org.testng.internal.Invoker.invokeTestMethod(Invoker.java:719)
at org.testng.internal.Invoker.invokeTestMethods(Invoker.java:989)
at org.testng.internal.TestMethodWorker.invokeTestMethods(TestMethodWorker.java:125)
at org.testng.internal.TestMethodWorker.run(TestMethodWorker.java:109)
at org.testng.TestRunner.privateRun(TestRunner.java:648)
at org.testng.TestRunner.run(TestRunner.java:505)
at org.testng.SuiteRunner.runTest(SuiteRunner.java:455)
at org.testng.SuiteRunner.runSequentially(SuiteRunner.java:450)
at org.testng.SuiteRunner.privateRun(SuiteRunner.java:415)
at org.testng.SuiteRunner.run(SuiteRunner.java:364)
at org.testng.SuiteRunnerWorker.runSuite(SuiteRunnerWorker.java:52)
at org.testng.SuiteRunnerWorker.run(SuiteRunnerWorker.java:84)
at org.testng.TestNG.runSuitesSequentially(TestNG.java:1208)
at org.testng.TestNG.runSuitesLocally(TestNG.java:1137)
at org.testng.TestNG.runSuites(TestNG.java:1049)
at org.testng.TestNG.run(TestNG.java:1017)
at org.apache.maven.surefire.testng.TestNGExecutor.run(TestNGExecutor.java:135)
at org.apache.maven.surefire.testng.TestNGDirectoryTestSuite.executeMulti(TestNGDirectoryTestSuite.java:193)
at org.apache.maven.surefire.testng.TestNGDirectoryTestSuite.execute(TestNGDirectoryTestSuite.java:94)
at org.apache.maven.surefire.testng.TestNGProvider.invoke(TestNGProvider.java:146)
at org.apache.maven.surefire.booter.ForkedBooter.invokeProviderInSameClassLoader(ForkedBooter.java:384)
at org.apache.maven.surefire.booter.ForkedBooter.runSuitesInProcess(ForkedBooter.java:345)
at org.apache.maven.surefire.booter.ForkedBooter.execute(ForkedBooter.java:126)
at org.apache.maven.surefire.booter.ForkedBooter.main(ForkedBooter.java:418)
Caused by: org.openqa.selenium.NoSuchElementException: no such element: Unable to locate element: {"method":"xpath","selector":"//span[contains(text(), 'AM') or contains(text(), 'PM')]//ancestor::tr//div//div//span[contains(text(), 'You have a new enquiry!')]//ancestor::tr//td/div[@role='checkbox']"}
  (Session info: chrome=71.0.3578.98)
  (Driver info: chromedriver=73.0.3683.20 (8e2b610813e167eee3619ac4ce6e42e3ec622017),platform=Windows NT 10.0.16299 x86_64) (WARNING: The server did not provide any stacktrace information)
Command duration or timeout: 0 milliseconds
For documentation on this error, please visit: https://www.seleniumhq.org/exceptions/no_such_element.html
Build info: version: '3.141.59', revision: 'e82be7d358', time: '2018-11-14T08:17:03'
System info: host: 'PRIVATE-1074', ip: '10.8.1.74', os.name: 'Windows 10', os.arch: 'amd64', os.version: '10.0', java.version: '1.8.0_152'
Driver info: org.openqa.selenium.chrome.ChromeDriver
Capabilities {acceptInsecureCerts: false, acceptSslCerts: false, applicationCacheEnabled: false, browserConnectionEnabled: false, browserName: chrome, chrome: {chromedriverVersion: 73.0.3683.20 (8e2b610813e16..., userDataDir: C:\Users\LUKHOV~1\AppData\L...}, cssSelectorsEnabled: true, databaseEnabled: false, goog:chromeOptions: {debuggerAddress: localhost:63618}, handlesAlerts: true, hasTouchScreen: false, javascriptEnabled: true, locationContextEnabled: true, mobileEmulationEnabled: false, nativeEvents: true, networkConnectionEnabled: false, pageLoadStrategy: normal, platform: XP, platformName: XP, proxy: Proxy(), rotatable: false, setWindowRect: true, strictFileInteractability: false, takesHeapSnapshot: true, takesScreenshot: true, timeouts: {implicit: 0, pageLoad: 300000, script: 30000}, unexpectedAlertBehaviour: ignore, unhandledPromptBehavior: ignore, version: 71.0.3578.98, webStorageEnabled: true}
Session ID: ab7e8b8206b0224598a2a74cb6864e51
*** Element info: {Using=xpath, value=//span[contains(text(), 'AM') or contains(text(), 'PM')]//ancestor::tr//div//div//span[contains(text(), 'You have a new enquiry!')]//ancestor::tr//td/div[@role='checkbox']}
at sun.reflect.GeneratedConstructorAccessor13.newInstance(Unknown Source)
at sun.reflect.DelegatingConstructorAccessorImpl.newInstance(DelegatingConstructorAccessorImpl.java:45)
at java.lang.reflect.Constructor.newInstance(Constructor.java:423)
at org.openqa.selenium.remote.ErrorHandler.createThrowable(ErrorHandler.java:214)
at org.openqa.selenium.remote.ErrorHandler.throwIfResponseFailed(ErrorHandler.java:166)
at org.openqa.selenium.remote.http.JsonHttpResponseCodec.reconstructValue(JsonHttpResponseCodec.java:40)
at org.openqa.selenium.remote.http.AbstractHttpResponseCodec.decode(AbstractHttpResponseCodec.java:80)
at org.openqa.selenium.remote.http.AbstractHttpResponseCodec.decode(AbstractHttpResponseCodec.java:44)
at org.openqa.selenium.remote.HttpCommandExecutor.execute(HttpCommandExecutor.java:158)
at org.openqa.selenium.remote.service.DriverCommandExecutor.execute(DriverCommandExecutor.java:83)
at org.openqa.selenium.remote.RemoteWebDriver.execute(RemoteWebDriver.java:552)
at org.openqa.selenium.remote.RemoteWebDriver.findElement(RemoteWebDriver.java:323)
at org.openqa.selenium.remote.RemoteWebDriver.findElementByXPath(RemoteWebDriver.java:428)
at org.openqa.selenium.By$ByXPath.findElement(By.java:353)
at org.openqa.selenium.remote.RemoteWebDriver.findElement(RemoteWebDriver.java:315)
at com.codeborne.selenide.impl.WebElementSelector.findElement(WebElementSelector.java:29)
at com.codeborne.selenide.impl.ElementFinder.getWebElement(ElementFinder.java:56)
at com.codeborne.selenide.impl.WebElementSource.checkCondition(WebElementSource.java:44)
... 39 more
]]>
            </full-stacktrace>
          </exception> <!-- com.codeborne.selenide.ex.ElementNotFound -->
          <reporter-output>
          </reporter-output>
        </test-method> <!-- TestSuccessfulEmailReceivingWelcomeListingMessageSubscriptionCancSub -->
        <test-method status="PASS" signature="tearDown()[pri:0, instance:uk.co.idealflatmate.tests.ZEmailTests@56235b8e]" name="tearDown" is-config="true" duration-ms="986" started-at="2019-02-15T10:49:06Z" finished-at="2019-02-15T10:49:07Z">
          <reporter-output>
          </reporter-output>
        </test-method> <!-- tearDown -->
      </class> <!-- uk.co.idealflatmate.tests.ZEmailTests -->
      <class name="uk.co.idealflatmate.tests.PaymentTests">
        <test-method status="PASS" signature="setupClass()[pri:0, instance:uk.co.idealflatmate.tests.PaymentTests@5383967b]" name="setupClass" is-config="true" duration-ms="7885" started-at="2019-02-15T11:15:01Z" finished-at="2019-02-15T11:15:09Z">
          <reporter-output>
          </reporter-output>
        </test-method> <!-- setupClass -->
        <test-method status="PASS" signature="setupMethod()[pri:0, instance:uk.co.idealflatmate.tests.PaymentTests@5383967b]" name="setupMethod" is-config="true" duration-ms="1887" started-at="2019-02-15T11:15:09Z" finished-at="2019-02-15T11:15:11Z">
          <reporter-output>
          </reporter-output>
        </test-method> <!-- setupMethod -->
        <test-method status="PASS" signature="AbilityToSeePhone()[pri:0, instance:uk.co.idealflatmate.tests.PaymentTests@5383967b]" name="AbilityToSeePhone" duration-ms="20012" started-at="2019-02-15T11:15:11Z" finished-at="2019-02-15T11:15:31Z">
          <reporter-output>
          </reporter-output>
        </test-method> <!-- AbilityToSeePhone -->
        <test-method status="PASS" signature="setupMethod()[pri:0, instance:uk.co.idealflatmate.tests.PaymentTests@5383967b]" name="setupMethod" is-config="true" duration-ms="1930" started-at="2019-02-15T11:15:31Z" finished-at="2019-02-15T11:15:32Z">
          <reporter-output>
          </reporter-output>
        </test-method> <!-- setupMethod -->
        <test-method status="PASS" signature="GoPremiumFHPaymentOnMessage()[pri:0, instance:uk.co.idealflatmate.tests.PaymentTests@5383967b]" name="GoPremiumFHPaymentOnMessage" duration-ms="23419" started-at="2019-02-15T11:15:32Z" finished-at="2019-02-15T11:15:56Z">
          <reporter-output>
          </reporter-output>
        </test-method> <!-- GoPremiumFHPaymentOnMessage -->
        <test-method status="PASS" signature="setupMethod()[pri:0, instance:uk.co.idealflatmate.tests.PaymentTests@5383967b]" name="setupMethod" is-config="true" duration-ms="1088" started-at="2019-02-15T11:15:56Z" finished-at="2019-02-15T11:15:57Z">
          <reporter-output>
          </reporter-output>
        </test-method> <!-- setupMethod -->
        <test-method status="PASS" signature="GoPremiumFHPaymentOnPhone()[pri:0, instance:uk.co.idealflatmate.tests.PaymentTests@5383967b]" name="GoPremiumFHPaymentOnPhone" duration-ms="21267" started-at="2019-02-15T11:15:57Z" finished-at="2019-02-15T11:16:18Z">
          <reporter-output>
          </reporter-output>
        </test-method> <!-- GoPremiumFHPaymentOnPhone -->
        <test-method status="PASS" signature="setupMethod()[pri:0, instance:uk.co.idealflatmate.tests.PaymentTests@5383967b]" name="setupMethod" is-config="true" duration-ms="2005" started-at="2019-02-15T11:16:18Z" finished-at="2019-02-15T11:16:20Z">
          <reporter-output>
          </reporter-output>
        </test-method> <!-- setupMethod -->
        <test-method status="FAIL" signature="agentProfWorldPay()[pri:0, instance:uk.co.idealflatmate.tests.PaymentTests@5383967b]" name="agentProfWorldPay" duration-ms="37919" started-at="2019-02-15T11:16:20Z" finished-at="2019-02-15T11:16:58Z">
          <exception class="com.codeborne.selenide.ex.ElementNotFound">
            <message>
              <![CDATA[Element not found {By.xpath: //form[@id='ProfessionalPaymentForm']//select[@id='paymentform-type_id']}
Expected: exist]]>
            </message>
            <full-stacktrace>
              <![CDATA[Element not found {By.xpath: //form[@id='ProfessionalPaymentForm']//select[@id='paymentform-type_id']}
Expected: exist
Screenshot: file:/C:/Users/lukhovytskyi/Documents/GitHub/idealflatmatetest/build/reports/tests/1550229418232.13.png
Page source: file:/C:/Users/lukhovytskyi/Documents/GitHub/idealflatmatetest/build/reports/tests/1550229418232.13.html
Timeout: 10 s.
Caused by: NoSuchElementException: Cannot locate option containing text: 1 month - ВЈ34.99
at com.codeborne.selenide.impl.WebElementSource.createElementNotFoundError(WebElementSource.java:31)
at com.codeborne.selenide.impl.ElementFinder.createElementNotFoundError(ElementFinder.java:82)
at com.codeborne.selenide.impl.SelenideElementProxy.dispatchAndRetry(SelenideElementProxy.java:116)
at com.codeborne.selenide.impl.SelenideElementProxy.invoke(SelenideElementProxy.java:63)
at com.sun.proxy.$Proxy5.selectOptionContainingText(Unknown Source)
at uk.co.idealflatmate.appmanager.PaymentsHelper.verificationPrice(PaymentsHelper.java:116)
at uk.co.idealflatmate.tests.PaymentTests.agentProfWorldPay(PaymentTests.java:273)
at sun.reflect.NativeMethodAccessorImpl.invoke0(Native Method)
at sun.reflect.NativeMethodAccessorImpl.invoke(NativeMethodAccessorImpl.java:62)
at sun.reflect.DelegatingMethodAccessorImpl.invoke(DelegatingMethodAccessorImpl.java:43)
at java.lang.reflect.Method.invoke(Method.java:498)
at org.testng.internal.MethodInvocationHelper.invokeMethod(MethodInvocationHelper.java:124)
at org.testng.internal.Invoker.invokeMethod(Invoker.java:583)
at org.testng.internal.Invoker.invokeTestMethod(Invoker.java:719)
at org.testng.internal.Invoker.invokeTestMethods(Invoker.java:989)
at org.testng.internal.TestMethodWorker.invokeTestMethods(TestMethodWorker.java:125)
at org.testng.internal.TestMethodWorker.run(TestMethodWorker.java:109)
at org.testng.TestRunner.privateRun(TestRunner.java:648)
at org.testng.TestRunner.run(TestRunner.java:505)
at org.testng.SuiteRunner.runTest(SuiteRunner.java:455)
at org.testng.SuiteRunner.runSequentially(SuiteRunner.java:450)
at org.testng.SuiteRunner.privateRun(SuiteRunner.java:415)
at org.testng.SuiteRunner.run(SuiteRunner.java:364)
at org.testng.SuiteRunnerWorker.runSuite(SuiteRunnerWorker.java:52)
at org.testng.SuiteRunnerWorker.run(SuiteRunnerWorker.java:84)
at org.testng.TestNG.runSuitesSequentially(TestNG.java:1208)
at org.testng.TestNG.runSuitesLocally(TestNG.java:1137)
at org.testng.TestNG.runSuites(TestNG.java:1049)
at org.testng.TestNG.run(TestNG.java:1017)
at org.apache.maven.surefire.testng.TestNGExecutor.run(TestNGExecutor.java:135)
at org.apache.maven.surefire.testng.TestNGDirectoryTestSuite.executeMulti(TestNGDirectoryTestSuite.java:193)
at org.apache.maven.surefire.testng.TestNGDirectoryTestSuite.execute(TestNGDirectoryTestSuite.java:94)
at org.apache.maven.surefire.testng.TestNGProvider.invoke(TestNGProvider.java:146)
at org.apache.maven.surefire.booter.ForkedBooter.invokeProviderInSameClassLoader(ForkedBooter.java:384)
at org.apache.maven.surefire.booter.ForkedBooter.runSuitesInProcess(ForkedBooter.java:345)
at org.apache.maven.surefire.booter.ForkedBooter.execute(ForkedBooter.java:126)
at org.apache.maven.surefire.booter.ForkedBooter.main(ForkedBooter.java:418)
Caused by: org.openqa.selenium.NoSuchElementException: Cannot locate option containing text: 1 month - ВЈ34.99
For documentation on this error, please visit: https://www.seleniumhq.org/exceptions/no_such_element.html
Build info: version: '3.141.59', revision: 'e82be7d358', time: '2018-11-14T08:17:03'
System info: host: 'PRIVATE-1074', ip: '10.8.1.74', os.name: 'Windows 10', os.arch: 'amd64', os.version: '10.0', java.version: '1.8.0_152'
Driver info: driver.version: unknown
at com.codeborne.selenide.commands.SelectOptionContainingText.execute(SelectOptionContainingText.java:25)
at com.codeborne.selenide.commands.SelectOptionContainingText.execute(SelectOptionContainingText.java:14)
at com.codeborne.selenide.commands.Commands.execute(Commands.java:144)
at com.codeborne.selenide.impl.SelenideElementProxy.dispatchAndRetry(SelenideElementProxy.java:87)
... 34 more
]]>
            </full-stacktrace>
          </exception> <!-- com.codeborne.selenide.ex.ElementNotFound -->
          <reporter-output>
          </reporter-output>
        </test-method> <!-- agentProfWorldPay -->
        <test-method status="PASS" signature="setupMethod()[pri:0, instance:uk.co.idealflatmate.tests.PaymentTests@5383967b]" name="setupMethod" is-config="true" duration-ms="11288" started-at="2019-02-15T11:16:58Z" finished-at="2019-02-15T11:17:09Z">
          <reporter-output>
          </reporter-output>
        </test-method> <!-- setupMethod -->
        <test-method status="FAIL" signature="lordInWorldPaidListingProf()[pri:0, instance:uk.co.idealflatmate.tests.PaymentTests@5383967b]" name="lordInWorldPaidListingProf" duration-ms="71257" started-at="2019-02-15T11:17:09Z" finished-at="2019-02-15T11:18:21Z">
          <exception class="com.codeborne.selenide.ex.ElementNotFound">
            <message>
              <![CDATA[Element not found {By.xpath: //form[@id='ProfessionalPaymentForm']//select[@id='paymentform-type_id']}
Expected: exist]]>
            </message>
            <full-stacktrace>
              <![CDATA[Element not found {By.xpath: //form[@id='ProfessionalPaymentForm']//select[@id='paymentform-type_id']}
Expected: exist
Screenshot: file:/C:/Users/lukhovytskyi/Documents/GitHub/idealflatmatetest/build/reports/tests/1550229500775.15.png
Page source: file:/C:/Users/lukhovytskyi/Documents/GitHub/idealflatmatetest/build/reports/tests/1550229500775.15.html
Timeout: 10 s.
Caused by: NoSuchElementException: Cannot locate option containing text: 1 month - ВЈ44.99
at com.codeborne.selenide.impl.WebElementSource.createElementNotFoundError(WebElementSource.java:31)
at com.codeborne.selenide.impl.ElementFinder.createElementNotFoundError(ElementFinder.java:82)
at com.codeborne.selenide.impl.SelenideElementProxy.dispatchAndRetry(SelenideElementProxy.java:116)
at com.codeborne.selenide.impl.SelenideElementProxy.invoke(SelenideElementProxy.java:63)
at com.sun.proxy.$Proxy5.selectOptionContainingText(Unknown Source)
at uk.co.idealflatmate.appmanager.PaymentsHelper.verificationPrice(PaymentsHelper.java:116)
at uk.co.idealflatmate.tests.PaymentTests.lordInWorldPaidListingProf(PaymentTests.java:224)
at sun.reflect.NativeMethodAccessorImpl.invoke0(Native Method)
at sun.reflect.NativeMethodAccessorImpl.invoke(NativeMethodAccessorImpl.java:62)
at sun.reflect.DelegatingMethodAccessorImpl.invoke(DelegatingMethodAccessorImpl.java:43)
at java.lang.reflect.Method.invoke(Method.java:498)
at org.testng.internal.MethodInvocationHelper.invokeMethod(MethodInvocationHelper.java:124)
at org.testng.internal.Invoker.invokeMethod(Invoker.java:583)
at org.testng.internal.Invoker.invokeTestMethod(Invoker.java:719)
at org.testng.internal.Invoker.invokeTestMethods(Invoker.java:989)
at org.testng.internal.TestMethodWorker.invokeTestMethods(TestMethodWorker.java:125)
at org.testng.internal.TestMethodWorker.run(TestMethodWorker.java:109)
at org.testng.TestRunner.privateRun(TestRunner.java:648)
at org.testng.TestRunner.run(TestRunner.java:505)
at org.testng.SuiteRunner.runTest(SuiteRunner.java:455)
at org.testng.SuiteRunner.runSequentially(SuiteRunner.java:450)
at org.testng.SuiteRunner.privateRun(SuiteRunner.java:415)
at org.testng.SuiteRunner.run(SuiteRunner.java:364)
at org.testng.SuiteRunnerWorker.runSuite(SuiteRunnerWorker.java:52)
at org.testng.SuiteRunnerWorker.run(SuiteRunnerWorker.java:84)
at org.testng.TestNG.runSuitesSequentially(TestNG.java:1208)
at org.testng.TestNG.runSuitesLocally(TestNG.java:1137)
at org.testng.TestNG.runSuites(TestNG.java:1049)
at org.testng.TestNG.run(TestNG.java:1017)
at org.apache.maven.surefire.testng.TestNGExecutor.run(TestNGExecutor.java:135)
at org.apache.maven.surefire.testng.TestNGDirectoryTestSuite.executeMulti(TestNGDirectoryTestSuite.java:193)
at org.apache.maven.surefire.testng.TestNGDirectoryTestSuite.execute(TestNGDirectoryTestSuite.java:94)
at org.apache.maven.surefire.testng.TestNGProvider.invoke(TestNGProvider.java:146)
at org.apache.maven.surefire.booter.ForkedBooter.invokeProviderInSameClassLoader(ForkedBooter.java:384)
at org.apache.maven.surefire.booter.ForkedBooter.runSuitesInProcess(ForkedBooter.java:345)
at org.apache.maven.surefire.booter.ForkedBooter.execute(ForkedBooter.java:126)
at org.apache.maven.surefire.booter.ForkedBooter.main(ForkedBooter.java:418)
Caused by: org.openqa.selenium.NoSuchElementException: Cannot locate option containing text: 1 month - ВЈ44.99
For documentation on this error, please visit: https://www.seleniumhq.org/exceptions/no_such_element.html
Build info: version: '3.141.59', revision: 'e82be7d358', time: '2018-11-14T08:17:03'
System info: host: 'PRIVATE-1074', ip: '10.8.1.74', os.name: 'Windows 10', os.arch: 'amd64', os.version: '10.0', java.version: '1.8.0_152'
Driver info: driver.version: unknown
at com.codeborne.selenide.commands.SelectOptionContainingText.execute(SelectOptionContainingText.java:25)
at com.codeborne.selenide.commands.SelectOptionContainingText.execute(SelectOptionContainingText.java:14)
at com.codeborne.selenide.commands.Commands.execute(Commands.java:144)
at com.codeborne.selenide.impl.SelenideElementProxy.dispatchAndRetry(SelenideElementProxy.java:87)
... 34 more
]]>
            </full-stacktrace>
          </exception> <!-- com.codeborne.selenide.ex.ElementNotFound -->
          <reporter-output>
          </reporter-output>
        </test-method> <!-- lordInWorldPaidListingProf -->
        <test-method status="PASS" signature="setupMethod()[pri:0, instance:uk.co.idealflatmate.tests.PaymentTests@5383967b]" name="setupMethod" is-config="true" duration-ms="12242" started-at="2019-02-15T11:18:21Z" finished-at="2019-02-15T11:18:33Z">
          <reporter-output>
          </reporter-output>
        </test-method> <!-- setupMethod -->
        <test-method status="FAIL" signature="lordInWorldPaylistingEssen()[pri:0, instance:uk.co.idealflatmate.tests.PaymentTests@5383967b]" name="lordInWorldPaylistingEssen" duration-ms="73588" started-at="2019-02-15T11:18:33Z" finished-at="2019-02-15T11:19:47Z">
          <exception class="com.codeborne.selenide.ex.ElementNotFound">
            <message>
              <![CDATA[Element not found {By.xpath: //form[@id='EssentialPaymentForm']//select[@id='paymentform-type_id']}
Expected: exist]]>
            </message>
            <full-stacktrace>
              <![CDATA[Element not found {By.xpath: //form[@id='EssentialPaymentForm']//select[@id='paymentform-type_id']}
Expected: exist
Screenshot: file:/C:/Users/lukhovytskyi/Documents/GitHub/idealflatmatetest/build/reports/tests/1550229586591.17.png
Page source: file:/C:/Users/lukhovytskyi/Documents/GitHub/idealflatmatetest/build/reports/tests/1550229586591.17.html
Timeout: 10 s.
Caused by: NoSuchElementException: Cannot locate option containing text: 1 month Essentials - ВЈ16.99
at com.codeborne.selenide.impl.WebElementSource.createElementNotFoundError(WebElementSource.java:31)
at com.codeborne.selenide.impl.ElementFinder.createElementNotFoundError(ElementFinder.java:82)
at com.codeborne.selenide.impl.SelenideElementProxy.dispatchAndRetry(SelenideElementProxy.java:116)
at com.codeborne.selenide.impl.SelenideElementProxy.invoke(SelenideElementProxy.java:63)
at com.sun.proxy.$Proxy5.selectOptionContainingText(Unknown Source)
at uk.co.idealflatmate.appmanager.PaymentsHelper.verificationPrice(PaymentsHelper.java:116)
at uk.co.idealflatmate.tests.PaymentTests.lordInWorldPaylistingEssen(PaymentTests.java:119)
at sun.reflect.NativeMethodAccessorImpl.invoke0(Native Method)
at sun.reflect.NativeMethodAccessorImpl.invoke(NativeMethodAccessorImpl.java:62)
at sun.reflect.DelegatingMethodAccessorImpl.invoke(DelegatingMethodAccessorImpl.java:43)
at java.lang.reflect.Method.invoke(Method.java:498)
at org.testng.internal.MethodInvocationHelper.invokeMethod(MethodInvocationHelper.java:124)
at org.testng.internal.Invoker.invokeMethod(Invoker.java:583)
at org.testng.internal.Invoker.invokeTestMethod(Invoker.java:719)
at org.testng.internal.Invoker.invokeTestMethods(Invoker.java:989)
at org.testng.internal.TestMethodWorker.invokeTestMethods(TestMethodWorker.java:125)
at org.testng.internal.TestMethodWorker.run(TestMethodWorker.java:109)
at org.testng.TestRunner.privateRun(TestRunner.java:648)
at org.testng.TestRunner.run(TestRunner.java:505)
at org.testng.SuiteRunner.runTest(SuiteRunner.java:455)
at org.testng.SuiteRunner.runSequentially(SuiteRunner.java:450)
at org.testng.SuiteRunner.privateRun(SuiteRunner.java:415)
at org.testng.SuiteRunner.run(SuiteRunner.java:364)
at org.testng.SuiteRunnerWorker.runSuite(SuiteRunnerWorker.java:52)
at org.testng.SuiteRunnerWorker.run(SuiteRunnerWorker.java:84)
at org.testng.TestNG.runSuitesSequentially(TestNG.java:1208)
at org.testng.TestNG.runSuitesLocally(TestNG.java:1137)
at org.testng.TestNG.runSuites(TestNG.java:1049)
at org.testng.TestNG.run(TestNG.java:1017)
at org.apache.maven.surefire.testng.TestNGExecutor.run(TestNGExecutor.java:135)
at org.apache.maven.surefire.testng.TestNGDirectoryTestSuite.executeMulti(TestNGDirectoryTestSuite.java:193)
at org.apache.maven.surefire.testng.TestNGDirectoryTestSuite.execute(TestNGDirectoryTestSuite.java:94)
at org.apache.maven.surefire.testng.TestNGProvider.invoke(TestNGProvider.java:146)
at org.apache.maven.surefire.booter.ForkedBooter.invokeProviderInSameClassLoader(ForkedBooter.java:384)
at org.apache.maven.surefire.booter.ForkedBooter.runSuitesInProcess(ForkedBooter.java:345)
at org.apache.maven.surefire.booter.ForkedBooter.execute(ForkedBooter.java:126)
at org.apache.maven.surefire.booter.ForkedBooter.main(ForkedBooter.java:418)
Caused by: org.openqa.selenium.NoSuchElementException: Cannot locate option containing text: 1 month Essentials - ВЈ16.99
For documentation on this error, please visit: https://www.seleniumhq.org/exceptions/no_such_element.html
Build info: version: '3.141.59', revision: 'e82be7d358', time: '2018-11-14T08:17:03'
System info: host: 'PRIVATE-1074', ip: '10.8.1.74', os.name: 'Windows 10', os.arch: 'amd64', os.version: '10.0', java.version: '1.8.0_152'
Driver info: driver.version: unknown
at com.codeborne.selenide.commands.SelectOptionContainingText.execute(SelectOptionContainingText.java:25)
at com.codeborne.selenide.commands.SelectOptionContainingText.execute(SelectOptionContainingText.java:14)
at com.codeborne.selenide.commands.Commands.execute(Commands.java:144)
at com.codeborne.selenide.impl.SelenideElementProxy.dispatchAndRetry(SelenideElementProxy.java:87)
... 34 more
]]>
            </full-stacktrace>
          </exception> <!-- com.codeborne.selenide.ex.ElementNotFound -->
          <reporter-output>
          </reporter-output>
        </test-method> <!-- lordInWorldPaylistingEssen -->
        <test-method status="PASS" signature="setupMethod()[pri:0, instance:uk.co.idealflatmate.tests.PaymentTests@5383967b]" name="setupMethod" is-config="true" duration-ms="11053" started-at="2019-02-15T11:19:47Z" finished-at="2019-02-15T11:19:58Z">
          <reporter-output>
          </reporter-output>
        </test-method> <!-- setupMethod -->
        <test-method status="FAIL" signature="lordOutWorldPaylistingPrem()[pri:0, instance:uk.co.idealflatmate.tests.PaymentTests@5383967b]" name="lordOutWorldPaylistingPrem" duration-ms="76129" started-at="2019-02-15T11:19:58Z" finished-at="2019-02-15T11:21:14Z">
          <exception class="com.codeborne.selenide.ex.ElementNotFound">
            <message>
              <![CDATA[Element not found {By.xpath: //form[@id='PremiumPaymentForm']//select[@id='paymentform-type_id']}
Expected: exist]]>
            </message>
            <full-stacktrace>
              <![CDATA[Element not found {By.xpath: //form[@id='PremiumPaymentForm']//select[@id='paymentform-type_id']}
Expected: exist
Screenshot: file:/C:/Users/lukhovytskyi/Documents/GitHub/idealflatmatetest/build/reports/tests/1550229673384.19.png
Page source: file:/C:/Users/lukhovytskyi/Documents/GitHub/idealflatmatetest/build/reports/tests/1550229673384.19.html
Timeout: 10 s.
Caused by: NoSuchElementException: Cannot locate option containing text: 1 week Premium - ВЈ12.99
at com.codeborne.selenide.impl.WebElementSource.createElementNotFoundError(WebElementSource.java:31)
at com.codeborne.selenide.impl.ElementFinder.createElementNotFoundError(ElementFinder.java:82)
at com.codeborne.selenide.impl.SelenideElementProxy.dispatchAndRetry(SelenideElementProxy.java:116)
at com.codeborne.selenide.impl.SelenideElementProxy.invoke(SelenideElementProxy.java:63)
at com.sun.proxy.$Proxy5.selectOptionContainingText(Unknown Source)
at uk.co.idealflatmate.appmanager.PaymentsHelper.verificationPrice(PaymentsHelper.java:116)
at uk.co.idealflatmate.tests.PaymentTests.lordOutWorldPaylistingPrem(PaymentTests.java:174)
at sun.reflect.NativeMethodAccessorImpl.invoke0(Native Method)
at sun.reflect.NativeMethodAccessorImpl.invoke(NativeMethodAccessorImpl.java:62)
at sun.reflect.DelegatingMethodAccessorImpl.invoke(DelegatingMethodAccessorImpl.java:43)
at java.lang.reflect.Method.invoke(Method.java:498)
at org.testng.internal.MethodInvocationHelper.invokeMethod(MethodInvocationHelper.java:124)
at org.testng.internal.Invoker.invokeMethod(Invoker.java:583)
at org.testng.internal.Invoker.invokeTestMethod(Invoker.java:719)
at org.testng.internal.Invoker.invokeTestMethods(Invoker.java:989)
at org.testng.internal.TestMethodWorker.invokeTestMethods(TestMethodWorker.java:125)
at org.testng.internal.TestMethodWorker.run(TestMethodWorker.java:109)
at org.testng.TestRunner.privateRun(TestRunner.java:648)
at org.testng.TestRunner.run(TestRunner.java:505)
at org.testng.SuiteRunner.runTest(SuiteRunner.java:455)
at org.testng.SuiteRunner.runSequentially(SuiteRunner.java:450)
at org.testng.SuiteRunner.privateRun(SuiteRunner.java:415)
at org.testng.SuiteRunner.run(SuiteRunner.java:364)
at org.testng.SuiteRunnerWorker.runSuite(SuiteRunnerWorker.java:52)
at org.testng.SuiteRunnerWorker.run(SuiteRunnerWorker.java:84)
at org.testng.TestNG.runSuitesSequentially(TestNG.java:1208)
at org.testng.TestNG.runSuitesLocally(TestNG.java:1137)
at org.testng.TestNG.runSuites(TestNG.java:1049)
at org.testng.TestNG.run(TestNG.java:1017)
at org.apache.maven.surefire.testng.TestNGExecutor.run(TestNGExecutor.java:135)
at org.apache.maven.surefire.testng.TestNGDirectoryTestSuite.executeMulti(TestNGDirectoryTestSuite.java:193)
at org.apache.maven.surefire.testng.TestNGDirectoryTestSuite.execute(TestNGDirectoryTestSuite.java:94)
at org.apache.maven.surefire.testng.TestNGProvider.invoke(TestNGProvider.java:146)
at org.apache.maven.surefire.booter.ForkedBooter.invokeProviderInSameClassLoader(ForkedBooter.java:384)
at org.apache.maven.surefire.booter.ForkedBooter.runSuitesInProcess(ForkedBooter.java:345)
at org.apache.maven.surefire.booter.ForkedBooter.execute(ForkedBooter.java:126)
at org.apache.maven.surefire.booter.ForkedBooter.main(ForkedBooter.java:418)
Caused by: org.openqa.selenium.NoSuchElementException: Cannot locate option containing text: 1 week Premium - ВЈ12.99
For documentation on this error, please visit: https://www.seleniumhq.org/exceptions/no_such_element.html
Build info: version: '3.141.59', revision: 'e82be7d358', time: '2018-11-14T08:17:03'
System info: host: 'PRIVATE-1074', ip: '10.8.1.74', os.name: 'Windows 10', os.arch: 'amd64', os.version: '10.0', java.version: '1.8.0_152'
Driver info: driver.version: unknown
at com.codeborne.selenide.commands.SelectOptionContainingText.execute(SelectOptionContainingText.java:25)
at com.codeborne.selenide.commands.SelectOptionContainingText.execute(SelectOptionContainingText.java:14)
at com.codeborne.selenide.commands.Commands.execute(Commands.java:144)
at com.codeborne.selenide.impl.SelenideElementProxy.dispatchAndRetry(SelenideElementProxy.java:87)
... 34 more
]]>
            </full-stacktrace>
          </exception> <!-- com.codeborne.selenide.ex.ElementNotFound -->
          <reporter-output>
          </reporter-output>
        </test-method> <!-- lordOutWorldPaylistingPrem -->
        <test-method status="PASS" signature="setupMethod()[pri:0, instance:uk.co.idealflatmate.tests.PaymentTests@5383967b]" name="setupMethod" is-config="true" duration-ms="11275" started-at="2019-02-15T11:21:14Z" finished-at="2019-02-15T11:21:25Z">
          <reporter-output>
          </reporter-output>
        </test-method> <!-- setupMethod -->
        <test-method status="FAIL" signature="premiumFHPaymentWorldPay()[pri:0, instance:uk.co.idealflatmate.tests.PaymentTests@5383967b]" name="premiumFHPaymentWorldPay" duration-ms="60971" started-at="2019-02-15T11:21:25Z" finished-at="2019-02-15T11:22:26Z">
          <exception class="com.codeborne.selenide.ex.ElementShould">
            <message>
              <![CDATA[Element should have text 'ВЈ3.99 (week)' {By.xpath: (//td[@class='u_p20-top text-primary'])[1]}
Element: '<td class="u_p20-top text-primary">?3.99 (week)</td>']]>
            </message>
            <full-stacktrace>
              <![CDATA[Element should have text 'ВЈ3.99 (week)' {By.xpath: (//td[@class='u_p20-top text-primary'])[1]}
Element: '<td class="u_p20-top text-primary">?3.99 (week)</td>'
Screenshot: file:/C:/Users/lukhovytskyi/Documents/GitHub/idealflatmatetest/build/reports/tests/1550229746021.21.png
Page source: file:/C:/Users/lukhovytskyi/Documents/GitHub/idealflatmatetest/build/reports/tests/1550229746021.21.html
Timeout: 10 s.
at com.codeborne.selenide.impl.WebElementSource.checkCondition(WebElementSource.java:66)
at com.codeborne.selenide.commands.Should.should(Should.java:35)
at com.codeborne.selenide.commands.Should.execute(Should.java:29)
at com.codeborne.selenide.commands.Should.execute(Should.java:12)
at com.codeborne.selenide.commands.Commands.execute(Commands.java:144)
at com.codeborne.selenide.impl.SelenideElementProxy.dispatchAndRetry(SelenideElementProxy.java:87)
at com.codeborne.selenide.impl.SelenideElementProxy.invoke(SelenideElementProxy.java:63)
at com.sun.proxy.$Proxy5.shouldHave(Unknown Source)
at uk.co.idealflatmate.appmanager.PaymentsHelper.verificationCheckout(PaymentsHelper.java:88)
at uk.co.idealflatmate.tests.PaymentTests.premiumFHPaymentWorldPay(PaymentTests.java:85)
at sun.reflect.NativeMethodAccessorImpl.invoke0(Native Method)
at sun.reflect.NativeMethodAccessorImpl.invoke(NativeMethodAccessorImpl.java:62)
at sun.reflect.DelegatingMethodAccessorImpl.invoke(DelegatingMethodAccessorImpl.java:43)
at java.lang.reflect.Method.invoke(Method.java:498)
at org.testng.internal.MethodInvocationHelper.invokeMethod(MethodInvocationHelper.java:124)
at org.testng.internal.Invoker.invokeMethod(Invoker.java:583)
at org.testng.internal.Invoker.invokeTestMethod(Invoker.java:719)
at org.testng.internal.Invoker.invokeTestMethods(Invoker.java:989)
at org.testng.internal.TestMethodWorker.invokeTestMethods(TestMethodWorker.java:125)
at org.testng.internal.TestMethodWorker.run(TestMethodWorker.java:109)
at org.testng.TestRunner.privateRun(TestRunner.java:648)
at org.testng.TestRunner.run(TestRunner.java:505)
at org.testng.SuiteRunner.runTest(SuiteRunner.java:455)
at org.testng.SuiteRunner.runSequentially(SuiteRunner.java:450)
at org.testng.SuiteRunner.privateRun(SuiteRunner.java:415)
at org.testng.SuiteRunner.run(SuiteRunner.java:364)
at org.testng.SuiteRunnerWorker.runSuite(SuiteRunnerWorker.java:52)
at org.testng.SuiteRunnerWorker.run(SuiteRunnerWorker.java:84)
at org.testng.TestNG.runSuitesSequentially(TestNG.java:1208)
at org.testng.TestNG.runSuitesLocally(TestNG.java:1137)
at org.testng.TestNG.runSuites(TestNG.java:1049)
at org.testng.TestNG.run(TestNG.java:1017)
at org.apache.maven.surefire.testng.TestNGExecutor.run(TestNGExecutor.java:135)
at org.apache.maven.surefire.testng.TestNGDirectoryTestSuite.executeMulti(TestNGDirectoryTestSuite.java:193)
at org.apache.maven.surefire.testng.TestNGDirectoryTestSuite.execute(TestNGDirectoryTestSuite.java:94)
at org.apache.maven.surefire.testng.TestNGProvider.invoke(TestNGProvider.java:146)
at org.apache.maven.surefire.booter.ForkedBooter.invokeProviderInSameClassLoader(ForkedBooter.java:384)
at org.apache.maven.surefire.booter.ForkedBooter.runSuitesInProcess(ForkedBooter.java:345)
at org.apache.maven.surefire.booter.ForkedBooter.execute(ForkedBooter.java:126)
at org.apache.maven.surefire.booter.ForkedBooter.main(ForkedBooter.java:418)
]]>
            </full-stacktrace>
          </exception> <!-- com.codeborne.selenide.ex.ElementShould -->
          <reporter-output>
          </reporter-output>
        </test-method> <!-- premiumFHPaymentWorldPay -->
        <test-method status="PASS" signature="tearDown()[pri:0, instance:uk.co.idealflatmate.tests.PaymentTests@5383967b]" name="tearDown" is-config="true" duration-ms="885" started-at="2019-02-15T11:22:26Z" finished-at="2019-02-15T11:22:27Z">
          <reporter-output>
          </reporter-output>
        </test-method> <!-- tearDown -->
      </class> <!-- uk.co.idealflatmate.tests.PaymentTests -->
      <class name="uk.co.idealflatmate.tests.MatchingTests">
        <test-method status="PASS" signature="setupClass()[pri:0, instance:uk.co.idealflatmate.tests.MatchingTests@5ec0a365]" name="setupClass" is-config="true" duration-ms="7674" started-at="2019-02-15T11:07:37Z" finished-at="2019-02-15T11:07:45Z">
          <reporter-output>
          </reporter-output>
        </test-method> <!-- setupClass -->
        <test-method status="PASS" signature="setupMethod()[pri:0, instance:uk.co.idealflatmate.tests.MatchingTests@5ec0a365]" name="setupMethod" is-config="true" duration-ms="4487" started-at="2019-02-15T11:07:45Z" finished-at="2019-02-15T11:07:49Z">
          <reporter-output>
          </reporter-output>
        </test-method> <!-- setupMethod -->
        <test-method status="FAIL" signature="fullMenuNewUserWithVerifPerc()[pri:0, instance:uk.co.idealflatmate.tests.MatchingTests@5ec0a365]" name="fullMenuNewUserWithVerifPerc" duration-ms="65618" started-at="2019-02-15T11:07:49Z" finished-at="2019-02-15T11:08:55Z">
          <exception class="com.codeborne.selenide.ex.ElementShould">
            <message>
              <![CDATA[Element should have text 'Well done! Thanks for answering these questions. We can now match you with compatible flatmates. Remember, you can change your answers at any time in the вЂњIdeal MatchingвЂќ section on your dashboard.' {By.xpath: //div[@class='alert alert-success']}
Element: '<div class="alert alert-success" role="alert">Well done! Thanks for answering these questions. We can now match you with compatible flatmates. Remember, you can change your answers at any time in the “Ideal Matching” section on your dashboard.</div>']]>
            </message>
            <full-stacktrace>
              <![CDATA[Element should have text 'Well done! Thanks for answering these questions. We can now match you with compatible flatmates. Remember, you can change your answers at any time in the вЂњIdeal MatchingвЂќ section on your dashboard.' {By.xpath: //div[@class='alert alert-success']}
Element: '<div class="alert alert-success" role="alert">Well done! Thanks for answering these questions. We can now match you with compatible flatmates. Remember, you can change your answers at any time in the “Ideal Matching” section on your dashboard.</div>'
Screenshot: file:/C:/Users/lukhovytskyi/Documents/GitHub/idealflatmatetest/build/reports/tests/1550228934608.7.png
Page source: file:/C:/Users/lukhovytskyi/Documents/GitHub/idealflatmatetest/build/reports/tests/1550228934608.7.html
Timeout: 10 s.
at com.codeborne.selenide.impl.WebElementSource.checkCondition(WebElementSource.java:66)
at com.codeborne.selenide.commands.Should.should(Should.java:35)
at com.codeborne.selenide.commands.Should.execute(Should.java:29)
at com.codeborne.selenide.commands.Should.execute(Should.java:12)
at com.codeborne.selenide.commands.Commands.execute(Commands.java:144)
at com.codeborne.selenide.impl.SelenideElementProxy.dispatchAndRetry(SelenideElementProxy.java:87)
at com.codeborne.selenide.impl.SelenideElementProxy.invoke(SelenideElementProxy.java:63)
at com.sun.proxy.$Proxy5.shouldHave(Unknown Source)
at uk.co.idealflatmate.appmanager.MatchingHelper.endQuizGo(MatchingHelper.java:210)
at uk.co.idealflatmate.tests.MatchingTests.fullMenuNewUserWithVerifPerc(MatchingTests.java:47)
at sun.reflect.NativeMethodAccessorImpl.invoke0(Native Method)
at sun.reflect.NativeMethodAccessorImpl.invoke(NativeMethodAccessorImpl.java:62)
at sun.reflect.DelegatingMethodAccessorImpl.invoke(DelegatingMethodAccessorImpl.java:43)
[...]
        </test-method> <!-- testSignUpViaFBlistingAgent -->
        <test-method status="PASS" signature="tearDown()[pri:0, instance:uk.co.idealflatmate.tests.SignUpTest@6fc6f14e]" name="tearDown" is-config="true" duration-ms="1133" started-at="2019-02-15T11:39:59Z" finished-at="2019-02-15T11:40:00Z">
          <reporter-output>
          </reporter-output>
        </test-method> <!-- tearDown -->
      </class> <!-- uk.co.idealflatmate.tests.SignUpTest -->
      <class name="uk.co.idealflatmate.tests.AddListingTests">
        <test-method status="PASS" signature="setupClass()[pri:0, instance:uk.co.idealflatmate.tests.AddListingTests@4e1d422d]" name="setupClass" is-config="true" duration-ms="6784" started-at="2019-02-15T10:49:07Z" finished-at="2019-02-15T10:49:14Z">
          <reporter-output>
          </reporter-output>
        </test-method> <!-- setupClass -->
        <test-method status="PASS" signature="setupMethod()[pri:0, instance:uk.co.idealflatmate.tests.AddListingTests@4e1d422d]" name="setupMethod" is-config="true" duration-ms="1672" started-at="2019-02-15T10:49:14Z" finished-at="2019-02-15T10:49:15Z">
          <reporter-output>
          </reporter-output>
        </test-method> <!-- setupMethod -->
        <test-method status="PASS" signature="loginPendingListing()[pri:0, instance:uk.co.idealflatmate.tests.AddListingTests@4e1d422d]" name="loginPendingListing" duration-ms="50944" started-at="2019-02-15T10:49:15Z" finished-at="2019-02-15T10:50:06Z">
          <reporter-output>
          </reporter-output>
        </test-method> <!-- loginPendingListing -->
        <test-method status="PASS" signature="setupMethod()[pri:0, instance:uk.co.idealflatmate.tests.AddListingTests@4e1d422d]" name="setupMethod" is-config="true" duration-ms="1207" started-at="2019-02-15T10:50:06Z" finished-at="2019-02-15T10:50:07Z">
          <reporter-output>
          </reporter-output>
        </test-method> <!-- setupMethod -->
        <test-method status="PASS" signature="loginStartListing()[pri:0, instance:uk.co.idealflatmate.tests.AddListingTests@4e1d422d]" name="loginStartListing" duration-ms="41752" started-at="2019-02-15T10:50:07Z" finished-at="2019-02-15T10:50:49Z">
          <reporter-output>
          </reporter-output>
        </test-method> <!-- loginStartListing -->
        <test-method status="PASS" signature="setupMethod()[pri:0, instance:uk.co.idealflatmate.tests.AddListingTests@4e1d422d]" name="setupMethod" is-config="true" duration-ms="1046" started-at="2019-02-15T10:50:49Z" finished-at="2019-02-15T10:50:50Z">
          <reporter-output>
          </reporter-output>
        </test-method> <!-- setupMethod -->
        <test-method status="PASS" signature="propertyAddWithAllFields()[pri:0, instance:uk.co.idealflatmate.tests.AddListingTests@4e1d422d]" name="propertyAddWithAllFields" duration-ms="110255" started-at="2019-02-15T10:50:50Z" finished-at="2019-02-15T10:52:41Z">
          <reporter-output>
          </reporter-output>
        </test-method> <!-- propertyAddWithAllFields -->
        <test-method status="PASS" signature="setupMethod()[pri:0, instance:uk.co.idealflatmate.tests.AddListingTests@4e1d422d]" name="setupMethod" is-config="true" duration-ms="984" started-at="2019-02-15T10:52:41Z" finished-at="2019-02-15T10:52:42Z">
          <reporter-output>
          </reporter-output>
        </test-method> <!-- setupMethod -->
        <test-method status="PASS" signature="propertyEditAllFieldsAbout()[pri:0, instance:uk.co.idealflatmate.tests.AddListingTests@4e1d422d]" name="propertyEditAllFieldsAbout" duration-ms="75147" started-at="2019-02-15T10:52:42Z" finished-at="2019-02-15T10:53:57Z">
          <reporter-output>
          </reporter-output>
        </test-method> <!-- propertyEditAllFieldsAbout -->
        <test-method status="PASS" signature="setupMethod()[pri:0, instance:uk.co.idealflatmate.tests.AddListingTests@4e1d422d]" name="setupMethod" is-config="true" duration-ms="1063" started-at="2019-02-15T10:53:57Z" finished-at="2019-02-15T10:53:58Z">
          <reporter-output>
          </reporter-output>
        </test-method> <!-- setupMethod -->
        <test-method status="PASS" signature="signUpPropertyAdding()[pri:0, instance:uk.co.idealflatmate.tests.AddListingTests@4e1d422d]" name="signUpPropertyAdding" duration-ms="69175" started-at="2019-02-15T10:53:58Z" finished-at="2019-02-15T10:55:07Z">
          <reporter-output>
          </reporter-output>
        </test-method> <!-- signUpPropertyAdding -->
        <test-method status="PASS" signature="setupMethod()[pri:0, instance:uk.co.idealflatmate.tests.AddListingTests@4e1d422d]" name="setupMethod" is-config="true" duration-ms="1488" started-at="2019-02-15T10:55:07Z" finished-at="2019-02-15T10:55:08Z">
          <reporter-output>
          </reporter-output>
        </test-method> <!-- setupMethod -->
        <test-method status="FAIL" signature="titleListing()[pri:0, instance:uk.co.idealflatmate.tests.AddListingTests@4e1d422d]" name="titleListing" duration-ms="27018" started-at="2019-02-15T10:55:08Z" finished-at="2019-02-15T10:55:35Z">
          <exception class="com.codeborne.selenide.ex.ElementNotFound">
            <message>
              <![CDATA[Element not found {By.xpath: //input[@id='property-route']}
Expected: visible]]>
            </message>
            <full-stacktrace>
              <![CDATA[Element not found {By.xpath: //input[@id='property-route']}
Expected: visible
Screenshot: file:/C:/Users/lukhovytskyi/Documents/GitHub/idealflatmatetest/build/reports/tests/1550228135472.3.png
Page source: file:/C:/Users/lukhovytskyi/Documents/GitHub/idealflatmatetest/build/reports/tests/1550228135472.3.html
Timeout: 10 s.
Caused by: NoSuchElementException: no such element: Unable to locate element: {"method":"xpath","selector":"//input[@id='property-route']"}
at com.codeborne.selenide.impl.WebElementSource.createElementNotFoundError(WebElementSource.java:31)
at com.codeborne.selenide.impl.ElementFinder.createElementNotFoundError(ElementFinder.java:82)
at com.codeborne.selenide.impl.WebElementSource.checkCondition(WebElementSource.java:59)
at com.codeborne.selenide.impl.WebElementSource.findAndAssertElementIsVisible(WebElementSource.java:72)
at com.codeborne.selenide.commands.Click.execute(Click.java:16)
at com.codeborne.selenide.commands.Click.execute(Click.java:12)
at com.codeborne.selenide.commands.Commands.execute(Commands.java:144)
at com.codeborne.selenide.impl.SelenideElementProxy.dispatchAndRetry(SelenideElementProxy.java:87)
at com.codeborne.selenide.impl.SelenideElementProxy.invoke(SelenideElementProxy.java:63)
at com.sun.proxy.$Proxy5.click(Unknown Source)
at uk.co.idealflatmate.appmanager.MessageHelper.click(MessageHelper.java:43)
at uk.co.idealflatmate.appmanager.AddPropertyHelper.chooseRoadFor(AddPropertyHelper.java:61)
at uk.co.idealflatmate.tests.AddListingTests.titleListing(AddListingTests.java:195)
at sun.reflect.NativeMethodAccessorImpl.invoke0(Native Method)
at sun.reflect.NativeMethodAccessorImpl.invoke(NativeMethodAccessorImpl.java:62)
at sun.reflect.DelegatingMethodAccessorImpl.invoke(DelegatingMethodAccessorImpl.java:43)
at java.lang.reflect.Method.invoke(Method.java:498)
at org.testng.internal.MethodInvocationHelper.invokeMethod(MethodInvocationHelper.java:124)
at org.testng.internal.Invoker.invokeMethod(Invoker.java:583)
at org.testng.internal.Invoker.invokeTestMethod(Invoker.java:719)
at org.testng.internal.Invoker.invokeTestMethods(Invoker.java:989)
at org.testng.internal.TestMethodWorker.invokeTestMethods(TestMethodWorker.java:125)
at org.testng.internal.TestMethodWorker.run(TestMethodWorker.java:109)
at org.testng.TestRunner.privateRun(TestRunner.java:648)
at org.testng.TestRunner.run(TestRunner.java:505)
at org.testng.SuiteRunner.runTest(SuiteRunner.java:455)
at org.testng.SuiteRunner.runSequentially(SuiteRunner.java:450)
at org.testng.SuiteRunner.privateRun(SuiteRunner.java:415)
at org.testng.SuiteRunner.run(SuiteRunner.java:364)
at org.testng.SuiteRunnerWorker.runSuite(SuiteRunnerWorker.java:52)
at org.testng.SuiteRunnerWorker.run(SuiteRunnerWorker.java:84)
at org.testng.TestNG.runSuitesSequentially(TestNG.java:1208)
at org.testng.TestNG.runSuitesLocally(TestNG.java:1137)
at org.testng.TestNG.runSuites(TestNG.java:1049)
at org.testng.TestNG.run(TestNG.java:1017)
at org.apache.maven.surefire.testng.TestNGExecutor.run(TestNGExecutor.java:135)
at org.apache.maven.surefire.testng.TestNGDirectoryTestSuite.executeMulti(TestNGDirectoryTestSuite.java:193)
at org.apache.maven.surefire.testng.TestNGDirectoryTestSuite.execute(TestNGDirectoryTestSuite.java:94)
at org.apache.maven.surefire.testng.TestNGProvider.invoke(TestNGProvider.java:146)
at org.apache.maven.surefire.booter.ForkedBooter.invokeProviderInSameClassLoader(ForkedBooter.java:384)
at org.apache.maven.surefire.booter.ForkedBooter.runSuitesInProcess(ForkedBooter.java:345)
at org.apache.maven.surefire.booter.ForkedBooter.execute(ForkedBooter.java:126)
at org.apache.maven.surefire.booter.ForkedBooter.main(ForkedBooter.java:418)
Caused by: org.openqa.selenium.NoSuchElementException: no such element: Unable to locate element: {"method":"xpath","selector":"//input[@id='property-route']"}
  (Session info: chrome=71.0.3578.98)
  (Driver info: chromedriver=73.0.3683.20 (8e2b610813e167eee3619ac4ce6e42e3ec622017),platform=Windows NT 10.0.16299 x86_64) (WARNING: The server did not provide any stacktrace information)
Command duration or timeout: 0 milliseconds
For documentation on this error, please visit: https://www.seleniumhq.org/exceptions/no_such_element.html
Build info: version: '3.141.59', revision: 'e82be7d358', time: '2018-11-14T08:17:03'
System info: host: 'PRIVATE-1074', ip: '10.8.1.74', os.name: 'Windows 10', os.arch: 'amd64', os.version: '10.0', java.version: '1.8.0_152'
Driver info: org.openqa.selenium.chrome.ChromeDriver
Capabilities {acceptInsecureCerts: false, acceptSslCerts: false, applicationCacheEnabled: false, browserConnectionEnabled: false, browserName: chrome, chrome: {chromedriverVersion: 73.0.3683.20 (8e2b610813e16..., userDataDir: C:\Users\LUKHOV~1\AppData\L...}, cssSelectorsEnabled: true, databaseEnabled: false, goog:chromeOptions: {debuggerAddress: localhost:63831}, handlesAlerts: true, hasTouchScreen: false, javascriptEnabled: true, locationContextEnabled: true, mobileEmulationEnabled: false, nativeEvents: true, networkConnectionEnabled: false, pageLoadStrategy: normal, platform: XP, platformName: XP, proxy: Proxy(), rotatable: false, setWindowRect: true, strictFileInteractability: false, takesHeapSnapshot: true, takesScreenshot: true, timeouts: {implicit: 0, pageLoad: 300000, script: 30000}, unexpectedAlertBehaviour: ignore, unhandledPromptBehavior: ignore, version: 71.0.3578.98, webStorageEnabled: true}
Session ID: a931a0638f088cc94ecd0084d010e535
*** Element info: {Using=xpath, value=//input[@id='property-route']}
at sun.reflect.GeneratedConstructorAccessor13.newInstance(Unknown Source)
at sun.reflect.DelegatingConstructorAccessorImpl.newInstance(DelegatingConstructorAccessorImpl.java:45)
at java.lang.reflect.Constructor.newInstance(Constructor.java:423)
at org.openqa.selenium.remote.ErrorHandler.createThrowable(ErrorHandler.java:214)
at org.openqa.selenium.remote.ErrorHandler.throwIfResponseFailed(ErrorHandler.java:166)
at org.openqa.selenium.remote.http.JsonHttpResponseCodec.reconstructValue(JsonHttpResponseCodec.java:40)
at org.openqa.selenium.remote.http.AbstractHttpResponseCodec.decode(AbstractHttpResponseCodec.java:80)
at org.openqa.selenium.remote.http.AbstractHttpResponseCodec.decode(AbstractHttpResponseCodec.java:44)
at org.openqa.selenium.remote.HttpCommandExecutor.execute(HttpCommandExecutor.java:158)
at org.openqa.selenium.remote.service.DriverCommandExecutor.execute(DriverCommandExecutor.java:83)
at org.openqa.selenium.remote.RemoteWebDriver.execute(RemoteWebDriver.java:552)
at org.openqa.selenium.remote.RemoteWebDriver.findElement(RemoteWebDriver.java:323)
at org.openqa.selenium.remote.RemoteWebDriver.findElementByXPath(RemoteWebDriver.java:428)
at org.openqa.selenium.By$ByXPath.findElement(By.java:353)
at org.openqa.selenium.remote.RemoteWebDriver.findElement(RemoteWebDriver.java:315)
at com.codeborne.selenide.impl.WebElementSelector.findElement(WebElementSelector.java:29)
at com.codeborne.selenide.impl.ElementFinder.getWebElement(ElementFinder.java:56)
at com.codeborne.selenide.impl.WebElementSource.checkCondition(WebElementSource.java:44)
... 40 more
]]>
            </full-stacktrace>
          </exception> <!-- com.codeborne.selenide.ex.ElementNotFound -->
          <reporter-output>
          </reporter-output>
        </test-method> <!-- titleListing -->
        <test-method status="PASS" signature="tearDown()[pri:0, instance:uk.co.idealflatmate.tests.AddListingTests@4e1d422d]" name="tearDown" is-config="true" duration-ms="970" started-at="2019-02-15T10:55:35Z" finished-at="2019-02-15T10:55:36Z">
          <reporter-output>
          </reporter-output>
        </test-method> <!-- tearDown -->
      </class> <!-- uk.co.idealflatmate.tests.AddListingTests -->
      <class name="uk.co.idealflatmate.tests.SearchPropertiesPageTests">
        <test-method status="PASS" signature="setupClass()[pri:0, instance:uk.co.idealflatmate.tests.SearchPropertiesPageTests@20398b7c]" name="setupClass" is-config="true" duration-ms="8180" started-at="2019-02-15T11:27:42Z" finished-at="2019-02-15T11:27:50Z">
          <reporter-output>
          </reporter-output>
        </test-method> <!-- setupClass -->
        <test-method status="PASS" signature="setupMethod()[pri:0, instance:uk.co.idealflatmate.tests.SearchPropertiesPageTests@20398b7c]" name="setupMethod" is-config="true" duration-ms="2614" started-at="2019-02-15T11:27:50Z" finished-at="2019-02-15T11:27:53Z">
          <reporter-output>
          </reporter-output>
        </test-method> <!-- setupMethod -->
        <test-method status="PASS" signature="applyAdvancedFiltersDefault()[pri:0, instance:uk.co.idealflatmate.tests.SearchPropertiesPageTests@20398b7c]" name="applyAdvancedFiltersDefault" duration-ms="65610" started-at="2019-02-15T11:27:53Z" finished-at="2019-02-15T11:28:59Z">
          <reporter-output>
          </reporter-output>
        </test-method> <!-- applyAdvancedFiltersDefault -->
        <test-method status="PASS" signature="setupMethod()[pri:0, instance:uk.co.idealflatmate.tests.SearchPropertiesPageTests@20398b7c]" name="setupMethod" is-config="true" duration-ms="2082" started-at="2019-02-15T11:28:59Z" finished-at="2019-02-15T11:29:01Z">
          <reporter-output>
          </reporter-output>
        </test-method> <!-- setupMethod -->
        <test-method status="PASS" signature="applyMoreFilters()[pri:0, instance:uk.co.idealflatmate.tests.SearchPropertiesPageTests@20398b7c]" name="applyMoreFilters" duration-ms="14338" started-at="2019-02-15T11:29:01Z" finished-at="2019-02-15T11:29:15Z">
          <reporter-output>
          </reporter-output>
        </test-method> <!-- applyMoreFilters -->
        <test-method status="PASS" signature="setupMethod()[pri:0, instance:uk.co.idealflatmate.tests.SearchPropertiesPageTests@20398b7c]" name="setupMethod" is-config="true" duration-ms="1959" started-at="2019-02-15T11:29:15Z" finished-at="2019-02-15T11:29:17Z">
          <reporter-output>
          </reporter-output>
        </test-method> <!-- setupMethod -->
        <test-method status="PASS" signature="propertySearchByDropDown()[pri:0, instance:uk.co.idealflatmate.tests.SearchPropertiesPageTests@20398b7c]" name="propertySearchByDropDown" duration-ms="9781" started-at="2019-02-15T11:29:17Z" finished-at="2019-02-15T11:29:27Z">
          <reporter-output>
          </reporter-output>
        </test-method> <!-- propertySearchByDropDown -->
        <test-method status="PASS" signature="setupMethod()[pri:0, instance:uk.co.idealflatmate.tests.SearchPropertiesPageTests@20398b7c]" name="setupMethod" is-config="true" duration-ms="1438" started-at="2019-02-15T11:29:27Z" finished-at="2019-02-15T11:29:28Z">
          <reporter-output>
          </reporter-output>
        </test-method> <!-- setupMethod -->
        <test-method status="PASS" signature="searchEastLDNPagination()[pri:0, instance:uk.co.idealflatmate.tests.SearchPropertiesPageTests@20398b7c]" name="searchEastLDNPagination" duration-ms="28761" started-at="2019-02-15T11:29:28Z" finished-at="2019-02-15T11:29:57Z">
          <reporter-output>
          </reporter-output>
        </test-method> <!-- searchEastLDNPagination -->
        <test-method status="PASS" signature="setupMethod()[pri:0, instance:uk.co.idealflatmate.tests.SearchPropertiesPageTests@20398b7c]" name="setupMethod" is-config="true" duration-ms="1469" started-at="2019-02-15T11:29:57Z" finished-at="2019-02-15T11:29:58Z">
          <reporter-output>
          </reporter-output>
        </test-method> <!-- setupMethod -->
        <test-method status="PASS" signature="searchPagination()[pri:0, instance:uk.co.idealflatmate.tests.SearchPropertiesPageTests@20398b7c]" name="searchPagination" duration-ms="30773" started-at="2019-02-15T11:29:58Z" finished-at="2019-02-15T11:30:29Z">
          <reporter-output>
          </reporter-output>
        </test-method> <!-- searchPagination -->
        <test-method status="PASS" signature="setupMethod()[pri:0, instance:uk.co.idealflatmate.tests.SearchPropertiesPageTests@20398b7c]" name="setupMethod" is-config="true" duration-ms="1448" started-at="2019-02-15T11:30:29Z" finished-at="2019-02-15T11:30:31Z">
          <reporter-output>
          </reporter-output>
        </test-method> <!-- setupMethod -->
        <test-method status="PASS" signature="searchZone1Pagination()[pri:0, instance:uk.co.idealflatmate.tests.SearchPropertiesPageTests@20398b7c]" name="searchZone1Pagination" duration-ms="12368" started-at="2019-02-15T11:30:31Z" finished-at="2019-02-15T11:30:43Z">
          <reporter-output>
          </reporter-output>
        </test-method> <!-- searchZone1Pagination -->
        <test-method status="PASS" signature="setupMethod()[pri:0, instance:uk.co.idealflatmate.tests.SearchPropertiesPageTests@20398b7c]" name="setupMethod" is-config="true" duration-ms="1244" started-at="2019-02-15T11:30:43Z" finished-at="2019-02-15T11:30:44Z">
          <reporter-output>
          </reporter-output>
        </test-method> <!-- setupMethod -->
        <test-method status="PASS" signature="sortListing()[pri:0, instance:uk.co.idealflatmate.tests.SearchPropertiesPageTests@20398b7c]" name="sortListing" duration-ms="42212" started-at="2019-02-15T11:30:44Z" finished-at="2019-02-15T11:31:27Z">
          <reporter-output>
          </reporter-output>
        </test-method> <!-- sortListing -->
        <test-method status="PASS" signature="setupMethod()[pri:0, instance:uk.co.idealflatmate.tests.SearchPropertiesPageTests@20398b7c]" name="setupMethod" is-config="true" duration-ms="1405" started-at="2019-02-15T11:31:27Z" finished-at="2019-02-15T11:31:28Z">
          <reporter-output>
          </reporter-output>
        </test-method> <!-- setupMethod -->
        <test-method status="PASS" signature="sortListingWith2Rooms()[pri:0, instance:uk.co.idealflatmate.tests.SearchPropertiesPageTests@20398b7c]" name="sortListingWith2Rooms" duration-ms="10676" started-at="2019-02-15T11:31:28Z" finished-at="2019-02-15T11:31:39Z">
          <reporter-output>
          </reporter-output>
        </test-method> <!-- sortListingWith2Rooms -->
        <test-method status="PASS" signature="tearDown()[pri:0, instance:uk.co.idealflatmate.tests.SearchPropertiesPageTests@20398b7c]" name="tearDown" is-config="true" duration-ms="1196" started-at="2019-02-15T11:31:39Z" finished-at="2019-02-15T11:31:40Z">
          <reporter-output>
          </reporter-output>
        </test-method> <!-- tearDown -->
      </class> <!-- uk.co.idealflatmate.tests.SearchPropertiesPageTests -->
    </test> <!-- Surefire test -->
  </suite> <!-- Surefire suite -->
</testng-results>
