<?xml version="1.0" encoding="UTF-8"?>
<testsuite xmlns:xsi="http://www.w3.org/2001/XMLSchema-instance" xsi:noNamespaceSchemaLocation="https://maven.apache.org/surefire/maven-surefire-plugin/xsd/surefire-test-report-3.0.xsd" version="3.0" name="TestSuite" time="3,437.63" tests="103" errors="0" skipped="0" failures="12">
  <properties>
[...]
</properties>
  <testcase name="removeAccountBeforeTest" classname="uk.co.idealflatmate.tests.AbclearDataTests" time="244.035"/>
  <testcase name="removelistingBeforeTest" classname="uk.co.idealflatmate.tests.AbclearDataTests" time="77.01"/>
  <testcase name="TestSuccessfulEmailReceivingWelcomeListingMessageSubscriptionCancSub" classname="uk.co.idealflatmate.tests.ZEmailTests" time="34.274">
    <failure message="Element not found {By.xpath: //span[contains(text(), &apos;AM&apos;) or contains(text(), &apos;PM&apos;)]//ancestor::tr//div//div//span[contains(text(), &apos;You have a new enquiry!&apos;)]//ancestor::tr//td/div[@role=&apos;checkbox&apos;]}&#10;Expected: visible" type="com.codeborne.selenide.ex.ElementNotFound">com.codeborne.selenide.ex.ElementNotFound: 
Element not found {By.xpath: //span[contains(text(), 'AM') or contains(text(), 'PM')]//ancestor::tr//div//div//span[contains(text(), 'You have a new enquiry!')]//ancestor::tr//td/div[@role='checkbox']}
Expected: visible
	at uk.co.idealflatmate.tests.ZEmailTests.TestSuccessfulEmailReceivingWelcomeListingMessageSubscriptionCancSub(ZEmailTests.java:21)
Caused by: org.openqa.selenium.NoSuchElementException: 
no such element: Unable to locate element: {"method":"xpath","selector":"//span[contains(text(), 'AM') or contains(text(), 'PM')]//ancestor::tr//div//div//span[contains(text(), 'You have a new enquiry!')]//ancestor::tr//td/div[@role='checkbox']"}
  (Session info: chrome=71.0.3578.98)
  (Driver info: chromedriver=73.0.3683.20 (8e2b610813e167eee3619ac4ce6e42e3ec622017),platform=Windows NT 10.0.16299 x86_64) (WARNING: The server did not provide any stacktrace information)
Command duration or timeout: 0 milliseconds
For documentation on this error, please visit: https://www.seleniumhq.org/exceptions/no_such_element.html
Build info: version: '3.141.59', revision: 'e82be7d358', time: '2018-11-14T08:17:03'
System info: host: 'PRIVATE-1074', ip: '10.8.1.74', os.name: 'Windows 10', os.arch: 'amd64', os.version: '10.0', java.version: '1.8.0_152'
Driver info: org.openqa.selenium.chrome.ChromeDriver
Capabilities {acceptInsecureCerts: false, acceptSslCerts: false, applicationCacheEnabled: false, browserConnectionEnabled: false, browserName: chrome, chrome: {chromedriverVersion: 73.0.3683.20 (8e2b610813e16..., userDataDir: C:\Users\LUKHOV~1\AppData\L...}, cssSelectorsEnabled: true, databaseEnabled: false, goog:chromeOptions: {debuggerAddress: localhost:63618}, handlesAlerts: true, hasTouchScreen: false, javascriptEnabled: true, locationContextEnabled: true, mobileEmulationEnabled: false, nativeEvents: true, networkConnectionEnabled: false, pageLoadStrategy: normal, platform: XP, platformName: XP, proxy: Proxy(), rotatable: false, setWindowRect: true, strictFileInteractability: false, takesHeapSnapshot: true, takesScreenshot: true, timeouts: {implicit: 0, pageLoad: 300000, script: 30000}, unexpectedAlertBehaviour: ignore, unhandledPromptBehavior: ignore, version: 71.0.3578.98, webStorageEnabled: true}
Session ID: ab7e8b8206b0224598a2a74cb6864e51
*** Element info: {Using=xpath, value=//span[contains(text(), 'AM') or contains(text(), 'PM')]//ancestor::tr//div//div//span[contains(text(), 'You have a new enquiry!')]//ancestor::tr//td/div[@role='checkbox']}
	at uk.co.idealflatmate.tests.ZEmailTests.TestSuccessfulEmailReceivingWelcomeListingMessageSubscriptionCancSub(ZEmailTests.java:21)
</failure>
    <system-err><![CDATA[Feb 15, 2019 12:48:21 PM com.codeborne.selenide.impl.WebDriverThreadLocalContainer closeWebDriver
INFO: Close webdriver: 1 -> ChromeDriver: chrome on XP (7fe4928dd6c9bb1ca9b5f744ae970aae)
Feb 15, 2019 12:48:21 PM com.codeborne.selenide.impl.WebDriverThreadLocalContainer$CloseBrowser run
INFO: Trying to close the browser ChromeDriver ...
Feb 15, 2019 12:48:22 PM com.codeborne.selenide.impl.WebDriverThreadLocalContainer closeWebDriver
INFO: Closed webdriver in 854 ms
Feb 15, 2019 12:48:22 PM com.codeborne.selenide.impl.WebDriverThreadLocalContainer getWebDriver
INFO: No webdriver is bound to current thread: 1 - let's create new webdriver
Starting ChromeDriver 73.0.3683.20 (8e2b610813e167eee3619ac4ce6e42e3ec622017) on port 22328
Only local connections are allowed.
Please protect ports used by ChromeDriver and related test frameworks to prevent access by malicious code.
Feb 15, 2019 12:48:24 PM org.openqa.selenium.remote.ProtocolHandshake createSession
INFO: Detected dialect: OSS
Feb 15, 2019 12:48:25 PM com.codeborne.selenide.webdriver.WebDriverFactory logBrowserVersion
INFO: BrowserName=chrome Version=71.0.3578.98 Platform=XP
Feb 15, 2019 12:48:25 PM com.codeborne.selenide.webdriver.WebDriverFactory createWebDriver
INFO: Selenide v. 4.11.1
Feb 15, 2019 12:48:25 PM com.codeborne.selenide.webdriver.WebDriverFactory logSeleniumInfo
INFO: Selenium WebDriver v. 3.141.59 build time: 2018-11-14T08:17:03
Feb 15, 2019 12:48:25 PM com.codeborne.selenide.impl.WebDriverThreadLocalContainer createDriver
INFO: Create webdriver in current thread 1: ChromeDriver -> ChromeDriver: chrome on XP (ab7e8b8206b0224598a2a74cb6864e51)
]]></system-err>
  </testcase>
  <testcase name="loginPendingListing" classname="uk.co.idealflatmate.tests.AddListingTests" time="50.944"/>
  <testcase name="loginStartListing" classname="uk.co.idealflatmate.tests.AddListingTests" time="41.751"/>
  <testcase name="propertyAddWithAllFields" classname="uk.co.idealflatmate.tests.AddListingTests" time="110.255"/>
  <testcase name="propertyEditAllFieldsAbout" classname="uk.co.idealflatmate.tests.AddListingTests" time="75.148"/>
  <testcase name="signUpPropertyAdding" classname="uk.co.idealflatmate.tests.AddListingTests" time="69.174"/>
  <testcase name="titleListing" classname="uk.co.idealflatmate.tests.AddListingTests" time="27.02">
    <failure message="Element not found {By.xpath: //input[@id=&apos;property-route&apos;]}&#10;Expected: visible" type="com.codeborne.selenide.ex.ElementNotFound">com.codeborne.selenide.ex.ElementNotFound: 
Element not found {By.xpath: //input[@id='property-route']}
Expected: visible
	at uk.co.idealflatmate.tests.AddListingTests.titleListing(AddListingTests.java:195)
Caused by: org.openqa.selenium.NoSuchElementException: 
no such element: Unable to locate element: {"method":"xpath","selector":"//input[@id='property-route']"}
  (Session info: chrome=71.0.3578.98)
  (Driver info: chromedriver=73.0.3683.20 (8e2b610813e167eee3619ac4ce6e42e3ec622017),platform=Windows NT 10.0.16299 x86_64) (WARNING: The server did not provide any stacktrace information)
Command duration or timeout: 0 milliseconds
For documentation on this error, please visit: https://www.seleniumhq.org/exceptions/no_such_element.html
Build info: version: '3.141.59', revision: 'e82be7d358', time: '2018-11-14T08:17:03'
System info: host: 'PRIVATE-1074', ip: '10.8.1.74', os.name: 'Windows 10', os.arch: 'amd64', os.version: '10.0', java.version: '1.8.0_152'
Driver info: org.openqa.selenium.chrome.ChromeDriver
Capabilities {acceptInsecureCerts: false, acceptSslCerts: false, applicationCacheEnabled: false, browserConnectionEnabled: false, browserName: chrome, chrome: {chromedriverVersion: 73.0.3683.20 (8e2b610813e16..., userDataDir: C:\Users\LUKHOV~1\AppData\L...}, cssSelectorsEnabled: true, databaseEnabled: false, goog:chromeOptions: {debuggerAddress: localhost:63831}, handlesAlerts: true, hasTouchScreen: false, javascriptEnabled: true, locationContextEnabled: true, mobileEmulationEnabled: false, nativeEvents: true, networkConnectionEnabled: false, pageLoadStrategy: normal, platform: XP, platformName: XP, proxy: Proxy(), rotatable: false, setWindowRect: true, strictFileInteractability: false, takesHeapSnapshot: true, takesScreenshot: true, timeouts: {implicit: 0, pageLoad: 300000, script: 30000}, unexpectedAlertBehaviour: ignore, unhandledPromptBehavior: ignore, version: 71.0.3578.98, webStorageEnabled: true}
Session ID: a931a0638f088cc94ecd0084d010e535
*** Element info: {Using=xpath, value=//input[@id='property-route']}
	at uk.co.idealflatmate.tests.AddListingTests.titleListing(AddListingTests.java:195)
</failure>
  </testcase>
  <testcase name="exploreMoreArea" classname="uk.co.idealflatmate.tests.AreaPageTest" time="18.603"/>
  <testcase name="firstFeaturedHomePageHeader" classname="uk.co.idealflatmate.tests.AreaPageTest" time="15.322"/>
  <testcase name="firstFeaturedLinkArea" classname="uk.co.idealflatmate.tests.AreaPageTest" time="13.281"/>
  <testcase name="firstFeaturedLinkMap" classname="uk.co.idealflatmate.tests.AreaPageTest" time="22.355">
    <failure message="Element not found {By.xpath: //link[@title=&apos;Google Maps&apos;]}&#10;Expected: exist" type="com.codeborne.selenide.ex.ElementNotFound">com.codeborne.selenide.ex.ElementNotFound: 
Element not found {By.xpath: //link[@title='Google Maps']}
Expected: exist
	at uk.co.idealflatmate.tests.AreaPageTest.firstFeaturedLinkMap(AreaPageTest.java:42)
Caused by: org.openqa.selenium.NoSuchElementException: 
no such element: Unable to locate element: {"method":"xpath","selector":"//link[@title='Google Maps']"}
  (Session info: chrome=71.0.3578.98)
  (Driver info: chromedriver=73.0.3683.20 (8e2b610813e167eee3619ac4ce6e42e3ec622017),platform=Windows NT 10.0.16299 x86_64) (WARNING: The server did not provide any stacktrace information)
Command duration or timeout: 0 milliseconds
For documentation on this error, please visit: https://www.seleniumhq.org/exceptions/no_such_element.html
Build info: version: '3.141.59', revision: 'e82be7d358', time: '2018-11-14T08:17:03'
System info: host: 'PRIVATE-1074', ip: '10.8.1.74', os.name: 'Windows 10', os.arch: 'amd64', os.version: '10.0', java.version: '1.8.0_152'
Driver info: org.openqa.selenium.chrome.ChromeDriver
Capabilities {acceptInsecureCerts: false, acceptSslCerts: false, applicationCacheEnabled: false, browserConnectionEnabled: false, browserName: chrome, chrome: {chromedriverVersion: 73.0.3683.20 (8e2b610813e16..., userDataDir: C:\Users\LUKHOV~1\AppData\L...}, cssSelectorsEnabled: true, databaseEnabled: false, goog:chromeOptions: {debuggerAddress: localhost:49610}, handlesAlerts: true, hasTouchScreen: false, javascriptEnabled: true, locationContextEnabled: true, mobileEmulationEnabled: false, nativeEvents: true, networkConnectionEnabled: false, pageLoadStrategy: normal, platform: XP, platformName: XP, proxy: Proxy(), rotatable: false, setWindowRect: true, strictFileInteractability: false, takesHeapSnapshot: true, takesScreenshot: true, timeouts: {implicit: 0, pageLoad: 300000, script: 30000}, unexpectedAlertBehaviour: ignore, unhandledPromptBehavior: ignore, version: 71.0.3578.98, webStorageEnabled: true}
Session ID: 27dea2bbc7f8a093767d7eeb82dfd559
*** Element info: {Using=xpath, value=//link[@title='Google Maps']}
	at uk.co.idealflatmate.tests.AreaPageTest.firstFeaturedLinkMap(AreaPageTest.java:42)
</failure>
    <system-err><![CDATA[Feb 15, 2019 12:56:49 PM com.codeborne.selenide.impl.WebDriverThreadLocalContainer closeWebDriver
INFO: Close webdriver: 1 -> ChromeDriver: chrome on XP (957142b58ba4c31388f4766e7ef40037)
Feb 15, 2019 12:56:49 PM com.codeborne.selenide.impl.WebDriverThreadLocalContainer$CloseBrowser run
INFO: Trying to close the browser ChromeDriver ...
Feb 15, 2019 12:56:50 PM com.codeborne.selenide.impl.WebDriverThreadLocalContainer closeWebDriver
INFO: Closed webdriver in 871 ms
Starting ChromeDriver 73.0.3683.20 (8e2b610813e167eee3619ac4ce6e42e3ec622017) on port 36723
Only local connections are allowed.
Please protect ports used by ChromeDriver and related test frameworks to prevent access by malicious code.
Feb 15, 2019 12:56:52 PM org.openqa.selenium.remote.ProtocolHandshake createSession
INFO: Detected dialect: OSS
Feb 15, 2019 12:56:54 PM com.codeborne.selenide.webdriver.WebDriverFactory logBrowserVersion
INFO: BrowserName=chrome Version=71.0.3578.98 Platform=XP
Feb 15, 2019 12:56:54 PM com.codeborne.selenide.webdriver.WebDriverFactory createWebDriver
INFO: Selenide v. 4.11.1
Feb 15, 2019 12:56:54 PM com.codeborne.selenide.webdriver.WebDriverFactory logSeleniumInfo
INFO: Selenium WebDriver v. 3.141.59 build time: 2018-11-14T08:17:03
Feb 15, 2019 12:56:54 PM com.codeborne.selenide.impl.WebDriverThreadLocalContainer createDriver
INFO: Create webdriver in current thread 1: ChromeDriver -> ChromeDriver: chrome on XP (27dea2bbc7f8a093767d7eeb82dfd559)
]]></system-err>
  </testcase>
  <testcase name="linkFH" classname="uk.co.idealflatmate.tests.AreaPageTest" time="12.094"/>
  <testcase name="seeMoreRooms" classname="uk.co.idealflatmate.tests.AreaPageTest" time="22.671"/>
  <testcase name="addLogInViaFacebook" classname="uk.co.idealflatmate.tests.AuthorizationTests" time="37.92"/>
  <testcase name="alogInWithMatchingFB" classname="uk.co.idealflatmate.tests.AuthorizationTests" time="60.087"/>
  <testcase name="classicLogInOut" classname="uk.co.idealflatmate.tests.AuthorizationTests" time="9.958"/>
  <testcase name="emailWrongHomePage" classname="uk.co.idealflatmate.tests.AuthorizationTests" time="5.825"/>
  <testcase name="invalidLoginWithEmptyFields" classname="uk.co.idealflatmate.tests.AuthorizationTests" time="3.084"/>
  <testcase name="logInContactFM" classname="uk.co.idealflatmate.tests.AuthorizationTests" time="15.861"/>
  <testcase name="logInMessageFM" classname="uk.co.idealflatmate.tests.AuthorizationTests" time="14.069"/>
  <testcase name="logInOutOnFMPage" classname="uk.co.idealflatmate.tests.AuthorizationTests" time="13.698"/>
  <testcase name="logInOutOnPropertyPage" classname="uk.co.idealflatmate.tests.AuthorizationTests" time="9.906"/>
  <testcase name="logInPhoneReveal" classname="uk.co.idealflatmate.tests.AuthorizationTests" time="18.083"/>
  <testcase name="loginPassWronglogInHomePage" classname="uk.co.idealflatmate.tests.AuthorizationTests" time="7.62"/>
  <testcase name="footerAboutUsLink" classname="uk.co.idealflatmate.tests.FooterTest" time="6.389"/>
  <testcase name="footerAskLandlord" classname="uk.co.idealflatmate.tests.FooterTest" time="10.146"/>
  <testcase name="footerBlogLink" classname="uk.co.idealflatmate.tests.FooterTest" time="8.831"/>
  <testcase name="footerBrowseFlatsharesLink" classname="uk.co.idealflatmate.tests.FooterTest" time="9.945"/>
  <testcase name="footerBrowseHowItWorksLink" classname="uk.co.idealflatmate.tests.FooterTest" time="5.629"/>
  <testcase name="footerBrowseTipsLink" classname="uk.co.idealflatmate.tests.FooterTest" time="5.621"/>
  <testcase name="footerContactLink" classname="uk.co.idealflatmate.tests.FooterTest" time="5.431"/>
  <testcase name="footerHomeLink" classname="uk.co.idealflatmate.tests.FooterTest" time="5.614"/>
  <testcase name="footerInstagramLink" classname="uk.co.idealflatmate.tests.FooterTest" time="3.026"/>
  <testcase name="footerMediaLink" classname="uk.co.idealflatmate.tests.FooterTest" time="7.853"/>
  <testcase name="footerModern" classname="uk.co.idealflatmate.tests.FooterTest" time="7.838"/>
  <testcase name="footerNLALink" classname="uk.co.idealflatmate.tests.FooterTest" time="8.625"/>
  <testcase name="footerPressLink" classname="uk.co.idealflatmate.tests.FooterTest" time="5.379"/>
  <testcase name="footerPricingLink" classname="uk.co.idealflatmate.tests.FooterTest" time="4.861"/>
  <testcase name="footerStaySafeLink" classname="uk.co.idealflatmate.tests.FooterTest" time="3.601"/>
  <testcase name="footerTwitterLink" classname="uk.co.idealflatmate.tests.FooterTest" time="6.382"/>
  <testcase name="footerYoutubeLink" classname="uk.co.idealflatmate.tests.FooterTest" time="6.997"/>
  <testcase name="amountOfBlocsAndTextOfAreas" classname="uk.co.idealflatmate.tests.HomePageTest" time="3.167"/>
  <testcase name="blogFM" classname="uk.co.idealflatmate.tests.HomePageTest" time="10.19"/>
  <testcase name="blogLandlord" classname="uk.co.idealflatmate.tests.HomePageTest" time="2.959"/>
  <testcase name="findOutMore" classname="uk.co.idealflatmate.tests.HomePageTest" time="6.449"/>
  <testcase name="findStartListing" classname="uk.co.idealflatmate.tests.HomePageTest" time="2.793"/>
  <testcase name="findStartMatchingLink" classname="uk.co.idealflatmate.tests.HomePageTest" time="4.287"/>
  <testcase name="pressLogo" classname="uk.co.idealflatmate.tests.HomePageTest" time="1.461"/>
  <testcase name="fullMenuNewUserWithVerifPerc" classname="uk.co.idealflatmate.tests.MatchingTests" time="65.619">
    <failure message="Element should have text &apos;Well done! Thanks for answering these questions. We can now match you with compatible flatmates. Remember, you can change your answers at any time in the вЂњIdeal MatchingвЂќ section on your dashboard.&apos; {By.xpath: //div[@class=&apos;alert alert-success&apos;]}&#10;Element: &apos;&lt;div class=&quot;alert alert-success&quot; role=&quot;alert&quot;&gt;Well done! Thanks for answering these questions. We can now match you with compatible flatmates. Remember, you can change your answers at any time in the “Ideal Matching” section on your dashboard.&lt;/div&gt;&apos;" type="com.codeborne.selenide.ex.ElementShould"><![CDATA[com.codeborne.selenide.ex.ElementShould: 
Element should have text 'Well done! Thanks for answering these questions. We can now match you with compatible flatmates. Remember, you can change your answers at any time in the вЂњIdeal MatchingвЂќ section on your dashboard.' {By.xpath: //div[@class='alert alert-success']}
Element: '<div class="alert alert-success" role="alert">Well done! Thanks for answering these questions. We can now match you with compatible flatmates. Remember, you can change your answers at any time in the “Ideal Matching” section on your dashboard.</div>'
	at uk.co.idealflatmate.tests.MatchingTests.fullMenuNewUserWithVerifPerc(MatchingTests.java:47)
]]></failure>
    <system-err><![CDATA[Feb 15, 2019 1:07:36 PM com.codeborne.selenide.impl.WebDriverThreadLocalContainer closeWebDriver
INFO: Close webdriver: 1 -> ChromeDriver: chrome on XP (888571d70dfab62d27774e83389fea22)
Feb 15, 2019 1:07:36 PM com.codeborne.selenide.impl.WebDriverThreadLocalContainer$CloseBrowser run
INFO: Trying to close the browser ChromeDriver ...
Feb 15, 2019 1:07:37 PM com.codeborne.selenide.impl.WebDriverThreadLocalContainer closeWebDriver
INFO: Closed webdriver in 1151 ms
Feb 15, 2019 1:07:37 PM com.codeborne.selenide.impl.WebDriverThreadLocalContainer getWebDriver
INFO: No webdriver is bound to current thread: 1 - let's create new webdriver
Starting ChromeDriver 73.0.3683.20 (8e2b610813e167eee3619ac4ce6e42e3ec622017) on port 48989
Only local connections are allowed.
Please protect ports used by ChromeDriver and related test frameworks to prevent access by malicious code.
Feb 15, 2019 1:07:39 PM org.openqa.selenium.remote.ProtocolHandshake createSession
INFO: Detected dialect: OSS
Feb 15, 2019 1:07:41 PM com.codeborne.selenide.webdriver.WebDriverFactory logBrowserVersion
INFO: BrowserName=chrome Version=71.0.3578.98 Platform=XP
Feb 15, 2019 1:07:41 PM com.codeborne.selenide.webdriver.WebDriverFactory createWebDriver
INFO: Selenide v. 4.11.1
Feb 15, 2019 1:07:41 PM com.codeborne.selenide.webdriver.WebDriverFactory logSeleniumInfo
INFO: Selenium WebDriver v. 3.141.59 build time: 2018-11-14T08:17:03
Feb 15, 2019 1:07:41 PM com.codeborne.selenide.impl.WebDriverThreadLocalContainer createDriver
INFO: Create webdriver in current thread 1: ChromeDriver -> ChromeDriver: chrome on XP (e6a1049527724a9867fa864d08f7e668)
]]></system-err>
  </testcase>
  <testcase name="startMatchingOnFMSearchPage" classname="uk.co.idealflatmate.tests.MatchingTests" time="15.984"/>
  <testcase name="startMatchingOnPropertyCard" classname="uk.co.idealflatmate.tests.MatchingTests" time="16.431">
    <failure message="Element not found {By.xpath: //header//nav//ul//li//a[contains(text(), &apos;Find a home&apos;)]}&#10;Expected: visible" type="com.codeborne.selenide.ex.ElementNotFound">com.codeborne.selenide.ex.ElementNotFound: 
Element not found {By.xpath: //header//nav//ul//li//a[contains(text(), 'Find a home')]}
Expected: visible
	at uk.co.idealflatmate.tests.MatchingTests.startMatchingOnPropertyCard(MatchingTests.java:91)
Caused by: org.openqa.selenium.NoSuchElementException: 
no such element: Unable to locate element: {"method":"xpath","selector":"//header//nav//ul//li//a[contains(text(), 'Find a home')]"}
  (Session info: chrome=71.0.3578.98)
  (Driver info: chromedriver=73.0.3683.20 (8e2b610813e167eee3619ac4ce6e42e3ec622017),platform=Windows NT 10.0.16299 x86_64) (WARNING: The server did not provide any stacktrace information)
Command duration or timeout: 0 milliseconds
For documentation on this error, please visit: https://www.seleniumhq.org/exceptions/no_such_element.html
Build info: version: '3.141.59', revision: 'e82be7d358', time: '2018-11-14T08:17:03'
System info: host: 'PRIVATE-1074', ip: '10.8.1.74', os.name: 'Windows 10', os.arch: 'amd64', os.version: '10.0', java.version: '1.8.0_152'
Driver info: org.openqa.selenium.chrome.ChromeDriver
Capabilities {acceptInsecureCerts: false, acceptSslCerts: false, applicationCacheEnabled: false, browserConnectionEnabled: false, browserName: chrome, chrome: {chromedriverVersion: 73.0.3683.20 (8e2b610813e16..., userDataDir: C:\Users\LUKHOV~1\AppData\L...}, cssSelectorsEnabled: true, databaseEnabled: false, goog:chromeOptions: {debuggerAddress: localhost:53652}, handlesAlerts: true, hasTouchScreen: false, javascriptEnabled: true, locationContextEnabled: true, mobileEmulationEnabled: false, nativeEvents: true, networkConnectionEnabled: false, pageLoadStrategy: normal, platform: XP, platformName: XP, proxy: Proxy(), rotatable: false, setWindowRect: true, strictFileInteractability: false, takesHeapSnapshot: true, takesScreenshot: true, timeouts: {implicit: 0, pageLoad: 300000, script: 30000}, unexpectedAlertBehaviour: ignore, unhandledPromptBehavior: ignore, version: 71.0.3578.98, webStorageEnabled: true}
Session ID: 68eaab6687807dbfaac2e0fa234c7dc0
*** Element info: {Using=xpath, value=//header//nav//ul//li//a[contains(text(), 'Find a home')]}
	at uk.co.idealflatmate.tests.MatchingTests.startMatchingOnPropertyCard(MatchingTests.java:91)
</failure>
  </testcase>
  <testcase name="startMatchingQuizPropertyPage" classname="uk.co.idealflatmate.tests.MatchingTests" time="11.457">
    <failure message="Element should be visible {By.xpath: //a[@href=&apos;/search&apos; and contains(text(), &apos;All properties&apos;)]}&#10;Element: &apos;&lt;a href=&quot;/search&quot; displayed:false&gt;&lt;/a&gt;&apos;" type="com.codeborne.selenide.ex.ElementShould"><![CDATA[com.codeborne.selenide.ex.ElementShould: 
Element should be visible {By.xpath: //a[@href='/search' and contains(text(), 'All properties')]}
Element: '<a href="/search" displayed:false></a>'
	at uk.co.idealflatmate.tests.MatchingTests.startMatchingQuizPropertyPage(MatchingTests.java:77)
]]></failure>
    <system-err><![CDATA[Feb 15, 2019 1:09:41 PM com.codeborne.selenide.impl.WebDriverThreadLocalContainer closeWebDriver
INFO: Close webdriver: 1 -> ChromeDriver: chrome on XP (68eaab6687807dbfaac2e0fa234c7dc0)
Feb 15, 2019 1:09:41 PM com.codeborne.selenide.impl.WebDriverThreadLocalContainer$CloseBrowser run
INFO: Trying to close the browser ChromeDriver ...
Feb 15, 2019 1:09:42 PM com.codeborne.selenide.impl.WebDriverThreadLocalContainer closeWebDriver
INFO: Closed webdriver in 1038 ms
Starting ChromeDriver 73.0.3683.20 (8e2b610813e167eee3619ac4ce6e42e3ec622017) on port 45198
Only local connections are allowed.
Please protect ports used by ChromeDriver and related test frameworks to prevent access by malicious code.
Feb 15, 2019 1:09:45 PM org.openqa.selenium.remote.ProtocolHandshake createSession
INFO: Detected dialect: OSS
Feb 15, 2019 1:09:46 PM com.codeborne.selenide.webdriver.WebDriverFactory logBrowserVersion
INFO: BrowserName=chrome Version=71.0.3578.98 Platform=XP
Feb 15, 2019 1:09:46 PM com.codeborne.selenide.webdriver.WebDriverFactory createWebDriver
INFO: Selenide v. 4.11.1
Feb 15, 2019 1:09:46 PM com.codeborne.selenide.webdriver.WebDriverFactory logSeleniumInfo
INFO: Selenium WebDriver v. 3.141.59 build time: 2018-11-14T08:17:03
Feb 15, 2019 1:09:46 PM com.codeborne.selenide.impl.WebDriverThreadLocalContainer createDriver
INFO: Create webdriver in current thread 1: ChromeDriver -> ChromeDriver: chrome on XP (c0c75e8f3a9f787de55c8b34b3416d49)
]]></system-err>
  </testcase>
  <testcase name="answMesFmWithoutSubsToFM" classname="uk.co.idealflatmate.tests.MessagesTest" time="38.469"/>
  <testcase name="answMesLandlToPremFHWithoutSubs" classname="uk.co.idealflatmate.tests.MessagesTest" time="39.448"/>
  <testcase name="fmWithoutSubsToLandlordWithoutSubsWithListFromList" classname="uk.co.idealflatmate.tests.MessagesTest" time="55.139"/>
  <testcase name="fmWithoutSubsTolordWithoutSubsWithListFromFMpage" classname="uk.co.idealflatmate.tests.MessagesTest" time="29.704"/>
  <testcase name="landlordWithoutSubsToFM" classname="uk.co.idealflatmate.tests.MessagesTest" time="19.977"/>
  <testcase name="lordWithSubsToFM" classname="uk.co.idealflatmate.tests.MessagesTest" time="17.863"/>
  <testcase name="premFmToLandlWithoutSubsWithListFromSearch" classname="uk.co.idealflatmate.tests.MessagesTest" time="27.158"/>
  <testcase name="readMessageByLandlWithoutSubsn" classname="uk.co.idealflatmate.tests.MessagesTest" time="19.26"/>
  <testcase name="AbilityToSeePhone" classname="uk.co.idealflatmate.tests.PaymentTests" time="20.011"/>
  <testcase name="GoPremiumFHPaymentOnMessage" classname="uk.co.idealflatmate.tests.PaymentTests" time="23.42"/>
  <testcase name="GoPremiumFHPaymentOnPhone" classname="uk.co.idealflatmate.tests.PaymentTests" time="21.267"/>
  <testcase name="agentProfWorldPay" classname="uk.co.idealflatmate.tests.PaymentTests" time="37.92">
    <failure message="Element not found {By.xpath: //form[@id=&apos;ProfessionalPaymentForm&apos;]//select[@id=&apos;paymentform-type_id&apos;]}&#10;Expected: exist" type="com.codeborne.selenide.ex.ElementNotFound">com.codeborne.selenide.ex.ElementNotFound: 
Element not found {By.xpath: //form[@id='ProfessionalPaymentForm']//select[@id='paymentform-type_id']}
Expected: exist
	at uk.co.idealflatmate.tests.PaymentTests.agentProfWorldPay(PaymentTests.java:273)
Caused by: org.openqa.selenium.NoSuchElementException: 
Cannot locate option containing text: 1 month - ВЈ34.99
For documentation on this error, please visit: https://www.seleniumhq.org/exceptions/no_such_element.html
Build info: version: '3.141.59', revision: 'e82be7d358', time: '2018-11-14T08:17:03'
System info: host: 'PRIVATE-1074', ip: '10.8.1.74', os.name: 'Windows 10', os.arch: 'amd64', os.version: '10.0', java.version: '1.8.0_152'
Driver info: driver.version: unknown
	at uk.co.idealflatmate.tests.PaymentTests.agentProfWorldPay(PaymentTests.java:273)
</failure>
  </testcase>
  <testcase name="lordInWorldPaidListingProf" classname="uk.co.idealflatmate.tests.PaymentTests" time="71.258">
    <failure message="Element not found {By.xpath: //form[@id=&apos;ProfessionalPaymentForm&apos;]//select[@id=&apos;paymentform-type_id&apos;]}&#10;Expected: exist" type="com.codeborne.selenide.ex.ElementNotFound">com.codeborne.selenide.ex.ElementNotFound: 
Element not found {By.xpath: //form[@id='ProfessionalPaymentForm']//select[@id='paymentform-type_id']}
Expected: exist
	at uk.co.idealflatmate.tests.PaymentTests.lordInWorldPaidListingProf(PaymentTests.java:224)
Caused by: org.openqa.selenium.NoSuchElementException: 
Cannot locate option containing text: 1 month - ВЈ44.99
For documentation on this error, please visit: https://www.seleniumhq.org/exceptions/no_such_element.html
Build info: version: '3.141.59', revision: 'e82be7d358', time: '2018-11-14T08:17:03'
System info: host: 'PRIVATE-1074', ip: '10.8.1.74', os.name: 'Windows 10', os.arch: 'amd64', os.version: '10.0', java.version: '1.8.0_152'
Driver info: driver.version: unknown
	at uk.co.idealflatmate.tests.PaymentTests.lordInWorldPaidListingProf(PaymentTests.java:224)
</failure>
    <system-err><![CDATA[Feb 15, 2019 1:16:58 PM com.codeborne.selenide.impl.WebDriverThreadLocalContainer closeWebDriver
INFO: Close webdriver: 1 -> ChromeDriver: chrome on XP (924568e28bf5b8d35770b7e6f57b81e0)
Feb 15, 2019 1:16:58 PM com.codeborne.selenide.impl.WebDriverThreadLocalContainer$CloseBrowser run
INFO: Trying to close the browser ChromeDriver ...
Feb 15, 2019 1:16:59 PM com.codeborne.selenide.impl.WebDriverThreadLocalContainer closeWebDriver
INFO: Closed webdriver in 1046 ms
Starting ChromeDriver 73.0.3683.20 (8e2b610813e167eee3619ac4ce6e42e3ec622017) on port 10333
Only local connections are allowed.
Please protect ports used by ChromeDriver and related test frameworks to prevent access by malicious code.
Feb 15, 2019 1:17:02 PM org.openqa.selenium.remote.ProtocolHandshake createSession
INFO: Detected dialect: OSS
Feb 15, 2019 1:17:04 PM com.codeborne.selenide.webdriver.WebDriverFactory logBrowserVersion
INFO: BrowserName=chrome Version=71.0.3578.98 Platform=XP
Feb 15, 2019 1:17:04 PM com.codeborne.selenide.webdriver.WebDriverFactory createWebDriver
INFO: Selenide v. 4.11.1
Feb 15, 2019 1:17:04 PM com.codeborne.selenide.webdriver.WebDriverFactory logSeleniumInfo
INFO: Selenium WebDriver v. 3.141.59 build time: 2018-11-14T08:17:03
Feb 15, 2019 1:17:04 PM com.codeborne.selenide.impl.WebDriverThreadLocalContainer createDriver
INFO: Create webdriver in current thread 1: ChromeDriver -> ChromeDriver: chrome on XP (fb76b5bca66a84867b77af7f04132471)
]]></system-err>
  </testcase>
  <testcase name="lordInWorldPaylistingEssen" classname="uk.co.idealflatmate.tests.PaymentTests" time="73.587">
    <failure message="Element not found {By.xpath: //form[@id=&apos;EssentialPaymentForm&apos;]//select[@id=&apos;paymentform-type_id&apos;]}&#10;Expected: exist" type="com.codeborne.selenide.ex.ElementNotFound">com.codeborne.selenide.ex.ElementNotFound: 
Element not found {By.xpath: //form[@id='EssentialPaymentForm']//select[@id='paymentform-type_id']}
Expected: exist
	at uk.co.idealflatmate.tests.PaymentTests.lordInWorldPaylistingEssen(PaymentTests.java:119)
Caused by: org.openqa.selenium.NoSuchElementException: 
Cannot locate option containing text: 1 month Essentials - ВЈ16.99
For documentation on this error, please visit: https://www.seleniumhq.org/exceptions/no_such_element.html
Build info: version: '3.141.59', revision: 'e82be7d358', time: '2018-11-14T08:17:03'
System info: host: 'PRIVATE-1074', ip: '10.8.1.74', os.name: 'Windows 10', os.arch: 'amd64', os.version: '10.0', java.version: '1.8.0_152'
Driver info: driver.version: unknown
	at uk.co.idealflatmate.tests.PaymentTests.lordInWorldPaylistingEssen(PaymentTests.java:119)
</failure>
    <system-err><![CDATA[Feb 15, 2019 1:18:21 PM com.codeborne.selenide.impl.WebDriverThreadLocalContainer closeWebDriver
INFO: Close webdriver: 1 -> ChromeDriver: chrome on XP (fb76b5bca66a84867b77af7f04132471)
Feb 15, 2019 1:18:21 PM com.codeborne.selenide.impl.WebDriverThreadLocalContainer$CloseBrowser run
INFO: Trying to close the browser ChromeDriver ...
Feb 15, 2019 1:18:22 PM com.codeborne.selenide.impl.WebDriverThreadLocalContainer closeWebDriver
INFO: Closed webdriver in 1230 ms
Starting ChromeDriver 73.0.3683.20 (8e2b610813e167eee3619ac4ce6e42e3ec622017) on port 25825
Only local connections are allowed.
Please protect ports used by ChromeDriver and related test frameworks to prevent access by malicious code.
Feb 15, 2019 1:18:25 PM org.openqa.selenium.remote.ProtocolHandshake createSession
INFO: Detected dialect: OSS
Feb 15, 2019 1:18:26 PM com.codeborne.selenide.webdriver.WebDriverFactory logBrowserVersion
INFO: BrowserName=chrome Version=71.0.3578.98 Platform=XP
Feb 15, 2019 1:18:26 PM com.codeborne.selenide.webdriver.WebDriverFactory createWebDriver
INFO: Selenide v. 4.11.1
Feb 15, 2019 1:18:26 PM com.codeborne.selenide.webdriver.WebDriverFactory logSeleniumInfo
INFO: Selenium WebDriver v. 3.141.59 build time: 2018-11-14T08:17:03
Feb 15, 2019 1:18:26 PM com.codeborne.selenide.impl.WebDriverThreadLocalContainer createDriver
INFO: Create webdriver in current thread 1: ChromeDriver -> ChromeDriver: chrome on XP (ee968a489c1541a7452e085d8c38333a)
]]></system-err>
  </testcase>
  <testcase name="lordOutWorldPaylistingPrem" classname="uk.co.idealflatmate.tests.PaymentTests" time="76.13">
    <failure message="Element not found {By.xpath: //form[@id=&apos;PremiumPaymentForm&apos;]//select[@id=&apos;paymentform-type_id&apos;]}&#10;Expected: exist" type="com.codeborne.selenide.ex.ElementNotFound">com.codeborne.selenide.ex.ElementNotFound: 
Element not found {By.xpath: //form[@id='PremiumPaymentForm']//select[@id='paymentform-type_id']}
Expected: exist
	at uk.co.idealflatmate.tests.PaymentTests.lordOutWorldPaylistingPrem(PaymentTests.java:174)
Caused by: org.openqa.selenium.NoSuchElementException: 
Cannot locate option containing text: 1 week Premium - ВЈ12.99
For documentation on this error, please visit: https://www.seleniumhq.org/exceptions/no_such_element.html
Build info: version: '3.141.59', revision: 'e82be7d358', time: '2018-11-14T08:17:03'
System info: host: 'PRIVATE-1074', ip: '10.8.1.74', os.name: 'Windows 10', os.arch: 'amd64', os.version: '10.0', java.version: '1.8.0_152'
Driver info: driver.version: unknown
	at uk.co.idealflatmate.tests.PaymentTests.lordOutWorldPaylistingPrem(PaymentTests.java:174)
</failure>
    <system-err><![CDATA[Feb 15, 2019 1:19:47 PM com.codeborne.selenide.impl.WebDriverThreadLocalContainer closeWebDriver
INFO: Close webdriver: 1 -> ChromeDriver: chrome on XP (ee968a489c1541a7452e085d8c38333a)
Feb 15, 2019 1:19:47 PM com.codeborne.selenide.impl.WebDriverThreadLocalContainer$CloseBrowser run
INFO: Trying to close the browser ChromeDriver ...
Feb 15, 2019 1:19:48 PM com.codeborne.selenide.impl.WebDriverThreadLocalContainer closeWebDriver
INFO: Closed webdriver in 1012 ms
Starting ChromeDriver 73.0.3683.20 (8e2b610813e167eee3619ac4ce6e42e3ec622017) on port 38625
Only local connections are allowed.
Please protect ports used by ChromeDriver and related test frameworks to prevent access by malicious code.
Feb 15, 2019 1:19:50 PM org.openqa.selenium.remote.ProtocolHandshake createSession
INFO: Detected dialect: OSS
Feb 15, 2019 1:19:51 PM com.codeborne.selenide.webdriver.WebDriverFactory logBrowserVersion
INFO: BrowserName=chrome Version=71.0.3578.98 Platform=XP
Feb 15, 2019 1:19:51 PM com.codeborne.selenide.webdriver.WebDriverFactory createWebDriver
INFO: Selenide v. 4.11.1
Feb 15, 2019 1:19:51 PM com.codeborne.selenide.webdriver.WebDriverFactory logSeleniumInfo
INFO: Selenium WebDriver v. 3.141.59 build time: 2018-11-14T08:17:03
Feb 15, 2019 1:19:51 PM com.codeborne.selenide.impl.WebDriverThreadLocalContainer createDriver
INFO: Create webdriver in current thread 1: ChromeDriver -> ChromeDriver: chrome on XP (10d6b4eee29dae05e22cda99c40d6a85)
]]></system-err>
  </testcase>
  <testcase name="premiumFHPaymentWorldPay" classname="uk.co.idealflatmate.tests.PaymentTests" time="60.972">
    <failure message="Element should have text &apos;ВЈ3.99 (week)&apos; {By.xpath: (//td[@class=&apos;u_p20-top text-primary&apos;])[1]}&#10;Element: &apos;&lt;td class=&quot;u_p20-top text-primary&quot;&gt;£3.99 (week)&lt;/td&gt;&apos;" type="com.codeborne.selenide.ex.ElementShould"><![CDATA[com.codeborne.selenide.ex.ElementShould: 
Element should have text 'ВЈ3.99 (week)' {By.xpath: (//td[@class='u_p20-top text-primary'])[1]}
Element: '<td class="u_p20-top text-primary">£3.99 (week)</td>'
	at uk.co.idealflatmate.tests.PaymentTests.premiumFHPaymentWorldPay(PaymentTests.java:85)
]]></failure>
    <system-err><![CDATA[Feb 15, 2019 1:21:14 PM com.codeborne.selenide.impl.WebDriverThreadLocalContainer closeWebDriver
INFO: Close webdriver: 1 -> ChromeDriver: chrome on XP (10d6b4eee29dae05e22cda99c40d6a85)
Feb 15, 2019 1:21:14 PM com.codeborne.selenide.impl.WebDriverThreadLocalContainer$CloseBrowser run
INFO: Trying to close the browser ChromeDriver ...
Feb 15, 2019 1:21:15 PM com.codeborne.selenide.impl.WebDriverThreadLocalContainer closeWebDriver
INFO: Closed webdriver in 1038 ms
Starting ChromeDriver 73.0.3683.20 (8e2b610813e167eee3619ac4ce6e42e3ec622017) on port 48225
Only local connections are allowed.
Please protect ports used by ChromeDriver and related test frameworks to prevent access by malicious code.
Feb 15, 2019 1:21:17 PM org.openqa.selenium.remote.ProtocolHandshake createSession
INFO: Detected dialect: OSS
Feb 15, 2019 1:21:18 PM com.codeborne.selenide.webdriver.WebDriverFactory logBrowserVersion
INFO: BrowserName=chrome Version=71.0.3578.98 Platform=XP
Feb 15, 2019 1:21:18 PM com.codeborne.selenide.webdriver.WebDriverFactory createWebDriver
INFO: Selenide v. 4.11.1
Feb 15, 2019 1:21:18 PM com.codeborne.selenide.webdriver.WebDriverFactory logSeleniumInfo
INFO: Selenium WebDriver v. 3.141.59 build time: 2018-11-14T08:17:03
Feb 15, 2019 1:21:18 PM com.codeborne.selenide.impl.WebDriverThreadLocalContainer createDriver
INFO: Create webdriver in current thread 1: ChromeDriver -> ChromeDriver: chrome on XP (528f80a1cce6beafc18fdda47cc8daf2)
]]></system-err>
  </testcase>
  <testcase name="applyAdvancedFiltersDefault" classname="uk.co.idealflatmate.tests.SearchFMPageTests" time="60.175"/>
  <testcase name="applyMoreFilters" classname="uk.co.idealflatmate.tests.SearchFMPageTests" time="14.52"/>
  <testcase name="applyMoreFiltersPhotoNoList" classname="uk.co.idealflatmate.tests.SearchFMPageTests" time="24.441"/>
  <testcase name="applyMoreFiltersPhotoWithList" classname="uk.co.idealflatmate.tests.SearchFMPageTests" time="19.984"/>
  <testcase name="fmSearchBy" classname="uk.co.idealflatmate.tests.SearchFMPageTests" time="7.72"/>
  <testcase name="searchPagination" classname="uk.co.idealflatmate.tests.SearchFMPageTests" time="27.059"/>
  <testcase name="sortListingLoggedIn" classname="uk.co.idealflatmate.tests.SearchFMPageTests" time="46.29"/>
  <testcase name="TestSearchHomeByEnter" classname="uk.co.idealflatmate.tests.SearchHomePageTests" time="13.118"/>
  <testcase name="searchHomeByButton" classname="uk.co.idealflatmate.tests.SearchHomePageTests" time="11.914"/>
  <testcase name="searchHomeIDProperty" classname="uk.co.idealflatmate.tests.SearchHomePageTests" time="12.39"/>
  <testcase name="searchHomeLocationFromList" classname="uk.co.idealflatmate.tests.SearchHomePageTests" time="11.66"/>
  <testcase name="searchHomePartOfLocationName" classname="uk.co.idealflatmate.tests.SearchHomePageTests" time="18.643"/>
  <testcase name="applyAdvancedFiltersDefault" classname="uk.co.idealflatmate.tests.SearchPropertiesPageTests" time="65.61"/>
  <testcase name="applyMoreFilters" classname="uk.co.idealflatmate.tests.SearchPropertiesPageTests" time="14.338"/>
  <testcase name="propertySearchByDropDown" classname="uk.co.idealflatmate.tests.SearchPropertiesPageTests" time="9.78"/>
  <testcase name="searchEastLDNPagination" classname="uk.co.idealflatmate.tests.SearchPropertiesPageTests" time="28.761"/>
  <testcase name="searchPagination" classname="uk.co.idealflatmate.tests.SearchPropertiesPageTests" time="30.773"/>
  <testcase name="searchZone1Pagination" classname="uk.co.idealflatmate.tests.SearchPropertiesPageTests" time="12.367"/>
  <testcase name="sortListing" classname="uk.co.idealflatmate.tests.SearchPropertiesPageTests" time="42.211"/>
  <testcase name="sortListingWith2Rooms" classname="uk.co.idealflatmate.tests.SearchPropertiesPageTests" time="10.677"/>
  <testcase name="testHeaderRoomSignUpHomePageTenant" classname="uk.co.idealflatmate.tests.SignUpTest" time="30.479">
    <failure message="Element not found {By.xpath: //input[@id=&apos;moreinfosignupform-file&apos;]}&#10;Expected: exist" type="com.codeborne.selenide.ex.ElementNotFound">com.codeborne.selenide.ex.ElementNotFound: 
Element not found {By.xpath: //input[@id='moreinfosignupform-file']}
Expected: exist
	at uk.co.idealflatmate.tests.SignUpTest.testHeaderRoomSignUpHomePageTenant(SignUpTest.java:71)
Caused by: org.openqa.selenium.NoSuchElementException: 
no such element: Unable to locate element: {"method":"xpath","selector":"//input[@id='moreinfosignupform-file']"}
  (Session info: chrome=71.0.3578.98)
  (Driver info: chromedriver=73.0.3683.20 (8e2b610813e167eee3619ac4ce6e42e3ec622017),platform=Windows NT 10.0.16299 x86_64) (WARNING: The server did not provide any stacktrace information)
Command duration or timeout: 0 milliseconds
For documentation on this error, please visit: https://www.seleniumhq.org/exceptions/no_such_element.html
Build info: version: '3.141.59', revision: 'e82be7d358', time: '2018-11-14T08:17:03'
System info: host: 'PRIVATE-1074', ip: '10.8.1.74', os.name: 'Windows 10', os.arch: 'amd64', os.version: '10.0', java.version: '1.8.0_152'
Driver info: org.openqa.selenium.chrome.ChromeDriver
Capabilities {acceptInsecureCerts: false, acceptSslCerts: false, applicationCacheEnabled: false, browserConnectionEnabled: false, browserName: chrome, chrome: {chromedriverVersion: 73.0.3683.20 (8e2b610813e16..., userDataDir: C:\Users\LUKHOV~1\AppData\L...}, cssSelectorsEnabled: true, databaseEnabled: false, goog:chromeOptions: {debuggerAddress: localhost:59515}, handlesAlerts: true, hasTouchScreen: false, javascriptEnabled: true, locationContextEnabled: true, mobileEmulationEnabled: false, nativeEvents: true, networkConnectionEnabled: false, pageLoadStrategy: normal, platform: XP, platformName: XP, proxy: Proxy(), rotatable: false, setWindowRect: true, strictFileInteractability: false, takesHeapSnapshot: true, takesScreenshot: true, timeouts: {implicit: 0, pageLoad: 300000, script: 30000}, unexpectedAlertBehaviour: ignore, unhandledPromptBehavior: ignore, version: 71.0.3578.98, webStorageEnabled: true}
Session ID: a0f4cb2b750eb3e898db9b5f9a779e47
*** Element info: {Using=xpath, value=//input[@id='moreinfosignupform-file']}
	at uk.co.idealflatmate.tests.SignUpTest.testHeaderRoomSignUpHomePageTenant(SignUpTest.java:71)
</failure>
    <system-err><![CDATA[Feb 15, 2019 1:31:39 PM com.codeborne.selenide.impl.WebDriverThreadLocalContainer closeWebDriver
INFO: Close webdriver: 1 -> ChromeDriver: chrome on XP (1f01c11587241b332975b98ec572cc4f)
Feb 15, 2019 1:31:39 PM com.codeborne.selenide.impl.WebDriverThreadLocalContainer$CloseBrowser run
INFO: Trying to close the browser ChromeDriver ...
Feb 15, 2019 1:31:40 PM com.codeborne.selenide.impl.WebDriverThreadLocalContainer closeWebDriver
INFO: Closed webdriver in 1196 ms
Feb 15, 2019 1:31:40 PM com.codeborne.selenide.impl.WebDriverThreadLocalContainer getWebDriver
INFO: No webdriver is bound to current thread: 1 - let's create new webdriver
Starting ChromeDriver 73.0.3683.20 (8e2b610813e167eee3619ac4ce6e42e3ec622017) on port 2800
Only local connections are allowed.
Please protect ports used by ChromeDriver and related test frameworks to prevent access by malicious code.
Feb 15, 2019 1:31:43 PM org.openqa.selenium.remote.ProtocolHandshake createSession
INFO: Detected dialect: OSS
Feb 15, 2019 1:31:44 PM com.codeborne.selenide.webdriver.WebDriverFactory logBrowserVersion
INFO: BrowserName=chrome Version=71.0.3578.98 Platform=XP
Feb 15, 2019 1:31:44 PM com.codeborne.selenide.webdriver.WebDriverFactory createWebDriver
INFO: Selenide v. 4.11.1
Feb 15, 2019 1:31:44 PM com.codeborne.selenide.webdriver.WebDriverFactory logSeleniumInfo
INFO: Selenium WebDriver v. 3.141.59 build time: 2018-11-14T08:17:03
Feb 15, 2019 1:31:44 PM com.codeborne.selenide.impl.WebDriverThreadLocalContainer createDriver
INFO: Create webdriver in current thread 1: ChromeDriver -> ChromeDriver: chrome on XP (a0f4cb2b750eb3e898db9b5f9a779e47)
]]></system-err>
  </testcase>
  <testcase name="testHeaderSignUpHomePageFMSearchLiv_inWithoutAbout" classname="uk.co.idealflatmate.tests.SignUpTest" time="38.904"/>
  <testcase name="testHeaderSignUpViaFacebook" classname="uk.co.idealflatmate.tests.SignUpTest" time="65.264"/>
  <testcase name="testHeaderSignUpWithBlankRequiredFieldsBudget" classname="uk.co.idealflatmate.tests.SignUpTest" time="43.62"/>
  <testcase name="testHeaderSignUpWithBlankRequiredFieldsLocation" classname="uk.co.idealflatmate.tests.SignUpTest" time="40.272"/>
  <testcase name="testHeaderSignUpWithBlankRequiredFieldsMoreAboutYou" classname="uk.co.idealflatmate.tests.SignUpTest" time="20.853"/>
  <testcase name="testHeaderSignUpWithBlankRequiredFieldsYourInf" classname="uk.co.idealflatmate.tests.SignUpTest" time="13.755"/>
  <testcase name="testHeaderSignUpWithExistingEmail" classname="uk.co.idealflatmate.tests.SignUpTest" time="17.031"/>
  <testcase name="testListingSignUpFromHomepage" classname="uk.co.idealflatmate.tests.SignUpTest" time="35.064"/>
  <testcase name="testListingSignUpHeader" classname="uk.co.idealflatmate.tests.SignUpTest" time="31.485"/>
  <testcase name="testSignUpBlankFieldsPropAddRentBlock" classname="uk.co.idealflatmate.tests.SignUpTest" time="10.496"/>
  <testcase name="testSignUpBlankFieldsPropAddWorkBlock" classname="uk.co.idealflatmate.tests.SignUpTest" time="10.389"/>
  <testcase name="testSignUpViaFBlistingAgent" classname="uk.co.idealflatmate.tests.SignUpTest" time="47.779"/>
</testsuite>