<?xml version="1.0" encoding="UTF-8"?>
<testsuite xmlns:xsi="http://www.w3.org/2001/XMLSchema-instance" xsi:noNamespaceSchemaLocation="https://maven.apache.org/surefire/maven-surefire-plugin/xsd/surefire-test-report-3.0.xsd" version="3.0" name="TestSuite" time="1,069.067" tests="102" errors="0" skipped="0" failures="26">
  <properties>
[...]
</properties>
  <testcase name="exploreMoreArea" classname="uk.co.idealflatmate.tests.AreaPageTest" time="93.469"/>
  <testcase name="signUpPropertyAdding" classname="uk.co.idealflatmate.tests.AddListingTests" time="40.6">
    <failure message="Element not found {By.xpath: //input[@id=&apos;moreinfosignupform-file&apos;]}&#10;Expected: exist" type="com.codeborne.selenide.ex.ElementNotFound">com.codeborne.selenide.ex.ElementNotFound: 
Element not found {By.xpath: //input[@id='moreinfosignupform-file']}
Expected: exist
	at uk.co.idealflatmate.tests.AddListingTests.signUpPropertyAdding(AddListingTests.java:96)
Caused by: org.openqa.selenium.NoSuchElementException: 
no such element: Unable to locate element: {"method":"xpath","selector":"//input[@id='moreinfosignupform-file']"}
  (Session info: chrome=71.0.3578.98)
  (Driver info: chromedriver=72.0.3626.69 (3c16f8a135abc0d4da2dff33804db79b849a7c38),platform=Windows NT 10.0.16299 x86_64) (WARNING: The server did not provide any stacktrace information)
Command duration or timeout: 0 milliseconds
For documentation on this error, please visit: https://www.seleniumhq.org/exceptions/no_such_element.html
Build info: version: '3.141.59', revision: 'e82be7d358', time: '2018-11-14T08:17:03'
System info: host: 'PRIVATE-1074', ip: '10.8.1.74', os.name: 'Windows 10', os.arch: 'amd64', os.version: '10.0', java.version: '1.8.0_152'
Driver info: org.openqa.selenium.chrome.ChromeDriver
Capabilities {acceptInsecureCerts: false, acceptSslCerts: false, applicationCacheEnabled: false, browserConnectionEnabled: false, browserName: chrome, chrome: {chromedriverVersion: 72.0.3626.69 (3c16f8a135abc..., userDataDir: C:\Users\LUKHOV~1\AppData\L...}, cssSelectorsEnabled: true, databaseEnabled: false, goog:chromeOptions: {debuggerAddress: localhost:63650}, handlesAlerts: true, hasTouchScreen: false, javascriptEnabled: true, locationContextEnabled: true, mobileEmulationEnabled: false, nativeEvents: true, networkConnectionEnabled: false, pageLoadStrategy: normal, platform: XP, platformName: XP, proxy: Proxy(), rotatable: false, setWindowRect: true, takesHeapSnapshot: true, takesScreenshot: true, timeouts: {implicit: 0, pageLoad: 300000, script: 30000}, unexpectedAlertBehaviour: ignore, unhandledPromptBehavior: ignore, version: 71.0.3578.98, webStorageEnabled: true}
Session ID: 1761ffa945aacb821621657687675d86
*** Element info: {Using=xpath, value=//input[@id='moreinfosignupform-file']}
	at uk.co.idealflatmate.tests.AddListingTests.signUpPropertyAdding(AddListingTests.java:96)
</failure>
    <system-err><![CDATA[Jan 25, 2019 7:07:17 PM com.codeborne.selenide.impl.WebDriverThreadLocalContainer closeWebDriver
INFO: Close webdriver: 18 -> ChromeDriver: chrome on XP (cb26cc8d817dd997e62ee3b200225754)
Jan 25, 2019 7:07:17 PM com.codeborne.selenide.impl.WebDriverThreadLocalContainer$CloseBrowser run
INFO: Trying to close the browser ChromeDriver ...
Jan 25, 2019 7:07:22 PM com.codeborne.selenide.impl.WebDriverThreadLocalContainer closeWebDriver
SEVERE: Failed to close webdriver in 5000 milliseconds
Starting ChromeDriver 72.0.3626.69 (3c16f8a135abc0d4da2dff33804db79b849a7c38) on port 47079
Only local connections are allowed.
Please protect ports used by ChromeDriver and related test frameworks to prevent access by malicious code.
Jan 25, 2019 7:07:39 PM org.openqa.selenium.remote.ProtocolHandshake createSession
INFO: Detected dialect: OSS
Jan 25, 2019 7:07:41 PM com.codeborne.selenide.webdriver.WebDriverFactory logBrowserVersion
INFO: BrowserName=chrome Version=71.0.3578.98 Platform=XP
Jan 25, 2019 7:07:41 PM com.codeborne.selenide.webdriver.WebDriverFactory createWebDriver
INFO: Selenide v. 4.11.1
Jan 25, 2019 7:07:41 PM com.codeborne.selenide.webdriver.WebDriverFactory logSeleniumInfo
INFO: Selenium WebDriver v. 3.141.59 build time: 2018-11-14T08:17:03
Jan 25, 2019 7:07:41 PM com.codeborne.selenide.impl.WebDriverThreadLocalContainer createDriver
INFO: Create webdriver in current thread 18: ChromeDriver -> ChromeDriver: chrome on XP (c1960ad0e2ac1e1c2b9aaefd4b42bb17)
Jan 25, 2019 7:07:44 PM org.openqa.selenium.os.OsProcess destroy
SEVERE: Unable to kill process java.lang.ProcessImpl@8d6cbd5
]]></system-err>
  </testcase>
  <testcase name="firstFeaturedLinkArea" classname="uk.co.idealflatmate.tests.AreaPageTest" time="18.6"/>
  <testcase name="linkFH" classname="uk.co.idealflatmate.tests.AreaPageTest" time="0.021"/>
  <testcase name="loginPendingListing" classname="uk.co.idealflatmate.tests.AddListingTests" time="21.705"/>
  <testcase name="firstFeaturedHomePageHeader" classname="uk.co.idealflatmate.tests.AreaPageTest" time="4.979"/>
  <testcase name="firstFeaturedLinkMap" classname="uk.co.idealflatmate.tests.AreaPageTest" time="0.222"/>
  <testcase name="emailWrongHomePage" classname="uk.co.idealflatmate.tests.AuthorizationTests" time="4.602"/>
  <testcase name="logInContactProperty" classname="uk.co.idealflatmate.tests.AuthorizationTests" time="42.604"/>
  <testcase name="titleListing" classname="uk.co.idealflatmate.tests.AddListingTests" time="8.021"/>
  <testcase name="logInContactFM" classname="uk.co.idealflatmate.tests.AuthorizationTests" time="16.217">
    <failure message="Element not found {By.xpath: ((//div[@class=&apos;card-img&apos;])[1])//img}&#10;Expected: exist" type="com.codeborne.selenide.ex.ElementNotFound"><![CDATA[com.codeborne.selenide.ex.ElementNotFound: 
Element not found {By.xpath: ((//div[@class='card-img'])[1])//img}
Expected: exist
	at uk.co.idealflatmate.tests.AuthorizationTests.logInContactFM(AuthorizationTests.java:228)
Caused by: org.openqa.selenium.WebDriverException: 
unknown error: Element <img src="https://zerocoolifmstage.s3.eu-west-2.amazonaws.com/user/33323/user_33323_380_340.jpeg?r=602" srcset="https://zerocoolifmstage.s3.eu-west-2.amazonaws.com/user/33323/user_33323_380_340.jpeg?r=602 1x, https://zerocoolifmstage.s3.eu-west-2.amazonaws.com/user/33323/user_33323_800_716.jpeg?r=737 2x" alt="flatmate image"> is not clickable at point (249, 561). Other element would receive the click: <div role="dialog" tabindex="-1" id="signupNeedspaceModal" class="modal fade in" style="overflow-y: scroll; display: block;">...</div>
  (Session info: chrome=71.0.3578.98)
  (Driver info: chromedriver=72.0.3626.69 (3c16f8a135abc0d4da2dff33804db79b849a7c38),platform=Windows NT 10.0.16299 x86_64) (WARNING: The server did not provide any stacktrace information)
Command duration or timeout: 0 milliseconds
Build info: version: '3.141.59', revision: 'e82be7d358', time: '2018-11-14T08:17:03'
System info: host: 'PRIVATE-1074', ip: '10.8.1.74', os.name: 'Windows 10', os.arch: 'amd64', os.version: '10.0', java.version: '1.8.0_152'
Driver info: org.openqa.selenium.chrome.ChromeDriver
Capabilities {acceptInsecureCerts: false, acceptSslCerts: false, applicationCacheEnabled: false, browserConnectionEnabled: false, browserName: chrome, chrome: {chromedriverVersion: 72.0.3626.69 (3c16f8a135abc..., userDataDir: C:\Users\LUKHOV~1\AppData\L...}, cssSelectorsEnabled: true, databaseEnabled: false, goog:chromeOptions: {debuggerAddress: localhost:49982}, handlesAlerts: true, hasTouchScreen: false, javascriptEnabled: true, locationContextEnabled: true, mobileEmulationEnabled: false, nativeEvents: true, networkConnectionEnabled: false, pageLoadStrategy: normal, platform: XP, platformName: XP, proxy: Proxy(), rotatable: false, setWindowRect: true, takesHeapSnapshot: true, takesScreenshot: true, timeouts: {implicit: 0, pageLoad: 300000, script: 30000}, unexpectedAlertBehaviour: ignore, unhandledPromptBehavior: ignore, version: 71.0.3578.98, webStorageEnabled: true}
Session ID: 9fb11f54f7d29b38a26ea14426459292
	at uk.co.idealflatmate.tests.AuthorizationTests.logInContactFM(AuthorizationTests.java:228)
]]></failure>
  </testcase>
  <testcase name="logInMessageFM" classname="uk.co.idealflatmate.tests.AuthorizationTests" time="2.061"/>
  <testcase name="invalidLoginWithEmptyFields" classname="uk.co.idealflatmate.tests.AuthorizationTests" time="1.928"/>
  <testcase name="ablogInViaFacebook" classname="uk.co.idealflatmate.tests.AuthorizationTests" time="16.023">
    <failure message="Element not found {By.xpath: //span[contains(., &apos;Log in with Facebook&apos;)]}&#10;Expected: visible" type="com.codeborne.selenide.ex.ElementNotFound">com.codeborne.selenide.ex.ElementNotFound: 
Element not found {By.xpath: //span[contains(., 'Log in with Facebook')]}
Expected: visible
	at uk.co.idealflatmate.tests.AuthorizationTests.ablogInViaFacebook(AuthorizationTests.java:107)
Caused by: org.openqa.selenium.NoSuchElementException: 
no such element: Unable to locate element: {"method":"xpath","selector":"//span[contains(., 'Log in with Facebook')]"}
  (Session info: chrome=71.0.3578.98)
  (Driver info: chromedriver=72.0.3626.69 (3c16f8a135abc0d4da2dff33804db79b849a7c38),platform=Windows NT 10.0.16299 x86_64) (WARNING: The server did not provide any stacktrace information)
Command duration or timeout: 0 milliseconds
For documentation on this error, please visit: https://www.seleniumhq.org/exceptions/no_such_element.html
Build info: version: '3.141.59', revision: 'e82be7d358', time: '2018-11-14T08:17:03'
System info: host: 'PRIVATE-1074', ip: '10.8.1.74', os.name: 'Windows 10', os.arch: 'amd64', os.version: '10.0', java.version: '1.8.0_152'
Driver info: org.openqa.selenium.chrome.ChromeDriver
Capabilities {acceptInsecureCerts: false, acceptSslCerts: false, applicationCacheEnabled: false, browserConnectionEnabled: false, browserName: chrome, chrome: {chromedriverVersion: 72.0.3626.69 (3c16f8a135abc..., userDataDir: C:\Users\LUKHOV~1\AppData\L...}, cssSelectorsEnabled: true, databaseEnabled: false, goog:chromeOptions: {debuggerAddress: localhost:50385}, handlesAlerts: true, hasTouchScreen: false, javascriptEnabled: true, locationContextEnabled: true, mobileEmulationEnabled: false, nativeEvents: true, networkConnectionEnabled: false, pageLoadStrategy: normal, platform: XP, platformName: XP, proxy: Proxy(), rotatable: false, setWindowRect: true, takesHeapSnapshot: true, takesScreenshot: true, timeouts: {implicit: 0, pageLoad: 300000, script: 30000}, unexpectedAlertBehaviour: ignore, unhandledPromptBehavior: ignore, version: 71.0.3578.98, webStorageEnabled: true}
Session ID: 678c5d908adce7fc1ca4bc27e58b6497
*** Element info: {Using=xpath, value=//span[contains(., 'Log in with Facebook')]}
	at uk.co.idealflatmate.tests.AuthorizationTests.ablogInViaFacebook(AuthorizationTests.java:107)
</failure>
    <system-err><![CDATA[Jan 25, 2019 7:10:02 PM com.codeborne.selenide.impl.WebDriverThreadLocalContainer closeWebDriver
SEVERE: Failed to close webdriver in 5000 milliseconds
Starting ChromeDriver 72.0.3626.69 (3c16f8a135abc0d4da2dff33804db79b849a7c38) on port 40939
Only local connections are allowed.
Please protect ports used by ChromeDriver and related test frameworks to prevent access by malicious code.
Jan 25, 2019 7:10:06 PM org.openqa.selenium.remote.ProtocolHandshake createSession
INFO: Detected dialect: OSS
Jan 25, 2019 7:10:07 PM com.codeborne.selenide.webdriver.WebDriverFactory logBrowserVersion
INFO: BrowserName=chrome Version=71.0.3578.98 Platform=XP
Jan 25, 2019 7:10:07 PM com.codeborne.selenide.webdriver.WebDriverFactory createWebDriver
INFO: Selenide v. 4.11.1
Jan 25, 2019 7:10:07 PM com.codeborne.selenide.webdriver.WebDriverFactory logSeleniumInfo
INFO: Selenium WebDriver v. 3.141.59 build time: 2018-11-14T08:17:03
Jan 25, 2019 7:10:07 PM com.codeborne.selenide.impl.WebDriverThreadLocalContainer createDriver
INFO: Create webdriver in current thread 21: ChromeDriver -> ChromeDriver: chrome on XP (96fc369cd2f209d95a7c8f0b67175e83)
Jan 25, 2019 7:10:15 PM org.openqa.selenium.os.OsProcess destroy
INFO: Unable to drain process streams. Ignoring but the exception being swallowed follows.
org.apache.commons.exec.ExecuteException: The stop timeout of 2000 ms was exceeded (Exit value: -559038737)
	at org.apache.commons.exec.PumpStreamHandler.stopThread(PumpStreamHandler.java:295)
	at org.apache.commons.exec.PumpStreamHandler.stop(PumpStreamHandler.java:180)
	at org.openqa.selenium.os.OsProcess.destroy(OsProcess.java:136)
	at org.openqa.selenium.os.CommandLine.destroy(CommandLine.java:153)
	at org.openqa.selenium.remote.service.DriverService.stop(DriverService.java:232)
	at org.openqa.selenium.remote.service.DriverCommandExecutor.execute(DriverCommandExecutor.java:95)
	at org.openqa.selenium.remote.RemoteWebDriver.execute(RemoteWebDriver.java:552)
	at org.openqa.selenium.remote.RemoteWebDriver.execute(RemoteWebDriver.java:609)
	at org.openqa.selenium.remote.RemoteWebDriver.quit(RemoteWebDriver.java:452)
	at com.codeborne.selenide.impl.WebDriverThreadLocalContainer$CloseBrowser.run(WebDriverThreadLocalContainer.java:174)
	at java.lang.Thread.run(Thread.java:748)

Jan 25, 2019 7:10:15 PM org.openqa.selenium.os.OsProcess destroy
SEVERE: Unable to kill process java.lang.ProcessImpl@3820653a
]]></system-err>
  </testcase>
  <testcase name="seeMoreRooms" classname="uk.co.idealflatmate.tests.AreaPageTest" time="10.815"/>
  <testcase name="classicLogInOut" classname="uk.co.idealflatmate.tests.AuthorizationTests" time="17.831"/>
  <testcase name="loginStartListing" classname="uk.co.idealflatmate.tests.AddListingTests" time="23.897"/>
  <testcase name="propertyAddWithAllFields" classname="uk.co.idealflatmate.tests.AddListingTests" time="27.926">
    <failure message="Element not found {By.xpath: (//div[@class=&apos;file-preview-frame krajee-default file-preview-initial file-sortable kv-preview-thumb &apos;])[2]}&#10;Expected: visible" type="com.codeborne.selenide.ex.ElementNotFound">com.codeborne.selenide.ex.ElementNotFound: 
Element not found {By.xpath: (//div[@class='file-preview-frame krajee-default file-preview-initial file-sortable kv-preview-thumb '])[2]}
Expected: visible
	at uk.co.idealflatmate.tests.AddListingTests.propertyAddWithAllFields(AddListingTests.java:160)
Caused by: org.openqa.selenium.NoSuchElementException: 
no such element: Unable to locate element: {"method":"xpath","selector":"(//div[@class='file-preview-frame krajee-default file-preview-initial file-sortable kv-preview-thumb '])[2]"}
  (Session info: chrome=71.0.3578.98)
  (Driver info: chromedriver=72.0.3626.69 (3c16f8a135abc0d4da2dff33804db79b849a7c38),platform=Windows NT 10.0.16299 x86_64) (WARNING: The server did not provide any stacktrace information)
Command duration or timeout: 0 milliseconds
For documentation on this error, please visit: https://www.seleniumhq.org/exceptions/no_such_element.html
Build info: version: '3.141.59', revision: 'e82be7d358', time: '2018-11-14T08:17:03'
System info: host: 'PRIVATE-1074', ip: '10.8.1.74', os.name: 'Windows 10', os.arch: 'amd64', os.version: '10.0', java.version: '1.8.0_152'
Driver info: org.openqa.selenium.chrome.ChromeDriver
Capabilities {acceptInsecureCerts: false, acceptSslCerts: false, applicationCacheEnabled: false, browserConnectionEnabled: false, browserName: chrome, chrome: {chromedriverVersion: 72.0.3626.69 (3c16f8a135abc..., userDataDir: C:\Users\LUKHOV~1\AppData\L...}, cssSelectorsEnabled: true, databaseEnabled: false, goog:chromeOptions: {debuggerAddress: localhost:63651}, handlesAlerts: true, hasTouchScreen: false, javascriptEnabled: true, locationContextEnabled: true, mobileEmulationEnabled: false, nativeEvents: true, networkConnectionEnabled: false, pageLoadStrategy: normal, platform: XP, platformName: XP, proxy: Proxy(), rotatable: false, setWindowRect: true, takesHeapSnapshot: true, takesScreenshot: true, timeouts: {implicit: 0, pageLoad: 300000, script: 30000}, unexpectedAlertBehaviour: ignore, unhandledPromptBehavior: ignore, version: 71.0.3578.98, webStorageEnabled: true}
Session ID: e1486baa699b57b12251acc0c0ac0348
*** Element info: {Using=xpath, value=(//div[@class='file-preview-frame krajee-default file-preview-initial file-sortable kv-preview-thumb '])[2]}
	at uk.co.idealflatmate.tests.AddListingTests.propertyAddWithAllFields(AddListingTests.java:160)
</failure>
  </testcase>
  <testcase name="loginPassWronglogInHomePage" classname="uk.co.idealflatmate.tests.AuthorizationTests" time="9.09"/>
  <testcase name="footerAskLandlord" classname="uk.co.idealflatmate.tests.FooterTest" time="5.67"/>
  <testcase name="logInOutOnFMPage" classname="uk.co.idealflatmate.tests.AuthorizationTests" time="2.93">
    <failure message="Element not found {input#loginform-username}&#10;Expected: visible" type="com.codeborne.selenide.ex.ElementNotFound">com.codeborne.selenide.ex.ElementNotFound: 
Element not found {input#loginform-username}
Expected: visible
	at uk.co.idealflatmate.tests.AuthorizationTests.logInOutOnFMPage(AuthorizationTests.java:57)
Caused by: org.openqa.selenium.NoSuchElementException: 
no such element: Unable to locate element: {"method":"css selector","selector":"input#loginform-username"}
  (Session info: chrome=71.0.3578.98)
  (Driver info: chromedriver=72.0.3626.69 (3c16f8a135abc0d4da2dff33804db79b849a7c38),platform=Windows NT 10.0.16299 x86_64) (WARNING: The server did not provide any stacktrace information)
Command duration or timeout: 0 milliseconds
For documentation on this error, please visit: https://www.seleniumhq.org/exceptions/no_such_element.html
Build info: version: '3.141.59', revision: 'e82be7d358', time: '2018-11-14T08:17:03'
System info: host: 'PRIVATE-1074', ip: '10.8.1.74', os.name: 'Windows 10', os.arch: 'amd64', os.version: '10.0', java.version: '1.8.0_152'
Driver info: org.openqa.selenium.chrome.ChromeDriver
Capabilities {acceptInsecureCerts: false, acceptSslCerts: false, applicationCacheEnabled: false, browserConnectionEnabled: false, browserName: chrome, chrome: {chromedriverVersion: 72.0.3626.69 (3c16f8a135abc..., userDataDir: C:\Users\LUKHOV~1\AppData\L...}, cssSelectorsEnabled: true, databaseEnabled: false, goog:chromeOptions: {debuggerAddress: localhost:51022}, handlesAlerts: true, hasTouchScreen: false, javascriptEnabled: true, locationContextEnabled: true, mobileEmulationEnabled: false, nativeEvents: true, networkConnectionEnabled: false, pageLoadStrategy: normal, platform: XP, platformName: XP, proxy: Proxy(), rotatable: false, setWindowRect: true, takesHeapSnapshot: true, takesScreenshot: true, timeouts: {implicit: 0, pageLoad: 300000, script: 30000}, unexpectedAlertBehaviour: ignore, unhandledPromptBehavior: ignore, version: 71.0.3578.98, webStorageEnabled: true}
Session ID: 96fc369cd2f209d95a7c8f0b67175e83
*** Element info: {Using=css selector, value=input#loginform-username}
	at uk.co.idealflatmate.tests.AuthorizationTests.logInOutOnFMPage(AuthorizationTests.java:57)
</failure>
    <system-err><![CDATA[Jan 25, 2019 7:11:11 PM com.codeborne.selenide.webdriver.WebDriverFactory logBrowserVersion
INFO: BrowserName=chrome Version=71.0.3578.98 Platform=XP
Jan 25, 2019 7:11:11 PM com.codeborne.selenide.webdriver.WebDriverFactory createWebDriver
INFO: Selenide v. 4.11.1
Jan 25, 2019 7:11:11 PM com.codeborne.selenide.webdriver.WebDriverFactory logSeleniumInfo
INFO: Selenium WebDriver v. 3.141.59 build time: 2018-11-14T08:17:03
Jan 25, 2019 7:11:11 PM com.codeborne.selenide.impl.WebDriverThreadLocalContainer createDriver
INFO: Create webdriver in current thread 15: ChromeDriver -> ChromeDriver: chrome on XP (b1d233574f3e5763835ca7300c73ee8f)
]]></system-err>
  </testcase>
  <testcase name="footerBlogLink" classname="uk.co.idealflatmate.tests.FooterTest" time="3.547">
    <failure message="TimeoutException: Expected condition failed: waiting for window to be available by index: 1 (tried for 10 second(s) with 100 milliseconds interval)&#10;Build info: version: &apos;3.141.59&apos;, revision: &apos;e82be7d358&apos;, time: &apos;2018-11-14T08:17:03&apos;&#10;System info: host: &apos;PRIVATE-1074&apos;, ip: &apos;10.8.1.74&apos;, os.name: &apos;Windows 10&apos;, os.arch: &apos;amd64&apos;, os.version: &apos;10.0&apos;, java.version: &apos;1.8.0_152&apos;&#10;Driver info: driver.version: unknown" type="com.codeborne.selenide.ex.UIAssertionError">com.codeborne.selenide.ex.UIAssertionError: 
TimeoutException: Expected condition failed: waiting for window to be available by index: 1 (tried for 10 second(s) with 100 milliseconds interval)
Build info: version: '3.141.59', revision: 'e82be7d358', time: '2018-11-14T08:17:03'
System info: host: 'PRIVATE-1074', ip: '10.8.1.74', os.name: 'Windows 10', os.arch: 'amd64', os.version: '10.0', java.version: '1.8.0_152'
Driver info: driver.version: unknown
	at uk.co.idealflatmate.tests.FooterTest.footerBlogLink(FooterTest.java:82)
Caused by: org.openqa.selenium.TimeoutException: 
Expected condition failed: waiting for window to be available by index: 1 (tried for 10 second(s) with 100 milliseconds interval)
Build info: version: '3.141.59', revision: 'e82be7d358', time: '2018-11-14T08:17:03'
System info: host: 'PRIVATE-1074', ip: '10.8.1.74', os.name: 'Windows 10', os.arch: 'amd64', os.version: '10.0', java.version: '1.8.0_152'
Driver info: driver.version: unknown
	at uk.co.idealflatmate.tests.FooterTest.footerBlogLink(FooterTest.java:82)
</failure>
    <system-err><![CDATA[Jan 25, 2019 7:11:12 PM com.codeborne.selenide.impl.WebDriverThreadLocalContainer closeWebDriver
INFO: Close webdriver: 21 -> ChromeDriver: chrome on XP (96fc369cd2f209d95a7c8f0b67175e83)
Jan 25, 2019 7:11:12 PM com.codeborne.selenide.impl.WebDriverThreadLocalContainer$CloseBrowser run
INFO: Trying to close the browser ChromeDriver ...
]]></system-err>
  </testcase>
  <testcase name="footerBrowseTipsLink" classname="uk.co.idealflatmate.tests.FooterTest" time="2.867"/>
  <testcase name="logInMessageProperty" classname="uk.co.idealflatmate.tests.AuthorizationTests" time="5.307"/>
  <testcase name="footerMediaLink" classname="uk.co.idealflatmate.tests.FooterTest" time="6.834"/>
  <testcase name="footerInstagramLink" classname="uk.co.idealflatmate.tests.FooterTest" time="2.33">
    <failure message="Element should have text &apos;idealflatmate&apos; {By.xpath: (//h1)[1]}&#10;Element: &apos;&lt;h1 class=&quot;splash-title text-white text-center u_m20-top u_m60-md&quot;&gt;Clever matches.&#10;Better flatshares.&lt;/h1&gt;&apos;" type="com.codeborne.selenide.ex.ElementShould"><![CDATA[com.codeborne.selenide.ex.ElementShould: 
Element should have text 'idealflatmate' {By.xpath: (//h1)[1]}
Element: '<h1 class="splash-title text-white text-center u_m20-top u_m60-md">Clever matches.
Better flatshares.</h1>'
	at uk.co.idealflatmate.tests.FooterTest.footerInstagramLink(FooterTest.java:157)
]]></failure>
    <system-err><![CDATA[Jan 25, 2019 7:11:31 PM com.codeborne.selenide.impl.WebDriverThreadLocalContainer closeWebDriver
INFO: Close webdriver: 17 -> ChromeDriver: chrome on XP (dbe556695430e52bf215785edf9b199d)
Jan 25, 2019 7:11:31 PM com.codeborne.selenide.impl.WebDriverThreadLocalContainer$CloseBrowser run
INFO: Trying to close the browser ChromeDriver ...
]]></system-err>
  </testcase>
  <testcase name="logInPhoneReveal" classname="uk.co.idealflatmate.tests.AuthorizationTests" time="22.576">
    <failure message="Element not found {By.xpath: //section[@id=&apos;property-infos&apos;]//span[contains(text(), &apos;Reveal&apos;)]}&#10;Expected: visible" type="com.codeborne.selenide.ex.ElementNotFound">com.codeborne.selenide.ex.ElementNotFound: 
Element not found {By.xpath: //section[@id='property-infos']//span[contains(text(), 'Reveal')]}
Expected: visible
	at uk.co.idealflatmate.tests.AuthorizationTests.logInPhoneReveal(AuthorizationTests.java:246)
Caused by: org.openqa.selenium.NoSuchElementException: 
no such element: Unable to locate element: {"method":"xpath","selector":"//section[@id='property-infos']//span[contains(text(), 'Reveal')]"}
  (Session info: chrome=71.0.3578.98)
  (Driver info: chromedriver=72.0.3626.69 (3c16f8a135abc0d4da2dff33804db79b849a7c38),platform=Windows NT 10.0.16299 x86_64) (WARNING: The server did not provide any stacktrace information)
Command duration or timeout: 0 milliseconds
For documentation on this error, please visit: https://www.seleniumhq.org/exceptions/no_such_element.html
Build info: version: '3.141.59', revision: 'e82be7d358', time: '2018-11-14T08:17:03'
System info: host: 'PRIVATE-1074', ip: '10.8.1.74', os.name: 'Windows 10', os.arch: 'amd64', os.version: '10.0', java.version: '1.8.0_152'
Driver info: org.openqa.selenium.chrome.ChromeDriver
Capabilities {acceptInsecureCerts: false, acceptSslCerts: false, applicationCacheEnabled: false, browserConnectionEnabled: false, browserName: chrome, chrome: {chromedriverVersion: 72.0.3626.69 (3c16f8a135abc..., userDataDir: C:\Users\LUKHOV~1\AppData\L...}, cssSelectorsEnabled: true, databaseEnabled: false, goog:chromeOptions: {debuggerAddress: localhost:49966}, handlesAlerts: true, hasTouchScreen: false, javascriptEnabled: true, locationContextEnabled: true, mobileEmulationEnabled: false, nativeEvents: true, networkConnectionEnabled: false, pageLoadStrategy: normal, platform: XP, platformName: XP, proxy: Proxy(), rotatable: false, setWindowRect: true, takesHeapSnapshot: true, takesScreenshot: true, timeouts: {implicit: 0, pageLoad: 300000, script: 30000}, unexpectedAlertBehaviour: ignore, unhandledPromptBehavior: ignore, version: 71.0.3578.98, webStorageEnabled: true}
Session ID: e4d52b16322b96476ea92522695d8f93
*** Element info: {Using=xpath, value=//section[@id='property-infos']//span[contains(text(), 'Reveal')]}
	at uk.co.idealflatmate.tests.AuthorizationTests.logInPhoneReveal(AuthorizationTests.java:246)
</failure>
    <system-err><![CDATA[Jan 25, 2019 7:11:36 PM com.codeborne.selenide.impl.WebDriverThreadLocalContainer closeWebDriver
SEVERE: Failed to close webdriver in 5000 milliseconds
Starting ChromeDriver 72.0.3626.69 (3c16f8a135abc0d4da2dff33804db79b849a7c38) on port 42615
Only local connections are allowed.
Please protect ports used by ChromeDriver and related test frameworks to prevent access by malicious code.
Jan 25, 2019 7:11:42 PM org.openqa.selenium.remote.ProtocolHandshake createSession
INFO: Detected dialect: OSS
Jan 25, 2019 7:11:44 PM com.codeborne.selenide.webdriver.WebDriverFactory logBrowserVersion
INFO: BrowserName=chrome Version=71.0.3578.98 Platform=XP
Jan 25, 2019 7:11:44 PM com.codeborne.selenide.webdriver.WebDriverFactory createWebDriver
INFO: Selenide v. 4.11.1
Jan 25, 2019 7:11:44 PM com.codeborne.selenide.webdriver.WebDriverFactory logSeleniumInfo
INFO: Selenium WebDriver v. 3.141.59 build time: 2018-11-14T08:17:03
Jan 25, 2019 7:11:44 PM com.codeborne.selenide.impl.WebDriverThreadLocalContainer createDriver
INFO: Create webdriver in current thread 17: ChromeDriver -> ChromeDriver: chrome on XP (39e5bc2367b276798a436d8e1a95331d)
]]></system-err>
  </testcase>
  <testcase name="footerNLALink" classname="uk.co.idealflatmate.tests.FooterTest" time="1.632">
    <failure message="Element not found {By.xpath: (//ul/li/a[contains(text(), &apos;Join the NLA&apos;)])[1]}&#10;Expected: visible" type="com.codeborne.selenide.ex.ElementNotFound">com.codeborne.selenide.ex.ElementNotFound: 
Element not found {By.xpath: (//ul/li/a[contains(text(), 'Join the NLA')])[1]}
Expected: visible
	at uk.co.idealflatmate.tests.FooterTest.footerNLALink(FooterTest.java:131)
Caused by: org.openqa.selenium.NoSuchElementException: 
no such element: Unable to locate element: {"method":"xpath","selector":"(//ul/li/a[contains(text(), 'Join the NLA')])[1]"}
  (Session info: chrome=71.0.3578.98)
  (Driver info: chromedriver=72.0.3626.69 (3c16f8a135abc0d4da2dff33804db79b849a7c38),platform=Windows NT 10.0.16299 x86_64) (WARNING: The server did not provide any stacktrace information)
Command duration or timeout: 0 milliseconds
For documentation on this error, please visit: https://www.seleniumhq.org/exceptions/no_such_element.html
Build info: version: '3.141.59', revision: 'e82be7d358', time: '2018-11-14T08:17:03'
System info: host: 'PRIVATE-1074', ip: '10.8.1.74', os.name: 'Windows 10', os.arch: 'amd64', os.version: '10.0', java.version: '1.8.0_152'
Driver info: org.openqa.selenium.chrome.ChromeDriver
Capabilities {acceptInsecureCerts: false, acceptSslCerts: false, applicationCacheEnabled: false, browserConnectionEnabled: false, browserName: chrome, chrome: {chromedriverVersion: 72.0.3626.69 (3c16f8a135abc..., userDataDir: C:\Users\LUKHOV~1\AppData\L...}, cssSelectorsEnabled: true, databaseEnabled: false, goog:chromeOptions: {debuggerAddress: localhost:49659}, handlesAlerts: true, hasTouchScreen: false, javascriptEnabled: true, locationContextEnabled: true, mobileEmulationEnabled: false, nativeEvents: true, networkConnectionEnabled: false, pageLoadStrategy: normal, platform: XP, platformName: XP, proxy: Proxy(), rotatable: false, setWindowRect: true, takesHeapSnapshot: true, takesScreenshot: true, timeouts: {implicit: 0, pageLoad: 300000, script: 30000}, unexpectedAlertBehaviour: ignore, unhandledPromptBehavior: ignore, version: 71.0.3578.98, webStorageEnabled: true}
Session ID: 4170d57c9fd65daee635977f3c4f3ca2
*** Element info: {Using=xpath, value=(//ul/li/a[contains(text(), 'Join the NLA')])[1]}
	at uk.co.idealflatmate.tests.FooterTest.footerNLALink(FooterTest.java:131)
</failure>
    <system-err><![CDATA[Jan 25, 2019 7:11:56 PM com.codeborne.selenide.impl.WebDriverThreadLocalContainer closeWebDriver
INFO: Close webdriver: 19 -> ChromeDriver: chrome on XP (e4d52b16322b96476ea92522695d8f93)
Jan 25, 2019 7:11:56 PM com.codeborne.selenide.impl.WebDriverThreadLocalContainer$CloseBrowser run
INFO: Trying to close the browser ChromeDriver ...
Jan 25, 2019 7:11:56 PM org.openqa.selenium.os.OsProcess destroy
INFO: Unable to drain process streams. Ignoring but the exception being swallowed follows.
org.apache.commons.exec.ExecuteException: The stop timeout of 2000 ms was exceeded (Exit value: -559038737)
	at org.apache.commons.exec.PumpStreamHandler.stopThread(PumpStreamHandler.java:295)
	at org.apache.commons.exec.PumpStreamHandler.stop(PumpStreamHandler.java:181)
	at org.openqa.selenium.os.OsProcess.destroy(OsProcess.java:136)
	at org.openqa.selenium.os.CommandLine.destroy(CommandLine.java:153)
	at org.openqa.selenium.remote.service.DriverService.stop(DriverService.java:232)
	at org.openqa.selenium.remote.service.DriverCommandExecutor.execute(DriverCommandExecutor.java:95)
	at org.openqa.selenium.remote.RemoteWebDriver.execute(RemoteWebDriver.java:552)
	at org.openqa.selenium.remote.RemoteWebDriver.execute(RemoteWebDriver.java:609)
	at org.openqa.selenium.remote.RemoteWebDriver.quit(RemoteWebDriver.java:452)
	at com.codeborne.selenide.impl.WebDriverThreadLocalContainer$CloseBrowser.run(WebDriverThreadLocalContainer.java:174)
	at java.lang.Thread.run(Thread.java:748)

Jan 25, 2019 7:11:56 PM org.openqa.selenium.os.OsProcess destroy
SEVERE: Unable to kill process java.lang.ProcessImpl@dd3314
]]></system-err>
  </testcase>
  <testcase name="footerContactLink" classname="uk.co.idealflatmate.tests.FooterTest" time="0"/>
  <testcase name="logInOutOnPropertyPage" classname="uk.co.idealflatmate.tests.AuthorizationTests" time="5.21">
    <failure message="Element not found {input#loginform-username}&#10;Expected: visible" type="com.codeborne.selenide.ex.ElementNotFound">com.codeborne.selenide.ex.ElementNotFound: 
Element not found {input#loginform-username}
Expected: visible
	at uk.co.idealflatmate.tests.AuthorizationTests.logInOutOnPropertyPage(AuthorizationTests.java:40)
Caused by: org.openqa.selenium.NoSuchElementException: 
no such element: Unable to locate element: {"method":"css selector","selector":"input#loginform-username"}
  (Session info: chrome=71.0.3578.98)
  (Driver info: chromedriver=72.0.3626.69 (3c16f8a135abc0d4da2dff33804db79b849a7c38),platform=Windows NT 10.0.16299 x86_64) (WARNING: The server did not provide any stacktrace information)
Command duration or timeout: 0 milliseconds
For documentation on this error, please visit: https://www.seleniumhq.org/exceptions/no_such_element.html
Build info: version: '3.141.59', revision: 'e82be7d358', time: '2018-11-14T08:17:03'
System info: host: 'PRIVATE-1074', ip: '10.8.1.74', os.name: 'Windows 10', os.arch: 'amd64', os.version: '10.0', java.version: '1.8.0_152'
Driver info: org.openqa.selenium.chrome.ChromeDriver
Capabilities {acceptInsecureCerts: false, acceptSslCerts: false, applicationCacheEnabled: false, browserConnectionEnabled: false, browserName: chrome, chrome: {chromedriverVersion: 72.0.3626.69 (3c16f8a135abc..., userDataDir: C:\Users\LUKHOV~1\AppData\L...}, cssSelectorsEnabled: true, databaseEnabled: false, goog:chromeOptions: {debuggerAddress: localhost:63319}, handlesAlerts: true, hasTouchScreen: false, javascriptEnabled: true, locationContextEnabled: true, mobileEmulationEnabled: false, nativeEvents: true, networkConnectionEnabled: false, pageLoadStrategy: normal, platform: XP, platformName: XP, proxy: Proxy(), rotatable: false, setWindowRect: true, takesHeapSnapshot: true, takesScreenshot: true, timeouts: {implicit: 0, pageLoad: 300000, script: 30000}, unexpectedAlertBehaviour: ignore, unhandledPromptBehavior: ignore, version: 71.0.3578.98, webStorageEnabled: true}
Session ID: fa324eefee5f6ce9a6e14851357a3bba
*** Element info: {Using=css selector, value=input#loginform-username}
	at uk.co.idealflatmate.tests.AuthorizationTests.logInOutOnPropertyPage(AuthorizationTests.java:40)
</failure>
    <system-err><![CDATA[Jan 25, 2019 7:12:01 PM com.codeborne.selenide.impl.WebDriverThreadLocalContainer closeWebDriver
SEVERE: Failed to close webdriver in 5000 milliseconds
Starting ChromeDriver 72.0.3626.69 (3c16f8a135abc0d4da2dff33804db79b849a7c38) on port 28172
Only local connections are allowed.
Please protect ports used by ChromeDriver and related test frameworks to prevent access by malicious code.
]]></system-err>
  </testcase>
  <testcase name="footerStaySafeLink" classname="uk.co.idealflatmate.tests.FooterTest" time="3.841"/>
  <testcase name="footerPricingLink" classname="uk.co.idealflatmate.tests.FooterTest" time="5.996"/>
  <testcase name="footerBrowseHowItWorksLink" classname="uk.co.idealflatmate.tests.FooterTest" time="0.038"/>
  <testcase name="footerAboutUsLink" classname="uk.co.idealflatmate.tests.FooterTest" time="0.514"/>
  <testcase name="amountOfBlocsAndTextOfAreas" classname="uk.co.idealflatmate.tests.HomePageTest" time="2.774"/>
  <testcase name="blogFM" classname="uk.co.idealflatmate.tests.HomePageTest" time="3.815"/>
  <testcase name="blogLandlord" classname="uk.co.idealflatmate.tests.HomePageTest" time="0.102"/>
  <testcase name="footerHomeLink" classname="uk.co.idealflatmate.tests.FooterTest" time="2.174"/>
  <testcase name="footerBrowseFlatsharesLink" classname="uk.co.idealflatmate.tests.FooterTest" time="1.634"/>
  <testcase name="pressLogo" classname="uk.co.idealflatmate.tests.HomePageTest" time="1.34"/>
  <testcase name="findOutMore" classname="uk.co.idealflatmate.tests.HomePageTest" time="2.232"/>
  <testcase name="alogInWithMatchingFB" classname="uk.co.idealflatmate.tests.AuthorizationTests" time="18.18"/>
  <testcase name="footerModern" classname="uk.co.idealflatmate.tests.FooterTest" time="1.133"/>
  <testcase name="startMatchingOnFMSearchPage" classname="uk.co.idealflatmate.tests.MatchingTests" time="5.957"/>
  <testcase name="footerPressLink" classname="uk.co.idealflatmate.tests.FooterTest" time="22.943"/>
  <testcase name="footerTwitterLink" classname="uk.co.idealflatmate.tests.FooterTest" time="2.118"/>
  <testcase name="startMatchingOnPropertyCard" classname="uk.co.idealflatmate.tests.MatchingTests" time="20.416"/>
  <testcase name="findStartListing" classname="uk.co.idealflatmate.tests.HomePageTest" time="10.616"/>
  <testcase name="fullMenuNewUserWithVerifPerc" classname="uk.co.idealflatmate.tests.MatchingTests" time="24.234">
    <failure message="Element should have text &apos;Well done! Thanks for answering these questions. We can now match you with compatible flatmates. Remember, you can change your answers at any time in the вЂњIdeal MatchingвЂќ section on your dashboard.&apos; {By.xpath: //div[@class=&apos;alert alert-success&apos;]}&#10;Element: &apos;&lt;div class=&quot;alert alert-success&quot; role=&quot;alert&quot;&gt;Well done! Thanks for answering these questions. We can now match you with compatible flatmates. Remember, you can change your answers at any time in the “Ideal Matching” section on your dashboard.&lt;/div&gt;&apos;" type="com.codeborne.selenide.ex.ElementShould"><![CDATA[com.codeborne.selenide.ex.ElementShould: 
Element should have text 'Well done! Thanks for answering these questions. We can now match you with compatible flatmates. Remember, you can change your answers at any time in the вЂњIdeal MatchingвЂќ section on your dashboard.' {By.xpath: //div[@class='alert alert-success']}
Element: '<div class="alert alert-success" role="alert">Well done! Thanks for answering these questions. We can now match you with compatible flatmates. Remember, you can change your answers at any time in the “Ideal Matching” section on your dashboard.</div>'
	at uk.co.idealflatmate.tests.MatchingTests.fullMenuNewUserWithVerifPerc(MatchingTests.java:57)
]]></failure>
  </testcase>
  <testcase name="startMatchingQuizPropertyPage" classname="uk.co.idealflatmate.tests.MatchingTests" time="26.021"/>
  <testcase name="findStartMatchingLink" classname="uk.co.idealflatmate.tests.HomePageTest" time="28.981"/>
  <testcase name="answMesLandlToPremFHWithoutSubs" classname="uk.co.idealflatmate.tests.MessagesTest" time="11.245"/>
  <testcase name="FmWithoutSubsToLandlordWithoutSubsWithListFromList" classname="uk.co.idealflatmate.tests.MessagesTest" time="17.862"/>
  <testcase name="landlWithSubsToFM" classname="uk.co.idealflatmate.tests.MessagesTest" time="4.831"/>
  <testcase name="fmWithoutSubsTolordWithoutSubsWithListFromFMpage" classname="uk.co.idealflatmate.tests.MessagesTest" time="24.562"/>
  <testcase name="readMessageByLandlWithoutSubsn" classname="uk.co.idealflatmate.tests.MessagesTest" time="10.685"/>
  <testcase name="premFmToLandlWithoutSubsWithListFromSearch" classname="uk.co.idealflatmate.tests.MessagesTest" time="0.453"/>
  <testcase name="landlordWithoutSubsToFM" classname="uk.co.idealflatmate.tests.MessagesTest" time="9.099"/>
  <testcase name="GoPremiumFHPaymentOnPhone" classname="uk.co.idealflatmate.tests.PaymentTests" time="15.151"/>
  <testcase name="GoPremiumFHPaymentOnMessage" classname="uk.co.idealflatmate.tests.PaymentTests" time="19.501"/>
  <testcase name="agentProfWorldPay" classname="uk.co.idealflatmate.tests.PaymentTests" time="23.449">
    <failure message="Element not found {By.xpath: //form[@id=&apos;ProfessionalPaymentForm&apos;]//select[@id=&apos;paymentform-type_id&apos;]}&#10;Expected: exist" type="com.codeborne.selenide.ex.ElementNotFound">com.codeborne.selenide.ex.ElementNotFound: 
Element not found {By.xpath: //form[@id='ProfessionalPaymentForm']//select[@id='paymentform-type_id']}
Expected: exist
	at uk.co.idealflatmate.tests.PaymentTests.agentProfWorldPay(PaymentTests.java:288)
Caused by: org.openqa.selenium.NoSuchElementException: 
Cannot locate option containing text: 1 month - ВЈ34.99
For documentation on this error, please visit: https://www.seleniumhq.org/exceptions/no_such_element.html
Build info: version: '3.141.59', revision: 'e82be7d358', time: '2018-11-14T08:17:03'
System info: host: 'PRIVATE-1074', ip: '10.8.1.74', os.name: 'Windows 10', os.arch: 'amd64', os.version: '10.0', java.version: '1.8.0_152'
Driver info: driver.version: unknown
	at uk.co.idealflatmate.tests.PaymentTests.agentProfWorldPay(PaymentTests.java:288)
</failure>
  </testcase>
  <testcase name="lordInWorldPaylistingEssen" classname="uk.co.idealflatmate.tests.PaymentTests" time="0.285">
    <failure message="Element not found {By.xpath: //input[@id=&apos;moreinfosignupform-file&apos;]}&#10;Expected: exist" type="com.codeborne.selenide.ex.ElementNotFound">com.codeborne.selenide.ex.ElementNotFound: 
Element not found {By.xpath: //input[@id='moreinfosignupform-file']}
Expected: exist
	at uk.co.idealflatmate.tests.PaymentTests.lordInWorldPaylistingEssen(PaymentTests.java:114)
Caused by: org.openqa.selenium.NoSuchElementException: 
no such element: Unable to locate element: {"method":"xpath","selector":"//input[@id='moreinfosignupform-file']"}
  (Session info: chrome=71.0.3578.98)
  (Driver info: chromedriver=72.0.3626.69 (3c16f8a135abc0d4da2dff33804db79b849a7c38),platform=Windows NT 10.0.16299 x86_64) (WARNING: The server did not provide any stacktrace information)
Command duration or timeout: 0 milliseconds
For documentation on this error, please visit: https://www.seleniumhq.org/exceptions/no_such_element.html
Build info: version: '3.141.59', revision: 'e82be7d358', time: '2018-11-14T08:17:03'
System info: host: 'PRIVATE-1074', ip: '10.8.1.74', os.name: 'Windows 10', os.arch: 'amd64', os.version: '10.0', java.version: '1.8.0_152'
Driver info: org.openqa.selenium.chrome.ChromeDriver
Capabilities {acceptInsecureCerts: false, acceptSslCerts: false, applicationCacheEnabled: false, browserConnectionEnabled: false, browserName: chrome, chrome: {chromedriverVersion: 72.0.3626.69 (3c16f8a135abc..., userDataDir: C:\Users\LUKHOV~1\AppData\L...}, cssSelectorsEnabled: true, databaseEnabled: false, goog:chromeOptions: {debuggerAddress: localhost:55272}, handlesAlerts: true, hasTouchScreen: false, javascriptEnabled: true, locationContextEnabled: true, mobileEmulationEnabled: false, nativeEvents: true, networkConnectionEnabled: false, pageLoadStrategy: normal, platform: XP, platformName: XP, proxy: Proxy(), rotatable: false, setWindowRect: true, takesHeapSnapshot: true, takesScreenshot: true, timeouts: {implicit: 0, pageLoad: 300000, script: 30000}, unexpectedAlertBehaviour: ignore, unhandledPromptBehavior: ignore, version: 71.0.3578.98, webStorageEnabled: true}
Session ID: 642f8b620becba1873ddb8ff67e0f43a
*** Element info: {Using=xpath, value=//input[@id='moreinfosignupform-file']}
	at uk.co.idealflatmate.tests.PaymentTests.lordInWorldPaylistingEssen(PaymentTests.java:114)
</failure>
  </testcase>
  <testcase name="answMesFmWithoutSubsToFM" classname="uk.co.idealflatmate.tests.MessagesTest" time="16.109"/>
  <testcase name="fmSearchBy" classname="uk.co.idealflatmate.tests.SearchFMPageTests" time="4.519">
    <failure message="unknown error: unhandled inspector error: {&quot;code&quot;:-32000,&quot;message&quot;:&quot;Cannot navigate to invalid URL&quot;}&#10;  (Session info: chrome=71.0.3578.98)&#10;  (Driver info: chromedriver=72.0.3626.69 (3c16f8a135abc0d4da2dff33804db79b849a7c38),platform=Windows NT 10.0.16299 x86_64) (WARNING: The server did not provide any stacktrace information)&#10;Command duration or timeout: 0 milliseconds&#10;Build info: version: &apos;3.141.59&apos;, revision: &apos;e82be7d358&apos;, time: &apos;2018-11-14T08:17:03&apos;&#10;System info: host: &apos;PRIVATE-1074&apos;, ip: &apos;10.8.1.74&apos;, os.name: &apos;Windows 10&apos;, os.arch: &apos;amd64&apos;, os.version: &apos;10.0&apos;, java.version: &apos;1.8.0_152&apos;&#10;Driver info: org.openqa.selenium.chrome.ChromeDriver&#10;selenide.url: http://localhost:8080data:,&#10;Capabilities {acceptInsecureCerts: false, acceptSslCerts: false, applicationCacheEnabled: false, browserConnectionEnabled: false, browserName: chrome, chrome: {chromedriverVersion: 72.0.3626.69 (3c16f8a135abc..., userDataDir: C:\Users\LUKHOV~1\AppData\L...}, cssSelectorsEnabled: true, databaseEnabled: false, goog:chromeOptions: {debuggerAddress: localhost:57521}, handlesAlerts: true, hasTouchScreen: false, javascriptEnabled: true, locationContextEnabled: true, mobileEmulationEnabled: false, nativeEvents: true, networkConnectionEnabled: false, pageLoadStrategy: normal, platform: XP, platformName: XP, proxy: Proxy(), rotatable: false, setWindowRect: true, takesHeapSnapshot: true, takesScreenshot: true, timeouts: {implicit: 0, pageLoad: 300000, script: 30000}, unexpectedAlertBehaviour: ignore, unhandledPromptBehavior: ignore, version: 71.0.3578.98, webStorageEnabled: true}&#10;selenide.baseUrl: http://localhost:8080&#10;Session ID: cf827cb9c23375780bd88f72e979b378" type="org.openqa.selenium.WebDriverException">org.openqa.selenium.WebDriverException: 
unknown error: unhandled inspector error: {"code":-32000,"message":"Cannot navigate to invalid URL"}
  (Session info: chrome=71.0.3578.98)
  (Driver info: chromedriver=72.0.3626.69 (3c16f8a135abc0d4da2dff33804db79b849a7c38),platform=Windows NT 10.0.16299 x86_64) (WARNING: The server did not provide any stacktrace information)
Command duration or timeout: 0 milliseconds
Build info: version: '3.141.59', revision: 'e82be7d358', time: '2018-11-14T08:17:03'
System info: host: 'PRIVATE-1074', ip: '10.8.1.74', os.name: 'Windows 10', os.arch: 'amd64', os.version: '10.0', java.version: '1.8.0_152'
Driver info: org.openqa.selenium.chrome.ChromeDriver
selenide.url: http://localhost:8080data:,
Capabilities {acceptInsecureCerts: false, acceptSslCerts: false, applicationCacheEnabled: false, browserConnectionEnabled: false, browserName: chrome, chrome: {chromedriverVersion: 72.0.3626.69 (3c16f8a135abc..., userDataDir: C:\Users\LUKHOV~1\AppData\L...}, cssSelectorsEnabled: true, databaseEnabled: false, goog:chromeOptions: {debuggerAddress: localhost:57521}, handlesAlerts: true, hasTouchScreen: false, javascriptEnabled: true, locationContextEnabled: true, mobileEmulationEnabled: false, nativeEvents: true, networkConnectionEnabled: false, pageLoadStrategy: normal, platform: XP, platformName: XP, proxy: Proxy(), rotatable: false, setWindowRect: true, takesHeapSnapshot: true, takesScreenshot: true, timeouts: {implicit: 0, pageLoad: 300000, script: 30000}, unexpectedAlertBehaviour: ignore, unhandledPromptBehavior: ignore, version: 71.0.3578.98, webStorageEnabled: true}
selenide.baseUrl: http://localhost:8080
Session ID: cf827cb9c23375780bd88f72e979b378
	at uk.co.idealflatmate.tests.SearchFMPageTests.fmSearchBy(SearchFMPageTests.java:14)
</failure>
    <system-err><![CDATA[Jan 25, 2019 7:17:36 PM com.codeborne.selenide.impl.WebDriverThreadLocalContainer closeWebDriver
INFO: Close webdriver: 14 -> ChromeDriver: chrome on XP (2a0bd51d1dd5dae76e485ef77cd7a101)
Jan 25, 2019 7:17:36 PM com.codeborne.selenide.impl.WebDriverThreadLocalContainer$CloseBrowser run
INFO: Trying to close the browser ChromeDriver ...
Jan 25, 2019 7:17:40 PM org.openqa.selenium.os.OsProcess destroy
SEVERE: Unable to kill process java.lang.ProcessImpl@f8147c1
Jan 25, 2019 7:17:40 PM com.codeborne.selenide.impl.WebDriverThreadLocalContainer closeWebDriver
INFO: Closed webdriver in 3318 ms
Jan 25, 2019 7:17:40 PM com.codeborne.selenide.impl.WebDriverThreadLocalContainer getWebDriver
INFO: No webdriver is bound to current thread: 14 - let's create new webdriver
Starting ChromeDriver 72.0.3626.69 (3c16f8a135abc0d4da2dff33804db79b849a7c38) on port 31052
Only local connections are allowed.
Please protect ports used by ChromeDriver and related test frameworks to prevent access by malicious code.
Jan 25, 2019 7:17:43 PM org.openqa.selenium.remote.ProtocolHandshake createSession
INFO: Detected dialect: OSS
Jan 25, 2019 7:17:44 PM com.codeborne.selenide.webdriver.WebDriverFactory logBrowserVersion
INFO: BrowserName=chrome Version=71.0.3578.98 Platform=XP
Jan 25, 2019 7:17:44 PM com.codeborne.selenide.webdriver.WebDriverFactory createWebDriver
INFO: Selenide v. 4.11.1
Jan 25, 2019 7:17:44 PM com.codeborne.selenide.webdriver.WebDriverFactory logSeleniumInfo
INFO: Selenium WebDriver v. 3.141.59 build time: 2018-11-14T08:17:03
Jan 25, 2019 7:17:44 PM com.codeborne.selenide.impl.WebDriverThreadLocalContainer createDriver
INFO: Create webdriver in current thread 14: ChromeDriver -> ChromeDriver: chrome on XP (cf827cb9c23375780bd88f72e979b378)
]]></system-err>
  </testcase>
  <testcase name="searchPagination" classname="uk.co.idealflatmate.tests.SearchFMPageTests" time="0.039">
    <failure message="unknown error: unhandled inspector error: {&quot;code&quot;:-32000,&quot;message&quot;:&quot;Cannot navigate to invalid URL&quot;}&#10;  (Session info: chrome=71.0.3578.98)&#10;  (Driver info: chromedriver=72.0.3626.69 (3c16f8a135abc0d4da2dff33804db79b849a7c38),platform=Windows NT 10.0.16299 x86_64) (WARNING: The server did not provide any stacktrace information)&#10;Command duration or timeout: 0 milliseconds&#10;Build info: version: &apos;3.141.59&apos;, revision: &apos;e82be7d358&apos;, time: &apos;2018-11-14T08:17:03&apos;&#10;System info: host: &apos;PRIVATE-1074&apos;, ip: &apos;10.8.1.74&apos;, os.name: &apos;Windows 10&apos;, os.arch: &apos;amd64&apos;, os.version: &apos;10.0&apos;, java.version: &apos;1.8.0_152&apos;&#10;Driver info: org.openqa.selenium.chrome.ChromeDriver&#10;selenide.url: http://localhost:8080data:,&#10;Capabilities {acceptInsecureCerts: false, acceptSslCerts: false, applicationCacheEnabled: false, browserConnectionEnabled: false, browserName: chrome, chrome: {chromedriverVersion: 72.0.3626.69 (3c16f8a135abc..., userDataDir: C:\Users\LUKHOV~1\AppData\L...}, cssSelectorsEnabled: true, databaseEnabled: false, goog:chromeOptions: {debuggerAddress: localhost:57521}, handlesAlerts: true, hasTouchScreen: false, javascriptEnabled: true, locationContextEnabled: true, mobileEmulationEnabled: false, nativeEvents: true, networkConnectionEnabled: false, pageLoadStrategy: normal, platform: XP, platformName: XP, proxy: Proxy(), rotatable: false, setWindowRect: true, takesHeapSnapshot: true, takesScreenshot: true, timeouts: {implicit: 0, pageLoad: 300000, script: 30000}, unexpectedAlertBehaviour: ignore, unhandledPromptBehavior: ignore, version: 71.0.3578.98, webStorageEnabled: true}&#10;selenide.baseUrl: http://localhost:8080&#10;Session ID: cf827cb9c23375780bd88f72e979b378" type="org.openqa.selenium.WebDriverException">org.openqa.selenium.WebDriverException: 
unknown error: unhandled inspector error: {"code":-32000,"message":"Cannot navigate to invalid URL"}
  (Session info: chrome=71.0.3578.98)
  (Driver info: chromedriver=72.0.3626.69 (3c16f8a135abc0d4da2dff33804db79b849a7c38),platform=Windows NT 10.0.16299 x86_64) (WARNING: The server did not provide any stacktrace information)
Command duration or timeout: 0 milliseconds
Build info: version: '3.141.59', revision: 'e82be7d358', time: '2018-11-14T08:17:03'
System info: host: 'PRIVATE-1074', ip: '10.8.1.74', os.name: 'Windows 10', os.arch: 'amd64', os.version: '10.0', java.version: '1.8.0_152'
Driver info: org.openqa.selenium.chrome.ChromeDriver
selenide.url: http://localhost:8080data:,
Capabilities {acceptInsecureCerts: false, acceptSslCerts: false, applicationCacheEnabled: false, browserConnectionEnabled: false, browserName: chrome, chrome: {chromedriverVersion: 72.0.3626.69 (3c16f8a135abc..., userDataDir: C:\Users\LUKHOV~1\AppData\L...}, cssSelectorsEnabled: true, databaseEnabled: false, goog:chromeOptions: {debuggerAddress: localhost:57521}, handlesAlerts: true, hasTouchScreen: false, javascriptEnabled: true, locationContextEnabled: true, mobileEmulationEnabled: false, nativeEvents: true, networkConnectionEnabled: false, pageLoadStrategy: normal, platform: XP, platformName: XP, proxy: Proxy(), rotatable: false, setWindowRect: true, takesHeapSnapshot: true, takesScreenshot: true, timeouts: {implicit: 0, pageLoad: 300000, script: 30000}, unexpectedAlertBehaviour: ignore, unhandledPromptBehavior: ignore, version: 71.0.3578.98, webStorageEnabled: true}
selenide.baseUrl: http://localhost:8080
Session ID: cf827cb9c23375780bd88f72e979b378
	at uk.co.idealflatmate.tests.SearchFMPageTests.searchPagination(SearchFMPageTests.java:28)
</failure>
  </testcase>
  <testcase name="sortListingLoggedIn" classname="uk.co.idealflatmate.tests.SearchFMPageTests" time="0.027">
    <failure message="unknown error: unhandled inspector error: {&quot;code&quot;:-32000,&quot;message&quot;:&quot;Cannot navigate to invalid URL&quot;}&#10;  (Session info: chrome=71.0.3578.98)&#10;  (Driver info: chromedriver=72.0.3626.69 (3c16f8a135abc0d4da2dff33804db79b849a7c38),platform=Windows NT 10.0.16299 x86_64) (WARNING: The server did not provide any stacktrace information)&#10;Command duration or timeout: 0 milliseconds&#10;Build info: version: &apos;3.141.59&apos;, revision: &apos;e82be7d358&apos;, time: &apos;2018-11-14T08:17:03&apos;&#10;System info: host: &apos;PRIVATE-1074&apos;, ip: &apos;10.8.1.74&apos;, os.name: &apos;Windows 10&apos;, os.arch: &apos;amd64&apos;, os.version: &apos;10.0&apos;, java.version: &apos;1.8.0_152&apos;&#10;Driver info: org.openqa.selenium.chrome.ChromeDriver&#10;selenide.url: http://localhost:8080data:,&#10;Capabilities {acceptInsecureCerts: false, acceptSslCerts: false, applicationCacheEnabled: false, browserConnectionEnabled: false, browserName: chrome, chrome: {chromedriverVersion: 72.0.3626.69 (3c16f8a135abc..., userDataDir: C:\Users\LUKHOV~1\AppData\L...}, cssSelectorsEnabled: true, databaseEnabled: false, goog:chromeOptions: {debuggerAddress: localhost:57521}, handlesAlerts: true, hasTouchScreen: false, javascriptEnabled: true, locationContextEnabled: true, mobileEmulationEnabled: false, nativeEvents: true, networkConnectionEnabled: false, pageLoadStrategy: normal, platform: XP, platformName: XP, proxy: Proxy(), rotatable: false, setWindowRect: true, takesHeapSnapshot: true, takesScreenshot: true, timeouts: {implicit: 0, pageLoad: 300000, script: 30000}, unexpectedAlertBehaviour: ignore, unhandledPromptBehavior: ignore, version: 71.0.3578.98, webStorageEnabled: true}&#10;selenide.baseUrl: http://localhost:8080&#10;Session ID: cf827cb9c23375780bd88f72e979b378" type="org.openqa.selenium.WebDriverException">org.openqa.selenium.WebDriverException: 
unknown error: unhandled inspector error: {"code":-32000,"message":"Cannot navigate to invalid URL"}
  (Session info: chrome=71.0.3578.98)
  (Driver info: chromedriver=72.0.3626.69 (3c16f8a135abc0d4da2dff33804db79b849a7c38),platform=Windows NT 10.0.16299 x86_64) (WARNING: The server did not provide any stacktrace information)
Command duration or timeout: 0 milliseconds
Build info: version: '3.141.59', revision: 'e82be7d358', time: '2018-11-14T08:17:03'
System info: host: 'PRIVATE-1074', ip: '10.8.1.74', os.name: 'Windows 10', os.arch: 'amd64', os.version: '10.0', java.version: '1.8.0_152'
Driver info: org.openqa.selenium.chrome.ChromeDriver
selenide.url: http://localhost:8080data:,
Capabilities {acceptInsecureCerts: false, acceptSslCerts: false, applicationCacheEnabled: false, browserConnectionEnabled: false, browserName: chrome, chrome: {chromedriverVersion: 72.0.3626.69 (3c16f8a135abc..., userDataDir: C:\Users\LUKHOV~1\AppData\L...}, cssSelectorsEnabled: true, databaseEnabled: false, goog:chromeOptions: {debuggerAddress: localhost:57521}, handlesAlerts: true, hasTouchScreen: false, javascriptEnabled: true, locationContextEnabled: true, mobileEmulationEnabled: false, nativeEvents: true, networkConnectionEnabled: false, pageLoadStrategy: normal, platform: XP, platformName: XP, proxy: Proxy(), rotatable: false, setWindowRect: true, takesHeapSnapshot: true, takesScreenshot: true, timeouts: {implicit: 0, pageLoad: 300000, script: 30000}, unexpectedAlertBehaviour: ignore, unhandledPromptBehavior: ignore, version: 71.0.3578.98, webStorageEnabled: true}
selenide.baseUrl: http://localhost:8080
Session ID: cf827cb9c23375780bd88f72e979b378
	at uk.co.idealflatmate.tests.SearchFMPageTests.sortListingLoggedIn(SearchFMPageTests.java:127)
</failure>
  </testcase>
  <testcase name="footerYoutubeLink" classname="uk.co.idealflatmate.tests.FooterTest" time="1.115"/>
  <testcase name="applyMoreFiltersPhotoNoList" classname="uk.co.idealflatmate.tests.SearchFMPageTests" time="4.86"/>
  <testcase name="searchHomeByButton" classname="uk.co.idealflatmate.tests.SearchHomePageTests" time="11.501">
    <failure message="unknown error: unhandled inspector error: {&quot;code&quot;:-32000,&quot;message&quot;:&quot;Cannot navigate to invalid URL&quot;}&#10;  (Session info: chrome=71.0.3578.98)&#10;  (Driver info: chromedriver=72.0.3626.69 (3c16f8a135abc0d4da2dff33804db79b849a7c38),platform=Windows NT 10.0.16299 x86_64) (WARNING: The server did not provide any stacktrace information)&#10;Command duration or timeout: 0 milliseconds&#10;Build info: version: &apos;3.141.59&apos;, revision: &apos;e82be7d358&apos;, time: &apos;2018-11-14T08:17:03&apos;&#10;System info: host: &apos;PRIVATE-1074&apos;, ip: &apos;10.8.1.74&apos;, os.name: &apos;Windows 10&apos;, os.arch: &apos;amd64&apos;, os.version: &apos;10.0&apos;, java.version: &apos;1.8.0_152&apos;&#10;Driver info: org.openqa.selenium.chrome.ChromeDriver&#10;selenide.url: http://localhost:8080data:,&#10;Capabilities {acceptInsecureCerts: false, acceptSslCerts: false, applicationCacheEnabled: false, browserConnectionEnabled: false, browserName: chrome, chrome: {chromedriverVersion: 72.0.3626.69 (3c16f8a135abc..., userDataDir: C:\Users\LUKHOV~1\AppData\L...}, cssSelectorsEnabled: true, databaseEnabled: false, goog:chromeOptions: {debuggerAddress: localhost:57699}, handlesAlerts: true, hasTouchScreen: false, javascriptEnabled: true, locationContextEnabled: true, mobileEmulationEnabled: false, nativeEvents: true, networkConnectionEnabled: false, pageLoadStrategy: normal, platform: XP, platformName: XP, proxy: Proxy(), rotatable: false, setWindowRect: true, takesHeapSnapshot: true, takesScreenshot: true, timeouts: {implicit: 0, pageLoad: 300000, script: 30000}, unexpectedAlertBehaviour: ignore, unhandledPromptBehavior: ignore, version: 71.0.3578.98, webStorageEnabled: true}&#10;selenide.baseUrl: http://localhost:8080&#10;Session ID: e009ba482b17ab1f3b88c5db9cf8dbcc" type="org.openqa.selenium.WebDriverException">org.openqa.selenium.WebDriverException: 
unknown error: unhandled inspector error: {"code":-32000,"message":"Cannot navigate to invalid URL"}
  (Session info: chrome=71.0.3578.98)
  (Driver info: chromedriver=72.0.3626.69 (3c16f8a135abc0d4da2dff33804db79b849a7c38),platform=Windows NT 10.0.16299 x86_64) (WARNING: The server did not provide any stacktrace information)
Command duration or timeout: 0 milliseconds
Build info: version: '3.141.59', revision: 'e82be7d358', time: '2018-11-14T08:17:03'
System info: host: 'PRIVATE-1074', ip: '10.8.1.74', os.name: 'Windows 10', os.arch: 'amd64', os.version: '10.0', java.version: '1.8.0_152'
Driver info: org.openqa.selenium.chrome.ChromeDriver
selenide.url: http://localhost:8080data:,
Capabilities {acceptInsecureCerts: false, acceptSslCerts: false, applicationCacheEnabled: false, browserConnectionEnabled: false, browserName: chrome, chrome: {chromedriverVersion: 72.0.3626.69 (3c16f8a135abc..., userDataDir: C:\Users\LUKHOV~1\AppData\L...}, cssSelectorsEnabled: true, databaseEnabled: false, goog:chromeOptions: {debuggerAddress: localhost:57699}, handlesAlerts: true, hasTouchScreen: false, javascriptEnabled: true, locationContextEnabled: true, mobileEmulationEnabled: false, nativeEvents: true, networkConnectionEnabled: false, pageLoadStrategy: normal, platform: XP, platformName: XP, proxy: Proxy(), rotatable: false, setWindowRect: true, takesHeapSnapshot: true, takesScreenshot: true, timeouts: {implicit: 0, pageLoad: 300000, script: 30000}, unexpectedAlertBehaviour: ignore, unhandledPromptBehavior: ignore, version: 71.0.3578.98, webStorageEnabled: true}
selenide.baseUrl: http://localhost:8080
Session ID: e009ba482b17ab1f3b88c5db9cf8dbcc
	at uk.co.idealflatmate.tests.SearchHomePageTests.searchHomeByButton(SearchHomePageTests.java:11)
</failure>
    <system-err><![CDATA[Jan 25, 2019 7:18:07 PM org.openqa.selenium.remote.ProtocolHandshake createSession
INFO: Detected dialect: OSS
Jan 25, 2019 7:18:07 PM org.openqa.selenium.remote.ProtocolHandshake createSession
INFO: Detected dialect: OSS
Jan 25, 2019 7:18:08 PM com.codeborne.selenide.webdriver.WebDriverFactory logBrowserVersion
INFO: BrowserName=chrome Version=71.0.3578.98 Platform=XP
Jan 25, 2019 7:18:08 PM com.codeborne.selenide.webdriver.WebDriverFactory createWebDriver
INFO: Selenide v. 4.11.1
Jan 25, 2019 7:18:08 PM com.codeborne.selenide.webdriver.WebDriverFactory logSeleniumInfo
INFO: Selenium WebDriver v. 3.141.59 build time: 2018-11-14T08:17:03
Jan 25, 2019 7:18:08 PM com.codeborne.selenide.impl.WebDriverThreadLocalContainer createDriver
INFO: Create webdriver in current thread 20: ChromeDriver -> ChromeDriver: chrome on XP (b9f8a6229ebca1937a1c965eb33257f6)
Jan 25, 2019 7:18:08 PM com.codeborne.selenide.webdriver.WebDriverFactory logBrowserVersion
INFO: BrowserName=chrome Version=71.0.3578.98 Platform=XP
Jan 25, 2019 7:18:08 PM com.codeborne.selenide.webdriver.WebDriverFactory createWebDriver
INFO: Selenide v. 4.11.1
Jan 25, 2019 7:18:08 PM com.codeborne.selenide.webdriver.WebDriverFactory logSeleniumInfo
INFO: Selenium WebDriver v. 3.141.59 build time: 2018-11-14T08:17:03
Jan 25, 2019 7:18:08 PM com.codeborne.selenide.impl.WebDriverThreadLocalContainer createDriver
INFO: Create webdriver in current thread 21: ChromeDriver -> ChromeDriver: chrome on XP (e009ba482b17ab1f3b88c5db9cf8dbcc)
]]></system-err>
  </testcase>
  <testcase name="searchHomeLocationFromList" classname="uk.co.idealflatmate.tests.SearchHomePageTests" time="0.927">
    <failure message="unknown error: unhandled inspector error: {&quot;code&quot;:-32000,&quot;message&quot;:&quot;Cannot navigate to invalid URL&quot;}&#10;  (Session info: chrome=71.0.3578.98)&#10;  (Driver info: chromedriver=72.0.3626.69 (3c16f8a135abc0d4da2dff33804db79b849a7c38),platform=Windows NT 10.0.16299 x86_64) (WARNING: The server did not provide any stacktrace information)&#10;Command duration or timeout: 0 milliseconds&#10;Build info: version: &apos;3.141.59&apos;, revision: &apos;e82be7d358&apos;, time: &apos;2018-11-14T08:17:03&apos;&#10;System info: host: &apos;PRIVATE-1074&apos;, ip: &apos;10.8.1.74&apos;, os.name: &apos;Windows 10&apos;, os.arch: &apos;amd64&apos;, os.version: &apos;10.0&apos;, java.version: &apos;1.8.0_152&apos;&#10;Driver info: org.openqa.selenium.chrome.ChromeDriver&#10;selenide.url: http://localhost:8080data:,&#10;Capabilities {acceptInsecureCerts: false, acceptSslCerts: false, applicationCacheEnabled: false, browserConnectionEnabled: false, browserName: chrome, chrome: {chromedriverVersion: 72.0.3626.69 (3c16f8a135abc..., userDataDir: C:\Users\LUKHOV~1\AppData\L...}, cssSelectorsEnabled: true, databaseEnabled: false, goog:chromeOptions: {debuggerAddress: localhost:57699}, handlesAlerts: true, hasTouchScreen: false, javascriptEnabled: true, locationContextEnabled: true, mobileEmulationEnabled: false, nativeEvents: true, networkConnectionEnabled: false, pageLoadStrategy: normal, platform: XP, platformName: XP, proxy: Proxy(), rotatable: false, setWindowRect: true, takesHeapSnapshot: true, takesScreenshot: true, timeouts: {implicit: 0, pageLoad: 300000, script: 30000}, unexpectedAlertBehaviour: ignore, unhandledPromptBehavior: ignore, version: 71.0.3578.98, webStorageEnabled: true}&#10;selenide.baseUrl: http://localhost:8080&#10;Session ID: e009ba482b17ab1f3b88c5db9cf8dbcc" type="org.openqa.selenium.WebDriverException">org.openqa.selenium.WebDriverException: 
unknown error: unhandled inspector error: {"code":-32000,"message":"Cannot navigate to invalid URL"}
  (Session info: chrome=71.0.3578.98)
  (Driver info: chromedriver=72.0.3626.69 (3c16f8a135abc0d4da2dff33804db79b849a7c38),platform=Windows NT 10.0.16299 x86_64) (WARNING: The server did not provide any stacktrace information)
Command duration or timeout: 0 milliseconds
Build info: version: '3.141.59', revision: 'e82be7d358', time: '2018-11-14T08:17:03'
System info: host: 'PRIVATE-1074', ip: '10.8.1.74', os.name: 'Windows 10', os.arch: 'amd64', os.version: '10.0', java.version: '1.8.0_152'
Driver info: org.openqa.selenium.chrome.ChromeDriver
selenide.url: http://localhost:8080data:,
Capabilities {acceptInsecureCerts: false, acceptSslCerts: false, applicationCacheEnabled: false, browserConnectionEnabled: false, browserName: chrome, chrome: {chromedriverVersion: 72.0.3626.69 (3c16f8a135abc..., userDataDir: C:\Users\LUKHOV~1\AppData\L...}, cssSelectorsEnabled: true, databaseEnabled: false, goog:chromeOptions: {debuggerAddress: localhost:57699}, handlesAlerts: true, hasTouchScreen: false, javascriptEnabled: true, locationContextEnabled: true, mobileEmulationEnabled: false, nativeEvents: true, networkConnectionEnabled: false, pageLoadStrategy: normal, platform: XP, platformName: XP, proxy: Proxy(), rotatable: false, setWindowRect: true, takesHeapSnapshot: true, takesScreenshot: true, timeouts: {implicit: 0, pageLoad: 300000, script: 30000}, unexpectedAlertBehaviour: ignore, unhandledPromptBehavior: ignore, version: 71.0.3578.98, webStorageEnabled: true}
selenide.baseUrl: http://localhost:8080
Session ID: e009ba482b17ab1f3b88c5db9cf8dbcc
	at uk.co.idealflatmate.tests.SearchHomePageTests.searchHomeLocationFromList(SearchHomePageTests.java:28)
</failure>
  </testcase>
  <testcase name="searchHomeIDProperty" classname="uk.co.idealflatmate.tests.SearchHomePageTests" time="7.044"/>
  <testcase name="TestSearchHomeByEnter" classname="uk.co.idealflatmate.tests.SearchHomePageTests" time="10.625"/>
  <testcase name="searchHomePartOfLocationName" classname="uk.co.idealflatmate.tests.SearchHomePageTests" time="11.232">
    <failure message="Element not found {input.react-autosuggest__input}&#10;Expected: visible" type="com.codeborne.selenide.ex.ElementNotFound">com.codeborne.selenide.ex.ElementNotFound: 
Element not found {input.react-autosuggest__input}
Expected: visible
	at uk.co.idealflatmate.tests.SearchHomePageTests.searchHomePartOfLocationName(SearchHomePageTests.java:45)
Caused by: org.openqa.selenium.NoSuchElementException: 
no such element: Unable to locate element: {"method":"css selector","selector":"input.react-autosuggest__input"}
  (Session info: chrome=71.0.3578.98)
  (Driver info: chromedriver=72.0.3626.69 (3c16f8a135abc0d4da2dff33804db79b849a7c38),platform=Windows NT 10.0.16299 x86_64) (WARNING: The server did not provide any stacktrace information)
Command duration or timeout: 0 milliseconds
For documentation on this error, please visit: https://www.seleniumhq.org/exceptions/no_such_element.html
Build info: version: '3.141.59', revision: 'e82be7d358', time: '2018-11-14T08:17:03'
System info: host: 'PRIVATE-1074', ip: '10.8.1.74', os.name: 'Windows 10', os.arch: 'amd64', os.version: '10.0', java.version: '1.8.0_152'
Driver info: org.openqa.selenium.chrome.ChromeDriver
Capabilities {acceptInsecureCerts: false, acceptSslCerts: false, applicationCacheEnabled: false, browserConnectionEnabled: false, browserName: chrome, chrome: {chromedriverVersion: 72.0.3626.69 (3c16f8a135abc..., userDataDir: C:\Users\LUKHOV~1\AppData\L...}, cssSelectorsEnabled: true, databaseEnabled: false, goog:chromeOptions: {debuggerAddress: localhost:57699}, handlesAlerts: true, hasTouchScreen: false, javascriptEnabled: true, locationContextEnabled: true, mobileEmulationEnabled: false, nativeEvents: true, networkConnectionEnabled: false, pageLoadStrategy: normal, platform: XP, platformName: XP, proxy: Proxy(), rotatable: false, setWindowRect: true, takesHeapSnapshot: true, takesScreenshot: true, timeouts: {implicit: 0, pageLoad: 300000, script: 30000}, unexpectedAlertBehaviour: ignore, unhandledPromptBehavior: ignore, version: 71.0.3578.98, webStorageEnabled: true}
Session ID: e009ba482b17ab1f3b88c5db9cf8dbcc
*** Element info: {Using=css selector, value=input.react-autosuggest__input}
	at uk.co.idealflatmate.tests.SearchHomePageTests.searchHomePartOfLocationName(SearchHomePageTests.java:45)
</failure>
  </testcase>
  <testcase name="lordOutWorldPaylistingPrem" classname="uk.co.idealflatmate.tests.PaymentTests" time="9.542">
    <failure message="Element not found {By.xpath: //form[@id=&apos;PremiumPaymentForm&apos;]//select[@id=&apos;paymentform-type_id&apos;]}&#10;Expected: exist" type="com.codeborne.selenide.ex.ElementNotFound">com.codeborne.selenide.ex.ElementNotFound: 
Element not found {By.xpath: //form[@id='PremiumPaymentForm']//select[@id='paymentform-type_id']}
Expected: exist
	at uk.co.idealflatmate.tests.PaymentTests.lordOutWorldPaylistingPrem(PaymentTests.java:184)
Caused by: org.openqa.selenium.NoSuchElementException: 
Cannot locate option containing text: 1 week Premium - ВЈ12.99
For documentation on this error, please visit: https://www.seleniumhq.org/exceptions/no_such_element.html
Build info: version: '3.141.59', revision: 'e82be7d358', time: '2018-11-14T08:17:03'
System info: host: 'PRIVATE-1074', ip: '10.8.1.74', os.name: 'Windows 10', os.arch: 'amd64', os.version: '10.0', java.version: '1.8.0_152'
Driver info: driver.version: unknown
	at uk.co.idealflatmate.tests.PaymentTests.lordOutWorldPaylistingPrem(PaymentTests.java:184)
</failure>
    <system-err><![CDATA[Jan 25, 2019 7:18:21 PM com.codeborne.selenide.impl.WebDriverThreadLocalContainer closeWebDriver
INFO: Close webdriver: 21 -> ChromeDriver: chrome on XP (e009ba482b17ab1f3b88c5db9cf8dbcc)
Jan 25, 2019 7:18:21 PM com.codeborne.selenide.impl.WebDriverThreadLocalContainer$CloseBrowser run
INFO: Trying to close the browser ChromeDriver ...
Jan 25, 2019 7:18:26 PM com.codeborne.selenide.impl.WebDriverThreadLocalContainer closeWebDriver
SEVERE: Failed to close webdriver in 5000 milliseconds
Jan 25, 2019 7:18:26 PM com.codeborne.selenide.impl.WebDriverThreadLocalContainer getWebDriver
INFO: No webdriver is bound to current thread: 21 - let's create new webdriver
Starting ChromeDriver 72.0.3626.69 (3c16f8a135abc0d4da2dff33804db79b849a7c38) on port 6915
Only local connections are allowed.
Please protect ports used by ChromeDriver and related test frameworks to prevent access by malicious code.
Jan 25, 2019 7:18:32 PM org.openqa.selenium.remote.ProtocolHandshake createSession
INFO: Detected dialect: OSS
Jan 25, 2019 7:18:33 PM org.openqa.selenium.os.OsProcess destroy
INFO: Unable to drain process streams. Ignoring but the exception being swallowed follows.
org.apache.commons.exec.ExecuteException: The stop timeout of 2000 ms was exceeded (Exit value: -559038737)
	at org.apache.commons.exec.PumpStreamHandler.stopThread(PumpStreamHandler.java:295)
	at org.apache.commons.exec.PumpStreamHandler.stop(PumpStreamHandler.java:181)
	at org.openqa.selenium.os.OsProcess.destroy(OsProcess.java:136)
	at org.openqa.selenium.os.CommandLine.destroy(CommandLine.java:153)
	at org.openqa.selenium.remote.service.DriverService.stop(DriverService.java:232)
	at org.openqa.selenium.remote.service.DriverCommandExecutor.execute(DriverCommandExecutor.java:95)
	at org.openqa.selenium.remote.RemoteWebDriver.execute(RemoteWebDriver.java:552)
	at org.openqa.selenium.remote.RemoteWebDriver.execute(RemoteWebDriver.java:609)
	at org.openqa.selenium.remote.RemoteWebDriver.quit(RemoteWebDriver.java:452)
	at com.codeborne.selenide.impl.WebDriverThreadLocalContainer$CloseBrowser.run(WebDriverThreadLocalContainer.java:174)
	at java.lang.Thread.run(Thread.java:748)

Jan 25, 2019 7:18:33 PM org.openqa.selenium.os.OsProcess destroy
SEVERE: Unable to kill process java.lang.ProcessImpl@189e4cb2
Jan 25, 2019 7:18:34 PM com.codeborne.selenide.webdriver.WebDriverFactory logBrowserVersion
INFO: BrowserName=chrome Version=71.0.3578.98 Platform=XP
Jan 25, 2019 7:18:34 PM com.codeborne.selenide.webdriver.WebDriverFactory createWebDriver
INFO: Selenide v. 4.11.1
Jan 25, 2019 7:18:34 PM com.codeborne.selenide.webdriver.WebDriverFactory logSeleniumInfo
INFO: Selenium WebDriver v. 3.141.59 build time: 2018-11-14T08:17:03
Jan 25, 2019 7:18:34 PM com.codeborne.selenide.impl.WebDriverThreadLocalContainer createDriver
INFO: Create webdriver in current thread 21: ChromeDriver -> ChromeDriver: chrome on XP (89dacf054dfac4eb449dfed653354503)
Jan 25, 2019 7:18:34 PM com.codeborne.selenide.impl.WebDriverThreadLocalContainer closeWebDriver
INFO: Close webdriver: 21 -> ChromeDriver: chrome on XP (89dacf054dfac4eb449dfed653354503)
Jan 25, 2019 7:18:34 PM com.codeborne.selenide.impl.WebDriverThreadLocalContainer$CloseBrowser run
INFO: Trying to close the browser ChromeDriver ...
]]></system-err>
  </testcase>
  <testcase name="applyMoreFilters" classname="uk.co.idealflatmate.tests.SearchFMPageTests" time="3.979"/>
  <testcase name="applyAdvancedFiltersDefault" classname="uk.co.idealflatmate.tests.SearchFMPageTests" time="7.434"/>
  <testcase name="applyMoreFilters" classname="uk.co.idealflatmate.tests.SearchPropertiesPageTests" time="8.599"/>
  <testcase name="applyMoreFiltersPhotoWithList" classname="uk.co.idealflatmate.tests.SearchFMPageTests" time="1.496"/>
  <testcase name="sortListingWith2Rooms" classname="uk.co.idealflatmate.tests.SearchPropertiesPageTests" time="11.12">
    <failure message="Element not found {By.xpath: //header//nav//ul//li//a[contains(text(), &apos;Find a home&apos;)]}&#10;Expected: visible" type="com.codeborne.selenide.ex.ElementNotFound">com.codeborne.selenide.ex.ElementNotFound: 
Element not found {By.xpath: //header//nav//ul//li//a[contains(text(), 'Find a home')]}
Expected: visible
	at uk.co.idealflatmate.tests.SearchPropertiesPageTests.sortListingWith2Rooms(SearchPropertiesPageTests.java:137)
Caused by: org.openqa.selenium.NoSuchElementException: 
no such element: Unable to locate element: {"method":"xpath","selector":"//header//nav//ul//li//a[contains(text(), 'Find a home')]"}
  (Session info: chrome=71.0.3578.98)
  (Driver info: chromedriver=72.0.3626.69 (3c16f8a135abc0d4da2dff33804db79b849a7c38),platform=Windows NT 10.0.16299 x86_64) (WARNING: The server did not provide any stacktrace information)
Command duration or timeout: 0 milliseconds
For documentation on this error, please visit: https://www.seleniumhq.org/exceptions/no_such_element.html
Build info: version: '3.141.59', revision: 'e82be7d358', time: '2018-11-14T08:17:03'
System info: host: 'PRIVATE-1074', ip: '10.8.1.74', os.name: 'Windows 10', os.arch: 'amd64', os.version: '10.0', java.version: '1.8.0_152'
Driver info: org.openqa.selenium.chrome.ChromeDriver
Capabilities {acceptInsecureCerts: false, acceptSslCerts: false, applicationCacheEnabled: false, browserConnectionEnabled: false, browserName: chrome, chrome: {chromedriverVersion: 72.0.3626.69 (3c16f8a135abc..., userDataDir: C:\Users\LUKHOV~1\AppData\L...}, cssSelectorsEnabled: true, databaseEnabled: false, goog:chromeOptions: {debuggerAddress: localhost:58859}, handlesAlerts: true, hasTouchScreen: false, javascriptEnabled: true, locationContextEnabled: true, mobileEmulationEnabled: false, nativeEvents: true, networkConnectionEnabled: false, pageLoadStrategy: normal, platform: XP, platformName: XP, proxy: Proxy(), rotatable: false, setWindowRect: true, takesHeapSnapshot: true, takesScreenshot: true, timeouts: {implicit: 0, pageLoad: 300000, script: 30000}, unexpectedAlertBehaviour: ignore, unhandledPromptBehavior: ignore, version: 71.0.3578.98, webStorageEnabled: true}
Session ID: 1f418ac81573a632ee497efd0dc27761
*** Element info: {Using=xpath, value=//header//nav//ul//li//a[contains(text(), 'Find a home')]}
	at uk.co.idealflatmate.tests.SearchPropertiesPageTests.sortListingWith2Rooms(SearchPropertiesPageTests.java:137)
</failure>
    <system-err><![CDATA[Jan 25, 2019 7:18:57 PM com.codeborne.selenide.impl.WebDriverThreadLocalContainer closeWebDriver
INFO: Close webdriver: 20 -> ChromeDriver: chrome on XP (b9f8a6229ebca1937a1c965eb33257f6)
Jan 25, 2019 7:18:57 PM com.codeborne.selenide.impl.WebDriverThreadLocalContainer$CloseBrowser run
INFO: Trying to close the browser ChromeDriver ...
Jan 25, 2019 7:19:02 PM com.codeborne.selenide.impl.WebDriverThreadLocalContainer closeWebDriver
SEVERE: Failed to close webdriver in 5000 milliseconds
Jan 25, 2019 7:19:02 PM com.codeborne.selenide.impl.WebDriverThreadLocalContainer getWebDriver
INFO: No webdriver is bound to current thread: 20 - let's create new webdriver
Starting ChromeDriver 72.0.3626.69 (3c16f8a135abc0d4da2dff33804db79b849a7c38) on port 29659
Only local connections are allowed.
Please protect ports used by ChromeDriver and related test frameworks to prevent access by malicious code.
Jan 25, 2019 7:19:08 PM org.openqa.selenium.remote.ProtocolHandshake createSession
INFO: Detected dialect: OSS
Jan 25, 2019 7:19:10 PM com.codeborne.selenide.webdriver.WebDriverFactory logBrowserVersion
INFO: BrowserName=chrome Version=71.0.3578.98 Platform=XP
Jan 25, 2019 7:19:10 PM com.codeborne.selenide.webdriver.WebDriverFactory createWebDriver
INFO: Selenide v. 4.11.1
Jan 25, 2019 7:19:10 PM com.codeborne.selenide.webdriver.WebDriverFactory logSeleniumInfo
INFO: Selenium WebDriver v. 3.141.59 build time: 2018-11-14T08:17:03
Jan 25, 2019 7:19:10 PM com.codeborne.selenide.impl.WebDriverThreadLocalContainer createDriver
INFO: Create webdriver in current thread 20: ChromeDriver -> ChromeDriver: chrome on XP (1f418ac81573a632ee497efd0dc27761)
]]></system-err>
  </testcase>
  <testcase name="AbilityToSeePhone" classname="uk.co.idealflatmate.tests.PaymentTests" time="19.182"/>
  <testcase name="lordInWorldPaidListingProf" classname="uk.co.idealflatmate.tests.PaymentTests" time="21.377">
    <failure message="Element not found {By.xpath: //form[@id=&apos;ProfessionalPaymentForm&apos;]//select[@id=&apos;paymentform-type_id&apos;]}&#10;Expected: exist" type="com.codeborne.selenide.ex.ElementNotFound">com.codeborne.selenide.ex.ElementNotFound: 
Element not found {By.xpath: //form[@id='ProfessionalPaymentForm']//select[@id='paymentform-type_id']}
Expected: exist
	at uk.co.idealflatmate.tests.PaymentTests.lordInWorldPaidListingProf(PaymentTests.java:237)
Caused by: org.openqa.selenium.NoSuchElementException: 
Cannot locate option containing text: 1 month - ВЈ44.99
For documentation on this error, please visit: https://www.seleniumhq.org/exceptions/no_such_element.html
Build info: version: '3.141.59', revision: 'e82be7d358', time: '2018-11-14T08:17:03'
System info: host: 'PRIVATE-1074', ip: '10.8.1.74', os.name: 'Windows 10', os.arch: 'amd64', os.version: '10.0', java.version: '1.8.0_152'
Driver info: driver.version: unknown
	at uk.co.idealflatmate.tests.PaymentTests.lordInWorldPaidListingProf(PaymentTests.java:237)
</failure>
  </testcase>
  <testcase name="searchZone1Pagination" classname="uk.co.idealflatmate.tests.SearchPropertiesPageTests" time="6.942"/>
  <testcase name="premiumFHPaymentWorldPay" classname="uk.co.idealflatmate.tests.PaymentTests" time="0.637">
    <failure message="Element should have text &apos;ВЈ3.99 (week)&apos; {By.xpath: (//td[@class=&apos;u_p20-top text-primary&apos;])[1]}&#10;Element: &apos;&lt;td class=&quot;u_p20-top text-primary&quot;&gt;£3.99 (week)&lt;/td&gt;&apos;" type="com.codeborne.selenide.ex.ElementShould"><![CDATA[com.codeborne.selenide.ex.ElementShould: 
Element should have text 'ВЈ3.99 (week)' {By.xpath: (//td[@class='u_p20-top text-primary'])[1]}
Element: '<td class="u_p20-top text-primary">£3.99 (week)</td>'
	at uk.co.idealflatmate.tests.PaymentTests.premiumFHPaymentWorldPay(PaymentTests.java:89)
]]></failure>
  </testcase>
  <testcase name="searchPagination" classname="uk.co.idealflatmate.tests.SearchPropertiesPageTests" time="4.728"/>
  <testcase name="propertySearchByDropDown" classname="uk.co.idealflatmate.tests.SearchPropertiesPageTests" time="0.618"/>
  <testcase name="applyAdvancedFiltersDefault" classname="uk.co.idealflatmate.tests.SearchPropertiesPageTests" time="7.375"/>
  <testcase name="searchEastLDNPagination" classname="uk.co.idealflatmate.tests.SearchPropertiesPageTests" time="5.719"/>
  <testcase name="SignUpBlankFieldsPropAddWorkBlock" classname="uk.co.idealflatmate.tests.SignUpTest" time="27.392"/>
  <testcase name="SignUpBlankFieldsPropAddRentBlock" classname="uk.co.idealflatmate.tests.SignUpTest" time="6.897"/>
  <testcase name="sortListing" classname="uk.co.idealflatmate.tests.SearchPropertiesPageTests" time="1.875"/>
  <testcase name="headerRoomSignUpHomePageTenant" classname="uk.co.idealflatmate.tests.SignUpTest" time="5.6">
    <failure message="Element not found {By.xpath: //input[@id=&apos;moreinfosignupform-file&apos;]}&#10;Expected: exist" type="com.codeborne.selenide.ex.ElementNotFound">com.codeborne.selenide.ex.ElementNotFound: 
Element not found {By.xpath: //input[@id='moreinfosignupform-file']}
Expected: exist
	at uk.co.idealflatmate.tests.SignUpTest.headerRoomSignUpHomePageTenant(SignUpTest.java:71)
Caused by: org.openqa.selenium.NoSuchElementException: 
no such element: Unable to locate element: {"method":"xpath","selector":"//input[@id='moreinfosignupform-file']"}
  (Session info: chrome=71.0.3578.98)
  (Driver info: chromedriver=72.0.3626.69 (3c16f8a135abc0d4da2dff33804db79b849a7c38),platform=Windows NT 10.0.16299 x86_64) (WARNING: The server did not provide any stacktrace information)
Command duration or timeout: 0 milliseconds
For documentation on this error, please visit: https://www.seleniumhq.org/exceptions/no_such_element.html
Build info: version: '3.141.59', revision: 'e82be7d358', time: '2018-11-14T08:17:03'
System info: host: 'PRIVATE-1074', ip: '10.8.1.74', os.name: 'Windows 10', os.arch: 'amd64', os.version: '10.0', java.version: '1.8.0_152'
Driver info: org.openqa.selenium.chrome.ChromeDriver
Capabilities {acceptInsecureCerts: false, acceptSslCerts: false, applicationCacheEnabled: false, browserConnectionEnabled: false, browserName: chrome, chrome: {chromedriverVersion: 72.0.3626.69 (3c16f8a135abc..., userDataDir: C:\Users\LUKHOV~1\AppData\L...}, cssSelectorsEnabled: true, databaseEnabled: false, goog:chromeOptions: {debuggerAddress: localhost:52694}, handlesAlerts: true, hasTouchScreen: false, javascriptEnabled: true, locationContextEnabled: true, mobileEmulationEnabled: false, nativeEvents: true, networkConnectionEnabled: false, pageLoadStrategy: normal, platform: XP, platformName: XP, proxy: Proxy(), rotatable: false, setWindowRect: true, takesHeapSnapshot: true, takesScreenshot: true, timeouts: {implicit: 0, pageLoad: 300000, script: 30000}, unexpectedAlertBehaviour: ignore, unhandledPromptBehavior: ignore, version: 71.0.3578.98, webStorageEnabled: true}
Session ID: 0472e70ce5e8881656a17d2d12afe39d
*** Element info: {Using=xpath, value=//input[@id='moreinfosignupform-file']}
	at uk.co.idealflatmate.tests.SignUpTest.headerRoomSignUpHomePageTenant(SignUpTest.java:71)
</failure>
    <system-err><![CDATA[Jan 25, 2019 7:20:30 PM com.codeborne.selenide.impl.WebDriverThreadLocalContainer closeWebDriver
INFO: Close webdriver: 14 -> ChromeDriver: chrome on XP (cf827cb9c23375780bd88f72e979b378)
Jan 25, 2019 7:20:30 PM com.codeborne.selenide.impl.WebDriverThreadLocalContainer$CloseBrowser run
INFO: Trying to close the browser ChromeDriver ...
Jan 25, 2019 7:20:30 PM org.openqa.selenium.os.OsProcess destroy
INFO: Unable to drain process streams. Ignoring but the exception being swallowed follows.
org.apache.commons.exec.ExecuteException: The stop timeout of 2000 ms was exceeded (Exit value: -559038737)
	at org.apache.commons.exec.PumpStreamHandler.stopThread(PumpStreamHandler.java:295)
	at org.apache.commons.exec.PumpStreamHandler.stop(PumpStreamHandler.java:180)
	at org.openqa.selenium.os.OsProcess.destroy(OsProcess.java:136)
	at org.openqa.selenium.os.CommandLine.destroy(CommandLine.java:153)
	at org.openqa.selenium.remote.service.DriverService.stop(DriverService.java:232)
	at org.openqa.selenium.remote.service.DriverCommandExecutor.execute(DriverCommandExecutor.java:95)
	at org.openqa.selenium.remote.RemoteWebDriver.execute(RemoteWebDriver.java:552)
	at org.openqa.selenium.remote.RemoteWebDriver.execute(RemoteWebDriver.java:609)
	at org.openqa.selenium.remote.RemoteWebDriver.quit(RemoteWebDriver.java:452)
	at com.codeborne.selenide.impl.WebDriverThreadLocalContainer$CloseBrowser.run(WebDriverThreadLocalContainer.java:174)
	at java.lang.Thread.run(Thread.java:748)

Jan 25, 2019 7:20:30 PM org.openqa.selenium.os.OsProcess destroy
SEVERE: Unable to kill process java.lang.ProcessImpl@da3da1e
Jan 25, 2019 7:20:30 PM com.codeborne.selenide.webdriver.WebDriverFactory logBrowserVersion
INFO: BrowserName=chrome Version=71.0.3578.98 Platform=XP
Jan 25, 2019 7:20:30 PM com.codeborne.selenide.webdriver.WebDriverFactory createWebDriver
INFO: Selenide v. 4.11.1
Jan 25, 2019 7:20:30 PM com.codeborne.selenide.webdriver.WebDriverFactory logSeleniumInfo
INFO: Selenium WebDriver v. 3.141.59 build time: 2018-11-14T08:17:03
Jan 25, 2019 7:20:30 PM com.codeborne.selenide.impl.WebDriverThreadLocalContainer createDriver
INFO: Create webdriver in current thread 17: ChromeDriver -> ChromeDriver: chrome on XP (aee7436812bcd39de2acffffce8a1419)
Jan 25, 2019 7:20:33 PM com.codeborne.selenide.impl.WebDriverThreadLocalContainer closeWebDriver
SEVERE: Failed to close webdriver in 5000 milliseconds
Starting ChromeDriver 72.0.3626.69 (3c16f8a135abc0d4da2dff33804db79b849a7c38) on port 15035
Only local connections are allowed.
Please protect ports used by ChromeDriver and related test frameworks to prevent access by malicious code.
Jan 25, 2019 7:20:35 PM com.codeborne.selenide.impl.WebDriverThreadLocalContainer closeWebDriver
SEVERE: Failed to close webdriver in 5000 milliseconds
Jan 25, 2019 7:20:35 PM com.codeborne.selenide.impl.WebDriverThreadLocalContainer getWebDriver
INFO: No webdriver is bound to current thread: 14 - let's create new webdriver
Starting ChromeDriver 72.0.3626.69 (3c16f8a135abc0d4da2dff33804db79b849a7c38) on port 40305
Only local connections are allowed.
Please protect ports used by ChromeDriver and related test frameworks to prevent access by malicious code.
Jan 25, 2019 7:20:36 PM org.openqa.selenium.remote.ProtocolHandshake createSession
INFO: Detected dialect: OSS
Jan 25, 2019 7:20:38 PM com.codeborne.selenide.webdriver.WebDriverFactory logBrowserVersion
INFO: BrowserName=chrome Version=71.0.3578.98 Platform=XP
Jan 25, 2019 7:20:38 PM com.codeborne.selenide.webdriver.WebDriverFactory createWebDriver
INFO: Selenide v. 4.11.1
Jan 25, 2019 7:20:38 PM com.codeborne.selenide.webdriver.WebDriverFactory logSeleniumInfo
INFO: Selenium WebDriver v. 3.141.59 build time: 2018-11-14T08:17:03
Jan 25, 2019 7:20:38 PM com.codeborne.selenide.impl.WebDriverThreadLocalContainer createDriver
INFO: Create webdriver in current thread 13: ChromeDriver -> ChromeDriver: chrome on XP (5dc22ba6f4e438a77fb22422f4da91a5)
Jan 25, 2019 7:20:38 PM org.openqa.selenium.remote.ProtocolHandshake createSession
INFO: Detected dialect: OSS
Jan 25, 2019 7:20:39 PM com.codeborne.selenide.webdriver.WebDriverFactory logBrowserVersion
INFO: BrowserName=chrome Version=71.0.3578.98 Platform=XP
Jan 25, 2019 7:20:39 PM com.codeborne.selenide.webdriver.WebDriverFactory createWebDriver
INFO: Selenide v. 4.11.1
Jan 25, 2019 7:20:39 PM com.codeborne.selenide.webdriver.WebDriverFactory logSeleniumInfo
INFO: Selenium WebDriver v. 3.141.59 build time: 2018-11-14T08:17:03
Jan 25, 2019 7:20:39 PM com.codeborne.selenide.impl.WebDriverThreadLocalContainer createDriver
INFO: Create webdriver in current thread 14: ChromeDriver -> ChromeDriver: chrome on XP (fca31d99ab32bf49be6d3b9a2eb23421)
Jan 25, 2019 7:20:39 PM com.codeborne.selenide.impl.WebDriverThreadLocalContainer closeWebDriver
INFO: Close webdriver: 14 -> ChromeDriver: chrome on XP (fca31d99ab32bf49be6d3b9a2eb23421)
Jan 25, 2019 7:20:39 PM com.codeborne.selenide.impl.WebDriverThreadLocalContainer$CloseBrowser run
INFO: Trying to close the browser ChromeDriver ...
]]></system-err>
  </testcase>
  <testcase name="headerSignUpViaFacebook" classname="uk.co.idealflatmate.tests.SignUpTest" time="49.677">
    <failure message="Element not found {#js-signup-facebook}&#10;Expected: visible" type="com.codeborne.selenide.ex.ElementNotFound">com.codeborne.selenide.ex.ElementNotFound: 
Element not found {#js-signup-facebook}
Expected: visible
	at uk.co.idealflatmate.tests.SignUpTest.headerSignUpViaFacebook(SignUpTest.java:304)
Caused by: org.openqa.selenium.NoSuchElementException: 
no such element: Unable to locate element: {"method":"css selector","selector":"#js-signup-facebook"}
  (Session info: chrome=71.0.3578.98)
  (Driver info: chromedriver=72.0.3626.69 (3c16f8a135abc0d4da2dff33804db79b849a7c38),platform=Windows NT 10.0.16299 x86_64) (WARNING: The server did not provide any stacktrace information)
Command duration or timeout: 0 milliseconds
For documentation on this error, please visit: https://www.seleniumhq.org/exceptions/no_such_element.html
Build info: version: '3.141.59', revision: 'e82be7d358', time: '2018-11-14T08:17:03'
System info: host: 'PRIVATE-1074', ip: '10.8.1.74', os.name: 'Windows 10', os.arch: 'amd64', os.version: '10.0', java.version: '1.8.0_152'
Driver info: org.openqa.selenium.chrome.ChromeDriver
Capabilities {acceptInsecureCerts: false, acceptSslCerts: false, applicationCacheEnabled: false, browserConnectionEnabled: false, browserName: chrome, chrome: {chromedriverVersion: 72.0.3626.69 (3c16f8a135abc..., userDataDir: C:\Users\LUKHOV~1\AppData\L...}, cssSelectorsEnabled: true, databaseEnabled: false, goog:chromeOptions: {debuggerAddress: localhost:59892}, handlesAlerts: true, hasTouchScreen: false, javascriptEnabled: true, locationContextEnabled: true, mobileEmulationEnabled: false, nativeEvents: true, networkConnectionEnabled: false, pageLoadStrategy: normal, platform: XP, platformName: XP, proxy: Proxy(), rotatable: false, setWindowRect: true, takesHeapSnapshot: true, takesScreenshot: true, timeouts: {implicit: 0, pageLoad: 300000, script: 30000}, unexpectedAlertBehaviour: ignore, unhandledPromptBehavior: ignore, version: 71.0.3578.98, webStorageEnabled: true}
Session ID: 6a351254057a1c198879fc51723ebf3d
*** Element info: {Using=css selector, value=#js-signup-facebook}
	at uk.co.idealflatmate.tests.SignUpTest.headerSignUpViaFacebook(SignUpTest.java:304)
</failure>
    <system-err><![CDATA[Jan 25, 2019 7:20:44 PM com.codeborne.selenide.impl.WebDriverThreadLocalContainer closeWebDriver
SEVERE: Failed to close webdriver in 5000 milliseconds
Starting ChromeDriver 72.0.3626.69 (3c16f8a135abc0d4da2dff33804db79b849a7c38) on port 13005
Only local connections are allowed.
Please protect ports used by ChromeDriver and related test frameworks to prevent access by malicious code.
Jan 25, 2019 7:20:44 PM org.openqa.selenium.os.OsProcess destroy
SEVERE: Unable to kill process java.lang.ProcessImpl@5ab29084
Jan 25, 2019 7:20:45 PM org.openqa.selenium.os.OsProcess destroy
SEVERE: Unable to kill process java.lang.ProcessImpl@7973797a
Jan 25, 2019 7:20:48 PM org.openqa.selenium.remote.ProtocolHandshake createSession
INFO: Detected dialect: OSS
Jan 25, 2019 7:20:50 PM com.codeborne.selenide.webdriver.WebDriverFactory logBrowserVersion
INFO: BrowserName=chrome Version=71.0.3578.98 Platform=XP
Jan 25, 2019 7:20:50 PM com.codeborne.selenide.webdriver.WebDriverFactory createWebDriver
INFO: Selenide v. 4.11.1
Jan 25, 2019 7:20:50 PM com.codeborne.selenide.webdriver.WebDriverFactory logSeleniumInfo
INFO: Selenium WebDriver v. 3.141.59 build time: 2018-11-14T08:17:03
Jan 25, 2019 7:20:50 PM com.codeborne.selenide.impl.WebDriverThreadLocalContainer createDriver
INFO: Create webdriver in current thread 14: ChromeDriver -> ChromeDriver: chrome on XP (129d5d8adb83e50c8627f921a697579d)
Jan 25, 2019 7:20:53 PM org.openqa.selenium.os.OsProcess destroy
SEVERE: Unable to kill process java.lang.ProcessImpl@2255efe5
Jan 25, 2019 7:21:28 PM com.codeborne.selenide.impl.WebDriverThreadLocalContainer closeWebDriver
INFO: Close webdriver: 19 -> ChromeDriver: chrome on XP (0472e70ce5e8881656a17d2d12afe39d)
Jan 25, 2019 7:21:28 PM com.codeborne.selenide.impl.WebDriverThreadLocalContainer$CloseBrowser run
INFO: Trying to close the browser ChromeDriver ...
]]></system-err>
  </testcase>
  <testcase name="headerSignUpWithBlankRequiredFieldsBudget" classname="uk.co.idealflatmate.tests.SignUpTest" time="66.482"/>
  <testcase name="headerSignUpWithExistingEmail" classname="uk.co.idealflatmate.tests.SignUpTest" time="77.482"/>
  <testcase name="ListingSignUpFromHomepage" classname="uk.co.idealflatmate.tests.SignUpTest" time="86.797"/>
  <testcase name="headerSignUpHomePageFMSearchLiv_inWithoutAbout" classname="uk.co.idealflatmate.tests.SignUpTest" time="97.034"/>
  <testcase name="headerSignUpWithBlankRequiredFieldsYourInf" classname="uk.co.idealflatmate.tests.SignUpTest" time="109.11"/>
  <testcase name="headerSignUpWithBlankRequiredFieldsMoreAboutYou" classname="uk.co.idealflatmate.tests.SignUpTest" time="111.323"/>
  <testcase name="headerSignUpWithBlankRequiredFieldsLocation" classname="uk.co.idealflatmate.tests.SignUpTest" time="1.785"/>
  <testcase name="ListingSignUpHeader" classname="uk.co.idealflatmate.tests.SignUpTest" time="6.059"/>
  <testcase name="signUpViaFBlistingAgent" classname="uk.co.idealflatmate.tests.SignUpTest" time="15.738"/>
  <testcase name="TestSuccessfulEmailReceivingWelcomeListingMessageSubscriptionCancSub" classname="uk.co.idealflatmate.tests.ZEmailTests" time="38.052">
    <failure message="Element not found {By.xpath: //span[contains(text(), &apos;AM&apos;) or contains(text(), &apos;PM&apos;)]//ancestor::tr//div//span[contains(text(), &apos;Premium Flathunter Subscription cancelled&apos;)]//ancestor::tr//td/div[@role=&apos;checkbox&apos;]}&#10;Expected: visible" type="com.codeborne.selenide.ex.ElementNotFound">com.codeborne.selenide.ex.ElementNotFound: 
Element not found {By.xpath: //span[contains(text(), 'AM') or contains(text(), 'PM')]//ancestor::tr//div//span[contains(text(), 'Premium Flathunter Subscription cancelled')]//ancestor::tr//td/div[@role='checkbox']}
Expected: visible
	at uk.co.idealflatmate.tests.ZEmailTests.TestSuccessfulEmailReceivingWelcomeListingMessageSubscriptionCancSub(ZEmailTests.java:23)
Caused by: org.openqa.selenium.NoSuchElementException: 
no such element: Unable to locate element: {"method":"xpath","selector":"//span[contains(text(), 'AM') or contains(text(), 'PM')]//ancestor::tr//div//span[contains(text(), 'Premium Flathunter Subscription cancelled')]//ancestor::tr//td/div[@role='checkbox']"}
  (Session info: chrome=71.0.3578.98)
  (Driver info: chromedriver=72.0.3626.69 (3c16f8a135abc0d4da2dff33804db79b849a7c38),platform=Windows NT 10.0.16299 x86_64) (WARNING: The server did not provide any stacktrace information)
Command duration or timeout: 0 milliseconds
For documentation on this error, please visit: https://www.seleniumhq.org/exceptions/no_such_element.html
Build info: version: '3.141.59', revision: 'e82be7d358', time: '2018-11-14T08:17:03'
System info: host: 'PRIVATE-1074', ip: '10.8.1.74', os.name: 'Windows 10', os.arch: 'amd64', os.version: '10.0', java.version: '1.8.0_152'
Driver info: org.openqa.selenium.chrome.ChromeDriver
Capabilities {acceptInsecureCerts: false, acceptSslCerts: false, applicationCacheEnabled: false, browserConnectionEnabled: false, browserName: chrome, chrome: {chromedriverVersion: 72.0.3626.69 (3c16f8a135abc..., userDataDir: C:\Users\LUKHOV~1\AppData\L...}, cssSelectorsEnabled: true, databaseEnabled: false, goog:chromeOptions: {debuggerAddress: localhost:59892}, handlesAlerts: true, hasTouchScreen: false, javascriptEnabled: true, locationContextEnabled: true, mobileEmulationEnabled: false, nativeEvents: true, networkConnectionEnabled: false, pageLoadStrategy: normal, platform: XP, platformName: XP, proxy: Proxy(), rotatable: false, setWindowRect: true, takesHeapSnapshot: true, takesScreenshot: true, timeouts: {implicit: 0, pageLoad: 300000, script: 30000}, unexpectedAlertBehaviour: ignore, unhandledPromptBehavior: ignore, version: 71.0.3578.98, webStorageEnabled: true}
Session ID: 6a351254057a1c198879fc51723ebf3d
*** Element info: {Using=xpath, value=//span[contains(text(), 'AM') or contains(text(), 'PM')]//ancestor::tr//div//span[contains(text(), 'Premium Flathunter Subscription cancelled')]//ancestor::tr//td/div[@role='checkbox']}
	at uk.co.idealflatmate.tests.ZEmailTests.TestSuccessfulEmailReceivingWelcomeListingMessageSubscriptionCancSub(ZEmailTests.java:23)
</failure>
    <system-err><![CDATA[Jan 25, 2019 7:22:49 PM com.codeborne.selenide.impl.WebDriverThreadLocalContainer closeWebDriver
INFO: Close webdriver: 19 -> ChromeDriver: chrome on XP (7eda709db6f9d8780c9e35d78f526ae5)
Jan 25, 2019 7:22:49 PM com.codeborne.selenide.impl.WebDriverThreadLocalContainer$CloseBrowser run
INFO: Trying to close the browser ChromeDriver ...
Jan 25, 2019 7:22:50 PM com.codeborne.selenide.impl.WebDriverThreadLocalContainer closeWebDriver
INFO: Closed webdriver in 1070 ms
]]></system-err>
  </testcase>
</testsuite>