<?xml version="1.0" encoding="UTF-8"?>
<testng-results skipped="0" failed="12" ignored="0" total="102" passed="90">
  <reporter-output>
  </reporter-output>
  <suite name="suite" duration-ms="2546775" started-at="2019-01-24T14:58:40Z" finished-at="2019-01-24T15:41:06Z">
    <groups>
    </groups>
    <test name="Test1" duration-ms="2546775" started-at="2019-01-24T14:58:40Z" finished-at="2019-01-24T15:41:06Z">
      <class name="uk.co.idealflatmate.tests.SignUpLikeOrMessage">
        <test-method status="PASS" signature="setupClass()[pri:0, instance:uk.co.idealflatmate.tests.SignUpLikeOrMessage@69ea3742]" name="setupClass" is-config="true" duration-ms="5478" started-at="2019-01-24T15:24:28Z" finished-at="2019-01-24T15:24:33Z">
          <reporter-output>
          </reporter-output>
        </test-method> <!-- setupClass -->
        <test-method status="PASS" signature="messagePropertySignUpHomePage()[pri:0, instance:uk.co.idealflatmate.tests.SignUpLikeOrMessage@69ea3742]" name="messagePropertySignUpHomePage" duration-ms="52586" started-at="2019-01-24T15:24:33Z" finished-at="2019-01-24T15:25:26Z">
          <reporter-output>
          </reporter-output>
        </test-method> <!-- messagePropertySignUpHomePage -->
        <test-method status="PASS" signature="messageSignUpFMPage()[pri:0, instance:uk.co.idealflatmate.tests.SignUpLikeOrMessage@69ea3742]" name="messageSignUpFMPage" duration-ms="62976" started-at="2019-01-24T15:25:26Z" finished-at="2019-01-24T15:26:29Z">
          <reporter-output>
          </reporter-output>
        </test-method> <!-- messageSignUpFMPage -->
        <test-method status="FAIL" signature="popupExistingEmailPropertyPage()[pri:0, instance:uk.co.idealflatmate.tests.SignUpLikeOrMessage@69ea3742]" name="popupExistingEmailPropertyPage" duration-ms="20322" started-at="2019-01-24T15:26:29Z" finished-at="2019-01-24T15:26:49Z">
          <exception class="com.codeborne.selenide.ex.ElementShould">
            <message>
              <![CDATA[Element should be visible {By.xpath: //span[contains (text(), 'Sign up with email')]}
Element: '<span displayed:false></span>']]>
            </message>
            <full-stacktrace>
              <![CDATA[Element should be visible {By.xpath: //span[contains (text(), 'Sign up with email')]}
Element: '<span displayed:false></span>'
Screenshot: file:/C:/Users/lukhovytskyi/Documents/GitHub/idealflatmatetest/build/reports/tests/1548343608806.17.png
Page source: file:/C:/Users/lukhovytskyi/Documents/GitHub/idealflatmatetest/build/reports/tests/1548343608806.17.html
Timeout: 10 s.
at com.codeborne.selenide.impl.WebElementSource.checkCondition(WebElementSource.java:66)
at com.codeborne.selenide.impl.WebElementSource.findAndAssertElementIsVisible(WebElementSource.java:72)
at com.codeborne.selenide.commands.Click.execute(Click.java:16)
at com.codeborne.selenide.commands.Click.execute(Click.java:12)
at com.codeborne.selenide.commands.Commands.execute(Commands.java:144)
at com.codeborne.selenide.impl.SelenideElementProxy.dispatchAndRetry(SelenideElementProxy.java:87)
at com.codeborne.selenide.impl.SelenideElementProxy.invoke(SelenideElementProxy.java:63)
at com.sun.proxy.$Proxy5.click(Unknown Source)
at uk.co.idealflatmate.appmanager.SignUpHelper.clickEmail(SignUpHelper.java:36)
at uk.co.idealflatmate.tests.SignUpLikeOrMessage.popupExistingEmailPropertyPage(SignUpLikeOrMessage.java:359)
at sun.reflect.NativeMethodAccessorImpl.invoke0(Native Method)
at sun.reflect.NativeMethodAccessorImpl.invoke(NativeMethodAccessorImpl.java:62)
at sun.reflect.DelegatingMethodAccessorImpl.invoke(DelegatingMethodAccessorImpl.java:43)
at java.lang.reflect.Method.invoke(Method.java:498)
at org.testng.internal.MethodInvocationHelper.invokeMethod(MethodInvocationHelper.java:124)
at org.testng.internal.Invoker.invokeMethod(Invoker.java:583)
at org.testng.internal.Invoker.invokeTestMethod(Invoker.java:719)
at org.testng.internal.Invoker.invokeTestMethods(Invoker.java:989)
at org.testng.internal.TestMethodWorker.invokeTestMethods(TestMethodWorker.java:125)
at org.testng.internal.TestMethodWorker.run(TestMethodWorker.java:109)
at org.testng.TestRunner.privateRun(TestRunner.java:648)
at org.testng.TestRunner.run(TestRunner.java:505)
at org.testng.SuiteRunner.runTest(SuiteRunner.java:455)
at org.testng.SuiteRunner.runSequentially(SuiteRunner.java:450)
at org.testng.SuiteRunner.privateRun(SuiteRunner.java:415)
at org.testng.SuiteRunner.run(SuiteRunner.java:364)
at org.testng.SuiteRunnerWorker.runSuite(SuiteRunnerWorker.java:52)
at org.testng.SuiteRunnerWorker.run(SuiteRunnerWorker.java:84)
at org.testng.TestNG.runSuitesSequentially(TestNG.java:1208)
at org.testng.TestNG.runSuitesLocally(TestNG.java:1137)
at org.testng.TestNG.runSuites(TestNG.java:1049)
at org.testng.TestNG.run(TestNG.java:1017)
at org.apache.maven.surefire.testng.TestNGExecutor.run(TestNGExecutor.java:122)
at org.apache.maven.surefire.testng.TestNGXmlTestSuite.execute(TestNGXmlTestSuite.java:88)
at org.apache.maven.surefire.testng.TestNGProvider.invoke(TestNGProvider.java:104)
at sun.reflect.NativeMethodAccessorImpl.invoke0(Native Method)
at sun.reflect.NativeMethodAccessorImpl.invoke(NativeMethodAccessorImpl.java:62)
at sun.reflect.DelegatingMethodAccessorImpl.invoke(DelegatingMethodAccessorImpl.java:43)
at java.lang.reflect.Method.invoke(Method.java:498)
at org.apache.maven.surefire.booter.ProviderFactory$ClassLoaderProxy.invoke(ProviderFactory.java:103)
at com.sun.proxy.$Proxy0.invoke(Unknown Source)
at org.apache.maven.surefire.booter.SurefireStarter.invokeProvider(SurefireStarter.java:150)
at org.apache.maven.surefire.booter.SurefireStarter.runSuitesInProcess(SurefireStarter.java:91)
at org.apache.maven.surefire.booter.ForkedBooter.main(ForkedBooter.java:69)
]]>
            </full-stacktrace>
          </exception> <!-- com.codeborne.selenide.ex.ElementShould -->
          <reporter-output>
          </reporter-output>
        </test-method> <!-- popupExistingEmailPropertyPage -->
        <test-method status="PASS" signature="popupExistingEmailPropertyPhone()[pri:0, instance:uk.co.idealflatmate.tests.SignUpLikeOrMessage@69ea3742]" name="popupExistingEmailPropertyPhone" duration-ms="28434" started-at="2019-01-24T15:26:49Z" finished-at="2019-01-24T15:27:18Z">
          <reporter-output>
          </reporter-output>
        </test-method> <!-- popupExistingEmailPropertyPhone -->
        <test-method status="PASS" signature="popupPropertyPage()[pri:0, instance:uk.co.idealflatmate.tests.SignUpLikeOrMessage@69ea3742]" name="popupPropertyPage" duration-ms="54113" started-at="2019-01-24T15:27:18Z" finished-at="2019-01-24T15:28:12Z">
          <reporter-output>
          </reporter-output>
        </test-method> <!-- popupPropertyPage -->
        <test-method status="PASS" signature="popupWithBlankRequiredFields()[pri:0, instance:uk.co.idealflatmate.tests.SignUpLikeOrMessage@69ea3742]" name="popupWithBlankRequiredFields" duration-ms="38966" started-at="2019-01-24T15:28:12Z" finished-at="2019-01-24T15:28:51Z">
          <reporter-output>
          </reporter-output>
        </test-method> <!-- popupWithBlankRequiredFields -->
        <test-method status="PASS" signature="popupWithExistingEmail()[pri:0, instance:uk.co.idealflatmate.tests.SignUpLikeOrMessage@69ea3742]" name="popupWithExistingEmail" duration-ms="13166" started-at="2019-01-24T15:28:51Z" finished-at="2019-01-24T15:29:04Z">
          <reporter-output>
          </reporter-output>
        </test-method> <!-- popupWithExistingEmail -->
        <test-method status="PASS" signature="signUpLike3rdPageQuit()[pri:0, instance:uk.co.idealflatmate.tests.SignUpLikeOrMessage@69ea3742]" name="signUpLike3rdPageQuit" duration-ms="32614" started-at="2019-01-24T15:29:04Z" finished-at="2019-01-24T15:29:37Z">
          <reporter-output>
          </reporter-output>
        </test-method> <!-- signUpLike3rdPageQuit -->
        <test-method status="FAIL" signature="signUpLikeHomePage()[pri:0, instance:uk.co.idealflatmate.tests.SignUpLikeOrMessage@69ea3742]" name="signUpLikeHomePage" duration-ms="26262" started-at="2019-01-24T15:29:37Z" finished-at="2019-01-24T15:30:03Z">
          <exception class="com.codeborne.selenide.ex.ElementShould">
            <message>
              <![CDATA[Element should be visible {By.xpath: //span[contains (text(), 'Sign up with email')]}
Element: '<span displayed:false></span>']]>
            </message>
            <full-stacktrace>
              <![CDATA[Element should be visible {By.xpath: //span[contains (text(), 'Sign up with email')]}
Element: '<span displayed:false></span>'
Screenshot: file:/C:/Users/lukhovytskyi/Documents/GitHub/idealflatmatetest/build/reports/tests/1548343802815.19.png
Page source: file:/C:/Users/lukhovytskyi/Documents/GitHub/idealflatmatetest/build/reports/tests/1548343802815.19.html
Timeout: 10 s.
at com.codeborne.selenide.impl.WebElementSource.checkCondition(WebElementSource.java:66)
at com.codeborne.selenide.impl.WebElementSource.findAndAssertElementIsVisible(WebElementSource.java:72)
at com.codeborne.selenide.commands.Click.execute(Click.java:16)
at com.codeborne.selenide.commands.Click.execute(Click.java:12)
at com.codeborne.selenide.commands.Commands.execute(Commands.java:144)
at com.codeborne.selenide.impl.SelenideElementProxy.dispatchAndRetry(SelenideElementProxy.java:87)
at com.codeborne.selenide.impl.SelenideElementProxy.invoke(SelenideElementProxy.java:63)
at com.sun.proxy.$Proxy5.click(Unknown Source)
at uk.co.idealflatmate.appmanager.SignUpHelper.clickEmail(SignUpHelper.java:36)
at uk.co.idealflatmate.tests.SignUpLikeOrMessage.signUpLikeHomePage(SignUpLikeOrMessage.java:237)
at sun.reflect.NativeMethodAccessorImpl.invoke0(Native Method)
at sun.reflect.NativeMethodAccessorImpl.invoke(NativeMethodAccessorImpl.java:62)
at sun.reflect.DelegatingMethodAccessorImpl.invoke(DelegatingMethodAccessorImpl.java:43)
at java.lang.reflect.Method.invoke(Method.java:498)
at org.testng.internal.MethodInvocationHelper.invokeMethod(MethodInvocationHelper.java:124)
at org.testng.internal.Invoker.invokeMethod(Invoker.java:583)
at org.testng.internal.Invoker.invokeTestMethod(Invoker.java:719)
at org.testng.internal.Invoker.invokeTestMethods(Invoker.java:989)
at org.testng.internal.TestMethodWorker.invokeTestMethods(TestMethodWorker.java:125)
at org.testng.internal.TestMethodWorker.run(TestMethodWorker.java:109)
at org.testng.TestRunner.privateRun(TestRunner.java:648)
at org.testng.TestRunner.run(TestRunner.java:505)
at org.testng.SuiteRunner.runTest(SuiteRunner.java:455)
at org.testng.SuiteRunner.runSequentially(SuiteRunner.java:450)
at org.testng.SuiteRunner.privateRun(SuiteRunner.java:415)
at org.testng.SuiteRunner.run(SuiteRunner.java:364)
at org.testng.SuiteRunnerWorker.runSuite(SuiteRunnerWorker.java:52)
at org.testng.SuiteRunnerWorker.run(SuiteRunnerWorker.java:84)
at org.testng.TestNG.runSuitesSequentially(TestNG.java:1208)
at org.testng.TestNG.runSuitesLocally(TestNG.java:1137)
at org.testng.TestNG.runSuites(TestNG.java:1049)
at org.testng.TestNG.run(TestNG.java:1017)
at org.apache.maven.surefire.testng.TestNGExecutor.run(TestNGExecutor.java:122)
at org.apache.maven.surefire.testng.TestNGXmlTestSuite.execute(TestNGXmlTestSuite.java:88)
at org.apache.maven.surefire.testng.TestNGProvider.invoke(TestNGProvider.java:104)
at sun.reflect.NativeMethodAccessorImpl.invoke0(Native Method)
at sun.reflect.NativeMethodAccessorImpl.invoke(NativeMethodAccessorImpl.java:62)
at sun.reflect.DelegatingMethodAccessorImpl.invoke(DelegatingMethodAccessorImpl.java:43)
at java.lang.reflect.Method.invoke(Method.java:498)
at org.apache.maven.surefire.booter.ProviderFactory$ClassLoaderProxy.invoke(ProviderFactory.java:103)
at com.sun.proxy.$Proxy0.invoke(Unknown Source)
at org.apache.maven.surefire.booter.SurefireStarter.invokeProvider(SurefireStarter.java:150)
at org.apache.maven.surefire.booter.SurefireStarter.runSuitesInProcess(SurefireStarter.java:91)
at org.apache.maven.surefire.booter.ForkedBooter.main(ForkedBooter.java:69)
]]>
            </full-stacktrace>
          </exception> <!-- com.codeborne.selenide.ex.ElementShould -->
          <reporter-output>
          </reporter-output>
        </test-method> <!-- signUpLikeHomePage -->
        <test-method status="PASS" signature="tearDown()[pri:0, instance:uk.co.idealflatmate.tests.SignUpLikeOrMessage@69ea3742]" name="tearDown" is-config="true" duration-ms="867" started-at="2019-01-24T15:30:03Z" finished-at="2019-01-24T15:30:04Z">
          <reporter-output>
          </reporter-output>
        </test-method> <!-- tearDown -->
      </class> <!-- uk.co.idealflatmate.tests.SignUpLikeOrMessage -->
      <class name="uk.co.idealflatmate.tests.HomePageTest">
        <test-method status="PASS" signature="setupClass()[pri:0, instance:uk.co.idealflatmate.tests.HomePageTest@13805618]" name="setupClass" is-config="true" duration-ms="5361" started-at="2019-01-24T15:08:12Z" finished-at="2019-01-24T15:08:18Z">
          <reporter-output>
          </reporter-output>
        </test-method> <!-- setupClass -->
        <test-method status="PASS" signature="amountOfBlocsAndTextOfAreas()[pri:0, instance:uk.co.idealflatmate.tests.HomePageTest@13805618]" name="amountOfBlocsAndTextOfAreas" duration-ms="190" started-at="2019-01-24T15:08:18Z" finished-at="2019-01-24T15:08:18Z">
          <reporter-output>
          </reporter-output>
        </test-method> <!-- amountOfBlocsAndTextOfAreas -->
        <test-method status="PASS" signature="blogFM()[pri:0, instance:uk.co.idealflatmate.tests.HomePageTest@13805618]" name="blogFM" duration-ms="2064" started-at="2019-01-24T15:08:18Z" finished-at="2019-01-24T15:08:20Z">
          <reporter-output>
          </reporter-output>
        </test-method> <!-- blogFM -->
        <test-method status="PASS" signature="blogLandlord()[pri:0, instance:uk.co.idealflatmate.tests.HomePageTest@13805618]" name="blogLandlord" duration-ms="8220" started-at="2019-01-24T15:08:20Z" finished-at="2019-01-24T15:08:28Z">
          <reporter-output>
          </reporter-output>
        </test-method> <!-- blogLandlord -->
        <test-method status="PASS" signature="findOutMore()[pri:0, instance:uk.co.idealflatmate.tests.HomePageTest@13805618]" name="findOutMore" duration-ms="9870" started-at="2019-01-24T15:08:28Z" finished-at="2019-01-24T15:08:38Z">
          <reporter-output>
          </reporter-output>
        </test-method> <!-- findOutMore -->
        <test-method status="PASS" signature="findStartListing()[pri:0, instance:uk.co.idealflatmate.tests.HomePageTest@13805618]" name="findStartListing" duration-ms="1800" started-at="2019-01-24T15:08:38Z" finished-at="2019-01-24T15:08:40Z">
          <reporter-output>
          </reporter-output>
        </test-method> <!-- findStartListing -->
        <test-method status="PASS" signature="findStartMatchingLink()[pri:0, instance:uk.co.idealflatmate.tests.HomePageTest@13805618]" name="findStartMatchingLink" duration-ms="1953" started-at="2019-01-24T15:08:40Z" finished-at="2019-01-24T15:08:42Z">
          <reporter-output>
          </reporter-output>
        </test-method> <!-- findStartMatchingLink -->
        <test-method status="PASS" signature="pressLogo()[pri:0, instance:uk.co.idealflatmate.tests.HomePageTest@13805618]" name="pressLogo" duration-ms="900" started-at="2019-01-24T15:08:42Z" finished-at="2019-01-24T15:08:43Z">
          <reporter-output>
          </reporter-output>
        </test-method> <!-- pressLogo -->
        <test-method status="PASS" signature="tearDown()[pri:0, instance:uk.co.idealflatmate.tests.HomePageTest@13805618]" name="tearDown" is-config="true" duration-ms="759" started-at="2019-01-24T15:08:43Z" finished-at="2019-01-24T15:08:43Z">
          <reporter-output>
          </reporter-output>
        </test-method> <!-- tearDown -->
      </class> <!-- uk.co.idealflatmate.tests.HomePageTest -->
      <class name="uk.co.idealflatmate.tests.SearchHomePageTests">
        <test-method status="PASS" signature="setupClass()[pri:0, instance:uk.co.idealflatmate.tests.SearchHomePageTests@25bbe1b6]" name="setupClass" is-config="true" duration-ms="6200" started-at="2019-01-24T15:20:09Z" finished-at="2019-01-24T15:20:15Z">
          <reporter-output>
          </reporter-output>
        </test-method> <!-- setupClass -->
        <test-method status="PASS" signature="TestSearchHomeByEnter()[pri:0, instance:uk.co.idealflatmate.tests.SearchHomePageTests@25bbe1b6]" name="TestSearchHomeByEnter" duration-ms="9726" started-at="2019-01-24T15:20:15Z" finished-at="2019-01-24T15:20:24Z">
          <reporter-output>
          </reporter-output>
        </test-method> <!-- TestSearchHomeByEnter -->
        <test-method status="PASS" signature="searchHomeByButton()[pri:0, instance:uk.co.idealflatmate.tests.SearchHomePageTests@25bbe1b6]" name="searchHomeByButton" duration-ms="10794" started-at="2019-01-24T15:20:24Z" finished-at="2019-01-24T15:20:35Z">
          <reporter-output>
          </reporter-output>
        </test-method> <!-- searchHomeByButton -->
        <test-method status="PASS" signature="searchHomeIDProperty()[pri:0, instance:uk.co.idealflatmate.tests.SearchHomePageTests@25bbe1b6]" name="searchHomeIDProperty" duration-ms="10502" started-at="2019-01-24T15:20:35Z" finished-at="2019-01-24T15:20:46Z">
          <reporter-output>
          </reporter-output>
        </test-method> <!-- searchHomeIDProperty -->
        <test-method status="PASS" signature="searchHomeLocationFromList()[pri:0, instance:uk.co.idealflatmate.tests.SearchHomePageTests@25bbe1b6]" name="searchHomeLocationFromList" duration-ms="8578" started-at="2019-01-24T15:20:46Z" finished-at="2019-01-24T15:20:54Z">
          <reporter-output>
          </reporter-output>
        </test-method> <!-- searchHomeLocationFromList -->
        <test-method status="PASS" signature="searchHomePartOfLocationName()[pri:0, instance:uk.co.idealflatmate.tests.SearchHomePageTests@25bbe1b6]" name="searchHomePartOfLocationName" duration-ms="8738" started-at="2019-01-24T15:20:54Z" finished-at="2019-01-24T15:21:03Z">
          <reporter-output>
          </reporter-output>
        </test-method> <!-- searchHomePartOfLocationName -->
        <test-method status="PASS" signature="tearDown()[pri:0, instance:uk.co.idealflatmate.tests.SearchHomePageTests@25bbe1b6]" name="tearDown" is-config="true" duration-ms="795" started-at="2019-01-24T15:21:03Z" finished-at="2019-01-24T15:21:04Z">
          <reporter-output>
          </reporter-output>
        </test-method> <!-- tearDown -->
      </class> <!-- uk.co.idealflatmate.tests.SearchHomePageTests -->
      <class name="uk.co.idealflatmate.tests.AreaPageTest">
        <test-method status="PASS" signature="setupClass()[pri:0, instance:uk.co.idealflatmate.tests.AreaPageTest@5cb9f472]" name="setupClass" is-config="true" duration-ms="6734" started-at="2019-01-24T15:04:10Z" finished-at="2019-01-24T15:04:17Z">
          <reporter-output>
          </reporter-output>
        </test-method> <!-- setupClass -->
        <test-method status="PASS" signature="exploreMoreArea()[pri:0, instance:uk.co.idealflatmate.tests.AreaPageTest@5cb9f472]" name="exploreMoreArea" duration-ms="14872" started-at="2019-01-24T15:04:17Z" finished-at="2019-01-24T15:04:32Z">
          <reporter-output>
          </reporter-output>
        </test-method> <!-- exploreMoreArea -->
        <test-method status="PASS" signature="firstFeaturedHomePageHeader()[pri:0, instance:uk.co.idealflatmate.tests.AreaPageTest@5cb9f472]" name="firstFeaturedHomePageHeader" duration-ms="19576" started-at="2019-01-24T15:04:32Z" finished-at="2019-01-24T15:04:52Z">
          <reporter-output>
          </reporter-output>
        </test-method> <!-- firstFeaturedHomePageHeader -->
        <test-method status="PASS" signature="firstFeaturedLinkArea()[pri:0, instance:uk.co.idealflatmate.tests.AreaPageTest@5cb9f472]" name="firstFeaturedLinkArea" duration-ms="14786" started-at="2019-01-24T15:04:52Z" finished-at="2019-01-24T15:05:06Z">
          <reporter-output>
          </reporter-output>
        </test-method> <!-- firstFeaturedLinkArea -->
        <test-method status="PASS" signature="firstFeaturedLinkMap()[pri:0, instance:uk.co.idealflatmate.tests.AreaPageTest@5cb9f472]" name="firstFeaturedLinkMap" duration-ms="11617" started-at="2019-01-24T15:05:06Z" finished-at="2019-01-24T15:05:18Z">
          <reporter-output>
          </reporter-output>
        </test-method> <!-- firstFeaturedLinkMap -->
        <test-method status="PASS" signature="linkFH()[pri:0, instance:uk.co.idealflatmate.tests.AreaPageTest@5cb9f472]" name="linkFH" duration-ms="14180" started-at="2019-01-24T15:05:18Z" finished-at="2019-01-24T15:05:32Z">
          <reporter-output>
          </reporter-output>
        </test-method> <!-- linkFH -->
        <test-method status="FAIL" signature="seeMoreRooms()[pri:0, instance:uk.co.idealflatmate.tests.AreaPageTest@5cb9f472]" name="seeMoreRooms" duration-ms="30387" started-at="2019-01-24T15:05:32Z" finished-at="2019-01-24T15:06:03Z">
          <exception class="com.codeborne.selenide.ex.ElementNotFound">
            <message>
              <![CDATA[Element not found {By.xpath: //span[@class='map-toggle-button open-map-button']}
Expected: exist]]>
            </message>
            <full-stacktrace>
              <![CDATA[Element not found {By.xpath: //span[@class='map-toggle-button open-map-button']}
Expected: exist
Screenshot: file:/C:/Users/lukhovytskyi/Documents/GitHub/idealflatmatetest/build/reports/tests/1548342361199.3.png
Page source: file:/C:/Users/lukhovytskyi/Documents/GitHub/idealflatmatetest/build/reports/tests/1548342361199.3.html
Timeout: 10 s.
Caused by: WebDriverException: unknown error: Element <span class="map-toggle-button open-map-button">...</span> is not clickable at point (1835, 497). Other element would receive the click: <div role="dialog" tabindex="-1" id="signupNeedspaceModal" class="modal fade in" style="overflow-y: scroll; display: block;">...</div>
at com.codeborne.selenide.impl.WebElementSource.createElementNotFoundError(WebElementSource.java:31)
at com.codeborne.selenide.impl.ElementFinder.createElementNotFoundError(ElementFinder.java:82)
at com.codeborne.selenide.impl.SelenideElementProxy.dispatchAndRetry(SelenideElementProxy.java:116)
at com.codeborne.selenide.impl.SelenideElementProxy.invoke(SelenideElementProxy.java:63)
at com.sun.proxy.$Proxy5.click(Unknown Source)
at uk.co.idealflatmate.appmanager.AreaPageHelper.mapAreaPageCheck(AreaPageHelper.java:93)
at uk.co.idealflatmate.appmanager.AreaPageHelper.checkLinkSeeMoreRooms(AreaPageHelper.java:75)
at uk.co.idealflatmate.tests.AreaPageTest.seeMoreRooms(AreaPageTest.java:50)
at sun.reflect.NativeMethodAccessorImpl.invoke0(Native Method)
at sun.reflect.NativeMethodAccessorImpl.invoke(NativeMethodAccessorImpl.java:62)
at sun.reflect.DelegatingMethodAccessorImpl.invoke(DelegatingMethodAccessorImpl.java:43)
at java.lang.reflect.Method.invoke(Method.java:498)
at org.testng.internal.MethodInvocationHelper.invokeMethod(MethodInvocationHelper.java:124)
at org.testng.internal.Invoker.invokeMethod(Invoker.java:583)
at org.testng.internal.Invoker.invokeTestMethod(Invoker.java:719)
at org.testng.internal.Invoker.invokeTestMethods(Invoker.java:989)
at org.testng.internal.TestMethodWorker.invokeTestMethods(TestMethodWorker.java:125)
at org.testng.internal.TestMethodWorker.run(TestMethodWorker.java:109)
at org.testng.TestRunner.privateRun(TestRunner.java:648)
at org.testng.TestRunner.run(TestRunner.java:505)
at org.testng.SuiteRunner.runTest(SuiteRunner.java:455)
at org.testng.SuiteRunner.runSequentially(SuiteRunner.java:450)
at org.testng.SuiteRunner.privateRun(SuiteRunner.java:415)
at org.testng.SuiteRunner.run(SuiteRunner.java:364)
at org.testng.SuiteRunnerWorker.runSuite(SuiteRunnerWorker.java:52)
at org.testng.SuiteRunnerWorker.run(SuiteRunnerWorker.java:84)
at org.testng.TestNG.runSuitesSequentially(TestNG.java:1208)
at org.testng.TestNG.runSuitesLocally(TestNG.java:1137)
at org.testng.TestNG.runSuites(TestNG.java:1049)
at org.testng.TestNG.run(TestNG.java:1017)
at org.apache.maven.surefire.testng.TestNGExecutor.run(TestNGExecutor.java:122)
at org.apache.maven.surefire.testng.TestNGXmlTestSuite.execute(TestNGXmlTestSuite.java:88)
at org.apache.maven.surefire.testng.TestNGProvider.invoke(TestNGProvider.java:104)
at sun.reflect.NativeMethodAccessorImpl.invoke0(Native Method)
at sun.reflect.NativeMethodAccessorImpl.invoke(NativeMethodAccessorImpl.java:62)
at sun.reflect.DelegatingMethodAccessorImpl.invoke(DelegatingMethodAccessorImpl.java:43)
at java.lang.reflect.Method.invoke(Method.java:498)
at org.apache.maven.surefire.booter.ProviderFactory$ClassLoaderProxy.invoke(ProviderFactory.java:103)
at com.sun.proxy.$Proxy0.invoke(Unknown Source)
at org.apache.maven.surefire.booter.SurefireStarter.invokeProvider(SurefireStarter.java:150)
at org.apache.maven.surefire.booter.SurefireStarter.runSuitesInProcess(SurefireStarter.java:91)
at org.apache.maven.surefire.booter.ForkedBooter.main(ForkedBooter.java:69)
Caused by: org.openqa.selenium.WebDriverException: unknown error: Element <span class="map-toggle-button open-map-button">...</span> is not clickable at point (1835, 497). Other element would receive the click: <div role="dialog" tabindex="-1" id="signupNeedspaceModal" class="modal fade in" style="overflow-y: scroll; display: block;">...</div>
  (Session info: chrome=71.0.3578.98)
  (Driver info: chromedriver=72.0.3626.69 (3c16f8a135abc0d4da2dff33804db79b849a7c38),platform=Windows NT 10.0.16299 x86_64) (WARNING: The server did not provide any stacktrace information)
Command duration or timeout: 0 milliseconds
Build info: version: '3.141.59', revision: 'e82be7d358', time: '2018-11-14T08:17:03'
System info: host: 'PRIVATE-1074', ip: '10.8.1.74', os.name: 'Windows 10', os.arch: 'amd64', os.version: '10.0', java.version: '1.8.0_152'
Driver info: org.openqa.selenium.chrome.ChromeDriver
Capabilities {acceptInsecureCerts: false, acceptSslCerts: false, applicationCacheEnabled: false, browserConnectionEnabled: false, browserName: chrome, chrome: {chromedriverVersion: 72.0.3626.69 (3c16f8a135abc..., userDataDir: C:\Users\LUKHOV~1\AppData\L...}, cssSelectorsEnabled: true, databaseEnabled: false, goog:chromeOptions: {debuggerAddress: localhost:56384}, handlesAlerts: true, hasTouchScreen: false, javascriptEnabled: true, locationContextEnabled: true, mobileEmulationEnabled: false, nativeEvents: true, networkConnectionEnabled: false, pageLoadStrategy: normal, platform: XP, platformName: XP, proxy: Proxy(), rotatable: false, setWindowRect: true, takesHeapSnapshot: true, takesScreenshot: true, timeouts: {implicit: 0, pageLoad: 300000, script: 30000}, unexpectedAlertBehaviour: ignore, unhandledPromptBehavior: ignore, version: 71.0.3578.98, webStorageEnabled: true}
Session ID: 1a986f7d9c0dafb4980d9708d08f0d5c
at sun.reflect.GeneratedConstructorAccessor15.newInstance(Unknown Source)
at sun.reflect.DelegatingConstructorAccessorImpl.newInstance(DelegatingConstructorAccessorImpl.java:45)
at java.lang.reflect.Constructor.newInstance(Constructor.java:423)
at org.openqa.selenium.remote.ErrorHandler.createThrowable(ErrorHandler.java:214)
at org.openqa.selenium.remote.ErrorHandler.throwIfResponseFailed(ErrorHandler.java:166)
at org.openqa.selenium.remote.http.JsonHttpResponseCodec.reconstructValue(JsonHttpResponseCodec.java:40)
at org.openqa.selenium.remote.http.AbstractHttpResponseCodec.decode(AbstractHttpResponseCodec.java:80)
at org.openqa.selenium.remote.http.AbstractHttpResponseCodec.decode(AbstractHttpResponseCodec.java:44)
at org.openqa.selenium.remote.HttpCommandExecutor.execute(HttpCommandExecutor.java:158)
at org.openqa.selenium.remote.service.DriverCommandExecutor.execute(DriverCommandExecutor.java:83)
at org.openqa.selenium.remote.RemoteWebDriver.execute(RemoteWebDriver.java:552)
at org.openqa.selenium.remote.RemoteWebElement.execute(RemoteWebElement.java:285)
at org.openqa.selenium.remote.RemoteWebElement.click(RemoteWebElement.java:84)
at com.codeborne.selenide.commands.Click.click(Click.java:29)
at com.codeborne.selenide.commands.Click.execute(Click.java:16)
at com.codeborne.selenide.commands.Click.execute(Click.java:12)
at com.codeborne.selenide.commands.Commands.execute(Commands.java:144)
at com.codeborne.selenide.impl.SelenideElementProxy.dispatchAndRetry(SelenideElementProxy.java:87)
... 39 more
]]>
            </full-stacktrace>
          </exception> <!-- com.codeborne.selenide.ex.ElementNotFound -->
          <reporter-output>
          </reporter-output>
        </test-method> <!-- seeMoreRooms -->
        <test-method status="PASS" signature="tearDown()[pri:0, instance:uk.co.idealflatmate.tests.AreaPageTest@5cb9f472]" name="tearDown" is-config="true" duration-ms="799" started-at="2019-01-24T15:06:03Z" finished-at="2019-01-24T15:06:03Z">
          <reporter-output>
          </reporter-output>
        </test-method> <!-- tearDown -->
      </class> <!-- uk.co.idealflatmate.tests.AreaPageTest -->
      <class name="uk.co.idealflatmate.tests.ZEmailTests">
        <test-method status="PASS" signature="setupClass()[pri:0, instance:uk.co.idealflatmate.tests.ZEmailTests@73846619]" name="setupClass" is-config="true" duration-ms="5453" started-at="2019-01-24T15:40:30Z" finished-at="2019-01-24T15:40:35Z">
          <reporter-output>
          </reporter-output>
        </test-method> <!-- setupClass -->
        <test-method status="FAIL" signature="TestSuccessfulEmailReceivingWelcomeListingMessageSubscriptionCancSub()[pri:0, instance:uk.co.idealflatmate.tests.ZEmailTests@73846619]" name="TestSuccessfulEmailReceivingWelcomeListingMessageSubscriptionCancSub" duration-ms="30267" started-at="2019-01-24T15:40:35Z" finished-at="2019-01-24T15:41:06Z">
          <exception class="com.codeborne.selenide.ex.ElementNotFound">
            <message>
              <![CDATA[Element not found {By.xpath: //span[contains(text(), 'AM') or contains(text(), 'PM')]//ancestor::tr//div//span[contains(text(), 'Premium Flathunter Subscription created')]//ancestor::tr//td/div[@role='checkbox']}
Expected: visible]]>
            </message>
            <full-stacktrace>
              <![CDATA[Element not found {By.xpath: //span[contains(text(), 'AM') or contains(text(), 'PM')]//ancestor::tr//div//span[contains(text(), 'Premium Flathunter Subscription created')]//ancestor::tr//td/div[@role='checkbox']}
Expected: visible
Screenshot: file:/C:/Users/lukhovytskyi/Documents/GitHub/idealflatmatetest/build/reports/tests/1548344465202.23.png
Page source: file:/C:/Users/lukhovytskyi/Documents/GitHub/idealflatmatetest/build/reports/tests/1548344465202.23.html
Timeout: 6 s.
Caused by: NoSuchElementException: no such element: Unable to locate element: {"method":"xpath","selector":"//span[contains(text(), 'AM') or contains(text(), 'PM')]//ancestor::tr//div//span[contains(text(), 'Premium Flathunter Subscription created')]//ancestor::tr//td/div[@role='checkbox']"}
at com.codeborne.selenide.impl.WebElementSource.createElementNotFoundError(WebElementSource.java:31)
at com.codeborne.selenide.impl.ElementFinder.createElementNotFoundError(ElementFinder.java:82)
at com.codeborne.selenide.impl.WebElementSource.checkCondition(WebElementSource.java:59)
at com.codeborne.selenide.commands.Should.should(Should.java:35)
at com.codeborne.selenide.commands.Should.execute(Should.java:29)
at com.codeborne.selenide.commands.Should.execute(Should.java:12)
at com.codeborne.selenide.commands.Commands.execute(Commands.java:144)
at com.codeborne.selenide.impl.SelenideElementProxy.dispatchAndRetry(SelenideElementProxy.java:87)
at com.codeborne.selenide.impl.SelenideElementProxy.invoke(SelenideElementProxy.java:63)
at com.sun.proxy.$Proxy5.waitUntil(Unknown Source)
at uk.co.idealflatmate.appmanager.EmailHelper.tipCheckboxPremiumFHSubscription(EmailHelper.java:78)
at uk.co.idealflatmate.tests.ZEmailTests.TestSuccessfulEmailReceivingWelcomeListingMessageSubscriptionCancSub(ZEmailTests.java:22)
at sun.reflect.NativeMethodAccessorImpl.invoke0(Native Method)
at sun.reflect.NativeMethodAccessorImpl.invoke(NativeMethodAccessorImpl.java:62)
at sun.reflect.DelegatingMethodAccessorImpl.invoke(DelegatingMethodAccessorImpl.java:43)
at java.lang.reflect.Method.invoke(Method.java:498)
at org.testng.internal.MethodInvocationHelper.invokeMethod(MethodInvocationHelper.java:124)
at org.testng.internal.Invoker.invokeMethod(Invoker.java:583)
at org.testng.internal.Invoker.invokeTestMethod(Invoker.java:719)
at org.testng.internal.Invoker.invokeTestMethods(Invoker.java:989)
at org.testng.internal.TestMethodWorker.invokeTestMethods(TestMethodWorker.java:125)
at org.testng.internal.TestMethodWorker.run(TestMethodWorker.java:109)
at org.testng.TestRunner.privateRun(TestRunner.java:648)
at org.testng.TestRunner.run(TestRunner.java:505)
at org.testng.SuiteRunner.runTest(SuiteRunner.java:455)
at org.testng.SuiteRunner.runSequentially(SuiteRunner.java:450)
at org.testng.SuiteRunner.privateRun(SuiteRunner.java:415)
at org.testng.SuiteRunner.run(SuiteRunner.java:364)
at org.testng.SuiteRunnerWorker.runSuite(SuiteRunnerWorker.java:52)
at org.testng.SuiteRunnerWorker.run(SuiteRunnerWorker.java:84)
at org.testng.TestNG.runSuitesSequentially(TestNG.java:1208)
at org.testng.TestNG.runSuitesLocally(TestNG.java:1137)
at org.testng.TestNG.runSuites(TestNG.java:1049)
at org.testng.TestNG.run(TestNG.java:1017)
at org.apache.maven.surefire.testng.TestNGExecutor.run(TestNGExecutor.java:122)
at org.apache.maven.surefire.testng.TestNGXmlTestSuite.execute(TestNGXmlTestSuite.java:88)
at org.apache.maven.surefire.testng.TestNGProvider.invoke(TestNGProvider.java:104)
at sun.reflect.NativeMethodAccessorImpl.invoke0(Native Method)
at sun.reflect.NativeMethodAccessorImpl.invoke(NativeMethodAccessorImpl.java:62)
at sun.reflect.DelegatingMethodAccessorImpl.invoke(DelegatingMethodAccessorImpl.java:43)
at java.lang.reflect.Method.invoke(Method.java:498)
at org.apache.maven.surefire.booter.ProviderFactory$ClassLoaderProxy.invoke(ProviderFactory.java:103)
at com.sun.proxy.$Proxy0.invoke(Unknown Source)
at org.apache.maven.surefire.booter.SurefireStarter.invokeProvider(SurefireStarter.java:150)
at org.apache.maven.surefire.booter.SurefireStarter.runSuitesInProcess(SurefireStarter.java:91)
at org.apache.maven.surefire.booter.ForkedBooter.main(ForkedBooter.java:69)
Caused by: org.openqa.selenium.NoSuchElementException: no such element: Unable to locate element: {"method":"xpath","selector":"//span[contains(text(), 'AM') or contains(text(), 'PM')]//ancestor::tr//div//span[contains(text(), 'Premium Flathunter Subscription created')]//ancestor::tr//td/div[@role='checkbox']"}
  (Session info: chrome=71.0.3578.98)
  (Driver info: chromedriver=72.0.3626.69 (3c16f8a135abc0d4da2dff33804db79b849a7c38),platform=Windows NT 10.0.16299 x86_64) (WARNING: The server did not provide any stacktrace information)
Command duration or timeout: 0 milliseconds
For documentation on this error, please visit: https://www.seleniumhq.org/exceptions/no_such_element.html
Build info: version: '3.141.59', revision: 'e82be7d358', time: '2018-11-14T08:17:03'
System info: host: 'PRIVATE-1074', ip: '10.8.1.74', os.name: 'Windows 10', os.arch: 'amd64', os.version: '10.0', java.version: '1.8.0_152'
Driver info: org.openqa.selenium.chrome.ChromeDriver
Capabilities {acceptInsecureCerts: false, acceptSslCerts: false, applicationCacheEnabled: false, browserConnectionEnabled: false, browserName: chrome, chrome: {chromedriverVersion: 72.0.3626.69 (3c16f8a135abc..., userDataDir: C:\Users\LUKHOV~1\AppData\L...}, cssSelectorsEnabled: true, databaseEnabled: false, goog:chromeOptions: {debuggerAddress: localhost:65147}, handlesAlerts: true, hasTouchScreen: false, javascriptEnabled: true, locationContextEnabled: true, mobileEmulationEnabled: false, nativeEvents: true, networkConnectionEnabled: false, pageLoadStrategy: normal, platform: XP, platformName: XP, proxy: Proxy(), rotatable: false, setWindowRect: true, takesHeapSnapshot: true, takesScreenshot: true, timeouts: {implicit: 0, pageLoad: 300000, script: 30000}, unexpectedAlertBehaviour: ignore, unhandledPromptBehavior: ignore, version: 71.0.3578.98, webStorageEnabled: true}
Session ID: 9e601ac9875ec28a54576dc7400176d9
*** Element info: {Using=xpath, value=//span[contains(text(), 'AM') or contains(text(), 'PM')]//ancestor::tr//div//span[contains(text(), 'Premium Flathunter Subscription created')]//ancestor::tr//td/div[@role='checkbox']}
at sun.reflect.GeneratedConstructorAccessor13.newInstance(Unknown Source)
at sun.reflect.DelegatingConstructorAccessorImpl.newInstance(DelegatingConstructorAccessorImpl.java:45)
at java.lang.reflect.Constructor.newInstance(Constructor.java:423)
at org.openqa.selenium.remote.ErrorHandler.createThrowable(ErrorHandler.java:214)
at org.openqa.selenium.remote.ErrorHandler.throwIfResponseFailed(ErrorHandler.java:166)
at org.openqa.selenium.remote.http.JsonHttpResponseCodec.reconstructValue(JsonHttpResponseCodec.java:40)
at org.openqa.selenium.remote.http.AbstractHttpResponseCodec.decode(AbstractHttpResponseCodec.java:80)
at org.openqa.selenium.remote.http.AbstractHttpResponseCodec.decode(AbstractHttpResponseCodec.java:44)
at org.openqa.selenium.remote.HttpCommandExecutor.execute(HttpCommandExecutor.java:158)
at org.openqa.selenium.remote.service.DriverCommandExecutor.execute(DriverCommandExecutor.java:83)
at org.openqa.selenium.remote.RemoteWebDriver.execute(RemoteWebDriver.java:552)
at org.openqa.selenium.remote.RemoteWebDriver.findElement(RemoteWebDriver.java:323)
at org.openqa.selenium.remote.RemoteWebDriver.findElementByXPath(RemoteWebDriver.java:428)
at org.openqa.selenium.By$ByXPath.findElement(By.java:353)
at org.openqa.selenium.remote.RemoteWebDriver.findElement(RemoteWebDriver.java:315)
at com.codeborne.selenide.impl.WebElementSelector.findElement(WebElementSelector.java:29)
at com.codeborne.selenide.impl.ElementFinder.getWebElement(ElementFinder.java:56)
at com.codeborne.selenide.impl.WebElementSource.checkCondition(WebElementSource.java:44)
... 43 more
]]>
            </full-stacktrace>
          </exception> <!-- com.codeborne.selenide.ex.ElementNotFound -->
          <reporter-output>
          </reporter-output>
        </test-method> <!-- TestSuccessfulEmailReceivingWelcomeListingMessageSubscriptionCancSub -->
        <test-method status="PASS" signature="tearDown()[pri:0, instance:uk.co.idealflatmate.tests.ZEmailTests@73846619]" name="tearDown" is-config="true" duration-ms="844" started-at="2019-01-24T15:41:06Z" finished-at="2019-01-24T15:41:06Z">
          <reporter-output>
          </reporter-output>
        </test-method> <!-- tearDown -->
      </class> <!-- uk.co.idealflatmate.tests.ZEmailTests -->
      <class name="uk.co.idealflatmate.tests.FooterTest">
        <test-method status="PASS" signature="setupClass()[pri:0, instance:uk.co.idealflatmate.tests.FooterTest@cb644e]" name="setupClass" is-config="true" duration-ms="5502" started-at="2019-01-24T15:06:03Z" finished-at="2019-01-24T15:06:09Z">
          <reporter-output>
          </reporter-output>
        </test-method> <!-- setupClass -->
        <test-method status="PASS" signature="footerAboutUsLink()[pri:0, instance:uk.co.idealflatmate.tests.FooterTest@cb644e]" name="footerAboutUsLink" duration-ms="3916" started-at="2019-01-24T15:06:09Z" finished-at="2019-01-24T15:06:13Z">
          <reporter-output>
          </reporter-output>
        </test-method> <!-- footerAboutUsLink -->
        <test-method status="PASS" signature="footerAskLandlord()[pri:0, instance:uk.co.idealflatmate.tests.FooterTest@cb644e]" name="footerAskLandlord" duration-ms="6470" started-at="2019-01-24T15:06:13Z" finished-at="2019-01-24T15:06:19Z">
          <reporter-output>
          </reporter-output>
        </test-method> <!-- footerAskLandlord -->
        <test-method status="PASS" signature="footerBlogLink()[pri:0, instance:uk.co.idealflatmate.tests.FooterTest@cb644e]" name="footerBlogLink" duration-ms="3935" started-at="2019-01-24T15:06:19Z" finished-at="2019-01-24T15:06:23Z">
          <reporter-output>
          </reporter-output>
        </test-method> <!-- footerBlogLink -->
        <test-method status="PASS" signature="footerBrowseFlatsharesLink()[pri:0, instance:uk.co.idealflatmate.tests.FooterTest@cb644e]" name="footerBrowseFlatsharesLink" duration-ms="15712" started-at="2019-01-24T15:06:23Z" finished-at="2019-01-24T15:06:39Z">
          <reporter-output>
          </reporter-output>
        </test-method> <!-- footerBrowseFlatsharesLink -->
        <test-method status="PASS" signature="footerBrowseHowItWorksLink()[pri:0, instance:uk.co.idealflatmate.tests.FooterTest@cb644e]" name="footerBrowseHowItWorksLink" duration-ms="10315" started-at="2019-01-24T15:06:39Z" finished-at="2019-01-24T15:06:49Z">
          <reporter-output>
          </reporter-output>
        </test-method> <!-- footerBrowseHowItWorksLink -->
        <test-method status="PASS" signature="footerBrowseTipsLink()[pri:0, instance:uk.co.idealflatmate.tests.FooterTest@cb644e]" name="footerBrowseTipsLink" duration-ms="3702" started-at="2019-01-24T15:06:49Z" finished-at="2019-01-24T15:06:53Z">
          <reporter-output>
          </reporter-output>
        </test-method> <!-- footerBrowseTipsLink -->
        <test-method status="PASS" signature="footerContactLink()[pri:0, instance:uk.co.idealflatmate.tests.FooterTest@cb644e]" name="footerContactLink" duration-ms="3861" started-at="2019-01-24T15:06:53Z" finished-at="2019-01-24T15:06:57Z">
          <reporter-output>
          </reporter-output>
        </test-method> <!-- footerContactLink -->
        <test-method status="PASS" signature="footerHomeLink()[pri:0, instance:uk.co.idealflatmate.tests.FooterTest@cb644e]" name="footerHomeLink" duration-ms="3976" started-at="2019-01-24T15:06:57Z" finished-at="2019-01-24T15:07:01Z">
          <reporter-output>
          </reporter-output>
        </test-method> <!-- footerHomeLink -->
        <test-method status="PASS" signature="footerInstagramLink()[pri:0, instance:uk.co.idealflatmate.tests.FooterTest@cb644e]" name="footerInstagramLink" duration-ms="1892" started-at="2019-01-24T15:07:01Z" finished-at="2019-01-24T15:07:03Z">
          <reporter-output>
          </reporter-output>
        </test-method> <!-- footerInstagramLink -->
        <test-method status="PASS" signature="footerMediaLink()[pri:0, instance:uk.co.idealflatmate.tests.FooterTest@cb644e]" name="footerMediaLink" duration-ms="10263" started-at="2019-01-24T15:07:03Z" finished-at="2019-01-24T15:07:13Z">
          <reporter-output>
          </reporter-output>
        </test-method> <!-- footerMediaLink -->
        <test-method status="PASS" signature="footerModern()[pri:0, instance:uk.co.idealflatmate.tests.FooterTest@cb644e]" name="footerModern" duration-ms="10772" started-at="2019-01-24T15:07:13Z" finished-at="2019-01-24T15:07:24Z">
          <reporter-output>
          </reporter-output>
        </test-method> <!-- footerModern -->
        <test-method status="PASS" signature="footerNLALink()[pri:0, instance:uk.co.idealflatmate.tests.FooterTest@cb644e]" name="footerNLALink" duration-ms="12710" started-at="2019-01-24T15:07:24Z" finished-at="2019-01-24T15:07:36Z">
          <reporter-output>
          </reporter-output>
        </test-method> <!-- footerNLALink -->
        <test-method status="PASS" signature="footerPressLink()[pri:0, instance:uk.co.idealflatmate.tests.FooterTest@cb644e]" name="footerPressLink" duration-ms="9878" started-at="2019-01-24T15:07:36Z" finished-at="2019-01-24T15:07:46Z">
          <reporter-output>
          </reporter-output>
        </test-method> <!-- footerPressLink -->
        <test-method status="PASS" signature="footerPricingLink()[pri:0, instance:uk.co.idealflatmate.tests.FooterTest@cb644e]" name="footerPricingLink" duration-ms="4056" started-at="2019-01-24T15:07:46Z" finished-at="2019-01-24T15:07:50Z">
          <reporter-output>
          </reporter-output>
        </test-method> <!-- footerPricingLink -->
        <test-method status="PASS" signature="footerStaySafeLink()[pri:0, instance:uk.co.idealflatmate.tests.FooterTest@cb644e]" name="footerStaySafeLink" duration-ms="3022" started-at="2019-01-24T15:07:50Z" finished-at="2019-01-24T15:07:53Z">
          <reporter-output>
          </reporter-output>
        </test-method> <!-- footerStaySafeLink -->
        <test-method status="PASS" signature="footerTwitterLink()[pri:0, instance:uk.co.idealflatmate.tests.FooterTest@cb644e]" name="footerTwitterLink" duration-ms="8558" started-at="2019-01-24T15:07:53Z" finished-at="2019-01-24T15:08:02Z">
          <reporter-output>
          </reporter-output>
        </test-method> <!-- footerTwitterLink -->
        <test-method status="PASS" signature="footerYoutubeLink()[pri:0, instance:uk.co.idealflatmate.tests.FooterTest@cb644e]" name="footerYoutubeLink" duration-ms="9514" started-at="2019-01-24T15:08:02Z" finished-at="2019-01-24T15:08:11Z">
          <reporter-output>
          </reporter-output>
        </test-method> <!-- footerYoutubeLink -->
        <test-method status="PASS" signature="tearDown()[pri:0, instance:uk.co.idealflatmate.tests.FooterTest@cb644e]" name="tearDown" is-config="true" duration-ms="753" started-at="2019-01-24T15:08:11Z" finished-at="2019-01-24T15:08:12Z">
          <reporter-output>
          </reporter-output>
        </test-method> <!-- tearDown -->
      </class> <!-- uk.co.idealflatmate.tests.FooterTest -->
      <class name="uk.co.idealflatmate.tests.PaymentTests">
        <test-method status="PASS" signature="setupClass()[pri:0, instance:uk.co.idealflatmate.tests.PaymentTests@1ed4004b]" name="setupClass" is-config="true" duration-ms="6520" started-at="2019-01-24T15:13:15Z" finished-at="2019-01-24T15:13:22Z">
          <reporter-output>
          </reporter-output>
        </test-method> <!-- setupClass -->
        <test-method status="PASS" signature="AbilityToSeePhone()[pri:0, instance:uk.co.idealflatmate.tests.PaymentTests@1ed4004b]" name="AbilityToSeePhone" duration-ms="17444" started-at="2019-01-24T15:13:22Z" finished-at="2019-01-24T15:13:39Z">
          <reporter-output>
          </reporter-output>
        </test-method> <!-- AbilityToSeePhone -->
        <test-method status="PASS" signature="GoPremiumFHPaymentOnMessage()[pri:0, instance:uk.co.idealflatmate.tests.PaymentTests@1ed4004b]" name="GoPremiumFHPaymentOnMessage" duration-ms="17695" started-at="2019-01-24T15:13:39Z" finished-at="2019-01-24T15:13:57Z">
          <reporter-output>
          </reporter-output>
        </test-method> <!-- GoPremiumFHPaymentOnMessage -->
        <test-method status="PASS" signature="GoPremiumFHPaymentOnPhone()[pri:0, instance:uk.co.idealflatmate.tests.PaymentTests@1ed4004b]" name="GoPremiumFHPaymentOnPhone" duration-ms="17919" started-at="2019-01-24T15:13:57Z" finished-at="2019-01-24T15:14:15Z">
          <reporter-output>
          </reporter-output>
        </test-method> <!-- GoPremiumFHPaymentOnPhone -->
        <test-method status="FAIL" signature="agentProfWorldPay()[pri:0, instance:uk.co.idealflatmate.tests.PaymentTests@1ed4004b]" name="agentProfWorldPay" duration-ms="25296" started-at="2019-01-24T15:14:15Z" finished-at="2019-01-24T15:14:40Z">
          <exception class="com.codeborne.selenide.ex.ElementNotFound">
            <message>
              <![CDATA[Element not found {By.xpath: //input[@id='moreinfosignupform-file']}
Expected: exist]]>
            </message>
            <full-stacktrace>
              <![CDATA[Element not found {By.xpath: //input[@id='moreinfosignupform-file']}
Expected: exist
Screenshot: file:/C:/Users/lukhovytskyi/Documents/GitHub/idealflatmatetest/build/reports/tests/1548342880038.7.png
Page source: file:/C:/Users/lukhovytskyi/Documents/GitHub/idealflatmatetest/build/reports/tests/1548342880038.7.html
Timeout: 10 s.
Caused by: NoSuchElementException: no such element: Unable to locate element: {"method":"xpath","selector":"//input[@id='moreinfosignupform-file']"}
at com.codeborne.selenide.impl.WebElementSource.createElementNotFoundError(WebElementSource.java:31)
at com.codeborne.selenide.impl.ElementFinder.createElementNotFoundError(ElementFinder.java:82)
at com.codeborne.selenide.impl.SelenideElementProxy.dispatchAndRetry(SelenideElementProxy.java:116)
at com.codeborne.selenide.impl.SelenideElementProxy.invoke(SelenideElementProxy.java:63)
at com.sun.proxy.$Proxy5.uploadFile(Unknown Source)
at uk.co.idealflatmate.appmanager.SignUpHelper.profilePhotoAddJpeg(SignUpHelper.java:107)
at uk.co.idealflatmate.appmanager.SignUpHelper.agentSignListing(SignUpHelper.java:460)
at uk.co.idealflatmate.tests.PaymentTests.agentProfWorldPay(PaymentTests.java:279)
at sun.reflect.NativeMethodAccessorImpl.invoke0(Native Method)
at sun.reflect.NativeMethodAccessorImpl.invoke(NativeMethodAccessorImpl.java:62)
at sun.reflect.DelegatingMethodAccessorImpl.invoke(DelegatingMethodAccessorImpl.java:43)
at java.lang.reflect.Method.invoke(Method.java:498)
at org.testng.internal.MethodInvocationHelper.invokeMethod(MethodInvocationHelper.java:124)
at org.testng.internal.Invoker.invokeMethod(Invoker.java:583)
at org.testng.internal.Invoker.invokeTestMethod(Invoker.java:719)
at org.testng.internal.Invoker.invokeTestMethods(Invoker.java:989)
at org.testng.internal.TestMethodWorker.invokeTestMethods(TestMethodWorker.java:125)
at org.testng.internal.TestMethodWorker.run(TestMethodWorker.java:109)
at org.testng.TestRunner.privateRun(TestRunner.java:648)
at org.testng.TestRunner.run(TestRunner.java:505)
at org.testng.SuiteRunner.runTest(SuiteRunner.java:455)
at org.testng.SuiteRunner.runSequentially(SuiteRunner.java:450)
at org.testng.SuiteRunner.privateRun(SuiteRunner.java:415)
at org.testng.SuiteRunner.run(SuiteRunner.java:364)
at org.testng.SuiteRunnerWorker.runSuite(SuiteRunnerWorker.java:52)
at org.testng.SuiteRunnerWorker.run(SuiteRunnerWorker.java:84)
at org.testng.TestNG.runSuitesSequentially(TestNG.java:1208)
at org.testng.TestNG.runSuitesLocally(TestNG.java:1137)
at org.testng.TestNG.runSuites(TestNG.java:1049)
at org.testng.TestNG.run(TestNG.java:1017)
at org.apache.maven.surefire.testng.TestNGExecutor.run(TestNGExecutor.java:122)
at org.apache.maven.surefire.testng.TestNGXmlTestSuite.execute(TestNGXmlTestSuite.java:88)
at org.apache.maven.surefire.testng.TestNGProvider.invoke(TestNGProvider.java:104)
at sun.reflect.NativeMethodAccessorImpl.invoke0(Native Method)
at sun.reflect.NativeMethodAccessorImpl.invoke(NativeMethodAccessorImpl.java:62)
at sun.reflect.DelegatingMethodAccessorImpl.invoke(DelegatingMethodAccessorImpl.java:43)
at java.lang.reflect.Method.invoke(Method.java:498)
at org.apache.maven.surefire.booter.ProviderFactory$ClassLoaderProxy.invoke(ProviderFactory.java:103)
at com.sun.proxy.$Proxy0.invoke(Unknown Source)
at org.apache.maven.surefire.booter.SurefireStarter.invokeProvider(SurefireStarter.java:150)
at org.apache.maven.surefire.booter.SurefireStarter.runSuitesInProcess(SurefireStarter.java:91)
at org.apache.maven.surefire.booter.ForkedBooter.main(ForkedBooter.java:69)
Caused by: org.openqa.selenium.NoSuchElementException: no such element: Unable to locate element: {"method":"xpath","selector":"//input[@id='moreinfosignupform-file']"}
  (Session info: chrome=71.0.3578.98)
  (Driver info: chromedriver=72.0.3626.69 (3c16f8a135abc0d4da2dff33804db79b849a7c38),platform=Windows NT 10.0.16299 x86_64) (WARNING: The server did not provide any stacktrace information)
Command duration or timeout: 0 milliseconds
For documentation on this error, please visit: https://www.seleniumhq.org/exceptions/no_such_element.html
Build info: version: '3.141.59', revision: 'e82be7d358', time: '2018-11-14T08:17:03'
System info: host: 'PRIVATE-1074', ip: '10.8.1.74', os.name: 'Windows 10', os.arch: 'amd64', os.version: '10.0', java.version: '1.8.0_152'
Driver info: org.openqa.selenium.chrome.ChromeDriver
Capabilities {acceptInsecureCerts: false, acceptSslCerts: false, applicationCacheEnabled: false, browserConnectionEnabled: false, browserName: chrome, chrome: {chromedriverVersion: 72.0.3626.69 (3c16f8a135abc..., userDataDir: C:\Users\LUKHOV~1\AppData\L...}, cssSelectorsEnabled: true, databaseEnabled: false, goog:chromeOptions: {debuggerAddress: localhost:58868}, handlesAlerts: true, hasTouchScreen: false, javascriptEnabled: true, locationContextEnabled: true, mobileEmulationEnabled: false, nativeEvents: true, networkConnectionEnabled: false, pageLoadStrategy: normal, platform: XP, platformName: XP, proxy: Proxy(), rotatable: false, setWindowRect: true, takesHeapSnapshot: true, takesScreenshot: true, timeouts: {implicit: 0, pageLoad: 300000, script: 30000}, unexpectedAlertBehaviour: ignore, unhandledPromptBehavior: ignore, version: 71.0.3578.98, webStorageEnabled: true}
Session ID: 93999910f9d27b198f070e5758c4e5b6
*** Element info: {Using=xpath, value=//input[@id='moreinfosignupform-file']}
at sun.reflect.GeneratedConstructorAccessor13.newInstance(Unknown Source)
at sun.reflect.DelegatingConstructorAccessorImpl.newInstance(DelegatingConstructorAccessorImpl.java:45)
at java.lang.reflect.Constructor.newInstance(Constructor.java:423)
at org.openqa.selenium.remote.ErrorHandler.createThrowable(ErrorHandler.java:214)
at org.openqa.selenium.remote.ErrorHandler.throwIfResponseFailed(ErrorHandler.java:166)
at org.openqa.selenium.remote.http.JsonHttpResponseCodec.reconstructValue(JsonHttpResponseCodec.java:40)
at org.openqa.selenium.remote.http.AbstractHttpResponseCodec.decode(AbstractHttpResponseCodec.java:80)
at org.openqa.selenium.remote.http.AbstractHttpResponseCodec.decode(AbstractHttpResponseCodec.java:44)
at org.openqa.selenium.remote.HttpCommandExecutor.execute(HttpCommandExecutor.java:158)
at org.openqa.selenium.remote.service.DriverCommandExecutor.execute(DriverCommandExecutor.java:83)
at org.openqa.selenium.remote.RemoteWebDriver.execute(RemoteWebDriver.java:552)
at org.openqa.selenium.remote.RemoteWebDriver.findElement(RemoteWebDriver.java:323)
at org.openqa.selenium.remote.RemoteWebDriver.findElementByXPath(RemoteWebDriver.java:428)
at org.openqa.selenium.By$ByXPath.findElement(By.java:353)
at org.openqa.selenium.remote.RemoteWebDriver.findElement(RemoteWebDriver.java:315)
at com.codeborne.selenide.impl.WebElementSelector.findElement(WebElementSelector.java:29)
at com.codeborne.selenide.impl.ElementFinder.getWebElement(ElementFinder.java:56)
at com.codeborne.selenide.commands.UploadFile.execute(UploadFile.java:28)
at com.codeborne.selenide.commands.UploadFile.execute(UploadFile.java:14)
at com.codeborne.selenide.commands.Commands.execute(Commands.java:144)
at com.codeborne.selenide.impl.SelenideElementProxy.dispatchAndRetry(SelenideElementProxy.java:87)
... 39 more
]]>
            </full-stacktrace>
          </exception> <!-- com.codeborne.selenide.ex.ElementNotFound -->
          <reporter-output>
          </reporter-output>
        </test-method> <!-- agentProfWorldPay -->
        <test-method status="FAIL" signature="lordInWorldPaidListingProf()[pri:0, instance:uk.co.idealflatmate.tests.PaymentTests@1ed4004b]" name="lordInWorldPaidListingProf" duration-ms="32289" started-at="2019-01-24T15:14:40Z" finished-at="2019-01-24T15:15:12Z">
          <exception class="com.codeborne.selenide.ex.ElementNotFound">
            <message>
              <![CDATA[Element not found {By.xpath: //input[@id='moreinfosignupform-file']}
Expected: exist]]>
            </message>
            <full-stacktrace>
              <![CDATA[Element not found {By.xpath: //input[@id='moreinfosignupform-file']}
Expected: exist
Screenshot: file:/C:/Users/lukhovytskyi/Documents/GitHub/idealflatmatetest/build/reports/tests/1548342912335.9.png
Page source: file:/C:/Users/lukhovytskyi/Documents/GitHub/idealflatmatetest/build/reports/tests/1548342912335.9.html
Timeout: 10 s.
Caused by: NoSuchElementException: no such element: Unable to locate element: {"method":"xpath","selector":"//input[@id='moreinfosignupform-file']"}
at com.codeborne.selenide.impl.WebElementSource.createElementNotFoundError(WebElementSource.java:31)
at com.codeborne.selenide.impl.ElementFinder.createElementNotFoundError(ElementFinder.java:82)
at com.codeborne.selenide.impl.SelenideElementProxy.dispatchAndRetry(SelenideElementProxy.java:116)
at com.codeborne.selenide.impl.SelenideElementProxy.invoke(SelenideElementProxy.java:63)
at com.sun.proxy.$Proxy5.uploadFile(Unknown Source)
at uk.co.idealflatmate.appmanager.SignUpHelper.profilePhotoAddJpeg(SignUpHelper.java:107)
at uk.co.idealflatmate.appmanager.SignUpHelper.signListingLiveIn(SignUpHelper.java:424)
at uk.co.idealflatmate.tests.PaymentTests.lordInWorldPaidListingProf(PaymentTests.java:225)
at sun.reflect.NativeMethodAccessorImpl.invoke0(Native Method)
at sun.reflect.NativeMethodAccessorImpl.invoke(NativeMethodAccessorImpl.java:62)
at sun.reflect.DelegatingMethodAccessorImpl.invoke(DelegatingMethodAccessorImpl.java:43)
at java.lang.reflect.Method.invoke(Method.java:498)
at org.testng.internal.MethodInvocationHelper.invokeMethod(MethodInvocationHelper.java:124)
at org.testng.internal.Invoker.invokeMethod(Invoker.java:583)
at org.testng.internal.Invoker.invokeTestMethod(Invoker.java:719)
at org.testng.internal.Invoker.invokeTestMethods(Invoker.java:989)
at org.testng.internal.TestMethodWorker.invokeTestMethods(TestMethodWorker.java:125)
at org.testng.internal.TestMethodWorker.run(TestMethodWorker.java:109)
at org.testng.TestRunner.privateRun(TestRunner.java:648)
at org.testng.TestRunner.run(TestRunner.java:505)
at org.testng.SuiteRunner.runTest(SuiteRunner.java:455)
at org.testng.SuiteRunner.runSequentially(SuiteRunner.java:450)
at org.testng.SuiteRunner.privateRun(SuiteRunner.java:415)
at org.testng.SuiteRunner.run(SuiteRunner.java:364)
at org.testng.SuiteRunnerWorker.runSuite(SuiteRunnerWorker.java:52)
at org.testng.SuiteRunnerWorker.run(SuiteRunnerWorker.java:84)
at org.testng.TestNG.runSuitesSequentially(TestNG.java:1208)
at org.testng.TestNG.runSuitesLocally(TestNG.java:1137)
at org.testng.TestNG.runSuites(TestNG.java:1049)
at org.testng.TestNG.run(TestNG.java:1017)
at org.apache.maven.surefire.testng.TestNGExecutor.run(TestNGExecutor.java:122)
at org.apache.maven.surefire.testng.TestNGXmlTestSuite.execute(TestNGXmlTestSuite.java:88)
at org.apache.maven.surefire.testng.TestNGProvider.invoke(TestNGProvider.java:104)
at sun.reflect.NativeMethodAccessorImpl.invoke0(Native Method)
at sun.reflect.NativeMethodAccessorImpl.invoke(NativeMethodAccessorImpl.java:62)
at sun.reflect.DelegatingMethodAccessorImpl.invoke(DelegatingMethodAccessorImpl.java:43)
at java.lang.reflect.Method.invoke(Method.java:498)
at org.apache.maven.surefire.booter.ProviderFactory$ClassLoaderProxy.invoke(ProviderFactory.java:103)
at com.sun.proxy.$Proxy0.invoke(Unknown Source)
at org.apache.maven.surefire.booter.SurefireStarter.invokeProvider(SurefireStarter.java:150)
at org.apache.maven.surefire.booter.SurefireStarter.runSuitesInProcess(SurefireStarter.java:91)
at org.apache.maven.surefire.booter.ForkedBooter.main(ForkedBooter.java:69)
Caused by: org.openqa.selenium.NoSuchElementException: no such element: Unable to locate element: {"method":"xpath","selector":"//input[@id='moreinfosignupform-file']"}
  (Session info: chrome=71.0.3578.98)
  (Driver info: chromedriver=72.0.3626.69 (3c16f8a135abc0d4da2dff33804db79b849a7c38),platform=Windows NT 10.0.16299 x86_64) (WARNING: The server did not provide any stacktrace information)
Command duration or timeout: 0 milliseconds
For documentation on this error, please visit: https://www.seleniumhq.org/exceptions/no_such_element.html
Build info: version: '3.141.59', revision: 'e82be7d358', time: '2018-11-14T08:17:03'
System info: host: 'PRIVATE-1074', ip: '10.8.1.74', os.name: 'Windows 10', os.arch: 'amd64', os.version: '10.0', java.version: '1.8.0_152'
Driver info: org.openqa.selenium.chrome.ChromeDriver
Capabilities {acceptInsecureCerts: false, acceptSslCerts: false, applicationCacheEnabled: false, browserConnectionEnabled: false, browserName: chrome, chrome: {chromedriverVersion: 72.0.3626.69 (3c16f8a135abc..., userDataDir: C:\Users\LUKHOV~1\AppData\L...}, cssSelectorsEnabled: true, databaseEnabled: false, goog:chromeOptions: {debuggerAddress: localhost:59227}, handlesAlerts: true, hasTouchScreen: false, javascriptEnabled: true, locationContextEnabled: true, mobileEmulationEnabled: false, nativeEvents: true, networkConnectionEnabled: false, pageLoadStrategy: normal, platform: XP, platformName: XP, proxy: Proxy(), rotatable: false, setWindowRect: true, takesHeapSnapshot: true, takesScreenshot: true, timeouts: {implicit: 0, pageLoad: 300000, script: 30000}, unexpectedAlertBehaviour: ignore, unhandledPromptBehavior: ignore, version: 71.0.3578.98, webStorageEnabled: true}
Session ID: 40fed92cd4c0ec8c1dadf520fc805708
*** Element info: {Using=xpath, value=//input[@id='moreinfosignupform-file']}
at sun.reflect.GeneratedConstructorAccessor13.newInstance(Unknown Source)
at sun.reflect.DelegatingConstructorAccessorImpl.newInstance(DelegatingConstructorAccessorImpl.java:45)
at java.lang.reflect.Constructor.newInstance(Constructor.java:423)
at org.openqa.selenium.remote.ErrorHandler.createThrowable(ErrorHandler.java:214)
at org.openqa.selenium.remote.ErrorHandler.throwIfResponseFailed(ErrorHandler.java:166)
at org.openqa.selenium.remote.http.JsonHttpResponseCodec.reconstructValue(JsonHttpResponseCodec.java:40)
at org.openqa.selenium.remote.http.AbstractHttpResponseCodec.decode(AbstractHttpResponseCodec.java:80)
at org.openqa.selenium.remote.http.AbstractHttpResponseCodec.decode(AbstractHttpResponseCodec.java:44)
at org.openqa.selenium.remote.HttpCommandExecutor.execute(HttpCommandExecutor.java:158)
at org.openqa.selenium.remote.service.DriverCommandExecutor.execute(DriverCommandExecutor.java:83)
at org.openqa.selenium.remote.RemoteWebDriver.execute(RemoteWebDriver.java:552)
at org.openqa.selenium.remote.RemoteWebDriver.findElement(RemoteWebDriver.java:323)
at org.openqa.selenium.remote.RemoteWebDriver.findElementByXPath(RemoteWebDriver.java:428)
at org.openqa.selenium.By$ByXPath.findElement(By.java:353)
at org.openqa.selenium.remote.RemoteWebDriver.findElement(RemoteWebDriver.java:315)
at com.codeborne.selenide.impl.WebElementSelector.findElement(WebElementSelector.java:29)
at com.codeborne.selenide.impl.ElementFinder.getWebElement(ElementFinder.java:56)
at com.codeborne.selenide.commands.UploadFile.execute(UploadFile.java:28)
at com.codeborne.selenide.commands.UploadFile.execute(UploadFile.java:14)
at com.codeborne.selenide.commands.Commands.execute(Commands.java:144)
at com.codeborne.selenide.impl.SelenideElementProxy.dispatchAndRetry(SelenideElementProxy.java:87)
... 39 more
]]>
            </full-stacktrace>
          </exception> <!-- com.codeborne.selenide.ex.ElementNotFound -->
          <reporter-output>
          </reporter-output>
        </test-method> <!-- lordInWorldPaidListingProf -->
        <test-method status="FAIL" signature="lordInWorldPaylistingEssen()[pri:0, instance:uk.co.idealflatmate.tests.PaymentTests@1ed4004b]" name="lordInWorldPaylistingEssen" duration-ms="31807" started-at="2019-01-24T15:15:12Z" finished-at="2019-01-24T15:15:44Z">
          <exception class="com.codeborne.selenide.ex.ElementNotFound">
            <message>
              <![CDATA[Element not found {By.xpath: //input[@id='moreinfosignupform-file']}
Expected: exist]]>
            </message>
            <full-stacktrace>
              <![CDATA[Element not found {By.xpath: //input[@id='moreinfosignupform-file']}
Expected: exist
Screenshot: file:/C:/Users/lukhovytskyi/Documents/GitHub/idealflatmatetest/build/reports/tests/1548342944127.11.png
Page source: file:/C:/Users/lukhovytskyi/Documents/GitHub/idealflatmatetest/build/reports/tests/1548342944127.11.html
Timeout: 10 s.
Caused by: NoSuchElementException: no such element: Unable to locate element: {"method":"xpath","selector":"//input[@id='moreinfosignupform-file']"}
at com.codeborne.selenide.impl.WebElementSource.createElementNotFoundError(WebElementSource.java:31)
at com.codeborne.selenide.impl.ElementFinder.createElementNotFoundError(ElementFinder.java:82)
at com.codeborne.selenide.impl.SelenideElementProxy.dispatchAndRetry(SelenideElementProxy.java:116)
at com.codeborne.selenide.impl.SelenideElementProxy.invoke(SelenideElementProxy.java:63)
at com.sun.proxy.$Proxy5.uploadFile(Unknown Source)
at uk.co.idealflatmate.appmanager.SignUpHelper.profilePhotoAddJpeg(SignUpHelper.java:107)
at uk.co.idealflatmate.appmanager.SignUpHelper.signListingLiveIn(SignUpHelper.java:424)
at uk.co.idealflatmate.tests.PaymentTests.lordInWorldPaylistingEssen(PaymentTests.java:114)
at sun.reflect.NativeMethodAccessorImpl.invoke0(Native Method)
at sun.reflect.NativeMethodAccessorImpl.invoke(NativeMethodAccessorImpl.java:62)
at sun.reflect.DelegatingMethodAccessorImpl.invoke(DelegatingMethodAccessorImpl.java:43)
at java.lang.reflect.Method.invoke(Method.java:498)
at org.testng.internal.MethodInvocationHelper.invokeMethod(MethodInvocationHelper.java:124)
at org.testng.internal.Invoker.invokeMethod(Invoker.java:583)
at org.testng.internal.Invoker.invokeTestMethod(Invoker.java:719)
at org.testng.internal.Invoker.invokeTestMethods(Invoker.java:989)
at org.testng.internal.TestMethodWorker.invokeTestMethods(TestMethodWorker.java:125)
at org.testng.internal.TestMethodWorker.run(TestMethodWorker.java:109)
at org.testng.TestRunner.privateRun(TestRunner.java:648)
at org.testng.TestRunner.run(TestRunner.java:505)
at org.testng.SuiteRunner.runTest(SuiteRunner.java:455)
at org.testng.SuiteRunner.runSequentially(SuiteRunner.java:450)
at org.testng.SuiteRunner.privateRun(SuiteRunner.java:415)
at org.testng.SuiteRunner.run(SuiteRunner.java:364)
at org.testng.SuiteRunnerWorker.runSuite(SuiteRunnerWorker.java:52)
at org.testng.SuiteRunnerWorker.run(SuiteRunnerWorker.java:84)
at org.testng.TestNG.runSuitesSequentially(TestNG.java:1208)
at org.testng.TestNG.runSuitesLocally(TestNG.java:1137)
at org.testng.TestNG.runSuites(TestNG.java:1049)
at org.testng.TestNG.run(TestNG.java:1017)
at org.apache.maven.surefire.testng.TestNGExecutor.run(TestNGExecutor.java:122)
at org.apache.maven.surefire.testng.TestNGXmlTestSuite.execute(TestNGXmlTestSuite.java:88)
at org.apache.maven.surefire.testng.TestNGProvider.invoke(TestNGProvider.java:104)
at sun.reflect.NativeMethodAccessorImpl.invoke0(Native Method)
at sun.reflect.NativeMethodAccessorImpl.invoke(NativeMethodAccessorImpl.java:62)
at sun.reflect.DelegatingMethodAccessorImpl.invoke(DelegatingMethodAccessorImpl.java:43)
at java.lang.reflect.Method.invoke(Method.java:498)
at org.apache.maven.surefire.booter.ProviderFactory$ClassLoaderProxy.invoke(ProviderFactory.java:103)
at com.sun.proxy.$Proxy0.invoke(Unknown Source)
at org.apache.maven.surefire.booter.SurefireStarter.invokeProvider(SurefireStarter.java:150)
at org.apache.maven.surefire.booter.SurefireStarter.runSuitesInProcess(SurefireStarter.java:91)
at org.apache.maven.surefire.booter.ForkedBooter.main(ForkedBooter.java:69)
Caused by: org.openqa.selenium.NoSuchElementException: no such element: Unable to locate element: {"method":"xpath","selector":"//input[@id='moreinfosignupform-file']"}
  (Session info: chrome=71.0.3578.98)
  (Driver info: chromedriver=72.0.3626.69 (3c16f8a135abc0d4da2dff33804db79b849a7c38),platform=Windows NT 10.0.16299 x86_64) (WARNING: The server did not provide any stacktrace information)
Command duration or timeout: 0 milliseconds
For documentation on this error, please visit: https://www.seleniumhq.org/exceptions/no_such_element.html
Build info: version: '3.141.59', revision: 'e82be7d358', time: '2018-11-14T08:17:03'
System info: host: 'PRIVATE-1074', ip: '10.8.1.74', os.name: 'Windows 10', os.arch: 'amd64', os.version: '10.0', java.version: '1.8.0_152'
Driver info: org.openqa.selenium.chrome.ChromeDriver
Capabilities {acceptInsecureCerts: false, acceptSslCerts: false, applicationCacheEnabled: false, browserConnectionEnabled: false, browserName: chrome, chrome: {chromedriverVersion: 72.0.3626.69 (3c16f8a135abc..., userDataDir: C:\Users\LUKHOV~1\AppData\L...}, cssSelectorsEnabled: true, databaseEnabled: false, goog:chromeOptions: {debuggerAddress: localhost:59378}, handlesAlerts: true, hasTouchScreen: false, javascriptEnabled: true, locationContextEnabled: true, mobileEmulationEnabled: false, nativeEvents: true, networkConnectionEnabled: false, pageLoadStrategy: normal, platform: XP, platformName: XP, proxy: Proxy(), rotatable: false, setWindowRect: true, takesHeapSnapshot: true, takesScreenshot: true, timeouts: {implicit: 0, pageLoad: 300000, script: 30000}, unexpectedAlertBehaviour: ignore, unhandledPromptBehavior: ignore, version: 71.0.3578.98, webStorageEnabled: true}
Session ID: 556d978362c20da4bc8aaffc249a76cf
*** Element info: {Using=xpath, value=//input[@id='moreinfosignupform-file']}
at sun.reflect.GeneratedConstructorAccessor13.newInstance(Unknown Source)
at sun.reflect.DelegatingConstructorAccessorImpl.newInstance(DelegatingConstructorAccessorImpl.java:45)
at java.lang.reflect.Constructor.newInstance(Constructor.java:423)
at org.openqa.selenium.remote.ErrorHandler.createThrowable(ErrorHandler.java:214)
at org.openqa.selenium.remote.ErrorHandler.throwIfResponseFailed(ErrorHandler.java:166)
at org.openqa.selenium.remote.http.JsonHttpResponseCodec.reconstructValue(JsonHttpResponseCodec.java:40)
at org.openqa.selenium.remote.http.AbstractHttpResponseCodec.decode(AbstractHttpResponseCodec.java:80)
at org.openqa.selenium.remote.http.AbstractHttpResponseCodec.decode(AbstractHttpResponseCodec.java:44)
at org.openqa.selenium.remote.HttpCommandExecutor.execute(HttpCommandExecutor.java:158)
at org.openqa.selenium.remote.service.DriverCommandExecutor.execute(DriverCommandExecutor.java:83)
at org.openqa.selenium.remote.RemoteWebDriver.execute(RemoteWebDriver.java:552)
at org.openqa.selenium.remote.RemoteWebDriver.findElement(RemoteWebDriver.java:323)
at org.openqa.selenium.remote.RemoteWebDriver.findElementByXPath(RemoteWebDriver.java:428)
at org.openqa.selenium.By$ByXPath.findElement(By.java:353)
at org.openqa.selenium.remote.RemoteWebDriver.findElement(RemoteWebDriver.java:315)
at com.codeborne.selenide.impl.WebElementSelector.findElement(WebElementSelector.java:29)
at com.codeborne.selenide.impl.ElementFinder.getWebElement(ElementFinder.java:56)
at com.codeborne.selenide.commands.UploadFile.execute(UploadFile.java:28)
at com.codeborne.selenide.commands.UploadFile.execute(UploadFile.java:14)
at com.codeborne.selenide.commands.Commands.execute(Commands.java:144)
at com.codeborne.selenide.impl.SelenideElementProxy.dispatchAndRetry(SelenideElementProxy.java:87)
... 39 more
]]>
            </full-stacktrace>
          </exception> <!-- com.codeborne.selenide.ex.ElementNotFound -->
          <reporter-output>
          </reporter-output>
        </test-method> <!-- lordInWorldPaylistingEssen -->
        <test-method status="FAIL" signature="lordOutWorldPaylistingPrem()[pri:0, instance:uk.co.idealflatmate.tests.PaymentTests@1ed4004b]" name="lordOutWorldPaylistingPrem" duration-ms="37075" started-at="2019-01-24T15:15:44Z" finished-at="2019-01-24T15:16:21Z">
          <exception class="com.codeborne.selenide.ex.ElementNotFound">
            <message>
              <![CDATA[Element not found {By.xpath: //input[@id='moreinfosignupform-file']}
Expected: exist]]>
            </message>
            <full-stacktrace>
              <![CDATA[Element not found {By.xpath: //input[@id='moreinfosignupform-file']}
Expected: exist
Screenshot: file:/C:/Users/lukhovytskyi/Documents/GitHub/idealflatmatetest/build/reports/tests/1548342981243.13.png
Page source: file:/C:/Users/lukhovytskyi/Documents/GitHub/idealflatmatetest/build/reports/tests/1548342981243.13.html
Timeout: 10 s.
Caused by: NoSuchElementException: no such element: Unable to locate element: {"method":"xpath","selector":"//input[@id='moreinfosignupform-file']"}
at com.codeborne.selenide.impl.WebElementSource.createElementNotFoundError(WebElementSource.java:31)
at com.codeborne.selenide.impl.ElementFinder.createElementNotFoundError(ElementFinder.java:82)
at com.codeborne.selenide.impl.SelenideElementProxy.dispatchAndRetry(SelenideElementProxy.java:116)
at com.codeborne.selenide.impl.SelenideElementProxy.invoke(SelenideElementProxy.java:63)
at com.sun.proxy.$Proxy5.uploadFile(Unknown Source)
at uk.co.idealflatmate.appmanager.SignUpHelper.profilePhotoAddJpeg(SignUpHelper.java:107)
at uk.co.idealflatmate.appmanager.SignUpHelper.signListingLiveOut(SignUpHelper.java:443)
at uk.co.idealflatmate.tests.PaymentTests.lordOutWorldPaylistingPrem(PaymentTests.java:166)
at sun.reflect.NativeMethodAccessorImpl.invoke0(Native Method)
at sun.reflect.NativeMethodAccessorImpl.invoke(NativeMethodAccessorImpl.java:62)
at sun.reflect.DelegatingMethodAccessorImpl.invoke(DelegatingMethodAccessorImpl.java:43)
at java.lang.reflect.Method.invoke(Method.java:498)
at org.testng.internal.MethodInvocationHelper.invokeMethod(MethodInvocationHelper.java:124)
at org.testng.internal.Invoker.invokeMethod(Invoker.java:583)
at org.testng.internal.Invoker.invokeTestMethod(Invoker.java:719)
at org.testng.internal.Invoker.invokeTestMethods(Invoker.java:989)
at org.testng.internal.TestMethodWorker.invokeTestMethods(TestMethodWorker.java:125)
at org.testng.internal.TestMethodWorker.run(TestMethodWorker.java:109)
at org.testng.TestRunner.privateRun(TestRunner.java:648)
at org.testng.TestRunner.run(TestRunner.java:505)
at org.testng.SuiteRunner.runTest(SuiteRunner.java:455)
at org.testng.SuiteRunner.runSequentially(SuiteRunner.java:450)
at org.testng.SuiteRunner.privateRun(SuiteRunner.java:415)
at org.testng.SuiteRunner.run(SuiteRunner.java:364)
at org.testng.SuiteRunnerWorker.runSuite(SuiteRunnerWorker.java:52)
at org.testng.SuiteRunnerWorker.run(SuiteRunnerWorker.java:84)
at org.testng.TestNG.runSuitesSequentially(TestNG.java:1208)
at org.testng.TestNG.runSuitesLocally(TestNG.java:1137)
at org.testng.TestNG.runSuites(TestNG.java:1049)
at org.testng.TestNG.run(TestNG.java:1017)
at org.apache.maven.surefire.testng.TestNGExecutor.run(TestNGExecutor.java:122)
at org.apache.maven.surefire.testng.TestNGXmlTestSuite.execute(TestNGXmlTestSuite.java:88)
at org.apache.maven.surefire.testng.TestNGProvider.invoke(TestNGProvider.java:104)
at sun.reflect.NativeMethodAccessorImpl.invoke0(Native Method)
at sun.reflect.NativeMethodAccessorImpl.invoke(NativeMethodAccessorImpl.java:62)
at sun.reflect.DelegatingMethodAccessorImpl.invoke(DelegatingMethodAccessorImpl.java:43)
at java.lang.reflect.Method.invoke(Method.java:498)
at org.apache.maven.surefire.booter.ProviderFactory$ClassLoaderProxy.invoke(ProviderFactory.java:103)
at com.sun.proxy.$Proxy0.invoke(Unknown Source)
at org.apache.maven.surefire.booter.SurefireStarter.invokeProvider(SurefireStarter.java:150)
at org.apache.maven.surefire.booter.SurefireStarter.runSuitesInProcess(SurefireStarter.java:91)
at org.apache.maven.surefire.booter.ForkedBooter.main(ForkedBooter.java:69)
Caused by: org.openqa.selenium.NoSuchElementException: no such element: Unable to locate element: {"method":"xpath","selector":"//input[@id='moreinfosignupform-file']"}
  (Session info: chrome=71.0.3578.98)
  (Driver info: chromedriver=72.0.3626.69 (3c16f8a135abc0d4da2dff33804db79b849a7c38),platform=Windows NT 10.0.16299 x86_64) (WARNING: The server did not provide any stacktrace information)
Command duration or timeout: 0 milliseconds
For documentation on this error, please visit: https://www.seleniumhq.org/exceptions/no_such_element.html
Build info: version: '3.141.59', revision: 'e82be7d358', time: '2018-11-14T08:17:03'
System info: host: 'PRIVATE-1074', ip: '10.8.1.74', os.name: 'Windows 10', os.arch: 'amd64', os.version: '10.0', java.version: '1.8.0_152'
Driver info: org.openqa.selenium.chrome.ChromeDriver
Capabilities {acceptInsecureCerts: false, acceptSslCerts: false, applicationCacheEnabled: false, browserConnectionEnabled: false, browserName: chrome, chrome: {chromedriverVersion: 72.0.3626.69 (3c16f8a135abc..., userDataDir: C:\Users\LUKHOV~1\AppData\L...}, cssSelectorsEnabled: true, databaseEnabled: false, goog:chromeOptions: {debuggerAddress: localhost:59534}, handlesAlerts: true, hasTouchScreen: false, javascriptEnabled: true, locationContextEnabled: true, mobileEmulationEnabled: false, nativeEvents: true, networkConnectionEnabled: false, pageLoadStrategy: normal, platform: XP, platformName: XP, proxy: Proxy(), rotatable: false, setWindowRect: true, takesHeapSnapshot: true, takesScreenshot: true, timeouts: {implicit: 0, pageLoad: 300000, script: 30000}, unexpectedAlertBehaviour: ignore, unhandledPromptBehavior: ignore, version: 71.0.3578.98, webStorageEnabled: true}
Session ID: e559496d4a4925e345b4a0d519b9145d
*** Element info: {Using=xpath, value=//input[@id='moreinfosignupform-file']}
at sun.reflect.GeneratedConstructorAccessor13.newInstance(Unknown Source)
at sun.reflect.DelegatingConstructorAccessorImpl.newInstance(DelegatingConstructorAccessorImpl.java:45)
at java.lang.reflect.Constructor.newInstance(Constructor.java:423)
at org.openqa.selenium.remote.ErrorHandler.createThrowable(ErrorHandler.java:214)
at org.openqa.selenium.remote.ErrorHandler.throwIfResponseFailed(ErrorHandler.java:166)
at org.openqa.selenium.remote.http.JsonHttpResponseCodec.reconstructValue(JsonHttpResponseCodec.java:40)
at org.openqa.selenium.remote.http.AbstractHttpResponseCodec.decode(AbstractHttpResponseCodec.java:80)
at org.openqa.selenium.remote.http.AbstractHttpResponseCodec.decode(AbstractHttpResponseCodec.java:44)
at org.openqa.selenium.remote.HttpCommandExecutor.execute(HttpCommandExecutor.java:158)
at org.openqa.selenium.remote.service.DriverCommandExecutor.execute(DriverCommandExecutor.java:83)
at org.openqa.selenium.remote.RemoteWebDriver.execute(RemoteWebDriver.java:552)
at org.openqa.selenium.remote.RemoteWebDriver.findElement(RemoteWebDriver.java:323)
at org.openqa.selenium.remote.RemoteWebDriver.findElementByXPath(RemoteWebDriver.java:428)
at org.openqa.selenium.By$ByXPath.findElement(By.java:353)
at org.openqa.selenium.remote.RemoteWebDriver.findElement(RemoteWebDriver.java:315)
at com.codeborne.selenide.impl.WebElementSelector.findElement(WebElementSelector.java:29)
at com.codeborne.selenide.impl.ElementFinder.getWebElement(ElementFinder.java:56)
at com.codeborne.selenide.commands.UploadFile.execute(UploadFile.java:28)
at com.codeborne.selenide.commands.UploadFile.execute(UploadFile.java:14)
at com.codeborne.selenide.commands.Commands.execute(Commands.java:144)
at com.codeborne.selenide.impl.SelenideElementProxy.dispatchAndRetry(SelenideElementProxy.java:87)
... 39 more
]]>
            </full-stacktrace>
          </exception> <!-- com.codeborne.selenide.ex.ElementNotFound -->
          <reporter-output>
          </reporter-output>
        </test-method> <!-- lordOutWorldPaylistingPrem -->
        <test-method status="FAIL" signature="premiumFHPaymentWorldPay()[pri:0, instance:uk.co.idealflatmate.tests.PaymentTests@1ed4004b]" name="premiumFHPaymentWorldPay" duration-ms="33077" started-at="2019-01-24T15:16:21Z" finished-at="2019-01-24T15:16:54Z">
          <exception class="com.codeborne.selenide.ex.ElementNotFound">
            <message>
              <![CDATA[Element not found {By.xpath: //input[@id='moreinfosignupform-file']}
Expected: exist]]>
            </message>
            <full-stacktrace>
              <![CDATA[Element not found {By.xpath: //input[@id='moreinfosignupform-file']}
Expected: exist
Screenshot: file:/C:/Users/lukhovytskyi/Documents/GitHub/idealflatmatetest/build/reports/tests/1548343014283.15.png
Page source: file:/C:/Users/lukhovytskyi/Documents/GitHub/idealflatmatetest/build/reports/tests/1548343014283.15.html
Timeout: 10 s.
Caused by: NoSuchElementException: no such element: Unable to locate element: {"method":"xpath","selector":"//input[@id='moreinfosignupform-file']"}
at com.codeborne.selenide.impl.WebElementSource.createElementNotFoundError(WebElementSource.java:31)
[...]
      <class name="uk.co.idealflatmate.tests.SignUpTest">
        <test-method status="PASS" signature="setupClass()[pri:0, instance:uk.co.idealflatmate.tests.SignUpTest@3159c4b8]" name="setupClass" is-config="true" duration-ms="6368" started-at="2019-01-24T15:33:40Z" finished-at="2019-01-24T15:33:46Z">
          <reporter-output>
          </reporter-output>
        </test-method> <!-- setupClass -->
        <test-method status="PASS" signature="ListingSignUpFromHomepage()[pri:0, instance:uk.co.idealflatmate.tests.SignUpTest@3159c4b8]" name="ListingSignUpFromHomepage" duration-ms="33139" started-at="2019-01-24T15:33:46Z" finished-at="2019-01-24T15:34:19Z">
          <reporter-output>
          </reporter-output>
        </test-method> <!-- ListingSignUpFromHomepage -->
        <test-method status="PASS" signature="ListingSignUpHeader()[pri:0, instance:uk.co.idealflatmate.tests.SignUpTest@3159c4b8]" name="ListingSignUpHeader" duration-ms="31257" started-at="2019-01-24T15:34:19Z" finished-at="2019-01-24T15:34:51Z">
          <reporter-output>
          </reporter-output>
        </test-method> <!-- ListingSignUpHeader -->
        <test-method status="PASS" signature="SignUpBlankFieldsPropAddRentBlock()[pri:0, instance:uk.co.idealflatmate.tests.SignUpTest@3159c4b8]" name="SignUpBlankFieldsPropAddRentBlock" duration-ms="7382" started-at="2019-01-24T15:34:51Z" finished-at="2019-01-24T15:34:58Z">
          <reporter-output>
          </reporter-output>
        </test-method> <!-- SignUpBlankFieldsPropAddRentBlock -->
        <test-method status="PASS" signature="SignUpBlankFieldsPropAddWorkBlock()[pri:0, instance:uk.co.idealflatmate.tests.SignUpTest@3159c4b8]" name="SignUpBlankFieldsPropAddWorkBlock" duration-ms="14328" started-at="2019-01-24T15:34:58Z" finished-at="2019-01-24T15:35:12Z">
          <reporter-output>
          </reporter-output>
        </test-method> <!-- SignUpBlankFieldsPropAddWorkBlock -->
        <test-method status="PASS" signature="headerRoomSignUpHomePageTenant()[pri:0, instance:uk.co.idealflatmate.tests.SignUpTest@3159c4b8]" name="headerRoomSignUpHomePageTenant" duration-ms="63413" started-at="2019-01-24T15:35:12Z" finished-at="2019-01-24T15:36:16Z">
          <reporter-output>
          </reporter-output>
        </test-method> <!-- headerRoomSignUpHomePageTenant -->
        <test-method status="PASS" signature="headerSignUpHomePageFMSearchLiv_inWithoutAbout()[pri:0, instance:uk.co.idealflatmate.tests.SignUpTest@3159c4b8]" name="headerSignUpHomePageFMSearchLiv_inWithoutAbout" duration-ms="34805" started-at="2019-01-24T15:36:16Z" finished-at="2019-01-24T15:36:51Z">
          <reporter-output>
          </reporter-output>
        </test-method> <!-- headerSignUpHomePageFMSearchLiv_inWithoutAbout -->
        <test-method status="PASS" signature="headerSignUpViaFacebook()[pri:0, instance:uk.co.idealflatmate.tests.SignUpTest@3159c4b8]" name="headerSignUpViaFacebook" duration-ms="44604" started-at="2019-01-24T15:36:51Z" finished-at="2019-01-24T15:37:35Z">
          <reporter-output>
          </reporter-output>
        </test-method> <!-- headerSignUpViaFacebook -->
        <test-method status="PASS" signature="headerSignUpWithBlankRequiredFieldsBudget()[pri:0, instance:uk.co.idealflatmate.tests.SignUpTest@3159c4b8]" name="headerSignUpWithBlankRequiredFieldsBudget" duration-ms="42961" started-at="2019-01-24T15:37:35Z" finished-at="2019-01-24T15:38:18Z">
          <reporter-output>
          </reporter-output>
        </test-method> <!-- headerSignUpWithBlankRequiredFieldsBudget -->
        <test-method status="PASS" signature="headerSignUpWithBlankRequiredFieldsLocation()[pri:0, instance:uk.co.idealflatmate.tests.SignUpTest@3159c4b8]" name="headerSignUpWithBlankRequiredFieldsLocation" duration-ms="33368" started-at="2019-01-24T15:38:18Z" finished-at="2019-01-24T15:38:51Z">
          <reporter-output>
          </reporter-output>
        </test-method> <!-- headerSignUpWithBlankRequiredFieldsLocation -->
        <test-method status="PASS" signature="headerSignUpWithBlankRequiredFieldsMoreAboutYou()[pri:0, instance:uk.co.idealflatmate.tests.SignUpTest@3159c4b8]" name="headerSignUpWithBlankRequiredFieldsMoreAboutYou" duration-ms="19045" started-at="2019-01-24T15:38:51Z" finished-at="2019-01-24T15:39:11Z">
          <reporter-output>
          </reporter-output>
        </test-method> <!-- headerSignUpWithBlankRequiredFieldsMoreAboutYou -->
        <test-method status="PASS" signature="headerSignUpWithBlankRequiredFieldsYourInf()[pri:0, instance:uk.co.idealflatmate.tests.SignUpTest@3159c4b8]" name="headerSignUpWithBlankRequiredFieldsYourInf" duration-ms="16317" started-at="2019-01-24T15:39:11Z" finished-at="2019-01-24T15:39:27Z">
          <reporter-output>
          </reporter-output>
        </test-method> <!-- headerSignUpWithBlankRequiredFieldsYourInf -->
        <test-method status="PASS" signature="headerSignUpWithExistingEmail()[pri:0, instance:uk.co.idealflatmate.tests.SignUpTest@3159c4b8]" name="headerSignUpWithExistingEmail" duration-ms="22209" started-at="2019-01-24T15:39:27Z" finished-at="2019-01-24T15:39:49Z">
          <reporter-output>
          </reporter-output>
        </test-method> <!-- headerSignUpWithExistingEmail -->
        <test-method status="PASS" signature="signUpViaFBlistingAgent()[pri:0, instance:uk.co.idealflatmate.tests.SignUpTest@3159c4b8]" name="signUpViaFBlistingAgent" duration-ms="40011" started-at="2019-01-24T15:39:49Z" finished-at="2019-01-24T15:40:29Z">
          <reporter-output>
          </reporter-output>
        </test-method> <!-- signUpViaFBlistingAgent -->
        <test-method status="PASS" signature="tearDown()[pri:0, instance:uk.co.idealflatmate.tests.SignUpTest@3159c4b8]" name="tearDown" is-config="true" duration-ms="823" started-at="2019-01-24T15:40:29Z" finished-at="2019-01-24T15:40:30Z">
          <reporter-output>
          </reporter-output>
        </test-method> <!-- tearDown -->
      </class> <!-- uk.co.idealflatmate.tests.SignUpTest -->
      <class name="uk.co.idealflatmate.tests.AddListingTests">
        <test-method status="PASS" signature="setupClass()[pri:0, instance:uk.co.idealflatmate.tests.AddListingTests@6e1567f1]" name="setupClass" is-config="true" duration-ms="15515" started-at="2019-01-24T14:58:40Z" finished-at="2019-01-24T14:58:55Z">
          <reporter-output>
          </reporter-output>
        </test-method> <!-- setupClass -->
        <test-method status="PASS" signature="loginPendingListing()[pri:0, instance:uk.co.idealflatmate.tests.AddListingTests@6e1567f1]" name="loginPendingListing" duration-ms="58661" started-at="2019-01-24T14:58:55Z" finished-at="2019-01-24T14:59:54Z">
          <reporter-output>
          </reporter-output>
        </test-method> <!-- loginPendingListing -->
        <test-method status="PASS" signature="loginStartListing()[pri:0, instance:uk.co.idealflatmate.tests.AddListingTests@6e1567f1]" name="loginStartListing" duration-ms="64205" started-at="2019-01-24T14:59:54Z" finished-at="2019-01-24T15:00:58Z">
          <reporter-output>
          </reporter-output>
        </test-method> <!-- loginStartListing -->
        <test-method status="PASS" signature="propertyAddWithAllFields()[pri:0, instance:uk.co.idealflatmate.tests.AddListingTests@6e1567f1]" name="propertyAddWithAllFields" duration-ms="124914" started-at="2019-01-24T15:00:58Z" finished-at="2019-01-24T15:03:03Z">
          <reporter-output>
          </reporter-output>
        </test-method> <!-- propertyAddWithAllFields -->
        <test-method status="FAIL" signature="signUpPropertyAdding()[pri:0, instance:uk.co.idealflatmate.tests.AddListingTests@6e1567f1]" name="signUpPropertyAdding" duration-ms="66192" started-at="2019-01-24T15:03:03Z" finished-at="2019-01-24T15:04:09Z">
          <exception class="com.codeborne.selenide.ex.ElementNotFound">
            <message>
              <![CDATA[Element not found {#property-bedrooms_no}
Expected: visible]]>
            </message>
            <full-stacktrace>
              <![CDATA[Element not found {#property-bedrooms_no}
Expected: visible
Screenshot: file:/C:/Users/lukhovytskyi/Documents/GitHub/idealflatmatetest/build/reports/tests/1548342248708.1.png
Page source: file:/C:/Users/lukhovytskyi/Documents/GitHub/idealflatmatetest/build/reports/tests/1548342248708.1.html
Timeout: 10 s.
Caused by: NoSuchElementException: no such element: Unable to locate element: {"method":"css selector","selector":"#property-bedrooms_no"}
at com.codeborne.selenide.impl.WebElementSource.createElementNotFoundError(WebElementSource.java:31)
at com.codeborne.selenide.impl.ElementFinder.createElementNotFoundError(ElementFinder.java:82)
at com.codeborne.selenide.impl.WebElementSource.checkCondition(WebElementSource.java:59)
at com.codeborne.selenide.impl.WebElementSource.findAndAssertElementIsVisible(WebElementSource.java:72)
at com.codeborne.selenide.commands.Click.execute(Click.java:16)
at com.codeborne.selenide.commands.Click.execute(Click.java:12)
at com.codeborne.selenide.commands.Commands.execute(Commands.java:144)
at com.codeborne.selenide.impl.SelenideElementProxy.dispatchAndRetry(SelenideElementProxy.java:87)
at com.codeborne.selenide.impl.SelenideElementProxy.invoke(SelenideElementProxy.java:63)
at com.sun.proxy.$Proxy5.click(Unknown Source)
at uk.co.idealflatmate.appmanager.AddPropertyHelper.setTotalBedrooms(AddPropertyHelper.java:108)
at uk.co.idealflatmate.appmanager.AddPropertyHelper.addListingWithoutPhoto(AddPropertyHelper.java:374)
at uk.co.idealflatmate.tests.AddListingTests.signUpPropertyAdding(AddListingTests.java:102)
at sun.reflect.NativeMethodAccessorImpl.invoke0(Native Method)
at sun.reflect.NativeMethodAccessorImpl.invoke(NativeMethodAccessorImpl.java:62)
at sun.reflect.DelegatingMethodAccessorImpl.invoke(DelegatingMethodAccessorImpl.java:43)
at java.lang.reflect.Method.invoke(Method.java:498)
at org.testng.internal.MethodInvocationHelper.invokeMethod(MethodInvocationHelper.java:124)
at org.testng.internal.Invoker.invokeMethod(Invoker.java:583)
at org.testng.internal.Invoker.invokeTestMethod(Invoker.java:719)
at org.testng.internal.Invoker.invokeTestMethods(Invoker.java:989)
at org.testng.internal.TestMethodWorker.invokeTestMethods(TestMethodWorker.java:125)
at org.testng.internal.TestMethodWorker.run(TestMethodWorker.java:109)
at org.testng.TestRunner.privateRun(TestRunner.java:648)
at org.testng.TestRunner.run(TestRunner.java:505)
at org.testng.SuiteRunner.runTest(SuiteRunner.java:455)
at org.testng.SuiteRunner.runSequentially(SuiteRunner.java:450)
at org.testng.SuiteRunner.privateRun(SuiteRunner.java:415)
at org.testng.SuiteRunner.run(SuiteRunner.java:364)
at org.testng.SuiteRunnerWorker.runSuite(SuiteRunnerWorker.java:52)
at org.testng.SuiteRunnerWorker.run(SuiteRunnerWorker.java:84)
at org.testng.TestNG.runSuitesSequentially(TestNG.java:1208)
at org.testng.TestNG.runSuitesLocally(TestNG.java:1137)
at org.testng.TestNG.runSuites(TestNG.java:1049)
at org.testng.TestNG.run(TestNG.java:1017)
at org.apache.maven.surefire.testng.TestNGExecutor.run(TestNGExecutor.java:122)
at org.apache.maven.surefire.testng.TestNGXmlTestSuite.execute(TestNGXmlTestSuite.java:88)
at org.apache.maven.surefire.testng.TestNGProvider.invoke(TestNGProvider.java:104)
at sun.reflect.NativeMethodAccessorImpl.invoke0(Native Method)
at sun.reflect.NativeMethodAccessorImpl.invoke(NativeMethodAccessorImpl.java:62)
at sun.reflect.DelegatingMethodAccessorImpl.invoke(DelegatingMethodAccessorImpl.java:43)
at java.lang.reflect.Method.invoke(Method.java:498)
at org.apache.maven.surefire.booter.ProviderFactory$ClassLoaderProxy.invoke(ProviderFactory.java:103)
at com.sun.proxy.$Proxy0.invoke(Unknown Source)
at org.apache.maven.surefire.booter.SurefireStarter.invokeProvider(SurefireStarter.java:150)
at org.apache.maven.surefire.booter.SurefireStarter.runSuitesInProcess(SurefireStarter.java:91)
at org.apache.maven.surefire.booter.ForkedBooter.main(ForkedBooter.java:69)
Caused by: org.openqa.selenium.NoSuchElementException: no such element: Unable to locate element: {"method":"css selector","selector":"#property-bedrooms_no"}
  (Session info: chrome=71.0.3578.98)
  (Driver info: chromedriver=72.0.3626.69 (3c16f8a135abc0d4da2dff33804db79b849a7c38),platform=Windows NT 10.0.16299 x86_64) (WARNING: The server did not provide any stacktrace information)
Command duration or timeout: 0 milliseconds
For documentation on this error, please visit: https://www.seleniumhq.org/exceptions/no_such_element.html
Build info: version: '3.141.59', revision: 'e82be7d358', time: '2018-11-14T08:17:03'
System info: host: 'PRIVATE-1074', ip: '10.8.1.74', os.name: 'Windows 10', os.arch: 'amd64', os.version: '10.0', java.version: '1.8.0_152'
Driver info: org.openqa.selenium.chrome.ChromeDriver
Capabilities {acceptInsecureCerts: false, acceptSslCerts: false, applicationCacheEnabled: false, browserConnectionEnabled: false, browserName: chrome, chrome: {chromedriverVersion: 72.0.3626.69 (3c16f8a135abc..., userDataDir: C:\Users\LUKHOV~1\AppData\L...}, cssSelectorsEnabled: true, databaseEnabled: false, goog:chromeOptions: {debuggerAddress: localhost:54892}, handlesAlerts: true, hasTouchScreen: false, javascriptEnabled: true, locationContextEnabled: true, mobileEmulationEnabled: false, nativeEvents: true, networkConnectionEnabled: false, pageLoadStrategy: normal, platform: XP, platformName: XP, proxy: Proxy(), rotatable: false, setWindowRect: true, takesHeapSnapshot: true, takesScreenshot: true, timeouts: {implicit: 0, pageLoad: 300000, script: 30000}, unexpectedAlertBehaviour: ignore, unhandledPromptBehavior: ignore, version: 71.0.3578.98, webStorageEnabled: true}
Session ID: 9653e83c068e83e40a2ffa82ebefa8e2
*** Element info: {Using=css selector, value=#property-bedrooms_no}
at sun.reflect.GeneratedConstructorAccessor13.newInstance(Unknown Source)
at sun.reflect.DelegatingConstructorAccessorImpl.newInstance(DelegatingConstructorAccessorImpl.java:45)
at java.lang.reflect.Constructor.newInstance(Constructor.java:423)
at org.openqa.selenium.remote.ErrorHandler.createThrowable(ErrorHandler.java:214)
at org.openqa.selenium.remote.ErrorHandler.throwIfResponseFailed(ErrorHandler.java:166)
at org.openqa.selenium.remote.http.JsonHttpResponseCodec.reconstructValue(JsonHttpResponseCodec.java:40)
at org.openqa.selenium.remote.http.AbstractHttpResponseCodec.decode(AbstractHttpResponseCodec.java:80)
at org.openqa.selenium.remote.http.AbstractHttpResponseCodec.decode(AbstractHttpResponseCodec.java:44)
at org.openqa.selenium.remote.HttpCommandExecutor.execute(HttpCommandExecutor.java:158)
at org.openqa.selenium.remote.service.DriverCommandExecutor.execute(DriverCommandExecutor.java:83)
at org.openqa.selenium.remote.RemoteWebDriver.execute(RemoteWebDriver.java:552)
at org.openqa.selenium.remote.RemoteWebDriver.findElement(RemoteWebDriver.java:323)
at org.openqa.selenium.remote.RemoteWebDriver.findElementByCssSelector(RemoteWebDriver.java:420)
at org.openqa.selenium.By$ByCssSelector.findElement(By.java:431)
at org.openqa.selenium.remote.RemoteWebDriver.findElement(RemoteWebDriver.java:315)
at com.codeborne.selenide.impl.WebElementSelector.findElement(WebElementSelector.java:29)
at com.codeborne.selenide.impl.ElementFinder.getWebElement(ElementFinder.java:56)
at com.codeborne.selenide.impl.WebElementSource.checkCondition(WebElementSource.java:44)
... 44 more
]]>
            </full-stacktrace>
          </exception> <!-- com.codeborne.selenide.ex.ElementNotFound -->
          <reporter-output>
          </reporter-output>
        </test-method> <!-- signUpPropertyAdding -->
        <test-method status="PASS" signature="tearDown()[pri:0, instance:uk.co.idealflatmate.tests.AddListingTests@6e1567f1]" name="tearDown" is-config="true" duration-ms="1165" started-at="2019-01-24T15:04:09Z" finished-at="2019-01-24T15:04:10Z">
          <reporter-output>
          </reporter-output>
        </test-method> <!-- tearDown -->
      </class> <!-- uk.co.idealflatmate.tests.AddListingTests -->
      <class name="uk.co.idealflatmate.tests.SearchPropertiesPageTests">
        <test-method status="PASS" signature="setupClass()[pri:0, instance:uk.co.idealflatmate.tests.SearchPropertiesPageTests@5702b3b1]" name="setupClass" is-config="true" duration-ms="5562" started-at="2019-01-24T15:21:04Z" finished-at="2019-01-24T15:21:09Z">
          <reporter-output>
          </reporter-output>
        </test-method> <!-- setupClass -->
        <test-method status="PASS" signature="applyAdvancedFiltersDefault()[pri:0, instance:uk.co.idealflatmate.tests.SearchPropertiesPageTests@5702b3b1]" name="applyAdvancedFiltersDefault" duration-ms="58191" started-at="2019-01-24T15:21:09Z" finished-at="2019-01-24T15:22:08Z">
          <reporter-output>
          </reporter-output>
        </test-method> <!-- applyAdvancedFiltersDefault -->
        <test-method status="PASS" signature="applyMoreFilters()[pri:0, instance:uk.co.idealflatmate.tests.SearchPropertiesPageTests@5702b3b1]" name="applyMoreFilters" duration-ms="11996" started-at="2019-01-24T15:22:08Z" finished-at="2019-01-24T15:22:20Z">
          <reporter-output>
          </reporter-output>
        </test-method> <!-- applyMoreFilters -->
        <test-method status="PASS" signature="propertySearchByDropDown()[pri:0, instance:uk.co.idealflatmate.tests.SearchPropertiesPageTests@5702b3b1]" name="propertySearchByDropDown" duration-ms="8954" started-at="2019-01-24T15:22:20Z" finished-at="2019-01-24T15:22:29Z">
          <reporter-output>
          </reporter-output>
        </test-method> <!-- propertySearchByDropDown -->
        <test-method status="PASS" signature="searchEastLDNPagination()[pri:0, instance:uk.co.idealflatmate.tests.SearchPropertiesPageTests@5702b3b1]" name="searchEastLDNPagination" duration-ms="27832" started-at="2019-01-24T15:22:29Z" finished-at="2019-01-24T15:22:56Z">
          <reporter-output>
          </reporter-output>
        </test-method> <!-- searchEastLDNPagination -->
        <test-method status="PASS" signature="searchPagination()[pri:0, instance:uk.co.idealflatmate.tests.SearchPropertiesPageTests@5702b3b1]" name="searchPagination" duration-ms="29544" started-at="2019-01-24T15:22:56Z" finished-at="2019-01-24T15:23:26Z">
          <reporter-output>
          </reporter-output>
        </test-method> <!-- searchPagination -->
        <test-method status="PASS" signature="searchZone1Pagination()[pri:0, instance:uk.co.idealflatmate.tests.SearchPropertiesPageTests@5702b3b1]" name="searchZone1Pagination" duration-ms="12504" started-at="2019-01-24T15:23:26Z" finished-at="2019-01-24T15:23:38Z">
          <reporter-output>
          </reporter-output>
        </test-method> <!-- searchZone1Pagination -->
        <test-method status="PASS" signature="sortListing()[pri:0, instance:uk.co.idealflatmate.tests.SearchPropertiesPageTests@5702b3b1]" name="sortListing" duration-ms="40671" started-at="2019-01-24T15:23:38Z" finished-at="2019-01-24T15:24:19Z">
          <reporter-output>
          </reporter-output>
        </test-method> <!-- sortListing -->
        <test-method status="PASS" signature="sortListingWith2Rooms()[pri:0, instance:uk.co.idealflatmate.tests.SearchPropertiesPageTests@5702b3b1]" name="sortListingWith2Rooms" duration-ms="7847" started-at="2019-01-24T15:24:19Z" finished-at="2019-01-24T15:24:27Z">
          <reporter-output>
          </reporter-output>
        </test-method> <!-- sortListingWith2Rooms -->
        <test-method status="PASS" signature="tearDown()[pri:0, instance:uk.co.idealflatmate.tests.SearchPropertiesPageTests@5702b3b1]" name="tearDown" is-config="true" duration-ms="888" started-at="2019-01-24T15:24:27Z" finished-at="2019-01-24T15:24:28Z">
          <reporter-output>
          </reporter-output>
        </test-method> <!-- tearDown -->
      </class> <!-- uk.co.idealflatmate.tests.SearchPropertiesPageTests -->
    </test> <!-- Test1 -->
  </suite> <!-- suite -->
</testng-results>
