<?xml version="1.0" encoding="UTF-8"?>
<testng-results skipped="0" failed="3" ignored="0" total="61" passed="58">
  <reporter-output>
  </reporter-output>
  <suite name="Surefire suite" duration-ms="4741778" started-at="2018-07-13T14:43:57Z" finished-at="2018-07-13T16:02:59Z">
    <groups>
    </groups>
    <test name="Surefire test" duration-ms="4741778" started-at="2018-07-13T14:43:57Z" finished-at="2018-07-13T16:02:59Z">
      <class name="uk.co.idealflatmate.tests.HomePageTest">
        <test-method status="PASS" signature="setupClass()[pri:0, instance:uk.co.idealflatmate.tests.HomePageTest@6be46e8f]" name="setupClass" is-config="true" duration-ms="33408" started-at="2018-07-13T18:18:02Z" finished-at="2018-07-13T18:18:35Z">
          <reporter-output>
          </reporter-output>
        </test-method> <!-- setupClass -->
        <test-method status="PASS" signature="blogFM()[pri:0, instance:uk.co.idealflatmate.tests.HomePageTest@6be46e8f]" name="blogFM" duration-ms="3880" started-at="2018-07-13T18:18:35Z" finished-at="2018-07-13T18:18:39Z">
          <reporter-output>
          </reporter-output>
        </test-method> <!-- blogFM -->
        <test-method status="PASS" signature="tearDown()[pri:0, instance:uk.co.idealflatmate.tests.HomePageTest@6be46e8f]" name="tearDown" is-config="true" duration-ms="7173" started-at="2018-07-13T18:18:39Z" finished-at="2018-07-13T18:18:46Z">
          <reporter-output>
          </reporter-output>
        </test-method> <!-- tearDown -->
        <test-method status="PASS" signature="setupClass()[pri:0, instance:uk.co.idealflatmate.tests.HomePageTest@6be46e8f]" name="setupClass" is-config="true" duration-ms="34806" started-at="2018-07-13T18:18:46Z" finished-at="2018-07-13T18:19:21Z">
          <reporter-output>
          </reporter-output>
        </test-method> <!-- setupClass -->
        <test-method status="PASS" signature="blogImgLink()[pri:0, instance:uk.co.idealflatmate.tests.HomePageTest@6be46e8f]" name="blogImgLink" duration-ms="6498" started-at="2018-07-13T18:19:21Z" finished-at="2018-07-13T18:19:28Z">
          <reporter-output>
          </reporter-output>
        </test-method> <!-- blogImgLink -->
        <test-method status="PASS" signature="tearDown()[pri:0, instance:uk.co.idealflatmate.tests.HomePageTest@6be46e8f]" name="tearDown" is-config="true" duration-ms="7020" started-at="2018-07-13T18:19:28Z" finished-at="2018-07-13T18:19:35Z">
          <reporter-output>
          </reporter-output>
        </test-method> <!-- tearDown -->
        <test-method status="PASS" signature="setupClass()[pri:0, instance:uk.co.idealflatmate.tests.HomePageTest@6be46e8f]" name="setupClass" is-config="true" duration-ms="51190" started-at="2018-07-13T18:19:35Z" finished-at="2018-07-13T18:20:26Z">
          <reporter-output>
          </reporter-output>
        </test-method> <!-- setupClass -->
        <test-method status="PASS" signature="blogLandlord()[pri:0, instance:uk.co.idealflatmate.tests.HomePageTest@6be46e8f]" name="blogLandlord" duration-ms="8228" started-at="2018-07-13T18:20:26Z" finished-at="2018-07-13T18:20:34Z">
          <reporter-output>
          </reporter-output>
        </test-method> <!-- blogLandlord -->
        <test-method status="PASS" signature="tearDown()[pri:0, instance:uk.co.idealflatmate.tests.HomePageTest@6be46e8f]" name="tearDown" is-config="true" duration-ms="7818" started-at="2018-07-13T18:20:34Z" finished-at="2018-07-13T18:20:42Z">
          <reporter-output>
          </reporter-output>
        </test-method> <!-- tearDown -->
        <test-method status="PASS" signature="setupClass()[pri:0, instance:uk.co.idealflatmate.tests.HomePageTest@6be46e8f]" name="setupClass" is-config="true" duration-ms="33480" started-at="2018-07-13T18:20:42Z" finished-at="2018-07-13T18:21:15Z">
          <reporter-output>
          </reporter-output>
        </test-method> <!-- setupClass -->
        <test-method status="PASS" signature="blogLordImgLink()[pri:0, instance:uk.co.idealflatmate.tests.HomePageTest@6be46e8f]" name="blogLordImgLink" duration-ms="5204" started-at="2018-07-13T18:21:15Z" finished-at="2018-07-13T18:21:21Z">
          <reporter-output>
          </reporter-output>
        </test-method> <!-- blogLordImgLink -->
        <test-method status="PASS" signature="tearDown()[pri:0, instance:uk.co.idealflatmate.tests.HomePageTest@6be46e8f]" name="tearDown" is-config="true" duration-ms="6700" started-at="2018-07-13T18:21:21Z" finished-at="2018-07-13T18:21:27Z">
          <reporter-output>
          </reporter-output>
        </test-method> <!-- tearDown -->
        <test-method status="PASS" signature="setupClass()[pri:0, instance:uk.co.idealflatmate.tests.HomePageTest@6be46e8f]" name="setupClass" is-config="true" duration-ms="67722" started-at="2018-07-13T18:21:27Z" finished-at="2018-07-13T18:22:35Z">
          <reporter-output>
          </reporter-output>
        </test-method> <!-- setupClass -->
        <test-method status="PASS" signature="blogTextFMLink()[pri:0, instance:uk.co.idealflatmate.tests.HomePageTest@6be46e8f]" name="blogTextFMLink" duration-ms="12021" started-at="2018-07-13T18:22:35Z" finished-at="2018-07-13T18:22:47Z">
          <reporter-output>
          </reporter-output>
        </test-method> <!-- blogTextFMLink -->
        <test-method status="PASS" signature="tearDown()[pri:0, instance:uk.co.idealflatmate.tests.HomePageTest@6be46e8f]" name="tearDown" is-config="true" duration-ms="6816" started-at="2018-07-13T18:22:47Z" finished-at="2018-07-13T18:22:54Z">
          <reporter-output>
          </reporter-output>
        </test-method> <!-- tearDown -->
        <test-method status="PASS" signature="setupClass()[pri:0, instance:uk.co.idealflatmate.tests.HomePageTest@6be46e8f]" name="setupClass" is-config="true" duration-ms="28213" started-at="2018-07-13T18:22:54Z" finished-at="2018-07-13T18:23:22Z">
          <reporter-output>
          </reporter-output>
        </test-method> <!-- setupClass -->
        <test-method status="PASS" signature="blogTextLordLink()[pri:0, instance:uk.co.idealflatmate.tests.HomePageTest@6be46e8f]" name="blogTextLordLink" duration-ms="12485" started-at="2018-07-13T18:23:22Z" finished-at="2018-07-13T18:23:35Z">
          <reporter-output>
          </reporter-output>
        </test-method> <!-- blogTextLordLink -->
        <test-method status="PASS" signature="tearDown()[pri:0, instance:uk.co.idealflatmate.tests.HomePageTest@6be46e8f]" name="tearDown" is-config="true" duration-ms="6673" started-at="2018-07-13T18:23:35Z" finished-at="2018-07-13T18:23:41Z">
          <reporter-output>
          </reporter-output>
        </test-method> <!-- tearDown -->
        <test-method status="PASS" signature="setupClass()[pri:0, instance:uk.co.idealflatmate.tests.HomePageTest@6be46e8f]" name="setupClass" is-config="true" duration-ms="57604" started-at="2018-07-13T18:23:41Z" finished-at="2018-07-13T18:24:39Z">
          <reporter-output>
          </reporter-output>
        </test-method> <!-- setupClass -->
        <test-method status="PASS" signature="findOutMore()[pri:0, instance:uk.co.idealflatmate.tests.HomePageTest@6be46e8f]" name="findOutMore" duration-ms="5979" started-at="2018-07-13T18:24:39Z" finished-at="2018-07-13T18:24:45Z">
          <reporter-output>
          </reporter-output>
        </test-method> <!-- findOutMore -->
        <test-method status="PASS" signature="tearDown()[pri:0, instance:uk.co.idealflatmate.tests.HomePageTest@6be46e8f]" name="tearDown" is-config="true" duration-ms="7586" started-at="2018-07-13T18:24:45Z" finished-at="2018-07-13T18:24:52Z">
          <reporter-output>
          </reporter-output>
        </test-method> <!-- tearDown -->
        <test-method status="PASS" signature="setupClass()[pri:0, instance:uk.co.idealflatmate.tests.HomePageTest@6be46e8f]" name="setupClass" is-config="true" duration-ms="74469" started-at="2018-07-13T18:24:52Z" finished-at="2018-07-13T18:26:07Z">
          <reporter-output>
          </reporter-output>
        </test-method> <!-- setupClass -->
        <test-method status="PASS" signature="findStartListing()[pri:0, instance:uk.co.idealflatmate.tests.HomePageTest@6be46e8f]" name="findStartListing" duration-ms="156341" started-at="2018-07-13T18:26:07Z" finished-at="2018-07-13T18:28:43Z">
          <reporter-output>
          </reporter-output>
        </test-method> <!-- findStartListing -->
        <test-method status="PASS" signature="tearDown()[pri:0, instance:uk.co.idealflatmate.tests.HomePageTest@6be46e8f]" name="tearDown" is-config="true" duration-ms="9044" started-at="2018-07-13T18:28:43Z" finished-at="2018-07-13T18:28:52Z">
          <reporter-output>
          </reporter-output>
        </test-method> <!-- tearDown -->
        <test-method status="PASS" signature="setupClass()[pri:0, instance:uk.co.idealflatmate.tests.HomePageTest@6be46e8f]" name="setupClass" is-config="true" duration-ms="30824" started-at="2018-07-13T18:28:52Z" finished-at="2018-07-13T18:29:23Z">
          <reporter-output>
          </reporter-output>
        </test-method> <!-- setupClass -->
        <test-method status="PASS" signature="findStartMatching()[pri:0, instance:uk.co.idealflatmate.tests.HomePageTest@6be46e8f]" name="findStartMatching" duration-ms="1960" started-at="2018-07-13T18:29:23Z" finished-at="2018-07-13T18:29:25Z">
          <reporter-output>
          </reporter-output>
        </test-method> <!-- findStartMatching -->
        <test-method status="PASS" signature="tearDown()[pri:0, instance:uk.co.idealflatmate.tests.HomePageTest@6be46e8f]" name="tearDown" is-config="true" duration-ms="7296" started-at="2018-07-13T18:29:25Z" finished-at="2018-07-13T18:29:32Z">
          <reporter-output>
          </reporter-output>
        </test-method> <!-- tearDown -->
        <test-method status="PASS" signature="setupClass()[pri:0, instance:uk.co.idealflatmate.tests.HomePageTest@6be46e8f]" name="setupClass" is-config="true" duration-ms="74239" started-at="2018-07-13T18:29:32Z" finished-at="2018-07-13T18:30:47Z">
          <reporter-output>
          </reporter-output>
        </test-method> <!-- setupClass -->
        <test-method status="PASS" signature="findStartMatchingLink()[pri:0, instance:uk.co.idealflatmate.tests.HomePageTest@6be46e8f]" name="findStartMatchingLink" duration-ms="2899" started-at="2018-07-13T18:30:47Z" finished-at="2018-07-13T18:30:50Z">
          <reporter-output>
          </reporter-output>
        </test-method> <!-- findStartMatchingLink -->
        <test-method status="PASS" signature="tearDown()[pri:0, instance:uk.co.idealflatmate.tests.HomePageTest@6be46e8f]" name="tearDown" is-config="true" duration-ms="6999" started-at="2018-07-13T18:30:50Z" finished-at="2018-07-13T18:30:57Z">
          <reporter-output>
          </reporter-output>
        </test-method> <!-- tearDown -->
        <test-method status="PASS" signature="setupClass()[pri:0, instance:uk.co.idealflatmate.tests.HomePageTest@6be46e8f]" name="setupClass" is-config="true" duration-ms="43845" started-at="2018-07-13T18:30:57Z" finished-at="2018-07-13T18:31:40Z">
          <reporter-output>
          </reporter-output>
        </test-method> <!-- setupClass -->
        <test-method status="PASS" signature="latestFlatmatesNonLogged()[pri:0, instance:uk.co.idealflatmate.tests.HomePageTest@6be46e8f]" name="latestFlatmatesNonLogged" duration-ms="5988" started-at="2018-07-13T18:31:40Z" finished-at="2018-07-13T18:31:46Z">
          <reporter-output>
          </reporter-output>
        </test-method> <!-- latestFlatmatesNonLogged -->
        <test-method status="PASS" signature="tearDown()[pri:0, instance:uk.co.idealflatmate.tests.HomePageTest@6be46e8f]" name="tearDown" is-config="true" duration-ms="7021" started-at="2018-07-13T18:31:46Z" finished-at="2018-07-13T18:31:53Z">
          <reporter-output>
          </reporter-output>
        </test-method> <!-- tearDown -->
        <test-method status="PASS" signature="setupClass()[pri:0, instance:uk.co.idealflatmate.tests.HomePageTest@6be46e8f]" name="setupClass" is-config="true" duration-ms="62691" started-at="2018-07-13T18:31:53Z" finished-at="2018-07-13T18:32:56Z">
          <reporter-output>
          </reporter-output>
        </test-method> <!-- setupClass -->
        <test-method status="PASS" signature="pressLogo()[pri:0, instance:uk.co.idealflatmate.tests.HomePageTest@6be46e8f]" name="pressLogo" duration-ms="6589" started-at="2018-07-13T18:32:56Z" finished-at="2018-07-13T18:33:03Z">
          <reporter-output>
          </reporter-output>
        </test-method> <!-- pressLogo -->
        <test-method status="PASS" signature="tearDown()[pri:0, instance:uk.co.idealflatmate.tests.HomePageTest@6be46e8f]" name="tearDown" is-config="true" duration-ms="7736" started-at="2018-07-13T18:33:03Z" finished-at="2018-07-13T18:33:10Z">
          <reporter-output>
          </reporter-output>
        </test-method> <!-- tearDown -->
      </class> <!-- uk.co.idealflatmate.tests.HomePageTest -->
      <class name="uk.co.idealflatmate.tests.MatchingTests">
        <test-method status="PASS" signature="setupClass()[pri:0, instance:uk.co.idealflatmate.tests.MatchingTests@3567135c]" name="setupClass" is-config="true" duration-ms="53462" started-at="2018-07-13T18:33:10Z" finished-at="2018-07-13T18:34:04Z">
          <reporter-output>
          </reporter-output>
        </test-method> <!-- setupClass -->
        <test-method status="PASS" signature="CompleteMatchingFromMenuWithNewUserWithVerifyingPercent()[pri:0, instance:uk.co.idealflatmate.tests.MatchingTests@3567135c]" name="CompleteMatchingFromMenuWithNewUserWithVerifyingPercent" duration-ms="104092" started-at="2018-07-13T18:34:04Z" finished-at="2018-07-13T18:35:48Z">
          <reporter-output>
          </reporter-output>
        </test-method> <!-- CompleteMatchingFromMenuWithNewUserWithVerifyingPercent -->
        <test-method status="PASS" signature="tearDown()[pri:0, instance:uk.co.idealflatmate.tests.MatchingTests@3567135c]" name="tearDown" is-config="true" duration-ms="6947" started-at="2018-07-13T18:35:48Z" finished-at="2018-07-13T18:35:55Z">
          <reporter-output>
          </reporter-output>
        </test-method> <!-- tearDown -->
        <test-method status="PASS" signature="setupClass()[pri:0, instance:uk.co.idealflatmate.tests.MatchingTests@3567135c]" name="setupClass" is-config="true" duration-ms="37121" started-at="2018-07-13T18:35:55Z" finished-at="2018-07-13T18:36:32Z">
          <reporter-output>
          </reporter-output>
        </test-method> <!-- setupClass -->
        <test-method status="PASS" signature="StartMatchingOnFMSearchPage()[pri:0, instance:uk.co.idealflatmate.tests.MatchingTests@3567135c]" name="StartMatchingOnFMSearchPage" duration-ms="8471" started-at="2018-07-13T18:36:32Z" finished-at="2018-07-13T18:36:41Z">
          <reporter-output>
          </reporter-output>
        </test-method> <!-- StartMatchingOnFMSearchPage -->
        <test-method status="PASS" signature="tearDown()[pri:0, instance:uk.co.idealflatmate.tests.MatchingTests@3567135c]" name="tearDown" is-config="true" duration-ms="6840" started-at="2018-07-13T18:36:41Z" finished-at="2018-07-13T18:36:47Z">
          <reporter-output>
          </reporter-output>
        </test-method> <!-- tearDown -->
      </class> <!-- uk.co.idealflatmate.tests.MatchingTests -->
      <class name="uk.co.idealflatmate.tests.EmailTests">
        <test-method status="PASS" signature="setupClass()[pri:0, instance:uk.co.idealflatmate.tests.EmailTests@2d554825]" name="setupClass" is-config="true" duration-ms="25285" started-at="2018-07-13T18:01:19Z" finished-at="2018-07-13T18:01:44Z">
          <reporter-output>
          </reporter-output>
        </test-method> <!-- setupClass -->
        <test-method status="PASS" signature="TestSuccessfulEmailReceivingWelcomeAndListing()[pri:0, instance:uk.co.idealflatmate.tests.EmailTests@2d554825]" name="TestSuccessfulEmailReceivingWelcomeAndListing" duration-ms="56248" started-at="2018-07-13T18:01:44Z" finished-at="2018-07-13T18:02:40Z">
          <reporter-output>
          </reporter-output>
        </test-method> <!-- TestSuccessfulEmailReceivingWelcomeAndListing -->
        <test-method status="PASS" signature="tearDown()[pri:0, instance:uk.co.idealflatmate.tests.EmailTests@2d554825]" name="tearDown" is-config="true" duration-ms="6514" started-at="2018-07-13T18:02:40Z" finished-at="2018-07-13T18:02:47Z">
          <reporter-output>
          </reporter-output>
        </test-method> <!-- tearDown -->
      </class> <!-- uk.co.idealflatmate.tests.EmailTests -->
      <class name="uk.co.idealflatmate.tests.MessagesTest">
        <test-method status="PASS" signature="setupClass()[pri:0, instance:uk.co.idealflatmate.tests.MessagesTest@327471b5]" name="setupClass" is-config="true" duration-ms="47140" started-at="2018-07-13T18:36:47Z" finished-at="2018-07-13T18:37:35Z">
          <reporter-output>
          </reporter-output>
        </test-method> <!-- setupClass -->
        <test-method status="PASS" signature="answerMessageFmWithoutSubscriptionToFM()[pri:0, instance:uk.co.idealflatmate.tests.MessagesTest@327471b5]" name="answerMessageFmWithoutSubscriptionToFM" duration-ms="36214" started-at="2018-07-13T18:37:35Z" finished-at="2018-07-13T18:38:11Z">
          <reporter-output>
          </reporter-output>
        </test-method> <!-- answerMessageFmWithoutSubscriptionToFM -->
        <test-method status="PASS" signature="tearDown()[pri:0, instance:uk.co.idealflatmate.tests.MessagesTest@327471b5]" name="tearDown" is-config="true" duration-ms="7708" started-at="2018-07-13T18:38:11Z" finished-at="2018-07-13T18:38:19Z">
          <reporter-output>
          </reporter-output>
        </test-method> <!-- tearDown -->
        <test-method status="PASS" signature="setupClass()[pri:0, instance:uk.co.idealflatmate.tests.MessagesTest@327471b5]" name="setupClass" is-config="true" duration-ms="40956" started-at="2018-07-13T18:38:19Z" finished-at="2018-07-13T18:39:00Z">
          <reporter-output>
          </reporter-output>
        </test-method> <!-- setupClass -->
        <test-method status="PASS" signature="answerMessagePremiumFHtoLandlordWithoutSubscription()[pri:0, instance:uk.co.idealflatmate.tests.MessagesTest@327471b5]" name="answerMessagePremiumFHtoLandlordWithoutSubscription" duration-ms="39113" started-at="2018-07-13T18:39:00Z" finished-at="2018-07-13T18:39:39Z">
          <reporter-output>
          </reporter-output>
        </test-method> <!-- answerMessagePremiumFHtoLandlordWithoutSubscription -->
        <test-method status="PASS" signature="tearDown()[pri:0, instance:uk.co.idealflatmate.tests.MessagesTest@327471b5]" name="tearDown" is-config="true" duration-ms="8595" started-at="2018-07-13T18:39:39Z" finished-at="2018-07-13T18:39:47Z">
          <reporter-output>
          </reporter-output>
        </test-method> <!-- tearDown -->
        <test-method status="PASS" signature="setupClass()[pri:0, instance:uk.co.idealflatmate.tests.MessagesTest@327471b5]" name="setupClass" is-config="true" duration-ms="78586" started-at="2018-07-13T18:39:47Z" finished-at="2018-07-13T18:41:06Z">
          <reporter-output>
          </reporter-output>
        </test-method> <!-- setupClass -->
        <test-method status="PASS" signature="readMessageByLandlordWithoutSubscription()[pri:0, instance:uk.co.idealflatmate.tests.MessagesTest@327471b5]" name="readMessageByLandlordWithoutSubscription" duration-ms="32356" started-at="2018-07-13T18:41:06Z" finished-at="2018-07-13T18:41:38Z">
          <reporter-output>
          </reporter-output>
        </test-method> <!-- readMessageByLandlordWithoutSubscription -->
        <test-method status="PASS" signature="tearDown()[pri:0, instance:uk.co.idealflatmate.tests.MessagesTest@327471b5]" name="tearDown" is-config="true" duration-ms="7990" started-at="2018-07-13T18:41:38Z" finished-at="2018-07-13T18:41:46Z">
          <reporter-output>
          </reporter-output>
        </test-method> <!-- tearDown -->
        <test-method status="PASS" signature="setupClass()[pri:0, instance:uk.co.idealflatmate.tests.MessagesTest@327471b5]" name="setupClass" is-config="true" duration-ms="32680" started-at="2018-07-13T18:41:46Z" finished-at="2018-07-13T18:42:19Z">
          <reporter-output>
          </reporter-output>
        </test-method> <!-- setupClass -->
        <test-method status="PASS" signature="sendMessageFmWithoutSubscriptionToLandlordWithoutSubscriptionWithListingFromFMpage()[pri:0, instance:uk.co.idealflatmate.tests.MessagesTest@327471b5]" name="sendMessageFmWithoutSubscriptionToLandlordWithoutSubscriptionWithListingFromFMpage" duration-ms="52172" started-at="2018-07-13T18:42:19Z" finished-at="2018-07-13T18:43:11Z">
          <reporter-output>
          </reporter-output>
        </test-method> <!-- sendMessageFmWithoutSubscriptionToLandlordWithoutSubscriptionWithListingFromFMpage -->
        <test-method status="PASS" signature="tearDown()[pri:0, instance:uk.co.idealflatmate.tests.MessagesTest@327471b5]" name="tearDown" is-config="true" duration-ms="7580" started-at="2018-07-13T18:43:11Z" finished-at="2018-07-13T18:43:19Z">
          <reporter-output>
          </reporter-output>
        </test-method> <!-- tearDown -->
        <test-method status="PASS" signature="setupClass()[pri:0, instance:uk.co.idealflatmate.tests.MessagesTest@327471b5]" name="setupClass" is-config="true" duration-ms="36146" started-at="2018-07-13T18:43:19Z" finished-at="2018-07-13T18:43:55Z">
          <reporter-output>
          </reporter-output>
        </test-method> <!-- setupClass -->
        <test-method status="PASS" signature="sendMessageFmWithoutSubscriptionToLandlordWithoutSubscriptionWithListingFromListing()[pri:0, instance:uk.co.idealflatmate.tests.MessagesTest@327471b5]" name="sendMessageFmWithoutSubscriptionToLandlordWithoutSubscriptionWithListingFromListing" duration-ms="55643" started-at="2018-07-13T18:43:55Z" finished-at="2018-07-13T18:44:50Z">
          <reporter-output>
          </reporter-output>
        </test-method> <!-- sendMessageFmWithoutSubscriptionToLandlordWithoutSubscriptionWithListingFromListing -->
        <test-method status="PASS" signature="tearDown()[pri:0, instance:uk.co.idealflatmate.tests.MessagesTest@327471b5]" name="tearDown" is-config="true" duration-ms="7460" started-at="2018-07-13T18:44:50Z" finished-at="2018-07-13T18:44:58Z">
          <reporter-output>
          </reporter-output>
        </test-method> <!-- tearDown -->
        <test-method status="PASS" signature="setupClass()[pri:0, instance:uk.co.idealflatmate.tests.MessagesTest@327471b5]" name="setupClass" is-config="true" duration-ms="49966" started-at="2018-07-13T18:44:58Z" finished-at="2018-07-13T18:45:48Z">
          <reporter-output>
          </reporter-output>
        </test-method> <!-- setupClass -->
        <test-method status="PASS" signature="sendMessageFmWithoutSubscriptionToLandlordWithoutSubscriptionWithListingFromSearch()[pri:0, instance:uk.co.idealflatmate.tests.MessagesTest@327471b5]" name="sendMessageFmWithoutSubscriptionToLandlordWithoutSubscriptionWithListingFromSearch" duration-ms="64761" started-at="2018-07-13T18:45:48Z" finished-at="2018-07-13T18:46:53Z">
          <reporter-output>
          </reporter-output>
        </test-method> <!-- sendMessageFmWithoutSubscriptionToLandlordWithoutSubscriptionWithListingFromSearch -->
        <test-method status="PASS" signature="tearDown()[pri:0, instance:uk.co.idealflatmate.tests.MessagesTest@327471b5]" name="tearDown" is-config="true" duration-ms="7506" started-at="2018-07-13T18:46:53Z" finished-at="2018-07-13T18:47:00Z">
          <reporter-output>
          </reporter-output>
        </test-method> <!-- tearDown -->
      </class> <!-- uk.co.idealflatmate.tests.MessagesTest -->
      <class name="uk.co.idealflatmate.tests.FooterTest">
        <test-method status="PASS" signature="setupClass()[pri:0, instance:uk.co.idealflatmate.tests.FooterTest@68837a77]" name="setupClass" is-config="true" duration-ms="25291" started-at="2018-07-13T18:02:47Z" finished-at="2018-07-13T18:03:12Z">
          <reporter-output>
          </reporter-output>
        </test-method> <!-- setupClass -->
        <test-method status="PASS" signature="footerAboutUsLink()[pri:0, instance:uk.co.idealflatmate.tests.FooterTest@68837a77]" name="footerAboutUsLink" duration-ms="3322" started-at="2018-07-13T18:03:12Z" finished-at="2018-07-13T18:03:15Z">
          <reporter-output>
          </reporter-output>
        </test-method> <!-- footerAboutUsLink -->
        <test-method status="PASS" signature="tearDown()[pri:0, instance:uk.co.idealflatmate.tests.FooterTest@68837a77]" name="tearDown" is-config="true" duration-ms="6610" started-at="2018-07-13T18:03:15Z" finished-at="2018-07-13T18:03:22Z">
          <reporter-output>
          </reporter-output>
        </test-method> <!-- tearDown -->
        <test-method status="PASS" signature="setupClass()[pri:0, instance:uk.co.idealflatmate.tests.FooterTest@68837a77]" name="setupClass" is-config="true" duration-ms="52158" started-at="2018-07-13T18:03:22Z" finished-at="2018-07-13T18:04:14Z">
          <reporter-output>
          </reporter-output>
        </test-method> <!-- setupClass -->
        <test-method status="PASS" signature="footerBlogLink()[pri:0, instance:uk.co.idealflatmate.tests.FooterTest@68837a77]" name="footerBlogLink" duration-ms="3337" started-at="2018-07-13T18:04:14Z" finished-at="2018-07-13T18:04:17Z">
          <reporter-output>
          </reporter-output>
        </test-method> <!-- footerBlogLink -->
        <test-method status="PASS" signature="tearDown()[pri:0, instance:uk.co.idealflatmate.tests.FooterTest@68837a77]" name="tearDown" is-config="true" duration-ms="6819" started-at="2018-07-13T18:04:17Z" finished-at="2018-07-13T18:04:24Z">
          <reporter-output>
          </reporter-output>
        </test-method> <!-- tearDown -->
        <test-method status="PASS" signature="setupClass()[pri:0, instance:uk.co.idealflatmate.tests.FooterTest@68837a77]" name="setupClass" is-config="true" duration-ms="38222" started-at="2018-07-13T18:04:24Z" finished-at="2018-07-13T18:05:02Z">
          <reporter-output>
          </reporter-output>
        </test-method> <!-- setupClass -->
        <test-method status="PASS" signature="footerBrowseFlatsharesLink()[pri:0, instance:uk.co.idealflatmate.tests.FooterTest@68837a77]" name="footerBrowseFlatsharesLink" duration-ms="17687" started-at="2018-07-13T18:05:02Z" finished-at="2018-07-13T18:05:20Z">
          <reporter-output>
          </reporter-output>
        </test-method> <!-- footerBrowseFlatsharesLink -->
        <test-method status="PASS" signature="tearDown()[pri:0, instance:uk.co.idealflatmate.tests.FooterTest@68837a77]" name="tearDown" is-config="true" duration-ms="7010" started-at="2018-07-13T18:05:20Z" finished-at="2018-07-13T18:05:27Z">
          <reporter-output>
          </reporter-output>
        </test-method> <!-- tearDown -->
        <test-method status="PASS" signature="setupClass()[pri:0, instance:uk.co.idealflatmate.tests.FooterTest@68837a77]" name="setupClass" is-config="true" duration-ms="24887" started-at="2018-07-13T18:05:27Z" finished-at="2018-07-13T18:05:52Z">
          <reporter-output>
          </reporter-output>
        </test-method> <!-- setupClass -->
        <test-method status="PASS" signature="footerBrowseHowItWorksLink()[pri:0, instance:uk.co.idealflatmate.tests.FooterTest@68837a77]" name="footerBrowseHowItWorksLink" duration-ms="2181" started-at="2018-07-13T18:05:52Z" finished-at="2018-07-13T18:05:54Z">
          <reporter-output>
          </reporter-output>
        </test-method> <!-- footerBrowseHowItWorksLink -->
        <test-method status="PASS" signature="tearDown()[pri:0, instance:uk.co.idealflatmate.tests.FooterTest@68837a77]" name="tearDown" is-config="true" duration-ms="7298" started-at="2018-07-13T18:05:54Z" finished-at="2018-07-13T18:06:02Z">
          <reporter-output>
          </reporter-output>
        </test-method> <!-- tearDown -->
        <test-method status="PASS" signature="setupClass()[pri:0, instance:uk.co.idealflatmate.tests.FooterTest@68837a77]" name="setupClass" is-config="true" duration-ms="28501" started-at="2018-07-13T18:06:02Z" finished-at="2018-07-13T18:06:30Z">
          <reporter-output>
          </reporter-output>
        </test-method> <!-- setupClass -->
        <test-method status="PASS" signature="footerBrowseTipsLink()[pri:0, instance:uk.co.idealflatmate.tests.FooterTest@68837a77]" name="footerBrowseTipsLink" duration-ms="5727" started-at="2018-07-13T18:06:30Z" finished-at="2018-07-13T18:06:36Z">
          <reporter-output>
          </reporter-output>
        </test-method> <!-- footerBrowseTipsLink -->
        <test-method status="PASS" signature="tearDown()[pri:0, instance:uk.co.idealflatmate.tests.FooterTest@68837a77]" name="tearDown" is-config="true" duration-ms="6584" started-at="2018-07-13T18:06:36Z" finished-at="2018-07-13T18:06:42Z">
          <reporter-output>
          </reporter-output>
        </test-method> <!-- tearDown -->
        <test-method status="PASS" signature="setupClass()[pri:0, instance:uk.co.idealflatmate.tests.FooterTest@68837a77]" name="setupClass" is-config="true" duration-ms="32903" started-at="2018-07-13T18:06:42Z" finished-at="2018-07-13T18:07:15Z">
          <reporter-output>
          </reporter-output>
        </test-method> <!-- setupClass -->
        <test-method status="PASS" signature="footerContactLink()[pri:0, instance:uk.co.idealflatmate.tests.FooterTest@68837a77]" name="footerContactLink" duration-ms="2132" started-at="2018-07-13T18:07:15Z" finished-at="2018-07-13T18:07:17Z">
          <reporter-output>
          </reporter-output>
        </test-method> <!-- footerContactLink -->
        <test-method status="PASS" signature="tearDown()[pri:0, instance:uk.co.idealflatmate.tests.FooterTest@68837a77]" name="tearDown" is-config="true" duration-ms="7428" started-at="2018-07-13T18:07:17Z" finished-at="2018-07-13T18:07:25Z">
          <reporter-output>
          </reporter-output>
        </test-method> <!-- tearDown -->
        <test-method status="PASS" signature="setupClass()[pri:0, instance:uk.co.idealflatmate.tests.FooterTest@68837a77]" name="setupClass" is-config="true" duration-ms="45570" started-at="2018-07-13T18:07:25Z" finished-at="2018-07-13T18:08:10Z">
          <reporter-output>
          </reporter-output>
        </test-method> <!-- setupClass -->
        <test-method status="PASS" signature="footerFBLink()[pri:0, instance:uk.co.idealflatmate.tests.FooterTest@68837a77]" name="footerFBLink" duration-ms="13860" started-at="2018-07-13T18:08:10Z" finished-at="2018-07-13T18:08:24Z">
          <reporter-output>
          </reporter-output>
        </test-method> <!-- footerFBLink -->
        <test-method status="PASS" signature="tearDown()[pri:0, instance:uk.co.idealflatmate.tests.FooterTest@68837a77]" name="tearDown" is-config="true" duration-ms="8173" started-at="2018-07-13T18:08:24Z" finished-at="2018-07-13T18:08:32Z">
          <reporter-output>
          </reporter-output>
        </test-method> <!-- tearDown -->
        <test-method status="PASS" signature="setupClass()[pri:0, instance:uk.co.idealflatmate.tests.FooterTest@68837a77]" name="setupClass" is-config="true" duration-ms="53872" started-at="2018-07-13T18:08:32Z" finished-at="2018-07-13T18:09:26Z">
          <reporter-output>
          </reporter-output>
        </test-method> <!-- setupClass -->
        <test-method status="PASS" signature="footerHomeLink()[pri:0, instance:uk.co.idealflatmate.tests.FooterTest@68837a77]" name="footerHomeLink" duration-ms="5363" started-at="2018-07-13T18:09:26Z" finished-at="2018-07-13T18:09:32Z">
          <reporter-output>
          </reporter-output>
        </test-method> <!-- footerHomeLink -->
        <test-method status="PASS" signature="tearDown()[pri:0, instance:uk.co.idealflatmate.tests.FooterTest@68837a77]" name="tearDown" is-config="true" duration-ms="8176" started-at="2018-07-13T18:09:32Z" finished-at="2018-07-13T18:09:40Z">
          <reporter-output>
          </reporter-output>
        </test-method> <!-- tearDown -->
        <test-method status="PASS" signature="setupClass()[pri:0, instance:uk.co.idealflatmate.tests.FooterTest@68837a77]" name="setupClass" is-config="true" duration-ms="45627" started-at="2018-07-13T18:09:40Z" finished-at="2018-07-13T18:10:25Z">
          <reporter-output>
          </reporter-output>
        </test-method> <!-- setupClass -->
        <test-method status="PASS" signature="footerInstagramLink()[pri:0, instance:uk.co.idealflatmate.tests.FooterTest@68837a77]" name="footerInstagramLink" duration-ms="13420" started-at="2018-07-13T18:10:25Z" finished-at="2018-07-13T18:10:39Z">
          <reporter-output>
          </reporter-output>
        </test-method> <!-- footerInstagramLink -->
        <test-method status="PASS" signature="tearDown()[pri:0, instance:uk.co.idealflatmate.tests.FooterTest@68837a77]" name="tearDown" is-config="true" duration-ms="6978" started-at="2018-07-13T18:10:39Z" finished-at="2018-07-13T18:10:46Z">
          <reporter-output>
          </reporter-output>
        </test-method> <!-- tearDown -->
        <test-method status="PASS" signature="setupClass()[pri:0, instance:uk.co.idealflatmate.tests.FooterTest@68837a77]" name="setupClass" is-config="true" duration-ms="50950" started-at="2018-07-13T18:10:46Z" finished-at="2018-07-13T18:11:37Z">
          <reporter-output>
          </reporter-output>
        </test-method> <!-- setupClass -->
        <test-method status="PASS" signature="footerMediaLink()[pri:0, instance:uk.co.idealflatmate.tests.FooterTest@68837a77]" name="footerMediaLink" duration-ms="5373" started-at="2018-07-13T18:11:37Z" finished-at="2018-07-13T18:11:42Z">
          <reporter-output>
          </reporter-output>
        </test-method> <!-- footerMediaLink -->
        <test-method status="PASS" signature="tearDown()[pri:0, instance:uk.co.idealflatmate.tests.FooterTest@68837a77]" name="tearDown" is-config="true" duration-ms="6486" started-at="2018-07-13T18:11:42Z" finished-at="2018-07-13T18:11:49Z">
          <reporter-output>
          </reporter-output>
        </test-method> <!-- tearDown -->
        <test-method status="PASS" signature="setupClass()[pri:0, instance:uk.co.idealflatmate.tests.FooterTest@68837a77]" name="setupClass" is-config="true" duration-ms="43265" started-at="2018-07-13T18:11:49Z" finished-at="2018-07-13T18:12:32Z">
          <reporter-output>
          </reporter-output>
        </test-method> <!-- setupClass -->
        <test-method status="PASS" signature="footerNLALink()[pri:0, instance:uk.co.idealflatmate.tests.FooterTest@68837a77]" name="footerNLALink" duration-ms="23726" started-at="2018-07-13T18:12:32Z" finished-at="2018-07-13T18:12:56Z">
          <reporter-output>
          </reporter-output>
        </test-method> <!-- footerNLALink -->
        <test-method status="PASS" signature="tearDown()[pri:0, instance:uk.co.idealflatmate.tests.FooterTest@68837a77]" name="tearDown" is-config="true" duration-ms="6321" started-at="2018-07-13T18:12:56Z" finished-at="2018-07-13T18:13:02Z">
          <reporter-output>
          </reporter-output>
        </test-method> <!-- tearDown -->
        <test-method status="PASS" signature="setupClass()[pri:0, instance:uk.co.idealflatmate.tests.FooterTest@68837a77]" name="setupClass" is-config="true" duration-ms="59682" started-at="2018-07-13T18:13:02Z" finished-at="2018-07-13T18:14:02Z">
          <reporter-output>
          </reporter-output>
        </test-method> <!-- setupClass -->
        <test-method status="PASS" signature="footerPressLink()[pri:0, instance:uk.co.idealflatmate.tests.FooterTest@68837a77]" name="footerPressLink" duration-ms="3012" started-at="2018-07-13T18:14:02Z" finished-at="2018-07-13T18:14:05Z">
          <reporter-output>
          </reporter-output>
        </test-method> <!-- footerPressLink -->
        <test-method status="PASS" signature="tearDown()[pri:0, instance:uk.co.idealflatmate.tests.FooterTest@68837a77]" name="tearDown" is-config="true" duration-ms="6974" started-at="2018-07-13T18:14:05Z" finished-at="2018-07-13T18:14:12Z">
          <reporter-output>
          </reporter-output>
        </test-method> <!-- tearDown -->
        <test-method status="PASS" signature="setupClass()[pri:0, instance:uk.co.idealflatmate.tests.FooterTest@68837a77]" name="setupClass" is-config="true" duration-ms="33132" started-at="2018-07-13T18:14:12Z" finished-at="2018-07-13T18:14:45Z">
          <reporter-output>
          </reporter-output>
        </test-method> <!-- setupClass -->
        <test-method status="PASS" signature="footerPricingLink()[pri:0, instance:uk.co.idealflatmate.tests.FooterTest@68837a77]" name="footerPricingLink" duration-ms="3776" started-at="2018-07-13T18:14:45Z" finished-at="2018-07-13T18:14:49Z">
          <reporter-output>
          </reporter-output>
        </test-method> <!-- footerPricingLink -->
        <test-method status="PASS" signature="tearDown()[pri:0, instance:uk.co.idealflatmate.tests.FooterTest@68837a77]" name="tearDown" is-config="true" duration-ms="6371" started-at="2018-07-13T18:14:49Z" finished-at="2018-07-13T18:14:55Z">
          <reporter-output>
          </reporter-output>
        </test-method> <!-- tearDown -->
        <test-method status="PASS" signature="setupClass()[pri:0, instance:uk.co.idealflatmate.tests.FooterTest@68837a77]" name="setupClass" is-config="true" duration-ms="49341" started-at="2018-07-13T18:14:55Z" finished-at="2018-07-13T18:15:44Z">
          <reporter-output>
          </reporter-output>
        </test-method> <!-- setupClass -->
        <test-method status="PASS" signature="footerStaySafeLink()[pri:0, instance:uk.co.idealflatmate.tests.FooterTest@68837a77]" name="footerStaySafeLink" duration-ms="3596" started-at="2018-07-13T18:15:44Z" finished-at="2018-07-13T18:15:48Z">
          <reporter-output>
          </reporter-output>
        </test-method> <!-- footerStaySafeLink -->
        <test-method status="PASS" signature="tearDown()[pri:0, instance:uk.co.idealflatmate.tests.FooterTest@68837a77]" name="tearDown" is-config="true" duration-ms="7941" started-at="2018-07-13T18:15:48Z" finished-at="2018-07-13T18:15:56Z">
          <reporter-output>
          </reporter-output>
        </test-method> <!-- tearDown -->
        <test-method status="PASS" signature="setupClass()[pri:0, instance:uk.co.idealflatmate.tests.FooterTest@68837a77]" name="setupClass" is-config="true" duration-ms="52611" started-at="2018-07-13T18:15:56Z" finished-at="2018-07-13T18:16:48Z">
          <reporter-output>
          </reporter-output>
        </test-method> <!-- setupClass -->
        <test-method status="PASS" signature="footerTwitterLink()[pri:0, instance:uk.co.idealflatmate.tests.FooterTest@68837a77]" name="footerTwitterLink" duration-ms="11012" started-at="2018-07-13T18:16:48Z" finished-at="2018-07-13T18:16:59Z">
          <reporter-output>
          </reporter-output>
        </test-method> <!-- footerTwitterLink -->
        <test-method status="PASS" signature="tearDown()[pri:0, instance:uk.co.idealflatmate.tests.FooterTest@68837a77]" name="tearDown" is-config="true" duration-ms="7479" started-at="2018-07-13T18:16:59Z" finished-at="2018-07-13T18:17:07Z">
          <reporter-output>
          </reporter-output>
        </test-method> <!-- tearDown -->
        <test-method status="PASS" signature="setupClass()[pri:0, instance:uk.co.idealflatmate.tests.FooterTest@68837a77]" name="setupClass" is-config="true" duration-ms="25734" started-at="2018-07-13T18:17:07Z" finished-at="2018-07-13T18:17:33Z">
          <reporter-output>
          </reporter-output>
        </test-method> <!-- setupClass -->
        <test-method status="PASS" signature="footerYoutubeLink()[pri:0, instance:uk.co.idealflatmate.tests.FooterTest@68837a77]" name="footerYoutubeLink" duration-ms="21349" started-at="2018-07-13T18:17:33Z" finished-at="2018-07-13T18:17:54Z">
          <reporter-output>
          </reporter-output>
        </test-method> <!-- footerYoutubeLink -->
        <test-method status="PASS" signature="tearDown()[pri:0, instance:uk.co.idealflatmate.tests.FooterTest@68837a77]" name="tearDown" is-config="true" duration-ms="7971" started-at="2018-07-13T18:17:54Z" finished-at="2018-07-13T18:18:02Z">
          <reporter-output>
          </reporter-output>
        </test-method> <!-- tearDown -->
      </class> <!-- uk.co.idealflatmate.tests.FooterTest -->
      <class name="uk.co.idealflatmate.tests.AuthorizationTests">
        <test-method status="PASS" signature="setupClass()[pri:0, instance:uk.co.idealflatmate.tests.AuthorizationTests@77b52d12]" name="setupClass" is-config="true" duration-ms="43860" started-at="2018-07-13T17:48:59Z" finished-at="2018-07-13T17:49:43Z">
          <reporter-output>
          </reporter-output>
        </test-method> <!-- setupClass -->
        <test-method status="PASS" signature="EmailWronglogInHomePage()[pri:0, instance:uk.co.idealflatmate.tests.AuthorizationTests@77b52d12]" name="EmailWronglogInHomePage" duration-ms="8354" started-at="2018-07-13T17:49:43Z" finished-at="2018-07-13T17:49:52Z">
          <reporter-output>
          </reporter-output>
        </test-method> <!-- EmailWronglogInHomePage -->
        <test-method status="PASS" signature="tearDown()[pri:0, instance:uk.co.idealflatmate.tests.AuthorizationTests@77b52d12]" name="tearDown" is-config="true" duration-ms="7012" started-at="2018-07-13T17:49:52Z" finished-at="2018-07-13T17:49:59Z">
          <reporter-output>
          </reporter-output>
        </test-method> <!-- tearDown -->
        <test-method status="PASS" signature="setupClass()[pri:0, instance:uk.co.idealflatmate.tests.AuthorizationTests@77b52d12]" name="setupClass" is-config="true" duration-ms="28560" started-at="2018-07-13T17:49:59Z" finished-at="2018-07-13T17:50:27Z">
          <reporter-output>
          </reporter-output>
        </test-method> <!-- setupClass -->
        <test-method status="PASS" signature="InvalidAuthorizationWithEmptyFields()[pri:0, instance:uk.co.idealflatmate.tests.AuthorizationTests@77b52d12]" name="InvalidAuthorizationWithEmptyFields" duration-ms="5840" started-at="2018-07-13T17:50:27Z" finished-at="2018-07-13T17:50:33Z">
          <reporter-output>
          </reporter-output>
        </test-method> <!-- InvalidAuthorizationWithEmptyFields -->
        <test-method status="PASS" signature="tearDown()[pri:0, instance:uk.co.idealflatmate.tests.AuthorizationTests@77b52d12]" name="tearDown" is-config="true" duration-ms="7027" started-at="2018-07-13T17:50:33Z" finished-at="2018-07-13T17:50:40Z">
          <reporter-output>
          </reporter-output>
        </test-method> <!-- tearDown -->
        <test-method status="PASS" signature="setupClass()[pri:0, instance:uk.co.idealflatmate.tests.AuthorizationTests@77b52d12]" name="setupClass" is-config="true" duration-ms="23981" started-at="2018-07-13T17:50:40Z" finished-at="2018-07-13T17:51:04Z">
          <reporter-output>
          </reporter-output>
        </test-method> <!-- setupClass -->
        <test-method status="PASS" signature="PasswordWronglogInHomePage()[pri:0, instance:uk.co.idealflatmate.tests.AuthorizationTests@77b52d12]" name="PasswordWronglogInHomePage" duration-ms="8692" started-at="2018-07-13T17:51:04Z" finished-at="2018-07-13T17:51:13Z">
          <reporter-output>
          </reporter-output>
        </test-method> <!-- PasswordWronglogInHomePage -->
        <test-method status="PASS" signature="tearDown()[pri:0, instance:uk.co.idealflatmate.tests.AuthorizationTests@77b52d12]" name="tearDown" is-config="true" duration-ms="6881" started-at="2018-07-13T17:51:13Z" finished-at="2018-07-13T17:51:20Z">
          <reporter-output>
          </reporter-output>
        </test-method> <!-- tearDown -->
        <test-method status="PASS" signature="setupClass()[pri:0, instance:uk.co.idealflatmate.tests.AuthorizationTests@77b52d12]" name="setupClass" is-config="true" duration-ms="24685" started-at="2018-07-13T17:51:20Z" finished-at="2018-07-13T17:51:44Z">
          <reporter-output>
          </reporter-output>
        </test-method> <!-- setupClass -->
        <test-method status="PASS" signature="SuccessClassicLogIn()[pri:0, instance:uk.co.idealflatmate.tests.AuthorizationTests@77b52d12]" name="SuccessClassicLogIn" duration-ms="29250" started-at="2018-07-13T17:51:44Z" finished-at="2018-07-13T17:52:13Z">
          <reporter-output>
          </reporter-output>
        </test-method> <!-- SuccessClassicLogIn -->
        <test-method status="PASS" signature="tearDown()[pri:0, instance:uk.co.idealflatmate.tests.AuthorizationTests@77b52d12]" name="tearDown" is-config="true" duration-ms="7373" started-at="2018-07-13T17:52:13Z" finished-at="2018-07-13T17:52:21Z">
          <reporter-output>
          </reporter-output>
        </test-method> <!-- tearDown -->
        <test-method status="PASS" signature="setupClass()[pri:0, instance:uk.co.idealflatmate.tests.AuthorizationTests@77b52d12]" name="setupClass" is-config="true" duration-ms="29467" started-at="2018-07-13T17:52:21Z" finished-at="2018-07-13T17:52:50Z">
          <reporter-output>
          </reporter-output>
        </test-method> <!-- setupClass -->
        <test-method status="PASS" signature="SuccessClassiclogInOnFMPage()[pri:0, instance:uk.co.idealflatmate.tests.AuthorizationTests@77b52d12]" name="SuccessClassiclogInOnFMPage" duration-ms="18566" started-at="2018-07-13T17:52:50Z" finished-at="2018-07-13T17:53:09Z">
          <reporter-output>
          </reporter-output>
        </test-method> <!-- SuccessClassiclogInOnFMPage -->
        <test-method status="PASS" signature="tearDown()[pri:0, instance:uk.co.idealflatmate.tests.AuthorizationTests@77b52d12]" name="tearDown" is-config="true" duration-ms="7218" started-at="2018-07-13T17:53:09Z" finished-at="2018-07-13T17:53:16Z">
          <reporter-output>
          </reporter-output>
        </test-method> <!-- tearDown -->
        <test-method status="PASS" signature="setupClass()[pri:0, instance:uk.co.idealflatmate.tests.AuthorizationTests@77b52d12]" name="setupClass" is-config="true" duration-ms="20045" started-at="2018-07-13T17:53:16Z" finished-at="2018-07-13T17:53:36Z">
          <reporter-output>
          </reporter-output>
        </test-method> <!-- setupClass -->
        <test-method status="PASS" signature="SuccessClassiclogInOnPropertyPage()[pri:0, instance:uk.co.idealflatmate.tests.AuthorizationTests@77b52d12]" name="SuccessClassiclogInOnPropertyPage" duration-ms="39300" started-at="2018-07-13T17:53:36Z" finished-at="2018-07-13T17:54:15Z">
          <reporter-output>
          </reporter-output>
        </test-method> <!-- SuccessClassiclogInOnPropertyPage -->
        <test-method status="PASS" signature="tearDown()[pri:0, instance:uk.co.idealflatmate.tests.AuthorizationTests@77b52d12]" name="tearDown" is-config="true" duration-ms="7314" started-at="2018-07-13T17:54:15Z" finished-at="2018-07-13T17:54:23Z">
          <reporter-output>
          </reporter-output>
        </test-method> <!-- tearDown -->
        <test-method status="PASS" signature="setupClass()[pri:0, instance:uk.co.idealflatmate.tests.AuthorizationTests@77b52d12]" name="setupClass" is-config="true" duration-ms="30632" started-at="2018-07-13T17:54:23Z" finished-at="2018-07-13T17:54:53Z">
          <reporter-output>
          </reporter-output>
        </test-method> <!-- setupClass -->
        <test-method status="PASS" signature="SuccessLogInContactFM()[pri:0, instance:uk.co.idealflatmate.tests.AuthorizationTests@77b52d12]" name="SuccessLogInContactFM" duration-ms="27363" started-at="2018-07-13T17:54:53Z" finished-at="2018-07-13T17:55:21Z">
          <reporter-output>
          </reporter-output>
        </test-method> <!-- SuccessLogInContactFM -->
        <test-method status="PASS" signature="tearDown()[pri:0, instance:uk.co.idealflatmate.tests.AuthorizationTests@77b52d12]" name="tearDown" is-config="true" duration-ms="8270" started-at="2018-07-13T17:55:21Z" finished-at="2018-07-13T17:55:29Z">
          <reporter-output>
          </reporter-output>
        </test-method> <!-- tearDown -->
        <test-method status="PASS" signature="setupClass()[pri:0, instance:uk.co.idealflatmate.tests.AuthorizationTests@77b52d12]" name="setupClass" is-config="true" duration-ms="27308" started-at="2018-07-13T17:55:29Z" finished-at="2018-07-13T17:55:56Z">
          <reporter-output>
          </reporter-output>
        </test-method> <!-- setupClass -->
        <test-method status="FAIL" signature="SuccessLogInContactProperty()[pri:0, instance:uk.co.idealflatmate.tests.AuthorizationTests@77b52d12]" name="SuccessLogInContactProperty" duration-ms="22814" started-at="2018-07-13T17:55:56Z" finished-at="2018-07-13T17:56:19Z">
          <exception class="com.codeborne.selenide.ex.ElementShould">
            <message>
              <![CDATA[Element should be visible {#loginform-username}
Element: '<input class="form-control" id="loginform-username" name="LoginForm[username]" type="text" displayed:false></input>']]>
            </message>
            <full-stacktrace>
              <![CDATA[Element should be visible {#loginform-username}
Element: '<input class="form-control" id="loginform-username" name="LoginForm[username]" type="text" displayed:false></input>'
Screenshot: file:/C:/Users/lukhovytskyi/Documents/GitHub/idealflatmatetest/build/reports/tests/1531493777609.1.png
Page source: file:/C:/Users/lukhovytskyi/Documents/GitHub/idealflatmatetest/build/reports/tests/1531493777609.1.html
Timeout: 10 s.
	at com.codeborne.selenide.impl.WebElementSource.checkCondition(WebElementSource.java:66)
	at com.codeborne.selenide.commands.Should.should(Should.java:35)
	at com.codeborne.selenide.commands.Should.execute(Should.java:29)
	at com.codeborne.selenide.commands.Should.execute(Should.java:12)
	at com.codeborne.selenide.commands.Commands.execute(Commands.java:144)
	at com.codeborne.selenide.impl.SelenideElementProxy.dispatchAndRetry(SelenideElementProxy.java:87)
	at com.codeborne.selenide.impl.SelenideElementProxy.invoke(SelenideElementProxy.java:63)
	at com.sun.proxy.$Proxy4.shouldBe(Unknown Source)
	at uk.co.idealflatmate.appmanager.HelperBase.signIn(HelperBase.java:13)
	at uk.co.idealflatmate.appmanager.AuthorizationHelper.setLoginAsUserWithoutPackage(AuthorizationHelper.java:25)
	at uk.co.idealflatmate.tests.AuthorizationTests.SuccessLogInContactProperty(AuthorizationTests.java:136)
	at sun.reflect.NativeMethodAccessorImpl.invoke0(Native Method)
	at sun.reflect.NativeMethodAccessorImpl.invoke(NativeMethodAccessorImpl.java:62)
	at sun.reflect.DelegatingMethodAccessorImpl.invoke(DelegatingMethodAccessorImpl.java:43)
	at java.lang.reflect.Method.invoke(Method.java:498)
	at org.testng.internal.MethodInvocationHelper.invokeMethod(MethodInvocationHelper.java:108)
	at org.testng.internal.Invoker.invokeMethod(Invoker.java:661)
	at org.testng.internal.Invoker.invokeTestMethod(Invoker.java:869)
	at org.testng.internal.Invoker.invokeTestMethods(Invoker.java:1193)
	at org.testng.internal.TestMethodWorker.invokeTestMethods(TestMethodWorker.java:126)
	at org.testng.internal.TestMethodWorker.run(TestMethodWorker.java:109)
	at java.util.concurrent.ThreadPoolExecutor.runWorker(ThreadPoolExecutor.java:1149)
	at java.util.concurrent.ThreadPoolExecutor$Worker.run(ThreadPoolExecutor.java:624)
	at java.lang.Thread.run(Thread.java:748)
]]>
            </full-stacktrace>
          </exception> <!-- com.codeborne.selenide.ex.ElementShould -->
          <reporter-output>
          </reporter-output>
        </test-method> <!-- SuccessLogInContactProperty -->
        <test-method status="PASS" signature="tearDown()[pri:0, instance:uk.co.idealflatmate.tests.AuthorizationTests@77b52d12]" name="tearDown" is-config="true" duration-ms="6992" started-at="2018-07-13T17:56:19Z" finished-at="2018-07-13T17:56:26Z">
          <reporter-output>
          </reporter-output>
        </test-method> <!-- tearDown -->
        <test-method status="PASS" signature="setupClass()[pri:0, instance:uk.co.idealflatmate.tests.AuthorizationTests@77b52d12]" name="setupClass" is-config="true" duration-ms="23402" started-at="2018-07-13T17:56:26Z" finished-at="2018-07-13T17:56:50Z">
          <reporter-output>
          </reporter-output>
        </test-method> <!-- setupClass -->
        <test-method status="PASS" signature="SuccessLogInMessageFM()[pri:0, instance:uk.co.idealflatmate.tests.AuthorizationTests@77b52d12]" name="SuccessLogInMessageFM" duration-ms="24018" started-at="2018-07-13T17:56:50Z" finished-at="2018-07-13T17:57:14Z">
          <reporter-output>
          </reporter-output>
        </test-method> <!-- SuccessLogInMessageFM -->
        <test-method status="PASS" signature="tearDown()[pri:0, instance:uk.co.idealflatmate.tests.AuthorizationTests@77b52d12]" name="tearDown" is-config="true" duration-ms="7335" started-at="2018-07-13T17:57:14Z" finished-at="2018-07-13T17:57:21Z">
          <reporter-output>
          </reporter-output>
        </test-method> <!-- tearDown -->
        <test-method status="PASS" signature="setupClass()[pri:0, instance:uk.co.idealflatmate.tests.AuthorizationTests@77b52d12]" name="setupClass" is-config="true" duration-ms="21633" started-at="2018-07-13T17:57:21Z" finished-at="2018-07-13T17:57:43Z">
          <reporter-output>
          </reporter-output>
        </test-method> <!-- setupClass -->
        <test-method status="PASS" signature="SuccessLogInMessageProperty()[pri:0, instance:uk.co.idealflatmate.tests.AuthorizationTests@77b52d12]" name="SuccessLogInMessageProperty" duration-ms="18263" started-at="2018-07-13T17:57:43Z" finished-at="2018-07-13T17:58:01Z">
          <reporter-output>
          </reporter-output>
        </test-method> <!-- SuccessLogInMessageProperty -->
        <test-method status="PASS" signature="tearDown()[pri:0, instance:uk.co.idealflatmate.tests.AuthorizationTests@77b52d12]" name="tearDown" is-config="true" duration-ms="7454" started-at="2018-07-13T17:58:01Z" finished-at="2018-07-13T17:58:08Z">
          <reporter-output>
          </reporter-output>
        </test-method> <!-- tearDown -->
        <test-method status="PASS" signature="setupClass()[pri:0, instance:uk.co.idealflatmate.tests.AuthorizationTests@77b52d12]" name="setupClass" is-config="true" duration-ms="20979" started-at="2018-07-13T17:58:08Z" finished-at="2018-07-13T17:58:29Z">
          <reporter-output>
          </reporter-output>
        </test-method> <!-- setupClass -->
        <test-method status="PASS" signature="SuccessLogInViaFacebook()[pri:0, instance:uk.co.idealflatmate.tests.AuthorizationTests@77b52d12]" name="SuccessLogInViaFacebook" duration-ms="16651" started-at="2018-07-13T17:58:29Z" finished-at="2018-07-13T17:58:46Z">
          <reporter-output>
          </reporter-output>
        </test-method> <!-- SuccessLogInViaFacebook -->
        <test-method status="PASS" signature="tearDown()[pri:0, instance:uk.co.idealflatmate.tests.AuthorizationTests@77b52d12]" name="tearDown" is-config="true" duration-ms="7017" started-at="2018-07-13T17:58:46Z" finished-at="2018-07-13T17:58:53Z">
          <reporter-output>
          </reporter-output>
        </test-method> <!-- tearDown -->
        <test-method status="PASS" signature="setupClass()[pri:0, instance:uk.co.idealflatmate.tests.AuthorizationTests@77b52d12]" name="setupClass" is-config="true" duration-ms="24879" started-at="2018-07-13T17:58:53Z" finished-at="2018-07-13T17:59:18Z">
          <reporter-output>
          </reporter-output>
        </test-method> <!-- setupClass -->
        <test-method status="PASS" signature="SuccessLogInWithMatchingFB()[pri:0, instance:uk.co.idealflatmate.tests.AuthorizationTests@77b52d12]" name="SuccessLogInWithMatchingFB" duration-ms="38387" started-at="2018-07-13T17:59:18Z" finished-at="2018-07-13T17:59:56Z">
          <reporter-output>
          </reporter-output>
        </test-method> <!-- SuccessLogInWithMatchingFB -->
        <test-method status="PASS" signature="tearDown()[pri:0, instance:uk.co.idealflatmate.tests.AuthorizationTests@77b52d12]" name="tearDown" is-config="true" duration-ms="7222" started-at="2018-07-13T17:59:56Z" finished-at="2018-07-13T18:00:03Z">
          <reporter-output>
          </reporter-output>
        </test-method> <!-- tearDown -->
        <test-method status="PASS" signature="setupClass()[pri:0, instance:uk.co.idealflatmate.tests.AuthorizationTests@77b52d12]" name="setupClass" is-config="true" duration-ms="25146" started-at="2018-07-13T18:00:03Z" finished-at="2018-07-13T18:00:29Z">
          <reporter-output>
          </reporter-output>
        </test-method> <!-- setupClass -->
        <test-method status="PASS" signature="SuccessSignInViaFacebook()[pri:0, instance:uk.co.idealflatmate.tests.AuthorizationTests@77b52d12]" name="SuccessSignInViaFacebook" duration-ms="42768" started-at="2018-07-13T18:00:29Z" finished-at="2018-07-13T18:01:11Z">
          <reporter-output>
          </reporter-output>
        </test-method> <!-- SuccessSignInViaFacebook -->
        <test-method status="PASS" signature="tearDown()[pri:0, instance:uk.co.idealflatmate.tests.AuthorizationTests@77b52d12]" name="tearDown" is-config="true" duration-ms="7346" started-at="2018-07-13T18:01:11Z" finished-at="2018-07-13T18:01:19Z">
          <reporter-output>
          </reporter-output>
        </test-method> <!-- tearDown -->
      </class> <!-- uk.co.idealflatmate.tests.AuthorizationTests -->
      <class name="uk.co.idealflatmate.tests.SignUpTest">
        <test-method status="PASS" signature="setupClass()[pri:0, instance:uk.co.idealflatmate.tests.SignUpTest@4157f54e]" name="setupClass" is-config="true" duration-ms="28610" started-at="2018-07-13T18:47:00Z" finished-at="2018-07-13T18:47:29Z">
          <reporter-output>
          </reporter-output>
        </test-method> <!-- setupClass -->
        <test-method status="PASS" signature="SignUpViaFacebookAgeUnder18()[pri:0, instance:uk.co.idealflatmate.tests.SignUpTest@4157f54e]" name="SignUpViaFacebookAgeUnder18" duration-ms="15000" started-at="2018-07-13T18:47:29Z" finished-at="2018-07-13T18:47:44Z">
          <reporter-output>
          </reporter-output>
        </test-method> <!-- SignUpViaFacebookAgeUnder18 -->
        <test-method status="PASS" signature="tearDown()[pri:0, instance:uk.co.idealflatmate.tests.SignUpTest@4157f54e]" name="tearDown" is-config="true" duration-ms="7385" started-at="2018-07-13T18:47:44Z" finished-at="2018-07-13T18:47:51Z">
          <reporter-output>
          </reporter-output>
        </test-method> <!-- tearDown -->
        <test-method status="PASS" signature="setupClass()[pri:0, instance:uk.co.idealflatmate.tests.SignUpTest@4157f54e]" name="setupClass" is-config="true" duration-ms="43887" started-at="2018-07-13T18:47:51Z" finished-at="2018-07-13T18:48:35Z">
          <reporter-output>
          </reporter-output>
        </test-method> <!-- setupClass -->
        <test-method status="PASS" signature="SignUpWithMatchingWithBlankRequiredFields()[pri:0, instance:uk.co.idealflatmate.tests.SignUpTest@4157f54e]" name="SignUpWithMatchingWithBlankRequiredFields" duration-ms="27061" started-at="2018-07-13T18:48:35Z" finished-at="2018-07-13T18:49:02Z">
          <reporter-output>
          </reporter-output>
        </test-method> <!-- SignUpWithMatchingWithBlankRequiredFields -->
        <test-method status="PASS" signature="tearDown()[pri:0, instance:uk.co.idealflatmate.tests.SignUpTest@4157f54e]" name="tearDown" is-config="true" duration-ms="6821" started-at="2018-07-13T18:49:02Z" finished-at="2018-07-13T18:49:09Z">
          <reporter-output>
          </reporter-output>
        </test-method> <!-- tearDown -->
        <test-method status="PASS" signature="setupClass()[pri:0, instance:uk.co.idealflatmate.tests.SignUpTest@4157f54e]" name="setupClass" is-config="true" duration-ms="30532" started-at="2018-07-13T18:49:09Z" finished-at="2018-07-13T18:49:39Z">
          <reporter-output>
          </reporter-output>
        </test-method> <!-- setupClass -->
        <test-method status="PASS" signature="SuccessfulSignUpViaFacebook()[pri:0, instance:uk.co.idealflatmate.tests.SignUpTest@4157f54e]" name="SuccessfulSignUpViaFacebook" duration-ms="44809" started-at="2018-07-13T18:49:39Z" finished-at="2018-07-13T18:50:24Z">
          <reporter-output>
          </reporter-output>
        </test-method> <!-- SuccessfulSignUpViaFacebook -->
        <test-method status="PASS" signature="tearDown()[pri:0, instance:uk.co.idealflatmate.tests.SignUpTest@4157f54e]" name="tearDown" is-config="true" duration-ms="7503" started-at="2018-07-13T18:50:24Z" finished-at="2018-07-13T18:50:32Z">
          <reporter-output>
          </reporter-output>
        </test-method> <!-- tearDown -->
        <test-method status="PASS" signature="setupClass()[pri:0, instance:uk.co.idealflatmate.tests.SignUpTest@4157f54e]" name="setupClass" is-config="true" duration-ms="259343" started-at="2018-07-13T18:50:32Z" finished-at="2018-07-13T18:54:51Z">
          <reporter-output>
          </reporter-output>
        </test-method> <!-- setupClass -->
        <test-method status="FAIL" signature="SuccessfulSignUpWithMatchingWithRequiredFields()[pri:0, instance:uk.co.idealflatmate.tests.SignUpTest@4157f54e]" name="SuccessfulSignUpWithMatchingWithRequiredFields" duration-ms="274455" started-at="2018-07-13T18:54:51Z" finished-at="2018-07-13T18:59:26Z">
          <exception class="com.codeborne.selenide.ex.ElementShould">
            <message>
              <![CDATA[Element should be visible {By.xpath: //button[@id='3' and contains(text(), 'Continue')]}
Element: '<button class="btn btn-block btn-info btn-next btn-survey" id="3" onclick="dataLayer.push({'event':'Rebelhack','eventCategory': 'pre user activation','eventAction': 'match sociability question 2 of 20 continue click','eventLabel': 'flathunter'});" type="button">Continue</button>']]>
            </message>
            <full-stacktrace>
              <![CDATA[Element should be visible {By.xpath: //button[@id='3' and contains(text(), 'Continue')]}
Element: '<button class="btn btn-block btn-info btn-next btn-survey" id="3" onclick="dataLayer.push({'event':'Rebelhack','eventCategory': 'pre user activation','eventAction': 'match sociability question 2 of 20 continue click','eventLabel': 'flathunter'});" type="button">Continue</button>'
Screenshot: file:/C:/Users/lukhovytskyi/Documents/GitHub/idealflatmatetest/build/reports/tests/1531497550525.2.png
Page source: file:/C:/Users/lukhovytskyi/Documents/GitHub/idealflatmatetest/build/reports/tests/1531497550525.2.html
Timeout: 4 s.
	at com.codeborne.selenide.impl.WebElementSource.checkCondition(WebElementSource.java:66)
	at com.codeborne.selenide.commands.Should.should(Should.java:35)
	at com.codeborne.selenide.commands.Should.execute(Should.java:29)
	at com.codeborne.selenide.commands.Should.execute(Should.java:12)
	at com.codeborne.selenide.commands.Commands.execute(Commands.java:144)
	at com.codeborne.selenide.impl.SelenideElementProxy.dispatchAndRetry(SelenideElementProxy.java:87)
	at com.codeborne.selenide.impl.SelenideElementProxy.invoke(SelenideElementProxy.java:63)
	at com.sun.proxy.$Proxy4.waitUntil(Unknown Source)
	at uk.co.idealflatmate.appmanager.MatchingHelper.clickContinueMatching2(MatchingHelper.java:27)
	at uk.co.idealflatmate.tests.SignUpTest.SuccessfulSignUpWithMatchingWithRequiredFields(SignUpTest.java:107)
	at sun.reflect.NativeMethodAccessorImpl.invoke0(Native Method)
	at sun.reflect.NativeMethodAccessorImpl.invoke(NativeMethodAccessorImpl.java:62)
	at sun.reflect.DelegatingMethodAccessorImpl.invoke(DelegatingMethodAccessorImpl.java:43)
	at java.lang.reflect.Method.invoke(Method.java:498)
	at org.testng.internal.MethodInvocationHelper.invokeMethod(MethodInvocationHelper.java:108)
	at org.testng.internal.Invoker.invokeMethod(Invoker.java:661)
	at org.testng.internal.Invoker.invokeTestMethod(Invoker.java:869)
	at org.testng.internal.Invoker.invokeTestMethods(Invoker.java:1193)
	at org.testng.internal.TestMethodWorker.invokeTestMethods(TestMethodWorker.java:126)
	at org.testng.internal.TestMethodWorker.run(TestMethodWorker.java:109)
	at java.util.concurrent.ThreadPoolExecutor.runWorker(ThreadPoolExecutor.java:1149)
	at java.util.concurrent.ThreadPoolExecutor$Worker.run(ThreadPoolExecutor.java:624)
	at java.lang.Thread.run(Thread.java:748)
]]>
            </full-stacktrace>
          </exception> <!-- com.codeborne.selenide.ex.ElementShould -->
          <reporter-output>
          </reporter-output>
        </test-method> <!-- SuccessfulSignUpWithMatchingWithRequiredFields -->
        <test-method status="PASS" signature="tearDown()[pri:0, instance:uk.co.idealflatmate.tests.SignUpTest@4157f54e]" name="tearDown" is-config="true" duration-ms="6637" started-at="2018-07-13T18:59:26Z" finished-at="2018-07-13T18:59:32Z">
          <reporter-output>
          </reporter-output>
        </test-method> <!-- tearDown -->
        <test-method status="PASS" signature="setupClass()[pri:0, instance:uk.co.idealflatmate.tests.SignUpTest@4157f54e]" name="setupClass" is-config="true" duration-ms="29996" started-at="2018-07-13T18:59:32Z" finished-at="2018-07-13T19:00:02Z">
          <reporter-output>
          </reporter-output>
        </test-method> <!-- setupClass -->
        <test-method status="PASS" signature="TestClassicSignUpWithBlankRequiredFields()[pri:0, instance:uk.co.idealflatmate.tests.SignUpTest@4157f54e]" name="TestClassicSignUpWithBlankRequiredFields" duration-ms="8090" started-at="2018-07-13T19:00:02Z" finished-at="2018-07-13T19:00:10Z">
          <reporter-output>
          </reporter-output>
        </test-method> <!-- TestClassicSignUpWithBlankRequiredFields -->
        <test-method status="PASS" signature="tearDown()[pri:0, instance:uk.co.idealflatmate.tests.SignUpTest@4157f54e]" name="tearDown" is-config="true" duration-ms="7081" started-at="2018-07-13T19:00:10Z" finished-at="2018-07-13T19:00:17Z">
          <reporter-output>
          </reporter-output>
        </test-method> <!-- tearDown -->
        <test-method status="PASS" signature="setupClass()[pri:0, instance:uk.co.idealflatmate.tests.SignUpTest@4157f54e]" name="setupClass" is-config="true" duration-ms="31170" started-at="2018-07-13T19:00:17Z" finished-at="2018-07-13T19:00:49Z">
          <reporter-output>
          </reporter-output>
        </test-method> <!-- setupClass -->
        <test-method status="PASS" signature="TestClassicSignUpWithExistingEmail()[pri:0, instance:uk.co.idealflatmate.tests.SignUpTest@4157f54e]" name="TestClassicSignUpWithExistingEmail" duration-ms="25565" started-at="2018-07-13T19:00:49Z" finished-at="2018-07-13T19:01:14Z">
          <reporter-output>
          </reporter-output>
        </test-method> <!-- TestClassicSignUpWithExistingEmail -->
        <test-method status="PASS" signature="tearDown()[pri:0, instance:uk.co.idealflatmate.tests.SignUpTest@4157f54e]" name="tearDown" is-config="true" duration-ms="7188" started-at="2018-07-13T19:01:14Z" finished-at="2018-07-13T19:01:21Z">
          <reporter-output>
          </reporter-output>
        </test-method> <!-- tearDown -->
        <test-method status="PASS" signature="setupClass()[pri:0, instance:uk.co.idealflatmate.tests.SignUpTest@4157f54e]" name="setupClass" is-config="true" duration-ms="35590" started-at="2018-07-13T19:01:21Z" finished-at="2018-07-13T19:01:57Z">
          <reporter-output>
          </reporter-output>
        </test-method> <!-- setupClass -->
        <test-method status="PASS" signature="TestSuccessfulClassicSignUp()[pri:0, instance:uk.co.idealflatmate.tests.SignUpTest@4157f54e]" name="TestSuccessfulClassicSignUp" duration-ms="54668" started-at="2018-07-13T19:01:57Z" finished-at="2018-07-13T19:02:52Z">
          <reporter-output>
          </reporter-output>
        </test-method> <!-- TestSuccessfulClassicSignUp -->
        <test-method status="PASS" signature="tearDown()[pri:0, instance:uk.co.idealflatmate.tests.SignUpTest@4157f54e]" name="tearDown" is-config="true" duration-ms="7581" started-at="2018-07-13T19:02:52Z" finished-at="2018-07-13T19:02:59Z">
          <reporter-output>
          </reporter-output>
        </test-method> <!-- tearDown -->
      </class> <!-- uk.co.idealflatmate.tests.SignUpTest -->
      <class name="uk.co.idealflatmate.tests.AddListingTests">
        <test-method status="PASS" signature="setupClass()[pri:0, instance:uk.co.idealflatmate.tests.AddListingTests@614c5515]" name="setupClass" is-config="true" duration-ms="11543" started-at="2018-07-13T17:43:58Z" finished-at="2018-07-13T17:44:09Z">
          <reporter-output>
          </reporter-output>
        </test-method> <!-- setupClass -->
        <test-method status="PASS" signature="TestSignUpSuccessfulPropertyAddingEmailVerification()[pri:0, instance:uk.co.idealflatmate.tests.AddListingTests@614c5515]" name="TestSignUpSuccessfulPropertyAddingEmailVerification" duration-ms="71792" started-at="2018-07-13T17:44:09Z" finished-at="2018-07-13T17:45:21Z">
          <reporter-output>
          </reporter-output>
        </test-method> <!-- TestSignUpSuccessfulPropertyAddingEmailVerification -->
        <test-method status="PASS" signature="tearDown()[pri:0, instance:uk.co.idealflatmate.tests.AddListingTests@614c5515]" name="tearDown" is-config="true" duration-ms="3327" started-at="2018-07-13T17:45:21Z" finished-at="2018-07-13T17:45:24Z">
          <reporter-output>
          </reporter-output>
        </test-method> <!-- tearDown -->
        <test-method status="PASS" signature="setupClass()[pri:0, instance:uk.co.idealflatmate.tests.AddListingTests@614c5515]" name="setupClass" is-config="true" duration-ms="15706" started-at="2018-07-13T17:45:24Z" finished-at="2018-07-13T17:45:40Z">
          <reporter-output>
          </reporter-output>
        </test-method> <!-- setupClass -->
        <test-method status="PASS" signature="TestSignUpWithBlankFieldsPropertyAdding()[pri:0, instance:uk.co.idealflatmate.tests.AddListingTests@614c5515]" name="TestSignUpWithBlankFieldsPropertyAdding" duration-ms="9225" started-at="2018-07-13T17:45:40Z" finished-at="2018-07-13T17:45:49Z">
          <reporter-output>
          </reporter-output>
        </test-method> <!-- TestSignUpWithBlankFieldsPropertyAdding -->
        <test-method status="PASS" signature="tearDown()[pri:0, instance:uk.co.idealflatmate.tests.AddListingTests@614c5515]" name="tearDown" is-config="true" duration-ms="6141" started-at="2018-07-13T17:45:49Z" finished-at="2018-07-13T17:45:55Z">
          <reporter-output>
          </reporter-output>
        </test-method> <!-- tearDown -->
        <test-method status="PASS" signature="setupClass()[pri:0, instance:uk.co.idealflatmate.tests.AddListingTests@614c5515]" name="setupClass" is-config="true" duration-ms="30973" started-at="2018-07-13T17:45:55Z" finished-at="2018-07-13T17:46:26Z">
          <reporter-output>
          </reporter-output>
        </test-method> <!-- setupClass -->
        <test-method status="PASS" signature="TestSuccessfulLoginStartListing()[pri:0, instance:uk.co.idealflatmate.tests.AddListingTests@614c5515]" name="TestSuccessfulLoginStartListing" duration-ms="25848" started-at="2018-07-13T17:46:26Z" finished-at="2018-07-13T17:46:52Z">
          <reporter-output>
          </reporter-output>
        </test-method> <!-- TestSuccessfulLoginStartListing -->
        <test-method status="PASS" signature="tearDown()[pri:0, instance:uk.co.idealflatmate.tests.AddListingTests@614c5515]" name="tearDown" is-config="true" duration-ms="7289" started-at="2018-07-13T17:46:52Z" finished-at="2018-07-13T17:46:59Z">
          <reporter-output>
          </reporter-output>
        </test-method> <!-- tearDown -->
        <test-method status="PASS" signature="setupClass()[pri:0, instance:uk.co.idealflatmate.tests.AddListingTests@614c5515]" name="setupClass" is-config="true" duration-ms="25508" started-at="2018-07-13T17:46:59Z" finished-at="2018-07-13T17:47:25Z">
          <reporter-output>
          </reporter-output>
        </test-method> <!-- setupClass -->
        <test-method status="FAIL" signature="TestSuccessfulPropertyAddingWithAllFields()[pri:0, instance:uk.co.idealflatmate.tests.AddListingTests@614c5515]" name="TestSuccessfulPropertyAddingWithAllFields" duration-ms="86944" started-at="2018-07-13T17:47:25Z" finished-at="2018-07-13T17:48:52Z">
          <exception class="com.codeborne.selenide.ex.ElementShould">
            <message>
              <![CDATA[Element should have text '3 rooms for rent in Bankside, South, London from
ВЈ500' {By.xpath: //h1[@class='h2 u_m0-top u_p20-bottom text-normal u_b-bottom']}
Element: '<h1 class="h2 u_m0-top u_p20-bottom text-normal u_b-bottom">3 rooms for rent in Bankside, South, London from £500
Property ref# 0023407</h1>']]>
            </message>
            <full-stacktrace>
              <![CDATA[Element should have text '3 rooms for rent in Bankside, South, London from
ВЈ500' {By.xpath: //h1[@class='h2 u_m0-top u_p20-bottom text-normal u_b-bottom']}
Element: '<h1 class="h2 u_m0-top u_p20-bottom text-normal u_b-bottom">3 rooms for rent in Bankside, South, London from £500
Property ref# 0023407</h1>'
Screenshot: file:/C:/Users/lukhovytskyi/Documents/GitHub/idealflatmatetest/build/reports/tests/1531493329375.0.png
Page source: file:/C:/Users/lukhovytskyi/Documents/GitHub/idealflatmatetest/build/reports/tests/1531493329375.0.html
Timeout: 10 s.
	at com.codeborne.selenide.impl.WebElementSource.checkCondition(WebElementSource.java:66)
	at com.codeborne.selenide.commands.Should.should(Should.java:35)
	at com.codeborne.selenide.commands.Should.execute(Should.java:29)
	at com.codeborne.selenide.commands.Should.execute(Should.java:12)
	at com.codeborne.selenide.commands.Commands.execute(Commands.java:144)
	at com.codeborne.selenide.impl.SelenideElementProxy.dispatchAndRetry(SelenideElementProxy.java:87)
	at com.codeborne.selenide.impl.SelenideElementProxy.invoke(SelenideElementProxy.java:63)
	at com.sun.proxy.$Proxy4.shouldHave(Unknown Source)
	at uk.co.idealflatmate.appmanager.VerificationHelper.verifyAddedPropertyWithAllFields(VerificationHelper.java:57)
	at uk.co.idealflatmate.tests.AddListingTests.TestSuccessfulPropertyAddingWithAllFields(AddListingTests.java:99)
	at sun.reflect.NativeMethodAccessorImpl.invoke0(Native Method)
	at sun.reflect.NativeMethodAccessorImpl.invoke(NativeMethodAccessorImpl.java:62)
	at sun.reflect.DelegatingMethodAccessorImpl.invoke(DelegatingMethodAccessorImpl.java:43)
	at java.lang.reflect.Method.invoke(Method.java:498)
	at org.testng.internal.MethodInvocationHelper.invokeMethod(MethodInvocationHelper.java:108)
	at org.testng.internal.Invoker.invokeMethod(Invoker.java:661)
	at org.testng.internal.Invoker.invokeTestMethod(Invoker.java:869)
	at org.testng.internal.Invoker.invokeTestMethods(Invoker.java:1193)
	at org.testng.internal.TestMethodWorker.invokeTestMethods(TestMethodWorker.java:126)
	at org.testng.internal.TestMethodWorker.run(TestMethodWorker.java:109)
	at java.util.concurrent.ThreadPoolExecutor.runWorker(ThreadPoolExecutor.java:1149)
	at java.util.concurrent.ThreadPoolExecutor$Worker.run(ThreadPoolExecutor.java:624)
	at java.lang.Thread.run(Thread.java:748)
]]>
            </full-stacktrace>
          </exception> <!-- com.codeborne.selenide.ex.ElementShould -->
          <reporter-output>
          </reporter-output>
        </test-method> <!-- TestSuccessfulPropertyAddingWithAllFields -->
        <test-method status="PASS" signature="tearDown()[pri:0, instance:uk.co.idealflatmate.tests.AddListingTests@614c5515]" name="tearDown" is-config="true" duration-ms="7503" started-at="2018-07-13T17:48:52Z" finished-at="2018-07-13T17:48:59Z">
          <reporter-output>
          </reporter-output>
        </test-method> <!-- tearDown -->
      </class> <!-- uk.co.idealflatmate.tests.AddListingTests -->
    </test> <!-- Surefire test -->
  </suite> <!-- Surefire suite -->
</testng-results>
